[2024-11-14T07:31:46.902+0000] {processor.py:186} INFO - Started process (PID=99) to work on /home/airflow/.local/lib/python3.12/site-packages/airflow/example_dags/example_task_group_decorator.py
[2024-11-14T07:31:46.928+0000] {processor.py:914} INFO - Processing file /home/airflow/.local/lib/python3.12/site-packages/airflow/example_dags/example_task_group_decorator.py for tasks to queue
[2024-11-14T07:31:46.946+0000] {logging_mixin.py:190} INFO - [2024-11-14T07:31:46.945+0000] {dagbag.py:588} INFO - Filling up the DagBag from /home/airflow/.local/lib/python3.12/site-packages/airflow/example_dags/example_task_group_decorator.py
[2024-11-14T07:31:47.235+0000] {processor.py:925} INFO - DAG(s) 'example_task_group_decorator' retrieved from /home/airflow/.local/lib/python3.12/site-packages/airflow/example_dags/example_task_group_decorator.py
[2024-11-14T07:31:47.702+0000] {logging_mixin.py:190} INFO - [2024-11-14T07:31:47.701+0000] {dag.py:3239} INFO - Sync 1 DAGs
[2024-11-14T07:31:47.937+0000] {logging_mixin.py:190} INFO - [2024-11-14T07:31:47.936+0000] {dag.py:4180} INFO - Setting next_dagrun for example_task_group_decorator to None, run_after=None
[2024-11-14T07:31:48.447+0000] {processor.py:208} INFO - Processing /home/airflow/.local/lib/python3.12/site-packages/airflow/example_dags/example_task_group_decorator.py took 1.600 seconds
[2024-11-14T07:32:19.407+0000] {processor.py:186} INFO - Started process (PID=168) to work on /home/airflow/.local/lib/python3.12/site-packages/airflow/example_dags/example_task_group_decorator.py
[2024-11-14T07:32:19.480+0000] {processor.py:914} INFO - Processing file /home/airflow/.local/lib/python3.12/site-packages/airflow/example_dags/example_task_group_decorator.py for tasks to queue
[2024-11-14T07:32:19.547+0000] {logging_mixin.py:190} INFO - [2024-11-14T07:32:19.521+0000] {dagbag.py:588} INFO - Filling up the DagBag from /home/airflow/.local/lib/python3.12/site-packages/airflow/example_dags/example_task_group_decorator.py
[2024-11-14T07:32:19.747+0000] {processor.py:925} INFO - DAG(s) 'example_task_group_decorator' retrieved from /home/airflow/.local/lib/python3.12/site-packages/airflow/example_dags/example_task_group_decorator.py
[2024-11-14T07:32:19.949+0000] {logging_mixin.py:190} INFO - [2024-11-14T07:32:19.948+0000] {dag.py:3239} INFO - Sync 1 DAGs
[2024-11-14T07:32:20.102+0000] {logging_mixin.py:190} INFO - [2024-11-14T07:32:20.101+0000] {dag.py:4180} INFO - Setting next_dagrun for example_task_group_decorator to None, run_after=None
[2024-11-14T07:32:20.240+0000] {processor.py:208} INFO - Processing /home/airflow/.local/lib/python3.12/site-packages/airflow/example_dags/example_task_group_decorator.py took 0.886 seconds
[2024-11-14T07:34:34.311+0000] {processor.py:186} INFO - Started process (PID=219) to work on /home/airflow/.local/lib/python3.12/site-packages/airflow/example_dags/example_task_group_decorator.py
[2024-11-14T07:34:34.338+0000] {processor.py:914} INFO - Processing file /home/airflow/.local/lib/python3.12/site-packages/airflow/example_dags/example_task_group_decorator.py for tasks to queue
[2024-11-14T07:34:34.399+0000] {logging_mixin.py:190} INFO - [2024-11-14T07:34:34.364+0000] {dagbag.py:588} INFO - Filling up the DagBag from /home/airflow/.local/lib/python3.12/site-packages/airflow/example_dags/example_task_group_decorator.py
[2024-11-14T07:34:35.799+0000] {processor.py:925} INFO - DAG(s) 'example_task_group_decorator' retrieved from /home/airflow/.local/lib/python3.12/site-packages/airflow/example_dags/example_task_group_decorator.py
[2024-11-14T07:34:37.812+0000] {logging_mixin.py:190} INFO - [2024-11-14T07:34:37.741+0000] {dag.py:3239} INFO - Sync 1 DAGs
[2024-11-14T07:34:38.522+0000] {logging_mixin.py:190} INFO - [2024-11-14T07:34:38.522+0000] {dag.py:4180} INFO - Setting next_dagrun for example_task_group_decorator to None, run_after=None
[2024-11-14T07:34:39.801+0000] {processor.py:208} INFO - Processing /home/airflow/.local/lib/python3.12/site-packages/airflow/example_dags/example_task_group_decorator.py took 5.960 seconds
[2024-11-14T07:38:51.109+0000] {processor.py:186} INFO - Started process (PID=307) to work on /home/airflow/.local/lib/python3.12/site-packages/airflow/example_dags/example_task_group_decorator.py
[2024-11-14T07:38:51.135+0000] {processor.py:914} INFO - Processing file /home/airflow/.local/lib/python3.12/site-packages/airflow/example_dags/example_task_group_decorator.py for tasks to queue
[2024-11-14T07:38:51.155+0000] {logging_mixin.py:190} INFO - [2024-11-14T07:38:51.144+0000] {dagbag.py:588} INFO - Filling up the DagBag from /home/airflow/.local/lib/python3.12/site-packages/airflow/example_dags/example_task_group_decorator.py
[2024-11-14T07:38:51.951+0000] {processor.py:925} INFO - DAG(s) 'example_task_group_decorator' retrieved from /home/airflow/.local/lib/python3.12/site-packages/airflow/example_dags/example_task_group_decorator.py
[2024-11-14T07:38:53.317+0000] {logging_mixin.py:190} INFO - [2024-11-14T07:38:53.316+0000] {dag.py:3239} INFO - Sync 1 DAGs
[2024-11-14T07:38:54.299+0000] {logging_mixin.py:190} INFO - [2024-11-14T07:38:54.298+0000] {dag.py:4180} INFO - Setting next_dagrun for example_task_group_decorator to None, run_after=None
[2024-11-14T07:38:55.423+0000] {processor.py:208} INFO - Processing /home/airflow/.local/lib/python3.12/site-packages/airflow/example_dags/example_task_group_decorator.py took 4.576 seconds
[2024-11-14T07:46:12.876+0000] {processor.py:186} INFO - Started process (PID=391) to work on /home/airflow/.local/lib/python3.12/site-packages/airflow/example_dags/example_task_group_decorator.py
[2024-11-14T07:46:12.968+0000] {processor.py:914} INFO - Processing file /home/airflow/.local/lib/python3.12/site-packages/airflow/example_dags/example_task_group_decorator.py for tasks to queue
[2024-11-14T07:46:13.203+0000] {logging_mixin.py:190} INFO - [2024-11-14T07:46:13.095+0000] {dagbag.py:588} INFO - Filling up the DagBag from /home/airflow/.local/lib/python3.12/site-packages/airflow/example_dags/example_task_group_decorator.py
[2024-11-14T07:46:15.046+0000] {processor.py:925} INFO - DAG(s) 'example_task_group_decorator' retrieved from /home/airflow/.local/lib/python3.12/site-packages/airflow/example_dags/example_task_group_decorator.py
[2024-11-14T07:46:15.989+0000] {logging_mixin.py:190} INFO - [2024-11-14T07:46:15.989+0000] {dag.py:3239} INFO - Sync 1 DAGs
[2024-11-14T07:46:17.028+0000] {logging_mixin.py:190} INFO - [2024-11-14T07:46:17.027+0000] {dag.py:4180} INFO - Setting next_dagrun for example_task_group_decorator to None, run_after=None
[2024-11-14T07:46:17.531+0000] {processor.py:208} INFO - Processing /home/airflow/.local/lib/python3.12/site-packages/airflow/example_dags/example_task_group_decorator.py took 4.864 seconds
[2024-11-14T07:49:36.554+0000] {processor.py:186} INFO - Started process (PID=490) to work on /home/airflow/.local/lib/python3.12/site-packages/airflow/example_dags/example_task_group_decorator.py
[2024-11-14T07:49:36.579+0000] {processor.py:914} INFO - Processing file /home/airflow/.local/lib/python3.12/site-packages/airflow/example_dags/example_task_group_decorator.py for tasks to queue
[2024-11-14T07:49:36.594+0000] {logging_mixin.py:190} INFO - [2024-11-14T07:49:36.587+0000] {dagbag.py:588} INFO - Filling up the DagBag from /home/airflow/.local/lib/python3.12/site-packages/airflow/example_dags/example_task_group_decorator.py
[2024-11-14T07:49:36.791+0000] {processor.py:925} INFO - DAG(s) 'example_task_group_decorator' retrieved from /home/airflow/.local/lib/python3.12/site-packages/airflow/example_dags/example_task_group_decorator.py
[2024-11-14T07:49:37.007+0000] {logging_mixin.py:190} INFO - [2024-11-14T07:49:37.006+0000] {dag.py:3239} INFO - Sync 1 DAGs
[2024-11-14T07:49:37.144+0000] {logging_mixin.py:190} INFO - [2024-11-14T07:49:37.142+0000] {dag.py:4180} INFO - Setting next_dagrun for example_task_group_decorator to None, run_after=None
[2024-11-14T07:49:37.437+0000] {processor.py:208} INFO - Processing /home/airflow/.local/lib/python3.12/site-packages/airflow/example_dags/example_task_group_decorator.py took 0.931 seconds
[2024-11-14T07:50:40.075+0000] {processor.py:186} INFO - Started process (PID=543) to work on /home/airflow/.local/lib/python3.12/site-packages/airflow/example_dags/example_task_group_decorator.py
[2024-11-14T07:50:40.082+0000] {processor.py:914} INFO - Processing file /home/airflow/.local/lib/python3.12/site-packages/airflow/example_dags/example_task_group_decorator.py for tasks to queue
[2024-11-14T07:50:40.120+0000] {logging_mixin.py:190} INFO - [2024-11-14T07:50:40.119+0000] {dagbag.py:588} INFO - Filling up the DagBag from /home/airflow/.local/lib/python3.12/site-packages/airflow/example_dags/example_task_group_decorator.py
[2024-11-14T07:50:40.378+0000] {processor.py:925} INFO - DAG(s) 'example_task_group_decorator' retrieved from /home/airflow/.local/lib/python3.12/site-packages/airflow/example_dags/example_task_group_decorator.py
[2024-11-14T07:50:40.575+0000] {logging_mixin.py:190} INFO - [2024-11-14T07:50:40.574+0000] {dag.py:3239} INFO - Sync 1 DAGs
[2024-11-14T07:50:40.684+0000] {logging_mixin.py:190} INFO - [2024-11-14T07:50:40.684+0000] {dag.py:4180} INFO - Setting next_dagrun for example_task_group_decorator to None, run_after=None
[2024-11-14T07:50:40.825+0000] {processor.py:208} INFO - Processing /home/airflow/.local/lib/python3.12/site-packages/airflow/example_dags/example_task_group_decorator.py took 0.879 seconds
[2024-11-14T07:54:08.445+0000] {processor.py:186} INFO - Started process (PID=651) to work on /home/airflow/.local/lib/python3.12/site-packages/airflow/example_dags/example_task_group_decorator.py
[2024-11-14T07:54:08.647+0000] {processor.py:914} INFO - Processing file /home/airflow/.local/lib/python3.12/site-packages/airflow/example_dags/example_task_group_decorator.py for tasks to queue
[2024-11-14T07:54:14.421+0000] {logging_mixin.py:190} INFO - [2024-11-14T07:54:13.999+0000] {dagbag.py:588} INFO - Filling up the DagBag from /home/airflow/.local/lib/python3.12/site-packages/airflow/example_dags/example_task_group_decorator.py
[2024-11-14T07:54:27.544+0000] {processor.py:925} INFO - DAG(s) 'example_task_group_decorator' retrieved from /home/airflow/.local/lib/python3.12/site-packages/airflow/example_dags/example_task_group_decorator.py
[2024-11-14T07:54:39.145+0000] {logging_mixin.py:190} INFO - [2024-11-14T07:54:38.118+0000] {dag.py:3239} INFO - Sync 1 DAGs
[2024-11-14T07:54:42.638+0000] {logging_mixin.py:190} INFO - [2024-11-14T07:54:42.635+0000] {dag.py:4180} INFO - Setting next_dagrun for example_task_group_decorator to None, run_after=None
[2024-11-14T07:54:48.717+0000] {processor.py:208} INFO - Processing /home/airflow/.local/lib/python3.12/site-packages/airflow/example_dags/example_task_group_decorator.py took 43.469 seconds
[2024-11-14T07:56:04.480+0000] {processor.py:186} INFO - Started process (PID=710) to work on /home/airflow/.local/lib/python3.12/site-packages/airflow/example_dags/example_task_group_decorator.py
[2024-11-14T07:56:04.495+0000] {processor.py:914} INFO - Processing file /home/airflow/.local/lib/python3.12/site-packages/airflow/example_dags/example_task_group_decorator.py for tasks to queue
[2024-11-14T07:56:04.500+0000] {logging_mixin.py:190} INFO - [2024-11-14T07:56:04.499+0000] {dagbag.py:588} INFO - Filling up the DagBag from /home/airflow/.local/lib/python3.12/site-packages/airflow/example_dags/example_task_group_decorator.py
[2024-11-14T07:56:04.652+0000] {processor.py:925} INFO - DAG(s) 'example_task_group_decorator' retrieved from /home/airflow/.local/lib/python3.12/site-packages/airflow/example_dags/example_task_group_decorator.py
[2024-11-14T07:56:05.010+0000] {logging_mixin.py:190} INFO - [2024-11-14T07:56:05.009+0000] {dag.py:3239} INFO - Sync 1 DAGs
[2024-11-14T07:56:05.523+0000] {logging_mixin.py:190} INFO - [2024-11-14T07:56:05.471+0000] {dag.py:4180} INFO - Setting next_dagrun for example_task_group_decorator to None, run_after=None
[2024-11-14T07:56:05.866+0000] {processor.py:208} INFO - Processing /home/airflow/.local/lib/python3.12/site-packages/airflow/example_dags/example_task_group_decorator.py took 1.444 seconds
[2024-11-14T07:57:29.029+0000] {processor.py:186} INFO - Started process (PID=760) to work on /home/airflow/.local/lib/python3.12/site-packages/airflow/example_dags/example_task_group_decorator.py
[2024-11-14T07:57:29.042+0000] {processor.py:914} INFO - Processing file /home/airflow/.local/lib/python3.12/site-packages/airflow/example_dags/example_task_group_decorator.py for tasks to queue
[2024-11-14T07:57:29.055+0000] {logging_mixin.py:190} INFO - [2024-11-14T07:57:29.053+0000] {dagbag.py:588} INFO - Filling up the DagBag from /home/airflow/.local/lib/python3.12/site-packages/airflow/example_dags/example_task_group_decorator.py
[2024-11-14T07:57:29.651+0000] {processor.py:925} INFO - DAG(s) 'example_task_group_decorator' retrieved from /home/airflow/.local/lib/python3.12/site-packages/airflow/example_dags/example_task_group_decorator.py
[2024-11-14T07:57:29.971+0000] {logging_mixin.py:190} INFO - [2024-11-14T07:57:29.970+0000] {dag.py:3239} INFO - Sync 1 DAGs
[2024-11-14T07:57:30.372+0000] {logging_mixin.py:190} INFO - [2024-11-14T07:57:30.372+0000] {dag.py:4180} INFO - Setting next_dagrun for example_task_group_decorator to None, run_after=None
[2024-11-14T07:57:31.207+0000] {processor.py:208} INFO - Processing /home/airflow/.local/lib/python3.12/site-packages/airflow/example_dags/example_task_group_decorator.py took 2.293 seconds
[2024-11-14T07:58:58.439+0000] {processor.py:186} INFO - Started process (PID=826) to work on /home/airflow/.local/lib/python3.12/site-packages/airflow/example_dags/example_task_group_decorator.py
[2024-11-14T07:58:58.451+0000] {processor.py:914} INFO - Processing file /home/airflow/.local/lib/python3.12/site-packages/airflow/example_dags/example_task_group_decorator.py for tasks to queue
[2024-11-14T07:58:58.457+0000] {logging_mixin.py:190} INFO - [2024-11-14T07:58:58.455+0000] {dagbag.py:588} INFO - Filling up the DagBag from /home/airflow/.local/lib/python3.12/site-packages/airflow/example_dags/example_task_group_decorator.py
[2024-11-14T07:58:58.570+0000] {processor.py:925} INFO - DAG(s) 'example_task_group_decorator' retrieved from /home/airflow/.local/lib/python3.12/site-packages/airflow/example_dags/example_task_group_decorator.py
[2024-11-14T07:58:58.698+0000] {logging_mixin.py:190} INFO - [2024-11-14T07:58:58.698+0000] {dag.py:3239} INFO - Sync 1 DAGs
[2024-11-14T07:58:58.813+0000] {logging_mixin.py:190} INFO - [2024-11-14T07:58:58.810+0000] {dag.py:4180} INFO - Setting next_dagrun for example_task_group_decorator to None, run_after=None
[2024-11-14T07:58:58.987+0000] {processor.py:208} INFO - Processing /home/airflow/.local/lib/python3.12/site-packages/airflow/example_dags/example_task_group_decorator.py took 0.580 seconds
[2024-11-14T08:00:54.162+0000] {processor.py:186} INFO - Started process (PID=912) to work on /home/airflow/.local/lib/python3.12/site-packages/airflow/example_dags/example_task_group_decorator.py
[2024-11-14T08:00:54.187+0000] {processor.py:914} INFO - Processing file /home/airflow/.local/lib/python3.12/site-packages/airflow/example_dags/example_task_group_decorator.py for tasks to queue
[2024-11-14T08:00:54.262+0000] {logging_mixin.py:190} INFO - [2024-11-14T08:00:54.260+0000] {dagbag.py:588} INFO - Filling up the DagBag from /home/airflow/.local/lib/python3.12/site-packages/airflow/example_dags/example_task_group_decorator.py
[2024-11-14T08:00:55.373+0000] {processor.py:925} INFO - DAG(s) 'example_task_group_decorator' retrieved from /home/airflow/.local/lib/python3.12/site-packages/airflow/example_dags/example_task_group_decorator.py
[2024-11-14T08:00:58.519+0000] {logging_mixin.py:190} INFO - [2024-11-14T08:00:58.491+0000] {dag.py:3239} INFO - Sync 1 DAGs
[2024-11-14T08:00:58.965+0000] {logging_mixin.py:190} INFO - [2024-11-14T08:00:58.964+0000] {dag.py:4180} INFO - Setting next_dagrun for example_task_group_decorator to None, run_after=None
[2024-11-14T08:00:59.397+0000] {processor.py:208} INFO - Processing /home/airflow/.local/lib/python3.12/site-packages/airflow/example_dags/example_task_group_decorator.py took 5.449 seconds
[2024-11-14T08:02:12.224+0000] {processor.py:186} INFO - Started process (PID=974) to work on /home/airflow/.local/lib/python3.12/site-packages/airflow/example_dags/example_task_group_decorator.py
[2024-11-14T08:02:12.279+0000] {processor.py:914} INFO - Processing file /home/airflow/.local/lib/python3.12/site-packages/airflow/example_dags/example_task_group_decorator.py for tasks to queue
[2024-11-14T08:02:12.288+0000] {logging_mixin.py:190} INFO - [2024-11-14T08:02:12.286+0000] {dagbag.py:588} INFO - Filling up the DagBag from /home/airflow/.local/lib/python3.12/site-packages/airflow/example_dags/example_task_group_decorator.py
[2024-11-14T08:02:13.445+0000] {processor.py:925} INFO - DAG(s) 'example_task_group_decorator' retrieved from /home/airflow/.local/lib/python3.12/site-packages/airflow/example_dags/example_task_group_decorator.py
[2024-11-14T08:02:14.053+0000] {logging_mixin.py:190} INFO - [2024-11-14T08:02:14.052+0000] {dag.py:3239} INFO - Sync 1 DAGs
[2024-11-14T08:02:14.537+0000] {logging_mixin.py:190} INFO - [2024-11-14T08:02:14.536+0000] {dag.py:4180} INFO - Setting next_dagrun for example_task_group_decorator to None, run_after=None
[2024-11-14T08:02:15.184+0000] {processor.py:208} INFO - Processing /home/airflow/.local/lib/python3.12/site-packages/airflow/example_dags/example_task_group_decorator.py took 3.038 seconds
[2024-11-14T08:04:49.267+0000] {processor.py:186} INFO - Started process (PID=1034) to work on /home/airflow/.local/lib/python3.12/site-packages/airflow/example_dags/example_task_group_decorator.py
[2024-11-14T08:04:49.277+0000] {processor.py:914} INFO - Processing file /home/airflow/.local/lib/python3.12/site-packages/airflow/example_dags/example_task_group_decorator.py for tasks to queue
[2024-11-14T08:04:49.281+0000] {logging_mixin.py:190} INFO - [2024-11-14T08:04:49.280+0000] {dagbag.py:588} INFO - Filling up the DagBag from /home/airflow/.local/lib/python3.12/site-packages/airflow/example_dags/example_task_group_decorator.py
[2024-11-14T08:04:49.700+0000] {processor.py:925} INFO - DAG(s) 'example_task_group_decorator' retrieved from /home/airflow/.local/lib/python3.12/site-packages/airflow/example_dags/example_task_group_decorator.py
[2024-11-14T08:04:50.279+0000] {logging_mixin.py:190} INFO - [2024-11-14T08:04:50.239+0000] {dag.py:3239} INFO - Sync 1 DAGs
[2024-11-14T08:04:50.392+0000] {logging_mixin.py:190} INFO - [2024-11-14T08:04:50.391+0000] {dag.py:4180} INFO - Setting next_dagrun for example_task_group_decorator to None, run_after=None
[2024-11-14T08:04:50.599+0000] {processor.py:208} INFO - Processing /home/airflow/.local/lib/python3.12/site-packages/airflow/example_dags/example_task_group_decorator.py took 1.402 seconds
[2024-11-14T08:09:26.841+0000] {processor.py:186} INFO - Started process (PID=1132) to work on /home/airflow/.local/lib/python3.12/site-packages/airflow/example_dags/example_task_group_decorator.py
[2024-11-14T08:09:27.087+0000] {processor.py:914} INFO - Processing file /home/airflow/.local/lib/python3.12/site-packages/airflow/example_dags/example_task_group_decorator.py for tasks to queue
[2024-11-14T08:09:27.536+0000] {logging_mixin.py:190} INFO - [2024-11-14T08:09:27.145+0000] {dagbag.py:588} INFO - Filling up the DagBag from /home/airflow/.local/lib/python3.12/site-packages/airflow/example_dags/example_task_group_decorator.py
[2024-11-14T08:09:30.676+0000] {processor.py:925} INFO - DAG(s) 'example_task_group_decorator' retrieved from /home/airflow/.local/lib/python3.12/site-packages/airflow/example_dags/example_task_group_decorator.py
[2024-11-14T08:09:36.869+0000] {logging_mixin.py:190} INFO - [2024-11-14T08:09:36.868+0000] {dag.py:3239} INFO - Sync 1 DAGs
[2024-11-14T08:09:41.223+0000] {logging_mixin.py:190} INFO - [2024-11-14T08:09:41.222+0000] {dag.py:4180} INFO - Setting next_dagrun for example_task_group_decorator to None, run_after=None
[2024-11-14T08:09:43.228+0000] {processor.py:208} INFO - Processing /home/airflow/.local/lib/python3.12/site-packages/airflow/example_dags/example_task_group_decorator.py took 16.870 seconds
[2024-11-14T08:15:42.832+0000] {processor.py:186} INFO - Started process (PID=1200) to work on /home/airflow/.local/lib/python3.12/site-packages/airflow/example_dags/example_task_group_decorator.py
[2024-11-14T08:15:43.023+0000] {processor.py:914} INFO - Processing file /home/airflow/.local/lib/python3.12/site-packages/airflow/example_dags/example_task_group_decorator.py for tasks to queue
[2024-11-14T08:15:43.214+0000] {logging_mixin.py:190} INFO - [2024-11-14T08:15:43.212+0000] {dagbag.py:588} INFO - Filling up the DagBag from /home/airflow/.local/lib/python3.12/site-packages/airflow/example_dags/example_task_group_decorator.py
[2024-11-14T08:15:45.195+0000] {processor.py:925} INFO - DAG(s) 'example_task_group_decorator' retrieved from /home/airflow/.local/lib/python3.12/site-packages/airflow/example_dags/example_task_group_decorator.py
[2024-11-14T08:15:48.001+0000] {logging_mixin.py:190} INFO - [2024-11-14T08:15:48.000+0000] {dag.py:3239} INFO - Sync 1 DAGs
[2024-11-14T08:15:49.190+0000] {logging_mixin.py:190} INFO - [2024-11-14T08:15:49.188+0000] {dag.py:4180} INFO - Setting next_dagrun for example_task_group_decorator to None, run_after=None
[2024-11-14T08:15:50.488+0000] {processor.py:208} INFO - Processing /home/airflow/.local/lib/python3.12/site-packages/airflow/example_dags/example_task_group_decorator.py took 8.283 seconds
[2024-11-14T08:28:03.727+0000] {processor.py:186} INFO - Started process (PID=1375) to work on /home/airflow/.local/lib/python3.12/site-packages/airflow/example_dags/example_task_group_decorator.py
[2024-11-14T08:28:04.102+0000] {processor.py:914} INFO - Processing file /home/airflow/.local/lib/python3.12/site-packages/airflow/example_dags/example_task_group_decorator.py for tasks to queue
[2024-11-14T08:28:05.282+0000] {logging_mixin.py:190} INFO - [2024-11-14T08:28:04.869+0000] {dagbag.py:588} INFO - Filling up the DagBag from /home/airflow/.local/lib/python3.12/site-packages/airflow/example_dags/example_task_group_decorator.py
[2024-11-14T08:28:16.898+0000] {processor.py:925} INFO - DAG(s) 'example_task_group_decorator' retrieved from /home/airflow/.local/lib/python3.12/site-packages/airflow/example_dags/example_task_group_decorator.py
[2024-11-14T08:28:29.210+0000] {logging_mixin.py:190} INFO - [2024-11-14T08:28:29.207+0000] {dag.py:3239} INFO - Sync 1 DAGs
[2024-11-14T08:28:34.892+0000] {logging_mixin.py:190} INFO - [2024-11-14T08:28:34.890+0000] {dag.py:4180} INFO - Setting next_dagrun for example_task_group_decorator to None, run_after=None
[2024-11-14T08:28:36.775+0000] {processor.py:208} INFO - Processing /home/airflow/.local/lib/python3.12/site-packages/airflow/example_dags/example_task_group_decorator.py took 35.745 seconds
[2024-11-14T08:42:37.736+0000] {processor.py:186} INFO - Started process (PID=1506) to work on /home/airflow/.local/lib/python3.12/site-packages/airflow/example_dags/example_task_group_decorator.py
[2024-11-14T08:42:37.744+0000] {processor.py:914} INFO - Processing file /home/airflow/.local/lib/python3.12/site-packages/airflow/example_dags/example_task_group_decorator.py for tasks to queue
[2024-11-14T08:42:37.762+0000] {logging_mixin.py:190} INFO - [2024-11-14T08:42:37.760+0000] {dagbag.py:588} INFO - Filling up the DagBag from /home/airflow/.local/lib/python3.12/site-packages/airflow/example_dags/example_task_group_decorator.py
[2024-11-14T08:42:38.763+0000] {processor.py:925} INFO - DAG(s) 'example_task_group_decorator' retrieved from /home/airflow/.local/lib/python3.12/site-packages/airflow/example_dags/example_task_group_decorator.py
[2024-11-14T08:42:40.625+0000] {logging_mixin.py:190} INFO - [2024-11-14T08:42:40.617+0000] {dag.py:3239} INFO - Sync 1 DAGs
[2024-11-14T08:42:42.277+0000] {logging_mixin.py:190} INFO - [2024-11-14T08:42:42.276+0000] {dag.py:4180} INFO - Setting next_dagrun for example_task_group_decorator to None, run_after=None
[2024-11-14T08:42:47.197+0000] {processor.py:208} INFO - Processing /home/airflow/.local/lib/python3.12/site-packages/airflow/example_dags/example_task_group_decorator.py took 9.553 seconds
[2024-11-14T09:20:11.984+0000] {processor.py:186} INFO - Started process (PID=192) to work on /home/airflow/.local/lib/python3.12/site-packages/airflow/example_dags/example_task_group_decorator.py
[2024-11-14T09:20:11.989+0000] {processor.py:914} INFO - Processing file /home/airflow/.local/lib/python3.12/site-packages/airflow/example_dags/example_task_group_decorator.py for tasks to queue
[2024-11-14T09:20:12.070+0000] {logging_mixin.py:190} INFO - [2024-11-14T09:20:12.068+0000] {dagbag.py:588} INFO - Filling up the DagBag from /home/airflow/.local/lib/python3.12/site-packages/airflow/example_dags/example_task_group_decorator.py
[2024-11-14T09:20:12.689+0000] {processor.py:925} INFO - DAG(s) 'example_task_group_decorator' retrieved from /home/airflow/.local/lib/python3.12/site-packages/airflow/example_dags/example_task_group_decorator.py
[2024-11-14T09:20:13.946+0000] {logging_mixin.py:190} INFO - [2024-11-14T09:20:13.944+0000] {dag.py:3239} INFO - Sync 1 DAGs
[2024-11-14T09:20:14.211+0000] {logging_mixin.py:190} INFO - [2024-11-14T09:20:14.209+0000] {dag.py:4180} INFO - Setting next_dagrun for example_task_group_decorator to None, run_after=None
[2024-11-14T09:20:14.862+0000] {processor.py:208} INFO - Processing /home/airflow/.local/lib/python3.12/site-packages/airflow/example_dags/example_task_group_decorator.py took 3.055 seconds
[2024-11-14T09:21:47.119+0000] {processor.py:186} INFO - Started process (PID=267) to work on /home/airflow/.local/lib/python3.12/site-packages/airflow/example_dags/example_task_group_decorator.py
[2024-11-14T09:21:47.165+0000] {processor.py:914} INFO - Processing file /home/airflow/.local/lib/python3.12/site-packages/airflow/example_dags/example_task_group_decorator.py for tasks to queue
[2024-11-14T09:21:47.200+0000] {logging_mixin.py:190} INFO - [2024-11-14T09:21:47.198+0000] {dagbag.py:588} INFO - Filling up the DagBag from /home/airflow/.local/lib/python3.12/site-packages/airflow/example_dags/example_task_group_decorator.py
[2024-11-14T09:21:47.640+0000] {processor.py:925} INFO - DAG(s) 'example_task_group_decorator' retrieved from /home/airflow/.local/lib/python3.12/site-packages/airflow/example_dags/example_task_group_decorator.py
[2024-11-14T09:21:48.300+0000] {logging_mixin.py:190} INFO - [2024-11-14T09:21:48.299+0000] {dag.py:3239} INFO - Sync 1 DAGs
[2024-11-14T09:21:48.578+0000] {logging_mixin.py:190} INFO - [2024-11-14T09:21:48.578+0000] {dag.py:4180} INFO - Setting next_dagrun for example_task_group_decorator to None, run_after=None
[2024-11-14T09:21:48.947+0000] {processor.py:208} INFO - Processing /home/airflow/.local/lib/python3.12/site-packages/airflow/example_dags/example_task_group_decorator.py took 1.898 seconds
[2024-11-14T09:23:43.449+0000] {processor.py:186} INFO - Started process (PID=359) to work on /home/airflow/.local/lib/python3.12/site-packages/airflow/example_dags/example_task_group_decorator.py
[2024-11-14T09:23:43.493+0000] {processor.py:914} INFO - Processing file /home/airflow/.local/lib/python3.12/site-packages/airflow/example_dags/example_task_group_decorator.py for tasks to queue
[2024-11-14T09:23:43.511+0000] {logging_mixin.py:190} INFO - [2024-11-14T09:23:43.510+0000] {dagbag.py:588} INFO - Filling up the DagBag from /home/airflow/.local/lib/python3.12/site-packages/airflow/example_dags/example_task_group_decorator.py
[2024-11-14T09:23:43.899+0000] {processor.py:925} INFO - DAG(s) 'example_task_group_decorator' retrieved from /home/airflow/.local/lib/python3.12/site-packages/airflow/example_dags/example_task_group_decorator.py
[2024-11-14T09:23:44.367+0000] {logging_mixin.py:190} INFO - [2024-11-14T09:23:44.366+0000] {dag.py:3239} INFO - Sync 1 DAGs
[2024-11-14T09:23:45.484+0000] {logging_mixin.py:190} INFO - [2024-11-14T09:23:45.483+0000] {dag.py:4180} INFO - Setting next_dagrun for example_task_group_decorator to None, run_after=None
[2024-11-14T09:23:46.392+0000] {processor.py:208} INFO - Processing /home/airflow/.local/lib/python3.12/site-packages/airflow/example_dags/example_task_group_decorator.py took 3.025 seconds
[2024-11-14T09:25:09.519+0000] {processor.py:186} INFO - Started process (PID=413) to work on /home/airflow/.local/lib/python3.12/site-packages/airflow/example_dags/example_task_group_decorator.py
[2024-11-14T09:25:10.172+0000] {processor.py:914} INFO - Processing file /home/airflow/.local/lib/python3.12/site-packages/airflow/example_dags/example_task_group_decorator.py for tasks to queue
[2024-11-14T09:25:10.182+0000] {logging_mixin.py:190} INFO - [2024-11-14T09:25:10.181+0000] {dagbag.py:588} INFO - Filling up the DagBag from /home/airflow/.local/lib/python3.12/site-packages/airflow/example_dags/example_task_group_decorator.py
[2024-11-14T09:25:10.503+0000] {processor.py:925} INFO - DAG(s) 'example_task_group_decorator' retrieved from /home/airflow/.local/lib/python3.12/site-packages/airflow/example_dags/example_task_group_decorator.py
[2024-11-14T09:25:10.803+0000] {logging_mixin.py:190} INFO - [2024-11-14T09:25:10.802+0000] {dag.py:3239} INFO - Sync 1 DAGs
[2024-11-14T09:25:11.055+0000] {logging_mixin.py:190} INFO - [2024-11-14T09:25:11.054+0000] {dag.py:4180} INFO - Setting next_dagrun for example_task_group_decorator to None, run_after=None
[2024-11-14T09:25:11.493+0000] {processor.py:208} INFO - Processing /home/airflow/.local/lib/python3.12/site-packages/airflow/example_dags/example_task_group_decorator.py took 2.058 seconds
[2024-11-14T09:27:06.459+0000] {processor.py:186} INFO - Started process (PID=507) to work on /home/airflow/.local/lib/python3.12/site-packages/airflow/example_dags/example_task_group_decorator.py
[2024-11-14T09:27:06.464+0000] {processor.py:914} INFO - Processing file /home/airflow/.local/lib/python3.12/site-packages/airflow/example_dags/example_task_group_decorator.py for tasks to queue
[2024-11-14T09:27:06.480+0000] {logging_mixin.py:190} INFO - [2024-11-14T09:27:06.478+0000] {dagbag.py:588} INFO - Filling up the DagBag from /home/airflow/.local/lib/python3.12/site-packages/airflow/example_dags/example_task_group_decorator.py
[2024-11-14T09:27:06.870+0000] {processor.py:925} INFO - DAG(s) 'example_task_group_decorator' retrieved from /home/airflow/.local/lib/python3.12/site-packages/airflow/example_dags/example_task_group_decorator.py
[2024-11-14T09:27:08.470+0000] {logging_mixin.py:190} INFO - [2024-11-14T09:27:08.469+0000] {dag.py:3239} INFO - Sync 1 DAGs
[2024-11-14T09:27:09.436+0000] {logging_mixin.py:190} INFO - [2024-11-14T09:27:09.435+0000] {dag.py:4180} INFO - Setting next_dagrun for example_task_group_decorator to None, run_after=None
[2024-11-14T09:27:10.428+0000] {processor.py:208} INFO - Processing /home/airflow/.local/lib/python3.12/site-packages/airflow/example_dags/example_task_group_decorator.py took 4.098 seconds
[2024-11-14T09:28:23.876+0000] {processor.py:186} INFO - Started process (PID=558) to work on /home/airflow/.local/lib/python3.12/site-packages/airflow/example_dags/example_task_group_decorator.py
[2024-11-14T09:28:23.935+0000] {processor.py:914} INFO - Processing file /home/airflow/.local/lib/python3.12/site-packages/airflow/example_dags/example_task_group_decorator.py for tasks to queue
[2024-11-14T09:28:23.985+0000] {logging_mixin.py:190} INFO - [2024-11-14T09:28:23.959+0000] {dagbag.py:588} INFO - Filling up the DagBag from /home/airflow/.local/lib/python3.12/site-packages/airflow/example_dags/example_task_group_decorator.py
[2024-11-14T09:28:24.549+0000] {processor.py:925} INFO - DAG(s) 'example_task_group_decorator' retrieved from /home/airflow/.local/lib/python3.12/site-packages/airflow/example_dags/example_task_group_decorator.py
[2024-11-14T09:28:25.550+0000] {logging_mixin.py:190} INFO - [2024-11-14T09:28:25.444+0000] {dag.py:3239} INFO - Sync 1 DAGs
[2024-11-14T09:28:26.556+0000] {logging_mixin.py:190} INFO - [2024-11-14T09:28:26.499+0000] {dag.py:4180} INFO - Setting next_dagrun for example_task_group_decorator to None, run_after=None
[2024-11-14T09:28:27.181+0000] {processor.py:208} INFO - Processing /home/airflow/.local/lib/python3.12/site-packages/airflow/example_dags/example_task_group_decorator.py took 3.410 seconds
[2024-11-14T09:29:21.366+0000] {processor.py:186} INFO - Started process (PID=611) to work on /home/airflow/.local/lib/python3.12/site-packages/airflow/example_dags/example_task_group_decorator.py
[2024-11-14T09:29:21.395+0000] {processor.py:914} INFO - Processing file /home/airflow/.local/lib/python3.12/site-packages/airflow/example_dags/example_task_group_decorator.py for tasks to queue
[2024-11-14T09:29:21.441+0000] {logging_mixin.py:190} INFO - [2024-11-14T09:29:21.423+0000] {dagbag.py:588} INFO - Filling up the DagBag from /home/airflow/.local/lib/python3.12/site-packages/airflow/example_dags/example_task_group_decorator.py
[2024-11-14T09:29:21.823+0000] {processor.py:925} INFO - DAG(s) 'example_task_group_decorator' retrieved from /home/airflow/.local/lib/python3.12/site-packages/airflow/example_dags/example_task_group_decorator.py
[2024-11-14T09:29:22.405+0000] {logging_mixin.py:190} INFO - [2024-11-14T09:29:22.404+0000] {dag.py:3239} INFO - Sync 1 DAGs
[2024-11-14T09:29:22.585+0000] {logging_mixin.py:190} INFO - [2024-11-14T09:29:22.584+0000] {dag.py:4180} INFO - Setting next_dagrun for example_task_group_decorator to None, run_after=None
[2024-11-14T09:29:22.895+0000] {processor.py:208} INFO - Processing /home/airflow/.local/lib/python3.12/site-packages/airflow/example_dags/example_task_group_decorator.py took 1.610 seconds
[2024-11-14T09:32:16.797+0000] {processor.py:186} INFO - Started process (PID=699) to work on /home/airflow/.local/lib/python3.12/site-packages/airflow/example_dags/example_task_group_decorator.py
[2024-11-14T09:32:16.928+0000] {processor.py:914} INFO - Processing file /home/airflow/.local/lib/python3.12/site-packages/airflow/example_dags/example_task_group_decorator.py for tasks to queue
[2024-11-14T09:32:17.289+0000] {logging_mixin.py:190} INFO - [2024-11-14T09:32:17.167+0000] {dagbag.py:588} INFO - Filling up the DagBag from /home/airflow/.local/lib/python3.12/site-packages/airflow/example_dags/example_task_group_decorator.py
[2024-11-14T09:32:19.809+0000] {processor.py:925} INFO - DAG(s) 'example_task_group_decorator' retrieved from /home/airflow/.local/lib/python3.12/site-packages/airflow/example_dags/example_task_group_decorator.py
[2024-11-14T09:32:22.349+0000] {logging_mixin.py:190} INFO - [2024-11-14T09:32:22.326+0000] {dag.py:3239} INFO - Sync 1 DAGs
[2024-11-14T09:32:23.588+0000] {logging_mixin.py:190} INFO - [2024-11-14T09:32:23.586+0000] {dag.py:4180} INFO - Setting next_dagrun for example_task_group_decorator to None, run_after=None
[2024-11-14T09:32:27.734+0000] {processor.py:208} INFO - Processing /home/airflow/.local/lib/python3.12/site-packages/airflow/example_dags/example_task_group_decorator.py took 11.382 seconds
[2024-11-14T09:34:51.427+0000] {processor.py:186} INFO - Started process (PID=775) to work on /home/airflow/.local/lib/python3.12/site-packages/airflow/example_dags/example_task_group_decorator.py
[2024-11-14T09:34:51.440+0000] {processor.py:914} INFO - Processing file /home/airflow/.local/lib/python3.12/site-packages/airflow/example_dags/example_task_group_decorator.py for tasks to queue
[2024-11-14T09:34:51.535+0000] {logging_mixin.py:190} INFO - [2024-11-14T09:34:51.473+0000] {dagbag.py:588} INFO - Filling up the DagBag from /home/airflow/.local/lib/python3.12/site-packages/airflow/example_dags/example_task_group_decorator.py
[2024-11-14T09:34:51.850+0000] {processor.py:925} INFO - DAG(s) 'example_task_group_decorator' retrieved from /home/airflow/.local/lib/python3.12/site-packages/airflow/example_dags/example_task_group_decorator.py
[2024-11-14T09:34:52.137+0000] {logging_mixin.py:190} INFO - [2024-11-14T09:34:52.126+0000] {dag.py:3239} INFO - Sync 1 DAGs
[2024-11-14T09:34:52.352+0000] {logging_mixin.py:190} INFO - [2024-11-14T09:34:52.340+0000] {dag.py:4180} INFO - Setting next_dagrun for example_task_group_decorator to None, run_after=None
[2024-11-14T09:34:52.864+0000] {processor.py:208} INFO - Processing /home/airflow/.local/lib/python3.12/site-packages/airflow/example_dags/example_task_group_decorator.py took 1.562 seconds
[2024-11-14T09:36:27.405+0000] {processor.py:186} INFO - Started process (PID=836) to work on /home/airflow/.local/lib/python3.12/site-packages/airflow/example_dags/example_task_group_decorator.py
[2024-11-14T09:36:27.422+0000] {processor.py:914} INFO - Processing file /home/airflow/.local/lib/python3.12/site-packages/airflow/example_dags/example_task_group_decorator.py for tasks to queue
[2024-11-14T09:36:27.507+0000] {logging_mixin.py:190} INFO - [2024-11-14T09:36:27.505+0000] {dagbag.py:588} INFO - Filling up the DagBag from /home/airflow/.local/lib/python3.12/site-packages/airflow/example_dags/example_task_group_decorator.py
[2024-11-14T09:36:28.281+0000] {processor.py:925} INFO - DAG(s) 'example_task_group_decorator' retrieved from /home/airflow/.local/lib/python3.12/site-packages/airflow/example_dags/example_task_group_decorator.py
[2024-11-14T09:36:30.028+0000] {logging_mixin.py:190} INFO - [2024-11-14T09:36:29.946+0000] {dag.py:3239} INFO - Sync 1 DAGs
[2024-11-14T09:36:30.879+0000] {logging_mixin.py:190} INFO - [2024-11-14T09:36:30.878+0000] {dag.py:4180} INFO - Setting next_dagrun for example_task_group_decorator to None, run_after=None
[2024-11-14T09:36:31.885+0000] {processor.py:208} INFO - Processing /home/airflow/.local/lib/python3.12/site-packages/airflow/example_dags/example_task_group_decorator.py took 5.268 seconds
[2024-11-14T09:39:42.499+0000] {processor.py:186} INFO - Started process (PID=917) to work on /home/airflow/.local/lib/python3.12/site-packages/airflow/example_dags/example_task_group_decorator.py
[2024-11-14T09:39:42.516+0000] {processor.py:914} INFO - Processing file /home/airflow/.local/lib/python3.12/site-packages/airflow/example_dags/example_task_group_decorator.py for tasks to queue
[2024-11-14T09:39:42.588+0000] {logging_mixin.py:190} INFO - [2024-11-14T09:39:42.584+0000] {dagbag.py:588} INFO - Filling up the DagBag from /home/airflow/.local/lib/python3.12/site-packages/airflow/example_dags/example_task_group_decorator.py
[2024-11-14T09:39:43.235+0000] {processor.py:925} INFO - DAG(s) 'example_task_group_decorator' retrieved from /home/airflow/.local/lib/python3.12/site-packages/airflow/example_dags/example_task_group_decorator.py
[2024-11-14T09:39:44.590+0000] {logging_mixin.py:190} INFO - [2024-11-14T09:39:44.589+0000] {dag.py:3239} INFO - Sync 1 DAGs
[2024-11-14T09:39:44.961+0000] {logging_mixin.py:190} INFO - [2024-11-14T09:39:44.960+0000] {dag.py:4180} INFO - Setting next_dagrun for example_task_group_decorator to None, run_after=None
[2024-11-14T09:39:45.371+0000] {processor.py:208} INFO - Processing /home/airflow/.local/lib/python3.12/site-packages/airflow/example_dags/example_task_group_decorator.py took 3.177 seconds
[2024-11-14T09:41:56.266+0000] {processor.py:186} INFO - Started process (PID=985) to work on /home/airflow/.local/lib/python3.12/site-packages/airflow/example_dags/example_task_group_decorator.py
[2024-11-14T09:41:56.306+0000] {processor.py:914} INFO - Processing file /home/airflow/.local/lib/python3.12/site-packages/airflow/example_dags/example_task_group_decorator.py for tasks to queue
[2024-11-14T09:41:56.395+0000] {logging_mixin.py:190} INFO - [2024-11-14T09:41:56.374+0000] {dagbag.py:588} INFO - Filling up the DagBag from /home/airflow/.local/lib/python3.12/site-packages/airflow/example_dags/example_task_group_decorator.py
[2024-11-14T09:41:57.217+0000] {processor.py:925} INFO - DAG(s) 'example_task_group_decorator' retrieved from /home/airflow/.local/lib/python3.12/site-packages/airflow/example_dags/example_task_group_decorator.py
[2024-11-14T09:41:58.129+0000] {logging_mixin.py:190} INFO - [2024-11-14T09:41:58.127+0000] {dag.py:3239} INFO - Sync 1 DAGs
[2024-11-14T09:41:58.611+0000] {logging_mixin.py:190} INFO - [2024-11-14T09:41:58.597+0000] {dag.py:4180} INFO - Setting next_dagrun for example_task_group_decorator to None, run_after=None
[2024-11-14T09:41:59.974+0000] {processor.py:208} INFO - Processing /home/airflow/.local/lib/python3.12/site-packages/airflow/example_dags/example_task_group_decorator.py took 3.930 seconds
[2024-11-14T09:44:07.365+0000] {processor.py:186} INFO - Started process (PID=1053) to work on /home/airflow/.local/lib/python3.12/site-packages/airflow/example_dags/example_task_group_decorator.py
[2024-11-14T09:44:07.370+0000] {processor.py:914} INFO - Processing file /home/airflow/.local/lib/python3.12/site-packages/airflow/example_dags/example_task_group_decorator.py for tasks to queue
[2024-11-14T09:44:07.475+0000] {logging_mixin.py:190} INFO - [2024-11-14T09:44:07.402+0000] {dagbag.py:588} INFO - Filling up the DagBag from /home/airflow/.local/lib/python3.12/site-packages/airflow/example_dags/example_task_group_decorator.py
[2024-11-14T09:44:08.729+0000] {processor.py:925} INFO - DAG(s) 'example_task_group_decorator' retrieved from /home/airflow/.local/lib/python3.12/site-packages/airflow/example_dags/example_task_group_decorator.py
[2024-11-14T09:44:09.380+0000] {logging_mixin.py:190} INFO - [2024-11-14T09:44:09.379+0000] {dag.py:3239} INFO - Sync 1 DAGs
[2024-11-14T09:44:09.582+0000] {logging_mixin.py:190} INFO - [2024-11-14T09:44:09.571+0000] {dag.py:4180} INFO - Setting next_dagrun for example_task_group_decorator to None, run_after=None
[2024-11-14T09:44:09.924+0000] {processor.py:208} INFO - Processing /home/airflow/.local/lib/python3.12/site-packages/airflow/example_dags/example_task_group_decorator.py took 2.678 seconds
[2024-11-14T09:46:17.959+0000] {processor.py:186} INFO - Started process (PID=1124) to work on /home/airflow/.local/lib/python3.12/site-packages/airflow/example_dags/example_task_group_decorator.py
[2024-11-14T09:46:17.987+0000] {processor.py:914} INFO - Processing file /home/airflow/.local/lib/python3.12/site-packages/airflow/example_dags/example_task_group_decorator.py for tasks to queue
[2024-11-14T09:46:18.022+0000] {logging_mixin.py:190} INFO - [2024-11-14T09:46:18.020+0000] {dagbag.py:588} INFO - Filling up the DagBag from /home/airflow/.local/lib/python3.12/site-packages/airflow/example_dags/example_task_group_decorator.py
[2024-11-14T09:46:18.228+0000] {processor.py:925} INFO - DAG(s) 'example_task_group_decorator' retrieved from /home/airflow/.local/lib/python3.12/site-packages/airflow/example_dags/example_task_group_decorator.py
[2024-11-14T09:46:18.920+0000] {logging_mixin.py:190} INFO - [2024-11-14T09:46:18.881+0000] {dag.py:3239} INFO - Sync 1 DAGs
[2024-11-14T09:46:19.316+0000] {logging_mixin.py:190} INFO - [2024-11-14T09:46:19.315+0000] {dag.py:4180} INFO - Setting next_dagrun for example_task_group_decorator to None, run_after=None
[2024-11-14T09:46:19.586+0000] {processor.py:208} INFO - Processing /home/airflow/.local/lib/python3.12/site-packages/airflow/example_dags/example_task_group_decorator.py took 1.683 seconds
[2024-11-14T09:47:16.674+0000] {processor.py:186} INFO - Started process (PID=1180) to work on /home/airflow/.local/lib/python3.12/site-packages/airflow/example_dags/example_task_group_decorator.py
[2024-11-14T09:47:16.731+0000] {processor.py:914} INFO - Processing file /home/airflow/.local/lib/python3.12/site-packages/airflow/example_dags/example_task_group_decorator.py for tasks to queue
[2024-11-14T09:47:16.803+0000] {logging_mixin.py:190} INFO - [2024-11-14T09:47:16.801+0000] {dagbag.py:588} INFO - Filling up the DagBag from /home/airflow/.local/lib/python3.12/site-packages/airflow/example_dags/example_task_group_decorator.py
[2024-11-14T09:47:17.043+0000] {processor.py:925} INFO - DAG(s) 'example_task_group_decorator' retrieved from /home/airflow/.local/lib/python3.12/site-packages/airflow/example_dags/example_task_group_decorator.py
[2024-11-14T09:47:17.323+0000] {logging_mixin.py:190} INFO - [2024-11-14T09:47:17.322+0000] {dag.py:3239} INFO - Sync 1 DAGs
[2024-11-14T09:47:17.654+0000] {logging_mixin.py:190} INFO - [2024-11-14T09:47:17.653+0000] {dag.py:4180} INFO - Setting next_dagrun for example_task_group_decorator to None, run_after=None
[2024-11-14T09:47:17.908+0000] {processor.py:208} INFO - Processing /home/airflow/.local/lib/python3.12/site-packages/airflow/example_dags/example_task_group_decorator.py took 1.311 seconds
[2024-11-14T09:49:04.285+0000] {processor.py:186} INFO - Started process (PID=1233) to work on /home/airflow/.local/lib/python3.12/site-packages/airflow/example_dags/example_task_group_decorator.py
[2024-11-14T09:49:04.429+0000] {processor.py:914} INFO - Processing file /home/airflow/.local/lib/python3.12/site-packages/airflow/example_dags/example_task_group_decorator.py for tasks to queue
[2024-11-14T09:49:04.776+0000] {logging_mixin.py:190} INFO - [2024-11-14T09:49:04.714+0000] {dagbag.py:588} INFO - Filling up the DagBag from /home/airflow/.local/lib/python3.12/site-packages/airflow/example_dags/example_task_group_decorator.py
[2024-11-14T09:49:05.972+0000] {processor.py:925} INFO - DAG(s) 'example_task_group_decorator' retrieved from /home/airflow/.local/lib/python3.12/site-packages/airflow/example_dags/example_task_group_decorator.py
[2024-11-14T09:49:08.053+0000] {logging_mixin.py:190} INFO - [2024-11-14T09:49:07.962+0000] {dag.py:3239} INFO - Sync 1 DAGs
[2024-11-14T09:49:08.672+0000] {logging_mixin.py:190} INFO - [2024-11-14T09:49:08.671+0000] {dag.py:4180} INFO - Setting next_dagrun for example_task_group_decorator to None, run_after=None
[2024-11-14T09:49:09.222+0000] {processor.py:208} INFO - Processing /home/airflow/.local/lib/python3.12/site-packages/airflow/example_dags/example_task_group_decorator.py took 5.393 seconds
[2024-11-14T09:50:55.007+0000] {processor.py:186} INFO - Started process (PID=1299) to work on /home/airflow/.local/lib/python3.12/site-packages/airflow/example_dags/example_task_group_decorator.py
[2024-11-14T09:50:55.032+0000] {processor.py:914} INFO - Processing file /home/airflow/.local/lib/python3.12/site-packages/airflow/example_dags/example_task_group_decorator.py for tasks to queue
[2024-11-14T09:50:55.044+0000] {logging_mixin.py:190} INFO - [2024-11-14T09:50:55.043+0000] {dagbag.py:588} INFO - Filling up the DagBag from /home/airflow/.local/lib/python3.12/site-packages/airflow/example_dags/example_task_group_decorator.py
[2024-11-14T09:50:55.542+0000] {processor.py:925} INFO - DAG(s) 'example_task_group_decorator' retrieved from /home/airflow/.local/lib/python3.12/site-packages/airflow/example_dags/example_task_group_decorator.py
[2024-11-14T09:50:55.989+0000] {logging_mixin.py:190} INFO - [2024-11-14T09:50:55.988+0000] {dag.py:3239} INFO - Sync 1 DAGs
[2024-11-14T09:50:56.321+0000] {logging_mixin.py:190} INFO - [2024-11-14T09:50:56.313+0000] {dag.py:4180} INFO - Setting next_dagrun for example_task_group_decorator to None, run_after=None
[2024-11-14T09:50:56.578+0000] {processor.py:208} INFO - Processing /home/airflow/.local/lib/python3.12/site-packages/airflow/example_dags/example_task_group_decorator.py took 1.660 seconds
[2024-11-14T09:52:21.972+0000] {processor.py:186} INFO - Started process (PID=1351) to work on /home/airflow/.local/lib/python3.12/site-packages/airflow/example_dags/example_task_group_decorator.py
[2024-11-14T09:52:21.986+0000] {processor.py:914} INFO - Processing file /home/airflow/.local/lib/python3.12/site-packages/airflow/example_dags/example_task_group_decorator.py for tasks to queue
[2024-11-14T09:52:22.006+0000] {logging_mixin.py:190} INFO - [2024-11-14T09:52:21.996+0000] {dagbag.py:588} INFO - Filling up the DagBag from /home/airflow/.local/lib/python3.12/site-packages/airflow/example_dags/example_task_group_decorator.py
[2024-11-14T09:52:22.524+0000] {processor.py:925} INFO - DAG(s) 'example_task_group_decorator' retrieved from /home/airflow/.local/lib/python3.12/site-packages/airflow/example_dags/example_task_group_decorator.py
[2024-11-14T09:52:23.703+0000] {logging_mixin.py:190} INFO - [2024-11-14T09:52:23.701+0000] {dag.py:3239} INFO - Sync 1 DAGs
[2024-11-14T09:52:24.786+0000] {logging_mixin.py:190} INFO - [2024-11-14T09:52:24.784+0000] {dag.py:4180} INFO - Setting next_dagrun for example_task_group_decorator to None, run_after=None
[2024-11-14T09:52:26.107+0000] {processor.py:208} INFO - Processing /home/airflow/.local/lib/python3.12/site-packages/airflow/example_dags/example_task_group_decorator.py took 4.204 seconds
[2024-11-14T09:55:02.437+0000] {processor.py:186} INFO - Started process (PID=1423) to work on /home/airflow/.local/lib/python3.12/site-packages/airflow/example_dags/example_task_group_decorator.py
[2024-11-14T09:55:02.463+0000] {processor.py:914} INFO - Processing file /home/airflow/.local/lib/python3.12/site-packages/airflow/example_dags/example_task_group_decorator.py for tasks to queue
[2024-11-14T09:55:02.469+0000] {logging_mixin.py:190} INFO - [2024-11-14T09:55:02.467+0000] {dagbag.py:588} INFO - Filling up the DagBag from /home/airflow/.local/lib/python3.12/site-packages/airflow/example_dags/example_task_group_decorator.py
[2024-11-14T09:55:02.990+0000] {processor.py:925} INFO - DAG(s) 'example_task_group_decorator' retrieved from /home/airflow/.local/lib/python3.12/site-packages/airflow/example_dags/example_task_group_decorator.py
[2024-11-14T09:55:04.551+0000] {logging_mixin.py:190} INFO - [2024-11-14T09:55:04.549+0000] {dag.py:3239} INFO - Sync 1 DAGs
[2024-11-14T09:55:05.087+0000] {logging_mixin.py:190} INFO - [2024-11-14T09:55:05.086+0000] {dag.py:4180} INFO - Setting next_dagrun for example_task_group_decorator to None, run_after=None
[2024-11-14T09:55:05.901+0000] {processor.py:208} INFO - Processing /home/airflow/.local/lib/python3.12/site-packages/airflow/example_dags/example_task_group_decorator.py took 3.626 seconds
[2024-11-14T09:56:40.812+0000] {processor.py:186} INFO - Started process (PID=1482) to work on /home/airflow/.local/lib/python3.12/site-packages/airflow/example_dags/example_task_group_decorator.py
[2024-11-14T09:56:40.852+0000] {processor.py:914} INFO - Processing file /home/airflow/.local/lib/python3.12/site-packages/airflow/example_dags/example_task_group_decorator.py for tasks to queue
[2024-11-14T09:56:40.884+0000] {logging_mixin.py:190} INFO - [2024-11-14T09:56:40.883+0000] {dagbag.py:588} INFO - Filling up the DagBag from /home/airflow/.local/lib/python3.12/site-packages/airflow/example_dags/example_task_group_decorator.py
[2024-11-14T09:56:41.376+0000] {processor.py:925} INFO - DAG(s) 'example_task_group_decorator' retrieved from /home/airflow/.local/lib/python3.12/site-packages/airflow/example_dags/example_task_group_decorator.py
[2024-11-14T09:56:41.793+0000] {logging_mixin.py:190} INFO - [2024-11-14T09:56:41.791+0000] {dag.py:3239} INFO - Sync 1 DAGs
[2024-11-14T09:56:43.043+0000] {logging_mixin.py:190} INFO - [2024-11-14T09:56:43.041+0000] {dag.py:4180} INFO - Setting next_dagrun for example_task_group_decorator to None, run_after=None
[2024-11-14T09:56:44.249+0000] {processor.py:208} INFO - Processing /home/airflow/.local/lib/python3.12/site-packages/airflow/example_dags/example_task_group_decorator.py took 3.538 seconds
[2024-11-14T09:57:41.831+0000] {processor.py:186} INFO - Started process (PID=1536) to work on /home/airflow/.local/lib/python3.12/site-packages/airflow/example_dags/example_task_group_decorator.py
[2024-11-14T09:57:41.905+0000] {processor.py:914} INFO - Processing file /home/airflow/.local/lib/python3.12/site-packages/airflow/example_dags/example_task_group_decorator.py for tasks to queue
[2024-11-14T09:57:41.924+0000] {logging_mixin.py:190} INFO - [2024-11-14T09:57:41.912+0000] {dagbag.py:588} INFO - Filling up the DagBag from /home/airflow/.local/lib/python3.12/site-packages/airflow/example_dags/example_task_group_decorator.py
[2024-11-14T09:57:42.417+0000] {processor.py:925} INFO - DAG(s) 'example_task_group_decorator' retrieved from /home/airflow/.local/lib/python3.12/site-packages/airflow/example_dags/example_task_group_decorator.py
[2024-11-14T09:57:43.256+0000] {logging_mixin.py:190} INFO - [2024-11-14T09:57:43.255+0000] {dag.py:3239} INFO - Sync 1 DAGs
[2024-11-14T09:57:43.443+0000] {logging_mixin.py:190} INFO - [2024-11-14T09:57:43.442+0000] {dag.py:4180} INFO - Setting next_dagrun for example_task_group_decorator to None, run_after=None
[2024-11-14T09:57:43.740+0000] {processor.py:208} INFO - Processing /home/airflow/.local/lib/python3.12/site-packages/airflow/example_dags/example_task_group_decorator.py took 1.933 seconds
[2024-11-14T09:59:54.830+0000] {processor.py:186} INFO - Started process (PID=1632) to work on /home/airflow/.local/lib/python3.12/site-packages/airflow/example_dags/example_task_group_decorator.py
[2024-11-14T09:59:54.914+0000] {processor.py:914} INFO - Processing file /home/airflow/.local/lib/python3.12/site-packages/airflow/example_dags/example_task_group_decorator.py for tasks to queue
[2024-11-14T09:59:55.046+0000] {logging_mixin.py:190} INFO - [2024-11-14T09:59:54.995+0000] {dagbag.py:588} INFO - Filling up the DagBag from /home/airflow/.local/lib/python3.12/site-packages/airflow/example_dags/example_task_group_decorator.py
[2024-11-14T09:59:55.497+0000] {processor.py:925} INFO - DAG(s) 'example_task_group_decorator' retrieved from /home/airflow/.local/lib/python3.12/site-packages/airflow/example_dags/example_task_group_decorator.py
[2024-11-14T09:59:55.934+0000] {logging_mixin.py:190} INFO - [2024-11-14T09:59:55.933+0000] {dag.py:3239} INFO - Sync 1 DAGs
[2024-11-14T09:59:56.443+0000] {logging_mixin.py:190} INFO - [2024-11-14T09:59:56.443+0000] {dag.py:4180} INFO - Setting next_dagrun for example_task_group_decorator to None, run_after=None
[2024-11-14T09:59:56.933+0000] {processor.py:208} INFO - Processing /home/airflow/.local/lib/python3.12/site-packages/airflow/example_dags/example_task_group_decorator.py took 2.297 seconds
[2024-11-14T10:01:32.438+0000] {processor.py:186} INFO - Started process (PID=1690) to work on /home/airflow/.local/lib/python3.12/site-packages/airflow/example_dags/example_task_group_decorator.py
[2024-11-14T10:01:32.454+0000] {processor.py:914} INFO - Processing file /home/airflow/.local/lib/python3.12/site-packages/airflow/example_dags/example_task_group_decorator.py for tasks to queue
[2024-11-14T10:01:32.478+0000] {logging_mixin.py:190} INFO - [2024-11-14T10:01:32.469+0000] {dagbag.py:588} INFO - Filling up the DagBag from /home/airflow/.local/lib/python3.12/site-packages/airflow/example_dags/example_task_group_decorator.py
[2024-11-14T10:01:32.856+0000] {processor.py:925} INFO - DAG(s) 'example_task_group_decorator' retrieved from /home/airflow/.local/lib/python3.12/site-packages/airflow/example_dags/example_task_group_decorator.py
[2024-11-14T10:01:34.134+0000] {logging_mixin.py:190} INFO - [2024-11-14T10:01:34.132+0000] {dag.py:3239} INFO - Sync 1 DAGs
[2024-11-14T10:01:35.676+0000] {logging_mixin.py:190} INFO - [2024-11-14T10:01:35.675+0000] {dag.py:4180} INFO - Setting next_dagrun for example_task_group_decorator to None, run_after=None
[2024-11-14T10:01:36.824+0000] {processor.py:208} INFO - Processing /home/airflow/.local/lib/python3.12/site-packages/airflow/example_dags/example_task_group_decorator.py took 4.583 seconds
[2024-11-14T10:02:56.671+0000] {processor.py:186} INFO - Started process (PID=1749) to work on /home/airflow/.local/lib/python3.12/site-packages/airflow/example_dags/example_task_group_decorator.py
[2024-11-14T10:02:56.676+0000] {processor.py:914} INFO - Processing file /home/airflow/.local/lib/python3.12/site-packages/airflow/example_dags/example_task_group_decorator.py for tasks to queue
[2024-11-14T10:02:56.680+0000] {logging_mixin.py:190} INFO - [2024-11-14T10:02:56.679+0000] {dagbag.py:588} INFO - Filling up the DagBag from /home/airflow/.local/lib/python3.12/site-packages/airflow/example_dags/example_task_group_decorator.py
[2024-11-14T10:02:56.873+0000] {processor.py:925} INFO - DAG(s) 'example_task_group_decorator' retrieved from /home/airflow/.local/lib/python3.12/site-packages/airflow/example_dags/example_task_group_decorator.py
[2024-11-14T10:02:57.250+0000] {logging_mixin.py:190} INFO - [2024-11-14T10:02:57.249+0000] {dag.py:3239} INFO - Sync 1 DAGs
[2024-11-14T10:02:57.447+0000] {logging_mixin.py:190} INFO - [2024-11-14T10:02:57.399+0000] {dag.py:4180} INFO - Setting next_dagrun for example_task_group_decorator to None, run_after=None
[2024-11-14T10:02:57.686+0000] {processor.py:208} INFO - Processing /home/airflow/.local/lib/python3.12/site-packages/airflow/example_dags/example_task_group_decorator.py took 1.071 seconds
[2024-11-14T10:04:50.101+0000] {processor.py:186} INFO - Started process (PID=1840) to work on /home/airflow/.local/lib/python3.12/site-packages/airflow/example_dags/example_task_group_decorator.py
[2024-11-14T10:04:50.115+0000] {processor.py:914} INFO - Processing file /home/airflow/.local/lib/python3.12/site-packages/airflow/example_dags/example_task_group_decorator.py for tasks to queue
[2024-11-14T10:04:50.123+0000] {logging_mixin.py:190} INFO - [2024-11-14T10:04:50.122+0000] {dagbag.py:588} INFO - Filling up the DagBag from /home/airflow/.local/lib/python3.12/site-packages/airflow/example_dags/example_task_group_decorator.py
[2024-11-14T10:04:50.339+0000] {processor.py:925} INFO - DAG(s) 'example_task_group_decorator' retrieved from /home/airflow/.local/lib/python3.12/site-packages/airflow/example_dags/example_task_group_decorator.py
[2024-11-14T10:04:51.019+0000] {logging_mixin.py:190} INFO - [2024-11-14T10:04:51.019+0000] {dag.py:3239} INFO - Sync 1 DAGs
[2024-11-14T10:04:51.201+0000] {logging_mixin.py:190} INFO - [2024-11-14T10:04:51.200+0000] {dag.py:4180} INFO - Setting next_dagrun for example_task_group_decorator to None, run_after=None
[2024-11-14T10:04:51.557+0000] {processor.py:208} INFO - Processing /home/airflow/.local/lib/python3.12/site-packages/airflow/example_dags/example_task_group_decorator.py took 1.521 seconds
[2024-11-14T10:06:29.772+0000] {processor.py:186} INFO - Started process (PID=1902) to work on /home/airflow/.local/lib/python3.12/site-packages/airflow/example_dags/example_task_group_decorator.py
[2024-11-14T10:06:29.790+0000] {processor.py:914} INFO - Processing file /home/airflow/.local/lib/python3.12/site-packages/airflow/example_dags/example_task_group_decorator.py for tasks to queue
[2024-11-14T10:06:29.809+0000] {logging_mixin.py:190} INFO - [2024-11-14T10:06:29.808+0000] {dagbag.py:588} INFO - Filling up the DagBag from /home/airflow/.local/lib/python3.12/site-packages/airflow/example_dags/example_task_group_decorator.py
[2024-11-14T10:06:30.196+0000] {processor.py:925} INFO - DAG(s) 'example_task_group_decorator' retrieved from /home/airflow/.local/lib/python3.12/site-packages/airflow/example_dags/example_task_group_decorator.py
[2024-11-14T10:06:30.663+0000] {logging_mixin.py:190} INFO - [2024-11-14T10:06:30.658+0000] {dag.py:3239} INFO - Sync 1 DAGs
[2024-11-14T10:06:30.922+0000] {logging_mixin.py:190} INFO - [2024-11-14T10:06:30.915+0000] {dag.py:4180} INFO - Setting next_dagrun for example_task_group_decorator to None, run_after=None
[2024-11-14T10:06:31.326+0000] {processor.py:208} INFO - Processing /home/airflow/.local/lib/python3.12/site-packages/airflow/example_dags/example_task_group_decorator.py took 1.709 seconds
[2024-11-14T10:07:24.608+0000] {processor.py:186} INFO - Started process (PID=1952) to work on /home/airflow/.local/lib/python3.12/site-packages/airflow/example_dags/example_task_group_decorator.py
[2024-11-14T10:07:24.614+0000] {processor.py:914} INFO - Processing file /home/airflow/.local/lib/python3.12/site-packages/airflow/example_dags/example_task_group_decorator.py for tasks to queue
[2024-11-14T10:07:24.713+0000] {logging_mixin.py:190} INFO - [2024-11-14T10:07:24.707+0000] {dagbag.py:588} INFO - Filling up the DagBag from /home/airflow/.local/lib/python3.12/site-packages/airflow/example_dags/example_task_group_decorator.py
[2024-11-14T10:07:25.281+0000] {processor.py:925} INFO - DAG(s) 'example_task_group_decorator' retrieved from /home/airflow/.local/lib/python3.12/site-packages/airflow/example_dags/example_task_group_decorator.py
[2024-11-14T10:07:25.692+0000] {logging_mixin.py:190} INFO - [2024-11-14T10:07:25.691+0000] {dag.py:3239} INFO - Sync 1 DAGs
[2024-11-14T10:07:25.994+0000] {logging_mixin.py:190} INFO - [2024-11-14T10:07:25.968+0000] {dag.py:4180} INFO - Setting next_dagrun for example_task_group_decorator to None, run_after=None
[2024-11-14T10:07:26.289+0000] {processor.py:208} INFO - Processing /home/airflow/.local/lib/python3.12/site-packages/airflow/example_dags/example_task_group_decorator.py took 1.780 seconds
[2024-11-14T10:14:36.375+0000] {processor.py:186} INFO - Started process (PID=2100) to work on /home/airflow/.local/lib/python3.12/site-packages/airflow/example_dags/example_task_group_decorator.py
[2024-11-14T10:14:36.415+0000] {processor.py:914} INFO - Processing file /home/airflow/.local/lib/python3.12/site-packages/airflow/example_dags/example_task_group_decorator.py for tasks to queue
[2024-11-14T10:14:36.460+0000] {logging_mixin.py:190} INFO - [2024-11-14T10:14:36.458+0000] {dagbag.py:588} INFO - Filling up the DagBag from /home/airflow/.local/lib/python3.12/site-packages/airflow/example_dags/example_task_group_decorator.py
[2024-11-14T10:14:38.087+0000] {processor.py:925} INFO - DAG(s) 'example_task_group_decorator' retrieved from /home/airflow/.local/lib/python3.12/site-packages/airflow/example_dags/example_task_group_decorator.py
[2024-11-14T10:14:39.522+0000] {logging_mixin.py:190} INFO - [2024-11-14T10:14:39.433+0000] {dag.py:3239} INFO - Sync 1 DAGs
[2024-11-14T10:14:41.465+0000] {logging_mixin.py:190} INFO - [2024-11-14T10:14:41.454+0000] {dag.py:4180} INFO - Setting next_dagrun for example_task_group_decorator to None, run_after=None
[2024-11-14T10:14:43.363+0000] {processor.py:208} INFO - Processing /home/airflow/.local/lib/python3.12/site-packages/airflow/example_dags/example_task_group_decorator.py took 7.701 seconds
