[2024-11-14T07:31:57.016+0000] {processor.py:186} INFO - Started process (PID=120) to work on /home/airflow/.local/lib/python3.12/site-packages/airflow/example_dags/example_sensors.py
[2024-11-14T07:31:57.026+0000] {processor.py:914} INFO - Processing file /home/airflow/.local/lib/python3.12/site-packages/airflow/example_dags/example_sensors.py for tasks to queue
[2024-11-14T07:31:57.049+0000] {logging_mixin.py:190} INFO - [2024-11-14T07:31:57.048+0000] {dagbag.py:588} INFO - Filling up the DagBag from /home/airflow/.local/lib/python3.12/site-packages/airflow/example_dags/example_sensors.py
[2024-11-14T07:31:57.195+0000] {processor.py:925} INFO - DAG(s) 'example_sensors' retrieved from /home/airflow/.local/lib/python3.12/site-packages/airflow/example_dags/example_sensors.py
[2024-11-14T07:31:57.419+0000] {logging_mixin.py:190} INFO - [2024-11-14T07:31:57.418+0000] {dag.py:3239} INFO - Sync 1 DAGs
[2024-11-14T07:31:57.564+0000] {logging_mixin.py:190} INFO - [2024-11-14T07:31:57.564+0000] {dag.py:4180} INFO - Setting next_dagrun for example_sensors to None, run_after=None
[2024-11-14T07:31:57.722+0000] {processor.py:208} INFO - Processing /home/airflow/.local/lib/python3.12/site-packages/airflow/example_dags/example_sensors.py took 0.757 seconds
[2024-11-14T07:33:20.312+0000] {processor.py:186} INFO - Started process (PID=189) to work on /home/airflow/.local/lib/python3.12/site-packages/airflow/example_dags/example_sensors.py
[2024-11-14T07:33:20.330+0000] {processor.py:914} INFO - Processing file /home/airflow/.local/lib/python3.12/site-packages/airflow/example_dags/example_sensors.py for tasks to queue
[2024-11-14T07:33:20.352+0000] {logging_mixin.py:190} INFO - [2024-11-14T07:33:20.351+0000] {dagbag.py:588} INFO - Filling up the DagBag from /home/airflow/.local/lib/python3.12/site-packages/airflow/example_dags/example_sensors.py
[2024-11-14T07:33:20.521+0000] {processor.py:925} INFO - DAG(s) 'example_sensors' retrieved from /home/airflow/.local/lib/python3.12/site-packages/airflow/example_dags/example_sensors.py
[2024-11-14T07:33:20.720+0000] {logging_mixin.py:190} INFO - [2024-11-14T07:33:20.719+0000] {dag.py:3239} INFO - Sync 1 DAGs
[2024-11-14T07:33:20.832+0000] {logging_mixin.py:190} INFO - [2024-11-14T07:33:20.832+0000] {dag.py:4180} INFO - Setting next_dagrun for example_sensors to None, run_after=None
[2024-11-14T07:33:20.989+0000] {processor.py:208} INFO - Processing /home/airflow/.local/lib/python3.12/site-packages/airflow/example_dags/example_sensors.py took 0.727 seconds
[2024-11-14T07:47:24.073+0000] {processor.py:186} INFO - Started process (PID=424) to work on /home/airflow/.local/lib/python3.12/site-packages/airflow/example_dags/example_sensors.py
[2024-11-14T07:47:24.100+0000] {processor.py:914} INFO - Processing file /home/airflow/.local/lib/python3.12/site-packages/airflow/example_dags/example_sensors.py for tasks to queue
[2024-11-14T07:47:24.153+0000] {logging_mixin.py:190} INFO - [2024-11-14T07:47:24.135+0000] {dagbag.py:588} INFO - Filling up the DagBag from /home/airflow/.local/lib/python3.12/site-packages/airflow/example_dags/example_sensors.py
[2024-11-14T07:47:24.705+0000] {processor.py:925} INFO - DAG(s) 'example_sensors' retrieved from /home/airflow/.local/lib/python3.12/site-packages/airflow/example_dags/example_sensors.py
[2024-11-14T07:47:25.475+0000] {logging_mixin.py:190} INFO - [2024-11-14T07:47:25.469+0000] {dag.py:3239} INFO - Sync 1 DAGs
[2024-11-14T07:47:25.645+0000] {logging_mixin.py:190} INFO - [2024-11-14T07:47:25.640+0000] {dag.py:4180} INFO - Setting next_dagrun for example_sensors to None, run_after=None
[2024-11-14T07:47:26.328+0000] {processor.py:208} INFO - Processing /home/airflow/.local/lib/python3.12/site-packages/airflow/example_dags/example_sensors.py took 2.415 seconds
[2024-11-14T07:50:00.594+0000] {processor.py:186} INFO - Started process (PID=505) to work on /home/airflow/.local/lib/python3.12/site-packages/airflow/example_dags/example_sensors.py
[2024-11-14T07:50:00.605+0000] {processor.py:914} INFO - Processing file /home/airflow/.local/lib/python3.12/site-packages/airflow/example_dags/example_sensors.py for tasks to queue
[2024-11-14T07:50:00.677+0000] {logging_mixin.py:190} INFO - [2024-11-14T07:50:00.632+0000] {dagbag.py:588} INFO - Filling up the DagBag from /home/airflow/.local/lib/python3.12/site-packages/airflow/example_dags/example_sensors.py
[2024-11-14T07:50:00.802+0000] {processor.py:925} INFO - DAG(s) 'example_sensors' retrieved from /home/airflow/.local/lib/python3.12/site-packages/airflow/example_dags/example_sensors.py
[2024-11-14T07:50:01.120+0000] {logging_mixin.py:190} INFO - [2024-11-14T07:50:01.119+0000] {dag.py:3239} INFO - Sync 1 DAGs
[2024-11-14T07:50:01.304+0000] {logging_mixin.py:190} INFO - [2024-11-14T07:50:01.303+0000] {dag.py:4180} INFO - Setting next_dagrun for example_sensors to None, run_after=None
[2024-11-14T07:50:01.535+0000] {processor.py:208} INFO - Processing /home/airflow/.local/lib/python3.12/site-packages/airflow/example_dags/example_sensors.py took 0.983 seconds
[2024-11-14T07:52:20.385+0000] {processor.py:186} INFO - Started process (PID=606) to work on /home/airflow/.local/lib/python3.12/site-packages/airflow/example_dags/example_sensors.py
[2024-11-14T07:52:20.406+0000] {processor.py:914} INFO - Processing file /home/airflow/.local/lib/python3.12/site-packages/airflow/example_dags/example_sensors.py for tasks to queue
[2024-11-14T07:52:20.422+0000] {logging_mixin.py:190} INFO - [2024-11-14T07:52:20.420+0000] {dagbag.py:588} INFO - Filling up the DagBag from /home/airflow/.local/lib/python3.12/site-packages/airflow/example_dags/example_sensors.py
[2024-11-14T07:52:21.130+0000] {processor.py:925} INFO - DAG(s) 'example_sensors' retrieved from /home/airflow/.local/lib/python3.12/site-packages/airflow/example_dags/example_sensors.py
[2024-11-14T07:52:22.045+0000] {logging_mixin.py:190} INFO - [2024-11-14T07:52:22.045+0000] {dag.py:3239} INFO - Sync 1 DAGs
[2024-11-14T07:52:22.297+0000] {logging_mixin.py:190} INFO - [2024-11-14T07:52:22.296+0000] {dag.py:4180} INFO - Setting next_dagrun for example_sensors to None, run_after=None
[2024-11-14T07:52:22.695+0000] {processor.py:208} INFO - Processing /home/airflow/.local/lib/python3.12/site-packages/airflow/example_dags/example_sensors.py took 2.367 seconds
[2024-11-14T07:56:28.880+0000] {processor.py:186} INFO - Started process (PID=724) to work on /home/airflow/.local/lib/python3.12/site-packages/airflow/example_dags/example_sensors.py
[2024-11-14T07:56:28.905+0000] {processor.py:914} INFO - Processing file /home/airflow/.local/lib/python3.12/site-packages/airflow/example_dags/example_sensors.py for tasks to queue
[2024-11-14T07:56:28.910+0000] {logging_mixin.py:190} INFO - [2024-11-14T07:56:28.909+0000] {dagbag.py:588} INFO - Filling up the DagBag from /home/airflow/.local/lib/python3.12/site-packages/airflow/example_dags/example_sensors.py
[2024-11-14T07:56:29.054+0000] {processor.py:925} INFO - DAG(s) 'example_sensors' retrieved from /home/airflow/.local/lib/python3.12/site-packages/airflow/example_dags/example_sensors.py
[2024-11-14T07:56:29.507+0000] {logging_mixin.py:190} INFO - [2024-11-14T07:56:29.506+0000] {dag.py:3239} INFO - Sync 1 DAGs
[2024-11-14T07:56:29.605+0000] {logging_mixin.py:190} INFO - [2024-11-14T07:56:29.604+0000] {dag.py:4180} INFO - Setting next_dagrun for example_sensors to None, run_after=None
[2024-11-14T07:56:29.740+0000] {processor.py:208} INFO - Processing /home/airflow/.local/lib/python3.12/site-packages/airflow/example_dags/example_sensors.py took 0.916 seconds
[2024-11-14T07:57:56.341+0000] {processor.py:186} INFO - Started process (PID=781) to work on /home/airflow/.local/lib/python3.12/site-packages/airflow/example_dags/example_sensors.py
[2024-11-14T07:57:56.389+0000] {processor.py:914} INFO - Processing file /home/airflow/.local/lib/python3.12/site-packages/airflow/example_dags/example_sensors.py for tasks to queue
[2024-11-14T07:57:56.453+0000] {logging_mixin.py:190} INFO - [2024-11-14T07:57:56.452+0000] {dagbag.py:588} INFO - Filling up the DagBag from /home/airflow/.local/lib/python3.12/site-packages/airflow/example_dags/example_sensors.py
[2024-11-14T07:57:57.110+0000] {processor.py:925} INFO - DAG(s) 'example_sensors' retrieved from /home/airflow/.local/lib/python3.12/site-packages/airflow/example_dags/example_sensors.py
[2024-11-14T07:57:57.354+0000] {logging_mixin.py:190} INFO - [2024-11-14T07:57:57.354+0000] {dag.py:3239} INFO - Sync 1 DAGs
[2024-11-14T07:57:57.485+0000] {logging_mixin.py:190} INFO - [2024-11-14T07:57:57.484+0000] {dag.py:4180} INFO - Setting next_dagrun for example_sensors to None, run_after=None
[2024-11-14T07:57:57.709+0000] {processor.py:208} INFO - Processing /home/airflow/.local/lib/python3.12/site-packages/airflow/example_dags/example_sensors.py took 1.578 seconds
[2024-11-14T07:59:40.506+0000] {processor.py:186} INFO - Started process (PID=868) to work on /home/airflow/.local/lib/python3.12/site-packages/airflow/example_dags/example_sensors.py
[2024-11-14T07:59:40.576+0000] {processor.py:914} INFO - Processing file /home/airflow/.local/lib/python3.12/site-packages/airflow/example_dags/example_sensors.py for tasks to queue
[2024-11-14T07:59:40.636+0000] {logging_mixin.py:190} INFO - [2024-11-14T07:59:40.635+0000] {dagbag.py:588} INFO - Filling up the DagBag from /home/airflow/.local/lib/python3.12/site-packages/airflow/example_dags/example_sensors.py
[2024-11-14T07:59:40.886+0000] {processor.py:925} INFO - DAG(s) 'example_sensors' retrieved from /home/airflow/.local/lib/python3.12/site-packages/airflow/example_dags/example_sensors.py
[2024-11-14T07:59:41.487+0000] {logging_mixin.py:190} INFO - [2024-11-14T07:59:41.486+0000] {dag.py:3239} INFO - Sync 1 DAGs
[2024-11-14T07:59:41.739+0000] {logging_mixin.py:190} INFO - [2024-11-14T07:59:41.738+0000] {dag.py:4180} INFO - Setting next_dagrun for example_sensors to None, run_after=None
[2024-11-14T07:59:41.997+0000] {processor.py:208} INFO - Processing /home/airflow/.local/lib/python3.12/site-packages/airflow/example_dags/example_sensors.py took 1.630 seconds
[2024-11-14T08:01:23.737+0000] {processor.py:186} INFO - Started process (PID=934) to work on /home/airflow/.local/lib/python3.12/site-packages/airflow/example_dags/example_sensors.py
[2024-11-14T08:01:23.894+0000] {processor.py:914} INFO - Processing file /home/airflow/.local/lib/python3.12/site-packages/airflow/example_dags/example_sensors.py for tasks to queue
[2024-11-14T08:01:23.919+0000] {logging_mixin.py:190} INFO - [2024-11-14T08:01:23.918+0000] {dagbag.py:588} INFO - Filling up the DagBag from /home/airflow/.local/lib/python3.12/site-packages/airflow/example_dags/example_sensors.py
[2024-11-14T08:01:24.423+0000] {processor.py:925} INFO - DAG(s) 'example_sensors' retrieved from /home/airflow/.local/lib/python3.12/site-packages/airflow/example_dags/example_sensors.py
[2024-11-14T08:01:24.793+0000] {logging_mixin.py:190} INFO - [2024-11-14T08:01:24.792+0000] {dag.py:3239} INFO - Sync 1 DAGs
[2024-11-14T08:01:25.011+0000] {logging_mixin.py:190} INFO - [2024-11-14T08:01:25.011+0000] {dag.py:4180} INFO - Setting next_dagrun for example_sensors to None, run_after=None
[2024-11-14T08:01:25.262+0000] {processor.py:208} INFO - Processing /home/airflow/.local/lib/python3.12/site-packages/airflow/example_dags/example_sensors.py took 2.306 seconds
[2024-11-14T08:05:03.785+0000] {processor.py:186} INFO - Started process (PID=1055) to work on /home/airflow/.local/lib/python3.12/site-packages/airflow/example_dags/example_sensors.py
[2024-11-14T08:05:03.790+0000] {processor.py:914} INFO - Processing file /home/airflow/.local/lib/python3.12/site-packages/airflow/example_dags/example_sensors.py for tasks to queue
[2024-11-14T08:05:03.818+0000] {logging_mixin.py:190} INFO - [2024-11-14T08:05:03.816+0000] {dagbag.py:588} INFO - Filling up the DagBag from /home/airflow/.local/lib/python3.12/site-packages/airflow/example_dags/example_sensors.py
[2024-11-14T08:05:04.268+0000] {processor.py:925} INFO - DAG(s) 'example_sensors' retrieved from /home/airflow/.local/lib/python3.12/site-packages/airflow/example_dags/example_sensors.py
[2024-11-14T08:05:05.239+0000] {logging_mixin.py:190} INFO - [2024-11-14T08:05:05.238+0000] {dag.py:3239} INFO - Sync 1 DAGs
[2024-11-14T08:05:05.581+0000] {logging_mixin.py:190} INFO - [2024-11-14T08:05:05.579+0000] {dag.py:4180} INFO - Setting next_dagrun for example_sensors to None, run_after=None
[2024-11-14T08:05:05.962+0000] {processor.py:208} INFO - Processing /home/airflow/.local/lib/python3.12/site-packages/airflow/example_dags/example_sensors.py took 2.360 seconds
[2024-11-14T08:17:39.817+0000] {processor.py:186} INFO - Started process (PID=1241) to work on /home/airflow/.local/lib/python3.12/site-packages/airflow/example_dags/example_sensors.py
[2024-11-14T08:17:39.866+0000] {processor.py:914} INFO - Processing file /home/airflow/.local/lib/python3.12/site-packages/airflow/example_dags/example_sensors.py for tasks to queue
[2024-11-14T08:17:39.950+0000] {logging_mixin.py:190} INFO - [2024-11-14T08:17:39.949+0000] {dagbag.py:588} INFO - Filling up the DagBag from /home/airflow/.local/lib/python3.12/site-packages/airflow/example_dags/example_sensors.py
[2024-11-14T08:17:44.820+0000] {processor.py:925} INFO - DAG(s) 'example_sensors' retrieved from /home/airflow/.local/lib/python3.12/site-packages/airflow/example_dags/example_sensors.py
[2024-11-14T08:17:50.064+0000] {logging_mixin.py:190} INFO - [2024-11-14T08:17:50.063+0000] {dag.py:3239} INFO - Sync 1 DAGs
[2024-11-14T08:17:56.326+0000] {logging_mixin.py:190} INFO - [2024-11-14T08:17:56.278+0000] {dag.py:4180} INFO - Setting next_dagrun for example_sensors to None, run_after=None
[2024-11-14T08:17:58.268+0000] {processor.py:208} INFO - Processing /home/airflow/.local/lib/python3.12/site-packages/airflow/example_dags/example_sensors.py took 18.715 seconds
[2024-11-14T09:20:44.420+0000] {processor.py:186} INFO - Started process (PID=213) to work on /home/airflow/.local/lib/python3.12/site-packages/airflow/example_dags/example_sensors.py
[2024-11-14T09:20:44.433+0000] {processor.py:914} INFO - Processing file /home/airflow/.local/lib/python3.12/site-packages/airflow/example_dags/example_sensors.py for tasks to queue
[2024-11-14T09:20:44.492+0000] {logging_mixin.py:190} INFO - [2024-11-14T09:20:44.491+0000] {dagbag.py:588} INFO - Filling up the DagBag from /home/airflow/.local/lib/python3.12/site-packages/airflow/example_dags/example_sensors.py
[2024-11-14T09:20:44.817+0000] {processor.py:925} INFO - DAG(s) 'example_sensors' retrieved from /home/airflow/.local/lib/python3.12/site-packages/airflow/example_dags/example_sensors.py
[2024-11-14T09:20:45.402+0000] {logging_mixin.py:190} INFO - [2024-11-14T09:20:45.401+0000] {dag.py:3239} INFO - Sync 1 DAGs
[2024-11-14T09:20:45.619+0000] {logging_mixin.py:190} INFO - [2024-11-14T09:20:45.618+0000] {dag.py:4180} INFO - Setting next_dagrun for example_sensors to None, run_after=None
[2024-11-14T09:20:45.908+0000] {processor.py:208} INFO - Processing /home/airflow/.local/lib/python3.12/site-packages/airflow/example_dags/example_sensors.py took 1.637 seconds
[2024-11-14T09:22:06.875+0000] {processor.py:186} INFO - Started process (PID=288) to work on /home/airflow/.local/lib/python3.12/site-packages/airflow/example_dags/example_sensors.py
[2024-11-14T09:22:06.921+0000] {processor.py:914} INFO - Processing file /home/airflow/.local/lib/python3.12/site-packages/airflow/example_dags/example_sensors.py for tasks to queue
[2024-11-14T09:22:06.956+0000] {logging_mixin.py:190} INFO - [2024-11-14T09:22:06.955+0000] {dagbag.py:588} INFO - Filling up the DagBag from /home/airflow/.local/lib/python3.12/site-packages/airflow/example_dags/example_sensors.py
[2024-11-14T09:22:07.222+0000] {processor.py:925} INFO - DAG(s) 'example_sensors' retrieved from /home/airflow/.local/lib/python3.12/site-packages/airflow/example_dags/example_sensors.py
[2024-11-14T09:22:07.968+0000] {logging_mixin.py:190} INFO - [2024-11-14T09:22:07.967+0000] {dag.py:3239} INFO - Sync 1 DAGs
[2024-11-14T09:22:08.215+0000] {logging_mixin.py:190} INFO - [2024-11-14T09:22:08.214+0000] {dag.py:4180} INFO - Setting next_dagrun for example_sensors to None, run_after=None
[2024-11-14T09:22:08.526+0000] {processor.py:208} INFO - Processing /home/airflow/.local/lib/python3.12/site-packages/airflow/example_dags/example_sensors.py took 1.724 seconds
[2024-11-14T09:24:19.081+0000] {processor.py:186} INFO - Started process (PID=380) to work on /home/airflow/.local/lib/python3.12/site-packages/airflow/example_dags/example_sensors.py
[2024-11-14T09:24:19.105+0000] {processor.py:914} INFO - Processing file /home/airflow/.local/lib/python3.12/site-packages/airflow/example_dags/example_sensors.py for tasks to queue
[2024-11-14T09:24:19.123+0000] {logging_mixin.py:190} INFO - [2024-11-14T09:24:19.121+0000] {dagbag.py:588} INFO - Filling up the DagBag from /home/airflow/.local/lib/python3.12/site-packages/airflow/example_dags/example_sensors.py
[2024-11-14T09:24:19.318+0000] {processor.py:925} INFO - DAG(s) 'example_sensors' retrieved from /home/airflow/.local/lib/python3.12/site-packages/airflow/example_dags/example_sensors.py
[2024-11-14T09:24:19.946+0000] {logging_mixin.py:190} INFO - [2024-11-14T09:24:19.945+0000] {dag.py:3239} INFO - Sync 1 DAGs
[2024-11-14T09:24:20.279+0000] {logging_mixin.py:190} INFO - [2024-11-14T09:24:20.235+0000] {dag.py:4180} INFO - Setting next_dagrun for example_sensors to None, run_after=None
[2024-11-14T09:24:20.654+0000] {processor.py:208} INFO - Processing /home/airflow/.local/lib/python3.12/site-packages/airflow/example_dags/example_sensors.py took 1.628 seconds
[2024-11-14T09:26:14.228+0000] {processor.py:186} INFO - Started process (PID=474) to work on /home/airflow/.local/lib/python3.12/site-packages/airflow/example_dags/example_sensors.py
[2024-11-14T09:26:14.240+0000] {processor.py:914} INFO - Processing file /home/airflow/.local/lib/python3.12/site-packages/airflow/example_dags/example_sensors.py for tasks to queue
[2024-11-14T09:26:14.252+0000] {logging_mixin.py:190} INFO - [2024-11-14T09:26:14.251+0000] {dagbag.py:588} INFO - Filling up the DagBag from /home/airflow/.local/lib/python3.12/site-packages/airflow/example_dags/example_sensors.py
[2024-11-14T09:26:14.453+0000] {processor.py:925} INFO - DAG(s) 'example_sensors' retrieved from /home/airflow/.local/lib/python3.12/site-packages/airflow/example_dags/example_sensors.py
[2024-11-14T09:26:15.296+0000] {logging_mixin.py:190} INFO - [2024-11-14T09:26:15.294+0000] {dag.py:3239} INFO - Sync 1 DAGs
[2024-11-14T09:26:15.890+0000] {logging_mixin.py:190} INFO - [2024-11-14T09:26:15.889+0000] {dag.py:4180} INFO - Setting next_dagrun for example_sensors to None, run_after=None
[2024-11-14T09:26:16.103+0000] {processor.py:208} INFO - Processing /home/airflow/.local/lib/python3.12/site-packages/airflow/example_dags/example_sensors.py took 2.009 seconds
[2024-11-14T09:28:48.404+0000] {processor.py:186} INFO - Started process (PID=580) to work on /home/airflow/.local/lib/python3.12/site-packages/airflow/example_dags/example_sensors.py
[2024-11-14T09:28:48.433+0000] {processor.py:914} INFO - Processing file /home/airflow/.local/lib/python3.12/site-packages/airflow/example_dags/example_sensors.py for tasks to queue
[2024-11-14T09:28:48.506+0000] {logging_mixin.py:190} INFO - [2024-11-14T09:28:48.481+0000] {dagbag.py:588} INFO - Filling up the DagBag from /home/airflow/.local/lib/python3.12/site-packages/airflow/example_dags/example_sensors.py
[2024-11-14T09:28:48.662+0000] {processor.py:925} INFO - DAG(s) 'example_sensors' retrieved from /home/airflow/.local/lib/python3.12/site-packages/airflow/example_dags/example_sensors.py
[2024-11-14T09:28:49.049+0000] {logging_mixin.py:190} INFO - [2024-11-14T09:28:49.048+0000] {dag.py:3239} INFO - Sync 1 DAGs
[2024-11-14T09:28:49.433+0000] {logging_mixin.py:190} INFO - [2024-11-14T09:28:49.433+0000] {dag.py:4180} INFO - Setting next_dagrun for example_sensors to None, run_after=None
[2024-11-14T09:28:49.955+0000] {processor.py:208} INFO - Processing /home/airflow/.local/lib/python3.12/site-packages/airflow/example_dags/example_sensors.py took 1.662 seconds
[2024-11-14T09:29:57.987+0000] {processor.py:186} INFO - Started process (PID=651) to work on /home/airflow/.local/lib/python3.12/site-packages/airflow/example_dags/example_sensors.py
[2024-11-14T09:29:58.003+0000] {processor.py:914} INFO - Processing file /home/airflow/.local/lib/python3.12/site-packages/airflow/example_dags/example_sensors.py for tasks to queue
[2024-11-14T09:29:58.121+0000] {logging_mixin.py:190} INFO - [2024-11-14T09:29:58.120+0000] {dagbag.py:588} INFO - Filling up the DagBag from /home/airflow/.local/lib/python3.12/site-packages/airflow/example_dags/example_sensors.py
[2024-11-14T09:29:59.152+0000] {processor.py:925} INFO - DAG(s) 'example_sensors' retrieved from /home/airflow/.local/lib/python3.12/site-packages/airflow/example_dags/example_sensors.py
[2024-11-14T09:30:01.469+0000] {logging_mixin.py:190} INFO - [2024-11-14T09:30:01.463+0000] {dag.py:3239} INFO - Sync 1 DAGs
[2024-11-14T09:30:01.898+0000] {logging_mixin.py:190} INFO - [2024-11-14T09:30:01.868+0000] {dag.py:4180} INFO - Setting next_dagrun for example_sensors to None, run_after=None
[2024-11-14T09:30:02.414+0000] {processor.py:208} INFO - Processing /home/airflow/.local/lib/python3.12/site-packages/airflow/example_dags/example_sensors.py took 4.867 seconds
[2024-11-14T09:35:13.954+0000] {processor.py:186} INFO - Started process (PID=796) to work on /home/airflow/.local/lib/python3.12/site-packages/airflow/example_dags/example_sensors.py
[2024-11-14T09:35:13.960+0000] {processor.py:914} INFO - Processing file /home/airflow/.local/lib/python3.12/site-packages/airflow/example_dags/example_sensors.py for tasks to queue
[2024-11-14T09:35:13.982+0000] {logging_mixin.py:190} INFO - [2024-11-14T09:35:13.981+0000] {dagbag.py:588} INFO - Filling up the DagBag from /home/airflow/.local/lib/python3.12/site-packages/airflow/example_dags/example_sensors.py
[2024-11-14T09:35:14.813+0000] {processor.py:925} INFO - DAG(s) 'example_sensors' retrieved from /home/airflow/.local/lib/python3.12/site-packages/airflow/example_dags/example_sensors.py
[2024-11-14T09:35:16.088+0000] {logging_mixin.py:190} INFO - [2024-11-14T09:35:16.080+0000] {dag.py:3239} INFO - Sync 1 DAGs
[2024-11-14T09:35:17.351+0000] {logging_mixin.py:190} INFO - [2024-11-14T09:35:17.344+0000] {dag.py:4180} INFO - Setting next_dagrun for example_sensors to None, run_after=None
[2024-11-14T09:35:17.697+0000] {processor.py:208} INFO - Processing /home/airflow/.local/lib/python3.12/site-packages/airflow/example_dags/example_sensors.py took 4.147 seconds
[2024-11-14T09:37:16.861+0000] {processor.py:186} INFO - Started process (PID=862) to work on /home/airflow/.local/lib/python3.12/site-packages/airflow/example_dags/example_sensors.py
[2024-11-14T09:37:16.901+0000] {processor.py:914} INFO - Processing file /home/airflow/.local/lib/python3.12/site-packages/airflow/example_dags/example_sensors.py for tasks to queue
[2024-11-14T09:37:16.971+0000] {logging_mixin.py:190} INFO - [2024-11-14T09:37:16.956+0000] {dagbag.py:588} INFO - Filling up the DagBag from /home/airflow/.local/lib/python3.12/site-packages/airflow/example_dags/example_sensors.py
[2024-11-14T09:37:23.654+0000] {processor.py:925} INFO - DAG(s) 'example_sensors' retrieved from /home/airflow/.local/lib/python3.12/site-packages/airflow/example_dags/example_sensors.py
[2024-11-14T09:37:27.068+0000] {logging_mixin.py:190} INFO - [2024-11-14T09:37:27.067+0000] {dag.py:3239} INFO - Sync 1 DAGs
[2024-11-14T09:37:30.559+0000] {logging_mixin.py:190} INFO - [2024-11-14T09:37:30.555+0000] {dag.py:4180} INFO - Setting next_dagrun for example_sensors to None, run_after=None
[2024-11-14T09:37:39.492+0000] {processor.py:208} INFO - Processing /home/airflow/.local/lib/python3.12/site-packages/airflow/example_dags/example_sensors.py took 22.886 seconds
[2024-11-14T09:40:30.873+0000] {processor.py:186} INFO - Started process (PID=945) to work on /home/airflow/.local/lib/python3.12/site-packages/airflow/example_dags/example_sensors.py
[2024-11-14T09:40:30.879+0000] {processor.py:914} INFO - Processing file /home/airflow/.local/lib/python3.12/site-packages/airflow/example_dags/example_sensors.py for tasks to queue
[2024-11-14T09:40:30.911+0000] {logging_mixin.py:190} INFO - [2024-11-14T09:40:30.910+0000] {dagbag.py:588} INFO - Filling up the DagBag from /home/airflow/.local/lib/python3.12/site-packages/airflow/example_dags/example_sensors.py
[2024-11-14T09:40:31.613+0000] {processor.py:925} INFO - DAG(s) 'example_sensors' retrieved from /home/airflow/.local/lib/python3.12/site-packages/airflow/example_dags/example_sensors.py
[2024-11-14T09:40:38.078+0000] {logging_mixin.py:190} INFO - [2024-11-14T09:40:38.076+0000] {dag.py:3239} INFO - Sync 1 DAGs
[2024-11-14T09:40:40.332+0000] {logging_mixin.py:190} INFO - [2024-11-14T09:40:40.309+0000] {dag.py:4180} INFO - Setting next_dagrun for example_sensors to None, run_after=None
[2024-11-14T09:40:42.048+0000] {processor.py:208} INFO - Processing /home/airflow/.local/lib/python3.12/site-packages/airflow/example_dags/example_sensors.py took 11.311 seconds
[2024-11-14T09:42:22.744+0000] {processor.py:186} INFO - Started process (PID=1006) to work on /home/airflow/.local/lib/python3.12/site-packages/airflow/example_dags/example_sensors.py
[2024-11-14T09:42:22.973+0000] {processor.py:914} INFO - Processing file /home/airflow/.local/lib/python3.12/site-packages/airflow/example_dags/example_sensors.py for tasks to queue
[2024-11-14T09:42:23.726+0000] {logging_mixin.py:190} INFO - [2024-11-14T09:42:23.723+0000] {dagbag.py:588} INFO - Filling up the DagBag from /home/airflow/.local/lib/python3.12/site-packages/airflow/example_dags/example_sensors.py
[2024-11-14T09:42:26.143+0000] {processor.py:925} INFO - DAG(s) 'example_sensors' retrieved from /home/airflow/.local/lib/python3.12/site-packages/airflow/example_dags/example_sensors.py
[2024-11-14T09:42:28.104+0000] {logging_mixin.py:190} INFO - [2024-11-14T09:42:28.102+0000] {dag.py:3239} INFO - Sync 1 DAGs
[2024-11-14T09:42:29.543+0000] {logging_mixin.py:190} INFO - [2024-11-14T09:42:29.542+0000] {dag.py:4180} INFO - Setting next_dagrun for example_sensors to None, run_after=None
[2024-11-14T09:42:31.618+0000] {processor.py:208} INFO - Processing /home/airflow/.local/lib/python3.12/site-packages/airflow/example_dags/example_sensors.py took 9.724 seconds
[2024-11-14T09:44:55.137+0000] {processor.py:186} INFO - Started process (PID=1079) to work on /home/airflow/.local/lib/python3.12/site-packages/airflow/example_dags/example_sensors.py
[2024-11-14T09:44:55.171+0000] {processor.py:914} INFO - Processing file /home/airflow/.local/lib/python3.12/site-packages/airflow/example_dags/example_sensors.py for tasks to queue
[2024-11-14T09:44:55.201+0000] {logging_mixin.py:190} INFO - [2024-11-14T09:44:55.199+0000] {dagbag.py:588} INFO - Filling up the DagBag from /home/airflow/.local/lib/python3.12/site-packages/airflow/example_dags/example_sensors.py
[2024-11-14T09:44:56.000+0000] {processor.py:925} INFO - DAG(s) 'example_sensors' retrieved from /home/airflow/.local/lib/python3.12/site-packages/airflow/example_dags/example_sensors.py
[2024-11-14T09:44:56.680+0000] {logging_mixin.py:190} INFO - [2024-11-14T09:44:56.679+0000] {dag.py:3239} INFO - Sync 1 DAGs
[2024-11-14T09:44:57.134+0000] {logging_mixin.py:190} INFO - [2024-11-14T09:44:57.116+0000] {dag.py:4180} INFO - Setting next_dagrun for example_sensors to None, run_after=None
[2024-11-14T09:44:58.112+0000] {processor.py:208} INFO - Processing /home/airflow/.local/lib/python3.12/site-packages/airflow/example_dags/example_sensors.py took 3.102 seconds
[2024-11-14T09:46:40.257+0000] {processor.py:186} INFO - Started process (PID=1146) to work on /home/airflow/.local/lib/python3.12/site-packages/airflow/example_dags/example_sensors.py
[2024-11-14T09:46:40.275+0000] {processor.py:914} INFO - Processing file /home/airflow/.local/lib/python3.12/site-packages/airflow/example_dags/example_sensors.py for tasks to queue
[2024-11-14T09:46:40.297+0000] {logging_mixin.py:190} INFO - [2024-11-14T09:46:40.296+0000] {dagbag.py:588} INFO - Filling up the DagBag from /home/airflow/.local/lib/python3.12/site-packages/airflow/example_dags/example_sensors.py
[2024-11-14T09:46:40.603+0000] {processor.py:925} INFO - DAG(s) 'example_sensors' retrieved from /home/airflow/.local/lib/python3.12/site-packages/airflow/example_dags/example_sensors.py
[2024-11-14T09:46:41.139+0000] {logging_mixin.py:190} INFO - [2024-11-14T09:46:41.138+0000] {dag.py:3239} INFO - Sync 1 DAGs
[2024-11-14T09:46:41.587+0000] {logging_mixin.py:190} INFO - [2024-11-14T09:46:41.585+0000] {dag.py:4180} INFO - Setting next_dagrun for example_sensors to None, run_after=None
[2024-11-14T09:46:41.954+0000] {processor.py:208} INFO - Processing /home/airflow/.local/lib/python3.12/site-packages/airflow/example_dags/example_sensors.py took 1.912 seconds
[2024-11-14T09:50:06.107+0000] {processor.py:186} INFO - Started process (PID=1260) to work on /home/airflow/.local/lib/python3.12/site-packages/airflow/example_dags/example_sensors.py
[2024-11-14T09:50:06.112+0000] {processor.py:914} INFO - Processing file /home/airflow/.local/lib/python3.12/site-packages/airflow/example_dags/example_sensors.py for tasks to queue
[2024-11-14T09:50:06.134+0000] {logging_mixin.py:190} INFO - [2024-11-14T09:50:06.126+0000] {dagbag.py:588} INFO - Filling up the DagBag from /home/airflow/.local/lib/python3.12/site-packages/airflow/example_dags/example_sensors.py
[2024-11-14T09:50:06.451+0000] {processor.py:925} INFO - DAG(s) 'example_sensors' retrieved from /home/airflow/.local/lib/python3.12/site-packages/airflow/example_dags/example_sensors.py
[2024-11-14T09:50:07.200+0000] {logging_mixin.py:190} INFO - [2024-11-14T09:50:07.199+0000] {dag.py:3239} INFO - Sync 1 DAGs
[2024-11-14T09:50:07.684+0000] {logging_mixin.py:190} INFO - [2024-11-14T09:50:07.683+0000] {dag.py:4180} INFO - Setting next_dagrun for example_sensors to None, run_after=None
[2024-11-14T09:50:07.975+0000] {processor.py:208} INFO - Processing /home/airflow/.local/lib/python3.12/site-packages/airflow/example_dags/example_sensors.py took 1.977 seconds
[2024-11-14T09:54:00.544+0000] {processor.py:186} INFO - Started process (PID=1383) to work on /home/airflow/.local/lib/python3.12/site-packages/airflow/example_dags/example_sensors.py
[2024-11-14T09:54:00.803+0000] {processor.py:914} INFO - Processing file /home/airflow/.local/lib/python3.12/site-packages/airflow/example_dags/example_sensors.py for tasks to queue
[2024-11-14T09:54:00.878+0000] {logging_mixin.py:190} INFO - [2024-11-14T09:54:00.876+0000] {dagbag.py:588} INFO - Filling up the DagBag from /home/airflow/.local/lib/python3.12/site-packages/airflow/example_dags/example_sensors.py
[2024-11-14T09:54:01.296+0000] {processor.py:925} INFO - DAG(s) 'example_sensors' retrieved from /home/airflow/.local/lib/python3.12/site-packages/airflow/example_dags/example_sensors.py
[2024-11-14T09:54:01.723+0000] {logging_mixin.py:190} INFO - [2024-11-14T09:54:01.720+0000] {dag.py:3239} INFO - Sync 1 DAGs
[2024-11-14T09:54:02.245+0000] {logging_mixin.py:190} INFO - [2024-11-14T09:54:02.244+0000] {dag.py:4180} INFO - Setting next_dagrun for example_sensors to None, run_after=None
[2024-11-14T09:54:02.546+0000] {processor.py:208} INFO - Processing /home/airflow/.local/lib/python3.12/site-packages/airflow/example_dags/example_sensors.py took 2.248 seconds
[2024-11-14T09:57:04.271+0000] {processor.py:186} INFO - Started process (PID=1502) to work on /home/airflow/.local/lib/python3.12/site-packages/airflow/example_dags/example_sensors.py
[2024-11-14T09:57:04.354+0000] {processor.py:914} INFO - Processing file /home/airflow/.local/lib/python3.12/site-packages/airflow/example_dags/example_sensors.py for tasks to queue
[2024-11-14T09:57:04.359+0000] {logging_mixin.py:190} INFO - [2024-11-14T09:57:04.358+0000] {dagbag.py:588} INFO - Filling up the DagBag from /home/airflow/.local/lib/python3.12/site-packages/airflow/example_dags/example_sensors.py
[2024-11-14T09:57:04.575+0000] {processor.py:925} INFO - DAG(s) 'example_sensors' retrieved from /home/airflow/.local/lib/python3.12/site-packages/airflow/example_dags/example_sensors.py
[2024-11-14T09:57:04.823+0000] {logging_mixin.py:190} INFO - [2024-11-14T09:57:04.822+0000] {dag.py:3239} INFO - Sync 1 DAGs
[2024-11-14T09:57:04.986+0000] {logging_mixin.py:190} INFO - [2024-11-14T09:57:04.985+0000] {dag.py:4180} INFO - Setting next_dagrun for example_sensors to None, run_after=None
[2024-11-14T09:57:05.096+0000] {processor.py:208} INFO - Processing /home/airflow/.local/lib/python3.12/site-packages/airflow/example_dags/example_sensors.py took 0.842 seconds
[2024-11-14T09:58:59.740+0000] {processor.py:186} INFO - Started process (PID=1597) to work on /home/airflow/.local/lib/python3.12/site-packages/airflow/example_dags/example_sensors.py
[2024-11-14T09:58:59.781+0000] {processor.py:914} INFO - Processing file /home/airflow/.local/lib/python3.12/site-packages/airflow/example_dags/example_sensors.py for tasks to queue
[2024-11-14T09:59:00.056+0000] {logging_mixin.py:190} INFO - [2024-11-14T09:59:00.053+0000] {dagbag.py:588} INFO - Filling up the DagBag from /home/airflow/.local/lib/python3.12/site-packages/airflow/example_dags/example_sensors.py
[2024-11-14T09:59:00.962+0000] {processor.py:925} INFO - DAG(s) 'example_sensors' retrieved from /home/airflow/.local/lib/python3.12/site-packages/airflow/example_dags/example_sensors.py
[2024-11-14T09:59:03.279+0000] {logging_mixin.py:190} INFO - [2024-11-14T09:59:03.245+0000] {dag.py:3239} INFO - Sync 1 DAGs
[2024-11-14T09:59:04.966+0000] {logging_mixin.py:190} INFO - [2024-11-14T09:59:04.966+0000] {dag.py:4180} INFO - Setting next_dagrun for example_sensors to None, run_after=None
[2024-11-14T09:59:05.706+0000] {processor.py:208} INFO - Processing /home/airflow/.local/lib/python3.12/site-packages/airflow/example_dags/example_sensors.py took 6.404 seconds
[2024-11-14T10:02:01.242+0000] {processor.py:186} INFO - Started process (PID=1709) to work on /home/airflow/.local/lib/python3.12/site-packages/airflow/example_dags/example_sensors.py
[2024-11-14T10:02:01.248+0000] {processor.py:914} INFO - Processing file /home/airflow/.local/lib/python3.12/site-packages/airflow/example_dags/example_sensors.py for tasks to queue
[2024-11-14T10:02:01.254+0000] {logging_mixin.py:190} INFO - [2024-11-14T10:02:01.252+0000] {dagbag.py:588} INFO - Filling up the DagBag from /home/airflow/.local/lib/python3.12/site-packages/airflow/example_dags/example_sensors.py
[2024-11-14T10:02:01.532+0000] {processor.py:925} INFO - DAG(s) 'example_sensors' retrieved from /home/airflow/.local/lib/python3.12/site-packages/airflow/example_dags/example_sensors.py
[2024-11-14T10:02:03.095+0000] {logging_mixin.py:190} INFO - [2024-11-14T10:02:03.078+0000] {dag.py:3239} INFO - Sync 1 DAGs
[2024-11-14T10:02:04.229+0000] {logging_mixin.py:190} INFO - [2024-11-14T10:02:04.069+0000] {dag.py:4180} INFO - Setting next_dagrun for example_sensors to None, run_after=None
[2024-11-14T10:02:04.807+0000] {processor.py:208} INFO - Processing /home/airflow/.local/lib/python3.12/site-packages/airflow/example_dags/example_sensors.py took 3.603 seconds
[2024-11-14T10:03:50.419+0000] {processor.py:186} INFO - Started process (PID=1800) to work on /home/airflow/.local/lib/python3.12/site-packages/airflow/example_dags/example_sensors.py
[2024-11-14T10:03:50.449+0000] {processor.py:914} INFO - Processing file /home/airflow/.local/lib/python3.12/site-packages/airflow/example_dags/example_sensors.py for tasks to queue
[2024-11-14T10:03:50.461+0000] {logging_mixin.py:190} INFO - [2024-11-14T10:03:50.455+0000] {dagbag.py:588} INFO - Filling up the DagBag from /home/airflow/.local/lib/python3.12/site-packages/airflow/example_dags/example_sensors.py
[2024-11-14T10:03:50.650+0000] {processor.py:925} INFO - DAG(s) 'example_sensors' retrieved from /home/airflow/.local/lib/python3.12/site-packages/airflow/example_dags/example_sensors.py
[2024-11-14T10:03:51.220+0000] {logging_mixin.py:190} INFO - [2024-11-14T10:03:51.166+0000] {dag.py:3239} INFO - Sync 1 DAGs
[2024-11-14T10:03:52.791+0000] {logging_mixin.py:190} INFO - [2024-11-14T10:03:52.790+0000] {dag.py:4180} INFO - Setting next_dagrun for example_sensors to None, run_after=None
[2024-11-14T10:03:53.249+0000] {processor.py:208} INFO - Processing /home/airflow/.local/lib/python3.12/site-packages/airflow/example_dags/example_sensors.py took 2.882 seconds
[2024-11-14T10:05:24.949+0000] {processor.py:186} INFO - Started process (PID=1861) to work on /home/airflow/.local/lib/python3.12/site-packages/airflow/example_dags/example_sensors.py
[2024-11-14T10:05:25.018+0000] {processor.py:914} INFO - Processing file /home/airflow/.local/lib/python3.12/site-packages/airflow/example_dags/example_sensors.py for tasks to queue
[2024-11-14T10:05:25.035+0000] {logging_mixin.py:190} INFO - [2024-11-14T10:05:25.033+0000] {dagbag.py:588} INFO - Filling up the DagBag from /home/airflow/.local/lib/python3.12/site-packages/airflow/example_dags/example_sensors.py
[2024-11-14T10:05:25.904+0000] {processor.py:925} INFO - DAG(s) 'example_sensors' retrieved from /home/airflow/.local/lib/python3.12/site-packages/airflow/example_dags/example_sensors.py
[2024-11-14T10:05:26.638+0000] {logging_mixin.py:190} INFO - [2024-11-14T10:05:26.626+0000] {dag.py:3239} INFO - Sync 1 DAGs
[2024-11-14T10:05:28.366+0000] {logging_mixin.py:190} INFO - [2024-11-14T10:05:28.365+0000] {dag.py:4180} INFO - Setting next_dagrun for example_sensors to None, run_after=None
[2024-11-14T10:05:28.705+0000] {processor.py:208} INFO - Processing /home/airflow/.local/lib/python3.12/site-packages/airflow/example_dags/example_sensors.py took 3.901 seconds
[2024-11-14T10:06:50.133+0000] {processor.py:186} INFO - Started process (PID=1917) to work on /home/airflow/.local/lib/python3.12/site-packages/airflow/example_dags/example_sensors.py
[2024-11-14T10:06:50.170+0000] {processor.py:914} INFO - Processing file /home/airflow/.local/lib/python3.12/site-packages/airflow/example_dags/example_sensors.py for tasks to queue
[2024-11-14T10:06:50.210+0000] {logging_mixin.py:190} INFO - [2024-11-14T10:06:50.198+0000] {dagbag.py:588} INFO - Filling up the DagBag from /home/airflow/.local/lib/python3.12/site-packages/airflow/example_dags/example_sensors.py
[2024-11-14T10:06:50.448+0000] {processor.py:925} INFO - DAG(s) 'example_sensors' retrieved from /home/airflow/.local/lib/python3.12/site-packages/airflow/example_dags/example_sensors.py
[2024-11-14T10:06:51.146+0000] {logging_mixin.py:190} INFO - [2024-11-14T10:06:51.145+0000] {dag.py:3239} INFO - Sync 1 DAGs
[2024-11-14T10:06:51.296+0000] {logging_mixin.py:190} INFO - [2024-11-14T10:06:51.296+0000] {dag.py:4180} INFO - Setting next_dagrun for example_sensors to None, run_after=None
[2024-11-14T10:06:51.842+0000] {processor.py:208} INFO - Processing /home/airflow/.local/lib/python3.12/site-packages/airflow/example_dags/example_sensors.py took 1.867 seconds
[2024-11-14T10:11:48.408+0000] {processor.py:186} INFO - Started process (PID=2039) to work on /home/airflow/.local/lib/python3.12/site-packages/airflow/example_dags/example_sensors.py
[2024-11-14T10:11:48.480+0000] {processor.py:914} INFO - Processing file /home/airflow/.local/lib/python3.12/site-packages/airflow/example_dags/example_sensors.py for tasks to queue
[2024-11-14T10:11:48.742+0000] {logging_mixin.py:190} INFO - [2024-11-14T10:11:48.734+0000] {dagbag.py:588} INFO - Filling up the DagBag from /home/airflow/.local/lib/python3.12/site-packages/airflow/example_dags/example_sensors.py
[2024-11-14T10:11:49.819+0000] {processor.py:925} INFO - DAG(s) 'example_sensors' retrieved from /home/airflow/.local/lib/python3.12/site-packages/airflow/example_dags/example_sensors.py
[2024-11-14T10:11:52.178+0000] {logging_mixin.py:190} INFO - [2024-11-14T10:11:52.176+0000] {dag.py:3239} INFO - Sync 1 DAGs
[2024-11-14T10:11:52.606+0000] {logging_mixin.py:190} INFO - [2024-11-14T10:11:52.605+0000] {dag.py:4180} INFO - Setting next_dagrun for example_sensors to None, run_after=None
[2024-11-14T10:11:53.094+0000] {processor.py:208} INFO - Processing /home/airflow/.local/lib/python3.12/site-packages/airflow/example_dags/example_sensors.py took 5.649 seconds
