[2024-11-14T07:32:06.912+0000] {processor.py:186} INFO - Started process (PID=137) to work on /home/airflow/.local/lib/python3.12/site-packages/airflow/example_dags/example_python_decorator.py
[2024-11-14T07:32:06.918+0000] {processor.py:914} INFO - Processing file /home/airflow/.local/lib/python3.12/site-packages/airflow/example_dags/example_python_decorator.py for tasks to queue
[2024-11-14T07:32:06.940+0000] {logging_mixin.py:190} INFO - [2024-11-14T07:32:06.939+0000] {dagbag.py:588} INFO - Filling up the DagBag from /home/airflow/.local/lib/python3.12/site-packages/airflow/example_dags/example_python_decorator.py
[2024-11-14T07:32:07.079+0000] {processor.py:925} INFO - DAG(s) 'example_python_decorator' retrieved from /home/airflow/.local/lib/python3.12/site-packages/airflow/example_dags/example_python_decorator.py
[2024-11-14T07:32:07.937+0000] {logging_mixin.py:190} INFO - [2024-11-14T07:32:07.937+0000] {dag.py:3239} INFO - Sync 1 DAGs
[2024-11-14T07:32:08.045+0000] {logging_mixin.py:190} INFO - [2024-11-14T07:32:08.045+0000] {dag.py:4180} INFO - Setting next_dagrun for example_python_decorator to None, run_after=None
[2024-11-14T07:32:08.252+0000] {processor.py:208} INFO - Processing /home/airflow/.local/lib/python3.12/site-packages/airflow/example_dags/example_python_decorator.py took 1.383 seconds
[2024-11-14T07:36:09.228+0000] {processor.py:186} INFO - Started process (PID=256) to work on /home/airflow/.local/lib/python3.12/site-packages/airflow/example_dags/example_python_decorator.py
[2024-11-14T07:36:09.278+0000] {processor.py:914} INFO - Processing file /home/airflow/.local/lib/python3.12/site-packages/airflow/example_dags/example_python_decorator.py for tasks to queue
[2024-11-14T07:36:09.596+0000] {logging_mixin.py:190} INFO - [2024-11-14T07:36:09.595+0000] {dagbag.py:588} INFO - Filling up the DagBag from /home/airflow/.local/lib/python3.12/site-packages/airflow/example_dags/example_python_decorator.py
[2024-11-14T07:36:10.288+0000] {processor.py:925} INFO - DAG(s) 'example_python_decorator' retrieved from /home/airflow/.local/lib/python3.12/site-packages/airflow/example_dags/example_python_decorator.py
[2024-11-14T07:36:11.226+0000] {logging_mixin.py:190} INFO - [2024-11-14T07:36:11.203+0000] {dag.py:3239} INFO - Sync 1 DAGs
[2024-11-14T07:36:11.817+0000] {logging_mixin.py:190} INFO - [2024-11-14T07:36:11.816+0000] {dag.py:4180} INFO - Setting next_dagrun for example_python_decorator to None, run_after=None
[2024-11-14T07:36:13.154+0000] {processor.py:208} INFO - Processing /home/airflow/.local/lib/python3.12/site-packages/airflow/example_dags/example_python_decorator.py took 4.079 seconds
[2024-11-14T07:48:16.630+0000] {processor.py:186} INFO - Started process (PID=447) to work on /home/airflow/.local/lib/python3.12/site-packages/airflow/example_dags/example_python_decorator.py
[2024-11-14T07:48:16.665+0000] {processor.py:914} INFO - Processing file /home/airflow/.local/lib/python3.12/site-packages/airflow/example_dags/example_python_decorator.py for tasks to queue
[2024-11-14T07:48:16.756+0000] {logging_mixin.py:190} INFO - [2024-11-14T07:48:16.755+0000] {dagbag.py:588} INFO - Filling up the DagBag from /home/airflow/.local/lib/python3.12/site-packages/airflow/example_dags/example_python_decorator.py
[2024-11-14T07:48:17.286+0000] {processor.py:925} INFO - DAG(s) 'example_python_decorator' retrieved from /home/airflow/.local/lib/python3.12/site-packages/airflow/example_dags/example_python_decorator.py
[2024-11-14T07:48:17.746+0000] {logging_mixin.py:190} INFO - [2024-11-14T07:48:17.745+0000] {dag.py:3239} INFO - Sync 1 DAGs
[2024-11-14T07:48:17.911+0000] {logging_mixin.py:190} INFO - [2024-11-14T07:48:17.910+0000] {dag.py:4180} INFO - Setting next_dagrun for example_python_decorator to None, run_after=None
[2024-11-14T07:48:18.124+0000] {processor.py:208} INFO - Processing /home/airflow/.local/lib/python3.12/site-packages/airflow/example_dags/example_python_decorator.py took 1.589 seconds
[2024-11-14T07:50:55.392+0000] {processor.py:186} INFO - Started process (PID=555) to work on /home/airflow/.local/lib/python3.12/site-packages/airflow/example_dags/example_python_decorator.py
[2024-11-14T07:50:55.432+0000] {processor.py:914} INFO - Processing file /home/airflow/.local/lib/python3.12/site-packages/airflow/example_dags/example_python_decorator.py for tasks to queue
[2024-11-14T07:50:55.446+0000] {logging_mixin.py:190} INFO - [2024-11-14T07:50:55.445+0000] {dagbag.py:588} INFO - Filling up the DagBag from /home/airflow/.local/lib/python3.12/site-packages/airflow/example_dags/example_python_decorator.py
[2024-11-14T07:50:55.701+0000] {processor.py:925} INFO - DAG(s) 'example_python_decorator' retrieved from /home/airflow/.local/lib/python3.12/site-packages/airflow/example_dags/example_python_decorator.py
[2024-11-14T07:50:56.169+0000] {logging_mixin.py:190} INFO - [2024-11-14T07:50:56.169+0000] {dag.py:3239} INFO - Sync 1 DAGs
[2024-11-14T07:50:56.486+0000] {logging_mixin.py:190} INFO - [2024-11-14T07:50:56.469+0000] {dag.py:4180} INFO - Setting next_dagrun for example_python_decorator to None, run_after=None
[2024-11-14T07:50:56.679+0000] {processor.py:208} INFO - Processing /home/airflow/.local/lib/python3.12/site-packages/airflow/example_dags/example_python_decorator.py took 1.347 seconds
[2024-11-14T07:55:21.443+0000] {processor.py:186} INFO - Started process (PID=679) to work on /home/airflow/.local/lib/python3.12/site-packages/airflow/example_dags/example_python_decorator.py
[2024-11-14T07:55:21.509+0000] {processor.py:914} INFO - Processing file /home/airflow/.local/lib/python3.12/site-packages/airflow/example_dags/example_python_decorator.py for tasks to queue
[2024-11-14T07:55:21.576+0000] {logging_mixin.py:190} INFO - [2024-11-14T07:55:21.574+0000] {dagbag.py:588} INFO - Filling up the DagBag from /home/airflow/.local/lib/python3.12/site-packages/airflow/example_dags/example_python_decorator.py
[2024-11-14T07:55:22.189+0000] {processor.py:925} INFO - DAG(s) 'example_python_decorator' retrieved from /home/airflow/.local/lib/python3.12/site-packages/airflow/example_dags/example_python_decorator.py
[2024-11-14T07:55:22.921+0000] {logging_mixin.py:190} INFO - [2024-11-14T07:55:22.919+0000] {dag.py:3239} INFO - Sync 1 DAGs
[2024-11-14T07:55:23.627+0000] {logging_mixin.py:190} INFO - [2024-11-14T07:55:23.581+0000] {dag.py:4180} INFO - Setting next_dagrun for example_python_decorator to None, run_after=None
[2024-11-14T07:55:24.139+0000] {processor.py:208} INFO - Processing /home/airflow/.local/lib/python3.12/site-packages/airflow/example_dags/example_python_decorator.py took 2.963 seconds
[2024-11-14T07:58:10.375+0000] {processor.py:186} INFO - Started process (PID=789) to work on /home/airflow/.local/lib/python3.12/site-packages/airflow/example_dags/example_python_decorator.py
[2024-11-14T07:58:10.412+0000] {processor.py:914} INFO - Processing file /home/airflow/.local/lib/python3.12/site-packages/airflow/example_dags/example_python_decorator.py for tasks to queue
[2024-11-14T07:58:10.422+0000] {logging_mixin.py:190} INFO - [2024-11-14T07:58:10.420+0000] {dagbag.py:588} INFO - Filling up the DagBag from /home/airflow/.local/lib/python3.12/site-packages/airflow/example_dags/example_python_decorator.py
[2024-11-14T07:58:10.562+0000] {processor.py:925} INFO - DAG(s) 'example_python_decorator' retrieved from /home/airflow/.local/lib/python3.12/site-packages/airflow/example_dags/example_python_decorator.py
[2024-11-14T07:58:10.817+0000] {logging_mixin.py:190} INFO - [2024-11-14T07:58:10.816+0000] {dag.py:3239} INFO - Sync 1 DAGs
[2024-11-14T07:58:10.978+0000] {logging_mixin.py:190} INFO - [2024-11-14T07:58:10.978+0000] {dag.py:4180} INFO - Setting next_dagrun for example_python_decorator to None, run_after=None
[2024-11-14T07:58:11.139+0000] {processor.py:208} INFO - Processing /home/airflow/.local/lib/python3.12/site-packages/airflow/example_dags/example_python_decorator.py took 0.807 seconds
[2024-11-14T07:59:58.611+0000] {processor.py:186} INFO - Started process (PID=882) to work on /home/airflow/.local/lib/python3.12/site-packages/airflow/example_dags/example_python_decorator.py
[2024-11-14T07:59:58.619+0000] {processor.py:914} INFO - Processing file /home/airflow/.local/lib/python3.12/site-packages/airflow/example_dags/example_python_decorator.py for tasks to queue
[2024-11-14T07:59:58.624+0000] {logging_mixin.py:190} INFO - [2024-11-14T07:59:58.623+0000] {dagbag.py:588} INFO - Filling up the DagBag from /home/airflow/.local/lib/python3.12/site-packages/airflow/example_dags/example_python_decorator.py
[2024-11-14T07:59:59.383+0000] {processor.py:925} INFO - DAG(s) 'example_python_decorator' retrieved from /home/airflow/.local/lib/python3.12/site-packages/airflow/example_dags/example_python_decorator.py
[2024-11-14T08:00:01.779+0000] {logging_mixin.py:190} INFO - [2024-11-14T08:00:01.775+0000] {dag.py:3239} INFO - Sync 1 DAGs
[2024-11-14T08:00:01.941+0000] {logging_mixin.py:190} INFO - [2024-11-14T08:00:01.939+0000] {dag.py:4180} INFO - Setting next_dagrun for example_python_decorator to None, run_after=None
[2024-11-14T08:00:02.110+0000] {processor.py:208} INFO - Processing /home/airflow/.local/lib/python3.12/site-packages/airflow/example_dags/example_python_decorator.py took 3.552 seconds
[2024-11-14T08:02:40.039+0000] {processor.py:186} INFO - Started process (PID=991) to work on /home/airflow/.local/lib/python3.12/site-packages/airflow/example_dags/example_python_decorator.py
[2024-11-14T08:02:40.060+0000] {processor.py:914} INFO - Processing file /home/airflow/.local/lib/python3.12/site-packages/airflow/example_dags/example_python_decorator.py for tasks to queue
[2024-11-14T08:02:40.082+0000] {logging_mixin.py:190} INFO - [2024-11-14T08:02:40.081+0000] {dagbag.py:588} INFO - Filling up the DagBag from /home/airflow/.local/lib/python3.12/site-packages/airflow/example_dags/example_python_decorator.py
[2024-11-14T08:02:40.327+0000] {processor.py:925} INFO - DAG(s) 'example_python_decorator' retrieved from /home/airflow/.local/lib/python3.12/site-packages/airflow/example_dags/example_python_decorator.py
[2024-11-14T08:02:40.650+0000] {logging_mixin.py:190} INFO - [2024-11-14T08:02:40.649+0000] {dag.py:3239} INFO - Sync 1 DAGs
[2024-11-14T08:02:40.852+0000] {logging_mixin.py:190} INFO - [2024-11-14T08:02:40.851+0000] {dag.py:4180} INFO - Setting next_dagrun for example_python_decorator to None, run_after=None
[2024-11-14T08:02:41.168+0000] {processor.py:208} INFO - Processing /home/airflow/.local/lib/python3.12/site-packages/airflow/example_dags/example_python_decorator.py took 1.185 seconds
[2024-11-14T08:05:41.257+0000] {processor.py:186} INFO - Started process (PID=1078) to work on /home/airflow/.local/lib/python3.12/site-packages/airflow/example_dags/example_python_decorator.py
[2024-11-14T08:05:41.401+0000] {processor.py:914} INFO - Processing file /home/airflow/.local/lib/python3.12/site-packages/airflow/example_dags/example_python_decorator.py for tasks to queue
[2024-11-14T08:05:41.539+0000] {logging_mixin.py:190} INFO - [2024-11-14T08:05:41.537+0000] {dagbag.py:588} INFO - Filling up the DagBag from /home/airflow/.local/lib/python3.12/site-packages/airflow/example_dags/example_python_decorator.py
[2024-11-14T08:05:49.669+0000] {processor.py:925} INFO - DAG(s) 'example_python_decorator' retrieved from /home/airflow/.local/lib/python3.12/site-packages/airflow/example_dags/example_python_decorator.py
[2024-11-14T08:06:25.519+0000] {logging_mixin.py:190} INFO - [2024-11-14T08:06:24.468+0000] {dag.py:3239} INFO - Sync 1 DAGs
[2024-11-14T08:21:03.625+0000] {processor.py:186} INFO - Started process (PID=1290) to work on /home/airflow/.local/lib/python3.12/site-packages/airflow/example_dags/example_python_decorator.py
[2024-11-14T08:21:03.770+0000] {processor.py:914} INFO - Processing file /home/airflow/.local/lib/python3.12/site-packages/airflow/example_dags/example_python_decorator.py for tasks to queue
[2024-11-14T08:21:03.803+0000] {logging_mixin.py:190} INFO - [2024-11-14T08:21:03.784+0000] {dagbag.py:588} INFO - Filling up the DagBag from /home/airflow/.local/lib/python3.12/site-packages/airflow/example_dags/example_python_decorator.py
[2024-11-14T08:21:07.597+0000] {processor.py:925} INFO - DAG(s) 'example_python_decorator' retrieved from /home/airflow/.local/lib/python3.12/site-packages/airflow/example_dags/example_python_decorator.py
[2024-11-14T08:21:37.119+0000] {logging_mixin.py:190} INFO - [2024-11-14T08:21:37.109+0000] {dag.py:3239} INFO - Sync 1 DAGs
[2024-11-14T08:21:42.030+0000] {logging_mixin.py:190} INFO - [2024-11-14T08:21:42.029+0000] {dag.py:4180} INFO - Setting next_dagrun for example_python_decorator to None, run_after=None
[2024-11-14T08:21:44.966+0000] {processor.py:208} INFO - Processing /home/airflow/.local/lib/python3.12/site-packages/airflow/example_dags/example_python_decorator.py took 43.050 seconds
[2024-11-14T09:21:18.299+0000] {processor.py:186} INFO - Started process (PID=236) to work on /home/airflow/.local/lib/python3.12/site-packages/airflow/example_dags/example_python_decorator.py
[2024-11-14T09:21:18.305+0000] {processor.py:914} INFO - Processing file /home/airflow/.local/lib/python3.12/site-packages/airflow/example_dags/example_python_decorator.py for tasks to queue
[2024-11-14T09:21:18.335+0000] {logging_mixin.py:190} INFO - [2024-11-14T09:21:18.332+0000] {dagbag.py:588} INFO - Filling up the DagBag from /home/airflow/.local/lib/python3.12/site-packages/airflow/example_dags/example_python_decorator.py
[2024-11-14T09:21:18.702+0000] {processor.py:925} INFO - DAG(s) 'example_python_decorator' retrieved from /home/airflow/.local/lib/python3.12/site-packages/airflow/example_dags/example_python_decorator.py
[2024-11-14T09:21:20.960+0000] {logging_mixin.py:190} INFO - [2024-11-14T09:21:20.959+0000] {dag.py:3239} INFO - Sync 1 DAGs
[2024-11-14T09:21:21.124+0000] {logging_mixin.py:190} INFO - [2024-11-14T09:21:21.123+0000] {dag.py:4180} INFO - Setting next_dagrun for example_python_decorator to None, run_after=None
[2024-11-14T09:21:21.500+0000] {processor.py:208} INFO - Processing /home/airflow/.local/lib/python3.12/site-packages/airflow/example_dags/example_python_decorator.py took 3.301 seconds
[2024-11-14T09:22:52.182+0000] {processor.py:186} INFO - Started process (PID=321) to work on /home/airflow/.local/lib/python3.12/site-packages/airflow/example_dags/example_python_decorator.py
[2024-11-14T09:22:52.200+0000] {processor.py:914} INFO - Processing file /home/airflow/.local/lib/python3.12/site-packages/airflow/example_dags/example_python_decorator.py for tasks to queue
[2024-11-14T09:22:52.252+0000] {logging_mixin.py:190} INFO - [2024-11-14T09:22:52.250+0000] {dagbag.py:588} INFO - Filling up the DagBag from /home/airflow/.local/lib/python3.12/site-packages/airflow/example_dags/example_python_decorator.py
[2024-11-14T09:22:53.764+0000] {processor.py:925} INFO - DAG(s) 'example_python_decorator' retrieved from /home/airflow/.local/lib/python3.12/site-packages/airflow/example_dags/example_python_decorator.py
[2024-11-14T09:22:55.512+0000] {logging_mixin.py:190} INFO - [2024-11-14T09:22:55.511+0000] {dag.py:3239} INFO - Sync 1 DAGs
[2024-11-14T09:22:55.899+0000] {logging_mixin.py:190} INFO - [2024-11-14T09:22:55.898+0000] {dag.py:4180} INFO - Setting next_dagrun for example_python_decorator to None, run_after=None
[2024-11-14T09:22:56.317+0000] {processor.py:208} INFO - Processing /home/airflow/.local/lib/python3.12/site-packages/airflow/example_dags/example_python_decorator.py took 4.371 seconds
[2024-11-14T09:25:26.768+0000] {processor.py:186} INFO - Started process (PID=425) to work on /home/airflow/.local/lib/python3.12/site-packages/airflow/example_dags/example_python_decorator.py
[2024-11-14T09:25:26.813+0000] {processor.py:914} INFO - Processing file /home/airflow/.local/lib/python3.12/site-packages/airflow/example_dags/example_python_decorator.py for tasks to queue
[2024-11-14T09:25:26.839+0000] {logging_mixin.py:190} INFO - [2024-11-14T09:25:26.838+0000] {dagbag.py:588} INFO - Filling up the DagBag from /home/airflow/.local/lib/python3.12/site-packages/airflow/example_dags/example_python_decorator.py
[2024-11-14T09:25:27.211+0000] {processor.py:925} INFO - DAG(s) 'example_python_decorator' retrieved from /home/airflow/.local/lib/python3.12/site-packages/airflow/example_dags/example_python_decorator.py
[2024-11-14T09:25:27.530+0000] {logging_mixin.py:190} INFO - [2024-11-14T09:25:27.524+0000] {dag.py:3239} INFO - Sync 1 DAGs
[2024-11-14T09:25:28.098+0000] {logging_mixin.py:190} INFO - [2024-11-14T09:25:28.098+0000] {dag.py:4180} INFO - Setting next_dagrun for example_python_decorator to None, run_after=None
[2024-11-14T09:25:28.287+0000] {processor.py:208} INFO - Processing /home/airflow/.local/lib/python3.12/site-packages/airflow/example_dags/example_python_decorator.py took 1.593 seconds
[2024-11-14T09:27:34.948+0000] {processor.py:186} INFO - Started process (PID=525) to work on /home/airflow/.local/lib/python3.12/site-packages/airflow/example_dags/example_python_decorator.py
[2024-11-14T09:27:34.966+0000] {processor.py:914} INFO - Processing file /home/airflow/.local/lib/python3.12/site-packages/airflow/example_dags/example_python_decorator.py for tasks to queue
[2024-11-14T09:27:34.990+0000] {logging_mixin.py:190} INFO - [2024-11-14T09:27:34.989+0000] {dagbag.py:588} INFO - Filling up the DagBag from /home/airflow/.local/lib/python3.12/site-packages/airflow/example_dags/example_python_decorator.py
[2024-11-14T09:27:35.391+0000] {processor.py:925} INFO - DAG(s) 'example_python_decorator' retrieved from /home/airflow/.local/lib/python3.12/site-packages/airflow/example_dags/example_python_decorator.py
[2024-11-14T09:27:35.967+0000] {logging_mixin.py:190} INFO - [2024-11-14T09:27:35.965+0000] {dag.py:3239} INFO - Sync 1 DAGs
[2024-11-14T09:27:36.410+0000] {logging_mixin.py:190} INFO - [2024-11-14T09:27:36.409+0000] {dag.py:4180} INFO - Setting next_dagrun for example_python_decorator to None, run_after=None
[2024-11-14T09:27:37.074+0000] {processor.py:208} INFO - Processing /home/airflow/.local/lib/python3.12/site-packages/airflow/example_dags/example_python_decorator.py took 2.421 seconds
[2024-11-14T09:29:29.706+0000] {processor.py:186} INFO - Started process (PID=619) to work on /home/airflow/.local/lib/python3.12/site-packages/airflow/example_dags/example_python_decorator.py
[2024-11-14T09:29:29.724+0000] {processor.py:914} INFO - Processing file /home/airflow/.local/lib/python3.12/site-packages/airflow/example_dags/example_python_decorator.py for tasks to queue
[2024-11-14T09:29:29.742+0000] {logging_mixin.py:190} INFO - [2024-11-14T09:29:29.740+0000] {dagbag.py:588} INFO - Filling up the DagBag from /home/airflow/.local/lib/python3.12/site-packages/airflow/example_dags/example_python_decorator.py
[2024-11-14T09:29:29.961+0000] {processor.py:925} INFO - DAG(s) 'example_python_decorator' retrieved from /home/airflow/.local/lib/python3.12/site-packages/airflow/example_dags/example_python_decorator.py
[2024-11-14T09:29:30.176+0000] {logging_mixin.py:190} INFO - [2024-11-14T09:29:30.175+0000] {dag.py:3239} INFO - Sync 1 DAGs
[2024-11-14T09:29:30.607+0000] {logging_mixin.py:190} INFO - [2024-11-14T09:29:30.606+0000] {dag.py:4180} INFO - Setting next_dagrun for example_python_decorator to None, run_after=None
[2024-11-14T09:29:30.891+0000] {processor.py:208} INFO - Processing /home/airflow/.local/lib/python3.12/site-packages/airflow/example_dags/example_python_decorator.py took 1.253 seconds
[2024-11-14T09:33:58.445+0000] {processor.py:186} INFO - Started process (PID=739) to work on /home/airflow/.local/lib/python3.12/site-packages/airflow/example_dags/example_python_decorator.py
[2024-11-14T09:33:58.490+0000] {processor.py:914} INFO - Processing file /home/airflow/.local/lib/python3.12/site-packages/airflow/example_dags/example_python_decorator.py for tasks to queue
[2024-11-14T09:33:58.507+0000] {logging_mixin.py:190} INFO - [2024-11-14T09:33:58.505+0000] {dagbag.py:588} INFO - Filling up the DagBag from /home/airflow/.local/lib/python3.12/site-packages/airflow/example_dags/example_python_decorator.py
[2024-11-14T09:33:58.990+0000] {processor.py:925} INFO - DAG(s) 'example_python_decorator' retrieved from /home/airflow/.local/lib/python3.12/site-packages/airflow/example_dags/example_python_decorator.py
[2024-11-14T09:33:59.469+0000] {logging_mixin.py:190} INFO - [2024-11-14T09:33:59.467+0000] {dag.py:3239} INFO - Sync 1 DAGs
[2024-11-14T09:34:00.133+0000] {logging_mixin.py:190} INFO - [2024-11-14T09:34:00.133+0000] {dag.py:4180} INFO - Setting next_dagrun for example_python_decorator to None, run_after=None
[2024-11-14T09:34:00.571+0000] {processor.py:208} INFO - Processing /home/airflow/.local/lib/python3.12/site-packages/airflow/example_dags/example_python_decorator.py took 2.605 seconds
[2024-11-14T09:38:26.820+0000] {processor.py:186} INFO - Started process (PID=880) to work on /home/airflow/.local/lib/python3.12/site-packages/airflow/example_dags/example_python_decorator.py
[2024-11-14T09:38:26.840+0000] {processor.py:914} INFO - Processing file /home/airflow/.local/lib/python3.12/site-packages/airflow/example_dags/example_python_decorator.py for tasks to queue
[2024-11-14T09:38:26.980+0000] {logging_mixin.py:190} INFO - [2024-11-14T09:38:26.968+0000] {dagbag.py:588} INFO - Filling up the DagBag from /home/airflow/.local/lib/python3.12/site-packages/airflow/example_dags/example_python_decorator.py
[2024-11-14T09:38:29.412+0000] {processor.py:925} INFO - DAG(s) 'example_python_decorator' retrieved from /home/airflow/.local/lib/python3.12/site-packages/airflow/example_dags/example_python_decorator.py
[2024-11-14T09:38:34.245+0000] {logging_mixin.py:190} INFO - [2024-11-14T09:38:34.063+0000] {dag.py:3239} INFO - Sync 1 DAGs
[2024-11-14T09:38:36.964+0000] {logging_mixin.py:190} INFO - [2024-11-14T09:38:36.963+0000] {dag.py:4180} INFO - Setting next_dagrun for example_python_decorator to None, run_after=None
[2024-11-14T09:38:39.053+0000] {processor.py:208} INFO - Processing /home/airflow/.local/lib/python3.12/site-packages/airflow/example_dags/example_python_decorator.py took 12.668 seconds
[2024-11-14T09:42:42.646+0000] {processor.py:186} INFO - Started process (PID=1017) to work on /home/airflow/.local/lib/python3.12/site-packages/airflow/example_dags/example_python_decorator.py
[2024-11-14T09:42:42.675+0000] {processor.py:914} INFO - Processing file /home/airflow/.local/lib/python3.12/site-packages/airflow/example_dags/example_python_decorator.py for tasks to queue
[2024-11-14T09:42:42.739+0000] {logging_mixin.py:190} INFO - [2024-11-14T09:42:42.737+0000] {dagbag.py:588} INFO - Filling up the DagBag from /home/airflow/.local/lib/python3.12/site-packages/airflow/example_dags/example_python_decorator.py
[2024-11-14T09:42:43.178+0000] {processor.py:925} INFO - DAG(s) 'example_python_decorator' retrieved from /home/airflow/.local/lib/python3.12/site-packages/airflow/example_dags/example_python_decorator.py
[2024-11-14T09:42:43.471+0000] {logging_mixin.py:190} INFO - [2024-11-14T09:42:43.470+0000] {dag.py:3239} INFO - Sync 1 DAGs
[2024-11-14T09:42:43.756+0000] {logging_mixin.py:190} INFO - [2024-11-14T09:42:43.704+0000] {dag.py:4180} INFO - Setting next_dagrun for example_python_decorator to None, run_after=None
[2024-11-14T09:42:45.426+0000] {processor.py:208} INFO - Processing /home/airflow/.local/lib/python3.12/site-packages/airflow/example_dags/example_python_decorator.py took 3.035 seconds
[2024-11-14T09:45:49.003+0000] {processor.py:186} INFO - Started process (PID=1103) to work on /home/airflow/.local/lib/python3.12/site-packages/airflow/example_dags/example_python_decorator.py
[2024-11-14T09:45:49.033+0000] {processor.py:914} INFO - Processing file /home/airflow/.local/lib/python3.12/site-packages/airflow/example_dags/example_python_decorator.py for tasks to queue
[2024-11-14T09:45:49.127+0000] {logging_mixin.py:190} INFO - [2024-11-14T09:45:49.126+0000] {dagbag.py:588} INFO - Filling up the DagBag from /home/airflow/.local/lib/python3.12/site-packages/airflow/example_dags/example_python_decorator.py
[2024-11-14T09:45:49.964+0000] {processor.py:925} INFO - DAG(s) 'example_python_decorator' retrieved from /home/airflow/.local/lib/python3.12/site-packages/airflow/example_dags/example_python_decorator.py
[2024-11-14T09:45:50.624+0000] {logging_mixin.py:190} INFO - [2024-11-14T09:45:50.623+0000] {dag.py:3239} INFO - Sync 1 DAGs
[2024-11-14T09:45:51.042+0000] {logging_mixin.py:190} INFO - [2024-11-14T09:45:51.041+0000] {dag.py:4180} INFO - Setting next_dagrun for example_python_decorator to None, run_after=None
[2024-11-14T09:45:51.446+0000] {processor.py:208} INFO - Processing /home/airflow/.local/lib/python3.12/site-packages/airflow/example_dags/example_python_decorator.py took 2.980 seconds
[2024-11-14T09:48:10.149+0000] {processor.py:186} INFO - Started process (PID=1212) to work on /home/airflow/.local/lib/python3.12/site-packages/airflow/example_dags/example_python_decorator.py
[2024-11-14T09:48:10.169+0000] {processor.py:914} INFO - Processing file /home/airflow/.local/lib/python3.12/site-packages/airflow/example_dags/example_python_decorator.py for tasks to queue
[2024-11-14T09:48:10.218+0000] {logging_mixin.py:190} INFO - [2024-11-14T09:48:10.217+0000] {dagbag.py:588} INFO - Filling up the DagBag from /home/airflow/.local/lib/python3.12/site-packages/airflow/example_dags/example_python_decorator.py
[2024-11-14T09:48:10.697+0000] {processor.py:925} INFO - DAG(s) 'example_python_decorator' retrieved from /home/airflow/.local/lib/python3.12/site-packages/airflow/example_dags/example_python_decorator.py
[2024-11-14T09:48:11.300+0000] {logging_mixin.py:190} INFO - [2024-11-14T09:48:11.299+0000] {dag.py:3239} INFO - Sync 1 DAGs
[2024-11-14T09:48:11.557+0000] {logging_mixin.py:190} INFO - [2024-11-14T09:48:11.556+0000] {dag.py:4180} INFO - Setting next_dagrun for example_python_decorator to None, run_after=None
[2024-11-14T09:48:11.878+0000] {processor.py:208} INFO - Processing /home/airflow/.local/lib/python3.12/site-packages/airflow/example_dags/example_python_decorator.py took 1.886 seconds
[2024-11-14T09:51:50.890+0000] {processor.py:186} INFO - Started process (PID=1329) to work on /home/airflow/.local/lib/python3.12/site-packages/airflow/example_dags/example_python_decorator.py
[2024-11-14T09:51:50.906+0000] {processor.py:914} INFO - Processing file /home/airflow/.local/lib/python3.12/site-packages/airflow/example_dags/example_python_decorator.py for tasks to queue
[2024-11-14T09:51:51.036+0000] {logging_mixin.py:190} INFO - [2024-11-14T09:51:51.034+0000] {dagbag.py:588} INFO - Filling up the DagBag from /home/airflow/.local/lib/python3.12/site-packages/airflow/example_dags/example_python_decorator.py
[2024-11-14T09:51:53.016+0000] {processor.py:925} INFO - DAG(s) 'example_python_decorator' retrieved from /home/airflow/.local/lib/python3.12/site-packages/airflow/example_dags/example_python_decorator.py
[2024-11-14T09:51:53.625+0000] {logging_mixin.py:190} INFO - [2024-11-14T09:51:53.624+0000] {dag.py:3239} INFO - Sync 1 DAGs
[2024-11-14T09:51:54.024+0000] {logging_mixin.py:190} INFO - [2024-11-14T09:51:54.023+0000] {dag.py:4180} INFO - Setting next_dagrun for example_python_decorator to None, run_after=None
[2024-11-14T09:51:54.691+0000] {processor.py:208} INFO - Processing /home/airflow/.local/lib/python3.12/site-packages/airflow/example_dags/example_python_decorator.py took 4.031 seconds
[2024-11-14T09:56:09.534+0000] {processor.py:186} INFO - Started process (PID=1461) to work on /home/airflow/.local/lib/python3.12/site-packages/airflow/example_dags/example_python_decorator.py
[2024-11-14T09:56:09.625+0000] {processor.py:914} INFO - Processing file /home/airflow/.local/lib/python3.12/site-packages/airflow/example_dags/example_python_decorator.py for tasks to queue
[2024-11-14T09:56:09.629+0000] {logging_mixin.py:190} INFO - [2024-11-14T09:56:09.628+0000] {dagbag.py:588} INFO - Filling up the DagBag from /home/airflow/.local/lib/python3.12/site-packages/airflow/example_dags/example_python_decorator.py
[2024-11-14T09:56:09.849+0000] {processor.py:925} INFO - DAG(s) 'example_python_decorator' retrieved from /home/airflow/.local/lib/python3.12/site-packages/airflow/example_dags/example_python_decorator.py
[2024-11-14T09:56:10.167+0000] {logging_mixin.py:190} INFO - [2024-11-14T09:56:10.166+0000] {dag.py:3239} INFO - Sync 1 DAGs
[2024-11-14T09:56:11.186+0000] {logging_mixin.py:190} INFO - [2024-11-14T09:56:11.185+0000] {dag.py:4180} INFO - Setting next_dagrun for example_python_decorator to None, run_after=None
[2024-11-14T09:56:11.771+0000] {processor.py:208} INFO - Processing /home/airflow/.local/lib/python3.12/site-packages/airflow/example_dags/example_python_decorator.py took 2.325 seconds
[2024-11-14T09:58:11.177+0000] {processor.py:186} INFO - Started process (PID=1557) to work on /home/airflow/.local/lib/python3.12/site-packages/airflow/example_dags/example_python_decorator.py
[2024-11-14T09:58:11.181+0000] {processor.py:914} INFO - Processing file /home/airflow/.local/lib/python3.12/site-packages/airflow/example_dags/example_python_decorator.py for tasks to queue
[2024-11-14T09:58:11.202+0000] {logging_mixin.py:190} INFO - [2024-11-14T09:58:11.189+0000] {dagbag.py:588} INFO - Filling up the DagBag from /home/airflow/.local/lib/python3.12/site-packages/airflow/example_dags/example_python_decorator.py
[2024-11-14T09:58:11.446+0000] {processor.py:925} INFO - DAG(s) 'example_python_decorator' retrieved from /home/airflow/.local/lib/python3.12/site-packages/airflow/example_dags/example_python_decorator.py
[2024-11-14T09:58:11.705+0000] {logging_mixin.py:190} INFO - [2024-11-14T09:58:11.704+0000] {dag.py:3239} INFO - Sync 1 DAGs
[2024-11-14T09:58:12.003+0000] {logging_mixin.py:190} INFO - [2024-11-14T09:58:12.001+0000] {dag.py:4180} INFO - Setting next_dagrun for example_python_decorator to None, run_after=None
[2024-11-14T09:58:12.257+0000] {processor.py:208} INFO - Processing /home/airflow/.local/lib/python3.12/site-packages/airflow/example_dags/example_python_decorator.py took 1.201 seconds
[2024-11-14T10:01:14.707+0000] {processor.py:186} INFO - Started process (PID=1675) to work on /home/airflow/.local/lib/python3.12/site-packages/airflow/example_dags/example_python_decorator.py
[2024-11-14T10:01:14.734+0000] {processor.py:914} INFO - Processing file /home/airflow/.local/lib/python3.12/site-packages/airflow/example_dags/example_python_decorator.py for tasks to queue
[2024-11-14T10:01:14.751+0000] {logging_mixin.py:190} INFO - [2024-11-14T10:01:14.750+0000] {dagbag.py:588} INFO - Filling up the DagBag from /home/airflow/.local/lib/python3.12/site-packages/airflow/example_dags/example_python_decorator.py
[2024-11-14T10:01:15.053+0000] {processor.py:925} INFO - DAG(s) 'example_python_decorator' retrieved from /home/airflow/.local/lib/python3.12/site-packages/airflow/example_dags/example_python_decorator.py
[2024-11-14T10:01:15.368+0000] {logging_mixin.py:190} INFO - [2024-11-14T10:01:15.357+0000] {dag.py:3239} INFO - Sync 1 DAGs
[2024-11-14T10:01:15.632+0000] {logging_mixin.py:190} INFO - [2024-11-14T10:01:15.631+0000] {dag.py:4180} INFO - Setting next_dagrun for example_python_decorator to None, run_after=None
[2024-11-14T10:01:15.959+0000] {processor.py:208} INFO - Processing /home/airflow/.local/lib/python3.12/site-packages/airflow/example_dags/example_python_decorator.py took 1.343 seconds
[2024-11-14T10:03:20.250+0000] {processor.py:186} INFO - Started process (PID=1776) to work on /home/airflow/.local/lib/python3.12/site-packages/airflow/example_dags/example_python_decorator.py
[2024-11-14T10:03:20.331+0000] {processor.py:914} INFO - Processing file /home/airflow/.local/lib/python3.12/site-packages/airflow/example_dags/example_python_decorator.py for tasks to queue
[2024-11-14T10:03:20.338+0000] {logging_mixin.py:190} INFO - [2024-11-14T10:03:20.337+0000] {dagbag.py:588} INFO - Filling up the DagBag from /home/airflow/.local/lib/python3.12/site-packages/airflow/example_dags/example_python_decorator.py
[2024-11-14T10:03:20.530+0000] {processor.py:925} INFO - DAG(s) 'example_python_decorator' retrieved from /home/airflow/.local/lib/python3.12/site-packages/airflow/example_dags/example_python_decorator.py
[2024-11-14T10:03:20.801+0000] {logging_mixin.py:190} INFO - [2024-11-14T10:03:20.800+0000] {dag.py:3239} INFO - Sync 1 DAGs
[2024-11-14T10:03:21.005+0000] {logging_mixin.py:190} INFO - [2024-11-14T10:03:21.004+0000] {dag.py:4180} INFO - Setting next_dagrun for example_python_decorator to None, run_after=None
[2024-11-14T10:03:21.196+0000] {processor.py:208} INFO - Processing /home/airflow/.local/lib/python3.12/site-packages/airflow/example_dags/example_python_decorator.py took 1.001 seconds
[2024-11-14T10:06:04.954+0000] {processor.py:186} INFO - Started process (PID=1881) to work on /home/airflow/.local/lib/python3.12/site-packages/airflow/example_dags/example_python_decorator.py
[2024-11-14T10:06:04.960+0000] {processor.py:914} INFO - Processing file /home/airflow/.local/lib/python3.12/site-packages/airflow/example_dags/example_python_decorator.py for tasks to queue
[2024-11-14T10:06:04.988+0000] {logging_mixin.py:190} INFO - [2024-11-14T10:06:04.986+0000] {dagbag.py:588} INFO - Filling up the DagBag from /home/airflow/.local/lib/python3.12/site-packages/airflow/example_dags/example_python_decorator.py
[2024-11-14T10:06:05.514+0000] {processor.py:925} INFO - DAG(s) 'example_python_decorator' retrieved from /home/airflow/.local/lib/python3.12/site-packages/airflow/example_dags/example_python_decorator.py
[2024-11-14T10:06:05.943+0000] {logging_mixin.py:190} INFO - [2024-11-14T10:06:05.942+0000] {dag.py:3239} INFO - Sync 1 DAGs
[2024-11-14T10:06:06.155+0000] {logging_mixin.py:190} INFO - [2024-11-14T10:06:06.152+0000] {dag.py:4180} INFO - Setting next_dagrun for example_python_decorator to None, run_after=None
[2024-11-14T10:06:06.362+0000] {processor.py:208} INFO - Processing /home/airflow/.local/lib/python3.12/site-packages/airflow/example_dags/example_python_decorator.py took 1.591 seconds
[2024-11-14T10:07:57.884+0000] {processor.py:186} INFO - Started process (PID=1976) to work on /home/airflow/.local/lib/python3.12/site-packages/airflow/example_dags/example_python_decorator.py
[2024-11-14T10:07:58.221+0000] {processor.py:914} INFO - Processing file /home/airflow/.local/lib/python3.12/site-packages/airflow/example_dags/example_python_decorator.py for tasks to queue
[2024-11-14T10:07:59.749+0000] {logging_mixin.py:190} INFO - [2024-11-14T10:07:58.852+0000] {dagbag.py:588} INFO - Filling up the DagBag from /home/airflow/.local/lib/python3.12/site-packages/airflow/example_dags/example_python_decorator.py
[2024-11-14T10:08:07.571+0000] {processor.py:925} INFO - DAG(s) 'example_python_decorator' retrieved from /home/airflow/.local/lib/python3.12/site-packages/airflow/example_dags/example_python_decorator.py
[2024-11-14T10:08:10.802+0000] {logging_mixin.py:190} INFO - [2024-11-14T10:08:10.797+0000] {dag.py:3239} INFO - Sync 1 DAGs
[2024-11-14T10:08:13.361+0000] {logging_mixin.py:190} INFO - [2024-11-14T10:08:13.359+0000] {dag.py:4180} INFO - Setting next_dagrun for example_python_decorator to None, run_after=None
[2024-11-14T10:08:15.822+0000] {processor.py:208} INFO - Processing /home/airflow/.local/lib/python3.12/site-packages/airflow/example_dags/example_python_decorator.py took 21.678 seconds
