[2024-11-15T06:47:19.763+0000] {processor.py:186} INFO - Started process (PID=158) to work on /home/airflow/.local/lib/python3.12/site-packages/airflow/example_dags/example_short_circuit_decorator.py
[2024-11-15T06:47:19.781+0000] {processor.py:914} INFO - Processing file /home/airflow/.local/lib/python3.12/site-packages/airflow/example_dags/example_short_circuit_decorator.py for tasks to queue
[2024-11-15T06:47:19.812+0000] {logging_mixin.py:190} INFO - [2024-11-15T06:47:19.788+0000] {dagbag.py:588} INFO - Filling up the DagBag from /home/airflow/.local/lib/python3.12/site-packages/airflow/example_dags/example_short_circuit_decorator.py
[2024-11-15T06:47:19.960+0000] {processor.py:925} INFO - DAG(s) 'example_short_circuit_decorator' retrieved from /home/airflow/.local/lib/python3.12/site-packages/airflow/example_dags/example_short_circuit_decorator.py
[2024-11-15T06:47:20.248+0000] {logging_mixin.py:190} INFO - [2024-11-15T06:47:20.247+0000] {dag.py:3239} INFO - Sync 1 DAGs
[2024-11-15T06:47:20.362+0000] {logging_mixin.py:190} INFO - [2024-11-15T06:47:20.361+0000] {dag.py:4180} INFO - Setting next_dagrun for example_short_circuit_decorator to None, run_after=None
[2024-11-15T06:47:20.481+0000] {processor.py:208} INFO - Processing /home/airflow/.local/lib/python3.12/site-packages/airflow/example_dags/example_short_circuit_decorator.py took 0.813 seconds
[2024-11-15T06:48:58.948+0000] {processor.py:186} INFO - Started process (PID=236) to work on /home/airflow/.local/lib/python3.12/site-packages/airflow/example_dags/example_short_circuit_decorator.py
[2024-11-15T06:48:58.957+0000] {processor.py:914} INFO - Processing file /home/airflow/.local/lib/python3.12/site-packages/airflow/example_dags/example_short_circuit_decorator.py for tasks to queue
[2024-11-15T06:48:58.989+0000] {logging_mixin.py:190} INFO - [2024-11-15T06:48:58.987+0000] {dagbag.py:588} INFO - Filling up the DagBag from /home/airflow/.local/lib/python3.12/site-packages/airflow/example_dags/example_short_circuit_decorator.py
[2024-11-15T06:48:59.139+0000] {processor.py:925} INFO - DAG(s) 'example_short_circuit_decorator' retrieved from /home/airflow/.local/lib/python3.12/site-packages/airflow/example_dags/example_short_circuit_decorator.py
[2024-11-15T06:48:59.583+0000] {logging_mixin.py:190} INFO - [2024-11-15T06:48:59.582+0000] {dag.py:3239} INFO - Sync 1 DAGs
[2024-11-15T06:49:00.190+0000] {logging_mixin.py:190} INFO - [2024-11-15T06:49:00.189+0000] {dag.py:4180} INFO - Setting next_dagrun for example_short_circuit_decorator to None, run_after=None
[2024-11-15T06:49:00.580+0000] {processor.py:208} INFO - Processing /home/airflow/.local/lib/python3.12/site-packages/airflow/example_dags/example_short_circuit_decorator.py took 1.721 seconds
[2024-11-15T06:51:00.430+0000] {processor.py:186} INFO - Started process (PID=330) to work on /home/airflow/.local/lib/python3.12/site-packages/airflow/example_dags/example_short_circuit_decorator.py
[2024-11-15T06:51:00.446+0000] {processor.py:914} INFO - Processing file /home/airflow/.local/lib/python3.12/site-packages/airflow/example_dags/example_short_circuit_decorator.py for tasks to queue
[2024-11-15T06:51:00.479+0000] {logging_mixin.py:190} INFO - [2024-11-15T06:51:00.478+0000] {dagbag.py:588} INFO - Filling up the DagBag from /home/airflow/.local/lib/python3.12/site-packages/airflow/example_dags/example_short_circuit_decorator.py
[2024-11-15T06:51:00.759+0000] {processor.py:925} INFO - DAG(s) 'example_short_circuit_decorator' retrieved from /home/airflow/.local/lib/python3.12/site-packages/airflow/example_dags/example_short_circuit_decorator.py
[2024-11-15T06:51:01.225+0000] {logging_mixin.py:190} INFO - [2024-11-15T06:51:01.224+0000] {dag.py:3239} INFO - Sync 1 DAGs
[2024-11-15T06:51:01.513+0000] {logging_mixin.py:190} INFO - [2024-11-15T06:51:01.512+0000] {dag.py:4180} INFO - Setting next_dagrun for example_short_circuit_decorator to None, run_after=None
[2024-11-15T06:51:01.859+0000] {processor.py:208} INFO - Processing /home/airflow/.local/lib/python3.12/site-packages/airflow/example_dags/example_short_circuit_decorator.py took 1.533 seconds
[2024-11-15T06:52:33.088+0000] {processor.py:186} INFO - Started process (PID=411) to work on /home/airflow/.local/lib/python3.12/site-packages/airflow/example_dags/example_short_circuit_decorator.py
[2024-11-15T06:52:33.124+0000] {processor.py:914} INFO - Processing file /home/airflow/.local/lib/python3.12/site-packages/airflow/example_dags/example_short_circuit_decorator.py for tasks to queue
[2024-11-15T06:52:33.134+0000] {logging_mixin.py:190} INFO - [2024-11-15T06:52:33.132+0000] {dagbag.py:588} INFO - Filling up the DagBag from /home/airflow/.local/lib/python3.12/site-packages/airflow/example_dags/example_short_circuit_decorator.py
[2024-11-15T06:52:33.316+0000] {processor.py:925} INFO - DAG(s) 'example_short_circuit_decorator' retrieved from /home/airflow/.local/lib/python3.12/site-packages/airflow/example_dags/example_short_circuit_decorator.py
[2024-11-15T06:52:33.578+0000] {logging_mixin.py:190} INFO - [2024-11-15T06:52:33.578+0000] {dag.py:3239} INFO - Sync 1 DAGs
[2024-11-15T06:52:33.782+0000] {logging_mixin.py:190} INFO - [2024-11-15T06:52:33.771+0000] {dag.py:4180} INFO - Setting next_dagrun for example_short_circuit_decorator to None, run_after=None
[2024-11-15T06:52:34.047+0000] {processor.py:208} INFO - Processing /home/airflow/.local/lib/python3.12/site-packages/airflow/example_dags/example_short_circuit_decorator.py took 1.030 seconds
[2024-11-15T06:53:27.581+0000] {processor.py:186} INFO - Started process (PID=480) to work on /home/airflow/.local/lib/python3.12/site-packages/airflow/example_dags/example_short_circuit_decorator.py
[2024-11-15T06:53:27.598+0000] {processor.py:914} INFO - Processing file /home/airflow/.local/lib/python3.12/site-packages/airflow/example_dags/example_short_circuit_decorator.py for tasks to queue
[2024-11-15T06:53:27.607+0000] {logging_mixin.py:190} INFO - [2024-11-15T06:53:27.606+0000] {dagbag.py:588} INFO - Filling up the DagBag from /home/airflow/.local/lib/python3.12/site-packages/airflow/example_dags/example_short_circuit_decorator.py
[2024-11-15T06:53:27.742+0000] {processor.py:925} INFO - DAG(s) 'example_short_circuit_decorator' retrieved from /home/airflow/.local/lib/python3.12/site-packages/airflow/example_dags/example_short_circuit_decorator.py
[2024-11-15T06:53:27.996+0000] {logging_mixin.py:190} INFO - [2024-11-15T06:53:27.995+0000] {dag.py:3239} INFO - Sync 1 DAGs
[2024-11-15T06:53:28.164+0000] {logging_mixin.py:190} INFO - [2024-11-15T06:53:28.163+0000] {dag.py:4180} INFO - Setting next_dagrun for example_short_circuit_decorator to None, run_after=None
[2024-11-15T06:53:28.409+0000] {processor.py:208} INFO - Processing /home/airflow/.local/lib/python3.12/site-packages/airflow/example_dags/example_short_circuit_decorator.py took 0.869 seconds
[2024-11-15T06:54:57.807+0000] {processor.py:186} INFO - Started process (PID=563) to work on /home/airflow/.local/lib/python3.12/site-packages/airflow/example_dags/example_short_circuit_decorator.py
[2024-11-15T06:54:57.916+0000] {processor.py:914} INFO - Processing file /home/airflow/.local/lib/python3.12/site-packages/airflow/example_dags/example_short_circuit_decorator.py for tasks to queue
[2024-11-15T06:54:58.230+0000] {logging_mixin.py:190} INFO - [2024-11-15T06:54:58.222+0000] {dagbag.py:588} INFO - Filling up the DagBag from /home/airflow/.local/lib/python3.12/site-packages/airflow/example_dags/example_short_circuit_decorator.py
[2024-11-15T06:54:58.823+0000] {processor.py:925} INFO - DAG(s) 'example_short_circuit_decorator' retrieved from /home/airflow/.local/lib/python3.12/site-packages/airflow/example_dags/example_short_circuit_decorator.py
[2024-11-15T06:55:02.239+0000] {logging_mixin.py:190} INFO - [2024-11-15T06:55:02.234+0000] {dag.py:3239} INFO - Sync 1 DAGs
[2024-11-15T06:55:02.919+0000] {logging_mixin.py:190} INFO - [2024-11-15T06:55:02.918+0000] {dag.py:4180} INFO - Setting next_dagrun for example_short_circuit_decorator to None, run_after=None
[2024-11-15T06:55:03.756+0000] {processor.py:208} INFO - Processing /home/airflow/.local/lib/python3.12/site-packages/airflow/example_dags/example_short_circuit_decorator.py took 6.167 seconds
[2024-11-15T07:01:47.829+0000] {processor.py:186} INFO - Started process (PID=720) to work on /home/airflow/.local/lib/python3.12/site-packages/airflow/example_dags/example_short_circuit_decorator.py
[2024-11-15T07:01:47.856+0000] {processor.py:914} INFO - Processing file /home/airflow/.local/lib/python3.12/site-packages/airflow/example_dags/example_short_circuit_decorator.py for tasks to queue
[2024-11-15T07:01:47.886+0000] {logging_mixin.py:190} INFO - [2024-11-15T07:01:47.874+0000] {dagbag.py:588} INFO - Filling up the DagBag from /home/airflow/.local/lib/python3.12/site-packages/airflow/example_dags/example_short_circuit_decorator.py
[2024-11-15T07:01:48.421+0000] {processor.py:925} INFO - DAG(s) 'example_short_circuit_decorator' retrieved from /home/airflow/.local/lib/python3.12/site-packages/airflow/example_dags/example_short_circuit_decorator.py
[2024-11-15T07:01:49.203+0000] {logging_mixin.py:190} INFO - [2024-11-15T07:01:49.194+0000] {dag.py:3239} INFO - Sync 1 DAGs
[2024-11-15T07:01:50.943+0000] {logging_mixin.py:190} INFO - [2024-11-15T07:01:50.941+0000] {dag.py:4180} INFO - Setting next_dagrun for example_short_circuit_decorator to None, run_after=None
[2024-11-15T07:01:51.761+0000] {processor.py:208} INFO - Processing /home/airflow/.local/lib/python3.12/site-packages/airflow/example_dags/example_short_circuit_decorator.py took 4.163 seconds
[2024-11-15T07:04:33.747+0000] {processor.py:186} INFO - Started process (PID=838) to work on /home/airflow/.local/lib/python3.12/site-packages/airflow/example_dags/example_short_circuit_decorator.py
[2024-11-15T07:04:33.787+0000] {processor.py:914} INFO - Processing file /home/airflow/.local/lib/python3.12/site-packages/airflow/example_dags/example_short_circuit_decorator.py for tasks to queue
[2024-11-15T07:04:33.795+0000] {logging_mixin.py:190} INFO - [2024-11-15T07:04:33.793+0000] {dagbag.py:588} INFO - Filling up the DagBag from /home/airflow/.local/lib/python3.12/site-packages/airflow/example_dags/example_short_circuit_decorator.py
[2024-11-15T07:04:34.303+0000] {processor.py:925} INFO - DAG(s) 'example_short_circuit_decorator' retrieved from /home/airflow/.local/lib/python3.12/site-packages/airflow/example_dags/example_short_circuit_decorator.py
[2024-11-15T07:04:36.453+0000] {logging_mixin.py:190} INFO - [2024-11-15T07:04:36.451+0000] {dag.py:3239} INFO - Sync 1 DAGs
[2024-11-15T07:04:39.635+0000] {logging_mixin.py:190} INFO - [2024-11-15T07:04:39.633+0000] {dag.py:4180} INFO - Setting next_dagrun for example_short_circuit_decorator to None, run_after=None
[2024-11-15T07:04:41.595+0000] {processor.py:208} INFO - Processing /home/airflow/.local/lib/python3.12/site-packages/airflow/example_dags/example_short_circuit_decorator.py took 8.236 seconds
[2024-11-15T07:07:21.497+0000] {processor.py:186} INFO - Started process (PID=948) to work on /home/airflow/.local/lib/python3.12/site-packages/airflow/example_dags/example_short_circuit_decorator.py
[2024-11-15T07:07:21.514+0000] {processor.py:914} INFO - Processing file /home/airflow/.local/lib/python3.12/site-packages/airflow/example_dags/example_short_circuit_decorator.py for tasks to queue
[2024-11-15T07:07:21.525+0000] {logging_mixin.py:190} INFO - [2024-11-15T07:07:21.524+0000] {dagbag.py:588} INFO - Filling up the DagBag from /home/airflow/.local/lib/python3.12/site-packages/airflow/example_dags/example_short_circuit_decorator.py
[2024-11-15T07:07:21.667+0000] {processor.py:925} INFO - DAG(s) 'example_short_circuit_decorator' retrieved from /home/airflow/.local/lib/python3.12/site-packages/airflow/example_dags/example_short_circuit_decorator.py
[2024-11-15T07:07:21.924+0000] {logging_mixin.py:190} INFO - [2024-11-15T07:07:21.921+0000] {dag.py:3239} INFO - Sync 1 DAGs
[2024-11-15T07:07:22.111+0000] {logging_mixin.py:190} INFO - [2024-11-15T07:07:22.110+0000] {dag.py:4180} INFO - Setting next_dagrun for example_short_circuit_decorator to None, run_after=None
[2024-11-15T07:07:22.413+0000] {processor.py:208} INFO - Processing /home/airflow/.local/lib/python3.12/site-packages/airflow/example_dags/example_short_circuit_decorator.py took 1.067 seconds
[2024-11-15T07:09:54.573+0000] {processor.py:186} INFO - Started process (PID=1043) to work on /home/airflow/.local/lib/python3.12/site-packages/airflow/example_dags/example_short_circuit_decorator.py
[2024-11-15T07:09:54.582+0000] {processor.py:914} INFO - Processing file /home/airflow/.local/lib/python3.12/site-packages/airflow/example_dags/example_short_circuit_decorator.py for tasks to queue
[2024-11-15T07:09:54.587+0000] {logging_mixin.py:190} INFO - [2024-11-15T07:09:54.586+0000] {dagbag.py:588} INFO - Filling up the DagBag from /home/airflow/.local/lib/python3.12/site-packages/airflow/example_dags/example_short_circuit_decorator.py
[2024-11-15T07:09:54.722+0000] {processor.py:925} INFO - DAG(s) 'example_short_circuit_decorator' retrieved from /home/airflow/.local/lib/python3.12/site-packages/airflow/example_dags/example_short_circuit_decorator.py
[2024-11-15T07:09:55.020+0000] {logging_mixin.py:190} INFO - [2024-11-15T07:09:55.019+0000] {dag.py:3239} INFO - Sync 1 DAGs
[2024-11-15T07:09:55.168+0000] {logging_mixin.py:190} INFO - [2024-11-15T07:09:55.167+0000] {dag.py:4180} INFO - Setting next_dagrun for example_short_circuit_decorator to None, run_after=None
[2024-11-15T07:09:55.337+0000] {processor.py:208} INFO - Processing /home/airflow/.local/lib/python3.12/site-packages/airflow/example_dags/example_short_circuit_decorator.py took 0.864 seconds
[2024-11-15T07:12:01.779+0000] {processor.py:186} INFO - Started process (PID=1142) to work on /home/airflow/.local/lib/python3.12/site-packages/airflow/example_dags/example_short_circuit_decorator.py
[2024-11-15T07:12:01.805+0000] {processor.py:914} INFO - Processing file /home/airflow/.local/lib/python3.12/site-packages/airflow/example_dags/example_short_circuit_decorator.py for tasks to queue
[2024-11-15T07:12:01.826+0000] {logging_mixin.py:190} INFO - [2024-11-15T07:12:01.824+0000] {dagbag.py:588} INFO - Filling up the DagBag from /home/airflow/.local/lib/python3.12/site-packages/airflow/example_dags/example_short_circuit_decorator.py
[2024-11-15T07:12:02.042+0000] {processor.py:925} INFO - DAG(s) 'example_short_circuit_decorator' retrieved from /home/airflow/.local/lib/python3.12/site-packages/airflow/example_dags/example_short_circuit_decorator.py
[2024-11-15T07:12:02.447+0000] {logging_mixin.py:190} INFO - [2024-11-15T07:12:02.446+0000] {dag.py:3239} INFO - Sync 1 DAGs
[2024-11-15T07:12:02.771+0000] {logging_mixin.py:190} INFO - [2024-11-15T07:12:02.771+0000] {dag.py:4180} INFO - Setting next_dagrun for example_short_circuit_decorator to None, run_after=None
[2024-11-15T07:12:03.272+0000] {processor.py:208} INFO - Processing /home/airflow/.local/lib/python3.12/site-packages/airflow/example_dags/example_short_circuit_decorator.py took 1.690 seconds
[2024-11-15T07:14:46.342+0000] {processor.py:186} INFO - Started process (PID=1255) to work on /home/airflow/.local/lib/python3.12/site-packages/airflow/example_dags/example_short_circuit_decorator.py
[2024-11-15T07:14:46.365+0000] {processor.py:914} INFO - Processing file /home/airflow/.local/lib/python3.12/site-packages/airflow/example_dags/example_short_circuit_decorator.py for tasks to queue
[2024-11-15T07:14:46.374+0000] {logging_mixin.py:190} INFO - [2024-11-15T07:14:46.371+0000] {dagbag.py:588} INFO - Filling up the DagBag from /home/airflow/.local/lib/python3.12/site-packages/airflow/example_dags/example_short_circuit_decorator.py
[2024-11-15T07:14:46.733+0000] {processor.py:925} INFO - DAG(s) 'example_short_circuit_decorator' retrieved from /home/airflow/.local/lib/python3.12/site-packages/airflow/example_dags/example_short_circuit_decorator.py
[2024-11-15T07:14:47.703+0000] {logging_mixin.py:190} INFO - [2024-11-15T07:14:47.702+0000] {dag.py:3239} INFO - Sync 1 DAGs
[2024-11-15T07:14:48.806+0000] {logging_mixin.py:190} INFO - [2024-11-15T07:14:48.801+0000] {dag.py:4180} INFO - Setting next_dagrun for example_short_circuit_decorator to None, run_after=None
[2024-11-15T07:14:49.887+0000] {processor.py:208} INFO - Processing /home/airflow/.local/lib/python3.12/site-packages/airflow/example_dags/example_short_circuit_decorator.py took 3.792 seconds
[2024-11-15T07:16:52.834+0000] {processor.py:186} INFO - Started process (PID=1356) to work on /home/airflow/.local/lib/python3.12/site-packages/airflow/example_dags/example_short_circuit_decorator.py
[2024-11-15T07:16:52.856+0000] {processor.py:914} INFO - Processing file /home/airflow/.local/lib/python3.12/site-packages/airflow/example_dags/example_short_circuit_decorator.py for tasks to queue
[2024-11-15T07:16:53.001+0000] {logging_mixin.py:190} INFO - [2024-11-15T07:16:52.994+0000] {dagbag.py:588} INFO - Filling up the DagBag from /home/airflow/.local/lib/python3.12/site-packages/airflow/example_dags/example_short_circuit_decorator.py
[2024-11-15T07:16:53.275+0000] {processor.py:925} INFO - DAG(s) 'example_short_circuit_decorator' retrieved from /home/airflow/.local/lib/python3.12/site-packages/airflow/example_dags/example_short_circuit_decorator.py
[2024-11-15T07:16:54.349+0000] {logging_mixin.py:190} INFO - [2024-11-15T07:16:54.339+0000] {dag.py:3239} INFO - Sync 1 DAGs
[2024-11-15T07:16:54.717+0000] {logging_mixin.py:190} INFO - [2024-11-15T07:16:54.711+0000] {dag.py:4180} INFO - Setting next_dagrun for example_short_circuit_decorator to None, run_after=None
[2024-11-15T07:16:55.080+0000] {processor.py:208} INFO - Processing /home/airflow/.local/lib/python3.12/site-packages/airflow/example_dags/example_short_circuit_decorator.py took 2.572 seconds
[2024-11-15T07:18:50.876+0000] {processor.py:186} INFO - Started process (PID=1449) to work on /home/airflow/.local/lib/python3.12/site-packages/airflow/example_dags/example_short_circuit_decorator.py
[2024-11-15T07:18:50.884+0000] {processor.py:914} INFO - Processing file /home/airflow/.local/lib/python3.12/site-packages/airflow/example_dags/example_short_circuit_decorator.py for tasks to queue
[2024-11-15T07:18:50.899+0000] {logging_mixin.py:190} INFO - [2024-11-15T07:18:50.897+0000] {dagbag.py:588} INFO - Filling up the DagBag from /home/airflow/.local/lib/python3.12/site-packages/airflow/example_dags/example_short_circuit_decorator.py
[2024-11-15T07:18:51.158+0000] {processor.py:925} INFO - DAG(s) 'example_short_circuit_decorator' retrieved from /home/airflow/.local/lib/python3.12/site-packages/airflow/example_dags/example_short_circuit_decorator.py
[2024-11-15T07:18:51.823+0000] {logging_mixin.py:190} INFO - [2024-11-15T07:18:51.821+0000] {dag.py:3239} INFO - Sync 1 DAGs
[2024-11-15T07:18:52.332+0000] {logging_mixin.py:190} INFO - [2024-11-15T07:18:52.331+0000] {dag.py:4180} INFO - Setting next_dagrun for example_short_circuit_decorator to None, run_after=None
[2024-11-15T07:18:52.691+0000] {processor.py:208} INFO - Processing /home/airflow/.local/lib/python3.12/site-packages/airflow/example_dags/example_short_circuit_decorator.py took 1.897 seconds
[2024-11-15T07:19:56.752+0000] {processor.py:186} INFO - Started process (PID=1517) to work on /home/airflow/.local/lib/python3.12/site-packages/airflow/example_dags/example_short_circuit_decorator.py
[2024-11-15T07:19:56.759+0000] {processor.py:914} INFO - Processing file /home/airflow/.local/lib/python3.12/site-packages/airflow/example_dags/example_short_circuit_decorator.py for tasks to queue
[2024-11-15T07:19:56.765+0000] {logging_mixin.py:190} INFO - [2024-11-15T07:19:56.763+0000] {dagbag.py:588} INFO - Filling up the DagBag from /home/airflow/.local/lib/python3.12/site-packages/airflow/example_dags/example_short_circuit_decorator.py
[2024-11-15T07:19:56.847+0000] {processor.py:925} INFO - DAG(s) 'example_short_circuit_decorator' retrieved from /home/airflow/.local/lib/python3.12/site-packages/airflow/example_dags/example_short_circuit_decorator.py
[2024-11-15T07:19:57.881+0000] {logging_mixin.py:190} INFO - [2024-11-15T07:19:57.864+0000] {dag.py:3239} INFO - Sync 1 DAGs
[2024-11-15T07:19:58.067+0000] {logging_mixin.py:190} INFO - [2024-11-15T07:19:58.066+0000] {dag.py:4180} INFO - Setting next_dagrun for example_short_circuit_decorator to None, run_after=None
[2024-11-15T07:19:58.334+0000] {processor.py:208} INFO - Processing /home/airflow/.local/lib/python3.12/site-packages/airflow/example_dags/example_short_circuit_decorator.py took 1.633 seconds
[2024-11-15T07:21:33.500+0000] {processor.py:186} INFO - Started process (PID=1610) to work on /home/airflow/.local/lib/python3.12/site-packages/airflow/example_dags/example_short_circuit_decorator.py
[2024-11-15T07:21:33.510+0000] {processor.py:914} INFO - Processing file /home/airflow/.local/lib/python3.12/site-packages/airflow/example_dags/example_short_circuit_decorator.py for tasks to queue
[2024-11-15T07:21:33.515+0000] {logging_mixin.py:190} INFO - [2024-11-15T07:21:33.513+0000] {dagbag.py:588} INFO - Filling up the DagBag from /home/airflow/.local/lib/python3.12/site-packages/airflow/example_dags/example_short_circuit_decorator.py
[2024-11-15T07:21:33.763+0000] {processor.py:925} INFO - DAG(s) 'example_short_circuit_decorator' retrieved from /home/airflow/.local/lib/python3.12/site-packages/airflow/example_dags/example_short_circuit_decorator.py
[2024-11-15T07:21:34.147+0000] {logging_mixin.py:190} INFO - [2024-11-15T07:21:34.145+0000] {dag.py:3239} INFO - Sync 1 DAGs
[2024-11-15T07:21:34.347+0000] {logging_mixin.py:190} INFO - [2024-11-15T07:21:34.346+0000] {dag.py:4180} INFO - Setting next_dagrun for example_short_circuit_decorator to None, run_after=None
[2024-11-15T07:21:34.815+0000] {processor.py:208} INFO - Processing /home/airflow/.local/lib/python3.12/site-packages/airflow/example_dags/example_short_circuit_decorator.py took 1.386 seconds
[2024-11-15T07:23:35.740+0000] {processor.py:186} INFO - Started process (PID=1725) to work on /home/airflow/.local/lib/python3.12/site-packages/airflow/example_dags/example_short_circuit_decorator.py
[2024-11-15T07:23:35.769+0000] {processor.py:914} INFO - Processing file /home/airflow/.local/lib/python3.12/site-packages/airflow/example_dags/example_short_circuit_decorator.py for tasks to queue
[2024-11-15T07:23:35.855+0000] {logging_mixin.py:190} INFO - [2024-11-15T07:23:35.807+0000] {dagbag.py:588} INFO - Filling up the DagBag from /home/airflow/.local/lib/python3.12/site-packages/airflow/example_dags/example_short_circuit_decorator.py
[2024-11-15T07:23:36.299+0000] {processor.py:925} INFO - DAG(s) 'example_short_circuit_decorator' retrieved from /home/airflow/.local/lib/python3.12/site-packages/airflow/example_dags/example_short_circuit_decorator.py
[2024-11-15T07:23:37.035+0000] {logging_mixin.py:190} INFO - [2024-11-15T07:23:37.034+0000] {dag.py:3239} INFO - Sync 1 DAGs
[2024-11-15T07:23:37.372+0000] {logging_mixin.py:190} INFO - [2024-11-15T07:23:37.372+0000] {dag.py:4180} INFO - Setting next_dagrun for example_short_circuit_decorator to None, run_after=None
[2024-11-15T07:23:37.622+0000] {processor.py:208} INFO - Processing /home/airflow/.local/lib/python3.12/site-packages/airflow/example_dags/example_short_circuit_decorator.py took 2.258 seconds
[2024-11-15T07:28:03.354+0000] {processor.py:186} INFO - Started process (PID=1832) to work on /home/airflow/.local/lib/python3.12/site-packages/airflow/example_dags/example_short_circuit_decorator.py
[2024-11-15T07:28:03.362+0000] {processor.py:914} INFO - Processing file /home/airflow/.local/lib/python3.12/site-packages/airflow/example_dags/example_short_circuit_decorator.py for tasks to queue
[2024-11-15T07:28:03.417+0000] {logging_mixin.py:190} INFO - [2024-11-15T07:28:03.366+0000] {dagbag.py:588} INFO - Filling up the DagBag from /home/airflow/.local/lib/python3.12/site-packages/airflow/example_dags/example_short_circuit_decorator.py
[2024-11-15T07:28:03.527+0000] {processor.py:925} INFO - DAG(s) 'example_short_circuit_decorator' retrieved from /home/airflow/.local/lib/python3.12/site-packages/airflow/example_dags/example_short_circuit_decorator.py
[2024-11-15T07:28:03.739+0000] {logging_mixin.py:190} INFO - [2024-11-15T07:28:03.739+0000] {dag.py:3239} INFO - Sync 1 DAGs
[2024-11-15T07:28:03.875+0000] {logging_mixin.py:190} INFO - [2024-11-15T07:28:03.874+0000] {dag.py:4180} INFO - Setting next_dagrun for example_short_circuit_decorator to None, run_after=None
[2024-11-15T07:28:04.050+0000] {processor.py:208} INFO - Processing /home/airflow/.local/lib/python3.12/site-packages/airflow/example_dags/example_short_circuit_decorator.py took 0.760 seconds
[2024-11-15T07:30:06.176+0000] {processor.py:186} INFO - Started process (PID=1942) to work on /home/airflow/.local/lib/python3.12/site-packages/airflow/example_dags/example_short_circuit_decorator.py
[2024-11-15T07:30:06.190+0000] {processor.py:914} INFO - Processing file /home/airflow/.local/lib/python3.12/site-packages/airflow/example_dags/example_short_circuit_decorator.py for tasks to queue
[2024-11-15T07:30:06.199+0000] {logging_mixin.py:190} INFO - [2024-11-15T07:30:06.198+0000] {dagbag.py:588} INFO - Filling up the DagBag from /home/airflow/.local/lib/python3.12/site-packages/airflow/example_dags/example_short_circuit_decorator.py
[2024-11-15T07:30:06.334+0000] {processor.py:925} INFO - DAG(s) 'example_short_circuit_decorator' retrieved from /home/airflow/.local/lib/python3.12/site-packages/airflow/example_dags/example_short_circuit_decorator.py
[2024-11-15T07:30:06.529+0000] {logging_mixin.py:190} INFO - [2024-11-15T07:30:06.527+0000] {dag.py:3239} INFO - Sync 1 DAGs
[2024-11-15T07:30:06.698+0000] {logging_mixin.py:190} INFO - [2024-11-15T07:30:06.697+0000] {dag.py:4180} INFO - Setting next_dagrun for example_short_circuit_decorator to None, run_after=None
[2024-11-15T07:30:06.879+0000] {processor.py:208} INFO - Processing /home/airflow/.local/lib/python3.12/site-packages/airflow/example_dags/example_short_circuit_decorator.py took 0.858 seconds
[2024-11-15T07:33:48.582+0000] {processor.py:186} INFO - Started process (PID=2049) to work on /home/airflow/.local/lib/python3.12/site-packages/airflow/example_dags/example_short_circuit_decorator.py
[2024-11-15T07:33:48.590+0000] {processor.py:914} INFO - Processing file /home/airflow/.local/lib/python3.12/site-packages/airflow/example_dags/example_short_circuit_decorator.py for tasks to queue
[2024-11-15T07:33:48.598+0000] {logging_mixin.py:190} INFO - [2024-11-15T07:33:48.596+0000] {dagbag.py:588} INFO - Filling up the DagBag from /home/airflow/.local/lib/python3.12/site-packages/airflow/example_dags/example_short_circuit_decorator.py
[2024-11-15T07:33:48.712+0000] {processor.py:925} INFO - DAG(s) 'example_short_circuit_decorator' retrieved from /home/airflow/.local/lib/python3.12/site-packages/airflow/example_dags/example_short_circuit_decorator.py
[2024-11-15T07:33:48.959+0000] {logging_mixin.py:190} INFO - [2024-11-15T07:33:48.957+0000] {dag.py:3239} INFO - Sync 1 DAGs
[2024-11-15T07:33:49.300+0000] {logging_mixin.py:190} INFO - [2024-11-15T07:33:49.299+0000] {dag.py:4180} INFO - Setting next_dagrun for example_short_circuit_decorator to None, run_after=None
[2024-11-15T07:33:49.538+0000] {processor.py:208} INFO - Processing /home/airflow/.local/lib/python3.12/site-packages/airflow/example_dags/example_short_circuit_decorator.py took 1.078 seconds
[2024-11-15T07:34:58.011+0000] {processor.py:186} INFO - Started process (PID=2134) to work on /home/airflow/.local/lib/python3.12/site-packages/airflow/example_dags/example_short_circuit_decorator.py
[2024-11-15T07:34:58.027+0000] {processor.py:914} INFO - Processing file /home/airflow/.local/lib/python3.12/site-packages/airflow/example_dags/example_short_circuit_decorator.py for tasks to queue
[2024-11-15T07:34:58.043+0000] {logging_mixin.py:190} INFO - [2024-11-15T07:34:58.040+0000] {dagbag.py:588} INFO - Filling up the DagBag from /home/airflow/.local/lib/python3.12/site-packages/airflow/example_dags/example_short_circuit_decorator.py
[2024-11-15T07:34:58.170+0000] {processor.py:925} INFO - DAG(s) 'example_short_circuit_decorator' retrieved from /home/airflow/.local/lib/python3.12/site-packages/airflow/example_dags/example_short_circuit_decorator.py
[2024-11-15T07:34:58.508+0000] {logging_mixin.py:190} INFO - [2024-11-15T07:34:58.503+0000] {dag.py:3239} INFO - Sync 1 DAGs
[2024-11-15T07:34:59.033+0000] {logging_mixin.py:190} INFO - [2024-11-15T07:34:59.032+0000] {dag.py:4180} INFO - Setting next_dagrun for example_short_circuit_decorator to None, run_after=None
[2024-11-15T07:34:59.246+0000] {processor.py:208} INFO - Processing /home/airflow/.local/lib/python3.12/site-packages/airflow/example_dags/example_short_circuit_decorator.py took 1.336 seconds
[2024-11-15T07:36:59.219+0000] {processor.py:186} INFO - Started process (PID=2209) to work on /home/airflow/.local/lib/python3.12/site-packages/airflow/example_dags/example_short_circuit_decorator.py
[2024-11-15T07:36:59.225+0000] {processor.py:914} INFO - Processing file /home/airflow/.local/lib/python3.12/site-packages/airflow/example_dags/example_short_circuit_decorator.py for tasks to queue
[2024-11-15T07:36:59.235+0000] {logging_mixin.py:190} INFO - [2024-11-15T07:36:59.234+0000] {dagbag.py:588} INFO - Filling up the DagBag from /home/airflow/.local/lib/python3.12/site-packages/airflow/example_dags/example_short_circuit_decorator.py
[2024-11-15T07:36:59.342+0000] {processor.py:925} INFO - DAG(s) 'example_short_circuit_decorator' retrieved from /home/airflow/.local/lib/python3.12/site-packages/airflow/example_dags/example_short_circuit_decorator.py
[2024-11-15T07:36:59.518+0000] {logging_mixin.py:190} INFO - [2024-11-15T07:36:59.517+0000] {dag.py:3239} INFO - Sync 1 DAGs
[2024-11-15T07:36:59.684+0000] {logging_mixin.py:190} INFO - [2024-11-15T07:36:59.673+0000] {dag.py:4180} INFO - Setting next_dagrun for example_short_circuit_decorator to None, run_after=None
[2024-11-15T07:36:59.831+0000] {processor.py:208} INFO - Processing /home/airflow/.local/lib/python3.12/site-packages/airflow/example_dags/example_short_circuit_decorator.py took 0.674 seconds
[2024-11-15T07:41:28.768+0000] {processor.py:186} INFO - Started process (PID=2342) to work on /home/airflow/.local/lib/python3.12/site-packages/airflow/example_dags/example_short_circuit_decorator.py
[2024-11-15T07:41:28.841+0000] {processor.py:914} INFO - Processing file /home/airflow/.local/lib/python3.12/site-packages/airflow/example_dags/example_short_circuit_decorator.py for tasks to queue
[2024-11-15T07:41:28.907+0000] {logging_mixin.py:190} INFO - [2024-11-15T07:41:28.858+0000] {dagbag.py:588} INFO - Filling up the DagBag from /home/airflow/.local/lib/python3.12/site-packages/airflow/example_dags/example_short_circuit_decorator.py
[2024-11-15T07:41:29.509+0000] {processor.py:925} INFO - DAG(s) 'example_short_circuit_decorator' retrieved from /home/airflow/.local/lib/python3.12/site-packages/airflow/example_dags/example_short_circuit_decorator.py
[2024-11-15T07:41:32.375+0000] {logging_mixin.py:190} INFO - [2024-11-15T07:41:32.373+0000] {dag.py:3239} INFO - Sync 1 DAGs
[2024-11-15T07:41:34.223+0000] {logging_mixin.py:190} INFO - [2024-11-15T07:41:34.221+0000] {dag.py:4180} INFO - Setting next_dagrun for example_short_circuit_decorator to None, run_after=None
[2024-11-15T07:41:34.984+0000] {processor.py:208} INFO - Processing /home/airflow/.local/lib/python3.12/site-packages/airflow/example_dags/example_short_circuit_decorator.py took 6.676 seconds
[2024-11-15T07:43:44.635+0000] {processor.py:186} INFO - Started process (PID=2423) to work on /home/airflow/.local/lib/python3.12/site-packages/airflow/example_dags/example_short_circuit_decorator.py
[2024-11-15T07:43:44.654+0000] {processor.py:914} INFO - Processing file /home/airflow/.local/lib/python3.12/site-packages/airflow/example_dags/example_short_circuit_decorator.py for tasks to queue
[2024-11-15T07:43:44.660+0000] {logging_mixin.py:190} INFO - [2024-11-15T07:43:44.658+0000] {dagbag.py:588} INFO - Filling up the DagBag from /home/airflow/.local/lib/python3.12/site-packages/airflow/example_dags/example_short_circuit_decorator.py
[2024-11-15T07:43:44.742+0000] {processor.py:925} INFO - DAG(s) 'example_short_circuit_decorator' retrieved from /home/airflow/.local/lib/python3.12/site-packages/airflow/example_dags/example_short_circuit_decorator.py
[2024-11-15T07:43:44.959+0000] {logging_mixin.py:190} INFO - [2024-11-15T07:43:44.959+0000] {dag.py:3239} INFO - Sync 1 DAGs
[2024-11-15T07:43:45.099+0000] {logging_mixin.py:190} INFO - [2024-11-15T07:43:45.099+0000] {dag.py:4180} INFO - Setting next_dagrun for example_short_circuit_decorator to None, run_after=None
[2024-11-15T07:43:45.296+0000] {processor.py:208} INFO - Processing /home/airflow/.local/lib/python3.12/site-packages/airflow/example_dags/example_short_circuit_decorator.py took 0.717 seconds
[2024-11-15T07:47:43.067+0000] {processor.py:186} INFO - Started process (PID=2535) to work on /home/airflow/.local/lib/python3.12/site-packages/airflow/example_dags/example_short_circuit_decorator.py
[2024-11-15T07:47:43.093+0000] {processor.py:914} INFO - Processing file /home/airflow/.local/lib/python3.12/site-packages/airflow/example_dags/example_short_circuit_decorator.py for tasks to queue
[2024-11-15T07:47:43.106+0000] {logging_mixin.py:190} INFO - [2024-11-15T07:47:43.105+0000] {dagbag.py:588} INFO - Filling up the DagBag from /home/airflow/.local/lib/python3.12/site-packages/airflow/example_dags/example_short_circuit_decorator.py
[2024-11-15T07:47:43.513+0000] {processor.py:925} INFO - DAG(s) 'example_short_circuit_decorator' retrieved from /home/airflow/.local/lib/python3.12/site-packages/airflow/example_dags/example_short_circuit_decorator.py
[2024-11-15T07:47:43.963+0000] {logging_mixin.py:190} INFO - [2024-11-15T07:47:43.958+0000] {dag.py:3239} INFO - Sync 1 DAGs
[2024-11-15T07:47:44.187+0000] {logging_mixin.py:190} INFO - [2024-11-15T07:47:44.184+0000] {dag.py:4180} INFO - Setting next_dagrun for example_short_circuit_decorator to None, run_after=None
[2024-11-15T07:47:44.415+0000] {processor.py:208} INFO - Processing /home/airflow/.local/lib/python3.12/site-packages/airflow/example_dags/example_short_circuit_decorator.py took 1.477 seconds
[2024-11-15T07:53:33.429+0000] {processor.py:186} INFO - Started process (PID=2678) to work on /home/airflow/.local/lib/python3.12/site-packages/airflow/example_dags/example_short_circuit_decorator.py
[2024-11-15T07:53:33.485+0000] {processor.py:914} INFO - Processing file /home/airflow/.local/lib/python3.12/site-packages/airflow/example_dags/example_short_circuit_decorator.py for tasks to queue
[2024-11-15T07:53:33.501+0000] {logging_mixin.py:190} INFO - [2024-11-15T07:53:33.499+0000] {dagbag.py:588} INFO - Filling up the DagBag from /home/airflow/.local/lib/python3.12/site-packages/airflow/example_dags/example_short_circuit_decorator.py
[2024-11-15T07:53:33.819+0000] {processor.py:925} INFO - DAG(s) 'example_short_circuit_decorator' retrieved from /home/airflow/.local/lib/python3.12/site-packages/airflow/example_dags/example_short_circuit_decorator.py
[2024-11-15T07:53:34.516+0000] {logging_mixin.py:190} INFO - [2024-11-15T07:53:34.516+0000] {dag.py:3239} INFO - Sync 1 DAGs
[2024-11-15T07:53:34.962+0000] {logging_mixin.py:190} INFO - [2024-11-15T07:53:34.960+0000] {dag.py:4180} INFO - Setting next_dagrun for example_short_circuit_decorator to None, run_after=None
[2024-11-15T07:53:35.584+0000] {processor.py:208} INFO - Processing /home/airflow/.local/lib/python3.12/site-packages/airflow/example_dags/example_short_circuit_decorator.py took 2.271 seconds
[2024-11-15T07:59:27.150+0000] {processor.py:186} INFO - Started process (PID=2818) to work on /home/airflow/.local/lib/python3.12/site-packages/airflow/example_dags/example_short_circuit_decorator.py
[2024-11-15T07:59:27.329+0000] {processor.py:914} INFO - Processing file /home/airflow/.local/lib/python3.12/site-packages/airflow/example_dags/example_short_circuit_decorator.py for tasks to queue
[2024-11-15T07:59:27.657+0000] {logging_mixin.py:190} INFO - [2024-11-15T07:59:27.639+0000] {dagbag.py:588} INFO - Filling up the DagBag from /home/airflow/.local/lib/python3.12/site-packages/airflow/example_dags/example_short_circuit_decorator.py
[2024-11-15T07:59:30.318+0000] {processor.py:925} INFO - DAG(s) 'example_short_circuit_decorator' retrieved from /home/airflow/.local/lib/python3.12/site-packages/airflow/example_dags/example_short_circuit_decorator.py
[2024-11-15T07:59:35.482+0000] {logging_mixin.py:190} INFO - [2024-11-15T07:59:35.378+0000] {dag.py:3239} INFO - Sync 1 DAGs
[2024-11-15T07:59:37.355+0000] {logging_mixin.py:190} INFO - [2024-11-15T07:59:37.353+0000] {dag.py:4180} INFO - Setting next_dagrun for example_short_circuit_decorator to None, run_after=None
[2024-11-15T07:59:38.096+0000] {processor.py:208} INFO - Processing /home/airflow/.local/lib/python3.12/site-packages/airflow/example_dags/example_short_circuit_decorator.py took 11.291 seconds
[2024-11-15T08:18:36.625+0000] {processor.py:186} INFO - Started process (PID=2981) to work on /home/airflow/.local/lib/python3.12/site-packages/airflow/example_dags/example_short_circuit_decorator.py
[2024-11-15T08:18:36.643+0000] {processor.py:914} INFO - Processing file /home/airflow/.local/lib/python3.12/site-packages/airflow/example_dags/example_short_circuit_decorator.py for tasks to queue
[2024-11-15T08:18:36.663+0000] {logging_mixin.py:190} INFO - [2024-11-15T08:18:36.662+0000] {dagbag.py:588} INFO - Filling up the DagBag from /home/airflow/.local/lib/python3.12/site-packages/airflow/example_dags/example_short_circuit_decorator.py
[2024-11-15T08:18:36.885+0000] {processor.py:925} INFO - DAG(s) 'example_short_circuit_decorator' retrieved from /home/airflow/.local/lib/python3.12/site-packages/airflow/example_dags/example_short_circuit_decorator.py
[2024-11-15T08:18:37.287+0000] {logging_mixin.py:190} INFO - [2024-11-15T08:18:37.286+0000] {dag.py:3239} INFO - Sync 1 DAGs
[2024-11-15T08:18:37.925+0000] {logging_mixin.py:190} INFO - [2024-11-15T08:18:37.913+0000] {dag.py:4180} INFO - Setting next_dagrun for example_short_circuit_decorator to None, run_after=None
[2024-11-15T08:18:38.618+0000] {processor.py:208} INFO - Processing /home/airflow/.local/lib/python3.12/site-packages/airflow/example_dags/example_short_circuit_decorator.py took 2.098 seconds
[2024-11-15T08:28:22.819+0000] {processor.py:186} INFO - Started process (PID=3164) to work on /home/airflow/.local/lib/python3.12/site-packages/airflow/example_dags/example_short_circuit_decorator.py
[2024-11-15T08:28:22.835+0000] {processor.py:914} INFO - Processing file /home/airflow/.local/lib/python3.12/site-packages/airflow/example_dags/example_short_circuit_decorator.py for tasks to queue
[2024-11-15T08:28:22.879+0000] {logging_mixin.py:190} INFO - [2024-11-15T08:28:22.877+0000] {dagbag.py:588} INFO - Filling up the DagBag from /home/airflow/.local/lib/python3.12/site-packages/airflow/example_dags/example_short_circuit_decorator.py
[2024-11-15T08:28:23.399+0000] {processor.py:925} INFO - DAG(s) 'example_short_circuit_decorator' retrieved from /home/airflow/.local/lib/python3.12/site-packages/airflow/example_dags/example_short_circuit_decorator.py
[2024-11-15T08:28:24.412+0000] {logging_mixin.py:190} INFO - [2024-11-15T08:28:24.409+0000] {dag.py:3239} INFO - Sync 1 DAGs
[2024-11-15T08:28:25.662+0000] {logging_mixin.py:190} INFO - [2024-11-15T08:28:25.661+0000] {dag.py:4180} INFO - Setting next_dagrun for example_short_circuit_decorator to None, run_after=None
[2024-11-15T08:28:26.829+0000] {processor.py:208} INFO - Processing /home/airflow/.local/lib/python3.12/site-packages/airflow/example_dags/example_short_circuit_decorator.py took 4.165 seconds
[2024-11-15T08:36:37.581+0000] {processor.py:186} INFO - Started process (PID=3342) to work on /home/airflow/.local/lib/python3.12/site-packages/airflow/example_dags/example_short_circuit_decorator.py
[2024-11-15T08:36:37.593+0000] {processor.py:914} INFO - Processing file /home/airflow/.local/lib/python3.12/site-packages/airflow/example_dags/example_short_circuit_decorator.py for tasks to queue
[2024-11-15T08:36:37.611+0000] {logging_mixin.py:190} INFO - [2024-11-15T08:36:37.606+0000] {dagbag.py:588} INFO - Filling up the DagBag from /home/airflow/.local/lib/python3.12/site-packages/airflow/example_dags/example_short_circuit_decorator.py
[2024-11-15T08:36:37.815+0000] {processor.py:925} INFO - DAG(s) 'example_short_circuit_decorator' retrieved from /home/airflow/.local/lib/python3.12/site-packages/airflow/example_dags/example_short_circuit_decorator.py
[2024-11-15T08:36:38.117+0000] {logging_mixin.py:190} INFO - [2024-11-15T08:36:38.113+0000] {dag.py:3239} INFO - Sync 1 DAGs
[2024-11-15T08:36:38.411+0000] {logging_mixin.py:190} INFO - [2024-11-15T08:36:38.408+0000] {dag.py:4180} INFO - Setting next_dagrun for example_short_circuit_decorator to None, run_after=None
[2024-11-15T08:36:38.825+0000] {processor.py:208} INFO - Processing /home/airflow/.local/lib/python3.12/site-packages/airflow/example_dags/example_short_circuit_decorator.py took 1.391 seconds
[2024-11-15T09:29:49.833+0000] {processor.py:186} INFO - Started process (PID=334) to work on /home/airflow/.local/lib/python3.12/site-packages/airflow/example_dags/example_short_circuit_decorator.py
[2024-11-15T09:29:49.855+0000] {processor.py:914} INFO - Processing file /home/airflow/.local/lib/python3.12/site-packages/airflow/example_dags/example_short_circuit_decorator.py for tasks to queue
[2024-11-15T09:29:49.871+0000] {logging_mixin.py:190} INFO - [2024-11-15T09:29:49.870+0000] {dagbag.py:588} INFO - Filling up the DagBag from /home/airflow/.local/lib/python3.12/site-packages/airflow/example_dags/example_short_circuit_decorator.py
[2024-11-15T09:29:50.010+0000] {processor.py:925} INFO - DAG(s) 'example_short_circuit_decorator' retrieved from /home/airflow/.local/lib/python3.12/site-packages/airflow/example_dags/example_short_circuit_decorator.py
[2024-11-15T09:29:50.210+0000] {logging_mixin.py:190} INFO - [2024-11-15T09:29:50.210+0000] {dag.py:3239} INFO - Sync 1 DAGs
[2024-11-15T09:29:50.425+0000] {logging_mixin.py:190} INFO - [2024-11-15T09:29:50.425+0000] {dag.py:4180} INFO - Setting next_dagrun for example_short_circuit_decorator to None, run_after=None
[2024-11-15T09:29:50.630+0000] {processor.py:208} INFO - Processing /home/airflow/.local/lib/python3.12/site-packages/airflow/example_dags/example_short_circuit_decorator.py took 0.895 seconds
[2024-11-15T09:34:48.514+0000] {processor.py:186} INFO - Started process (PID=464) to work on /home/airflow/.local/lib/python3.12/site-packages/airflow/example_dags/example_short_circuit_decorator.py
[2024-11-15T09:34:49.024+0000] {processor.py:914} INFO - Processing file /home/airflow/.local/lib/python3.12/site-packages/airflow/example_dags/example_short_circuit_decorator.py for tasks to queue
[2024-11-15T09:34:49.267+0000] {logging_mixin.py:190} INFO - [2024-11-15T09:34:49.171+0000] {dagbag.py:588} INFO - Filling up the DagBag from /home/airflow/.local/lib/python3.12/site-packages/airflow/example_dags/example_short_circuit_decorator.py
[2024-11-15T09:34:54.021+0000] {processor.py:925} INFO - DAG(s) 'example_short_circuit_decorator' retrieved from /home/airflow/.local/lib/python3.12/site-packages/airflow/example_dags/example_short_circuit_decorator.py
[2024-11-15T09:35:06.983+0000] {logging_mixin.py:190} INFO - [2024-11-15T09:35:06.980+0000] {dag.py:3239} INFO - Sync 1 DAGs
[2024-11-15T09:35:09.352+0000] {logging_mixin.py:190} INFO - [2024-11-15T09:35:09.350+0000] {dag.py:4180} INFO - Setting next_dagrun for example_short_circuit_decorator to None, run_after=None
[2024-11-15T09:35:10.855+0000] {processor.py:208} INFO - Processing /home/airflow/.local/lib/python3.12/site-packages/airflow/example_dags/example_short_circuit_decorator.py took 24.769 seconds
[2024-11-15T09:42:49.722+0000] {processor.py:186} INFO - Started process (PID=625) to work on /home/airflow/.local/lib/python3.12/site-packages/airflow/example_dags/example_short_circuit_decorator.py
[2024-11-15T09:42:49.733+0000] {processor.py:914} INFO - Processing file /home/airflow/.local/lib/python3.12/site-packages/airflow/example_dags/example_short_circuit_decorator.py for tasks to queue
[2024-11-15T09:42:49.755+0000] {logging_mixin.py:190} INFO - [2024-11-15T09:42:49.754+0000] {dagbag.py:588} INFO - Filling up the DagBag from /home/airflow/.local/lib/python3.12/site-packages/airflow/example_dags/example_short_circuit_decorator.py
[2024-11-15T09:42:50.357+0000] {processor.py:925} INFO - DAG(s) 'example_short_circuit_decorator' retrieved from /home/airflow/.local/lib/python3.12/site-packages/airflow/example_dags/example_short_circuit_decorator.py
[2024-11-15T09:42:51.213+0000] {logging_mixin.py:190} INFO - [2024-11-15T09:42:51.213+0000] {dag.py:3239} INFO - Sync 1 DAGs
[2024-11-15T09:42:51.609+0000] {logging_mixin.py:190} INFO - [2024-11-15T09:42:51.608+0000] {dag.py:4180} INFO - Setting next_dagrun for example_short_circuit_decorator to None, run_after=None
[2024-11-15T09:42:52.445+0000] {processor.py:208} INFO - Processing /home/airflow/.local/lib/python3.12/site-packages/airflow/example_dags/example_short_circuit_decorator.py took 2.948 seconds
