[2024-11-15T06:47:00.336+0000] {processor.py:186} INFO - Started process (PID=136) to work on /home/airflow/.local/lib/python3.12/site-packages/airflow/example_dags/example_complex.py
[2024-11-15T06:47:00.383+0000] {processor.py:914} INFO - Processing file /home/airflow/.local/lib/python3.12/site-packages/airflow/example_dags/example_complex.py for tasks to queue
[2024-11-15T06:47:00.415+0000] {logging_mixin.py:190} INFO - [2024-11-15T06:47:00.414+0000] {dagbag.py:588} INFO - Filling up the DagBag from /home/airflow/.local/lib/python3.12/site-packages/airflow/example_dags/example_complex.py
[2024-11-15T06:47:00.522+0000] {processor.py:925} INFO - DAG(s) 'example_complex' retrieved from /home/airflow/.local/lib/python3.12/site-packages/airflow/example_dags/example_complex.py
[2024-11-15T06:47:01.148+0000] {logging_mixin.py:190} INFO - [2024-11-15T06:47:01.147+0000] {dag.py:3239} INFO - Sync 1 DAGs
[2024-11-15T06:47:01.366+0000] {logging_mixin.py:190} INFO - [2024-11-15T06:47:01.365+0000] {dag.py:4180} INFO - Setting next_dagrun for example_complex to None, run_after=None
[2024-11-15T06:47:01.609+0000] {processor.py:208} INFO - Processing /home/airflow/.local/lib/python3.12/site-packages/airflow/example_dags/example_complex.py took 1.339 seconds
[2024-11-15T06:48:19.261+0000] {processor.py:186} INFO - Started process (PID=214) to work on /home/airflow/.local/lib/python3.12/site-packages/airflow/example_dags/example_complex.py
[2024-11-15T06:48:19.310+0000] {processor.py:914} INFO - Processing file /home/airflow/.local/lib/python3.12/site-packages/airflow/example_dags/example_complex.py for tasks to queue
[2024-11-15T06:48:19.398+0000] {logging_mixin.py:190} INFO - [2024-11-15T06:48:19.397+0000] {dagbag.py:588} INFO - Filling up the DagBag from /home/airflow/.local/lib/python3.12/site-packages/airflow/example_dags/example_complex.py
[2024-11-15T06:48:20.037+0000] {processor.py:925} INFO - DAG(s) 'example_complex' retrieved from /home/airflow/.local/lib/python3.12/site-packages/airflow/example_dags/example_complex.py
[2024-11-15T06:48:20.904+0000] {logging_mixin.py:190} INFO - [2024-11-15T06:48:20.902+0000] {dag.py:3239} INFO - Sync 1 DAGs
[2024-11-15T06:48:21.748+0000] {logging_mixin.py:190} INFO - [2024-11-15T06:48:21.747+0000] {dag.py:4180} INFO - Setting next_dagrun for example_complex to None, run_after=None
[2024-11-15T06:48:22.657+0000] {processor.py:208} INFO - Processing /home/airflow/.local/lib/python3.12/site-packages/airflow/example_dags/example_complex.py took 3.780 seconds
[2024-11-15T06:50:07.595+0000] {processor.py:186} INFO - Started process (PID=288) to work on /home/airflow/.local/lib/python3.12/site-packages/airflow/example_dags/example_complex.py
[2024-11-15T06:50:07.629+0000] {processor.py:914} INFO - Processing file /home/airflow/.local/lib/python3.12/site-packages/airflow/example_dags/example_complex.py for tasks to queue
[2024-11-15T06:50:07.689+0000] {logging_mixin.py:190} INFO - [2024-11-15T06:50:07.688+0000] {dagbag.py:588} INFO - Filling up the DagBag from /home/airflow/.local/lib/python3.12/site-packages/airflow/example_dags/example_complex.py
[2024-11-15T06:50:08.001+0000] {processor.py:925} INFO - DAG(s) 'example_complex' retrieved from /home/airflow/.local/lib/python3.12/site-packages/airflow/example_dags/example_complex.py
[2024-11-15T06:50:09.048+0000] {logging_mixin.py:190} INFO - [2024-11-15T06:50:09.047+0000] {dag.py:3239} INFO - Sync 1 DAGs
[2024-11-15T06:50:09.377+0000] {logging_mixin.py:190} INFO - [2024-11-15T06:50:09.376+0000] {dag.py:4180} INFO - Setting next_dagrun for example_complex to None, run_after=None
[2024-11-15T06:50:09.761+0000] {processor.py:208} INFO - Processing /home/airflow/.local/lib/python3.12/site-packages/airflow/example_dags/example_complex.py took 2.350 seconds
[2024-11-15T06:51:51.325+0000] {processor.py:186} INFO - Started process (PID=375) to work on /home/airflow/.local/lib/python3.12/site-packages/airflow/example_dags/example_complex.py
[2024-11-15T06:51:51.331+0000] {processor.py:914} INFO - Processing file /home/airflow/.local/lib/python3.12/site-packages/airflow/example_dags/example_complex.py for tasks to queue
[2024-11-15T06:51:51.369+0000] {logging_mixin.py:190} INFO - [2024-11-15T06:51:51.367+0000] {dagbag.py:588} INFO - Filling up the DagBag from /home/airflow/.local/lib/python3.12/site-packages/airflow/example_dags/example_complex.py
[2024-11-15T06:51:51.561+0000] {processor.py:925} INFO - DAG(s) 'example_complex' retrieved from /home/airflow/.local/lib/python3.12/site-packages/airflow/example_dags/example_complex.py
[2024-11-15T06:51:52.091+0000] {logging_mixin.py:190} INFO - [2024-11-15T06:51:52.083+0000] {dag.py:3239} INFO - Sync 1 DAGs
[2024-11-15T06:51:52.190+0000] {logging_mixin.py:190} INFO - [2024-11-15T06:51:52.189+0000] {dag.py:4180} INFO - Setting next_dagrun for example_complex to None, run_after=None
[2024-11-15T06:51:52.496+0000] {processor.py:208} INFO - Processing /home/airflow/.local/lib/python3.12/site-packages/airflow/example_dags/example_complex.py took 1.291 seconds
[2024-11-15T06:53:01.340+0000] {processor.py:186} INFO - Started process (PID=453) to work on /home/airflow/.local/lib/python3.12/site-packages/airflow/example_dags/example_complex.py
[2024-11-15T06:53:01.380+0000] {processor.py:914} INFO - Processing file /home/airflow/.local/lib/python3.12/site-packages/airflow/example_dags/example_complex.py for tasks to queue
[2024-11-15T06:53:01.423+0000] {logging_mixin.py:190} INFO - [2024-11-15T06:53:01.422+0000] {dagbag.py:588} INFO - Filling up the DagBag from /home/airflow/.local/lib/python3.12/site-packages/airflow/example_dags/example_complex.py
[2024-11-15T06:53:01.701+0000] {processor.py:925} INFO - DAG(s) 'example_complex' retrieved from /home/airflow/.local/lib/python3.12/site-packages/airflow/example_dags/example_complex.py
[2024-11-15T06:53:02.395+0000] {logging_mixin.py:190} INFO - [2024-11-15T06:53:02.394+0000] {dag.py:3239} INFO - Sync 1 DAGs
[2024-11-15T06:53:02.646+0000] {logging_mixin.py:190} INFO - [2024-11-15T06:53:02.645+0000] {dag.py:4180} INFO - Setting next_dagrun for example_complex to None, run_after=None
[2024-11-15T06:53:03.030+0000] {processor.py:208} INFO - Processing /home/airflow/.local/lib/python3.12/site-packages/airflow/example_dags/example_complex.py took 1.793 seconds
[2024-11-15T06:54:38.481+0000] {processor.py:186} INFO - Started process (PID=541) to work on /home/airflow/.local/lib/python3.12/site-packages/airflow/example_dags/example_complex.py
[2024-11-15T06:54:38.492+0000] {processor.py:914} INFO - Processing file /home/airflow/.local/lib/python3.12/site-packages/airflow/example_dags/example_complex.py for tasks to queue
[2024-11-15T06:54:38.513+0000] {logging_mixin.py:190} INFO - [2024-11-15T06:54:38.512+0000] {dagbag.py:588} INFO - Filling up the DagBag from /home/airflow/.local/lib/python3.12/site-packages/airflow/example_dags/example_complex.py
[2024-11-15T06:54:38.720+0000] {processor.py:925} INFO - DAG(s) 'example_complex' retrieved from /home/airflow/.local/lib/python3.12/site-packages/airflow/example_dags/example_complex.py
[2024-11-15T06:54:39.177+0000] {logging_mixin.py:190} INFO - [2024-11-15T06:54:39.175+0000] {dag.py:3239} INFO - Sync 1 DAGs
[2024-11-15T06:54:39.380+0000] {logging_mixin.py:190} INFO - [2024-11-15T06:54:39.372+0000] {dag.py:4180} INFO - Setting next_dagrun for example_complex to None, run_after=None
[2024-11-15T06:54:39.637+0000] {processor.py:208} INFO - Processing /home/airflow/.local/lib/python3.12/site-packages/airflow/example_dags/example_complex.py took 1.331 seconds
[2024-11-15T06:56:06.470+0000] {processor.py:186} INFO - Started process (PID=608) to work on /home/airflow/.local/lib/python3.12/site-packages/airflow/example_dags/example_complex.py
[2024-11-15T06:56:06.517+0000] {processor.py:914} INFO - Processing file /home/airflow/.local/lib/python3.12/site-packages/airflow/example_dags/example_complex.py for tasks to queue
[2024-11-15T06:56:06.662+0000] {logging_mixin.py:190} INFO - [2024-11-15T06:56:06.578+0000] {dagbag.py:588} INFO - Filling up the DagBag from /home/airflow/.local/lib/python3.12/site-packages/airflow/example_dags/example_complex.py
[2024-11-15T06:56:07.810+0000] {processor.py:925} INFO - DAG(s) 'example_complex' retrieved from /home/airflow/.local/lib/python3.12/site-packages/airflow/example_dags/example_complex.py
[2024-11-15T06:56:10.145+0000] {logging_mixin.py:190} INFO - [2024-11-15T06:56:10.144+0000] {dag.py:3239} INFO - Sync 1 DAGs
[2024-11-15T06:56:11.027+0000] {logging_mixin.py:190} INFO - [2024-11-15T06:56:10.983+0000] {dag.py:4180} INFO - Setting next_dagrun for example_complex to None, run_after=None
[2024-11-15T06:56:13.036+0000] {processor.py:208} INFO - Processing /home/airflow/.local/lib/python3.12/site-packages/airflow/example_dags/example_complex.py took 6.803 seconds
[2024-11-15T07:00:19.611+0000] {processor.py:186} INFO - Started process (PID=685) to work on /home/airflow/.local/lib/python3.12/site-packages/airflow/example_dags/example_complex.py
[2024-11-15T07:00:19.756+0000] {processor.py:914} INFO - Processing file /home/airflow/.local/lib/python3.12/site-packages/airflow/example_dags/example_complex.py for tasks to queue
[2024-11-15T07:00:19.897+0000] {logging_mixin.py:190} INFO - [2024-11-15T07:00:19.896+0000] {dagbag.py:588} INFO - Filling up the DagBag from /home/airflow/.local/lib/python3.12/site-packages/airflow/example_dags/example_complex.py
[2024-11-15T07:00:20.661+0000] {processor.py:925} INFO - DAG(s) 'example_complex' retrieved from /home/airflow/.local/lib/python3.12/site-packages/airflow/example_dags/example_complex.py
[2024-11-15T07:00:22.324+0000] {logging_mixin.py:190} INFO - [2024-11-15T07:00:22.323+0000] {dag.py:3239} INFO - Sync 1 DAGs
[2024-11-15T07:00:22.830+0000] {logging_mixin.py:190} INFO - [2024-11-15T07:00:22.828+0000] {dag.py:4180} INFO - Setting next_dagrun for example_complex to None, run_after=None
[2024-11-15T07:00:24.994+0000] {processor.py:208} INFO - Processing /home/airflow/.local/lib/python3.12/site-packages/airflow/example_dags/example_complex.py took 5.933 seconds
[2024-11-15T07:02:50.192+0000] {processor.py:186} INFO - Started process (PID=767) to work on /home/airflow/.local/lib/python3.12/site-packages/airflow/example_dags/example_complex.py
[2024-11-15T07:02:50.197+0000] {processor.py:914} INFO - Processing file /home/airflow/.local/lib/python3.12/site-packages/airflow/example_dags/example_complex.py for tasks to queue
[2024-11-15T07:02:50.216+0000] {logging_mixin.py:190} INFO - [2024-11-15T07:02:50.215+0000] {dagbag.py:588} INFO - Filling up the DagBag from /home/airflow/.local/lib/python3.12/site-packages/airflow/example_dags/example_complex.py
[2024-11-15T07:02:50.394+0000] {processor.py:925} INFO - DAG(s) 'example_complex' retrieved from /home/airflow/.local/lib/python3.12/site-packages/airflow/example_dags/example_complex.py
[2024-11-15T07:02:50.795+0000] {logging_mixin.py:190} INFO - [2024-11-15T07:02:50.794+0000] {dag.py:3239} INFO - Sync 1 DAGs
[2024-11-15T07:02:51.042+0000] {logging_mixin.py:190} INFO - [2024-11-15T07:02:51.041+0000] {dag.py:4180} INFO - Setting next_dagrun for example_complex to None, run_after=None
[2024-11-15T07:02:51.325+0000] {processor.py:208} INFO - Processing /home/airflow/.local/lib/python3.12/site-packages/airflow/example_dags/example_complex.py took 1.196 seconds
[2024-11-15T07:04:16.929+0000] {processor.py:186} INFO - Started process (PID=828) to work on /home/airflow/.local/lib/python3.12/site-packages/airflow/example_dags/example_complex.py
[2024-11-15T07:04:16.933+0000] {processor.py:914} INFO - Processing file /home/airflow/.local/lib/python3.12/site-packages/airflow/example_dags/example_complex.py for tasks to queue
[2024-11-15T07:04:16.969+0000] {logging_mixin.py:190} INFO - [2024-11-15T07:04:16.967+0000] {dagbag.py:588} INFO - Filling up the DagBag from /home/airflow/.local/lib/python3.12/site-packages/airflow/example_dags/example_complex.py
[2024-11-15T07:04:17.200+0000] {processor.py:925} INFO - DAG(s) 'example_complex' retrieved from /home/airflow/.local/lib/python3.12/site-packages/airflow/example_dags/example_complex.py
[2024-11-15T07:04:18.327+0000] {logging_mixin.py:190} INFO - [2024-11-15T07:04:18.311+0000] {dag.py:3239} INFO - Sync 1 DAGs
[2024-11-15T07:04:18.686+0000] {logging_mixin.py:190} INFO - [2024-11-15T07:04:18.685+0000] {dag.py:4180} INFO - Setting next_dagrun for example_complex to None, run_after=None
[2024-11-15T07:04:19.020+0000] {processor.py:208} INFO - Processing /home/airflow/.local/lib/python3.12/site-packages/airflow/example_dags/example_complex.py took 2.183 seconds
[2024-11-15T07:06:26.378+0000] {processor.py:186} INFO - Started process (PID=889) to work on /home/airflow/.local/lib/python3.12/site-packages/airflow/example_dags/example_complex.py
[2024-11-15T07:06:26.403+0000] {processor.py:914} INFO - Processing file /home/airflow/.local/lib/python3.12/site-packages/airflow/example_dags/example_complex.py for tasks to queue
[2024-11-15T07:06:26.422+0000] {logging_mixin.py:190} INFO - [2024-11-15T07:06:26.407+0000] {dagbag.py:588} INFO - Filling up the DagBag from /home/airflow/.local/lib/python3.12/site-packages/airflow/example_dags/example_complex.py
[2024-11-15T07:06:26.639+0000] {processor.py:925} INFO - DAG(s) 'example_complex' retrieved from /home/airflow/.local/lib/python3.12/site-packages/airflow/example_dags/example_complex.py
[2024-11-15T07:06:27.140+0000] {logging_mixin.py:190} INFO - [2024-11-15T07:06:27.138+0000] {dag.py:3239} INFO - Sync 1 DAGs
[2024-11-15T07:06:27.446+0000] {logging_mixin.py:190} INFO - [2024-11-15T07:06:27.444+0000] {dag.py:4180} INFO - Setting next_dagrun for example_complex to None, run_after=None
[2024-11-15T07:06:27.916+0000] {processor.py:208} INFO - Processing /home/airflow/.local/lib/python3.12/site-packages/airflow/example_dags/example_complex.py took 1.653 seconds
[2024-11-15T07:08:03.178+0000] {processor.py:186} INFO - Started process (PID=970) to work on /home/airflow/.local/lib/python3.12/site-packages/airflow/example_dags/example_complex.py
[2024-11-15T07:08:03.182+0000] {processor.py:914} INFO - Processing file /home/airflow/.local/lib/python3.12/site-packages/airflow/example_dags/example_complex.py for tasks to queue
[2024-11-15T07:08:03.188+0000] {logging_mixin.py:190} INFO - [2024-11-15T07:08:03.186+0000] {dagbag.py:588} INFO - Filling up the DagBag from /home/airflow/.local/lib/python3.12/site-packages/airflow/example_dags/example_complex.py
[2024-11-15T07:08:03.355+0000] {processor.py:925} INFO - DAG(s) 'example_complex' retrieved from /home/airflow/.local/lib/python3.12/site-packages/airflow/example_dags/example_complex.py
[2024-11-15T07:08:03.688+0000] {logging_mixin.py:190} INFO - [2024-11-15T07:08:03.687+0000] {dag.py:3239} INFO - Sync 1 DAGs
[2024-11-15T07:08:03.884+0000] {logging_mixin.py:190} INFO - [2024-11-15T07:08:03.883+0000] {dag.py:4180} INFO - Setting next_dagrun for example_complex to None, run_after=None
[2024-11-15T07:08:04.037+0000] {processor.py:208} INFO - Processing /home/airflow/.local/lib/python3.12/site-packages/airflow/example_dags/example_complex.py took 0.916 seconds
[2024-11-15T07:10:43.269+0000] {processor.py:186} INFO - Started process (PID=1076) to work on /home/airflow/.local/lib/python3.12/site-packages/airflow/example_dags/example_complex.py
[2024-11-15T07:10:43.314+0000] {processor.py:914} INFO - Processing file /home/airflow/.local/lib/python3.12/site-packages/airflow/example_dags/example_complex.py for tasks to queue
[2024-11-15T07:10:43.338+0000] {logging_mixin.py:190} INFO - [2024-11-15T07:10:43.336+0000] {dagbag.py:588} INFO - Filling up the DagBag from /home/airflow/.local/lib/python3.12/site-packages/airflow/example_dags/example_complex.py
[2024-11-15T07:10:43.701+0000] {processor.py:925} INFO - DAG(s) 'example_complex' retrieved from /home/airflow/.local/lib/python3.12/site-packages/airflow/example_dags/example_complex.py
[2024-11-15T07:10:44.772+0000] {logging_mixin.py:190} INFO - [2024-11-15T07:10:44.770+0000] {dag.py:3239} INFO - Sync 1 DAGs
[2024-11-15T07:10:45.507+0000] {logging_mixin.py:190} INFO - [2024-11-15T07:10:45.498+0000] {dag.py:4180} INFO - Setting next_dagrun for example_complex to None, run_after=None
[2024-11-15T07:10:46.154+0000] {processor.py:208} INFO - Processing /home/airflow/.local/lib/python3.12/site-packages/airflow/example_dags/example_complex.py took 3.098 seconds
[2024-11-15T07:12:40.230+0000] {processor.py:186} INFO - Started process (PID=1173) to work on /home/airflow/.local/lib/python3.12/site-packages/airflow/example_dags/example_complex.py
[2024-11-15T07:12:40.304+0000] {processor.py:914} INFO - Processing file /home/airflow/.local/lib/python3.12/site-packages/airflow/example_dags/example_complex.py for tasks to queue
[2024-11-15T07:12:40.313+0000] {logging_mixin.py:190} INFO - [2024-11-15T07:12:40.310+0000] {dagbag.py:588} INFO - Filling up the DagBag from /home/airflow/.local/lib/python3.12/site-packages/airflow/example_dags/example_complex.py
[2024-11-15T07:12:40.549+0000] {processor.py:925} INFO - DAG(s) 'example_complex' retrieved from /home/airflow/.local/lib/python3.12/site-packages/airflow/example_dags/example_complex.py
[2024-11-15T07:12:41.058+0000] {logging_mixin.py:190} INFO - [2024-11-15T07:12:41.057+0000] {dag.py:3239} INFO - Sync 1 DAGs
[2024-11-15T07:12:41.326+0000] {logging_mixin.py:190} INFO - [2024-11-15T07:12:41.293+0000] {dag.py:4180} INFO - Setting next_dagrun for example_complex to None, run_after=None
[2024-11-15T07:12:41.641+0000] {processor.py:208} INFO - Processing /home/airflow/.local/lib/python3.12/site-packages/airflow/example_dags/example_complex.py took 1.872 seconds
[2024-11-15T07:14:36.741+0000] {processor.py:186} INFO - Started process (PID=1242) to work on /home/airflow/.local/lib/python3.12/site-packages/airflow/example_dags/example_complex.py
[2024-11-15T07:14:36.760+0000] {processor.py:914} INFO - Processing file /home/airflow/.local/lib/python3.12/site-packages/airflow/example_dags/example_complex.py for tasks to queue
[2024-11-15T07:14:36.803+0000] {logging_mixin.py:190} INFO - [2024-11-15T07:14:36.779+0000] {dagbag.py:588} INFO - Filling up the DagBag from /home/airflow/.local/lib/python3.12/site-packages/airflow/example_dags/example_complex.py
[2024-11-15T07:14:37.148+0000] {processor.py:925} INFO - DAG(s) 'example_complex' retrieved from /home/airflow/.local/lib/python3.12/site-packages/airflow/example_dags/example_complex.py
[2024-11-15T07:14:37.946+0000] {logging_mixin.py:190} INFO - [2024-11-15T07:14:37.944+0000] {dag.py:3239} INFO - Sync 1 DAGs
[2024-11-15T07:14:38.372+0000] {logging_mixin.py:190} INFO - [2024-11-15T07:14:38.371+0000] {dag.py:4180} INFO - Setting next_dagrun for example_complex to None, run_after=None
[2024-11-15T07:14:38.838+0000] {processor.py:208} INFO - Processing /home/airflow/.local/lib/python3.12/site-packages/airflow/example_dags/example_complex.py took 2.227 seconds
[2024-11-15T07:16:27.293+0000] {processor.py:186} INFO - Started process (PID=1343) to work on /home/airflow/.local/lib/python3.12/site-packages/airflow/example_dags/example_complex.py
[2024-11-15T07:16:27.306+0000] {processor.py:914} INFO - Processing file /home/airflow/.local/lib/python3.12/site-packages/airflow/example_dags/example_complex.py for tasks to queue
[2024-11-15T07:16:27.317+0000] {logging_mixin.py:190} INFO - [2024-11-15T07:16:27.316+0000] {dagbag.py:588} INFO - Filling up the DagBag from /home/airflow/.local/lib/python3.12/site-packages/airflow/example_dags/example_complex.py
[2024-11-15T07:16:27.753+0000] {processor.py:925} INFO - DAG(s) 'example_complex' retrieved from /home/airflow/.local/lib/python3.12/site-packages/airflow/example_dags/example_complex.py
[2024-11-15T07:16:28.727+0000] {logging_mixin.py:190} INFO - [2024-11-15T07:16:28.726+0000] {dag.py:3239} INFO - Sync 1 DAGs
[2024-11-15T07:16:29.426+0000] {logging_mixin.py:190} INFO - [2024-11-15T07:16:29.341+0000] {dag.py:4180} INFO - Setting next_dagrun for example_complex to None, run_after=None
[2024-11-15T07:16:30.193+0000] {processor.py:208} INFO - Processing /home/airflow/.local/lib/python3.12/site-packages/airflow/example_dags/example_complex.py took 3.017 seconds
[2024-11-15T07:18:08.648+0000] {processor.py:186} INFO - Started process (PID=1403) to work on /home/airflow/.local/lib/python3.12/site-packages/airflow/example_dags/example_complex.py
[2024-11-15T07:18:08.669+0000] {processor.py:914} INFO - Processing file /home/airflow/.local/lib/python3.12/site-packages/airflow/example_dags/example_complex.py for tasks to queue
[2024-11-15T07:18:08.678+0000] {logging_mixin.py:190} INFO - [2024-11-15T07:18:08.675+0000] {dagbag.py:588} INFO - Filling up the DagBag from /home/airflow/.local/lib/python3.12/site-packages/airflow/example_dags/example_complex.py
[2024-11-15T07:18:08.858+0000] {processor.py:925} INFO - DAG(s) 'example_complex' retrieved from /home/airflow/.local/lib/python3.12/site-packages/airflow/example_dags/example_complex.py
[2024-11-15T07:18:09.380+0000] {logging_mixin.py:190} INFO - [2024-11-15T07:18:09.380+0000] {dag.py:3239} INFO - Sync 1 DAGs
[2024-11-15T07:18:09.644+0000] {logging_mixin.py:190} INFO - [2024-11-15T07:18:09.643+0000] {dag.py:4180} INFO - Setting next_dagrun for example_complex to None, run_after=None
[2024-11-15T07:18:10.001+0000] {processor.py:208} INFO - Processing /home/airflow/.local/lib/python3.12/site-packages/airflow/example_dags/example_complex.py took 1.401 seconds
[2024-11-15T07:19:15.795+0000] {processor.py:186} INFO - Started process (PID=1476) to work on /home/airflow/.local/lib/python3.12/site-packages/airflow/example_dags/example_complex.py
[2024-11-15T07:19:15.811+0000] {processor.py:914} INFO - Processing file /home/airflow/.local/lib/python3.12/site-packages/airflow/example_dags/example_complex.py for tasks to queue
[2024-11-15T07:19:15.823+0000] {logging_mixin.py:190} INFO - [2024-11-15T07:19:15.820+0000] {dagbag.py:588} INFO - Filling up the DagBag from /home/airflow/.local/lib/python3.12/site-packages/airflow/example_dags/example_complex.py
[2024-11-15T07:19:15.958+0000] {processor.py:925} INFO - DAG(s) 'example_complex' retrieved from /home/airflow/.local/lib/python3.12/site-packages/airflow/example_dags/example_complex.py
[2024-11-15T07:19:16.368+0000] {logging_mixin.py:190} INFO - [2024-11-15T07:19:16.367+0000] {dag.py:3239} INFO - Sync 1 DAGs
[2024-11-15T07:19:16.570+0000] {logging_mixin.py:190} INFO - [2024-11-15T07:19:16.569+0000] {dag.py:4180} INFO - Setting next_dagrun for example_complex to None, run_after=None
[2024-11-15T07:19:16.812+0000] {processor.py:208} INFO - Processing /home/airflow/.local/lib/python3.12/site-packages/airflow/example_dags/example_complex.py took 1.088 seconds
[2024-11-15T07:20:38.441+0000] {processor.py:186} INFO - Started process (PID=1556) to work on /home/airflow/.local/lib/python3.12/site-packages/airflow/example_dags/example_complex.py
[2024-11-15T07:20:38.457+0000] {processor.py:914} INFO - Processing file /home/airflow/.local/lib/python3.12/site-packages/airflow/example_dags/example_complex.py for tasks to queue
[2024-11-15T07:20:38.466+0000] {logging_mixin.py:190} INFO - [2024-11-15T07:20:38.465+0000] {dagbag.py:588} INFO - Filling up the DagBag from /home/airflow/.local/lib/python3.12/site-packages/airflow/example_dags/example_complex.py
[2024-11-15T07:20:38.857+0000] {processor.py:925} INFO - DAG(s) 'example_complex' retrieved from /home/airflow/.local/lib/python3.12/site-packages/airflow/example_dags/example_complex.py
[2024-11-15T07:20:39.545+0000] {logging_mixin.py:190} INFO - [2024-11-15T07:20:39.544+0000] {dag.py:3239} INFO - Sync 1 DAGs
[2024-11-15T07:20:39.934+0000] {logging_mixin.py:190} INFO - [2024-11-15T07:20:39.933+0000] {dag.py:4180} INFO - Setting next_dagrun for example_complex to None, run_after=None
[2024-11-15T07:20:40.377+0000] {processor.py:208} INFO - Processing /home/airflow/.local/lib/python3.12/site-packages/airflow/example_dags/example_complex.py took 2.000 seconds
[2024-11-15T07:21:41.206+0000] {processor.py:186} INFO - Started process (PID=1625) to work on /home/airflow/.local/lib/python3.12/site-packages/airflow/example_dags/example_complex.py
[2024-11-15T07:21:41.229+0000] {processor.py:914} INFO - Processing file /home/airflow/.local/lib/python3.12/site-packages/airflow/example_dags/example_complex.py for tasks to queue
[2024-11-15T07:21:41.234+0000] {logging_mixin.py:190} INFO - [2024-11-15T07:21:41.232+0000] {dagbag.py:588} INFO - Filling up the DagBag from /home/airflow/.local/lib/python3.12/site-packages/airflow/example_dags/example_complex.py
[2024-11-15T07:21:41.289+0000] {processor.py:925} INFO - DAG(s) 'example_complex' retrieved from /home/airflow/.local/lib/python3.12/site-packages/airflow/example_dags/example_complex.py
[2024-11-15T07:21:41.531+0000] {logging_mixin.py:190} INFO - [2024-11-15T07:21:41.530+0000] {dag.py:3239} INFO - Sync 1 DAGs
[2024-11-15T07:21:41.611+0000] {logging_mixin.py:190} INFO - [2024-11-15T07:21:41.611+0000] {dag.py:4180} INFO - Setting next_dagrun for example_complex to None, run_after=None
[2024-11-15T07:21:41.677+0000] {processor.py:208} INFO - Processing /home/airflow/.local/lib/python3.12/site-packages/airflow/example_dags/example_complex.py took 0.491 seconds
[2024-11-15T07:23:19.843+0000] {processor.py:186} INFO - Started process (PID=1705) to work on /home/airflow/.local/lib/python3.12/site-packages/airflow/example_dags/example_complex.py
[2024-11-15T07:23:19.889+0000] {processor.py:914} INFO - Processing file /home/airflow/.local/lib/python3.12/site-packages/airflow/example_dags/example_complex.py for tasks to queue
[2024-11-15T07:23:19.902+0000] {logging_mixin.py:190} INFO - [2024-11-15T07:23:19.901+0000] {dagbag.py:588} INFO - Filling up the DagBag from /home/airflow/.local/lib/python3.12/site-packages/airflow/example_dags/example_complex.py
[2024-11-15T07:23:20.013+0000] {processor.py:925} INFO - DAG(s) 'example_complex' retrieved from /home/airflow/.local/lib/python3.12/site-packages/airflow/example_dags/example_complex.py
[2024-11-15T07:23:20.389+0000] {logging_mixin.py:190} INFO - [2024-11-15T07:23:20.388+0000] {dag.py:3239} INFO - Sync 1 DAGs
[2024-11-15T07:23:20.562+0000] {logging_mixin.py:190} INFO - [2024-11-15T07:23:20.561+0000] {dag.py:4180} INFO - Setting next_dagrun for example_complex to None, run_after=None
[2024-11-15T07:23:20.756+0000] {processor.py:208} INFO - Processing /home/airflow/.local/lib/python3.12/site-packages/airflow/example_dags/example_complex.py took 1.001 seconds
[2024-11-15T07:27:46.176+0000] {processor.py:186} INFO - Started process (PID=1811) to work on /home/airflow/.local/lib/python3.12/site-packages/airflow/example_dags/example_complex.py
[2024-11-15T07:27:46.180+0000] {processor.py:914} INFO - Processing file /home/airflow/.local/lib/python3.12/site-packages/airflow/example_dags/example_complex.py for tasks to queue
[2024-11-15T07:27:46.187+0000] {logging_mixin.py:190} INFO - [2024-11-15T07:27:46.185+0000] {dagbag.py:588} INFO - Filling up the DagBag from /home/airflow/.local/lib/python3.12/site-packages/airflow/example_dags/example_complex.py
[2024-11-15T07:27:46.264+0000] {processor.py:925} INFO - DAG(s) 'example_complex' retrieved from /home/airflow/.local/lib/python3.12/site-packages/airflow/example_dags/example_complex.py
[2024-11-15T07:27:46.437+0000] {logging_mixin.py:190} INFO - [2024-11-15T07:27:46.436+0000] {dag.py:3239} INFO - Sync 1 DAGs
[2024-11-15T07:27:46.517+0000] {logging_mixin.py:190} INFO - [2024-11-15T07:27:46.517+0000] {dag.py:4180} INFO - Setting next_dagrun for example_complex to None, run_after=None
[2024-11-15T07:27:46.609+0000] {processor.py:208} INFO - Processing /home/airflow/.local/lib/python3.12/site-packages/airflow/example_dags/example_complex.py took 0.481 seconds
[2024-11-15T07:28:43.163+0000] {processor.py:186} INFO - Started process (PID=1881) to work on /home/airflow/.local/lib/python3.12/site-packages/airflow/example_dags/example_complex.py
[2024-11-15T07:28:43.205+0000] {processor.py:914} INFO - Processing file /home/airflow/.local/lib/python3.12/site-packages/airflow/example_dags/example_complex.py for tasks to queue
[2024-11-15T07:28:43.218+0000] {logging_mixin.py:190} INFO - [2024-11-15T07:28:43.215+0000] {dagbag.py:588} INFO - Filling up the DagBag from /home/airflow/.local/lib/python3.12/site-packages/airflow/example_dags/example_complex.py
[2024-11-15T07:28:43.676+0000] {processor.py:925} INFO - DAG(s) 'example_complex' retrieved from /home/airflow/.local/lib/python3.12/site-packages/airflow/example_dags/example_complex.py
[2024-11-15T07:28:44.546+0000] {logging_mixin.py:190} INFO - [2024-11-15T07:28:44.533+0000] {dag.py:3239} INFO - Sync 1 DAGs
[2024-11-15T07:28:44.809+0000] {logging_mixin.py:190} INFO - [2024-11-15T07:28:44.808+0000] {dag.py:4180} INFO - Setting next_dagrun for example_complex to None, run_after=None
[2024-11-15T07:28:45.006+0000] {processor.py:208} INFO - Processing /home/airflow/.local/lib/python3.12/site-packages/airflow/example_dags/example_complex.py took 2.042 seconds
[2024-11-15T07:30:20.155+0000] {processor.py:186} INFO - Started process (PID=1962) to work on /home/airflow/.local/lib/python3.12/site-packages/airflow/example_dags/example_complex.py
[2024-11-15T07:30:20.173+0000] {processor.py:914} INFO - Processing file /home/airflow/.local/lib/python3.12/site-packages/airflow/example_dags/example_complex.py for tasks to queue
[2024-11-15T07:30:20.181+0000] {logging_mixin.py:190} INFO - [2024-11-15T07:30:20.179+0000] {dagbag.py:588} INFO - Filling up the DagBag from /home/airflow/.local/lib/python3.12/site-packages/airflow/example_dags/example_complex.py
[2024-11-15T07:30:20.395+0000] {processor.py:925} INFO - DAG(s) 'example_complex' retrieved from /home/airflow/.local/lib/python3.12/site-packages/airflow/example_dags/example_complex.py
[2024-11-15T07:30:20.828+0000] {logging_mixin.py:190} INFO - [2024-11-15T07:30:20.827+0000] {dag.py:3239} INFO - Sync 1 DAGs
[2024-11-15T07:30:21.010+0000] {logging_mixin.py:190} INFO - [2024-11-15T07:30:21.009+0000] {dag.py:4180} INFO - Setting next_dagrun for example_complex to None, run_after=None
[2024-11-15T07:30:21.248+0000] {processor.py:208} INFO - Processing /home/airflow/.local/lib/python3.12/site-packages/airflow/example_dags/example_complex.py took 1.163 seconds
[2024-11-15T07:33:19.915+0000] {processor.py:186} INFO - Started process (PID=2034) to work on /home/airflow/.local/lib/python3.12/site-packages/airflow/example_dags/example_complex.py
[2024-11-15T07:33:19.929+0000] {processor.py:914} INFO - Processing file /home/airflow/.local/lib/python3.12/site-packages/airflow/example_dags/example_complex.py for tasks to queue
[2024-11-15T07:33:19.942+0000] {logging_mixin.py:190} INFO - [2024-11-15T07:33:19.941+0000] {dagbag.py:588} INFO - Filling up the DagBag from /home/airflow/.local/lib/python3.12/site-packages/airflow/example_dags/example_complex.py
[2024-11-15T07:33:20.196+0000] {processor.py:925} INFO - DAG(s) 'example_complex' retrieved from /home/airflow/.local/lib/python3.12/site-packages/airflow/example_dags/example_complex.py
[2024-11-15T07:33:21.463+0000] {logging_mixin.py:190} INFO - [2024-11-15T07:33:21.462+0000] {dag.py:3239} INFO - Sync 1 DAGs
[2024-11-15T07:33:21.677+0000] {logging_mixin.py:190} INFO - [2024-11-15T07:33:21.676+0000] {dag.py:4180} INFO - Setting next_dagrun for example_complex to None, run_after=None
[2024-11-15T07:33:22.036+0000] {processor.py:208} INFO - Processing /home/airflow/.local/lib/python3.12/site-packages/airflow/example_dags/example_complex.py took 2.218 seconds
[2024-11-15T07:34:26.829+0000] {processor.py:186} INFO - Started process (PID=2101) to work on /home/airflow/.local/lib/python3.12/site-packages/airflow/example_dags/example_complex.py
[2024-11-15T07:34:26.840+0000] {processor.py:914} INFO - Processing file /home/airflow/.local/lib/python3.12/site-packages/airflow/example_dags/example_complex.py for tasks to queue
[2024-11-15T07:34:26.853+0000] {logging_mixin.py:190} INFO - [2024-11-15T07:34:26.848+0000] {dagbag.py:588} INFO - Filling up the DagBag from /home/airflow/.local/lib/python3.12/site-packages/airflow/example_dags/example_complex.py
[2024-11-15T07:34:27.163+0000] {processor.py:925} INFO - DAG(s) 'example_complex' retrieved from /home/airflow/.local/lib/python3.12/site-packages/airflow/example_dags/example_complex.py
[2024-11-15T07:34:28.013+0000] {logging_mixin.py:190} INFO - [2024-11-15T07:34:28.011+0000] {dag.py:3239} INFO - Sync 1 DAGs
[2024-11-15T07:34:28.698+0000] {logging_mixin.py:190} INFO - [2024-11-15T07:34:28.697+0000] {dag.py:4180} INFO - Setting next_dagrun for example_complex to None, run_after=None
[2024-11-15T07:34:29.289+0000] {processor.py:208} INFO - Processing /home/airflow/.local/lib/python3.12/site-packages/airflow/example_dags/example_complex.py took 2.554 seconds
[2024-11-15T07:35:33.074+0000] {processor.py:186} INFO - Started process (PID=2170) to work on /home/airflow/.local/lib/python3.12/site-packages/airflow/example_dags/example_complex.py
[2024-11-15T07:35:33.079+0000] {processor.py:914} INFO - Processing file /home/airflow/.local/lib/python3.12/site-packages/airflow/example_dags/example_complex.py for tasks to queue
[2024-11-15T07:35:33.085+0000] {logging_mixin.py:190} INFO - [2024-11-15T07:35:33.083+0000] {dagbag.py:588} INFO - Filling up the DagBag from /home/airflow/.local/lib/python3.12/site-packages/airflow/example_dags/example_complex.py
[2024-11-15T07:35:33.341+0000] {processor.py:925} INFO - DAG(s) 'example_complex' retrieved from /home/airflow/.local/lib/python3.12/site-packages/airflow/example_dags/example_complex.py
[2024-11-15T07:35:33.749+0000] {logging_mixin.py:190} INFO - [2024-11-15T07:35:33.748+0000] {dag.py:3239} INFO - Sync 1 DAGs
[2024-11-15T07:35:33.910+0000] {logging_mixin.py:190} INFO - [2024-11-15T07:35:33.909+0000] {dag.py:4180} INFO - Setting next_dagrun for example_complex to None, run_after=None
[2024-11-15T07:35:34.143+0000] {processor.py:208} INFO - Processing /home/airflow/.local/lib/python3.12/site-packages/airflow/example_dags/example_complex.py took 1.126 seconds
[2024-11-15T07:38:35.024+0000] {processor.py:186} INFO - Started process (PID=2269) to work on /home/airflow/.local/lib/python3.12/site-packages/airflow/example_dags/example_complex.py
[2024-11-15T07:38:35.062+0000] {processor.py:914} INFO - Processing file /home/airflow/.local/lib/python3.12/site-packages/airflow/example_dags/example_complex.py for tasks to queue
[2024-11-15T07:38:35.073+0000] {logging_mixin.py:190} INFO - [2024-11-15T07:38:35.071+0000] {dagbag.py:588} INFO - Filling up the DagBag from /home/airflow/.local/lib/python3.12/site-packages/airflow/example_dags/example_complex.py
[2024-11-15T07:38:35.211+0000] {processor.py:925} INFO - DAG(s) 'example_complex' retrieved from /home/airflow/.local/lib/python3.12/site-packages/airflow/example_dags/example_complex.py
[2024-11-15T07:38:36.211+0000] {logging_mixin.py:190} INFO - [2024-11-15T07:38:36.210+0000] {dag.py:3239} INFO - Sync 1 DAGs
[2024-11-15T07:38:36.693+0000] {logging_mixin.py:190} INFO - [2024-11-15T07:38:36.692+0000] {dag.py:4180} INFO - Setting next_dagrun for example_complex to None, run_after=None
[2024-11-15T07:38:37.139+0000] {processor.py:208} INFO - Processing /home/airflow/.local/lib/python3.12/site-packages/airflow/example_dags/example_complex.py took 2.175 seconds
[2024-11-15T07:43:25.395+0000] {processor.py:186} INFO - Started process (PID=2401) to work on /home/airflow/.local/lib/python3.12/site-packages/airflow/example_dags/example_complex.py
[2024-11-15T07:43:25.400+0000] {processor.py:914} INFO - Processing file /home/airflow/.local/lib/python3.12/site-packages/airflow/example_dags/example_complex.py for tasks to queue
[2024-11-15T07:43:25.405+0000] {logging_mixin.py:190} INFO - [2024-11-15T07:43:25.404+0000] {dagbag.py:588} INFO - Filling up the DagBag from /home/airflow/.local/lib/python3.12/site-packages/airflow/example_dags/example_complex.py
[2024-11-15T07:43:25.470+0000] {processor.py:925} INFO - DAG(s) 'example_complex' retrieved from /home/airflow/.local/lib/python3.12/site-packages/airflow/example_dags/example_complex.py
[2024-11-15T07:43:25.643+0000] {logging_mixin.py:190} INFO - [2024-11-15T07:43:25.642+0000] {dag.py:3239} INFO - Sync 1 DAGs
[2024-11-15T07:43:25.728+0000] {logging_mixin.py:190} INFO - [2024-11-15T07:43:25.728+0000] {dag.py:4180} INFO - Setting next_dagrun for example_complex to None, run_after=None
[2024-11-15T07:43:25.838+0000] {processor.py:208} INFO - Processing /home/airflow/.local/lib/python3.12/site-packages/airflow/example_dags/example_complex.py took 0.482 seconds
[2024-11-15T07:46:58.725+0000] {processor.py:186} INFO - Started process (PID=2513) to work on /home/airflow/.local/lib/python3.12/site-packages/airflow/example_dags/example_complex.py
[2024-11-15T07:46:58.740+0000] {processor.py:914} INFO - Processing file /home/airflow/.local/lib/python3.12/site-packages/airflow/example_dags/example_complex.py for tasks to queue
[2024-11-15T07:46:58.753+0000] {logging_mixin.py:190} INFO - [2024-11-15T07:46:58.752+0000] {dagbag.py:588} INFO - Filling up the DagBag from /home/airflow/.local/lib/python3.12/site-packages/airflow/example_dags/example_complex.py
[2024-11-15T07:46:58.910+0000] {processor.py:925} INFO - DAG(s) 'example_complex' retrieved from /home/airflow/.local/lib/python3.12/site-packages/airflow/example_dags/example_complex.py
[2024-11-15T07:46:59.219+0000] {logging_mixin.py:190} INFO - [2024-11-15T07:46:59.218+0000] {dag.py:3239} INFO - Sync 1 DAGs
[2024-11-15T07:46:59.445+0000] {logging_mixin.py:190} INFO - [2024-11-15T07:46:59.443+0000] {dag.py:4180} INFO - Setting next_dagrun for example_complex to None, run_after=None
[2024-11-15T07:46:59.686+0000] {processor.py:208} INFO - Processing /home/airflow/.local/lib/python3.12/site-packages/airflow/example_dags/example_complex.py took 1.112 seconds
[2024-11-15T07:48:42.191+0000] {processor.py:186} INFO - Started process (PID=2577) to work on /home/airflow/.local/lib/python3.12/site-packages/airflow/example_dags/example_complex.py
[2024-11-15T07:48:42.203+0000] {processor.py:914} INFO - Processing file /home/airflow/.local/lib/python3.12/site-packages/airflow/example_dags/example_complex.py for tasks to queue
[2024-11-15T07:48:42.209+0000] {logging_mixin.py:190} INFO - [2024-11-15T07:48:42.208+0000] {dagbag.py:588} INFO - Filling up the DagBag from /home/airflow/.local/lib/python3.12/site-packages/airflow/example_dags/example_complex.py
[2024-11-15T07:48:42.340+0000] {processor.py:925} INFO - DAG(s) 'example_complex' retrieved from /home/airflow/.local/lib/python3.12/site-packages/airflow/example_dags/example_complex.py
[2024-11-15T07:48:42.613+0000] {logging_mixin.py:190} INFO - [2024-11-15T07:48:42.611+0000] {dag.py:3239} INFO - Sync 1 DAGs
[2024-11-15T07:48:42.734+0000] {logging_mixin.py:190} INFO - [2024-11-15T07:48:42.733+0000] {dag.py:4180} INFO - Setting next_dagrun for example_complex to None, run_after=None
[2024-11-15T07:48:42.857+0000] {processor.py:208} INFO - Processing /home/airflow/.local/lib/python3.12/site-packages/airflow/example_dags/example_complex.py took 0.743 seconds
[2024-11-15T07:55:30.460+0000] {processor.py:186} INFO - Started process (PID=2727) to work on /home/airflow/.local/lib/python3.12/site-packages/airflow/example_dags/example_complex.py
[2024-11-15T07:55:30.492+0000] {processor.py:914} INFO - Processing file /home/airflow/.local/lib/python3.12/site-packages/airflow/example_dags/example_complex.py for tasks to queue
[2024-11-15T07:55:30.530+0000] {logging_mixin.py:190} INFO - [2024-11-15T07:55:30.523+0000] {dagbag.py:588} INFO - Filling up the DagBag from /home/airflow/.local/lib/python3.12/site-packages/airflow/example_dags/example_complex.py
[2024-11-15T07:55:31.257+0000] {processor.py:925} INFO - DAG(s) 'example_complex' retrieved from /home/airflow/.local/lib/python3.12/site-packages/airflow/example_dags/example_complex.py
[2024-11-15T07:55:32.155+0000] {logging_mixin.py:190} INFO - [2024-11-15T07:55:32.153+0000] {dag.py:3239} INFO - Sync 1 DAGs
[2024-11-15T07:55:32.813+0000] {logging_mixin.py:190} INFO - [2024-11-15T07:55:32.812+0000] {dag.py:4180} INFO - Setting next_dagrun for example_complex to None, run_after=None
[2024-11-15T07:55:33.328+0000] {processor.py:208} INFO - Processing /home/airflow/.local/lib/python3.12/site-packages/airflow/example_dags/example_complex.py took 3.101 seconds
[2024-11-15T08:04:04.144+0000] {processor.py:186} INFO - Started process (PID=2873) to work on /home/airflow/.local/lib/python3.12/site-packages/airflow/example_dags/example_complex.py
[2024-11-15T08:04:04.168+0000] {processor.py:914} INFO - Processing file /home/airflow/.local/lib/python3.12/site-packages/airflow/example_dags/example_complex.py for tasks to queue
[2024-11-15T08:04:04.173+0000] {logging_mixin.py:190} INFO - [2024-11-15T08:04:04.172+0000] {dagbag.py:588} INFO - Filling up the DagBag from /home/airflow/.local/lib/python3.12/site-packages/airflow/example_dags/example_complex.py
[2024-11-15T08:04:04.493+0000] {processor.py:925} INFO - DAG(s) 'example_complex' retrieved from /home/airflow/.local/lib/python3.12/site-packages/airflow/example_dags/example_complex.py
[2024-11-15T08:04:05.105+0000] {logging_mixin.py:190} INFO - [2024-11-15T08:04:05.104+0000] {dag.py:3239} INFO - Sync 1 DAGs
[2024-11-15T08:04:05.822+0000] {logging_mixin.py:190} INFO - [2024-11-15T08:04:05.820+0000] {dag.py:4180} INFO - Setting next_dagrun for example_complex to None, run_after=None
[2024-11-15T08:04:06.417+0000] {processor.py:208} INFO - Processing /home/airflow/.local/lib/python3.12/site-packages/airflow/example_dags/example_complex.py took 2.354 seconds
[2024-11-15T08:17:18.364+0000] {processor.py:186} INFO - Started process (PID=2958) to work on /home/airflow/.local/lib/python3.12/site-packages/airflow/example_dags/example_complex.py
[2024-11-15T08:17:18.385+0000] {processor.py:914} INFO - Processing file /home/airflow/.local/lib/python3.12/site-packages/airflow/example_dags/example_complex.py for tasks to queue
[2024-11-15T08:17:18.495+0000] {logging_mixin.py:190} INFO - [2024-11-15T08:17:18.445+0000] {dagbag.py:588} INFO - Filling up the DagBag from /home/airflow/.local/lib/python3.12/site-packages/airflow/example_dags/example_complex.py
[2024-11-15T08:17:19.852+0000] {processor.py:925} INFO - DAG(s) 'example_complex' retrieved from /home/airflow/.local/lib/python3.12/site-packages/airflow/example_dags/example_complex.py
[2024-11-15T08:17:23.775+0000] {logging_mixin.py:190} INFO - [2024-11-15T08:17:23.754+0000] {dag.py:3239} INFO - Sync 1 DAGs
[2024-11-15T08:17:25.184+0000] {logging_mixin.py:190} INFO - [2024-11-15T08:17:25.146+0000] {dag.py:4180} INFO - Setting next_dagrun for example_complex to None, run_after=None
[2024-11-15T08:17:26.391+0000] {processor.py:208} INFO - Processing /home/airflow/.local/lib/python3.12/site-packages/airflow/example_dags/example_complex.py took 8.281 seconds
[2024-11-15T08:20:21.202+0000] {processor.py:186} INFO - Started process (PID=3035) to work on /home/airflow/.local/lib/python3.12/site-packages/airflow/example_dags/example_complex.py
[2024-11-15T08:20:21.282+0000] {processor.py:914} INFO - Processing file /home/airflow/.local/lib/python3.12/site-packages/airflow/example_dags/example_complex.py for tasks to queue
[2024-11-15T08:20:21.337+0000] {logging_mixin.py:190} INFO - [2024-11-15T08:20:21.336+0000] {dagbag.py:588} INFO - Filling up the DagBag from /home/airflow/.local/lib/python3.12/site-packages/airflow/example_dags/example_complex.py
[2024-11-15T08:20:22.315+0000] {processor.py:925} INFO - DAG(s) 'example_complex' retrieved from /home/airflow/.local/lib/python3.12/site-packages/airflow/example_dags/example_complex.py
[2024-11-15T08:20:27.077+0000] {logging_mixin.py:190} INFO - [2024-11-15T08:20:27.075+0000] {dag.py:3239} INFO - Sync 1 DAGs
[2024-11-15T08:20:29.811+0000] {logging_mixin.py:190} INFO - [2024-11-15T08:20:29.809+0000] {dag.py:4180} INFO - Setting next_dagrun for example_complex to None, run_after=None
[2024-11-15T08:20:31.977+0000] {processor.py:208} INFO - Processing /home/airflow/.local/lib/python3.12/site-packages/airflow/example_dags/example_complex.py took 11.157 seconds
[2024-11-15T08:25:02.637+0000] {processor.py:186} INFO - Started process (PID=3122) to work on /home/airflow/.local/lib/python3.12/site-packages/airflow/example_dags/example_complex.py
[2024-11-15T08:25:02.650+0000] {processor.py:914} INFO - Processing file /home/airflow/.local/lib/python3.12/site-packages/airflow/example_dags/example_complex.py for tasks to queue
[2024-11-15T08:25:02.667+0000] {logging_mixin.py:190} INFO - [2024-11-15T08:25:02.660+0000] {dagbag.py:588} INFO - Filling up the DagBag from /home/airflow/.local/lib/python3.12/site-packages/airflow/example_dags/example_complex.py
[2024-11-15T08:25:03.488+0000] {processor.py:925} INFO - DAG(s) 'example_complex' retrieved from /home/airflow/.local/lib/python3.12/site-packages/airflow/example_dags/example_complex.py
[2024-11-15T08:25:05.069+0000] {logging_mixin.py:190} INFO - [2024-11-15T08:25:05.067+0000] {dag.py:3239} INFO - Sync 1 DAGs
[2024-11-15T08:25:05.874+0000] {logging_mixin.py:190} INFO - [2024-11-15T08:25:05.819+0000] {dag.py:4180} INFO - Setting next_dagrun for example_complex to None, run_after=None
[2024-11-15T08:25:06.947+0000] {processor.py:208} INFO - Processing /home/airflow/.local/lib/python3.12/site-packages/airflow/example_dags/example_complex.py took 4.401 seconds
[2024-11-15T08:30:24.482+0000] {processor.py:186} INFO - Started process (PID=3224) to work on /home/airflow/.local/lib/python3.12/site-packages/airflow/example_dags/example_complex.py
[2024-11-15T08:30:24.496+0000] {processor.py:914} INFO - Processing file /home/airflow/.local/lib/python3.12/site-packages/airflow/example_dags/example_complex.py for tasks to queue
[2024-11-15T08:30:24.522+0000] {logging_mixin.py:190} INFO - [2024-11-15T08:30:24.518+0000] {dagbag.py:588} INFO - Filling up the DagBag from /home/airflow/.local/lib/python3.12/site-packages/airflow/example_dags/example_complex.py
[2024-11-15T08:30:24.972+0000] {processor.py:925} INFO - DAG(s) 'example_complex' retrieved from /home/airflow/.local/lib/python3.12/site-packages/airflow/example_dags/example_complex.py
[2024-11-15T08:30:26.866+0000] {logging_mixin.py:190} INFO - [2024-11-15T08:30:26.847+0000] {dag.py:3239} INFO - Sync 1 DAGs
[2024-11-15T08:30:28.194+0000] {logging_mixin.py:190} INFO - [2024-11-15T08:30:28.186+0000] {dag.py:4180} INFO - Setting next_dagrun for example_complex to None, run_after=None
[2024-11-15T08:30:28.602+0000] {processor.py:208} INFO - Processing /home/airflow/.local/lib/python3.12/site-packages/airflow/example_dags/example_complex.py took 4.211 seconds
[2024-11-15T08:35:08.219+0000] {processor.py:186} INFO - Started process (PID=3316) to work on /home/airflow/.local/lib/python3.12/site-packages/airflow/example_dags/example_complex.py
[2024-11-15T08:35:08.255+0000] {processor.py:914} INFO - Processing file /home/airflow/.local/lib/python3.12/site-packages/airflow/example_dags/example_complex.py for tasks to queue
[2024-11-15T08:35:08.296+0000] {logging_mixin.py:190} INFO - [2024-11-15T08:35:08.274+0000] {dagbag.py:588} INFO - Filling up the DagBag from /home/airflow/.local/lib/python3.12/site-packages/airflow/example_dags/example_complex.py
[2024-11-15T08:35:08.823+0000] {processor.py:925} INFO - DAG(s) 'example_complex' retrieved from /home/airflow/.local/lib/python3.12/site-packages/airflow/example_dags/example_complex.py
[2024-11-15T08:35:11.369+0000] {logging_mixin.py:190} INFO - [2024-11-15T08:35:11.341+0000] {dag.py:3239} INFO - Sync 1 DAGs
[2024-11-15T08:35:12.430+0000] {logging_mixin.py:190} INFO - [2024-11-15T08:35:12.402+0000] {dag.py:4180} INFO - Setting next_dagrun for example_complex to None, run_after=None
[2024-11-15T08:35:13.619+0000] {processor.py:208} INFO - Processing /home/airflow/.local/lib/python3.12/site-packages/airflow/example_dags/example_complex.py took 5.600 seconds
[2024-11-15T08:49:14.190+0000] {processor.py:186} INFO - Started process (PID=3427) to work on /home/airflow/.local/lib/python3.12/site-packages/airflow/example_dags/example_complex.py
[2024-11-15T08:49:14.233+0000] {processor.py:914} INFO - Processing file /home/airflow/.local/lib/python3.12/site-packages/airflow/example_dags/example_complex.py for tasks to queue
[2024-11-15T08:49:14.273+0000] {logging_mixin.py:190} INFO - [2024-11-15T08:49:14.254+0000] {dagbag.py:588} INFO - Filling up the DagBag from /home/airflow/.local/lib/python3.12/site-packages/airflow/example_dags/example_complex.py
[2024-11-15T08:49:15.146+0000] {processor.py:925} INFO - DAG(s) 'example_complex' retrieved from /home/airflow/.local/lib/python3.12/site-packages/airflow/example_dags/example_complex.py
[2024-11-15T08:49:16.194+0000] {logging_mixin.py:190} INFO - [2024-11-15T08:49:16.193+0000] {dag.py:3239} INFO - Sync 1 DAGs
[2024-11-15T08:49:16.640+0000] {logging_mixin.py:190} INFO - [2024-11-15T08:49:16.638+0000] {dag.py:4180} INFO - Setting next_dagrun for example_complex to None, run_after=None
[2024-11-15T08:49:17.755+0000] {processor.py:208} INFO - Processing /home/airflow/.local/lib/python3.12/site-packages/airflow/example_dags/example_complex.py took 3.636 seconds
[2024-11-15T08:58:22.203+0000] {processor.py:186} INFO - Started process (PID=3546) to work on /home/airflow/.local/lib/python3.12/site-packages/airflow/example_dags/example_complex.py
[2024-11-15T08:58:22.213+0000] {processor.py:914} INFO - Processing file /home/airflow/.local/lib/python3.12/site-packages/airflow/example_dags/example_complex.py for tasks to queue
[2024-11-15T08:58:22.229+0000] {logging_mixin.py:190} INFO - [2024-11-15T08:58:22.227+0000] {dagbag.py:588} INFO - Filling up the DagBag from /home/airflow/.local/lib/python3.12/site-packages/airflow/example_dags/example_complex.py
[2024-11-15T08:58:22.498+0000] {processor.py:925} INFO - DAG(s) 'example_complex' retrieved from /home/airflow/.local/lib/python3.12/site-packages/airflow/example_dags/example_complex.py
[2024-11-15T08:58:23.260+0000] {logging_mixin.py:190} INFO - [2024-11-15T08:58:23.250+0000] {dag.py:3239} INFO - Sync 1 DAGs
[2024-11-15T08:58:23.701+0000] {logging_mixin.py:190} INFO - [2024-11-15T08:58:23.684+0000] {dag.py:4180} INFO - Setting next_dagrun for example_complex to None, run_after=None
[2024-11-15T08:58:24.535+0000] {processor.py:208} INFO - Processing /home/airflow/.local/lib/python3.12/site-packages/airflow/example_dags/example_complex.py took 2.430 seconds
[2024-11-15T09:26:55.346+0000] {processor.py:186} INFO - Started process (PID=287) to work on /home/airflow/.local/lib/python3.12/site-packages/airflow/example_dags/example_complex.py
[2024-11-15T09:26:55.372+0000] {processor.py:914} INFO - Processing file /home/airflow/.local/lib/python3.12/site-packages/airflow/example_dags/example_complex.py for tasks to queue
[2024-11-15T09:26:55.378+0000] {logging_mixin.py:190} INFO - [2024-11-15T09:26:55.377+0000] {dagbag.py:588} INFO - Filling up the DagBag from /home/airflow/.local/lib/python3.12/site-packages/airflow/example_dags/example_complex.py
[2024-11-15T09:26:55.595+0000] {processor.py:925} INFO - DAG(s) 'example_complex' retrieved from /home/airflow/.local/lib/python3.12/site-packages/airflow/example_dags/example_complex.py
[2024-11-15T09:26:56.037+0000] {logging_mixin.py:190} INFO - [2024-11-15T09:26:56.036+0000] {dag.py:3239} INFO - Sync 1 DAGs
[2024-11-15T09:26:56.444+0000] {logging_mixin.py:190} INFO - [2024-11-15T09:26:56.443+0000] {dag.py:4180} INFO - Setting next_dagrun for example_complex to None, run_after=None
[2024-11-15T09:26:56.724+0000] {processor.py:208} INFO - Processing /home/airflow/.local/lib/python3.12/site-packages/airflow/example_dags/example_complex.py took 1.462 seconds
[2024-11-15T09:31:56.508+0000] {processor.py:186} INFO - Started process (PID=400) to work on /home/airflow/.local/lib/python3.12/site-packages/airflow/example_dags/example_complex.py
[2024-11-15T09:31:56.513+0000] {processor.py:914} INFO - Processing file /home/airflow/.local/lib/python3.12/site-packages/airflow/example_dags/example_complex.py for tasks to queue
[2024-11-15T09:31:56.533+0000] {logging_mixin.py:190} INFO - [2024-11-15T09:31:56.532+0000] {dagbag.py:588} INFO - Filling up the DagBag from /home/airflow/.local/lib/python3.12/site-packages/airflow/example_dags/example_complex.py
[2024-11-15T09:31:56.693+0000] {processor.py:925} INFO - DAG(s) 'example_complex' retrieved from /home/airflow/.local/lib/python3.12/site-packages/airflow/example_dags/example_complex.py
[2024-11-15T09:31:57.136+0000] {logging_mixin.py:190} INFO - [2024-11-15T09:31:57.134+0000] {dag.py:3239} INFO - Sync 1 DAGs
[2024-11-15T09:31:57.497+0000] {logging_mixin.py:190} INFO - [2024-11-15T09:31:57.496+0000] {dag.py:4180} INFO - Setting next_dagrun for example_complex to None, run_after=None
[2024-11-15T09:31:57.944+0000] {processor.py:208} INFO - Processing /home/airflow/.local/lib/python3.12/site-packages/airflow/example_dags/example_complex.py took 1.474 seconds
[2024-11-15T09:41:09.346+0000] {processor.py:186} INFO - Started process (PID=591) to work on /home/airflow/.local/lib/python3.12/site-packages/airflow/example_dags/example_complex.py
[2024-11-15T09:41:09.361+0000] {processor.py:914} INFO - Processing file /home/airflow/.local/lib/python3.12/site-packages/airflow/example_dags/example_complex.py for tasks to queue
[2024-11-15T09:41:09.390+0000] {logging_mixin.py:190} INFO - [2024-11-15T09:41:09.388+0000] {dagbag.py:588} INFO - Filling up the DagBag from /home/airflow/.local/lib/python3.12/site-packages/airflow/example_dags/example_complex.py
[2024-11-15T09:41:09.567+0000] {processor.py:925} INFO - DAG(s) 'example_complex' retrieved from /home/airflow/.local/lib/python3.12/site-packages/airflow/example_dags/example_complex.py
[2024-11-15T09:41:10.055+0000] {logging_mixin.py:190} INFO - [2024-11-15T09:41:10.054+0000] {dag.py:3239} INFO - Sync 1 DAGs
[2024-11-15T09:41:10.238+0000] {logging_mixin.py:190} INFO - [2024-11-15T09:41:10.238+0000] {dag.py:4180} INFO - Setting next_dagrun for example_complex to None, run_after=None
[2024-11-15T09:41:10.647+0000] {processor.py:208} INFO - Processing /home/airflow/.local/lib/python3.12/site-packages/airflow/example_dags/example_complex.py took 1.374 seconds
[2024-11-15T09:44:26.481+0000] {processor.py:186} INFO - Started process (PID=685) to work on /home/airflow/.local/lib/python3.12/site-packages/airflow/example_dags/example_complex.py
[2024-11-15T09:44:26.532+0000] {processor.py:914} INFO - Processing file /home/airflow/.local/lib/python3.12/site-packages/airflow/example_dags/example_complex.py for tasks to queue
[2024-11-15T09:44:26.597+0000] {logging_mixin.py:190} INFO - [2024-11-15T09:44:26.569+0000] {dagbag.py:588} INFO - Filling up the DagBag from /home/airflow/.local/lib/python3.12/site-packages/airflow/example_dags/example_complex.py
[2024-11-15T09:44:27.274+0000] {processor.py:925} INFO - DAG(s) 'example_complex' retrieved from /home/airflow/.local/lib/python3.12/site-packages/airflow/example_dags/example_complex.py
[2024-11-15T09:44:29.219+0000] {logging_mixin.py:190} INFO - [2024-11-15T09:44:29.217+0000] {dag.py:3239} INFO - Sync 1 DAGs
[2024-11-15T09:44:30.863+0000] {logging_mixin.py:190} INFO - [2024-11-15T09:44:30.862+0000] {dag.py:4180} INFO - Setting next_dagrun for example_complex to None, run_after=None
[2024-11-15T09:44:31.765+0000] {processor.py:208} INFO - Processing /home/airflow/.local/lib/python3.12/site-packages/airflow/example_dags/example_complex.py took 5.451 seconds
