[2024-11-15T06:46:51.965+0000] {processor.py:186} INFO - Started process (PID=129) to work on /home/airflow/.local/lib/python3.12/site-packages/airflow/example_dags/tutorial.py
[2024-11-15T06:46:52.009+0000] {processor.py:914} INFO - Processing file /home/airflow/.local/lib/python3.12/site-packages/airflow/example_dags/tutorial.py for tasks to queue
[2024-11-15T06:46:52.043+0000] {logging_mixin.py:190} INFO - [2024-11-15T06:46:52.042+0000] {dagbag.py:588} INFO - Filling up the DagBag from /home/airflow/.local/lib/python3.12/site-packages/airflow/example_dags/tutorial.py
[2024-11-15T06:46:52.132+0000] {processor.py:925} INFO - DAG(s) 'tutorial' retrieved from /home/airflow/.local/lib/python3.12/site-packages/airflow/example_dags/tutorial.py
[2024-11-15T06:46:52.351+0000] {logging_mixin.py:190} INFO - [2024-11-15T06:46:52.350+0000] {dag.py:3239} INFO - Sync 1 DAGs
[2024-11-15T06:46:52.624+0000] {logging_mixin.py:190} INFO - [2024-11-15T06:46:52.623+0000] {dag.py:4180} INFO - Setting next_dagrun for tutorial to 2024-11-14 00:00:00+00:00, run_after=2024-11-15 00:00:00+00:00
[2024-11-15T06:46:52.912+0000] {processor.py:208} INFO - Processing /home/airflow/.local/lib/python3.12/site-packages/airflow/example_dags/tutorial.py took 1.047 seconds
[2024-11-15T06:47:57.838+0000] {processor.py:186} INFO - Started process (PID=197) to work on /home/airflow/.local/lib/python3.12/site-packages/airflow/example_dags/tutorial.py
[2024-11-15T06:47:57.856+0000] {processor.py:914} INFO - Processing file /home/airflow/.local/lib/python3.12/site-packages/airflow/example_dags/tutorial.py for tasks to queue
[2024-11-15T06:47:57.878+0000] {logging_mixin.py:190} INFO - [2024-11-15T06:47:57.877+0000] {dagbag.py:588} INFO - Filling up the DagBag from /home/airflow/.local/lib/python3.12/site-packages/airflow/example_dags/tutorial.py
[2024-11-15T06:47:57.965+0000] {processor.py:925} INFO - DAG(s) 'tutorial' retrieved from /home/airflow/.local/lib/python3.12/site-packages/airflow/example_dags/tutorial.py
[2024-11-15T06:47:58.231+0000] {logging_mixin.py:190} INFO - [2024-11-15T06:47:58.230+0000] {dag.py:3239} INFO - Sync 1 DAGs
[2024-11-15T06:47:58.591+0000] {logging_mixin.py:190} INFO - [2024-11-15T06:47:58.591+0000] {dag.py:4180} INFO - Setting next_dagrun for tutorial to 2024-11-14 00:00:00+00:00, run_after=2024-11-15 00:00:00+00:00
[2024-11-15T06:47:58.790+0000] {processor.py:208} INFO - Processing /home/airflow/.local/lib/python3.12/site-packages/airflow/example_dags/tutorial.py took 1.064 seconds
[2024-11-15T06:49:55.116+0000] {processor.py:186} INFO - Started process (PID=281) to work on /home/airflow/.local/lib/python3.12/site-packages/airflow/example_dags/tutorial.py
[2024-11-15T06:49:55.142+0000] {processor.py:914} INFO - Processing file /home/airflow/.local/lib/python3.12/site-packages/airflow/example_dags/tutorial.py for tasks to queue
[2024-11-15T06:49:55.168+0000] {logging_mixin.py:190} INFO - [2024-11-15T06:49:55.166+0000] {dagbag.py:588} INFO - Filling up the DagBag from /home/airflow/.local/lib/python3.12/site-packages/airflow/example_dags/tutorial.py
[2024-11-15T06:49:55.335+0000] {processor.py:925} INFO - DAG(s) 'tutorial' retrieved from /home/airflow/.local/lib/python3.12/site-packages/airflow/example_dags/tutorial.py
[2024-11-15T06:49:55.648+0000] {logging_mixin.py:190} INFO - [2024-11-15T06:49:55.647+0000] {dag.py:3239} INFO - Sync 1 DAGs
[2024-11-15T06:49:56.198+0000] {logging_mixin.py:190} INFO - [2024-11-15T06:49:56.197+0000] {dag.py:4180} INFO - Setting next_dagrun for tutorial to 2024-11-14 00:00:00+00:00, run_after=2024-11-15 00:00:00+00:00
[2024-11-15T06:49:56.667+0000] {processor.py:208} INFO - Processing /home/airflow/.local/lib/python3.12/site-packages/airflow/example_dags/tutorial.py took 1.641 seconds
[2024-11-15T06:51:42.137+0000] {processor.py:186} INFO - Started process (PID=363) to work on /home/airflow/.local/lib/python3.12/site-packages/airflow/example_dags/tutorial.py
[2024-11-15T06:51:42.175+0000] {processor.py:914} INFO - Processing file /home/airflow/.local/lib/python3.12/site-packages/airflow/example_dags/tutorial.py for tasks to queue
[2024-11-15T06:51:42.199+0000] {logging_mixin.py:190} INFO - [2024-11-15T06:51:42.196+0000] {dagbag.py:588} INFO - Filling up the DagBag from /home/airflow/.local/lib/python3.12/site-packages/airflow/example_dags/tutorial.py
[2024-11-15T06:51:42.398+0000] {processor.py:925} INFO - DAG(s) 'tutorial' retrieved from /home/airflow/.local/lib/python3.12/site-packages/airflow/example_dags/tutorial.py
[2024-11-15T06:51:42.785+0000] {logging_mixin.py:190} INFO - [2024-11-15T06:51:42.784+0000] {dag.py:3239} INFO - Sync 1 DAGs
[2024-11-15T06:51:43.222+0000] {logging_mixin.py:190} INFO - [2024-11-15T06:51:43.212+0000] {dag.py:4180} INFO - Setting next_dagrun for tutorial to 2024-11-14 00:00:00+00:00, run_after=2024-11-15 00:00:00+00:00
[2024-11-15T06:51:43.533+0000] {processor.py:208} INFO - Processing /home/airflow/.local/lib/python3.12/site-packages/airflow/example_dags/tutorial.py took 1.551 seconds
[2024-11-15T06:52:55.099+0000] {processor.py:186} INFO - Started process (PID=446) to work on /home/airflow/.local/lib/python3.12/site-packages/airflow/example_dags/tutorial.py
[2024-11-15T06:52:55.105+0000] {processor.py:914} INFO - Processing file /home/airflow/.local/lib/python3.12/site-packages/airflow/example_dags/tutorial.py for tasks to queue
[2024-11-15T06:52:55.120+0000] {logging_mixin.py:190} INFO - [2024-11-15T06:52:55.119+0000] {dagbag.py:588} INFO - Filling up the DagBag from /home/airflow/.local/lib/python3.12/site-packages/airflow/example_dags/tutorial.py
[2024-11-15T06:52:55.186+0000] {processor.py:925} INFO - DAG(s) 'tutorial' retrieved from /home/airflow/.local/lib/python3.12/site-packages/airflow/example_dags/tutorial.py
[2024-11-15T06:52:55.519+0000] {logging_mixin.py:190} INFO - [2024-11-15T06:52:55.518+0000] {dag.py:3239} INFO - Sync 1 DAGs
[2024-11-15T06:52:55.786+0000] {logging_mixin.py:190} INFO - [2024-11-15T06:52:55.786+0000] {dag.py:4180} INFO - Setting next_dagrun for tutorial to 2024-11-14 00:00:00+00:00, run_after=2024-11-15 00:00:00+00:00
[2024-11-15T06:52:56.032+0000] {processor.py:208} INFO - Processing /home/airflow/.local/lib/python3.12/site-packages/airflow/example_dags/tutorial.py took 1.015 seconds
[2024-11-15T06:54:05.708+0000] {processor.py:186} INFO - Started process (PID=507) to work on /home/airflow/.local/lib/python3.12/site-packages/airflow/example_dags/tutorial.py
[2024-11-15T06:54:05.729+0000] {processor.py:914} INFO - Processing file /home/airflow/.local/lib/python3.12/site-packages/airflow/example_dags/tutorial.py for tasks to queue
[2024-11-15T06:54:05.748+0000] {logging_mixin.py:190} INFO - [2024-11-15T06:54:05.746+0000] {dagbag.py:588} INFO - Filling up the DagBag from /home/airflow/.local/lib/python3.12/site-packages/airflow/example_dags/tutorial.py
[2024-11-15T06:54:05.896+0000] {processor.py:925} INFO - DAG(s) 'tutorial' retrieved from /home/airflow/.local/lib/python3.12/site-packages/airflow/example_dags/tutorial.py
[2024-11-15T06:54:06.741+0000] {logging_mixin.py:190} INFO - [2024-11-15T06:54:06.549+0000] {dag.py:3239} INFO - Sync 1 DAGs
[2024-11-15T06:54:07.267+0000] {logging_mixin.py:190} INFO - [2024-11-15T06:54:07.266+0000] {dag.py:4180} INFO - Setting next_dagrun for tutorial to 2024-11-14 00:00:00+00:00, run_after=2024-11-15 00:00:00+00:00
[2024-11-15T06:54:07.752+0000] {processor.py:208} INFO - Processing /home/airflow/.local/lib/python3.12/site-packages/airflow/example_dags/tutorial.py took 2.143 seconds
[2024-11-15T06:55:44.217+0000] {processor.py:186} INFO - Started process (PID=595) to work on /home/airflow/.local/lib/python3.12/site-packages/airflow/example_dags/tutorial.py
[2024-11-15T06:55:44.242+0000] {processor.py:914} INFO - Processing file /home/airflow/.local/lib/python3.12/site-packages/airflow/example_dags/tutorial.py for tasks to queue
[2024-11-15T06:55:44.304+0000] {logging_mixin.py:190} INFO - [2024-11-15T06:55:44.280+0000] {dagbag.py:588} INFO - Filling up the DagBag from /home/airflow/.local/lib/python3.12/site-packages/airflow/example_dags/tutorial.py
[2024-11-15T06:55:44.459+0000] {processor.py:925} INFO - DAG(s) 'tutorial' retrieved from /home/airflow/.local/lib/python3.12/site-packages/airflow/example_dags/tutorial.py
[2024-11-15T06:55:44.614+0000] {logging_mixin.py:190} INFO - [2024-11-15T06:55:44.613+0000] {dag.py:3239} INFO - Sync 1 DAGs
[2024-11-15T06:55:45.025+0000] {logging_mixin.py:190} INFO - [2024-11-15T06:55:45.021+0000] {dag.py:4180} INFO - Setting next_dagrun for tutorial to 2024-11-14 00:00:00+00:00, run_after=2024-11-15 00:00:00+00:00
[2024-11-15T06:55:45.563+0000] {processor.py:208} INFO - Processing /home/airflow/.local/lib/python3.12/site-packages/airflow/example_dags/tutorial.py took 1.587 seconds
[2024-11-15T06:59:38.933+0000] {processor.py:186} INFO - Started process (PID=672) to work on /home/airflow/.local/lib/python3.12/site-packages/airflow/example_dags/tutorial.py
[2024-11-15T06:59:39.199+0000] {processor.py:914} INFO - Processing file /home/airflow/.local/lib/python3.12/site-packages/airflow/example_dags/tutorial.py for tasks to queue
[2024-11-15T06:59:39.233+0000] {logging_mixin.py:190} INFO - [2024-11-15T06:59:39.231+0000] {dagbag.py:588} INFO - Filling up the DagBag from /home/airflow/.local/lib/python3.12/site-packages/airflow/example_dags/tutorial.py
[2024-11-15T06:59:39.800+0000] {processor.py:925} INFO - DAG(s) 'tutorial' retrieved from /home/airflow/.local/lib/python3.12/site-packages/airflow/example_dags/tutorial.py
[2024-11-15T06:59:41.832+0000] {logging_mixin.py:190} INFO - [2024-11-15T06:59:41.831+0000] {dag.py:3239} INFO - Sync 1 DAGs
[2024-11-15T06:59:44.460+0000] {logging_mixin.py:190} INFO - [2024-11-15T06:59:44.364+0000] {dag.py:4180} INFO - Setting next_dagrun for tutorial to 2024-11-14 00:00:00+00:00, run_after=2024-11-15 00:00:00+00:00
[2024-11-15T06:59:45.500+0000] {processor.py:208} INFO - Processing /home/airflow/.local/lib/python3.12/site-packages/airflow/example_dags/tutorial.py took 6.632 seconds
[2024-11-15T07:02:44.012+0000] {processor.py:186} INFO - Started process (PID=753) to work on /home/airflow/.local/lib/python3.12/site-packages/airflow/example_dags/tutorial.py
[2024-11-15T07:02:44.026+0000] {processor.py:914} INFO - Processing file /home/airflow/.local/lib/python3.12/site-packages/airflow/example_dags/tutorial.py for tasks to queue
[2024-11-15T07:02:44.031+0000] {logging_mixin.py:190} INFO - [2024-11-15T07:02:44.030+0000] {dagbag.py:588} INFO - Filling up the DagBag from /home/airflow/.local/lib/python3.12/site-packages/airflow/example_dags/tutorial.py
[2024-11-15T07:02:44.181+0000] {processor.py:925} INFO - DAG(s) 'tutorial' retrieved from /home/airflow/.local/lib/python3.12/site-packages/airflow/example_dags/tutorial.py
[2024-11-15T07:02:44.315+0000] {logging_mixin.py:190} INFO - [2024-11-15T07:02:44.314+0000] {dag.py:3239} INFO - Sync 1 DAGs
[2024-11-15T07:02:44.571+0000] {logging_mixin.py:190} INFO - [2024-11-15T07:02:44.570+0000] {dag.py:4180} INFO - Setting next_dagrun for tutorial to 2024-11-14 00:00:00+00:00, run_after=2024-11-15 00:00:00+00:00
[2024-11-15T07:02:44.747+0000] {processor.py:208} INFO - Processing /home/airflow/.local/lib/python3.12/site-packages/airflow/example_dags/tutorial.py took 0.805 seconds
[2024-11-15T07:04:07.929+0000] {processor.py:186} INFO - Started process (PID=821) to work on /home/airflow/.local/lib/python3.12/site-packages/airflow/example_dags/tutorial.py
[2024-11-15T07:04:07.936+0000] {processor.py:914} INFO - Processing file /home/airflow/.local/lib/python3.12/site-packages/airflow/example_dags/tutorial.py for tasks to queue
[2024-11-15T07:04:07.969+0000] {logging_mixin.py:190} INFO - [2024-11-15T07:04:07.967+0000] {dagbag.py:588} INFO - Filling up the DagBag from /home/airflow/.local/lib/python3.12/site-packages/airflow/example_dags/tutorial.py
[2024-11-15T07:04:08.190+0000] {processor.py:925} INFO - DAG(s) 'tutorial' retrieved from /home/airflow/.local/lib/python3.12/site-packages/airflow/example_dags/tutorial.py
[2024-11-15T07:04:08.728+0000] {logging_mixin.py:190} INFO - [2024-11-15T07:04:08.726+0000] {dag.py:3239} INFO - Sync 1 DAGs
[2024-11-15T07:04:09.529+0000] {logging_mixin.py:190} INFO - [2024-11-15T07:04:09.528+0000] {dag.py:4180} INFO - Setting next_dagrun for tutorial to 2024-11-14 00:00:00+00:00, run_after=2024-11-15 00:00:00+00:00
[2024-11-15T07:04:10.315+0000] {processor.py:208} INFO - Processing /home/airflow/.local/lib/python3.12/site-packages/airflow/example_dags/tutorial.py took 2.506 seconds
[2024-11-15T07:06:10.872+0000] {processor.py:186} INFO - Started process (PID=882) to work on /home/airflow/.local/lib/python3.12/site-packages/airflow/example_dags/tutorial.py
[2024-11-15T07:06:10.882+0000] {processor.py:914} INFO - Processing file /home/airflow/.local/lib/python3.12/site-packages/airflow/example_dags/tutorial.py for tasks to queue
[2024-11-15T07:06:10.905+0000] {logging_mixin.py:190} INFO - [2024-11-15T07:06:10.891+0000] {dagbag.py:588} INFO - Filling up the DagBag from /home/airflow/.local/lib/python3.12/site-packages/airflow/example_dags/tutorial.py
[2024-11-15T07:06:11.009+0000] {processor.py:925} INFO - DAG(s) 'tutorial' retrieved from /home/airflow/.local/lib/python3.12/site-packages/airflow/example_dags/tutorial.py
[2024-11-15T07:06:11.372+0000] {logging_mixin.py:190} INFO - [2024-11-15T07:06:11.371+0000] {dag.py:3239} INFO - Sync 1 DAGs
[2024-11-15T07:06:11.902+0000] {logging_mixin.py:190} INFO - [2024-11-15T07:06:11.902+0000] {dag.py:4180} INFO - Setting next_dagrun for tutorial to 2024-11-14 00:00:00+00:00, run_after=2024-11-15 00:00:00+00:00
[2024-11-15T07:06:12.106+0000] {processor.py:208} INFO - Processing /home/airflow/.local/lib/python3.12/site-packages/airflow/example_dags/tutorial.py took 1.339 seconds
[2024-11-15T07:07:16.898+0000] {processor.py:186} INFO - Started process (PID=944) to work on /home/airflow/.local/lib/python3.12/site-packages/airflow/example_dags/tutorial.py
[2024-11-15T07:07:16.935+0000] {processor.py:914} INFO - Processing file /home/airflow/.local/lib/python3.12/site-packages/airflow/example_dags/tutorial.py for tasks to queue
[2024-11-15T07:07:16.939+0000] {logging_mixin.py:190} INFO - [2024-11-15T07:07:16.938+0000] {dagbag.py:588} INFO - Filling up the DagBag from /home/airflow/.local/lib/python3.12/site-packages/airflow/example_dags/tutorial.py
[2024-11-15T07:07:17.002+0000] {processor.py:925} INFO - DAG(s) 'tutorial' retrieved from /home/airflow/.local/lib/python3.12/site-packages/airflow/example_dags/tutorial.py
[2024-11-15T07:07:17.140+0000] {logging_mixin.py:190} INFO - [2024-11-15T07:07:17.139+0000] {dag.py:3239} INFO - Sync 1 DAGs
[2024-11-15T07:07:17.892+0000] {logging_mixin.py:190} INFO - [2024-11-15T07:07:17.891+0000] {dag.py:4180} INFO - Setting next_dagrun for tutorial to 2024-11-14 00:00:00+00:00, run_after=2024-11-15 00:00:00+00:00
[2024-11-15T07:07:18.158+0000] {processor.py:208} INFO - Processing /home/airflow/.local/lib/python3.12/site-packages/airflow/example_dags/tutorial.py took 1.330 seconds
[2024-11-15T07:09:49.126+0000] {processor.py:186} INFO - Started process (PID=1038) to work on /home/airflow/.local/lib/python3.12/site-packages/airflow/example_dags/tutorial.py
[2024-11-15T07:09:49.131+0000] {processor.py:914} INFO - Processing file /home/airflow/.local/lib/python3.12/site-packages/airflow/example_dags/tutorial.py for tasks to queue
[2024-11-15T07:09:49.161+0000] {logging_mixin.py:190} INFO - [2024-11-15T07:09:49.160+0000] {dagbag.py:588} INFO - Filling up the DagBag from /home/airflow/.local/lib/python3.12/site-packages/airflow/example_dags/tutorial.py
[2024-11-15T07:09:49.355+0000] {processor.py:925} INFO - DAG(s) 'tutorial' retrieved from /home/airflow/.local/lib/python3.12/site-packages/airflow/example_dags/tutorial.py
[2024-11-15T07:09:49.821+0000] {logging_mixin.py:190} INFO - [2024-11-15T07:09:49.817+0000] {dag.py:3239} INFO - Sync 1 DAGs
[2024-11-15T07:09:50.368+0000] {logging_mixin.py:190} INFO - [2024-11-15T07:09:50.355+0000] {dag.py:4180} INFO - Setting next_dagrun for tutorial to 2024-11-14 00:00:00+00:00, run_after=2024-11-15 00:00:00+00:00
[2024-11-15T07:09:50.700+0000] {processor.py:208} INFO - Processing /home/airflow/.local/lib/python3.12/site-packages/airflow/example_dags/tutorial.py took 1.659 seconds
[2024-11-15T07:11:45.541+0000] {processor.py:186} INFO - Started process (PID=1130) to work on /home/airflow/.local/lib/python3.12/site-packages/airflow/example_dags/tutorial.py
[2024-11-15T07:11:45.578+0000] {processor.py:914} INFO - Processing file /home/airflow/.local/lib/python3.12/site-packages/airflow/example_dags/tutorial.py for tasks to queue
[2024-11-15T07:11:45.595+0000] {logging_mixin.py:190} INFO - [2024-11-15T07:11:45.593+0000] {dagbag.py:588} INFO - Filling up the DagBag from /home/airflow/.local/lib/python3.12/site-packages/airflow/example_dags/tutorial.py
[2024-11-15T07:11:45.843+0000] {processor.py:925} INFO - DAG(s) 'tutorial' retrieved from /home/airflow/.local/lib/python3.12/site-packages/airflow/example_dags/tutorial.py
[2024-11-15T07:11:46.236+0000] {logging_mixin.py:190} INFO - [2024-11-15T07:11:46.233+0000] {dag.py:3239} INFO - Sync 1 DAGs
[2024-11-15T07:11:46.474+0000] {logging_mixin.py:190} INFO - [2024-11-15T07:11:46.473+0000] {dag.py:4180} INFO - Setting next_dagrun for tutorial to 2024-11-14 00:00:00+00:00, run_after=2024-11-15 00:00:00+00:00
[2024-11-15T07:11:46.798+0000] {processor.py:208} INFO - Processing /home/airflow/.local/lib/python3.12/site-packages/airflow/example_dags/tutorial.py took 1.454 seconds
[2024-11-15T07:14:15.704+0000] {processor.py:186} INFO - Started process (PID=1235) to work on /home/airflow/.local/lib/python3.12/site-packages/airflow/example_dags/tutorial.py
[2024-11-15T07:14:15.725+0000] {processor.py:914} INFO - Processing file /home/airflow/.local/lib/python3.12/site-packages/airflow/example_dags/tutorial.py for tasks to queue
[2024-11-15T07:14:15.781+0000] {logging_mixin.py:190} INFO - [2024-11-15T07:14:15.742+0000] {dagbag.py:588} INFO - Filling up the DagBag from /home/airflow/.local/lib/python3.12/site-packages/airflow/example_dags/tutorial.py
[2024-11-15T07:14:16.008+0000] {processor.py:925} INFO - DAG(s) 'tutorial' retrieved from /home/airflow/.local/lib/python3.12/site-packages/airflow/example_dags/tutorial.py
[2024-11-15T07:14:16.141+0000] {logging_mixin.py:190} INFO - [2024-11-15T07:14:16.139+0000] {dag.py:3239} INFO - Sync 1 DAGs
[2024-11-15T07:14:16.840+0000] {logging_mixin.py:190} INFO - [2024-11-15T07:14:16.839+0000] {dag.py:4180} INFO - Setting next_dagrun for tutorial to 2024-11-14 00:00:00+00:00, run_after=2024-11-15 00:00:00+00:00
[2024-11-15T07:14:17.307+0000] {processor.py:208} INFO - Processing /home/airflow/.local/lib/python3.12/site-packages/airflow/example_dags/tutorial.py took 1.776 seconds
[2024-11-15T07:15:30.841+0000] {processor.py:186} INFO - Started process (PID=1288) to work on /home/airflow/.local/lib/python3.12/site-packages/airflow/example_dags/tutorial.py
[2024-11-15T07:15:30.861+0000] {processor.py:914} INFO - Processing file /home/airflow/.local/lib/python3.12/site-packages/airflow/example_dags/tutorial.py for tasks to queue
[2024-11-15T07:15:30.880+0000] {logging_mixin.py:190} INFO - [2024-11-15T07:15:30.878+0000] {dagbag.py:588} INFO - Filling up the DagBag from /home/airflow/.local/lib/python3.12/site-packages/airflow/example_dags/tutorial.py
[2024-11-15T07:15:31.847+0000] {processor.py:925} INFO - DAG(s) 'tutorial' retrieved from /home/airflow/.local/lib/python3.12/site-packages/airflow/example_dags/tutorial.py
[2024-11-15T07:15:32.302+0000] {logging_mixin.py:190} INFO - [2024-11-15T07:15:32.301+0000] {dag.py:3239} INFO - Sync 1 DAGs
[2024-11-15T07:15:33.165+0000] {logging_mixin.py:190} INFO - [2024-11-15T07:15:33.164+0000] {dag.py:4180} INFO - Setting next_dagrun for tutorial to 2024-11-14 00:00:00+00:00, run_after=2024-11-15 00:00:00+00:00
[2024-11-15T07:15:33.495+0000] {processor.py:208} INFO - Processing /home/airflow/.local/lib/python3.12/site-packages/airflow/example_dags/tutorial.py took 2.848 seconds
[2024-11-15T07:18:01.360+0000] {processor.py:186} INFO - Started process (PID=1389) to work on /home/airflow/.local/lib/python3.12/site-packages/airflow/example_dags/tutorial.py
[2024-11-15T07:18:01.456+0000] {processor.py:914} INFO - Processing file /home/airflow/.local/lib/python3.12/site-packages/airflow/example_dags/tutorial.py for tasks to queue
[2024-11-15T07:18:01.533+0000] {logging_mixin.py:190} INFO - [2024-11-15T07:18:01.531+0000] {dagbag.py:588} INFO - Filling up the DagBag from /home/airflow/.local/lib/python3.12/site-packages/airflow/example_dags/tutorial.py
[2024-11-15T07:18:01.954+0000] {processor.py:925} INFO - DAG(s) 'tutorial' retrieved from /home/airflow/.local/lib/python3.12/site-packages/airflow/example_dags/tutorial.py
[2024-11-15T07:18:02.310+0000] {logging_mixin.py:190} INFO - [2024-11-15T07:18:02.309+0000] {dag.py:3239} INFO - Sync 1 DAGs
[2024-11-15T07:18:02.652+0000] {logging_mixin.py:190} INFO - [2024-11-15T07:18:02.642+0000] {dag.py:4180} INFO - Setting next_dagrun for tutorial to 2024-11-14 00:00:00+00:00, run_after=2024-11-15 00:00:00+00:00
[2024-11-15T07:18:02.971+0000] {processor.py:208} INFO - Processing /home/airflow/.local/lib/python3.12/site-packages/airflow/example_dags/tutorial.py took 2.381 seconds
[2024-11-15T07:19:10.416+0000] {processor.py:186} INFO - Started process (PID=1469) to work on /home/airflow/.local/lib/python3.12/site-packages/airflow/example_dags/tutorial.py
[2024-11-15T07:19:10.430+0000] {processor.py:914} INFO - Processing file /home/airflow/.local/lib/python3.12/site-packages/airflow/example_dags/tutorial.py for tasks to queue
[2024-11-15T07:19:10.446+0000] {logging_mixin.py:190} INFO - [2024-11-15T07:19:10.444+0000] {dagbag.py:588} INFO - Filling up the DagBag from /home/airflow/.local/lib/python3.12/site-packages/airflow/example_dags/tutorial.py
[2024-11-15T07:19:10.487+0000] {processor.py:925} INFO - DAG(s) 'tutorial' retrieved from /home/airflow/.local/lib/python3.12/site-packages/airflow/example_dags/tutorial.py
[2024-11-15T07:19:10.724+0000] {logging_mixin.py:190} INFO - [2024-11-15T07:19:10.724+0000] {dag.py:3239} INFO - Sync 1 DAGs
[2024-11-15T07:19:11.109+0000] {logging_mixin.py:190} INFO - [2024-11-15T07:19:11.106+0000] {dag.py:4180} INFO - Setting next_dagrun for tutorial to 2024-11-14 00:00:00+00:00, run_after=2024-11-15 00:00:00+00:00
[2024-11-15T07:19:11.455+0000] {processor.py:208} INFO - Processing /home/airflow/.local/lib/python3.12/site-packages/airflow/example_dags/tutorial.py took 1.090 seconds
[2024-11-15T07:20:26.791+0000] {processor.py:186} INFO - Started process (PID=1543) to work on /home/airflow/.local/lib/python3.12/site-packages/airflow/example_dags/tutorial.py
[2024-11-15T07:20:26.805+0000] {processor.py:914} INFO - Processing file /home/airflow/.local/lib/python3.12/site-packages/airflow/example_dags/tutorial.py for tasks to queue
[2024-11-15T07:20:26.826+0000] {logging_mixin.py:190} INFO - [2024-11-15T07:20:26.817+0000] {dagbag.py:588} INFO - Filling up the DagBag from /home/airflow/.local/lib/python3.12/site-packages/airflow/example_dags/tutorial.py
[2024-11-15T07:20:26.951+0000] {processor.py:925} INFO - DAG(s) 'tutorial' retrieved from /home/airflow/.local/lib/python3.12/site-packages/airflow/example_dags/tutorial.py
[2024-11-15T07:20:27.097+0000] {logging_mixin.py:190} INFO - [2024-11-15T07:20:27.096+0000] {dag.py:3239} INFO - Sync 1 DAGs
[2024-11-15T07:20:27.335+0000] {logging_mixin.py:190} INFO - [2024-11-15T07:20:27.334+0000] {dag.py:4180} INFO - Setting next_dagrun for tutorial to 2024-11-14 00:00:00+00:00, run_after=2024-11-15 00:00:00+00:00
[2024-11-15T07:20:27.459+0000] {processor.py:208} INFO - Processing /home/airflow/.local/lib/python3.12/site-packages/airflow/example_dags/tutorial.py took 0.895 seconds
[2024-11-15T07:21:23.085+0000] {processor.py:186} INFO - Started process (PID=1600) to work on /home/airflow/.local/lib/python3.12/site-packages/airflow/example_dags/tutorial.py
[2024-11-15T07:21:23.117+0000] {processor.py:914} INFO - Processing file /home/airflow/.local/lib/python3.12/site-packages/airflow/example_dags/tutorial.py for tasks to queue
[2024-11-15T07:21:23.122+0000] {logging_mixin.py:190} INFO - [2024-11-15T07:21:23.121+0000] {dagbag.py:588} INFO - Filling up the DagBag from /home/airflow/.local/lib/python3.12/site-packages/airflow/example_dags/tutorial.py
[2024-11-15T07:21:23.357+0000] {processor.py:925} INFO - DAG(s) 'tutorial' retrieved from /home/airflow/.local/lib/python3.12/site-packages/airflow/example_dags/tutorial.py
[2024-11-15T07:21:24.258+0000] {logging_mixin.py:190} INFO - [2024-11-15T07:21:24.256+0000] {dag.py:3239} INFO - Sync 1 DAGs
[2024-11-15T07:21:25.052+0000] {logging_mixin.py:190} INFO - [2024-11-15T07:21:25.051+0000] {dag.py:4180} INFO - Setting next_dagrun for tutorial to 2024-11-14 00:00:00+00:00, run_after=2024-11-15 00:00:00+00:00
[2024-11-15T07:21:25.316+0000] {processor.py:208} INFO - Processing /home/airflow/.local/lib/python3.12/site-packages/airflow/example_dags/tutorial.py took 2.435 seconds
[2024-11-15T07:22:24.389+0000] {processor.py:186} INFO - Started process (PID=1669) to work on /home/airflow/.local/lib/python3.12/site-packages/airflow/example_dags/tutorial.py
[2024-11-15T07:22:24.395+0000] {processor.py:914} INFO - Processing file /home/airflow/.local/lib/python3.12/site-packages/airflow/example_dags/tutorial.py for tasks to queue
[2024-11-15T07:22:24.403+0000] {logging_mixin.py:190} INFO - [2024-11-15T07:22:24.401+0000] {dagbag.py:588} INFO - Filling up the DagBag from /home/airflow/.local/lib/python3.12/site-packages/airflow/example_dags/tutorial.py
[2024-11-15T07:22:24.509+0000] {processor.py:925} INFO - DAG(s) 'tutorial' retrieved from /home/airflow/.local/lib/python3.12/site-packages/airflow/example_dags/tutorial.py
[2024-11-15T07:22:24.776+0000] {logging_mixin.py:190} INFO - [2024-11-15T07:22:24.775+0000] {dag.py:3239} INFO - Sync 1 DAGs
[2024-11-15T07:22:25.076+0000] {logging_mixin.py:190} INFO - [2024-11-15T07:22:25.075+0000] {dag.py:4180} INFO - Setting next_dagrun for tutorial to 2024-11-14 00:00:00+00:00, run_after=2024-11-15 00:00:00+00:00
[2024-11-15T07:22:25.395+0000] {processor.py:208} INFO - Processing /home/airflow/.local/lib/python3.12/site-packages/airflow/example_dags/tutorial.py took 1.140 seconds
[2024-11-15T07:23:17.800+0000] {processor.py:186} INFO - Started process (PID=1701) to work on /home/airflow/.local/lib/python3.12/site-packages/airflow/example_dags/tutorial.py
[2024-11-15T07:23:17.813+0000] {processor.py:914} INFO - Processing file /home/airflow/.local/lib/python3.12/site-packages/airflow/example_dags/tutorial.py for tasks to queue
[2024-11-15T07:23:17.820+0000] {logging_mixin.py:190} INFO - [2024-11-15T07:23:17.819+0000] {dagbag.py:588} INFO - Filling up the DagBag from /home/airflow/.local/lib/python3.12/site-packages/airflow/example_dags/tutorial.py
[2024-11-15T07:23:17.939+0000] {processor.py:925} INFO - DAG(s) 'tutorial' retrieved from /home/airflow/.local/lib/python3.12/site-packages/airflow/example_dags/tutorial.py
[2024-11-15T07:23:18.083+0000] {logging_mixin.py:190} INFO - [2024-11-15T07:23:18.082+0000] {dag.py:3239} INFO - Sync 1 DAGs
[2024-11-15T07:23:18.289+0000] {logging_mixin.py:190} INFO - [2024-11-15T07:23:18.289+0000] {dag.py:4180} INFO - Setting next_dagrun for tutorial to 2024-11-14 00:00:00+00:00, run_after=2024-11-15 00:00:00+00:00
[2024-11-15T07:23:18.453+0000] {processor.py:208} INFO - Processing /home/airflow/.local/lib/python3.12/site-packages/airflow/example_dags/tutorial.py took 0.700 seconds
[2024-11-15T07:27:18.061+0000] {processor.py:186} INFO - Started process (PID=1783) to work on /home/airflow/.local/lib/python3.12/site-packages/airflow/example_dags/tutorial.py
[2024-11-15T07:27:18.134+0000] {processor.py:914} INFO - Processing file /home/airflow/.local/lib/python3.12/site-packages/airflow/example_dags/tutorial.py for tasks to queue
[2024-11-15T07:27:18.158+0000] {logging_mixin.py:190} INFO - [2024-11-15T07:27:18.155+0000] {dagbag.py:588} INFO - Filling up the DagBag from /home/airflow/.local/lib/python3.12/site-packages/airflow/example_dags/tutorial.py
[2024-11-15T07:27:18.336+0000] {processor.py:925} INFO - DAG(s) 'tutorial' retrieved from /home/airflow/.local/lib/python3.12/site-packages/airflow/example_dags/tutorial.py
[2024-11-15T07:27:18.768+0000] {logging_mixin.py:190} INFO - [2024-11-15T07:27:18.767+0000] {dag.py:3239} INFO - Sync 1 DAGs
[2024-11-15T07:27:19.195+0000] {logging_mixin.py:190} INFO - [2024-11-15T07:27:19.194+0000] {dag.py:4180} INFO - Setting next_dagrun for tutorial to 2024-11-14 00:00:00+00:00, run_after=2024-11-15 00:00:00+00:00
[2024-11-15T07:27:19.490+0000] {processor.py:208} INFO - Processing /home/airflow/.local/lib/python3.12/site-packages/airflow/example_dags/tutorial.py took 1.611 seconds
[2024-11-15T07:28:24.996+0000] {processor.py:186} INFO - Started process (PID=1862) to work on /home/airflow/.local/lib/python3.12/site-packages/airflow/example_dags/tutorial.py
[2024-11-15T07:28:25.033+0000] {processor.py:914} INFO - Processing file /home/airflow/.local/lib/python3.12/site-packages/airflow/example_dags/tutorial.py for tasks to queue
[2024-11-15T07:28:25.063+0000] {logging_mixin.py:190} INFO - [2024-11-15T07:28:25.040+0000] {dagbag.py:588} INFO - Filling up the DagBag from /home/airflow/.local/lib/python3.12/site-packages/airflow/example_dags/tutorial.py
[2024-11-15T07:28:25.169+0000] {processor.py:925} INFO - DAG(s) 'tutorial' retrieved from /home/airflow/.local/lib/python3.12/site-packages/airflow/example_dags/tutorial.py
[2024-11-15T07:28:25.853+0000] {logging_mixin.py:190} INFO - [2024-11-15T07:28:25.852+0000] {dag.py:3239} INFO - Sync 1 DAGs
[2024-11-15T07:28:26.399+0000] {logging_mixin.py:190} INFO - [2024-11-15T07:28:26.398+0000] {dag.py:4180} INFO - Setting next_dagrun for tutorial to 2024-11-14 00:00:00+00:00, run_after=2024-11-15 00:00:00+00:00
[2024-11-15T07:28:26.650+0000] {processor.py:208} INFO - Processing /home/airflow/.local/lib/python3.12/site-packages/airflow/example_dags/tutorial.py took 1.753 seconds
[2024-11-15T07:29:55.720+0000] {processor.py:186} INFO - Started process (PID=1925) to work on /home/airflow/.local/lib/python3.12/site-packages/airflow/example_dags/tutorial.py
[2024-11-15T07:29:55.736+0000] {processor.py:914} INFO - Processing file /home/airflow/.local/lib/python3.12/site-packages/airflow/example_dags/tutorial.py for tasks to queue
[2024-11-15T07:29:55.740+0000] {logging_mixin.py:190} INFO - [2024-11-15T07:29:55.739+0000] {dagbag.py:588} INFO - Filling up the DagBag from /home/airflow/.local/lib/python3.12/site-packages/airflow/example_dags/tutorial.py
[2024-11-15T07:29:55.786+0000] {processor.py:925} INFO - DAG(s) 'tutorial' retrieved from /home/airflow/.local/lib/python3.12/site-packages/airflow/example_dags/tutorial.py
[2024-11-15T07:29:55.898+0000] {logging_mixin.py:190} INFO - [2024-11-15T07:29:55.897+0000] {dag.py:3239} INFO - Sync 1 DAGs
[2024-11-15T07:29:56.111+0000] {logging_mixin.py:190} INFO - [2024-11-15T07:29:56.110+0000] {dag.py:4180} INFO - Setting next_dagrun for tutorial to 2024-11-14 00:00:00+00:00, run_after=2024-11-15 00:00:00+00:00
[2024-11-15T07:29:56.698+0000] {processor.py:208} INFO - Processing /home/airflow/.local/lib/python3.12/site-packages/airflow/example_dags/tutorial.py took 0.996 seconds
[2024-11-15T07:33:03.685+0000] {processor.py:186} INFO - Started process (PID=2027) to work on /home/airflow/.local/lib/python3.12/site-packages/airflow/example_dags/tutorial.py
[2024-11-15T07:33:03.692+0000] {processor.py:914} INFO - Processing file /home/airflow/.local/lib/python3.12/site-packages/airflow/example_dags/tutorial.py for tasks to queue
[2024-11-15T07:33:03.717+0000] {logging_mixin.py:190} INFO - [2024-11-15T07:33:03.716+0000] {dagbag.py:588} INFO - Filling up the DagBag from /home/airflow/.local/lib/python3.12/site-packages/airflow/example_dags/tutorial.py
[2024-11-15T07:33:03.911+0000] {processor.py:925} INFO - DAG(s) 'tutorial' retrieved from /home/airflow/.local/lib/python3.12/site-packages/airflow/example_dags/tutorial.py
[2024-11-15T07:33:05.116+0000] {logging_mixin.py:190} INFO - [2024-11-15T07:33:05.114+0000] {dag.py:3239} INFO - Sync 1 DAGs
[2024-11-15T07:33:05.651+0000] {logging_mixin.py:190} INFO - [2024-11-15T07:33:05.650+0000] {dag.py:4180} INFO - Setting next_dagrun for tutorial to 2024-11-14 00:00:00+00:00, run_after=2024-11-15 00:00:00+00:00
[2024-11-15T07:33:06.269+0000] {processor.py:208} INFO - Processing /home/airflow/.local/lib/python3.12/site-packages/airflow/example_dags/tutorial.py took 2.819 seconds
[2024-11-15T07:34:16.969+0000] {processor.py:186} INFO - Started process (PID=2089) to work on /home/airflow/.local/lib/python3.12/site-packages/airflow/example_dags/tutorial.py
[2024-11-15T07:34:16.995+0000] {processor.py:914} INFO - Processing file /home/airflow/.local/lib/python3.12/site-packages/airflow/example_dags/tutorial.py for tasks to queue
[2024-11-15T07:34:17.022+0000] {logging_mixin.py:190} INFO - [2024-11-15T07:34:16.998+0000] {dagbag.py:588} INFO - Filling up the DagBag from /home/airflow/.local/lib/python3.12/site-packages/airflow/example_dags/tutorial.py
[2024-11-15T07:34:17.142+0000] {processor.py:925} INFO - DAG(s) 'tutorial' retrieved from /home/airflow/.local/lib/python3.12/site-packages/airflow/example_dags/tutorial.py
[2024-11-15T07:34:17.480+0000] {logging_mixin.py:190} INFO - [2024-11-15T07:34:17.479+0000] {dag.py:3239} INFO - Sync 1 DAGs
[2024-11-15T07:34:17.818+0000] {logging_mixin.py:190} INFO - [2024-11-15T07:34:17.817+0000] {dag.py:4180} INFO - Setting next_dagrun for tutorial to 2024-11-14 00:00:00+00:00, run_after=2024-11-15 00:00:00+00:00
[2024-11-15T07:34:18.155+0000] {processor.py:208} INFO - Processing /home/airflow/.local/lib/python3.12/site-packages/airflow/example_dags/tutorial.py took 1.263 seconds
[2024-11-15T07:35:28.297+0000] {processor.py:186} INFO - Started process (PID=2164) to work on /home/airflow/.local/lib/python3.12/site-packages/airflow/example_dags/tutorial.py
[2024-11-15T07:35:28.347+0000] {processor.py:914} INFO - Processing file /home/airflow/.local/lib/python3.12/site-packages/airflow/example_dags/tutorial.py for tasks to queue
[2024-11-15T07:35:28.392+0000] {logging_mixin.py:190} INFO - [2024-11-15T07:35:28.388+0000] {dagbag.py:588} INFO - Filling up the DagBag from /home/airflow/.local/lib/python3.12/site-packages/airflow/example_dags/tutorial.py
[2024-11-15T07:35:28.565+0000] {processor.py:925} INFO - DAG(s) 'tutorial' retrieved from /home/airflow/.local/lib/python3.12/site-packages/airflow/example_dags/tutorial.py
[2024-11-15T07:35:28.967+0000] {logging_mixin.py:190} INFO - [2024-11-15T07:35:28.965+0000] {dag.py:3239} INFO - Sync 1 DAGs
[2024-11-15T07:35:29.272+0000] {logging_mixin.py:190} INFO - [2024-11-15T07:35:29.271+0000] {dag.py:4180} INFO - Setting next_dagrun for tutorial to 2024-11-14 00:00:00+00:00, run_after=2024-11-15 00:00:00+00:00
[2024-11-15T07:35:29.524+0000] {processor.py:208} INFO - Processing /home/airflow/.local/lib/python3.12/site-packages/airflow/example_dags/tutorial.py took 1.323 seconds
[2024-11-15T07:38:18.843+0000] {processor.py:186} INFO - Started process (PID=2263) to work on /home/airflow/.local/lib/python3.12/site-packages/airflow/example_dags/tutorial.py
[2024-11-15T07:38:18.901+0000] {processor.py:914} INFO - Processing file /home/airflow/.local/lib/python3.12/site-packages/airflow/example_dags/tutorial.py for tasks to queue
[2024-11-15T07:38:18.935+0000] {logging_mixin.py:190} INFO - [2024-11-15T07:38:18.905+0000] {dagbag.py:588} INFO - Filling up the DagBag from /home/airflow/.local/lib/python3.12/site-packages/airflow/example_dags/tutorial.py
[2024-11-15T07:38:19.078+0000] {processor.py:925} INFO - DAG(s) 'tutorial' retrieved from /home/airflow/.local/lib/python3.12/site-packages/airflow/example_dags/tutorial.py
[2024-11-15T07:38:19.413+0000] {logging_mixin.py:190} INFO - [2024-11-15T07:38:19.412+0000] {dag.py:3239} INFO - Sync 1 DAGs
[2024-11-15T07:38:19.644+0000] {logging_mixin.py:190} INFO - [2024-11-15T07:38:19.642+0000] {dag.py:4180} INFO - Setting next_dagrun for tutorial to 2024-11-14 00:00:00+00:00, run_after=2024-11-15 00:00:00+00:00
[2024-11-15T07:38:19.857+0000] {processor.py:208} INFO - Processing /home/airflow/.local/lib/python3.12/site-packages/airflow/example_dags/tutorial.py took 1.262 seconds
[2024-11-15T07:39:58.160+0000] {processor.py:186} INFO - Started process (PID=2312) to work on /home/airflow/.local/lib/python3.12/site-packages/airflow/example_dags/tutorial.py
[2024-11-15T07:39:58.177+0000] {processor.py:914} INFO - Processing file /home/airflow/.local/lib/python3.12/site-packages/airflow/example_dags/tutorial.py for tasks to queue
[2024-11-15T07:39:58.192+0000] {logging_mixin.py:190} INFO - [2024-11-15T07:39:58.191+0000] {dagbag.py:588} INFO - Filling up the DagBag from /home/airflow/.local/lib/python3.12/site-packages/airflow/example_dags/tutorial.py
[2024-11-15T07:39:58.288+0000] {processor.py:925} INFO - DAG(s) 'tutorial' retrieved from /home/airflow/.local/lib/python3.12/site-packages/airflow/example_dags/tutorial.py
[2024-11-15T07:39:58.496+0000] {logging_mixin.py:190} INFO - [2024-11-15T07:39:58.495+0000] {dag.py:3239} INFO - Sync 1 DAGs
[2024-11-15T07:39:58.652+0000] {logging_mixin.py:190} INFO - [2024-11-15T07:39:58.651+0000] {dag.py:4180} INFO - Setting next_dagrun for tutorial to 2024-11-14 00:00:00+00:00, run_after=2024-11-15 00:00:00+00:00
[2024-11-15T07:39:59.096+0000] {processor.py:208} INFO - Processing /home/airflow/.local/lib/python3.12/site-packages/airflow/example_dags/tutorial.py took 0.993 seconds
[2024-11-15T07:43:12.295+0000] {processor.py:186} INFO - Started process (PID=2394) to work on /home/airflow/.local/lib/python3.12/site-packages/airflow/example_dags/tutorial.py
[2024-11-15T07:43:12.302+0000] {processor.py:914} INFO - Processing file /home/airflow/.local/lib/python3.12/site-packages/airflow/example_dags/tutorial.py for tasks to queue
[2024-11-15T07:43:12.315+0000] {logging_mixin.py:190} INFO - [2024-11-15T07:43:12.313+0000] {dagbag.py:588} INFO - Filling up the DagBag from /home/airflow/.local/lib/python3.12/site-packages/airflow/example_dags/tutorial.py
[2024-11-15T07:43:12.474+0000] {processor.py:925} INFO - DAG(s) 'tutorial' retrieved from /home/airflow/.local/lib/python3.12/site-packages/airflow/example_dags/tutorial.py
[2024-11-15T07:43:12.806+0000] {logging_mixin.py:190} INFO - [2024-11-15T07:43:12.805+0000] {dag.py:3239} INFO - Sync 1 DAGs
[2024-11-15T07:43:13.317+0000] {logging_mixin.py:190} INFO - [2024-11-15T07:43:13.315+0000] {dag.py:4180} INFO - Setting next_dagrun for tutorial to 2024-11-14 00:00:00+00:00, run_after=2024-11-15 00:00:00+00:00
[2024-11-15T07:43:13.628+0000] {processor.py:208} INFO - Processing /home/airflow/.local/lib/python3.12/site-packages/airflow/example_dags/tutorial.py took 1.412 seconds
[2024-11-15T07:44:46.107+0000] {processor.py:186} INFO - Started process (PID=2458) to work on /home/airflow/.local/lib/python3.12/site-packages/airflow/example_dags/tutorial.py
[2024-11-15T07:44:46.168+0000] {processor.py:914} INFO - Processing file /home/airflow/.local/lib/python3.12/site-packages/airflow/example_dags/tutorial.py for tasks to queue
[2024-11-15T07:44:46.270+0000] {logging_mixin.py:190} INFO - [2024-11-15T07:44:46.193+0000] {dagbag.py:588} INFO - Filling up the DagBag from /home/airflow/.local/lib/python3.12/site-packages/airflow/example_dags/tutorial.py
[2024-11-15T07:44:46.949+0000] {processor.py:925} INFO - DAG(s) 'tutorial' retrieved from /home/airflow/.local/lib/python3.12/site-packages/airflow/example_dags/tutorial.py
[2024-11-15T07:44:48.811+0000] {logging_mixin.py:190} INFO - [2024-11-15T07:44:48.809+0000] {dag.py:3239} INFO - Sync 1 DAGs
[2024-11-15T07:44:49.838+0000] {logging_mixin.py:190} INFO - [2024-11-15T07:44:49.837+0000] {dag.py:4180} INFO - Setting next_dagrun for tutorial to 2024-11-14 00:00:00+00:00, run_after=2024-11-15 00:00:00+00:00
[2024-11-15T07:44:50.267+0000] {processor.py:208} INFO - Processing /home/airflow/.local/lib/python3.12/site-packages/airflow/example_dags/tutorial.py took 4.355 seconds
[2024-11-15T07:48:22.142+0000] {processor.py:186} INFO - Started process (PID=2570) to work on /home/airflow/.local/lib/python3.12/site-packages/airflow/example_dags/tutorial.py
[2024-11-15T07:48:22.157+0000] {processor.py:914} INFO - Processing file /home/airflow/.local/lib/python3.12/site-packages/airflow/example_dags/tutorial.py for tasks to queue
[2024-11-15T07:48:22.179+0000] {logging_mixin.py:190} INFO - [2024-11-15T07:48:22.165+0000] {dagbag.py:588} INFO - Filling up the DagBag from /home/airflow/.local/lib/python3.12/site-packages/airflow/example_dags/tutorial.py
[2024-11-15T07:48:22.542+0000] {processor.py:925} INFO - DAG(s) 'tutorial' retrieved from /home/airflow/.local/lib/python3.12/site-packages/airflow/example_dags/tutorial.py
[2024-11-15T07:48:22.840+0000] {logging_mixin.py:190} INFO - [2024-11-15T07:48:22.838+0000] {dag.py:3239} INFO - Sync 1 DAGs
[2024-11-15T07:48:23.281+0000] {logging_mixin.py:190} INFO - [2024-11-15T07:48:23.255+0000] {dag.py:4180} INFO - Setting next_dagrun for tutorial to 2024-11-14 00:00:00+00:00, run_after=2024-11-15 00:00:00+00:00
[2024-11-15T07:48:23.778+0000] {processor.py:208} INFO - Processing /home/airflow/.local/lib/python3.12/site-packages/airflow/example_dags/tutorial.py took 1.836 seconds
[2024-11-15T07:52:18.374+0000] {processor.py:186} INFO - Started process (PID=2653) to work on /home/airflow/.local/lib/python3.12/site-packages/airflow/example_dags/tutorial.py
[2024-11-15T07:52:18.443+0000] {processor.py:914} INFO - Processing file /home/airflow/.local/lib/python3.12/site-packages/airflow/example_dags/tutorial.py for tasks to queue
[2024-11-15T07:52:18.456+0000] {logging_mixin.py:190} INFO - [2024-11-15T07:52:18.455+0000] {dagbag.py:588} INFO - Filling up the DagBag from /home/airflow/.local/lib/python3.12/site-packages/airflow/example_dags/tutorial.py
[2024-11-15T07:52:18.620+0000] {processor.py:925} INFO - DAG(s) 'tutorial' retrieved from /home/airflow/.local/lib/python3.12/site-packages/airflow/example_dags/tutorial.py
[2024-11-15T07:52:18.786+0000] {logging_mixin.py:190} INFO - [2024-11-15T07:52:18.785+0000] {dag.py:3239} INFO - Sync 1 DAGs
[2024-11-15T07:52:19.261+0000] {logging_mixin.py:190} INFO - [2024-11-15T07:52:19.252+0000] {dag.py:4180} INFO - Setting next_dagrun for tutorial to 2024-11-14 00:00:00+00:00, run_after=2024-11-15 00:00:00+00:00
[2024-11-15T07:52:19.605+0000] {processor.py:208} INFO - Processing /home/airflow/.local/lib/python3.12/site-packages/airflow/example_dags/tutorial.py took 1.525 seconds
[2024-11-15T07:54:37.071+0000] {processor.py:186} INFO - Started process (PID=2713) to work on /home/airflow/.local/lib/python3.12/site-packages/airflow/example_dags/tutorial.py
[2024-11-15T07:54:37.080+0000] {processor.py:914} INFO - Processing file /home/airflow/.local/lib/python3.12/site-packages/airflow/example_dags/tutorial.py for tasks to queue
[2024-11-15T07:54:37.095+0000] {logging_mixin.py:190} INFO - [2024-11-15T07:54:37.093+0000] {dagbag.py:588} INFO - Filling up the DagBag from /home/airflow/.local/lib/python3.12/site-packages/airflow/example_dags/tutorial.py
[2024-11-15T07:54:37.231+0000] {processor.py:925} INFO - DAG(s) 'tutorial' retrieved from /home/airflow/.local/lib/python3.12/site-packages/airflow/example_dags/tutorial.py
[2024-11-15T07:54:37.416+0000] {logging_mixin.py:190} INFO - [2024-11-15T07:54:37.415+0000] {dag.py:3239} INFO - Sync 1 DAGs
[2024-11-15T07:54:37.752+0000] {logging_mixin.py:190} INFO - [2024-11-15T07:54:37.751+0000] {dag.py:4180} INFO - Setting next_dagrun for tutorial to 2024-11-14 00:00:00+00:00, run_after=2024-11-15 00:00:00+00:00
[2024-11-15T07:54:38.194+0000] {processor.py:208} INFO - Processing /home/airflow/.local/lib/python3.12/site-packages/airflow/example_dags/tutorial.py took 1.187 seconds
[2024-11-15T07:57:30.387+0000] {processor.py:186} INFO - Started process (PID=2790) to work on /home/airflow/.local/lib/python3.12/site-packages/airflow/example_dags/tutorial.py
[2024-11-15T07:57:30.397+0000] {processor.py:914} INFO - Processing file /home/airflow/.local/lib/python3.12/site-packages/airflow/example_dags/tutorial.py for tasks to queue
[2024-11-15T07:57:30.430+0000] {logging_mixin.py:190} INFO - [2024-11-15T07:57:30.403+0000] {dagbag.py:588} INFO - Filling up the DagBag from /home/airflow/.local/lib/python3.12/site-packages/airflow/example_dags/tutorial.py
[2024-11-15T07:57:30.717+0000] {processor.py:925} INFO - DAG(s) 'tutorial' retrieved from /home/airflow/.local/lib/python3.12/site-packages/airflow/example_dags/tutorial.py
[2024-11-15T07:57:31.697+0000] {logging_mixin.py:190} INFO - [2024-11-15T07:57:31.676+0000] {dag.py:3239} INFO - Sync 1 DAGs
[2024-11-15T07:57:32.981+0000] {logging_mixin.py:190} INFO - [2024-11-15T07:57:32.969+0000] {dag.py:4180} INFO - Setting next_dagrun for tutorial to 2024-11-14 00:00:00+00:00, run_after=2024-11-15 00:00:00+00:00
[2024-11-15T07:57:33.438+0000] {processor.py:208} INFO - Processing /home/airflow/.local/lib/python3.12/site-packages/airflow/example_dags/tutorial.py took 3.188 seconds
[2024-11-15T08:01:26.263+0000] {processor.py:186} INFO - Started process (PID=2859) to work on /home/airflow/.local/lib/python3.12/site-packages/airflow/example_dags/tutorial.py
[2024-11-15T08:01:26.270+0000] {processor.py:914} INFO - Processing file /home/airflow/.local/lib/python3.12/site-packages/airflow/example_dags/tutorial.py for tasks to queue
[2024-11-15T08:01:26.293+0000] {logging_mixin.py:190} INFO - [2024-11-15T08:01:26.275+0000] {dagbag.py:588} INFO - Filling up the DagBag from /home/airflow/.local/lib/python3.12/site-packages/airflow/example_dags/tutorial.py
[2024-11-15T08:01:26.395+0000] {processor.py:925} INFO - DAG(s) 'tutorial' retrieved from /home/airflow/.local/lib/python3.12/site-packages/airflow/example_dags/tutorial.py
[2024-11-15T08:01:26.672+0000] {logging_mixin.py:190} INFO - [2024-11-15T08:01:26.671+0000] {dag.py:3239} INFO - Sync 1 DAGs
[2024-11-15T08:01:27.163+0000] {logging_mixin.py:190} INFO - [2024-11-15T08:01:27.162+0000] {dag.py:4180} INFO - Setting next_dagrun for tutorial to 2024-11-14 00:00:00+00:00, run_after=2024-11-15 00:00:00+00:00
[2024-11-15T08:01:27.436+0000] {processor.py:208} INFO - Processing /home/airflow/.local/lib/python3.12/site-packages/airflow/example_dags/tutorial.py took 1.241 seconds
[2024-11-15T08:15:10.161+0000] {processor.py:186} INFO - Started process (PID=2945) to work on /home/airflow/.local/lib/python3.12/site-packages/airflow/example_dags/tutorial.py
[2024-11-15T08:15:10.185+0000] {processor.py:914} INFO - Processing file /home/airflow/.local/lib/python3.12/site-packages/airflow/example_dags/tutorial.py for tasks to queue
[2024-11-15T08:15:10.246+0000] {logging_mixin.py:190} INFO - [2024-11-15T08:15:10.209+0000] {dagbag.py:588} INFO - Filling up the DagBag from /home/airflow/.local/lib/python3.12/site-packages/airflow/example_dags/tutorial.py
[2024-11-15T08:15:11.453+0000] {processor.py:925} INFO - DAG(s) 'tutorial' retrieved from /home/airflow/.local/lib/python3.12/site-packages/airflow/example_dags/tutorial.py
[2024-11-15T08:15:14.514+0000] {logging_mixin.py:190} INFO - [2024-11-15T08:15:14.476+0000] {dag.py:3239} INFO - Sync 1 DAGs
[2024-11-15T08:15:20.600+0000] {logging_mixin.py:190} INFO - [2024-11-15T08:15:20.379+0000] {dag.py:4180} INFO - Setting next_dagrun for tutorial to 2024-11-14 00:00:00+00:00, run_after=2024-11-15 00:00:00+00:00
[2024-11-15T08:15:22.904+0000] {processor.py:208} INFO - Processing /home/airflow/.local/lib/python3.12/site-packages/airflow/example_dags/tutorial.py took 14.881 seconds
[2024-11-15T08:19:48.990+0000] {processor.py:186} INFO - Started process (PID=3022) to work on /home/airflow/.local/lib/python3.12/site-packages/airflow/example_dags/tutorial.py
[2024-11-15T08:19:49.015+0000] {processor.py:914} INFO - Processing file /home/airflow/.local/lib/python3.12/site-packages/airflow/example_dags/tutorial.py for tasks to queue
[2024-11-15T08:19:49.038+0000] {logging_mixin.py:190} INFO - [2024-11-15T08:19:49.026+0000] {dagbag.py:588} INFO - Filling up the DagBag from /home/airflow/.local/lib/python3.12/site-packages/airflow/example_dags/tutorial.py
[2024-11-15T08:19:49.311+0000] {processor.py:925} INFO - DAG(s) 'tutorial' retrieved from /home/airflow/.local/lib/python3.12/site-packages/airflow/example_dags/tutorial.py
[2024-11-15T08:19:49.647+0000] {logging_mixin.py:190} INFO - [2024-11-15T08:19:49.646+0000] {dag.py:3239} INFO - Sync 1 DAGs
[2024-11-15T08:19:50.240+0000] {logging_mixin.py:190} INFO - [2024-11-15T08:19:50.239+0000] {dag.py:4180} INFO - Setting next_dagrun for tutorial to 2024-11-14 00:00:00+00:00, run_after=2024-11-15 00:00:00+00:00
[2024-11-15T08:19:50.563+0000] {processor.py:208} INFO - Processing /home/airflow/.local/lib/python3.12/site-packages/airflow/example_dags/tutorial.py took 1.684 seconds
[2024-11-15T08:24:10.887+0000] {processor.py:186} INFO - Started process (PID=3103) to work on /home/airflow/.local/lib/python3.12/site-packages/airflow/example_dags/tutorial.py
[2024-11-15T08:24:10.945+0000] {processor.py:914} INFO - Processing file /home/airflow/.local/lib/python3.12/site-packages/airflow/example_dags/tutorial.py for tasks to queue
[2024-11-15T08:24:11.019+0000] {logging_mixin.py:190} INFO - [2024-11-15T08:24:11.017+0000] {dagbag.py:588} INFO - Filling up the DagBag from /home/airflow/.local/lib/python3.12/site-packages/airflow/example_dags/tutorial.py
[2024-11-15T08:24:12.933+0000] {processor.py:925} INFO - DAG(s) 'tutorial' retrieved from /home/airflow/.local/lib/python3.12/site-packages/airflow/example_dags/tutorial.py
[2024-11-15T08:24:14.268+0000] {logging_mixin.py:190} INFO - [2024-11-15T08:24:14.258+0000] {dag.py:3239} INFO - Sync 1 DAGs
[2024-11-15T08:24:15.404+0000] {logging_mixin.py:190} INFO - [2024-11-15T08:24:15.403+0000] {dag.py:4180} INFO - Setting next_dagrun for tutorial to 2024-11-14 00:00:00+00:00, run_after=2024-11-15 00:00:00+00:00
[2024-11-15T08:24:16.676+0000] {processor.py:208} INFO - Processing /home/airflow/.local/lib/python3.12/site-packages/airflow/example_dags/tutorial.py took 7.095 seconds
[2024-11-15T08:29:53.305+0000] {processor.py:186} INFO - Started process (PID=3211) to work on /home/airflow/.local/lib/python3.12/site-packages/airflow/example_dags/tutorial.py
[2024-11-15T08:29:53.343+0000] {processor.py:914} INFO - Processing file /home/airflow/.local/lib/python3.12/site-packages/airflow/example_dags/tutorial.py for tasks to queue
[2024-11-15T08:29:53.362+0000] {logging_mixin.py:190} INFO - [2024-11-15T08:29:53.360+0000] {dagbag.py:588} INFO - Filling up the DagBag from /home/airflow/.local/lib/python3.12/site-packages/airflow/example_dags/tutorial.py
[2024-11-15T08:29:53.500+0000] {processor.py:925} INFO - DAG(s) 'tutorial' retrieved from /home/airflow/.local/lib/python3.12/site-packages/airflow/example_dags/tutorial.py
[2024-11-15T08:29:53.929+0000] {logging_mixin.py:190} INFO - [2024-11-15T08:29:53.928+0000] {dag.py:3239} INFO - Sync 1 DAGs
[2024-11-15T08:29:54.635+0000] {logging_mixin.py:190} INFO - [2024-11-15T08:29:54.634+0000] {dag.py:4180} INFO - Setting next_dagrun for tutorial to 2024-11-14 00:00:00+00:00, run_after=2024-11-15 00:00:00+00:00
[2024-11-15T08:29:55.175+0000] {processor.py:208} INFO - Processing /home/airflow/.local/lib/python3.12/site-packages/airflow/example_dags/tutorial.py took 1.972 seconds
[2024-11-15T08:34:56.203+0000] {processor.py:186} INFO - Started process (PID=3309) to work on /home/airflow/.local/lib/python3.12/site-packages/airflow/example_dags/tutorial.py
[2024-11-15T08:34:56.230+0000] {processor.py:914} INFO - Processing file /home/airflow/.local/lib/python3.12/site-packages/airflow/example_dags/tutorial.py for tasks to queue
[2024-11-15T08:34:56.243+0000] {logging_mixin.py:190} INFO - [2024-11-15T08:34:56.234+0000] {dagbag.py:588} INFO - Filling up the DagBag from /home/airflow/.local/lib/python3.12/site-packages/airflow/example_dags/tutorial.py
[2024-11-15T08:34:56.572+0000] {processor.py:925} INFO - DAG(s) 'tutorial' retrieved from /home/airflow/.local/lib/python3.12/site-packages/airflow/example_dags/tutorial.py
[2024-11-15T08:34:57.159+0000] {logging_mixin.py:190} INFO - [2024-11-15T08:34:57.150+0000] {dag.py:3239} INFO - Sync 1 DAGs
[2024-11-15T08:34:58.069+0000] {logging_mixin.py:190} INFO - [2024-11-15T08:34:58.068+0000] {dag.py:4180} INFO - Setting next_dagrun for tutorial to 2024-11-14 00:00:00+00:00, run_after=2024-11-15 00:00:00+00:00
[2024-11-15T08:34:58.428+0000] {processor.py:208} INFO - Processing /home/airflow/.local/lib/python3.12/site-packages/airflow/example_dags/tutorial.py took 2.414 seconds
[2024-11-15T08:48:43.273+0000] {processor.py:186} INFO - Started process (PID=3413) to work on /home/airflow/.local/lib/python3.12/site-packages/airflow/example_dags/tutorial.py
[2024-11-15T08:48:43.305+0000] {processor.py:914} INFO - Processing file /home/airflow/.local/lib/python3.12/site-packages/airflow/example_dags/tutorial.py for tasks to queue
[2024-11-15T08:48:43.333+0000] {logging_mixin.py:190} INFO - [2024-11-15T08:48:43.331+0000] {dagbag.py:588} INFO - Filling up the DagBag from /home/airflow/.local/lib/python3.12/site-packages/airflow/example_dags/tutorial.py
[2024-11-15T08:48:43.479+0000] {processor.py:925} INFO - DAG(s) 'tutorial' retrieved from /home/airflow/.local/lib/python3.12/site-packages/airflow/example_dags/tutorial.py
[2024-11-15T08:48:43.869+0000] {logging_mixin.py:190} INFO - [2024-11-15T08:48:43.868+0000] {dag.py:3239} INFO - Sync 1 DAGs
[2024-11-15T08:48:44.414+0000] {logging_mixin.py:190} INFO - [2024-11-15T08:48:44.412+0000] {dag.py:4180} INFO - Setting next_dagrun for tutorial to 2024-11-14 00:00:00+00:00, run_after=2024-11-15 00:00:00+00:00
[2024-11-15T08:48:44.760+0000] {processor.py:208} INFO - Processing /home/airflow/.local/lib/python3.12/site-packages/airflow/example_dags/tutorial.py took 1.565 seconds
[2024-11-15T08:57:14.504+0000] {processor.py:186} INFO - Started process (PID=3534) to work on /home/airflow/.local/lib/python3.12/site-packages/airflow/example_dags/tutorial.py
[2024-11-15T08:57:14.565+0000] {processor.py:914} INFO - Processing file /home/airflow/.local/lib/python3.12/site-packages/airflow/example_dags/tutorial.py for tasks to queue
[2024-11-15T08:57:14.629+0000] {logging_mixin.py:190} INFO - [2024-11-15T08:57:14.604+0000] {dagbag.py:588} INFO - Filling up the DagBag from /home/airflow/.local/lib/python3.12/site-packages/airflow/example_dags/tutorial.py
[2024-11-15T08:57:16.985+0000] {processor.py:925} INFO - DAG(s) 'tutorial' retrieved from /home/airflow/.local/lib/python3.12/site-packages/airflow/example_dags/tutorial.py
[2024-11-15T08:57:24.954+0000] {logging_mixin.py:190} INFO - [2024-11-15T08:57:24.914+0000] {dag.py:3239} INFO - Sync 1 DAGs
[2024-11-15T08:57:28.163+0000] {logging_mixin.py:190} INFO - [2024-11-15T08:57:28.161+0000] {dag.py:4180} INFO - Setting next_dagrun for tutorial to 2024-11-14 00:00:00+00:00, run_after=2024-11-15 00:00:00+00:00
[2024-11-15T08:57:30.476+0000] {processor.py:208} INFO - Processing /home/airflow/.local/lib/python3.12/site-packages/airflow/example_dags/tutorial.py took 16.743 seconds
[2024-11-15T09:26:40.226+0000] {processor.py:186} INFO - Started process (PID=280) to work on /home/airflow/.local/lib/python3.12/site-packages/airflow/example_dags/tutorial.py
[2024-11-15T09:26:40.263+0000] {processor.py:914} INFO - Processing file /home/airflow/.local/lib/python3.12/site-packages/airflow/example_dags/tutorial.py for tasks to queue
[2024-11-15T09:26:40.276+0000] {logging_mixin.py:190} INFO - [2024-11-15T09:26:40.275+0000] {dagbag.py:588} INFO - Filling up the DagBag from /home/airflow/.local/lib/python3.12/site-packages/airflow/example_dags/tutorial.py
[2024-11-15T09:26:40.418+0000] {processor.py:925} INFO - DAG(s) 'tutorial' retrieved from /home/airflow/.local/lib/python3.12/site-packages/airflow/example_dags/tutorial.py
[2024-11-15T09:26:40.725+0000] {logging_mixin.py:190} INFO - [2024-11-15T09:26:40.724+0000] {dag.py:3239} INFO - Sync 1 DAGs
[2024-11-15T09:26:41.244+0000] {logging_mixin.py:190} INFO - [2024-11-15T09:26:41.243+0000] {dag.py:4180} INFO - Setting next_dagrun for tutorial to 2024-11-14 00:00:00+00:00, run_after=2024-11-15 00:00:00+00:00
[2024-11-15T09:26:41.707+0000] {processor.py:208} INFO - Processing /home/airflow/.local/lib/python3.12/site-packages/airflow/example_dags/tutorial.py took 1.621 seconds
[2024-11-15T09:31:41.991+0000] {processor.py:186} INFO - Started process (PID=387) to work on /home/airflow/.local/lib/python3.12/site-packages/airflow/example_dags/tutorial.py
[2024-11-15T09:31:42.018+0000] {processor.py:914} INFO - Processing file /home/airflow/.local/lib/python3.12/site-packages/airflow/example_dags/tutorial.py for tasks to queue
[2024-11-15T09:31:42.033+0000] {logging_mixin.py:190} INFO - [2024-11-15T09:31:42.031+0000] {dagbag.py:588} INFO - Filling up the DagBag from /home/airflow/.local/lib/python3.12/site-packages/airflow/example_dags/tutorial.py
[2024-11-15T09:31:42.358+0000] {processor.py:925} INFO - DAG(s) 'tutorial' retrieved from /home/airflow/.local/lib/python3.12/site-packages/airflow/example_dags/tutorial.py
[2024-11-15T09:31:42.823+0000] {logging_mixin.py:190} INFO - [2024-11-15T09:31:42.822+0000] {dag.py:3239} INFO - Sync 1 DAGs
[2024-11-15T09:31:43.388+0000] {logging_mixin.py:190} INFO - [2024-11-15T09:31:43.386+0000] {dag.py:4180} INFO - Setting next_dagrun for tutorial to 2024-11-14 00:00:00+00:00, run_after=2024-11-15 00:00:00+00:00
[2024-11-15T09:31:43.792+0000] {processor.py:208} INFO - Processing /home/airflow/.local/lib/python3.12/site-packages/airflow/example_dags/tutorial.py took 2.174 seconds
[2024-11-15T09:34:20.272+0000] {processor.py:186} INFO - Started process (PID=461) to work on /home/airflow/.local/lib/python3.12/site-packages/airflow/example_dags/tutorial.py
[2024-11-15T09:34:20.300+0000] {processor.py:914} INFO - Processing file /home/airflow/.local/lib/python3.12/site-packages/airflow/example_dags/tutorial.py for tasks to queue
[2024-11-15T09:34:20.599+0000] {logging_mixin.py:190} INFO - [2024-11-15T09:34:20.534+0000] {dagbag.py:588} INFO - Filling up the DagBag from /home/airflow/.local/lib/python3.12/site-packages/airflow/example_dags/tutorial.py
[2024-11-15T09:34:30.150+0000] {processor.py:925} INFO - DAG(s) 'tutorial' retrieved from /home/airflow/.local/lib/python3.12/site-packages/airflow/example_dags/tutorial.py
[2024-11-15T09:34:33.139+0000] {logging_mixin.py:190} INFO - [2024-11-15T09:34:33.138+0000] {dag.py:3239} INFO - Sync 1 DAGs
[2024-11-15T09:34:36.968+0000] {logging_mixin.py:190} INFO - [2024-11-15T09:34:36.966+0000] {dag.py:4180} INFO - Setting next_dagrun for tutorial to 2024-11-14 00:00:00+00:00, run_after=2024-11-15 00:00:00+00:00
[2024-11-15T09:34:38.778+0000] {processor.py:208} INFO - Processing /home/airflow/.local/lib/python3.12/site-packages/airflow/example_dags/tutorial.py took 19.753 seconds
[2024-11-15T09:37:56.998+0000] {processor.py:186} INFO - Started process (PID=528) to work on /home/airflow/.local/lib/python3.12/site-packages/airflow/example_dags/tutorial.py
[2024-11-15T09:37:57.017+0000] {processor.py:914} INFO - Processing file /home/airflow/.local/lib/python3.12/site-packages/airflow/example_dags/tutorial.py for tasks to queue
[2024-11-15T09:37:57.129+0000] {logging_mixin.py:190} INFO - [2024-11-15T09:37:57.126+0000] {dagbag.py:588} INFO - Filling up the DagBag from /home/airflow/.local/lib/python3.12/site-packages/airflow/example_dags/tutorial.py
[2024-11-15T09:38:01.758+0000] {processor.py:925} INFO - DAG(s) 'tutorial' retrieved from /home/airflow/.local/lib/python3.12/site-packages/airflow/example_dags/tutorial.py
[2024-11-15T09:38:04.377+0000] {logging_mixin.py:190} INFO - [2024-11-15T09:38:04.375+0000] {dag.py:3239} INFO - Sync 1 DAGs
[2024-11-15T09:38:06.396+0000] {logging_mixin.py:190} INFO - [2024-11-15T09:38:06.394+0000] {dag.py:4180} INFO - Setting next_dagrun for tutorial to 2024-11-14 00:00:00+00:00, run_after=2024-11-15 00:00:00+00:00
[2024-11-15T09:38:07.492+0000] {processor.py:208} INFO - Processing /home/airflow/.local/lib/python3.12/site-packages/airflow/example_dags/tutorial.py took 12.052 seconds
[2024-11-15T09:40:58.924+0000] {processor.py:186} INFO - Started process (PID=584) to work on /home/airflow/.local/lib/python3.12/site-packages/airflow/example_dags/tutorial.py
[2024-11-15T09:40:58.940+0000] {processor.py:914} INFO - Processing file /home/airflow/.local/lib/python3.12/site-packages/airflow/example_dags/tutorial.py for tasks to queue
[2024-11-15T09:40:58.962+0000] {logging_mixin.py:190} INFO - [2024-11-15T09:40:58.961+0000] {dagbag.py:588} INFO - Filling up the DagBag from /home/airflow/.local/lib/python3.12/site-packages/airflow/example_dags/tutorial.py
[2024-11-15T09:40:59.029+0000] {processor.py:925} INFO - DAG(s) 'tutorial' retrieved from /home/airflow/.local/lib/python3.12/site-packages/airflow/example_dags/tutorial.py
[2024-11-15T09:40:59.230+0000] {logging_mixin.py:190} INFO - [2024-11-15T09:40:59.229+0000] {dag.py:3239} INFO - Sync 1 DAGs
[2024-11-15T09:40:59.441+0000] {logging_mixin.py:190} INFO - [2024-11-15T09:40:59.441+0000] {dag.py:4180} INFO - Setting next_dagrun for tutorial to 2024-11-14 00:00:00+00:00, run_after=2024-11-15 00:00:00+00:00
[2024-11-15T09:40:59.651+0000] {processor.py:208} INFO - Processing /home/airflow/.local/lib/python3.12/site-packages/airflow/example_dags/tutorial.py took 0.785 seconds
[2024-11-15T09:43:59.919+0000] {processor.py:186} INFO - Started process (PID=678) to work on /home/airflow/.local/lib/python3.12/site-packages/airflow/example_dags/tutorial.py
[2024-11-15T09:44:00.042+0000] {processor.py:914} INFO - Processing file /home/airflow/.local/lib/python3.12/site-packages/airflow/example_dags/tutorial.py for tasks to queue
[2024-11-15T09:44:00.281+0000] {logging_mixin.py:190} INFO - [2024-11-15T09:44:00.279+0000] {dagbag.py:588} INFO - Filling up the DagBag from /home/airflow/.local/lib/python3.12/site-packages/airflow/example_dags/tutorial.py
[2024-11-15T09:44:01.289+0000] {processor.py:925} INFO - DAG(s) 'tutorial' retrieved from /home/airflow/.local/lib/python3.12/site-packages/airflow/example_dags/tutorial.py
[2024-11-15T09:44:04.145+0000] {logging_mixin.py:190} INFO - [2024-11-15T09:44:04.143+0000] {dag.py:3239} INFO - Sync 1 DAGs
[2024-11-15T09:44:05.398+0000] {logging_mixin.py:190} INFO - [2024-11-15T09:44:05.397+0000] {dag.py:4180} INFO - Setting next_dagrun for tutorial to 2024-11-14 00:00:00+00:00, run_after=2024-11-15 00:00:00+00:00
[2024-11-15T09:44:06.386+0000] {processor.py:208} INFO - Processing /home/airflow/.local/lib/python3.12/site-packages/airflow/example_dags/tutorial.py took 6.721 seconds
