[2024-11-02T13:12:42.091+0000] {processor.py:186} INFO - Started process (PID=128) to work on /opt/airflow/dags/data_ingestion.pipeline.py
[2024-11-02T13:12:42.164+0000] {processor.py:914} INFO - Processing file /opt/airflow/dags/data_ingestion.pipeline.py for tasks to queue
[2024-11-02T13:12:42.319+0000] {logging_mixin.py:190} INFO - [2024-11-02T13:12:42.312+0000] {dagbag.py:588} INFO - Filling up the DagBag from /opt/airflow/dags/data_ingestion.pipeline.py
[2024-11-02T13:12:47.932+0000] {processor.py:925} INFO - DAG(s) 'spotify_data_ingestion_pipeline' retrieved from /opt/airflow/dags/data_ingestion.pipeline.py
[2024-11-02T13:12:51.320+0000] {logging_mixin.py:190} INFO - [2024-11-02T13:12:50.978+0000] {dag.py:3239} INFO - Sync 1 DAGs
[2024-11-02T13:12:55.471+0000] {logging_mixin.py:190} INFO - [2024-11-02T13:12:55.457+0000] {dag.py:4180} INFO - Setting next_dagrun for spotify_data_ingestion_pipeline to 2024-11-01 00:00:00+00:00, run_after=2024-11-02 00:00:00+00:00
[2024-11-02T13:12:56.976+0000] {processor.py:208} INFO - Processing /opt/airflow/dags/data_ingestion.pipeline.py took 15.100 seconds
[2024-11-02T13:14:43.088+0000] {processor.py:186} INFO - Started process (PID=203) to work on /opt/airflow/dags/data_ingestion.pipeline.py
[2024-11-02T13:14:43.134+0000] {processor.py:914} INFO - Processing file /opt/airflow/dags/data_ingestion.pipeline.py for tasks to queue
[2024-11-02T13:14:43.211+0000] {logging_mixin.py:190} INFO - [2024-11-02T13:14:43.209+0000] {dagbag.py:588} INFO - Filling up the DagBag from /opt/airflow/dags/data_ingestion.pipeline.py
[2024-11-02T13:14:55.440+0000] {processor.py:925} INFO - DAG(s) 'spotify_data_ingestion_pipeline' retrieved from /opt/airflow/dags/data_ingestion.pipeline.py
[2024-11-02T13:14:56.052+0000] {logging_mixin.py:190} INFO - [2024-11-02T13:14:56.051+0000] {dag.py:3239} INFO - Sync 1 DAGs
[2024-11-02T13:14:56.724+0000] {logging_mixin.py:190} INFO - [2024-11-02T13:14:56.723+0000] {dag.py:4180} INFO - Setting next_dagrun for spotify_data_ingestion_pipeline to 2024-11-01 00:00:00+00:00, run_after=2024-11-02 00:00:00+00:00
[2024-11-02T13:14:57.557+0000] {processor.py:208} INFO - Processing /opt/airflow/dags/data_ingestion.pipeline.py took 14.740 seconds
[2024-11-02T13:18:24.158+0000] {processor.py:186} INFO - Started process (PID=283) to work on /opt/airflow/dags/data_ingestion.pipeline.py
[2024-11-02T13:18:24.203+0000] {processor.py:914} INFO - Processing file /opt/airflow/dags/data_ingestion.pipeline.py for tasks to queue
[2024-11-02T13:18:24.261+0000] {logging_mixin.py:190} INFO - [2024-11-02T13:18:24.228+0000] {dagbag.py:588} INFO - Filling up the DagBag from /opt/airflow/dags/data_ingestion.pipeline.py
[2024-11-02T13:18:34.059+0000] {processor.py:925} INFO - DAG(s) 'spotify_data_ingestion_pipeline' retrieved from /opt/airflow/dags/data_ingestion.pipeline.py
[2024-11-02T13:18:35.284+0000] {logging_mixin.py:190} INFO - [2024-11-02T13:18:35.283+0000] {dag.py:3239} INFO - Sync 1 DAGs
[2024-11-02T13:18:35.779+0000] {logging_mixin.py:190} INFO - [2024-11-02T13:18:35.778+0000] {dag.py:4180} INFO - Setting next_dagrun for spotify_data_ingestion_pipeline to 2024-11-01 00:00:00+00:00, run_after=2024-11-02 00:00:00+00:00
[2024-11-02T13:18:36.163+0000] {processor.py:208} INFO - Processing /opt/airflow/dags/data_ingestion.pipeline.py took 12.322 seconds
[2024-11-02T13:20:28.438+0000] {processor.py:186} INFO - Started process (PID=361) to work on /opt/airflow/dags/data_ingestion.pipeline.py
[2024-11-02T13:20:28.446+0000] {processor.py:914} INFO - Processing file /opt/airflow/dags/data_ingestion.pipeline.py for tasks to queue
[2024-11-02T13:20:28.473+0000] {logging_mixin.py:190} INFO - [2024-11-02T13:20:28.451+0000] {dagbag.py:588} INFO - Filling up the DagBag from /opt/airflow/dags/data_ingestion.pipeline.py
[2024-11-02T13:20:34.210+0000] {processor.py:925} INFO - DAG(s) 'spotify_data_ingestion_pipeline' retrieved from /opt/airflow/dags/data_ingestion.pipeline.py
[2024-11-02T13:20:35.020+0000] {logging_mixin.py:190} INFO - [2024-11-02T13:20:35.019+0000] {dag.py:3239} INFO - Sync 1 DAGs
[2024-11-02T13:20:39.532+0000] {logging_mixin.py:190} INFO - [2024-11-02T13:20:39.531+0000] {dag.py:4180} INFO - Setting next_dagrun for spotify_data_ingestion_pipeline to 2024-11-01 00:00:00+00:00, run_after=2024-11-02 00:00:00+00:00
[2024-11-02T13:20:40.697+0000] {processor.py:208} INFO - Processing /opt/airflow/dags/data_ingestion.pipeline.py took 12.394 seconds
[2024-11-02T13:21:48.611+0000] {processor.py:186} INFO - Started process (PID=413) to work on /opt/airflow/dags/data_ingestion.pipeline.py
[2024-11-02T13:21:48.647+0000] {processor.py:914} INFO - Processing file /opt/airflow/dags/data_ingestion.pipeline.py for tasks to queue
[2024-11-02T13:21:48.656+0000] {logging_mixin.py:190} INFO - [2024-11-02T13:21:48.655+0000] {dagbag.py:588} INFO - Filling up the DagBag from /opt/airflow/dags/data_ingestion.pipeline.py
[2024-11-02T13:21:50.653+0000] {processor.py:925} INFO - DAG(s) 'spotify_data_ingestion_pipeline' retrieved from /opt/airflow/dags/data_ingestion.pipeline.py
[2024-11-02T13:21:50.961+0000] {logging_mixin.py:190} INFO - [2024-11-02T13:21:50.960+0000] {dag.py:3239} INFO - Sync 1 DAGs
[2024-11-02T13:21:51.670+0000] {logging_mixin.py:190} INFO - [2024-11-02T13:21:51.669+0000] {dag.py:4180} INFO - Setting next_dagrun for spotify_data_ingestion_pipeline to 2024-11-01 00:00:00+00:00, run_after=2024-11-02 00:00:00+00:00
[2024-11-02T13:21:52.128+0000] {processor.py:208} INFO - Processing /opt/airflow/dags/data_ingestion.pipeline.py took 3.609 seconds
[2024-11-02T13:22:56.155+0000] {processor.py:186} INFO - Started process (PID=472) to work on /opt/airflow/dags/data_ingestion.pipeline.py
[2024-11-02T13:22:56.176+0000] {processor.py:914} INFO - Processing file /opt/airflow/dags/data_ingestion.pipeline.py for tasks to queue
[2024-11-02T13:22:56.183+0000] {logging_mixin.py:190} INFO - [2024-11-02T13:22:56.181+0000] {dagbag.py:588} INFO - Filling up the DagBag from /opt/airflow/dags/data_ingestion.pipeline.py
[2024-11-02T13:23:02.341+0000] {processor.py:925} INFO - DAG(s) 'spotify_data_ingestion_pipeline' retrieved from /opt/airflow/dags/data_ingestion.pipeline.py
[2024-11-02T13:23:02.753+0000] {logging_mixin.py:190} INFO - [2024-11-02T13:23:02.751+0000] {dag.py:3239} INFO - Sync 1 DAGs
[2024-11-02T13:23:03.349+0000] {logging_mixin.py:190} INFO - [2024-11-02T13:23:03.348+0000] {dag.py:4180} INFO - Setting next_dagrun for spotify_data_ingestion_pipeline to 2024-11-01 00:00:00+00:00, run_after=2024-11-02 00:00:00+00:00
[2024-11-02T13:23:03.676+0000] {processor.py:208} INFO - Processing /opt/airflow/dags/data_ingestion.pipeline.py took 7.699 seconds
[2024-11-02T13:24:29.447+0000] {processor.py:186} INFO - Started process (PID=522) to work on /opt/airflow/dags/data_ingestion.pipeline.py
[2024-11-02T13:24:29.482+0000] {processor.py:914} INFO - Processing file /opt/airflow/dags/data_ingestion.pipeline.py for tasks to queue
[2024-11-02T13:24:29.551+0000] {logging_mixin.py:190} INFO - [2024-11-02T13:24:29.494+0000] {dagbag.py:588} INFO - Filling up the DagBag from /opt/airflow/dags/data_ingestion.pipeline.py
[2024-11-02T13:24:46.986+0000] {processor.py:925} INFO - DAG(s) 'spotify_data_ingestion_pipeline' retrieved from /opt/airflow/dags/data_ingestion.pipeline.py
[2024-11-02T13:24:49.128+0000] {logging_mixin.py:190} INFO - [2024-11-02T13:24:49.125+0000] {dag.py:3239} INFO - Sync 1 DAGs
[2024-11-02T13:24:52.657+0000] {logging_mixin.py:190} INFO - [2024-11-02T13:24:52.656+0000] {dag.py:4180} INFO - Setting next_dagrun for spotify_data_ingestion_pipeline to 2024-11-01 00:00:00+00:00, run_after=2024-11-02 00:00:00+00:00
[2024-11-02T13:24:55.973+0000] {processor.py:208} INFO - Processing /opt/airflow/dags/data_ingestion.pipeline.py took 27.629 seconds
[2024-11-02T13:29:29.840+0000] {processor.py:186} INFO - Started process (PID=612) to work on /opt/airflow/dags/data_ingestion.pipeline.py
[2024-11-02T13:29:29.914+0000] {processor.py:914} INFO - Processing file /opt/airflow/dags/data_ingestion.pipeline.py for tasks to queue
[2024-11-02T13:29:29.963+0000] {logging_mixin.py:190} INFO - [2024-11-02T13:29:29.946+0000] {dagbag.py:588} INFO - Filling up the DagBag from /opt/airflow/dags/data_ingestion.pipeline.py
[2024-11-02T13:29:47.425+0000] {processor.py:925} INFO - DAG(s) 'spotify_data_ingestion_pipeline' retrieved from /opt/airflow/dags/data_ingestion.pipeline.py
[2024-11-02T13:29:50.852+0000] {logging_mixin.py:190} INFO - [2024-11-02T13:29:50.851+0000] {dag.py:3239} INFO - Sync 1 DAGs
[2024-11-02T13:29:51.594+0000] {logging_mixin.py:190} INFO - [2024-11-02T13:29:51.594+0000] {dag.py:4180} INFO - Setting next_dagrun for spotify_data_ingestion_pipeline to 2024-11-01 00:00:00+00:00, run_after=2024-11-02 00:00:00+00:00
[2024-11-02T13:29:52.398+0000] {processor.py:208} INFO - Processing /opt/airflow/dags/data_ingestion.pipeline.py took 22.714 seconds
[2024-11-02T13:33:52.268+0000] {processor.py:186} INFO - Started process (PID=694) to work on /opt/airflow/dags/data_ingestion.pipeline.py
[2024-11-02T13:33:52.280+0000] {processor.py:914} INFO - Processing file /opt/airflow/dags/data_ingestion.pipeline.py for tasks to queue
[2024-11-02T13:33:52.320+0000] {logging_mixin.py:190} INFO - [2024-11-02T13:33:52.303+0000] {dagbag.py:588} INFO - Filling up the DagBag from /opt/airflow/dags/data_ingestion.pipeline.py
[2024-11-02T13:34:03.667+0000] {processor.py:925} INFO - DAG(s) 'spotify_data_ingestion_pipeline' retrieved from /opt/airflow/dags/data_ingestion.pipeline.py
[2024-11-02T13:34:03.971+0000] {logging_mixin.py:190} INFO - [2024-11-02T13:34:03.970+0000] {dag.py:3239} INFO - Sync 1 DAGs
[2024-11-02T13:34:05.492+0000] {logging_mixin.py:190} INFO - [2024-11-02T13:34:05.474+0000] {dag.py:4180} INFO - Setting next_dagrun for spotify_data_ingestion_pipeline to 2024-11-01 00:00:00+00:00, run_after=2024-11-02 00:00:00+00:00
[2024-11-02T13:34:06.079+0000] {processor.py:208} INFO - Processing /opt/airflow/dags/data_ingestion.pipeline.py took 14.000 seconds
[2024-11-02T13:38:35.653+0000] {processor.py:186} INFO - Started process (PID=792) to work on /opt/airflow/dags/data_ingestion.pipeline.py
[2024-11-02T13:38:35.783+0000] {processor.py:914} INFO - Processing file /opt/airflow/dags/data_ingestion.pipeline.py for tasks to queue
[2024-11-02T13:38:35.794+0000] {logging_mixin.py:190} INFO - [2024-11-02T13:38:35.792+0000] {dagbag.py:588} INFO - Filling up the DagBag from /opt/airflow/dags/data_ingestion.pipeline.py
[2024-11-02T13:38:56.440+0000] {processor.py:925} INFO - DAG(s) 'spotify_data_ingestion_pipeline' retrieved from /opt/airflow/dags/data_ingestion.pipeline.py
[2024-11-02T13:38:56.981+0000] {logging_mixin.py:190} INFO - [2024-11-02T13:38:56.951+0000] {dag.py:3239} INFO - Sync 1 DAGs
[2024-11-02T13:38:57.769+0000] {logging_mixin.py:190} INFO - [2024-11-02T13:38:57.768+0000] {dag.py:4180} INFO - Setting next_dagrun for spotify_data_ingestion_pipeline to 2024-11-01 00:00:00+00:00, run_after=2024-11-02 00:00:00+00:00
[2024-11-02T13:38:58.205+0000] {processor.py:208} INFO - Processing /opt/airflow/dags/data_ingestion.pipeline.py took 22.797 seconds
[2024-11-02T13:40:33.116+0000] {processor.py:186} INFO - Started process (PID=867) to work on /opt/airflow/dags/data_ingestion.pipeline.py
[2024-11-02T13:40:33.150+0000] {processor.py:914} INFO - Processing file /opt/airflow/dags/data_ingestion.pipeline.py for tasks to queue
[2024-11-02T13:40:33.189+0000] {logging_mixin.py:190} INFO - [2024-11-02T13:40:33.188+0000] {dagbag.py:588} INFO - Filling up the DagBag from /opt/airflow/dags/data_ingestion.pipeline.py
[2024-11-02T13:40:44.053+0000] {processor.py:925} INFO - DAG(s) 'spotify_data_ingestion_pipeline' retrieved from /opt/airflow/dags/data_ingestion.pipeline.py
[2024-11-02T13:40:44.358+0000] {logging_mixin.py:190} INFO - [2024-11-02T13:40:44.358+0000] {dag.py:3239} INFO - Sync 1 DAGs
[2024-11-02T13:40:45.227+0000] {logging_mixin.py:190} INFO - [2024-11-02T13:40:45.227+0000] {dag.py:4180} INFO - Setting next_dagrun for spotify_data_ingestion_pipeline to 2024-11-01 00:00:00+00:00, run_after=2024-11-02 00:00:00+00:00
[2024-11-02T13:40:45.439+0000] {processor.py:208} INFO - Processing /opt/airflow/dags/data_ingestion.pipeline.py took 12.359 seconds
[2024-11-02T13:41:22.592+0000] {processor.py:186} INFO - Started process (PID=904) to work on /opt/airflow/dags/data_ingestion.pipeline.py
[2024-11-02T13:41:22.717+0000] {processor.py:914} INFO - Processing file /opt/airflow/dags/data_ingestion.pipeline.py for tasks to queue
[2024-11-02T13:41:22.721+0000] {logging_mixin.py:190} INFO - [2024-11-02T13:41:22.721+0000] {dagbag.py:588} INFO - Filling up the DagBag from /opt/airflow/dags/data_ingestion.pipeline.py
[2024-11-02T13:41:27.879+0000] {processor.py:925} INFO - DAG(s) 'spotify_data_ingestion_pipeline' retrieved from /opt/airflow/dags/data_ingestion.pipeline.py
[2024-11-02T13:41:28.065+0000] {logging_mixin.py:190} INFO - [2024-11-02T13:41:28.065+0000] {dag.py:3239} INFO - Sync 1 DAGs
[2024-11-02T13:41:28.220+0000] {logging_mixin.py:190} INFO - [2024-11-02T13:41:28.219+0000] {dag.py:4180} INFO - Setting next_dagrun for spotify_data_ingestion_pipeline to 2024-11-01 00:00:00+00:00, run_after=2024-11-02 00:00:00+00:00
[2024-11-02T13:41:28.335+0000] {processor.py:208} INFO - Processing /opt/airflow/dags/data_ingestion.pipeline.py took 6.004 seconds
[2024-11-02T13:42:45.399+0000] {processor.py:186} INFO - Started process (PID=955) to work on /opt/airflow/dags/data_ingestion.pipeline.py
[2024-11-02T13:42:45.420+0000] {processor.py:914} INFO - Processing file /opt/airflow/dags/data_ingestion.pipeline.py for tasks to queue
[2024-11-02T13:42:45.433+0000] {logging_mixin.py:190} INFO - [2024-11-02T13:42:45.431+0000] {dagbag.py:588} INFO - Filling up the DagBag from /opt/airflow/dags/data_ingestion.pipeline.py
[2024-11-02T13:42:55.041+0000] {processor.py:925} INFO - DAG(s) 'spotify_data_ingestion_pipeline' retrieved from /opt/airflow/dags/data_ingestion.pipeline.py
[2024-11-02T13:42:55.952+0000] {logging_mixin.py:190} INFO - [2024-11-02T13:42:55.951+0000] {dag.py:3239} INFO - Sync 1 DAGs
[2024-11-02T13:42:56.690+0000] {logging_mixin.py:190} INFO - [2024-11-02T13:42:56.638+0000] {dag.py:4180} INFO - Setting next_dagrun for spotify_data_ingestion_pipeline to 2024-11-01 00:00:00+00:00, run_after=2024-11-02 00:00:00+00:00
[2024-11-02T13:42:56.921+0000] {processor.py:208} INFO - Processing /opt/airflow/dags/data_ingestion.pipeline.py took 11.629 seconds
[2024-11-02T13:44:27.540+0000] {processor.py:186} INFO - Started process (PID=1015) to work on /opt/airflow/dags/data_ingestion.pipeline.py
[2024-11-02T13:44:27.544+0000] {processor.py:914} INFO - Processing file /opt/airflow/dags/data_ingestion.pipeline.py for tasks to queue
[2024-11-02T13:44:27.554+0000] {logging_mixin.py:190} INFO - [2024-11-02T13:44:27.549+0000] {dagbag.py:588} INFO - Filling up the DagBag from /opt/airflow/dags/data_ingestion.pipeline.py
[2024-11-02T13:44:32.601+0000] {processor.py:925} INFO - DAG(s) 'spotify_data_ingestion_pipeline' retrieved from /opt/airflow/dags/data_ingestion.pipeline.py
[2024-11-02T13:44:33.023+0000] {logging_mixin.py:190} INFO - [2024-11-02T13:44:33.022+0000] {dag.py:3239} INFO - Sync 1 DAGs
[2024-11-02T13:44:33.356+0000] {logging_mixin.py:190} INFO - [2024-11-02T13:44:33.356+0000] {dag.py:4180} INFO - Setting next_dagrun for spotify_data_ingestion_pipeline to 2024-11-01 00:00:00+00:00, run_after=2024-11-02 00:00:00+00:00
[2024-11-02T13:44:33.660+0000] {processor.py:208} INFO - Processing /opt/airflow/dags/data_ingestion.pipeline.py took 6.190 seconds
[2024-11-02T13:45:20.097+0000] {processor.py:186} INFO - Started process (PID=1067) to work on /opt/airflow/dags/data_ingestion.pipeline.py
[2024-11-02T13:45:20.116+0000] {processor.py:914} INFO - Processing file /opt/airflow/dags/data_ingestion.pipeline.py for tasks to queue
[2024-11-02T13:45:20.169+0000] {logging_mixin.py:190} INFO - [2024-11-02T13:45:20.167+0000] {dagbag.py:588} INFO - Filling up the DagBag from /opt/airflow/dags/data_ingestion.pipeline.py
[2024-11-02T13:45:55.971+0000] {logging_mixin.py:190} INFO - [2024-11-02T13:45:52.603+0000] {timeout.py:68} ERROR - Process timed out, PID: 1067
[2024-11-02T13:46:06.080+0000] {logging_mixin.py:190} INFO - [2024-11-02T13:45:56.474+0000] {dagbag.py:387} ERROR - Failed to import: /opt/airflow/dags/data_ingestion.pipeline.py
Traceback (most recent call last):
  File "/home/airflow/.local/lib/python3.12/site-packages/airflow/models/dagbag.py", line 383, in parse
    loader.exec_module(new_module)
  File "<frozen importlib._bootstrap_external>", line 995, in exec_module
  File "<frozen importlib._bootstrap>", line 488, in _call_with_frames_removed
  File "/opt/airflow/dags/data_ingestion.pipeline.py", line 11, in <module>
    from dags.transform import transform
  File "/opt/airflow/dags/transform.py", line 1, in <module>
    from pyspark.sql import SparkSession
  File "/home/airflow/.local/lib/python3.12/site-packages/pyspark/__init__.py", line 148, in <module>
    from pyspark.sql import SQLContext, HiveContext, Row  # noqa: F401
    ^^^^^^^^^^^^^^^^^^^^^^^^^^^^^^^^^^^^^^^^^^^^^^^^^^^^
  File "/home/airflow/.local/lib/python3.12/site-packages/pyspark/sql/__init__.py", line 42, in <module>
    from pyspark.sql.types import Row
  File "/home/airflow/.local/lib/python3.12/site-packages/pyspark/sql/types.py", line 1923, in <module>
    name: Optional[str] = None,
          ~~~~~~~~^^^^^
  File "/usr/local/lib/python3.12/typing.py", line 392, in inner
    @functools.wraps(func)
    
  File "/home/airflow/.local/lib/python3.12/site-packages/airflow/utils/timeout.py", line 69, in handle_timeout
    raise AirflowTaskTimeout(self.error_message)
airflow.exceptions.AirflowTaskTimeout: DagBag import timeout for /opt/airflow/dags/data_ingestion.pipeline.py after 30.0s.
Please take a look at these docs to improve your DAG import time:
* https://airflow.apache.org/docs/apache-airflow/2.10.2/best-practices.html#top-level-python-code
* https://airflow.apache.org/docs/apache-airflow/2.10.2/best-practices.html#reducing-dag-complexity, PID: 1067
[2024-11-02T13:46:10.540+0000] {processor.py:927} WARNING - No viable dags retrieved from /opt/airflow/dags/data_ingestion.pipeline.py
[2024-11-02T13:48:57.979+0000] {processor.py:186} INFO - Started process (PID=1140) to work on /opt/airflow/dags/data_ingestion.pipeline.py
[2024-11-02T13:48:57.984+0000] {processor.py:914} INFO - Processing file /opt/airflow/dags/data_ingestion.pipeline.py for tasks to queue
[2024-11-02T13:48:57.995+0000] {logging_mixin.py:190} INFO - [2024-11-02T13:48:57.993+0000] {dagbag.py:588} INFO - Filling up the DagBag from /opt/airflow/dags/data_ingestion.pipeline.py
[2024-11-02T13:49:04.195+0000] {processor.py:925} INFO - DAG(s) 'spotify_data_ingestion_pipeline' retrieved from /opt/airflow/dags/data_ingestion.pipeline.py
[2024-11-02T13:49:06.379+0000] {logging_mixin.py:190} INFO - [2024-11-02T13:49:06.378+0000] {dag.py:3239} INFO - Sync 1 DAGs
[2024-11-02T13:49:07.166+0000] {logging_mixin.py:190} INFO - [2024-11-02T13:49:07.165+0000] {dag.py:4180} INFO - Setting next_dagrun for spotify_data_ingestion_pipeline to 2024-11-01 00:00:00+00:00, run_after=2024-11-02 00:00:00+00:00
[2024-11-02T13:49:07.965+0000] {processor.py:208} INFO - Processing /opt/airflow/dags/data_ingestion.pipeline.py took 10.282 seconds
[2024-11-02T13:50:04.842+0000] {processor.py:186} INFO - Started process (PID=1191) to work on /opt/airflow/dags/data_ingestion.pipeline.py
[2024-11-02T13:50:04.869+0000] {processor.py:914} INFO - Processing file /opt/airflow/dags/data_ingestion.pipeline.py for tasks to queue
[2024-11-02T13:50:04.898+0000] {logging_mixin.py:190} INFO - [2024-11-02T13:50:04.880+0000] {dagbag.py:588} INFO - Filling up the DagBag from /opt/airflow/dags/data_ingestion.pipeline.py
[2024-11-02T13:50:09.713+0000] {processor.py:925} INFO - DAG(s) 'spotify_data_ingestion_pipeline' retrieved from /opt/airflow/dags/data_ingestion.pipeline.py
[2024-11-02T13:50:10.347+0000] {logging_mixin.py:190} INFO - [2024-11-02T13:50:10.346+0000] {dag.py:3239} INFO - Sync 1 DAGs
[2024-11-02T13:50:11.028+0000] {logging_mixin.py:190} INFO - [2024-11-02T13:50:11.027+0000] {dag.py:4180} INFO - Setting next_dagrun for spotify_data_ingestion_pipeline to 2024-11-01 00:00:00+00:00, run_after=2024-11-02 00:00:00+00:00
[2024-11-02T13:50:11.349+0000] {processor.py:208} INFO - Processing /opt/airflow/dags/data_ingestion.pipeline.py took 6.606 seconds
[2024-11-02T13:50:59.341+0000] {processor.py:186} INFO - Started process (PID=1234) to work on /opt/airflow/dags/data_ingestion.pipeline.py
[2024-11-02T13:50:59.392+0000] {processor.py:914} INFO - Processing file /opt/airflow/dags/data_ingestion.pipeline.py for tasks to queue
[2024-11-02T13:50:59.397+0000] {logging_mixin.py:190} INFO - [2024-11-02T13:50:59.396+0000] {dagbag.py:588} INFO - Filling up the DagBag from /opt/airflow/dags/data_ingestion.pipeline.py
[2024-11-02T13:51:01.414+0000] {processor.py:925} INFO - DAG(s) 'spotify_data_ingestion_pipeline' retrieved from /opt/airflow/dags/data_ingestion.pipeline.py
[2024-11-02T13:51:01.630+0000] {logging_mixin.py:190} INFO - [2024-11-02T13:51:01.629+0000] {dag.py:3239} INFO - Sync 1 DAGs
[2024-11-02T13:51:02.202+0000] {logging_mixin.py:190} INFO - [2024-11-02T13:51:02.202+0000] {dag.py:4180} INFO - Setting next_dagrun for spotify_data_ingestion_pipeline to 2024-11-01 00:00:00+00:00, run_after=2024-11-02 00:00:00+00:00
[2024-11-02T13:51:03.247+0000] {processor.py:208} INFO - Processing /opt/airflow/dags/data_ingestion.pipeline.py took 4.066 seconds
[2024-11-02T13:53:19.652+0000] {processor.py:186} INFO - Started process (PID=1296) to work on /opt/airflow/dags/data_ingestion.pipeline.py
[2024-11-02T13:53:19.656+0000] {processor.py:914} INFO - Processing file /opt/airflow/dags/data_ingestion.pipeline.py for tasks to queue
[2024-11-02T13:53:19.681+0000] {logging_mixin.py:190} INFO - [2024-11-02T13:53:19.679+0000] {dagbag.py:588} INFO - Filling up the DagBag from /opt/airflow/dags/data_ingestion.pipeline.py
[2024-11-02T13:53:40.892+0000] {processor.py:925} INFO - DAG(s) 'spotify_data_ingestion_pipeline' retrieved from /opt/airflow/dags/data_ingestion.pipeline.py
[2024-11-02T13:53:41.161+0000] {logging_mixin.py:190} INFO - [2024-11-02T13:53:41.160+0000] {dag.py:3239} INFO - Sync 1 DAGs
[2024-11-02T13:53:43.058+0000] {logging_mixin.py:190} INFO - [2024-11-02T13:53:43.057+0000] {dag.py:4180} INFO - Setting next_dagrun for spotify_data_ingestion_pipeline to 2024-11-01 00:00:00+00:00, run_after=2024-11-02 00:00:00+00:00
[2024-11-02T13:53:43.531+0000] {processor.py:208} INFO - Processing /opt/airflow/dags/data_ingestion.pipeline.py took 24.144 seconds
[2024-11-02T13:54:48.565+0000] {processor.py:186} INFO - Started process (PID=1361) to work on /opt/airflow/dags/data_ingestion.pipeline.py
[2024-11-02T13:54:48.588+0000] {processor.py:914} INFO - Processing file /opt/airflow/dags/data_ingestion.pipeline.py for tasks to queue
[2024-11-02T13:54:48.602+0000] {logging_mixin.py:190} INFO - [2024-11-02T13:54:48.600+0000] {dagbag.py:588} INFO - Filling up the DagBag from /opt/airflow/dags/data_ingestion.pipeline.py
[2024-11-02T13:54:57.156+0000] {processor.py:925} INFO - DAG(s) 'spotify_data_ingestion_pipeline' retrieved from /opt/airflow/dags/data_ingestion.pipeline.py
[2024-11-02T13:54:57.524+0000] {logging_mixin.py:190} INFO - [2024-11-02T13:54:57.523+0000] {dag.py:3239} INFO - Sync 1 DAGs
[2024-11-02T13:54:58.216+0000] {logging_mixin.py:190} INFO - [2024-11-02T13:54:58.215+0000] {dag.py:4180} INFO - Setting next_dagrun for spotify_data_ingestion_pipeline to 2024-11-01 00:00:00+00:00, run_after=2024-11-02 00:00:00+00:00
[2024-11-02T13:54:58.547+0000] {processor.py:208} INFO - Processing /opt/airflow/dags/data_ingestion.pipeline.py took 10.062 seconds
[2024-11-02T13:55:40.038+0000] {processor.py:186} INFO - Started process (PID=1407) to work on /opt/airflow/dags/data_ingestion.pipeline.py
[2024-11-02T13:55:40.052+0000] {processor.py:914} INFO - Processing file /opt/airflow/dags/data_ingestion.pipeline.py for tasks to queue
[2024-11-02T13:55:40.076+0000] {logging_mixin.py:190} INFO - [2024-11-02T13:55:40.075+0000] {dagbag.py:588} INFO - Filling up the DagBag from /opt/airflow/dags/data_ingestion.pipeline.py
[2024-11-02T13:55:42.421+0000] {processor.py:925} INFO - DAG(s) 'spotify_data_ingestion_pipeline' retrieved from /opt/airflow/dags/data_ingestion.pipeline.py
[2024-11-02T13:55:42.659+0000] {logging_mixin.py:190} INFO - [2024-11-02T13:55:42.658+0000] {dag.py:3239} INFO - Sync 1 DAGs
[2024-11-02T13:55:42.901+0000] {logging_mixin.py:190} INFO - [2024-11-02T13:55:42.900+0000] {dag.py:4180} INFO - Setting next_dagrun for spotify_data_ingestion_pipeline to 2024-11-01 00:00:00+00:00, run_after=2024-11-02 00:00:00+00:00
[2024-11-02T13:55:43.446+0000] {processor.py:208} INFO - Processing /opt/airflow/dags/data_ingestion.pipeline.py took 3.495 seconds
[2024-11-02T13:56:56.171+0000] {processor.py:186} INFO - Started process (PID=1454) to work on /opt/airflow/dags/data_ingestion.pipeline.py
[2024-11-02T13:56:56.186+0000] {processor.py:914} INFO - Processing file /opt/airflow/dags/data_ingestion.pipeline.py for tasks to queue
[2024-11-02T13:56:56.205+0000] {logging_mixin.py:190} INFO - [2024-11-02T13:56:56.204+0000] {dagbag.py:588} INFO - Filling up the DagBag from /opt/airflow/dags/data_ingestion.pipeline.py
[2024-11-02T13:57:03.984+0000] {processor.py:925} INFO - DAG(s) 'spotify_data_ingestion_pipeline' retrieved from /opt/airflow/dags/data_ingestion.pipeline.py
[2024-11-02T13:57:05.259+0000] {logging_mixin.py:190} INFO - [2024-11-02T13:57:05.258+0000] {dag.py:3239} INFO - Sync 1 DAGs
[2024-11-02T13:57:05.900+0000] {logging_mixin.py:190} INFO - [2024-11-02T13:57:05.900+0000] {dag.py:4180} INFO - Setting next_dagrun for spotify_data_ingestion_pipeline to 2024-11-01 00:00:00+00:00, run_after=2024-11-02 00:00:00+00:00
[2024-11-02T13:57:06.531+0000] {processor.py:208} INFO - Processing /opt/airflow/dags/data_ingestion.pipeline.py took 10.490 seconds
[2024-11-02T13:58:26.496+0000] {processor.py:186} INFO - Started process (PID=1515) to work on /opt/airflow/dags/data_ingestion.pipeline.py
[2024-11-02T13:58:26.542+0000] {processor.py:914} INFO - Processing file /opt/airflow/dags/data_ingestion.pipeline.py for tasks to queue
[2024-11-02T13:58:26.555+0000] {logging_mixin.py:190} INFO - [2024-11-02T13:58:26.554+0000] {dagbag.py:588} INFO - Filling up the DagBag from /opt/airflow/dags/data_ingestion.pipeline.py
[2024-11-02T13:58:45.775+0000] {processor.py:925} INFO - DAG(s) 'spotify_data_ingestion_pipeline' retrieved from /opt/airflow/dags/data_ingestion.pipeline.py
[2024-11-02T13:58:47.151+0000] {logging_mixin.py:190} INFO - [2024-11-02T13:58:47.150+0000] {dag.py:3239} INFO - Sync 1 DAGs
[2024-11-02T13:58:49.861+0000] {logging_mixin.py:190} INFO - [2024-11-02T13:58:49.860+0000] {dag.py:4180} INFO - Setting next_dagrun for spotify_data_ingestion_pipeline to 2024-11-01 00:00:00+00:00, run_after=2024-11-02 00:00:00+00:00
[2024-11-02T13:58:50.504+0000] {processor.py:208} INFO - Processing /opt/airflow/dags/data_ingestion.pipeline.py took 24.069 seconds
[2024-11-02T14:00:35.616+0000] {processor.py:186} INFO - Started process (PID=1578) to work on /opt/airflow/dags/data_ingestion.pipeline.py
[2024-11-02T14:00:35.671+0000] {processor.py:914} INFO - Processing file /opt/airflow/dags/data_ingestion.pipeline.py for tasks to queue
[2024-11-02T14:00:35.712+0000] {logging_mixin.py:190} INFO - [2024-11-02T14:00:35.678+0000] {dagbag.py:588} INFO - Filling up the DagBag from /opt/airflow/dags/data_ingestion.pipeline.py
[2024-11-02T14:00:44.438+0000] {processor.py:925} INFO - DAG(s) 'spotify_data_ingestion_pipeline' retrieved from /opt/airflow/dags/data_ingestion.pipeline.py
[2024-11-02T14:00:45.171+0000] {logging_mixin.py:190} INFO - [2024-11-02T14:00:45.170+0000] {dag.py:3239} INFO - Sync 1 DAGs
[2024-11-02T14:00:45.987+0000] {logging_mixin.py:190} INFO - [2024-11-02T14:00:45.986+0000] {dag.py:4180} INFO - Setting next_dagrun for spotify_data_ingestion_pipeline to 2024-11-01 00:00:00+00:00, run_after=2024-11-02 00:00:00+00:00
[2024-11-02T14:00:46.809+0000] {processor.py:208} INFO - Processing /opt/airflow/dags/data_ingestion.pipeline.py took 11.689 seconds
[2024-11-02T14:02:01.276+0000] {processor.py:186} INFO - Started process (PID=1633) to work on /opt/airflow/dags/data_ingestion.pipeline.py
[2024-11-02T14:02:01.292+0000] {processor.py:914} INFO - Processing file /opt/airflow/dags/data_ingestion.pipeline.py for tasks to queue
[2024-11-02T14:02:01.295+0000] {logging_mixin.py:190} INFO - [2024-11-02T14:02:01.294+0000] {dagbag.py:588} INFO - Filling up the DagBag from /opt/airflow/dags/data_ingestion.pipeline.py
[2024-11-02T14:02:07.549+0000] {processor.py:925} INFO - DAG(s) 'spotify_data_ingestion_pipeline' retrieved from /opt/airflow/dags/data_ingestion.pipeline.py
[2024-11-02T14:02:08.032+0000] {logging_mixin.py:190} INFO - [2024-11-02T14:02:08.030+0000] {dag.py:3239} INFO - Sync 1 DAGs
[2024-11-02T14:02:09.345+0000] {logging_mixin.py:190} INFO - [2024-11-02T14:02:09.343+0000] {dag.py:4180} INFO - Setting next_dagrun for spotify_data_ingestion_pipeline to 2024-11-01 00:00:00+00:00, run_after=2024-11-02 00:00:00+00:00
[2024-11-02T14:02:09.721+0000] {processor.py:208} INFO - Processing /opt/airflow/dags/data_ingestion.pipeline.py took 8.558 seconds
[2024-11-02T14:03:30.198+0000] {processor.py:186} INFO - Started process (PID=1693) to work on /opt/airflow/dags/data_ingestion.pipeline.py
[2024-11-02T14:03:30.386+0000] {processor.py:914} INFO - Processing file /opt/airflow/dags/data_ingestion.pipeline.py for tasks to queue
[2024-11-02T14:03:30.420+0000] {logging_mixin.py:190} INFO - [2024-11-02T14:03:30.406+0000] {dagbag.py:588} INFO - Filling up the DagBag from /opt/airflow/dags/data_ingestion.pipeline.py
[2024-11-02T14:03:43.738+0000] {processor.py:925} INFO - DAG(s) 'spotify_data_ingestion_pipeline' retrieved from /opt/airflow/dags/data_ingestion.pipeline.py
[2024-11-02T14:03:44.133+0000] {logging_mixin.py:190} INFO - [2024-11-02T14:03:44.132+0000] {dag.py:3239} INFO - Sync 1 DAGs
[2024-11-02T14:03:46.902+0000] {logging_mixin.py:190} INFO - [2024-11-02T14:03:46.900+0000] {dag.py:4180} INFO - Setting next_dagrun for spotify_data_ingestion_pipeline to 2024-11-01 00:00:00+00:00, run_after=2024-11-02 00:00:00+00:00
[2024-11-02T14:03:48.765+0000] {processor.py:208} INFO - Processing /opt/airflow/dags/data_ingestion.pipeline.py took 18.973 seconds
[2024-11-02T14:11:35.152+0000] {processor.py:186} INFO - Started process (PID=1809) to work on /opt/airflow/dags/data_ingestion.pipeline.py
[2024-11-02T14:11:35.178+0000] {processor.py:914} INFO - Processing file /opt/airflow/dags/data_ingestion.pipeline.py for tasks to queue
[2024-11-02T14:11:35.186+0000] {logging_mixin.py:190} INFO - [2024-11-02T14:11:35.185+0000] {dagbag.py:588} INFO - Filling up the DagBag from /opt/airflow/dags/data_ingestion.pipeline.py
[2024-11-02T14:12:06.695+0000] {logging_mixin.py:190} INFO - [2024-11-02T14:12:06.616+0000] {timeout.py:68} ERROR - Process timed out, PID: 1809
[2024-11-02T14:12:08.497+0000] {logging_mixin.py:190} INFO - [2024-11-02T14:12:06.903+0000] {dagbag.py:387} ERROR - Failed to import: /opt/airflow/dags/data_ingestion.pipeline.py
Traceback (most recent call last):
  File "/home/airflow/.local/lib/python3.12/site-packages/airflow/models/dagbag.py", line 383, in parse
    loader.exec_module(new_module)
  File "<frozen importlib._bootstrap_external>", line 995, in exec_module
  File "<frozen importlib._bootstrap>", line 488, in _call_with_frames_removed
  File "/opt/airflow/dags/data_ingestion.pipeline.py", line 11, in <module>
    from dags.transform import transform
  File "/opt/airflow/dags/transform.py", line 1, in <module>
    from pyspark.sql import SparkSession
  File "/home/airflow/.local/lib/python3.12/site-packages/pyspark/__init__.py", line 148, in <module>
    from pyspark.sql import SQLContext, HiveContext, Row  # noqa: F401
    ^^^^^^^^^^^^^^^^^^^^^^^^^^^^^^^^^^^^^^^^^^^^^^^^^^^^
  File "/home/airflow/.local/lib/python3.12/site-packages/pyspark/sql/__init__.py", line 43, in <module>
    from pyspark.sql.context import SQLContext, HiveContext, UDFRegistration, UDTFRegistration
  File "/home/airflow/.local/lib/python3.12/site-packages/pyspark/sql/context.py", line 39, in <module>
    from pyspark.sql.session import _monkey_patch_RDD, SparkSession
  File "/home/airflow/.local/lib/python3.12/site-packages/pyspark/sql/session.py", line 48, in <module>
    from pyspark.sql.functions import lit
  File "/home/airflow/.local/lib/python3.12/site-packages/pyspark/sql/functions.py", line 10745, in <module>
    str: "ColumnOrName", pattern: "ColumnOrName", escapeChar: Optional["Column"] = None
                                                              ~~~~~~~~^^^^^^^^^^
  File "/usr/local/lib/python3.12/typing.py", line 395, in inner
    return _caches[func](*args, **kwds)
           ^^^^^^^^^^^^^^^^^^^^^^^^^^^^
  File "/usr/local/lib/python3.12/typing.py", line 517, in __getitem__
    return self._getitem(self, parameters)
           ^^^^^^^^^^^^^^^^^^^^^^^^^^^^^^^
  File "/usr/local/lib/python3.12/typing.py", line 750, in Optional
    arg = _type_check(parameters, f"{self} requires a single type.")
          ^^^^^^^^^^^^^^^^^^^^^^^^^^^^^^^^^^^^^^^^^^^^^^^^^^^^^^^^^^
  File "/usr/local/lib/python3.12/typing.py", line 193, in _type_check
    arg = _type_convert(arg, module=module, allow_special_forms=allow_special_forms)
          ^^^^^^^^^^^^^^^^^^^^^^^^^^^^^^^^^^^^^^^^^^^^^^^^^^^^^^^^^^^^^^^^^^^^^^^^^^
  File "/usr/local/lib/python3.12/typing.py", line 171, in _type_convert
    return ForwardRef(arg, module=module, is_class=allow_special_forms)
           ^^^^^^^^^^^^^^^^^^^^^^^^^^^^^^^^^^^^^^^^^^^^^^^^^^^^^^^^^^^^
  File "/usr/local/lib/python3.12/typing.py", line 904, in __init__
    code = compile(arg_to_compile, '<string>', 'eval')
           ^^^^^^^^^^^^^^^^^^^^^^^^^^^^^^^^^^^^^^^^^^^
  File "/home/airflow/.local/lib/python3.12/site-packages/airflow/utils/timeout.py", line 69, in handle_timeout
    raise AirflowTaskTimeout(self.error_message)
airflow.exceptions.AirflowTaskTimeout: DagBag import timeout for /opt/airflow/dags/data_ingestion.pipeline.py after 30.0s.
Please take a look at these docs to improve your DAG import time:
* https://airflow.apache.org/docs/apache-airflow/2.10.2/best-practices.html#top-level-python-code
* https://airflow.apache.org/docs/apache-airflow/2.10.2/best-practices.html#reducing-dag-complexity, PID: 1809
[2024-11-02T14:12:08.661+0000] {processor.py:927} WARNING - No viable dags retrieved from /opt/airflow/dags/data_ingestion.pipeline.py
[2024-11-02T14:12:12.215+0000] {processor.py:208} INFO - Processing /opt/airflow/dags/data_ingestion.pipeline.py took 37.148 seconds
[2024-11-02T14:19:03.826+0000] {processor.py:186} INFO - Started process (PID=1943) to work on /opt/airflow/dags/data_ingestion.pipeline.py
[2024-11-02T14:19:04.123+0000] {processor.py:914} INFO - Processing file /opt/airflow/dags/data_ingestion.pipeline.py for tasks to queue
[2024-11-02T14:19:04.673+0000] {logging_mixin.py:190} INFO - [2024-11-02T14:19:04.452+0000] {dagbag.py:588} INFO - Filling up the DagBag from /opt/airflow/dags/data_ingestion.pipeline.py
[2024-11-02T14:19:36.064+0000] {logging_mixin.py:190} INFO - [2024-11-02T14:19:36.014+0000] {timeout.py:68} ERROR - Process timed out, PID: 1943
[2024-11-02T14:19:37.170+0000] {logging_mixin.py:190} INFO - [2024-11-02T14:19:36.068+0000] {dagbag.py:387} ERROR - Failed to import: /opt/airflow/dags/data_ingestion.pipeline.py
Traceback (most recent call last):
  File "/home/airflow/.local/lib/python3.12/site-packages/airflow/models/dagbag.py", line 383, in parse
    loader.exec_module(new_module)
  File "<frozen importlib._bootstrap_external>", line 995, in exec_module
  File "<frozen importlib._bootstrap>", line 488, in _call_with_frames_removed
  File "/opt/airflow/dags/data_ingestion.pipeline.py", line 11, in <module>
    from dags.transform import transform
  File "/opt/airflow/dags/transform.py", line 1, in <module>
    from pyspark.sql import SparkSession
  File "/home/airflow/.local/lib/python3.12/site-packages/pyspark/__init__.py", line 148, in <module>
    from pyspark.sql import SQLContext, HiveContext, Row  # noqa: F401
    ^^^^^^^^^^^^^^^^^^^^^^^^^^^^^^^^^^^^^^^^^^^^^^^^^^^^
  File "/home/airflow/.local/lib/python3.12/site-packages/pyspark/sql/__init__.py", line 49, in <module>
    from pyspark.sql.observation import Observation
  File "<frozen importlib._bootstrap>", line 1360, in _find_and_load
  File "<frozen importlib._bootstrap>", line 1322, in _find_and_load_unlocked
  File "<frozen importlib._bootstrap>", line 1262, in _find_spec
  File "<frozen importlib._bootstrap_external>", line 1528, in find_spec
  File "<frozen importlib._bootstrap_external>", line 1502, in _get_spec
  File "<frozen importlib._bootstrap_external>", line 1634, in find_spec
  File "<frozen importlib._bootstrap_external>", line 161, in _path_isfile
  File "<frozen importlib._bootstrap_external>", line 153, in _path_is_mode_type
  File "<frozen importlib._bootstrap_external>", line 147, in _path_stat
  File "/home/airflow/.local/lib/python3.12/site-packages/airflow/utils/timeout.py", line 69, in handle_timeout
    raise AirflowTaskTimeout(self.error_message)
airflow.exceptions.AirflowTaskTimeout: DagBag import timeout for /opt/airflow/dags/data_ingestion.pipeline.py after 30.0s.
Please take a look at these docs to improve your DAG import time:
* https://airflow.apache.org/docs/apache-airflow/2.10.2/best-practices.html#top-level-python-code
* https://airflow.apache.org/docs/apache-airflow/2.10.2/best-practices.html#reducing-dag-complexity, PID: 1943
[2024-11-02T14:19:37.211+0000] {processor.py:927} WARNING - No viable dags retrieved from /opt/airflow/dags/data_ingestion.pipeline.py
[2024-11-02T14:19:43.619+0000] {processor.py:208} INFO - Processing /opt/airflow/dags/data_ingestion.pipeline.py took 41.352 seconds
[2024-11-02T14:24:08.583+0000] {processor.py:186} INFO - Started process (PID=2044) to work on /opt/airflow/dags/data_ingestion.pipeline.py
[2024-11-02T14:24:08.588+0000] {processor.py:914} INFO - Processing file /opt/airflow/dags/data_ingestion.pipeline.py for tasks to queue
[2024-11-02T14:24:08.602+0000] {logging_mixin.py:190} INFO - [2024-11-02T14:24:08.600+0000] {dagbag.py:588} INFO - Filling up the DagBag from /opt/airflow/dags/data_ingestion.pipeline.py
[2024-11-02T14:24:27.402+0000] {processor.py:925} INFO - DAG(s) 'spotify_data_ingestion_pipeline' retrieved from /opt/airflow/dags/data_ingestion.pipeline.py
[2024-11-02T14:24:39.591+0000] {logging_mixin.py:190} INFO - [2024-11-02T14:24:39.590+0000] {dag.py:3239} INFO - Sync 1 DAGs
[2024-11-02T14:29:13.171+0000] {processor.py:186} INFO - Started process (PID=2133) to work on /opt/airflow/dags/data_ingestion.pipeline.py
[2024-11-02T14:29:13.358+0000] {processor.py:914} INFO - Processing file /opt/airflow/dags/data_ingestion.pipeline.py for tasks to queue
[2024-11-02T14:29:13.418+0000] {logging_mixin.py:190} INFO - [2024-11-02T14:29:13.417+0000] {dagbag.py:588} INFO - Filling up the DagBag from /opt/airflow/dags/data_ingestion.pipeline.py
[2024-11-02T14:29:29.279+0000] {processor.py:925} INFO - DAG(s) 'spotify_data_ingestion_pipeline' retrieved from /opt/airflow/dags/data_ingestion.pipeline.py
[2024-11-02T14:34:52.917+0000] {processor.py:186} INFO - Started process (PID=2240) to work on /opt/airflow/dags/data_ingestion.pipeline.py
[2024-11-02T14:34:52.964+0000] {processor.py:914} INFO - Processing file /opt/airflow/dags/data_ingestion.pipeline.py for tasks to queue
[2024-11-02T14:34:53.135+0000] {logging_mixin.py:190} INFO - [2024-11-02T14:34:53.098+0000] {dagbag.py:588} INFO - Filling up the DagBag from /opt/airflow/dags/data_ingestion.pipeline.py
[2024-11-02T14:35:05.783+0000] {processor.py:925} INFO - DAG(s) 'spotify_data_ingestion_pipeline' retrieved from /opt/airflow/dags/data_ingestion.pipeline.py
[2024-11-02T14:43:07.738+0000] {processor.py:186} INFO - Started process (PID=2376) to work on /opt/airflow/dags/data_ingestion.pipeline.py
[2024-11-02T14:43:07.810+0000] {processor.py:914} INFO - Processing file /opt/airflow/dags/data_ingestion.pipeline.py for tasks to queue
[2024-11-02T14:43:07.884+0000] {logging_mixin.py:190} INFO - [2024-11-02T14:43:07.828+0000] {dagbag.py:588} INFO - Filling up the DagBag from /opt/airflow/dags/data_ingestion.pipeline.py
[2024-11-02T14:43:21.208+0000] {processor.py:925} INFO - DAG(s) 'spotify_data_ingestion_pipeline' retrieved from /opt/airflow/dags/data_ingestion.pipeline.py
[2024-11-02T14:49:58.771+0000] {processor.py:186} INFO - Started process (PID=2491) to work on /opt/airflow/dags/data_ingestion.pipeline.py
[2024-11-02T14:49:58.787+0000] {processor.py:914} INFO - Processing file /opt/airflow/dags/data_ingestion.pipeline.py for tasks to queue
[2024-11-02T14:49:58.794+0000] {logging_mixin.py:190} INFO - [2024-11-02T14:49:58.792+0000] {dagbag.py:588} INFO - Filling up the DagBag from /opt/airflow/dags/data_ingestion.pipeline.py
[2024-11-02T14:50:08.082+0000] {processor.py:925} INFO - DAG(s) 'spotify_data_ingestion_pipeline' retrieved from /opt/airflow/dags/data_ingestion.pipeline.py
[2024-11-02T14:54:06.563+0000] {processor.py:186} INFO - Started process (PID=2592) to work on /opt/airflow/dags/data_ingestion.pipeline.py
[2024-11-02T14:54:06.784+0000] {processor.py:914} INFO - Processing file /opt/airflow/dags/data_ingestion.pipeline.py for tasks to queue
[2024-11-02T14:54:06.899+0000] {logging_mixin.py:190} INFO - [2024-11-02T14:54:06.886+0000] {dagbag.py:588} INFO - Filling up the DagBag from /opt/airflow/dags/data_ingestion.pipeline.py
[2024-11-02T14:54:21.222+0000] {processor.py:925} INFO - DAG(s) 'spotify_data_ingestion_pipeline' retrieved from /opt/airflow/dags/data_ingestion.pipeline.py
[2024-11-02T14:59:54.326+0000] {processor.py:186} INFO - Started process (PID=2690) to work on /opt/airflow/dags/data_ingestion.pipeline.py
[2024-11-02T14:59:54.371+0000] {processor.py:914} INFO - Processing file /opt/airflow/dags/data_ingestion.pipeline.py for tasks to queue
[2024-11-02T14:59:54.454+0000] {logging_mixin.py:190} INFO - [2024-11-02T14:59:54.393+0000] {dagbag.py:588} INFO - Filling up the DagBag from /opt/airflow/dags/data_ingestion.pipeline.py
[2024-11-02T15:00:14.854+0000] {processor.py:925} INFO - DAG(s) 'spotify_data_ingestion_pipeline' retrieved from /opt/airflow/dags/data_ingestion.pipeline.py
[2024-11-02T15:04:40.586+0000] {processor.py:186} INFO - Started process (PID=2771) to work on /opt/airflow/dags/data_ingestion.pipeline.py
[2024-11-02T15:04:40.615+0000] {processor.py:914} INFO - Processing file /opt/airflow/dags/data_ingestion.pipeline.py for tasks to queue
[2024-11-02T15:04:40.691+0000] {logging_mixin.py:190} INFO - [2024-11-02T15:04:40.688+0000] {dagbag.py:588} INFO - Filling up the DagBag from /opt/airflow/dags/data_ingestion.pipeline.py
[2024-11-02T15:04:50.058+0000] {processor.py:925} INFO - DAG(s) 'spotify_data_ingestion_pipeline' retrieved from /opt/airflow/dags/data_ingestion.pipeline.py
[2024-11-02T15:04:59.749+0000] {logging_mixin.py:190} INFO - [2024-11-02T15:04:59.695+0000] {dag.py:3239} INFO - Sync 1 DAGs
[2024-11-02T15:05:01.571+0000] {logging_mixin.py:190} INFO - [2024-11-02T15:05:01.569+0000] {dag.py:4180} INFO - Setting next_dagrun for spotify_data_ingestion_pipeline to 2024-11-01 00:00:00+00:00, run_after=2024-11-02 00:00:00+00:00
[2024-11-02T15:05:02.706+0000] {processor.py:208} INFO - Processing /opt/airflow/dags/data_ingestion.pipeline.py took 22.309 seconds
[2024-11-02T15:08:56.603+0000] {processor.py:186} INFO - Started process (PID=2879) to work on /opt/airflow/dags/data_ingestion.pipeline.py
[2024-11-02T15:08:56.643+0000] {processor.py:914} INFO - Processing file /opt/airflow/dags/data_ingestion.pipeline.py for tasks to queue
[2024-11-02T15:08:56.733+0000] {logging_mixin.py:190} INFO - [2024-11-02T15:08:56.730+0000] {dagbag.py:588} INFO - Filling up the DagBag from /opt/airflow/dags/data_ingestion.pipeline.py
[2024-11-02T15:09:08.211+0000] {processor.py:925} INFO - DAG(s) 'spotify_data_ingestion_pipeline' retrieved from /opt/airflow/dags/data_ingestion.pipeline.py
[2024-11-02T15:09:09.752+0000] {logging_mixin.py:190} INFO - [2024-11-02T15:09:09.749+0000] {dag.py:3239} INFO - Sync 1 DAGs
[2024-11-02T15:09:10.122+0000] {logging_mixin.py:190} INFO - [2024-11-02T15:09:10.101+0000] {dag.py:4180} INFO - Setting next_dagrun for spotify_data_ingestion_pipeline to 2024-11-01 00:00:00+00:00, run_after=2024-11-02 00:00:00+00:00
[2024-11-02T15:09:10.628+0000] {processor.py:208} INFO - Processing /opt/airflow/dags/data_ingestion.pipeline.py took 14.295 seconds
[2024-11-02T15:11:18.806+0000] {processor.py:186} INFO - Started process (PID=2947) to work on /opt/airflow/dags/data_ingestion.pipeline.py
[2024-11-02T15:11:18.816+0000] {processor.py:914} INFO - Processing file /opt/airflow/dags/data_ingestion.pipeline.py for tasks to queue
[2024-11-02T15:11:18.891+0000] {logging_mixin.py:190} INFO - [2024-11-02T15:11:18.889+0000] {dagbag.py:588} INFO - Filling up the DagBag from /opt/airflow/dags/data_ingestion.pipeline.py
[2024-11-02T15:11:23.964+0000] {processor.py:925} INFO - DAG(s) 'spotify_data_ingestion_pipeline' retrieved from /opt/airflow/dags/data_ingestion.pipeline.py
[2024-11-02T15:11:25.178+0000] {logging_mixin.py:190} INFO - [2024-11-02T15:11:25.177+0000] {dag.py:3239} INFO - Sync 1 DAGs
[2024-11-02T15:11:25.967+0000] {logging_mixin.py:190} INFO - [2024-11-02T15:11:25.965+0000] {dag.py:4180} INFO - Setting next_dagrun for spotify_data_ingestion_pipeline to 2024-11-01 00:00:00+00:00, run_after=2024-11-02 00:00:00+00:00
[2024-11-02T15:11:26.708+0000] {processor.py:208} INFO - Processing /opt/airflow/dags/data_ingestion.pipeline.py took 8.091 seconds
[2024-11-02T15:13:16.434+0000] {processor.py:186} INFO - Started process (PID=3016) to work on /opt/airflow/dags/data_ingestion.pipeline.py
[2024-11-02T15:13:16.503+0000] {processor.py:914} INFO - Processing file /opt/airflow/dags/data_ingestion.pipeline.py for tasks to queue
[2024-11-02T15:13:16.605+0000] {logging_mixin.py:190} INFO - [2024-11-02T15:13:16.594+0000] {dagbag.py:588} INFO - Filling up the DagBag from /opt/airflow/dags/data_ingestion.pipeline.py
[2024-11-02T15:13:25.506+0000] {processor.py:925} INFO - DAG(s) 'spotify_data_ingestion_pipeline' retrieved from /opt/airflow/dags/data_ingestion.pipeline.py
[2024-11-02T15:13:26.038+0000] {logging_mixin.py:190} INFO - [2024-11-02T15:13:26.037+0000] {dag.py:3239} INFO - Sync 1 DAGs
[2024-11-02T15:13:26.431+0000] {logging_mixin.py:190} INFO - [2024-11-02T15:13:26.429+0000] {dag.py:4180} INFO - Setting next_dagrun for spotify_data_ingestion_pipeline to 2024-11-01 00:00:00+00:00, run_after=2024-11-02 00:00:00+00:00
[2024-11-02T15:13:26.821+0000] {processor.py:208} INFO - Processing /opt/airflow/dags/data_ingestion.pipeline.py took 10.952 seconds
[2024-11-02T15:15:12.514+0000] {processor.py:186} INFO - Started process (PID=3085) to work on /opt/airflow/dags/data_ingestion.pipeline.py
[2024-11-02T15:15:12.578+0000] {processor.py:914} INFO - Processing file /opt/airflow/dags/data_ingestion.pipeline.py for tasks to queue
[2024-11-02T15:15:12.679+0000] {logging_mixin.py:190} INFO - [2024-11-02T15:15:12.678+0000] {dagbag.py:588} INFO - Filling up the DagBag from /opt/airflow/dags/data_ingestion.pipeline.py
[2024-11-02T15:15:18.709+0000] {processor.py:925} INFO - DAG(s) 'spotify_data_ingestion_pipeline' retrieved from /opt/airflow/dags/data_ingestion.pipeline.py
[2024-11-02T15:15:21.083+0000] {logging_mixin.py:190} INFO - [2024-11-02T15:15:21.040+0000] {dag.py:3239} INFO - Sync 1 DAGs
[2024-11-02T15:15:22.642+0000] {logging_mixin.py:190} INFO - [2024-11-02T15:15:22.640+0000] {dag.py:4180} INFO - Setting next_dagrun for spotify_data_ingestion_pipeline to 2024-11-01 00:00:00+00:00, run_after=2024-11-02 00:00:00+00:00
[2024-11-02T15:15:23.494+0000] {processor.py:208} INFO - Processing /opt/airflow/dags/data_ingestion.pipeline.py took 11.347 seconds
[2024-11-02T15:18:30.288+0000] {processor.py:186} INFO - Started process (PID=3168) to work on /opt/airflow/dags/data_ingestion.pipeline.py
[2024-11-02T15:18:30.405+0000] {processor.py:914} INFO - Processing file /opt/airflow/dags/data_ingestion.pipeline.py for tasks to queue
[2024-11-02T15:18:30.566+0000] {logging_mixin.py:190} INFO - [2024-11-02T15:18:30.499+0000] {dagbag.py:588} INFO - Filling up the DagBag from /opt/airflow/dags/data_ingestion.pipeline.py
[2024-11-02T15:18:43.363+0000] {processor.py:925} INFO - DAG(s) 'spotify_data_ingestion_pipeline' retrieved from /opt/airflow/dags/data_ingestion.pipeline.py
[2024-11-02T15:18:44.257+0000] {logging_mixin.py:190} INFO - [2024-11-02T15:18:44.256+0000] {dag.py:3239} INFO - Sync 1 DAGs
[2024-11-02T15:18:45.750+0000] {logging_mixin.py:190} INFO - [2024-11-02T15:18:45.749+0000] {dag.py:4180} INFO - Setting next_dagrun for spotify_data_ingestion_pipeline to 2024-11-01 00:00:00+00:00, run_after=2024-11-02 00:00:00+00:00
[2024-11-02T15:18:46.369+0000] {processor.py:208} INFO - Processing /opt/airflow/dags/data_ingestion.pipeline.py took 16.275 seconds
[2024-11-02T15:20:34.836+0000] {processor.py:186} INFO - Started process (PID=3239) to work on /opt/airflow/dags/data_ingestion.pipeline.py
[2024-11-02T15:20:34.840+0000] {processor.py:914} INFO - Processing file /opt/airflow/dags/data_ingestion.pipeline.py for tasks to queue
[2024-11-02T15:20:34.872+0000] {logging_mixin.py:190} INFO - [2024-11-02T15:20:34.871+0000] {dagbag.py:588} INFO - Filling up the DagBag from /opt/airflow/dags/data_ingestion.pipeline.py
[2024-11-02T15:20:37.457+0000] {processor.py:925} INFO - DAG(s) 'spotify_data_ingestion_pipeline' retrieved from /opt/airflow/dags/data_ingestion.pipeline.py
[2024-11-02T15:20:37.720+0000] {logging_mixin.py:190} INFO - [2024-11-02T15:20:37.720+0000] {dag.py:3239} INFO - Sync 1 DAGs
[2024-11-02T15:20:37.817+0000] {logging_mixin.py:190} INFO - [2024-11-02T15:20:37.816+0000] {dag.py:4180} INFO - Setting next_dagrun for spotify_data_ingestion_pipeline to 2024-11-01 00:00:00+00:00, run_after=2024-11-02 00:00:00+00:00
[2024-11-02T15:20:37.879+0000] {processor.py:208} INFO - Processing /opt/airflow/dags/data_ingestion.pipeline.py took 3.091 seconds
[2024-11-02T15:22:00.399+0000] {processor.py:186} INFO - Started process (PID=3280) to work on /opt/airflow/dags/data_ingestion.pipeline.py
[2024-11-02T15:22:00.559+0000] {processor.py:914} INFO - Processing file /opt/airflow/dags/data_ingestion.pipeline.py for tasks to queue
[2024-11-02T15:22:00.702+0000] {logging_mixin.py:190} INFO - [2024-11-02T15:22:00.700+0000] {dagbag.py:588} INFO - Filling up the DagBag from /opt/airflow/dags/data_ingestion.pipeline.py
[2024-11-02T15:22:11.416+0000] {processor.py:925} INFO - DAG(s) 'spotify_data_ingestion_pipeline' retrieved from /opt/airflow/dags/data_ingestion.pipeline.py
[2024-11-02T15:22:12.193+0000] {logging_mixin.py:190} INFO - [2024-11-02T15:22:12.192+0000] {dag.py:3239} INFO - Sync 1 DAGs
[2024-11-02T15:22:12.700+0000] {logging_mixin.py:190} INFO - [2024-11-02T15:22:12.699+0000] {dag.py:4180} INFO - Setting next_dagrun for spotify_data_ingestion_pipeline to 2024-11-01 00:00:00+00:00, run_after=2024-11-02 00:00:00+00:00
[2024-11-02T15:22:13.023+0000] {processor.py:208} INFO - Processing /opt/airflow/dags/data_ingestion.pipeline.py took 12.757 seconds
[2024-11-02T15:23:36.980+0000] {processor.py:186} INFO - Started process (PID=3351) to work on /opt/airflow/dags/data_ingestion.pipeline.py
[2024-11-02T15:23:36.992+0000] {processor.py:914} INFO - Processing file /opt/airflow/dags/data_ingestion.pipeline.py for tasks to queue
[2024-11-02T15:23:37.008+0000] {logging_mixin.py:190} INFO - [2024-11-02T15:23:37.007+0000] {dagbag.py:588} INFO - Filling up the DagBag from /opt/airflow/dags/data_ingestion.pipeline.py
[2024-11-02T15:23:43.365+0000] {processor.py:925} INFO - DAG(s) 'spotify_data_ingestion_pipeline' retrieved from /opt/airflow/dags/data_ingestion.pipeline.py
[2024-11-02T15:23:43.833+0000] {logging_mixin.py:190} INFO - [2024-11-02T15:23:43.831+0000] {dag.py:3239} INFO - Sync 1 DAGs
[2024-11-02T15:23:44.812+0000] {logging_mixin.py:190} INFO - [2024-11-02T15:23:44.732+0000] {dag.py:4180} INFO - Setting next_dagrun for spotify_data_ingestion_pipeline to 2024-11-01 00:00:00+00:00, run_after=2024-11-02 00:00:00+00:00
[2024-11-02T15:23:45.304+0000] {processor.py:208} INFO - Processing /opt/airflow/dags/data_ingestion.pipeline.py took 8.481 seconds
[2024-11-02T15:25:17.206+0000] {processor.py:186} INFO - Started process (PID=3406) to work on /opt/airflow/dags/data_ingestion.pipeline.py
[2024-11-02T15:25:17.323+0000] {processor.py:914} INFO - Processing file /opt/airflow/dags/data_ingestion.pipeline.py for tasks to queue
[2024-11-02T15:25:17.339+0000] {logging_mixin.py:190} INFO - [2024-11-02T15:25:17.329+0000] {dagbag.py:588} INFO - Filling up the DagBag from /opt/airflow/dags/data_ingestion.pipeline.py
[2024-11-02T15:25:23.426+0000] {processor.py:925} INFO - DAG(s) 'spotify_data_ingestion_pipeline' retrieved from /opt/airflow/dags/data_ingestion.pipeline.py
[2024-11-02T15:25:24.058+0000] {logging_mixin.py:190} INFO - [2024-11-02T15:25:24.057+0000] {dag.py:3239} INFO - Sync 1 DAGs
[2024-11-02T15:25:24.628+0000] {logging_mixin.py:190} INFO - [2024-11-02T15:25:24.628+0000] {dag.py:4180} INFO - Setting next_dagrun for spotify_data_ingestion_pipeline to 2024-11-01 00:00:00+00:00, run_after=2024-11-02 00:00:00+00:00
[2024-11-02T15:25:24.887+0000] {processor.py:208} INFO - Processing /opt/airflow/dags/data_ingestion.pipeline.py took 7.704 seconds
[2024-11-02T15:30:22.704+0000] {processor.py:186} INFO - Started process (PID=3489) to work on /opt/airflow/dags/data_ingestion.pipeline.py
[2024-11-02T15:30:22.733+0000] {processor.py:914} INFO - Processing file /opt/airflow/dags/data_ingestion.pipeline.py for tasks to queue
[2024-11-02T15:30:22.758+0000] {logging_mixin.py:190} INFO - [2024-11-02T15:30:22.746+0000] {dagbag.py:588} INFO - Filling up the DagBag from /opt/airflow/dags/data_ingestion.pipeline.py
[2024-11-02T15:30:33.209+0000] {processor.py:925} INFO - DAG(s) 'spotify_data_ingestion_pipeline' retrieved from /opt/airflow/dags/data_ingestion.pipeline.py
[2024-11-02T15:30:33.747+0000] {logging_mixin.py:190} INFO - [2024-11-02T15:30:33.726+0000] {dag.py:3239} INFO - Sync 1 DAGs
[2024-11-02T15:30:34.856+0000] {logging_mixin.py:190} INFO - [2024-11-02T15:30:34.793+0000] {dag.py:4180} INFO - Setting next_dagrun for spotify_data_ingestion_pipeline to 2024-11-01 00:00:00+00:00, run_after=2024-11-02 00:00:00+00:00
[2024-11-02T15:30:35.515+0000] {processor.py:208} INFO - Processing /opt/airflow/dags/data_ingestion.pipeline.py took 12.977 seconds
[2024-11-02T15:32:21.250+0000] {processor.py:186} INFO - Started process (PID=3564) to work on /opt/airflow/dags/data_ingestion.pipeline.py
[2024-11-02T15:32:21.271+0000] {processor.py:914} INFO - Processing file /opt/airflow/dags/data_ingestion.pipeline.py for tasks to queue
[2024-11-02T15:32:21.288+0000] {logging_mixin.py:190} INFO - [2024-11-02T15:32:21.287+0000] {dagbag.py:588} INFO - Filling up the DagBag from /opt/airflow/dags/data_ingestion.pipeline.py
[2024-11-02T15:32:26.488+0000] {processor.py:925} INFO - DAG(s) 'spotify_data_ingestion_pipeline' retrieved from /opt/airflow/dags/data_ingestion.pipeline.py
[2024-11-02T15:32:26.631+0000] {logging_mixin.py:190} INFO - [2024-11-02T15:32:26.629+0000] {dag.py:3239} INFO - Sync 1 DAGs
[2024-11-02T15:32:27.379+0000] {logging_mixin.py:190} INFO - [2024-11-02T15:32:27.377+0000] {dag.py:4180} INFO - Setting next_dagrun for spotify_data_ingestion_pipeline to 2024-11-01 00:00:00+00:00, run_after=2024-11-02 00:00:00+00:00
[2024-11-02T15:32:27.828+0000] {processor.py:208} INFO - Processing /opt/airflow/dags/data_ingestion.pipeline.py took 6.675 seconds
[2024-11-02T15:33:55.883+0000] {processor.py:186} INFO - Started process (PID=3625) to work on /opt/airflow/dags/data_ingestion.pipeline.py
[2024-11-02T15:33:55.908+0000] {processor.py:914} INFO - Processing file /opt/airflow/dags/data_ingestion.pipeline.py for tasks to queue
[2024-11-02T15:33:55.921+0000] {logging_mixin.py:190} INFO - [2024-11-02T15:33:55.920+0000] {dagbag.py:588} INFO - Filling up the DagBag from /opt/airflow/dags/data_ingestion.pipeline.py
[2024-11-02T15:34:03.767+0000] {processor.py:925} INFO - DAG(s) 'spotify_data_ingestion_pipeline' retrieved from /opt/airflow/dags/data_ingestion.pipeline.py
[2024-11-02T15:34:09.670+0000] {logging_mixin.py:190} INFO - [2024-11-02T15:34:09.670+0000] {dag.py:3239} INFO - Sync 1 DAGs
[2024-11-02T15:34:12.518+0000] {logging_mixin.py:190} INFO - [2024-11-02T15:34:12.515+0000] {dag.py:4180} INFO - Setting next_dagrun for spotify_data_ingestion_pipeline to 2024-11-01 00:00:00+00:00, run_after=2024-11-02 00:00:00+00:00
[2024-11-02T15:34:14.542+0000] {processor.py:208} INFO - Processing /opt/airflow/dags/data_ingestion.pipeline.py took 18.752 seconds
[2024-11-02T15:38:52.043+0000] {processor.py:186} INFO - Started process (PID=3721) to work on /opt/airflow/dags/data_ingestion.pipeline.py
[2024-11-02T15:38:52.052+0000] {processor.py:914} INFO - Processing file /opt/airflow/dags/data_ingestion.pipeline.py for tasks to queue
[2024-11-02T15:38:52.070+0000] {logging_mixin.py:190} INFO - [2024-11-02T15:38:52.058+0000] {dagbag.py:588} INFO - Filling up the DagBag from /opt/airflow/dags/data_ingestion.pipeline.py
[2024-11-02T15:39:08.056+0000] {processor.py:925} INFO - DAG(s) 'spotify_data_ingestion_pipeline' retrieved from /opt/airflow/dags/data_ingestion.pipeline.py
[2024-11-02T15:39:09.710+0000] {logging_mixin.py:190} INFO - [2024-11-02T15:39:09.701+0000] {dag.py:3239} INFO - Sync 1 DAGs
[2024-11-02T15:39:10.899+0000] {logging_mixin.py:190} INFO - [2024-11-02T15:39:10.871+0000] {dag.py:4180} INFO - Setting next_dagrun for spotify_data_ingestion_pipeline to 2024-11-01 00:00:00+00:00, run_after=2024-11-02 00:00:00+00:00
[2024-11-02T15:39:12.013+0000] {processor.py:208} INFO - Processing /opt/airflow/dags/data_ingestion.pipeline.py took 20.180 seconds
[2024-11-02T15:42:31.740+0000] {processor.py:186} INFO - Started process (PID=3771) to work on /opt/airflow/dags/data_ingestion.pipeline.py
[2024-11-02T15:42:31.749+0000] {processor.py:914} INFO - Processing file /opt/airflow/dags/data_ingestion.pipeline.py for tasks to queue
[2024-11-02T15:42:31.849+0000] {logging_mixin.py:190} INFO - [2024-11-02T15:42:31.788+0000] {dagbag.py:588} INFO - Filling up the DagBag from /opt/airflow/dags/data_ingestion.pipeline.py
[2024-11-02T15:42:42.328+0000] {processor.py:925} INFO - DAG(s) 'spotify_data_ingestion_pipeline' retrieved from /opt/airflow/dags/data_ingestion.pipeline.py
[2024-11-02T15:42:43.587+0000] {logging_mixin.py:190} INFO - [2024-11-02T15:42:43.585+0000] {dag.py:3239} INFO - Sync 1 DAGs
[2024-11-02T15:42:45.141+0000] {logging_mixin.py:190} INFO - [2024-11-02T15:42:45.139+0000] {dag.py:4180} INFO - Setting next_dagrun for spotify_data_ingestion_pipeline to 2024-11-01 00:00:00+00:00, run_after=2024-11-02 00:00:00+00:00
[2024-11-02T15:42:45.630+0000] {processor.py:208} INFO - Processing /opt/airflow/dags/data_ingestion.pipeline.py took 14.202 seconds
[2024-11-02T15:47:07.452+0000] {processor.py:186} INFO - Started process (PID=3875) to work on /opt/airflow/dags/data_ingestion.pipeline.py
[2024-11-02T15:47:07.596+0000] {processor.py:914} INFO - Processing file /opt/airflow/dags/data_ingestion.pipeline.py for tasks to queue
[2024-11-02T15:47:07.939+0000] {logging_mixin.py:190} INFO - [2024-11-02T15:47:07.768+0000] {dagbag.py:588} INFO - Filling up the DagBag from /opt/airflow/dags/data_ingestion.pipeline.py
[2024-11-02T15:47:27.565+0000] {processor.py:925} INFO - DAG(s) 'spotify_data_ingestion_pipeline' retrieved from /opt/airflow/dags/data_ingestion.pipeline.py
[2024-11-02T15:47:29.270+0000] {logging_mixin.py:190} INFO - [2024-11-02T15:47:29.268+0000] {dag.py:3239} INFO - Sync 1 DAGs
[2024-11-02T15:47:30.507+0000] {logging_mixin.py:190} INFO - [2024-11-02T15:47:30.506+0000] {dag.py:4180} INFO - Setting next_dagrun for spotify_data_ingestion_pipeline to 2024-11-01 00:00:00+00:00, run_after=2024-11-02 00:00:00+00:00
[2024-11-02T15:47:32.906+0000] {processor.py:208} INFO - Processing /opt/airflow/dags/data_ingestion.pipeline.py took 26.080 seconds
[2024-11-02T15:50:28.261+0000] {processor.py:186} INFO - Started process (PID=3961) to work on /opt/airflow/dags/data_ingestion.pipeline.py
[2024-11-02T15:50:28.337+0000] {processor.py:914} INFO - Processing file /opt/airflow/dags/data_ingestion.pipeline.py for tasks to queue
[2024-11-02T15:50:28.412+0000] {logging_mixin.py:190} INFO - [2024-11-02T15:50:28.410+0000] {dagbag.py:588} INFO - Filling up the DagBag from /opt/airflow/dags/data_ingestion.pipeline.py
[2024-11-02T15:50:36.727+0000] {processor.py:925} INFO - DAG(s) 'spotify_data_ingestion_pipeline' retrieved from /opt/airflow/dags/data_ingestion.pipeline.py
[2024-11-02T15:50:40.497+0000] {logging_mixin.py:190} INFO - [2024-11-02T15:50:40.495+0000] {dag.py:3239} INFO - Sync 1 DAGs
[2024-11-02T15:50:41.275+0000] {logging_mixin.py:190} INFO - [2024-11-02T15:50:41.243+0000] {dag.py:4180} INFO - Setting next_dagrun for spotify_data_ingestion_pipeline to 2024-11-01 00:00:00+00:00, run_after=2024-11-02 00:00:00+00:00
[2024-11-02T15:50:41.832+0000] {processor.py:208} INFO - Processing /opt/airflow/dags/data_ingestion.pipeline.py took 13.666 seconds
[2024-11-02T15:53:46.110+0000] {processor.py:186} INFO - Started process (PID=4040) to work on /opt/airflow/dags/data_ingestion.pipeline.py
[2024-11-02T15:53:46.130+0000] {processor.py:914} INFO - Processing file /opt/airflow/dags/data_ingestion.pipeline.py for tasks to queue
[2024-11-02T15:53:46.163+0000] {logging_mixin.py:190} INFO - [2024-11-02T15:53:46.162+0000] {dagbag.py:588} INFO - Filling up the DagBag from /opt/airflow/dags/data_ingestion.pipeline.py
[2024-11-02T15:53:52.185+0000] {processor.py:925} INFO - DAG(s) 'spotify_data_ingestion_pipeline' retrieved from /opt/airflow/dags/data_ingestion.pipeline.py
[2024-11-02T15:53:52.411+0000] {logging_mixin.py:190} INFO - [2024-11-02T15:53:52.409+0000] {dag.py:3239} INFO - Sync 1 DAGs
[2024-11-02T15:53:52.608+0000] {logging_mixin.py:190} INFO - [2024-11-02T15:53:52.607+0000] {dag.py:4180} INFO - Setting next_dagrun for spotify_data_ingestion_pipeline to 2024-11-01 00:00:00+00:00, run_after=2024-11-02 00:00:00+00:00
[2024-11-02T15:53:52.846+0000] {processor.py:208} INFO - Processing /opt/airflow/dags/data_ingestion.pipeline.py took 9.446 seconds
[2024-11-02T15:55:59.343+0000] {processor.py:186} INFO - Started process (PID=4113) to work on /opt/airflow/dags/data_ingestion.pipeline.py
[2024-11-02T15:55:59.375+0000] {processor.py:914} INFO - Processing file /opt/airflow/dags/data_ingestion.pipeline.py for tasks to queue
[2024-11-02T15:55:59.420+0000] {logging_mixin.py:190} INFO - [2024-11-02T15:55:59.418+0000] {dagbag.py:588} INFO - Filling up the DagBag from /opt/airflow/dags/data_ingestion.pipeline.py
[2024-11-02T15:56:32.863+0000] {processor.py:925} INFO - DAG(s) 'spotify_data_ingestion_pipeline' retrieved from /opt/airflow/dags/data_ingestion.pipeline.py
[2024-11-02T16:04:20.491+0000] {processor.py:186} INFO - Started process (PID=4199) to work on /opt/airflow/dags/data_ingestion.pipeline.py
[2024-11-02T16:04:20.518+0000] {processor.py:914} INFO - Processing file /opt/airflow/dags/data_ingestion.pipeline.py for tasks to queue
[2024-11-02T16:04:20.564+0000] {logging_mixin.py:190} INFO - [2024-11-02T16:04:20.537+0000] {dagbag.py:588} INFO - Filling up the DagBag from /opt/airflow/dags/data_ingestion.pipeline.py
[2024-11-02T16:04:44.496+0000] {processor.py:925} INFO - DAG(s) 'spotify_data_ingestion_pipeline' retrieved from /opt/airflow/dags/data_ingestion.pipeline.py
[2024-11-02T16:04:50.983+0000] {logging_mixin.py:190} INFO - [2024-11-02T16:04:50.981+0000] {dag.py:3239} INFO - Sync 1 DAGs
[2024-11-02T16:04:51.836+0000] {logging_mixin.py:190} INFO - [2024-11-02T16:04:51.825+0000] {dag.py:4180} INFO - Setting next_dagrun for spotify_data_ingestion_pipeline to 2024-11-01 00:00:00+00:00, run_after=2024-11-02 00:00:00+00:00
[2024-11-02T16:04:52.924+0000] {processor.py:208} INFO - Processing /opt/airflow/dags/data_ingestion.pipeline.py took 32.564 seconds
[2024-11-02T16:09:04.607+0000] {processor.py:186} INFO - Started process (PID=4298) to work on /opt/airflow/dags/data_ingestion.pipeline.py
[2024-11-02T16:09:04.704+0000] {processor.py:914} INFO - Processing file /opt/airflow/dags/data_ingestion.pipeline.py for tasks to queue
[2024-11-02T16:09:04.937+0000] {logging_mixin.py:190} INFO - [2024-11-02T16:09:04.917+0000] {dagbag.py:588} INFO - Filling up the DagBag from /opt/airflow/dags/data_ingestion.pipeline.py
[2024-11-02T16:09:30.926+0000] {processor.py:925} INFO - DAG(s) 'spotify_data_ingestion_pipeline' retrieved from /opt/airflow/dags/data_ingestion.pipeline.py
[2024-11-02T16:09:32.042+0000] {logging_mixin.py:190} INFO - [2024-11-02T16:09:32.041+0000] {dag.py:3239} INFO - Sync 1 DAGs
[2024-11-02T16:09:34.386+0000] {logging_mixin.py:190} INFO - [2024-11-02T16:09:34.385+0000] {dag.py:4180} INFO - Setting next_dagrun for spotify_data_ingestion_pipeline to 2024-11-01 00:00:00+00:00, run_after=2024-11-02 00:00:00+00:00
[2024-11-02T16:09:35.730+0000] {processor.py:208} INFO - Processing /opt/airflow/dags/data_ingestion.pipeline.py took 32.210 seconds
