[2024-10-26T14:36:27.441+0000] {processor.py:186} INFO - Started process (PID=124) to work on /home/airflow/.local/lib/python3.12/site-packages/airflow/example_dags/example_trigger_target_dag.py
[2024-10-26T14:36:27.475+0000] {processor.py:914} INFO - Processing file /home/airflow/.local/lib/python3.12/site-packages/airflow/example_dags/example_trigger_target_dag.py for tasks to queue
[2024-10-26T14:36:27.515+0000] {logging_mixin.py:190} INFO - [2024-10-26T14:36:27.514+0000] {dagbag.py:588} INFO - Filling up the DagBag from /home/airflow/.local/lib/python3.12/site-packages/airflow/example_dags/example_trigger_target_dag.py
[2024-10-26T14:36:27.664+0000] {processor.py:925} INFO - DAG(s) 'example_trigger_target_dag' retrieved from /home/airflow/.local/lib/python3.12/site-packages/airflow/example_dags/example_trigger_target_dag.py
[2024-10-26T14:36:29.944+0000] {logging_mixin.py:190} INFO - [2024-10-26T14:36:29.942+0000] {override.py:1900} INFO - Created Permission View: can read on DAG:example_trigger_target_dag
[2024-10-26T14:36:30.069+0000] {logging_mixin.py:190} INFO - [2024-10-26T14:36:30.068+0000] {override.py:1900} INFO - Created Permission View: can delete on DAG:example_trigger_target_dag
[2024-10-26T14:36:30.162+0000] {logging_mixin.py:190} INFO - [2024-10-26T14:36:30.161+0000] {override.py:1900} INFO - Created Permission View: can edit on DAG:example_trigger_target_dag
[2024-10-26T14:36:30.225+0000] {logging_mixin.py:190} INFO - [2024-10-26T14:36:30.224+0000] {override.py:1900} INFO - Created Permission View: can read on DAG Run:example_trigger_target_dag
[2024-10-26T14:36:30.288+0000] {logging_mixin.py:190} INFO - [2024-10-26T14:36:30.288+0000] {override.py:1900} INFO - Created Permission View: can delete on DAG Run:example_trigger_target_dag
[2024-10-26T14:36:30.407+0000] {logging_mixin.py:190} INFO - [2024-10-26T14:36:30.406+0000] {override.py:1900} INFO - Created Permission View: can create on DAG Run:example_trigger_target_dag
[2024-10-26T14:36:30.435+0000] {logging_mixin.py:190} INFO - [2024-10-26T14:36:30.435+0000] {override.py:1900} INFO - Created Permission View: menu access on DAG Run:example_trigger_target_dag
[2024-10-26T14:36:30.437+0000] {logging_mixin.py:190} INFO - [2024-10-26T14:36:30.437+0000] {dag.py:3239} INFO - Sync 1 DAGs
[2024-10-26T14:36:30.715+0000] {logging_mixin.py:190} INFO - [2024-10-26T14:36:30.714+0000] {dag.py:3262} INFO - Creating ORM DAG for example_trigger_target_dag
[2024-10-26T14:36:30.737+0000] {logging_mixin.py:190} INFO - [2024-10-26T14:36:30.736+0000] {dag.py:4180} INFO - Setting next_dagrun for example_trigger_target_dag to None, run_after=None
[2024-10-26T14:36:31.112+0000] {processor.py:208} INFO - Processing /home/airflow/.local/lib/python3.12/site-packages/airflow/example_dags/example_trigger_target_dag.py took 3.744 seconds
[2024-10-26T14:41:10.531+0000] {processor.py:186} INFO - Started process (PID=95) to work on /home/airflow/.local/lib/python3.12/site-packages/airflow/example_dags/example_trigger_target_dag.py
[2024-10-26T14:41:10.548+0000] {processor.py:914} INFO - Processing file /home/airflow/.local/lib/python3.12/site-packages/airflow/example_dags/example_trigger_target_dag.py for tasks to queue
[2024-10-26T14:41:10.561+0000] {logging_mixin.py:190} INFO - [2024-10-26T14:41:10.560+0000] {dagbag.py:588} INFO - Filling up the DagBag from /home/airflow/.local/lib/python3.12/site-packages/airflow/example_dags/example_trigger_target_dag.py
[2024-10-26T14:41:10.661+0000] {processor.py:925} INFO - DAG(s) 'example_trigger_target_dag' retrieved from /home/airflow/.local/lib/python3.12/site-packages/airflow/example_dags/example_trigger_target_dag.py
[2024-10-26T14:41:10.868+0000] {logging_mixin.py:190} INFO - [2024-10-26T14:41:10.868+0000] {dag.py:3239} INFO - Sync 1 DAGs
[2024-10-26T14:41:11.193+0000] {logging_mixin.py:190} INFO - [2024-10-26T14:41:11.193+0000] {dag.py:4180} INFO - Setting next_dagrun for example_trigger_target_dag to None, run_after=None
[2024-10-26T14:41:11.542+0000] {processor.py:208} INFO - Processing /home/airflow/.local/lib/python3.12/site-packages/airflow/example_dags/example_trigger_target_dag.py took 1.062 seconds
