[2024-10-26T14:36:13.949+0000] {processor.py:186} INFO - Started process (PID=112) to work on /home/airflow/.local/lib/python3.12/site-packages/airflow/example_dags/example_dag_decorator.py
[2024-10-26T14:36:13.969+0000] {processor.py:914} INFO - Processing file /home/airflow/.local/lib/python3.12/site-packages/airflow/example_dags/example_dag_decorator.py for tasks to queue
[2024-10-26T14:36:14.012+0000] {logging_mixin.py:190} INFO - [2024-10-26T14:36:14.010+0000] {dagbag.py:588} INFO - Filling up the DagBag from /home/airflow/.local/lib/python3.12/site-packages/airflow/example_dags/example_dag_decorator.py
[2024-10-26T14:36:15.040+0000] {processor.py:925} INFO - DAG(s) 'example_dag_decorator' retrieved from /home/airflow/.local/lib/python3.12/site-packages/airflow/example_dags/example_dag_decorator.py
[2024-10-26T14:36:17.437+0000] {logging_mixin.py:190} INFO - [2024-10-26T14:36:17.436+0000] {override.py:1900} INFO - Created Permission View: can read on DAG:example_dag_decorator
[2024-10-26T14:36:17.486+0000] {logging_mixin.py:190} INFO - [2024-10-26T14:36:17.485+0000] {override.py:1900} INFO - Created Permission View: can delete on DAG:example_dag_decorator
[2024-10-26T14:36:17.543+0000] {logging_mixin.py:190} INFO - [2024-10-26T14:36:17.542+0000] {override.py:1900} INFO - Created Permission View: can edit on DAG:example_dag_decorator
[2024-10-26T14:36:17.582+0000] {logging_mixin.py:190} INFO - [2024-10-26T14:36:17.582+0000] {override.py:1900} INFO - Created Permission View: can read on DAG Run:example_dag_decorator
[2024-10-26T14:36:17.651+0000] {logging_mixin.py:190} INFO - [2024-10-26T14:36:17.650+0000] {override.py:1900} INFO - Created Permission View: can delete on DAG Run:example_dag_decorator
[2024-10-26T14:36:17.758+0000] {logging_mixin.py:190} INFO - [2024-10-26T14:36:17.757+0000] {override.py:1900} INFO - Created Permission View: can create on DAG Run:example_dag_decorator
[2024-10-26T14:36:17.841+0000] {logging_mixin.py:190} INFO - [2024-10-26T14:36:17.840+0000] {override.py:1900} INFO - Created Permission View: menu access on DAG Run:example_dag_decorator
[2024-10-26T14:36:17.863+0000] {logging_mixin.py:190} INFO - [2024-10-26T14:36:17.862+0000] {dag.py:3239} INFO - Sync 1 DAGs
[2024-10-26T14:36:18.042+0000] {logging_mixin.py:190} INFO - [2024-10-26T14:36:18.041+0000] {dag.py:3262} INFO - Creating ORM DAG for example_dag_decorator
[2024-10-26T14:36:18.044+0000] {logging_mixin.py:190} INFO - [2024-10-26T14:36:18.044+0000] {dag.py:4180} INFO - Setting next_dagrun for example_dag_decorator to None, run_after=None
[2024-10-26T14:36:18.208+0000] {processor.py:208} INFO - Processing /home/airflow/.local/lib/python3.12/site-packages/airflow/example_dags/example_dag_decorator.py took 4.398 seconds
[2024-10-26T14:41:04.207+0000] {processor.py:186} INFO - Started process (PID=89) to work on /home/airflow/.local/lib/python3.12/site-packages/airflow/example_dags/example_dag_decorator.py
[2024-10-26T14:41:04.232+0000] {processor.py:914} INFO - Processing file /home/airflow/.local/lib/python3.12/site-packages/airflow/example_dags/example_dag_decorator.py for tasks to queue
[2024-10-26T14:41:04.268+0000] {logging_mixin.py:190} INFO - [2024-10-26T14:41:04.268+0000] {dagbag.py:588} INFO - Filling up the DagBag from /home/airflow/.local/lib/python3.12/site-packages/airflow/example_dags/example_dag_decorator.py
[2024-10-26T14:41:04.425+0000] {processor.py:925} INFO - DAG(s) 'example_dag_decorator' retrieved from /home/airflow/.local/lib/python3.12/site-packages/airflow/example_dags/example_dag_decorator.py
[2024-10-26T14:41:06.165+0000] {logging_mixin.py:190} INFO - [2024-10-26T14:41:06.164+0000] {dag.py:3239} INFO - Sync 1 DAGs
[2024-10-26T14:41:06.390+0000] {logging_mixin.py:190} INFO - [2024-10-26T14:41:06.389+0000] {dag.py:4180} INFO - Setting next_dagrun for example_dag_decorator to None, run_after=None
[2024-10-26T14:41:06.620+0000] {processor.py:208} INFO - Processing /home/airflow/.local/lib/python3.12/site-packages/airflow/example_dags/example_dag_decorator.py took 2.461 seconds
[2024-10-26T14:42:33.995+0000] {processor.py:186} INFO - Started process (PID=164) to work on /home/airflow/.local/lib/python3.12/site-packages/airflow/example_dags/example_dag_decorator.py
[2024-10-26T14:42:34.013+0000] {processor.py:914} INFO - Processing file /home/airflow/.local/lib/python3.12/site-packages/airflow/example_dags/example_dag_decorator.py for tasks to queue
[2024-10-26T14:42:34.045+0000] {logging_mixin.py:190} INFO - [2024-10-26T14:42:34.044+0000] {dagbag.py:588} INFO - Filling up the DagBag from /home/airflow/.local/lib/python3.12/site-packages/airflow/example_dags/example_dag_decorator.py
[2024-10-26T14:42:34.213+0000] {processor.py:925} INFO - DAG(s) 'example_dag_decorator' retrieved from /home/airflow/.local/lib/python3.12/site-packages/airflow/example_dags/example_dag_decorator.py
[2024-10-26T14:42:43.383+0000] {logging_mixin.py:190} INFO - [2024-10-26T14:42:43.324+0000] {dag.py:3239} INFO - Sync 1 DAGs
[2024-10-26T14:42:45.419+0000] {logging_mixin.py:190} INFO - [2024-10-26T14:42:45.418+0000] {dag.py:4180} INFO - Setting next_dagrun for example_dag_decorator to None, run_after=None
[2024-10-26T14:42:46.566+0000] {processor.py:208} INFO - Processing /home/airflow/.local/lib/python3.12/site-packages/airflow/example_dags/example_dag_decorator.py took 12.666 seconds
[2024-10-26T15:18:52.610+0000] {processor.py:186} INFO - Started process (PID=89) to work on /home/airflow/.local/lib/python3.12/site-packages/airflow/example_dags/example_dag_decorator.py
[2024-10-26T15:18:52.613+0000] {processor.py:914} INFO - Processing file /home/airflow/.local/lib/python3.12/site-packages/airflow/example_dags/example_dag_decorator.py for tasks to queue
[2024-10-26T15:18:52.622+0000] {logging_mixin.py:190} INFO - [2024-10-26T15:18:52.621+0000] {dagbag.py:588} INFO - Filling up the DagBag from /home/airflow/.local/lib/python3.12/site-packages/airflow/example_dags/example_dag_decorator.py
[2024-10-26T15:18:52.733+0000] {processor.py:925} INFO - DAG(s) 'example_dag_decorator' retrieved from /home/airflow/.local/lib/python3.12/site-packages/airflow/example_dags/example_dag_decorator.py
[2024-10-26T15:18:53.661+0000] {logging_mixin.py:190} INFO - [2024-10-26T15:18:53.661+0000] {dag.py:3239} INFO - Sync 1 DAGs
[2024-10-26T15:18:53.753+0000] {logging_mixin.py:190} INFO - [2024-10-26T15:18:53.753+0000] {dag.py:4180} INFO - Setting next_dagrun for example_dag_decorator to None, run_after=None
[2024-10-26T15:18:53.878+0000] {processor.py:208} INFO - Processing /home/airflow/.local/lib/python3.12/site-packages/airflow/example_dags/example_dag_decorator.py took 1.327 seconds
[2024-10-26T15:19:31.530+0000] {processor.py:186} INFO - Started process (PID=152) to work on /home/airflow/.local/lib/python3.12/site-packages/airflow/example_dags/example_dag_decorator.py
[2024-10-26T15:19:31.555+0000] {processor.py:914} INFO - Processing file /home/airflow/.local/lib/python3.12/site-packages/airflow/example_dags/example_dag_decorator.py for tasks to queue
[2024-10-26T15:19:31.597+0000] {logging_mixin.py:190} INFO - [2024-10-26T15:19:31.596+0000] {dagbag.py:588} INFO - Filling up the DagBag from /home/airflow/.local/lib/python3.12/site-packages/airflow/example_dags/example_dag_decorator.py
[2024-10-26T15:19:31.765+0000] {processor.py:925} INFO - DAG(s) 'example_dag_decorator' retrieved from /home/airflow/.local/lib/python3.12/site-packages/airflow/example_dags/example_dag_decorator.py
[2024-10-26T15:19:32.767+0000] {logging_mixin.py:190} INFO - [2024-10-26T15:19:32.766+0000] {dag.py:3239} INFO - Sync 1 DAGs
[2024-10-26T15:19:32.863+0000] {logging_mixin.py:190} INFO - [2024-10-26T15:19:32.846+0000] {dag.py:4180} INFO - Setting next_dagrun for example_dag_decorator to None, run_after=None
[2024-10-26T15:19:32.986+0000] {processor.py:208} INFO - Processing /home/airflow/.local/lib/python3.12/site-packages/airflow/example_dags/example_dag_decorator.py took 1.488 seconds
[2024-10-26T15:20:03.960+0000] {processor.py:186} INFO - Started process (PID=215) to work on /home/airflow/.local/lib/python3.12/site-packages/airflow/example_dags/example_dag_decorator.py
[2024-10-26T15:20:03.974+0000] {processor.py:914} INFO - Processing file /home/airflow/.local/lib/python3.12/site-packages/airflow/example_dags/example_dag_decorator.py for tasks to queue
[2024-10-26T15:20:03.986+0000] {logging_mixin.py:190} INFO - [2024-10-26T15:20:03.980+0000] {dagbag.py:588} INFO - Filling up the DagBag from /home/airflow/.local/lib/python3.12/site-packages/airflow/example_dags/example_dag_decorator.py
[2024-10-26T15:20:04.096+0000] {processor.py:925} INFO - DAG(s) 'example_dag_decorator' retrieved from /home/airflow/.local/lib/python3.12/site-packages/airflow/example_dags/example_dag_decorator.py
[2024-10-26T15:20:04.931+0000] {logging_mixin.py:190} INFO - [2024-10-26T15:20:04.930+0000] {dag.py:3239} INFO - Sync 1 DAGs
[2024-10-26T15:20:05.081+0000] {logging_mixin.py:190} INFO - [2024-10-26T15:20:05.064+0000] {dag.py:4180} INFO - Setting next_dagrun for example_dag_decorator to None, run_after=None
[2024-10-26T15:20:05.325+0000] {processor.py:208} INFO - Processing /home/airflow/.local/lib/python3.12/site-packages/airflow/example_dags/example_dag_decorator.py took 1.386 seconds
[2024-10-26T15:20:39.545+0000] {processor.py:186} INFO - Started process (PID=278) to work on /home/airflow/.local/lib/python3.12/site-packages/airflow/example_dags/example_dag_decorator.py
[2024-10-26T15:20:39.562+0000] {processor.py:914} INFO - Processing file /home/airflow/.local/lib/python3.12/site-packages/airflow/example_dags/example_dag_decorator.py for tasks to queue
[2024-10-26T15:20:39.570+0000] {logging_mixin.py:190} INFO - [2024-10-26T15:20:39.569+0000] {dagbag.py:588} INFO - Filling up the DagBag from /home/airflow/.local/lib/python3.12/site-packages/airflow/example_dags/example_dag_decorator.py
[2024-10-26T15:20:39.631+0000] {processor.py:925} INFO - DAG(s) 'example_dag_decorator' retrieved from /home/airflow/.local/lib/python3.12/site-packages/airflow/example_dags/example_dag_decorator.py
[2024-10-26T15:20:40.192+0000] {logging_mixin.py:190} INFO - [2024-10-26T15:20:40.191+0000] {dag.py:3239} INFO - Sync 1 DAGs
[2024-10-26T15:20:40.298+0000] {logging_mixin.py:190} INFO - [2024-10-26T15:20:40.297+0000] {dag.py:4180} INFO - Setting next_dagrun for example_dag_decorator to None, run_after=None
[2024-10-26T15:20:40.426+0000] {processor.py:208} INFO - Processing /home/airflow/.local/lib/python3.12/site-packages/airflow/example_dags/example_dag_decorator.py took 0.916 seconds
[2024-10-26T15:21:14.055+0000] {processor.py:186} INFO - Started process (PID=336) to work on /home/airflow/.local/lib/python3.12/site-packages/airflow/example_dags/example_dag_decorator.py
[2024-10-26T15:21:14.097+0000] {processor.py:914} INFO - Processing file /home/airflow/.local/lib/python3.12/site-packages/airflow/example_dags/example_dag_decorator.py for tasks to queue
[2024-10-26T15:21:14.248+0000] {logging_mixin.py:190} INFO - [2024-10-26T15:21:14.225+0000] {dagbag.py:588} INFO - Filling up the DagBag from /home/airflow/.local/lib/python3.12/site-packages/airflow/example_dags/example_dag_decorator.py
[2024-10-26T15:21:14.578+0000] {processor.py:925} INFO - DAG(s) 'example_dag_decorator' retrieved from /home/airflow/.local/lib/python3.12/site-packages/airflow/example_dags/example_dag_decorator.py
[2024-10-26T15:21:15.237+0000] {logging_mixin.py:190} INFO - [2024-10-26T15:21:15.236+0000] {dag.py:3239} INFO - Sync 1 DAGs
[2024-10-26T15:21:15.390+0000] {logging_mixin.py:190} INFO - [2024-10-26T15:21:15.389+0000] {dag.py:4180} INFO - Setting next_dagrun for example_dag_decorator to None, run_after=None
[2024-10-26T15:21:15.819+0000] {processor.py:208} INFO - Processing /home/airflow/.local/lib/python3.12/site-packages/airflow/example_dags/example_dag_decorator.py took 1.921 seconds
[2024-10-26T15:26:46.911+0000] {processor.py:186} INFO - Started process (PID=69) to work on /home/airflow/.local/lib/python3.12/site-packages/airflow/example_dags/example_dag_decorator.py
[2024-10-26T15:26:46.928+0000] {processor.py:914} INFO - Processing file /home/airflow/.local/lib/python3.12/site-packages/airflow/example_dags/example_dag_decorator.py for tasks to queue
[2024-10-26T15:26:46.941+0000] {logging_mixin.py:190} INFO - [2024-10-26T15:26:46.940+0000] {dagbag.py:588} INFO - Filling up the DagBag from /home/airflow/.local/lib/python3.12/site-packages/airflow/example_dags/example_dag_decorator.py
[2024-10-26T15:26:46.963+0000] {processor.py:925} INFO - DAG(s) 'example_dag_decorator' retrieved from /home/airflow/.local/lib/python3.12/site-packages/airflow/example_dags/example_dag_decorator.py
[2024-10-26T15:26:47.464+0000] {logging_mixin.py:190} INFO - [2024-10-26T15:26:47.463+0000] {dag.py:3239} INFO - Sync 1 DAGs
[2024-10-26T15:26:47.485+0000] {logging_mixin.py:190} INFO - [2024-10-26T15:26:47.485+0000] {dag.py:4180} INFO - Setting next_dagrun for example_dag_decorator to None, run_after=None
[2024-10-26T15:26:47.515+0000] {processor.py:208} INFO - Processing /home/airflow/.local/lib/python3.12/site-packages/airflow/example_dags/example_dag_decorator.py took 0.624 seconds
[2024-10-26T15:27:19.237+0000] {processor.py:186} INFO - Started process (PID=132) to work on /home/airflow/.local/lib/python3.12/site-packages/airflow/example_dags/example_dag_decorator.py
[2024-10-26T15:27:19.245+0000] {processor.py:914} INFO - Processing file /home/airflow/.local/lib/python3.12/site-packages/airflow/example_dags/example_dag_decorator.py for tasks to queue
[2024-10-26T15:27:19.257+0000] {logging_mixin.py:190} INFO - [2024-10-26T15:27:19.257+0000] {dagbag.py:588} INFO - Filling up the DagBag from /home/airflow/.local/lib/python3.12/site-packages/airflow/example_dags/example_dag_decorator.py
[2024-10-26T15:27:19.347+0000] {processor.py:925} INFO - DAG(s) 'example_dag_decorator' retrieved from /home/airflow/.local/lib/python3.12/site-packages/airflow/example_dags/example_dag_decorator.py
[2024-10-26T15:27:19.833+0000] {logging_mixin.py:190} INFO - [2024-10-26T15:27:19.832+0000] {dag.py:3239} INFO - Sync 1 DAGs
[2024-10-26T15:27:19.880+0000] {logging_mixin.py:190} INFO - [2024-10-26T15:27:19.879+0000] {dag.py:4180} INFO - Setting next_dagrun for example_dag_decorator to None, run_after=None
[2024-10-26T15:27:19.968+0000] {processor.py:208} INFO - Processing /home/airflow/.local/lib/python3.12/site-packages/airflow/example_dags/example_dag_decorator.py took 0.766 seconds
[2024-10-26T15:27:50.496+0000] {processor.py:186} INFO - Started process (PID=194) to work on /home/airflow/.local/lib/python3.12/site-packages/airflow/example_dags/example_dag_decorator.py
[2024-10-26T15:27:50.497+0000] {processor.py:914} INFO - Processing file /home/airflow/.local/lib/python3.12/site-packages/airflow/example_dags/example_dag_decorator.py for tasks to queue
[2024-10-26T15:27:50.500+0000] {logging_mixin.py:190} INFO - [2024-10-26T15:27:50.499+0000] {dagbag.py:588} INFO - Filling up the DagBag from /home/airflow/.local/lib/python3.12/site-packages/airflow/example_dags/example_dag_decorator.py
[2024-10-26T15:27:50.509+0000] {processor.py:925} INFO - DAG(s) 'example_dag_decorator' retrieved from /home/airflow/.local/lib/python3.12/site-packages/airflow/example_dags/example_dag_decorator.py
[2024-10-26T15:27:50.599+0000] {logging_mixin.py:190} INFO - [2024-10-26T15:27:50.599+0000] {dag.py:3239} INFO - Sync 1 DAGs
[2024-10-26T15:27:50.609+0000] {logging_mixin.py:190} INFO - [2024-10-26T15:27:50.609+0000] {dag.py:4180} INFO - Setting next_dagrun for example_dag_decorator to None, run_after=None
[2024-10-26T15:27:50.627+0000] {processor.py:208} INFO - Processing /home/airflow/.local/lib/python3.12/site-packages/airflow/example_dags/example_dag_decorator.py took 0.136 seconds
[2024-10-26T15:28:25.549+0000] {processor.py:186} INFO - Started process (PID=257) to work on /home/airflow/.local/lib/python3.12/site-packages/airflow/example_dags/example_dag_decorator.py
[2024-10-26T15:28:25.555+0000] {processor.py:914} INFO - Processing file /home/airflow/.local/lib/python3.12/site-packages/airflow/example_dags/example_dag_decorator.py for tasks to queue
[2024-10-26T15:28:25.566+0000] {logging_mixin.py:190} INFO - [2024-10-26T15:28:25.565+0000] {dagbag.py:588} INFO - Filling up the DagBag from /home/airflow/.local/lib/python3.12/site-packages/airflow/example_dags/example_dag_decorator.py
[2024-10-26T15:28:25.643+0000] {processor.py:925} INFO - DAG(s) 'example_dag_decorator' retrieved from /home/airflow/.local/lib/python3.12/site-packages/airflow/example_dags/example_dag_decorator.py
[2024-10-26T15:28:26.085+0000] {logging_mixin.py:190} INFO - [2024-10-26T15:28:26.085+0000] {dag.py:3239} INFO - Sync 1 DAGs
[2024-10-26T15:28:26.150+0000] {logging_mixin.py:190} INFO - [2024-10-26T15:28:26.150+0000] {dag.py:4180} INFO - Setting next_dagrun for example_dag_decorator to None, run_after=None
[2024-10-26T15:28:26.197+0000] {processor.py:208} INFO - Processing /home/airflow/.local/lib/python3.12/site-packages/airflow/example_dags/example_dag_decorator.py took 0.674 seconds
[2024-10-26T15:28:56.758+0000] {processor.py:186} INFO - Started process (PID=321) to work on /home/airflow/.local/lib/python3.12/site-packages/airflow/example_dags/example_dag_decorator.py
[2024-10-26T15:28:56.790+0000] {processor.py:914} INFO - Processing file /home/airflow/.local/lib/python3.12/site-packages/airflow/example_dags/example_dag_decorator.py for tasks to queue
[2024-10-26T15:28:56.802+0000] {logging_mixin.py:190} INFO - [2024-10-26T15:28:56.801+0000] {dagbag.py:588} INFO - Filling up the DagBag from /home/airflow/.local/lib/python3.12/site-packages/airflow/example_dags/example_dag_decorator.py
[2024-10-26T15:28:56.871+0000] {processor.py:925} INFO - DAG(s) 'example_dag_decorator' retrieved from /home/airflow/.local/lib/python3.12/site-packages/airflow/example_dags/example_dag_decorator.py
[2024-10-26T15:28:57.754+0000] {logging_mixin.py:190} INFO - [2024-10-26T15:28:57.750+0000] {dag.py:3239} INFO - Sync 1 DAGs
[2024-10-26T15:28:58.022+0000] {logging_mixin.py:190} INFO - [2024-10-26T15:28:58.021+0000] {dag.py:4180} INFO - Setting next_dagrun for example_dag_decorator to None, run_after=None
[2024-10-26T15:28:58.430+0000] {processor.py:208} INFO - Processing /home/airflow/.local/lib/python3.12/site-packages/airflow/example_dags/example_dag_decorator.py took 1.683 seconds
[2024-10-26T15:29:29.180+0000] {processor.py:186} INFO - Started process (PID=385) to work on /home/airflow/.local/lib/python3.12/site-packages/airflow/example_dags/example_dag_decorator.py
[2024-10-26T15:29:29.181+0000] {processor.py:914} INFO - Processing file /home/airflow/.local/lib/python3.12/site-packages/airflow/example_dags/example_dag_decorator.py for tasks to queue
[2024-10-26T15:29:29.183+0000] {logging_mixin.py:190} INFO - [2024-10-26T15:29:29.183+0000] {dagbag.py:588} INFO - Filling up the DagBag from /home/airflow/.local/lib/python3.12/site-packages/airflow/example_dags/example_dag_decorator.py
[2024-10-26T15:29:29.193+0000] {processor.py:925} INFO - DAG(s) 'example_dag_decorator' retrieved from /home/airflow/.local/lib/python3.12/site-packages/airflow/example_dags/example_dag_decorator.py
[2024-10-26T15:29:29.293+0000] {logging_mixin.py:190} INFO - [2024-10-26T15:29:29.292+0000] {dag.py:3239} INFO - Sync 1 DAGs
[2024-10-26T15:29:29.303+0000] {logging_mixin.py:190} INFO - [2024-10-26T15:29:29.303+0000] {dag.py:4180} INFO - Setting next_dagrun for example_dag_decorator to None, run_after=None
[2024-10-26T15:29:29.321+0000] {processor.py:208} INFO - Processing /home/airflow/.local/lib/python3.12/site-packages/airflow/example_dags/example_dag_decorator.py took 0.147 seconds
[2024-10-26T15:29:59.583+0000] {processor.py:186} INFO - Started process (PID=448) to work on /home/airflow/.local/lib/python3.12/site-packages/airflow/example_dags/example_dag_decorator.py
[2024-10-26T15:29:59.585+0000] {processor.py:914} INFO - Processing file /home/airflow/.local/lib/python3.12/site-packages/airflow/example_dags/example_dag_decorator.py for tasks to queue
[2024-10-26T15:29:59.588+0000] {logging_mixin.py:190} INFO - [2024-10-26T15:29:59.587+0000] {dagbag.py:588} INFO - Filling up the DagBag from /home/airflow/.local/lib/python3.12/site-packages/airflow/example_dags/example_dag_decorator.py
[2024-10-26T15:29:59.606+0000] {processor.py:925} INFO - DAG(s) 'example_dag_decorator' retrieved from /home/airflow/.local/lib/python3.12/site-packages/airflow/example_dags/example_dag_decorator.py
[2024-10-26T15:29:59.777+0000] {logging_mixin.py:190} INFO - [2024-10-26T15:29:59.776+0000] {dag.py:3239} INFO - Sync 1 DAGs
[2024-10-26T15:29:59.799+0000] {logging_mixin.py:190} INFO - [2024-10-26T15:29:59.798+0000] {dag.py:4180} INFO - Setting next_dagrun for example_dag_decorator to None, run_after=None
[2024-10-26T15:29:59.828+0000] {processor.py:208} INFO - Processing /home/airflow/.local/lib/python3.12/site-packages/airflow/example_dags/example_dag_decorator.py took 0.253 seconds
[2024-10-26T15:30:31.558+0000] {processor.py:186} INFO - Started process (PID=511) to work on /home/airflow/.local/lib/python3.12/site-packages/airflow/example_dags/example_dag_decorator.py
[2024-10-26T15:30:31.562+0000] {processor.py:914} INFO - Processing file /home/airflow/.local/lib/python3.12/site-packages/airflow/example_dags/example_dag_decorator.py for tasks to queue
[2024-10-26T15:30:31.609+0000] {logging_mixin.py:190} INFO - [2024-10-26T15:30:31.587+0000] {dagbag.py:588} INFO - Filling up the DagBag from /home/airflow/.local/lib/python3.12/site-packages/airflow/example_dags/example_dag_decorator.py
[2024-10-26T15:30:31.658+0000] {processor.py:925} INFO - DAG(s) 'example_dag_decorator' retrieved from /home/airflow/.local/lib/python3.12/site-packages/airflow/example_dags/example_dag_decorator.py
[2024-10-26T15:30:31.918+0000] {logging_mixin.py:190} INFO - [2024-10-26T15:30:31.918+0000] {dag.py:3239} INFO - Sync 1 DAGs
[2024-10-26T15:30:31.941+0000] {logging_mixin.py:190} INFO - [2024-10-26T15:30:31.941+0000] {dag.py:4180} INFO - Setting next_dagrun for example_dag_decorator to None, run_after=None
[2024-10-26T15:30:31.998+0000] {processor.py:208} INFO - Processing /home/airflow/.local/lib/python3.12/site-packages/airflow/example_dags/example_dag_decorator.py took 0.461 seconds
[2024-10-26T15:31:02.496+0000] {processor.py:186} INFO - Started process (PID=575) to work on /home/airflow/.local/lib/python3.12/site-packages/airflow/example_dags/example_dag_decorator.py
[2024-10-26T15:31:02.508+0000] {processor.py:914} INFO - Processing file /home/airflow/.local/lib/python3.12/site-packages/airflow/example_dags/example_dag_decorator.py for tasks to queue
[2024-10-26T15:31:02.520+0000] {logging_mixin.py:190} INFO - [2024-10-26T15:31:02.519+0000] {dagbag.py:588} INFO - Filling up the DagBag from /home/airflow/.local/lib/python3.12/site-packages/airflow/example_dags/example_dag_decorator.py
[2024-10-26T15:31:02.577+0000] {processor.py:925} INFO - DAG(s) 'example_dag_decorator' retrieved from /home/airflow/.local/lib/python3.12/site-packages/airflow/example_dags/example_dag_decorator.py
[2024-10-26T15:31:03.540+0000] {logging_mixin.py:190} INFO - [2024-10-26T15:31:03.538+0000] {dag.py:3239} INFO - Sync 1 DAGs
[2024-10-26T15:31:03.655+0000] {logging_mixin.py:190} INFO - [2024-10-26T15:31:03.654+0000] {dag.py:4180} INFO - Setting next_dagrun for example_dag_decorator to None, run_after=None
[2024-10-26T15:31:03.758+0000] {processor.py:208} INFO - Processing /home/airflow/.local/lib/python3.12/site-packages/airflow/example_dags/example_dag_decorator.py took 1.291 seconds
[2024-10-26T15:31:34.438+0000] {processor.py:186} INFO - Started process (PID=639) to work on /home/airflow/.local/lib/python3.12/site-packages/airflow/example_dags/example_dag_decorator.py
[2024-10-26T15:31:34.440+0000] {processor.py:914} INFO - Processing file /home/airflow/.local/lib/python3.12/site-packages/airflow/example_dags/example_dag_decorator.py for tasks to queue
[2024-10-26T15:31:34.444+0000] {logging_mixin.py:190} INFO - [2024-10-26T15:31:34.443+0000] {dagbag.py:588} INFO - Filling up the DagBag from /home/airflow/.local/lib/python3.12/site-packages/airflow/example_dags/example_dag_decorator.py
[2024-10-26T15:31:34.464+0000] {processor.py:925} INFO - DAG(s) 'example_dag_decorator' retrieved from /home/airflow/.local/lib/python3.12/site-packages/airflow/example_dags/example_dag_decorator.py
[2024-10-26T15:31:34.860+0000] {logging_mixin.py:190} INFO - [2024-10-26T15:31:34.858+0000] {dag.py:3239} INFO - Sync 1 DAGs
[2024-10-26T15:31:34.922+0000] {logging_mixin.py:190} INFO - [2024-10-26T15:31:34.922+0000] {dag.py:4180} INFO - Setting next_dagrun for example_dag_decorator to None, run_after=None
[2024-10-26T15:31:35.042+0000] {processor.py:208} INFO - Processing /home/airflow/.local/lib/python3.12/site-packages/airflow/example_dags/example_dag_decorator.py took 0.619 seconds
[2024-10-26T15:32:05.236+0000] {processor.py:186} INFO - Started process (PID=701) to work on /home/airflow/.local/lib/python3.12/site-packages/airflow/example_dags/example_dag_decorator.py
[2024-10-26T15:32:05.238+0000] {processor.py:914} INFO - Processing file /home/airflow/.local/lib/python3.12/site-packages/airflow/example_dags/example_dag_decorator.py for tasks to queue
[2024-10-26T15:32:05.241+0000] {logging_mixin.py:190} INFO - [2024-10-26T15:32:05.240+0000] {dagbag.py:588} INFO - Filling up the DagBag from /home/airflow/.local/lib/python3.12/site-packages/airflow/example_dags/example_dag_decorator.py
[2024-10-26T15:32:05.256+0000] {processor.py:925} INFO - DAG(s) 'example_dag_decorator' retrieved from /home/airflow/.local/lib/python3.12/site-packages/airflow/example_dags/example_dag_decorator.py
[2024-10-26T15:32:05.422+0000] {logging_mixin.py:190} INFO - [2024-10-26T15:32:05.421+0000] {dag.py:3239} INFO - Sync 1 DAGs
[2024-10-26T15:32:05.437+0000] {logging_mixin.py:190} INFO - [2024-10-26T15:32:05.437+0000] {dag.py:4180} INFO - Setting next_dagrun for example_dag_decorator to None, run_after=None
[2024-10-26T15:32:05.465+0000] {processor.py:208} INFO - Processing /home/airflow/.local/lib/python3.12/site-packages/airflow/example_dags/example_dag_decorator.py took 0.236 seconds
[2024-10-26T15:32:51.619+0000] {processor.py:186} INFO - Started process (PID=768) to work on /home/airflow/.local/lib/python3.12/site-packages/airflow/example_dags/example_dag_decorator.py
[2024-10-26T15:32:51.623+0000] {processor.py:914} INFO - Processing file /home/airflow/.local/lib/python3.12/site-packages/airflow/example_dags/example_dag_decorator.py for tasks to queue
[2024-10-26T15:32:51.642+0000] {logging_mixin.py:190} INFO - [2024-10-26T15:32:51.640+0000] {dagbag.py:588} INFO - Filling up the DagBag from /home/airflow/.local/lib/python3.12/site-packages/airflow/example_dags/example_dag_decorator.py
[2024-10-26T15:32:51.743+0000] {processor.py:925} INFO - DAG(s) 'example_dag_decorator' retrieved from /home/airflow/.local/lib/python3.12/site-packages/airflow/example_dags/example_dag_decorator.py
[2024-10-26T15:32:53.068+0000] {logging_mixin.py:190} INFO - [2024-10-26T15:32:53.067+0000] {dag.py:3239} INFO - Sync 1 DAGs
[2024-10-26T15:32:53.194+0000] {logging_mixin.py:190} INFO - [2024-10-26T15:32:53.193+0000] {dag.py:4180} INFO - Setting next_dagrun for example_dag_decorator to None, run_after=None
[2024-10-26T15:32:53.357+0000] {processor.py:208} INFO - Processing /home/airflow/.local/lib/python3.12/site-packages/airflow/example_dags/example_dag_decorator.py took 1.811 seconds
[2024-10-26T15:33:34.384+0000] {processor.py:186} INFO - Started process (PID=812) to work on /home/airflow/.local/lib/python3.12/site-packages/airflow/example_dags/example_dag_decorator.py
[2024-10-26T15:33:34.388+0000] {processor.py:914} INFO - Processing file /home/airflow/.local/lib/python3.12/site-packages/airflow/example_dags/example_dag_decorator.py for tasks to queue
[2024-10-26T15:33:34.396+0000] {logging_mixin.py:190} INFO - [2024-10-26T15:33:34.395+0000] {dagbag.py:588} INFO - Filling up the DagBag from /home/airflow/.local/lib/python3.12/site-packages/airflow/example_dags/example_dag_decorator.py
[2024-10-26T15:33:34.441+0000] {processor.py:925} INFO - DAG(s) 'example_dag_decorator' retrieved from /home/airflow/.local/lib/python3.12/site-packages/airflow/example_dags/example_dag_decorator.py
[2024-10-26T15:33:34.873+0000] {logging_mixin.py:190} INFO - [2024-10-26T15:33:34.872+0000] {dag.py:3239} INFO - Sync 1 DAGs
[2024-10-26T15:33:34.974+0000] {logging_mixin.py:190} INFO - [2024-10-26T15:33:34.972+0000] {dag.py:4180} INFO - Setting next_dagrun for example_dag_decorator to None, run_after=None
[2024-10-26T15:33:35.099+0000] {processor.py:208} INFO - Processing /home/airflow/.local/lib/python3.12/site-packages/airflow/example_dags/example_dag_decorator.py took 0.737 seconds
[2024-10-26T15:34:05.205+0000] {processor.py:186} INFO - Started process (PID=876) to work on /home/airflow/.local/lib/python3.12/site-packages/airflow/example_dags/example_dag_decorator.py
[2024-10-26T15:34:05.207+0000] {processor.py:914} INFO - Processing file /home/airflow/.local/lib/python3.12/site-packages/airflow/example_dags/example_dag_decorator.py for tasks to queue
[2024-10-26T15:34:05.210+0000] {logging_mixin.py:190} INFO - [2024-10-26T15:34:05.210+0000] {dagbag.py:588} INFO - Filling up the DagBag from /home/airflow/.local/lib/python3.12/site-packages/airflow/example_dags/example_dag_decorator.py
[2024-10-26T15:34:05.228+0000] {processor.py:925} INFO - DAG(s) 'example_dag_decorator' retrieved from /home/airflow/.local/lib/python3.12/site-packages/airflow/example_dags/example_dag_decorator.py
[2024-10-26T15:34:05.421+0000] {logging_mixin.py:190} INFO - [2024-10-26T15:34:05.421+0000] {dag.py:3239} INFO - Sync 1 DAGs
[2024-10-26T15:34:05.447+0000] {logging_mixin.py:190} INFO - [2024-10-26T15:34:05.446+0000] {dag.py:4180} INFO - Setting next_dagrun for example_dag_decorator to None, run_after=None
[2024-10-26T15:34:05.490+0000] {processor.py:208} INFO - Processing /home/airflow/.local/lib/python3.12/site-packages/airflow/example_dags/example_dag_decorator.py took 0.295 seconds
[2024-10-26T15:34:36.071+0000] {processor.py:186} INFO - Started process (PID=940) to work on /home/airflow/.local/lib/python3.12/site-packages/airflow/example_dags/example_dag_decorator.py
[2024-10-26T15:34:36.073+0000] {processor.py:914} INFO - Processing file /home/airflow/.local/lib/python3.12/site-packages/airflow/example_dags/example_dag_decorator.py for tasks to queue
[2024-10-26T15:34:36.079+0000] {logging_mixin.py:190} INFO - [2024-10-26T15:34:36.078+0000] {dagbag.py:588} INFO - Filling up the DagBag from /home/airflow/.local/lib/python3.12/site-packages/airflow/example_dags/example_dag_decorator.py
[2024-10-26T15:34:36.124+0000] {processor.py:925} INFO - DAG(s) 'example_dag_decorator' retrieved from /home/airflow/.local/lib/python3.12/site-packages/airflow/example_dags/example_dag_decorator.py
[2024-10-26T15:34:36.645+0000] {logging_mixin.py:190} INFO - [2024-10-26T15:34:36.644+0000] {dag.py:3239} INFO - Sync 1 DAGs
[2024-10-26T15:34:36.729+0000] {logging_mixin.py:190} INFO - [2024-10-26T15:34:36.729+0000] {dag.py:4180} INFO - Setting next_dagrun for example_dag_decorator to None, run_after=None
[2024-10-26T15:34:36.800+0000] {processor.py:208} INFO - Processing /home/airflow/.local/lib/python3.12/site-packages/airflow/example_dags/example_dag_decorator.py took 0.743 seconds
[2024-10-26T15:35:07.706+0000] {processor.py:186} INFO - Started process (PID=1009) to work on /home/airflow/.local/lib/python3.12/site-packages/airflow/example_dags/example_dag_decorator.py
[2024-10-26T15:35:07.707+0000] {processor.py:914} INFO - Processing file /home/airflow/.local/lib/python3.12/site-packages/airflow/example_dags/example_dag_decorator.py for tasks to queue
[2024-10-26T15:35:07.709+0000] {logging_mixin.py:190} INFO - [2024-10-26T15:35:07.709+0000] {dagbag.py:588} INFO - Filling up the DagBag from /home/airflow/.local/lib/python3.12/site-packages/airflow/example_dags/example_dag_decorator.py
[2024-10-26T15:35:07.720+0000] {processor.py:925} INFO - DAG(s) 'example_dag_decorator' retrieved from /home/airflow/.local/lib/python3.12/site-packages/airflow/example_dags/example_dag_decorator.py
[2024-10-26T15:35:07.846+0000] {logging_mixin.py:190} INFO - [2024-10-26T15:35:07.846+0000] {dag.py:3239} INFO - Sync 1 DAGs
[2024-10-26T15:35:07.858+0000] {logging_mixin.py:190} INFO - [2024-10-26T15:35:07.858+0000] {dag.py:4180} INFO - Setting next_dagrun for example_dag_decorator to None, run_after=None
[2024-10-26T15:35:07.878+0000] {processor.py:208} INFO - Processing /home/airflow/.local/lib/python3.12/site-packages/airflow/example_dags/example_dag_decorator.py took 0.177 seconds
[2024-10-26T15:35:43.846+0000] {processor.py:186} INFO - Started process (PID=1071) to work on /home/airflow/.local/lib/python3.12/site-packages/airflow/example_dags/example_dag_decorator.py
[2024-10-26T15:35:43.857+0000] {processor.py:914} INFO - Processing file /home/airflow/.local/lib/python3.12/site-packages/airflow/example_dags/example_dag_decorator.py for tasks to queue
[2024-10-26T15:35:43.870+0000] {logging_mixin.py:190} INFO - [2024-10-26T15:35:43.869+0000] {dagbag.py:588} INFO - Filling up the DagBag from /home/airflow/.local/lib/python3.12/site-packages/airflow/example_dags/example_dag_decorator.py
[2024-10-26T15:35:43.918+0000] {processor.py:925} INFO - DAG(s) 'example_dag_decorator' retrieved from /home/airflow/.local/lib/python3.12/site-packages/airflow/example_dags/example_dag_decorator.py
[2024-10-26T15:35:44.652+0000] {logging_mixin.py:190} INFO - [2024-10-26T15:35:44.651+0000] {dag.py:3239} INFO - Sync 1 DAGs
[2024-10-26T15:35:44.713+0000] {logging_mixin.py:190} INFO - [2024-10-26T15:35:44.712+0000] {dag.py:4180} INFO - Setting next_dagrun for example_dag_decorator to None, run_after=None
[2024-10-26T15:35:44.797+0000] {processor.py:208} INFO - Processing /home/airflow/.local/lib/python3.12/site-packages/airflow/example_dags/example_dag_decorator.py took 0.986 seconds
[2024-10-26T15:36:15.072+0000] {processor.py:186} INFO - Started process (PID=1134) to work on /home/airflow/.local/lib/python3.12/site-packages/airflow/example_dags/example_dag_decorator.py
[2024-10-26T15:36:15.079+0000] {processor.py:914} INFO - Processing file /home/airflow/.local/lib/python3.12/site-packages/airflow/example_dags/example_dag_decorator.py for tasks to queue
[2024-10-26T15:36:15.091+0000] {logging_mixin.py:190} INFO - [2024-10-26T15:36:15.090+0000] {dagbag.py:588} INFO - Filling up the DagBag from /home/airflow/.local/lib/python3.12/site-packages/airflow/example_dags/example_dag_decorator.py
[2024-10-26T15:36:15.188+0000] {processor.py:925} INFO - DAG(s) 'example_dag_decorator' retrieved from /home/airflow/.local/lib/python3.12/site-packages/airflow/example_dags/example_dag_decorator.py
[2024-10-26T15:36:15.833+0000] {logging_mixin.py:190} INFO - [2024-10-26T15:36:15.832+0000] {dag.py:3239} INFO - Sync 1 DAGs
[2024-10-26T15:36:15.886+0000] {logging_mixin.py:190} INFO - [2024-10-26T15:36:15.885+0000] {dag.py:4180} INFO - Setting next_dagrun for example_dag_decorator to None, run_after=None
[2024-10-26T15:36:15.979+0000] {processor.py:208} INFO - Processing /home/airflow/.local/lib/python3.12/site-packages/airflow/example_dags/example_dag_decorator.py took 0.932 seconds
[2024-10-26T15:36:46.877+0000] {processor.py:186} INFO - Started process (PID=1198) to work on /home/airflow/.local/lib/python3.12/site-packages/airflow/example_dags/example_dag_decorator.py
[2024-10-26T15:36:46.879+0000] {processor.py:914} INFO - Processing file /home/airflow/.local/lib/python3.12/site-packages/airflow/example_dags/example_dag_decorator.py for tasks to queue
[2024-10-26T15:36:46.881+0000] {logging_mixin.py:190} INFO - [2024-10-26T15:36:46.880+0000] {dagbag.py:588} INFO - Filling up the DagBag from /home/airflow/.local/lib/python3.12/site-packages/airflow/example_dags/example_dag_decorator.py
[2024-10-26T15:36:46.892+0000] {processor.py:925} INFO - DAG(s) 'example_dag_decorator' retrieved from /home/airflow/.local/lib/python3.12/site-packages/airflow/example_dags/example_dag_decorator.py
[2024-10-26T15:36:46.992+0000] {logging_mixin.py:190} INFO - [2024-10-26T15:36:46.992+0000] {dag.py:3239} INFO - Sync 1 DAGs
[2024-10-26T15:36:47.025+0000] {logging_mixin.py:190} INFO - [2024-10-26T15:36:47.025+0000] {dag.py:4180} INFO - Setting next_dagrun for example_dag_decorator to None, run_after=None
[2024-10-26T15:36:47.072+0000] {processor.py:208} INFO - Processing /home/airflow/.local/lib/python3.12/site-packages/airflow/example_dags/example_dag_decorator.py took 0.201 seconds
[2024-10-26T15:37:17.730+0000] {processor.py:186} INFO - Started process (PID=1261) to work on /home/airflow/.local/lib/python3.12/site-packages/airflow/example_dags/example_dag_decorator.py
[2024-10-26T15:37:17.731+0000] {processor.py:914} INFO - Processing file /home/airflow/.local/lib/python3.12/site-packages/airflow/example_dags/example_dag_decorator.py for tasks to queue
[2024-10-26T15:37:17.733+0000] {logging_mixin.py:190} INFO - [2024-10-26T15:37:17.733+0000] {dagbag.py:588} INFO - Filling up the DagBag from /home/airflow/.local/lib/python3.12/site-packages/airflow/example_dags/example_dag_decorator.py
[2024-10-26T15:37:17.744+0000] {processor.py:925} INFO - DAG(s) 'example_dag_decorator' retrieved from /home/airflow/.local/lib/python3.12/site-packages/airflow/example_dags/example_dag_decorator.py
[2024-10-26T15:37:17.871+0000] {logging_mixin.py:190} INFO - [2024-10-26T15:37:17.870+0000] {dag.py:3239} INFO - Sync 1 DAGs
[2024-10-26T15:37:17.884+0000] {logging_mixin.py:190} INFO - [2024-10-26T15:37:17.884+0000] {dag.py:4180} INFO - Setting next_dagrun for example_dag_decorator to None, run_after=None
[2024-10-26T15:37:17.916+0000] {processor.py:208} INFO - Processing /home/airflow/.local/lib/python3.12/site-packages/airflow/example_dags/example_dag_decorator.py took 0.191 seconds
[2024-10-26T15:37:48.058+0000] {processor.py:186} INFO - Started process (PID=1325) to work on /home/airflow/.local/lib/python3.12/site-packages/airflow/example_dags/example_dag_decorator.py
[2024-10-26T15:37:48.060+0000] {processor.py:914} INFO - Processing file /home/airflow/.local/lib/python3.12/site-packages/airflow/example_dags/example_dag_decorator.py for tasks to queue
[2024-10-26T15:37:48.063+0000] {logging_mixin.py:190} INFO - [2024-10-26T15:37:48.063+0000] {dagbag.py:588} INFO - Filling up the DagBag from /home/airflow/.local/lib/python3.12/site-packages/airflow/example_dags/example_dag_decorator.py
[2024-10-26T15:37:48.083+0000] {processor.py:925} INFO - DAG(s) 'example_dag_decorator' retrieved from /home/airflow/.local/lib/python3.12/site-packages/airflow/example_dags/example_dag_decorator.py
[2024-10-26T15:37:48.263+0000] {logging_mixin.py:190} INFO - [2024-10-26T15:37:48.262+0000] {dag.py:3239} INFO - Sync 1 DAGs
[2024-10-26T15:37:48.280+0000] {logging_mixin.py:190} INFO - [2024-10-26T15:37:48.280+0000] {dag.py:4180} INFO - Setting next_dagrun for example_dag_decorator to None, run_after=None
[2024-10-26T15:37:48.310+0000] {processor.py:208} INFO - Processing /home/airflow/.local/lib/python3.12/site-packages/airflow/example_dags/example_dag_decorator.py took 0.261 seconds
[2024-10-26T15:55:18.277+0000] {processor.py:186} INFO - Started process (PID=273) to work on /home/airflow/.local/lib/python3.12/site-packages/airflow/example_dags/example_dag_decorator.py
[2024-10-26T15:55:18.535+0000] {processor.py:914} INFO - Processing file /home/airflow/.local/lib/python3.12/site-packages/airflow/example_dags/example_dag_decorator.py for tasks to queue
[2024-10-26T15:55:18.896+0000] {logging_mixin.py:190} INFO - [2024-10-26T15:55:18.894+0000] {dagbag.py:588} INFO - Filling up the DagBag from /home/airflow/.local/lib/python3.12/site-packages/airflow/example_dags/example_dag_decorator.py
[2024-10-26T15:55:19.537+0000] {processor.py:925} INFO - DAG(s) 'example_dag_decorator' retrieved from /home/airflow/.local/lib/python3.12/site-packages/airflow/example_dags/example_dag_decorator.py
[2024-10-26T15:55:25.736+0000] {logging_mixin.py:190} INFO - [2024-10-26T15:55:25.735+0000] {dag.py:3239} INFO - Sync 1 DAGs
[2024-10-26T15:55:25.992+0000] {logging_mixin.py:190} INFO - [2024-10-26T15:55:25.991+0000] {dag.py:4180} INFO - Setting next_dagrun for example_dag_decorator to None, run_after=None
[2024-10-26T15:55:26.834+0000] {processor.py:208} INFO - Processing /home/airflow/.local/lib/python3.12/site-packages/airflow/example_dags/example_dag_decorator.py took 8.695 seconds
[2024-10-26T15:56:45.545+0000] {processor.py:186} INFO - Started process (PID=341) to work on /home/airflow/.local/lib/python3.12/site-packages/airflow/example_dags/example_dag_decorator.py
[2024-10-26T15:56:45.556+0000] {processor.py:914} INFO - Processing file /home/airflow/.local/lib/python3.12/site-packages/airflow/example_dags/example_dag_decorator.py for tasks to queue
[2024-10-26T15:56:45.583+0000] {logging_mixin.py:190} INFO - [2024-10-26T15:56:45.572+0000] {dagbag.py:588} INFO - Filling up the DagBag from /home/airflow/.local/lib/python3.12/site-packages/airflow/example_dags/example_dag_decorator.py
[2024-10-26T15:56:45.719+0000] {processor.py:925} INFO - DAG(s) 'example_dag_decorator' retrieved from /home/airflow/.local/lib/python3.12/site-packages/airflow/example_dags/example_dag_decorator.py
[2024-10-26T15:56:45.887+0000] {logging_mixin.py:190} INFO - [2024-10-26T15:56:45.883+0000] {dag.py:3239} INFO - Sync 1 DAGs
[2024-10-26T15:56:46.160+0000] {logging_mixin.py:190} INFO - [2024-10-26T15:56:46.127+0000] {dag.py:4180} INFO - Setting next_dagrun for example_dag_decorator to None, run_after=None
[2024-10-26T15:56:46.467+0000] {processor.py:208} INFO - Processing /home/airflow/.local/lib/python3.12/site-packages/airflow/example_dags/example_dag_decorator.py took 0.972 seconds
[2024-10-26T15:57:43.335+0000] {processor.py:186} INFO - Started process (PID=403) to work on /home/airflow/.local/lib/python3.12/site-packages/airflow/example_dags/example_dag_decorator.py
[2024-10-26T15:57:43.345+0000] {processor.py:914} INFO - Processing file /home/airflow/.local/lib/python3.12/site-packages/airflow/example_dags/example_dag_decorator.py for tasks to queue
[2024-10-26T15:57:43.377+0000] {logging_mixin.py:190} INFO - [2024-10-26T15:57:43.369+0000] {dagbag.py:588} INFO - Filling up the DagBag from /home/airflow/.local/lib/python3.12/site-packages/airflow/example_dags/example_dag_decorator.py
[2024-10-26T15:57:43.845+0000] {processor.py:925} INFO - DAG(s) 'example_dag_decorator' retrieved from /home/airflow/.local/lib/python3.12/site-packages/airflow/example_dags/example_dag_decorator.py
[2024-10-26T15:57:48.483+0000] {logging_mixin.py:190} INFO - [2024-10-26T15:57:48.481+0000] {dag.py:3239} INFO - Sync 1 DAGs
[2024-10-26T15:57:49.338+0000] {logging_mixin.py:190} INFO - [2024-10-26T15:57:49.338+0000] {dag.py:4180} INFO - Setting next_dagrun for example_dag_decorator to None, run_after=None
[2024-10-26T15:57:50.068+0000] {processor.py:208} INFO - Processing /home/airflow/.local/lib/python3.12/site-packages/airflow/example_dags/example_dag_decorator.py took 6.911 seconds
[2024-10-26T15:59:13.585+0000] {processor.py:186} INFO - Started process (PID=478) to work on /home/airflow/.local/lib/python3.12/site-packages/airflow/example_dags/example_dag_decorator.py
[2024-10-26T15:59:13.616+0000] {processor.py:914} INFO - Processing file /home/airflow/.local/lib/python3.12/site-packages/airflow/example_dags/example_dag_decorator.py for tasks to queue
[2024-10-26T15:59:13.657+0000] {logging_mixin.py:190} INFO - [2024-10-26T15:59:13.656+0000] {dagbag.py:588} INFO - Filling up the DagBag from /home/airflow/.local/lib/python3.12/site-packages/airflow/example_dags/example_dag_decorator.py
[2024-10-26T15:59:13.842+0000] {processor.py:925} INFO - DAG(s) 'example_dag_decorator' retrieved from /home/airflow/.local/lib/python3.12/site-packages/airflow/example_dags/example_dag_decorator.py
[2024-10-26T15:59:15.154+0000] {logging_mixin.py:190} INFO - [2024-10-26T15:59:15.152+0000] {dag.py:3239} INFO - Sync 1 DAGs
[2024-10-26T15:59:15.392+0000] {logging_mixin.py:190} INFO - [2024-10-26T15:59:15.391+0000] {dag.py:4180} INFO - Setting next_dagrun for example_dag_decorator to None, run_after=None
[2024-10-26T15:59:15.983+0000] {processor.py:208} INFO - Processing /home/airflow/.local/lib/python3.12/site-packages/airflow/example_dags/example_dag_decorator.py took 2.479 seconds
[2024-10-26T16:05:52.525+0000] {processor.py:186} INFO - Started process (PID=109) to work on /home/airflow/.local/lib/python3.12/site-packages/airflow/example_dags/example_dag_decorator.py
[2024-10-26T16:05:52.536+0000] {processor.py:914} INFO - Processing file /home/airflow/.local/lib/python3.12/site-packages/airflow/example_dags/example_dag_decorator.py for tasks to queue
[2024-10-26T16:05:52.551+0000] {logging_mixin.py:190} INFO - [2024-10-26T16:05:52.550+0000] {dagbag.py:588} INFO - Filling up the DagBag from /home/airflow/.local/lib/python3.12/site-packages/airflow/example_dags/example_dag_decorator.py
[2024-10-26T16:05:52.650+0000] {processor.py:925} INFO - DAG(s) 'example_dag_decorator' retrieved from /home/airflow/.local/lib/python3.12/site-packages/airflow/example_dags/example_dag_decorator.py
[2024-10-26T16:05:55.661+0000] {logging_mixin.py:190} INFO - [2024-10-26T16:05:55.660+0000] {dag.py:3239} INFO - Sync 1 DAGs
[2024-10-26T16:05:55.996+0000] {logging_mixin.py:190} INFO - [2024-10-26T16:05:55.995+0000] {dag.py:4180} INFO - Setting next_dagrun for example_dag_decorator to None, run_after=None
[2024-10-26T16:05:56.288+0000] {processor.py:208} INFO - Processing /home/airflow/.local/lib/python3.12/site-packages/airflow/example_dags/example_dag_decorator.py took 3.861 seconds
