[2024-10-26T14:41:35.422+0000] {processor.py:186} INFO - Started process (PID=117) to work on /home/airflow/.local/lib/python3.12/site-packages/airflow/example_dags/example_dataset_alias_with_no_taskflow.py
[2024-10-26T14:41:35.431+0000] {processor.py:914} INFO - Processing file /home/airflow/.local/lib/python3.12/site-packages/airflow/example_dags/example_dataset_alias_with_no_taskflow.py for tasks to queue
[2024-10-26T14:41:35.609+0000] {logging_mixin.py:190} INFO - [2024-10-26T14:41:35.608+0000] {dagbag.py:588} INFO - Filling up the DagBag from /home/airflow/.local/lib/python3.12/site-packages/airflow/example_dags/example_dataset_alias_with_no_taskflow.py
[2024-10-26T14:41:39.025+0000] {processor.py:925} INFO - DAG(s) 'dataset_alias_example_alias_producer_with_no_taskflow', 'dataset_alias_example_alias_consumer_with_no_taskflow', 'dataset_s3_bucket_producer_with_no_taskflow', 'dataset_s3_bucket_consumer_with_no_taskflow' retrieved from /home/airflow/.local/lib/python3.12/site-packages/airflow/example_dags/example_dataset_alias_with_no_taskflow.py
[2024-10-26T14:41:41.171+0000] {logging_mixin.py:190} INFO - [2024-10-26T14:41:41.168+0000] {override.py:1900} INFO - Created Permission View: can edit on DAG:dataset_alias_example_alias_producer_with_no_taskflow
[2024-10-26T14:41:41.350+0000] {logging_mixin.py:190} INFO - [2024-10-26T14:41:41.349+0000] {override.py:1900} INFO - Created Permission View: can read on DAG:dataset_alias_example_alias_producer_with_no_taskflow
[2024-10-26T14:41:41.450+0000] {logging_mixin.py:190} INFO - [2024-10-26T14:41:41.449+0000] {override.py:1900} INFO - Created Permission View: can delete on DAG:dataset_alias_example_alias_producer_with_no_taskflow
[2024-10-26T14:41:41.649+0000] {logging_mixin.py:190} INFO - [2024-10-26T14:41:41.648+0000] {override.py:1900} INFO - Created Permission View: can read on DAG Run:dataset_alias_example_alias_producer_with_no_taskflow
[2024-10-26T14:41:41.877+0000] {logging_mixin.py:190} INFO - [2024-10-26T14:41:41.876+0000] {override.py:1900} INFO - Created Permission View: can create on DAG Run:dataset_alias_example_alias_producer_with_no_taskflow
[2024-10-26T14:41:41.974+0000] {logging_mixin.py:190} INFO - [2024-10-26T14:41:41.973+0000] {override.py:1900} INFO - Created Permission View: can delete on DAG Run:dataset_alias_example_alias_producer_with_no_taskflow
[2024-10-26T14:41:42.043+0000] {logging_mixin.py:190} INFO - [2024-10-26T14:41:42.042+0000] {override.py:1900} INFO - Created Permission View: menu access on DAG Run:dataset_alias_example_alias_producer_with_no_taskflow
[2024-10-26T14:41:42.169+0000] {logging_mixin.py:190} INFO - [2024-10-26T14:41:42.168+0000] {override.py:1900} INFO - Created Permission View: can edit on DAG:dataset_alias_example_alias_consumer_with_no_taskflow
[2024-10-26T14:41:42.257+0000] {logging_mixin.py:190} INFO - [2024-10-26T14:41:42.256+0000] {override.py:1900} INFO - Created Permission View: can read on DAG:dataset_alias_example_alias_consumer_with_no_taskflow
[2024-10-26T14:41:42.324+0000] {logging_mixin.py:190} INFO - [2024-10-26T14:41:42.323+0000] {override.py:1900} INFO - Created Permission View: can delete on DAG:dataset_alias_example_alias_consumer_with_no_taskflow
[2024-10-26T14:41:42.403+0000] {logging_mixin.py:190} INFO - [2024-10-26T14:41:42.402+0000] {override.py:1900} INFO - Created Permission View: can read on DAG Run:dataset_alias_example_alias_consumer_with_no_taskflow
[2024-10-26T14:41:42.507+0000] {logging_mixin.py:190} INFO - [2024-10-26T14:41:42.506+0000] {override.py:1900} INFO - Created Permission View: can create on DAG Run:dataset_alias_example_alias_consumer_with_no_taskflow
[2024-10-26T14:41:42.568+0000] {logging_mixin.py:190} INFO - [2024-10-26T14:41:42.567+0000] {override.py:1900} INFO - Created Permission View: can delete on DAG Run:dataset_alias_example_alias_consumer_with_no_taskflow
[2024-10-26T14:41:42.638+0000] {logging_mixin.py:190} INFO - [2024-10-26T14:41:42.626+0000] {override.py:1900} INFO - Created Permission View: menu access on DAG Run:dataset_alias_example_alias_consumer_with_no_taskflow
[2024-10-26T14:41:42.725+0000] {logging_mixin.py:190} INFO - [2024-10-26T14:41:42.724+0000] {override.py:1900} INFO - Created Permission View: can edit on DAG:dataset_s3_bucket_producer_with_no_taskflow
[2024-10-26T14:41:42.897+0000] {logging_mixin.py:190} INFO - [2024-10-26T14:41:42.897+0000] {override.py:1900} INFO - Created Permission View: can read on DAG:dataset_s3_bucket_producer_with_no_taskflow
[2024-10-26T14:41:43.082+0000] {logging_mixin.py:190} INFO - [2024-10-26T14:41:43.050+0000] {override.py:1900} INFO - Created Permission View: can delete on DAG:dataset_s3_bucket_producer_with_no_taskflow
[2024-10-26T14:41:43.181+0000] {logging_mixin.py:190} INFO - [2024-10-26T14:41:43.180+0000] {override.py:1900} INFO - Created Permission View: can read on DAG Run:dataset_s3_bucket_producer_with_no_taskflow
[2024-10-26T14:41:43.249+0000] {logging_mixin.py:190} INFO - [2024-10-26T14:41:43.249+0000] {override.py:1900} INFO - Created Permission View: can create on DAG Run:dataset_s3_bucket_producer_with_no_taskflow
[2024-10-26T14:41:43.309+0000] {logging_mixin.py:190} INFO - [2024-10-26T14:41:43.308+0000] {override.py:1900} INFO - Created Permission View: can delete on DAG Run:dataset_s3_bucket_producer_with_no_taskflow
[2024-10-26T14:41:43.374+0000] {logging_mixin.py:190} INFO - [2024-10-26T14:41:43.373+0000] {override.py:1900} INFO - Created Permission View: menu access on DAG Run:dataset_s3_bucket_producer_with_no_taskflow
[2024-10-26T14:41:43.497+0000] {logging_mixin.py:190} INFO - [2024-10-26T14:41:43.496+0000] {override.py:1900} INFO - Created Permission View: can edit on DAG:dataset_s3_bucket_consumer_with_no_taskflow
[2024-10-26T14:41:43.545+0000] {logging_mixin.py:190} INFO - [2024-10-26T14:41:43.544+0000] {override.py:1900} INFO - Created Permission View: can read on DAG:dataset_s3_bucket_consumer_with_no_taskflow
[2024-10-26T14:41:43.581+0000] {logging_mixin.py:190} INFO - [2024-10-26T14:41:43.580+0000] {override.py:1900} INFO - Created Permission View: can delete on DAG:dataset_s3_bucket_consumer_with_no_taskflow
[2024-10-26T14:41:43.639+0000] {logging_mixin.py:190} INFO - [2024-10-26T14:41:43.638+0000] {override.py:1900} INFO - Created Permission View: can read on DAG Run:dataset_s3_bucket_consumer_with_no_taskflow
[2024-10-26T14:41:43.732+0000] {logging_mixin.py:190} INFO - [2024-10-26T14:41:43.731+0000] {override.py:1900} INFO - Created Permission View: can create on DAG Run:dataset_s3_bucket_consumer_with_no_taskflow
[2024-10-26T14:41:43.892+0000] {logging_mixin.py:190} INFO - [2024-10-26T14:41:43.891+0000] {override.py:1900} INFO - Created Permission View: can delete on DAG Run:dataset_s3_bucket_consumer_with_no_taskflow
[2024-10-26T14:41:44.034+0000] {logging_mixin.py:190} INFO - [2024-10-26T14:41:44.033+0000] {override.py:1900} INFO - Created Permission View: menu access on DAG Run:dataset_s3_bucket_consumer_with_no_taskflow
[2024-10-26T14:41:44.035+0000] {logging_mixin.py:190} INFO - [2024-10-26T14:41:44.035+0000] {dag.py:3239} INFO - Sync 4 DAGs
[2024-10-26T14:41:44.409+0000] {logging_mixin.py:190} INFO - [2024-10-26T14:41:44.406+0000] {dag.py:3262} INFO - Creating ORM DAG for dataset_alias_example_alias_producer_with_no_taskflow
[2024-10-26T14:41:44.421+0000] {logging_mixin.py:190} INFO - [2024-10-26T14:41:44.420+0000] {dag.py:3262} INFO - Creating ORM DAG for dataset_alias_example_alias_consumer_with_no_taskflow
[2024-10-26T14:41:44.430+0000] {logging_mixin.py:190} INFO - [2024-10-26T14:41:44.429+0000] {dag.py:3262} INFO - Creating ORM DAG for dataset_s3_bucket_consumer_with_no_taskflow
[2024-10-26T14:41:44.440+0000] {logging_mixin.py:190} INFO - [2024-10-26T14:41:44.439+0000] {dag.py:3262} INFO - Creating ORM DAG for dataset_s3_bucket_producer_with_no_taskflow
[2024-10-26T14:41:44.590+0000] {logging_mixin.py:190} INFO - [2024-10-26T14:41:44.589+0000] {dag.py:4180} INFO - Setting next_dagrun for dataset_alias_example_alias_consumer_with_no_taskflow to None, run_after=None
[2024-10-26T14:41:44.592+0000] {logging_mixin.py:190} INFO - [2024-10-26T14:41:44.592+0000] {dag.py:4180} INFO - Setting next_dagrun for dataset_alias_example_alias_producer_with_no_taskflow to None, run_after=None
[2024-10-26T14:41:44.594+0000] {logging_mixin.py:190} INFO - [2024-10-26T14:41:44.594+0000] {dag.py:4180} INFO - Setting next_dagrun for dataset_s3_bucket_consumer_with_no_taskflow to None, run_after=None
[2024-10-26T14:41:44.596+0000] {logging_mixin.py:190} INFO - [2024-10-26T14:41:44.596+0000] {dag.py:4180} INFO - Setting next_dagrun for dataset_s3_bucket_producer_with_no_taskflow to None, run_after=None
[2024-10-26T14:41:44.921+0000] {processor.py:208} INFO - Processing /home/airflow/.local/lib/python3.12/site-packages/airflow/example_dags/example_dataset_alias_with_no_taskflow.py took 9.595 seconds
