[2024-11-04T02:40:26.847+0000] {processor.py:186} INFO - Started process (PID=198) to work on /home/airflow/.local/lib/python3.12/site-packages/airflow/example_dags/example_latest_only_with_trigger.py
[2024-11-04T02:40:26.911+0000] {processor.py:914} INFO - Processing file /home/airflow/.local/lib/python3.12/site-packages/airflow/example_dags/example_latest_only_with_trigger.py for tasks to queue
[2024-11-04T02:40:27.691+0000] {logging_mixin.py:190} INFO - [2024-11-04T02:40:27.450+0000] {dagbag.py:588} INFO - Filling up the DagBag from /home/airflow/.local/lib/python3.12/site-packages/airflow/example_dags/example_latest_only_with_trigger.py
[2024-11-04T02:40:29.773+0000] {processor.py:925} INFO - DAG(s) 'latest_only_with_trigger' retrieved from /home/airflow/.local/lib/python3.12/site-packages/airflow/example_dags/example_latest_only_with_trigger.py
[2024-11-04T02:40:32.092+0000] {logging_mixin.py:190} INFO - [2024-11-04T02:40:32.091+0000] {dag.py:3239} INFO - Sync 1 DAGs
[2024-11-04T02:40:34.867+0000] {logging_mixin.py:190} INFO - [2024-11-04T02:40:34.835+0000] {dag.py:4180} INFO - Setting next_dagrun for latest_only_with_trigger to 2024-11-03 20:00:00+00:00, run_after=2024-11-04 00:00:00+00:00
[2024-11-04T02:40:36.483+0000] {processor.py:208} INFO - Processing /home/airflow/.local/lib/python3.12/site-packages/airflow/example_dags/example_latest_only_with_trigger.py took 11.303 seconds
[2024-11-04T02:46:19.951+0000] {processor.py:186} INFO - Started process (PID=315) to work on /home/airflow/.local/lib/python3.12/site-packages/airflow/example_dags/example_latest_only_with_trigger.py
[2024-11-04T02:46:19.955+0000] {processor.py:914} INFO - Processing file /home/airflow/.local/lib/python3.12/site-packages/airflow/example_dags/example_latest_only_with_trigger.py for tasks to queue
[2024-11-04T02:46:19.967+0000] {logging_mixin.py:190} INFO - [2024-11-04T02:46:19.966+0000] {dagbag.py:588} INFO - Filling up the DagBag from /home/airflow/.local/lib/python3.12/site-packages/airflow/example_dags/example_latest_only_with_trigger.py
[2024-11-04T02:46:20.311+0000] {processor.py:925} INFO - DAG(s) 'latest_only_with_trigger' retrieved from /home/airflow/.local/lib/python3.12/site-packages/airflow/example_dags/example_latest_only_with_trigger.py
[2024-11-04T02:46:20.720+0000] {logging_mixin.py:190} INFO - [2024-11-04T02:46:20.720+0000] {dag.py:3239} INFO - Sync 1 DAGs
[2024-11-04T02:46:21.463+0000] {logging_mixin.py:190} INFO - [2024-11-04T02:46:21.462+0000] {dag.py:4180} INFO - Setting next_dagrun for latest_only_with_trigger to 2024-11-03 20:00:00+00:00, run_after=2024-11-04 00:00:00+00:00
[2024-11-04T02:46:21.994+0000] {processor.py:208} INFO - Processing /home/airflow/.local/lib/python3.12/site-packages/airflow/example_dags/example_latest_only_with_trigger.py took 2.220 seconds
[2024-11-04T02:50:07.516+0000] {processor.py:186} INFO - Started process (PID=434) to work on /home/airflow/.local/lib/python3.12/site-packages/airflow/example_dags/example_latest_only_with_trigger.py
[2024-11-04T02:50:07.519+0000] {processor.py:914} INFO - Processing file /home/airflow/.local/lib/python3.12/site-packages/airflow/example_dags/example_latest_only_with_trigger.py for tasks to queue
[2024-11-04T02:50:07.522+0000] {logging_mixin.py:190} INFO - [2024-11-04T02:50:07.521+0000] {dagbag.py:588} INFO - Filling up the DagBag from /home/airflow/.local/lib/python3.12/site-packages/airflow/example_dags/example_latest_only_with_trigger.py
[2024-11-04T02:50:07.590+0000] {processor.py:925} INFO - DAG(s) 'latest_only_with_trigger' retrieved from /home/airflow/.local/lib/python3.12/site-packages/airflow/example_dags/example_latest_only_with_trigger.py
[2024-11-04T02:50:07.738+0000] {logging_mixin.py:190} INFO - [2024-11-04T02:50:07.737+0000] {dag.py:3239} INFO - Sync 1 DAGs
[2024-11-04T02:50:08.141+0000] {logging_mixin.py:190} INFO - [2024-11-04T02:50:08.140+0000] {dag.py:4180} INFO - Setting next_dagrun for latest_only_with_trigger to 2024-11-03 20:00:00+00:00, run_after=2024-11-04 00:00:00+00:00
[2024-11-04T02:50:08.467+0000] {processor.py:208} INFO - Processing /home/airflow/.local/lib/python3.12/site-packages/airflow/example_dags/example_latest_only_with_trigger.py took 1.057 seconds
[2024-11-04T02:53:07.507+0000] {processor.py:186} INFO - Started process (PID=543) to work on /home/airflow/.local/lib/python3.12/site-packages/airflow/example_dags/example_latest_only_with_trigger.py
[2024-11-04T02:53:07.648+0000] {processor.py:914} INFO - Processing file /home/airflow/.local/lib/python3.12/site-packages/airflow/example_dags/example_latest_only_with_trigger.py for tasks to queue
[2024-11-04T02:53:07.656+0000] {logging_mixin.py:190} INFO - [2024-11-04T02:53:07.655+0000] {dagbag.py:588} INFO - Filling up the DagBag from /home/airflow/.local/lib/python3.12/site-packages/airflow/example_dags/example_latest_only_with_trigger.py
[2024-11-04T02:53:07.868+0000] {processor.py:925} INFO - DAG(s) 'latest_only_with_trigger' retrieved from /home/airflow/.local/lib/python3.12/site-packages/airflow/example_dags/example_latest_only_with_trigger.py
[2024-11-04T02:53:08.474+0000] {logging_mixin.py:190} INFO - [2024-11-04T02:53:08.473+0000] {dag.py:3239} INFO - Sync 1 DAGs
[2024-11-04T02:53:09.425+0000] {logging_mixin.py:190} INFO - [2024-11-04T02:53:09.424+0000] {dag.py:4180} INFO - Setting next_dagrun for latest_only_with_trigger to 2024-11-03 20:00:00+00:00, run_after=2024-11-04 00:00:00+00:00
[2024-11-04T02:53:10.339+0000] {processor.py:208} INFO - Processing /home/airflow/.local/lib/python3.12/site-packages/airflow/example_dags/example_latest_only_with_trigger.py took 3.025 seconds
[2024-11-04T02:57:07.295+0000] {processor.py:186} INFO - Started process (PID=662) to work on /home/airflow/.local/lib/python3.12/site-packages/airflow/example_dags/example_latest_only_with_trigger.py
[2024-11-04T02:57:07.338+0000] {processor.py:914} INFO - Processing file /home/airflow/.local/lib/python3.12/site-packages/airflow/example_dags/example_latest_only_with_trigger.py for tasks to queue
[2024-11-04T02:57:07.344+0000] {logging_mixin.py:190} INFO - [2024-11-04T02:57:07.342+0000] {dagbag.py:588} INFO - Filling up the DagBag from /home/airflow/.local/lib/python3.12/site-packages/airflow/example_dags/example_latest_only_with_trigger.py
[2024-11-04T02:57:07.619+0000] {processor.py:925} INFO - DAG(s) 'latest_only_with_trigger' retrieved from /home/airflow/.local/lib/python3.12/site-packages/airflow/example_dags/example_latest_only_with_trigger.py
[2024-11-04T02:57:08.134+0000] {logging_mixin.py:190} INFO - [2024-11-04T02:57:08.133+0000] {dag.py:3239} INFO - Sync 1 DAGs
[2024-11-04T02:57:08.814+0000] {logging_mixin.py:190} INFO - [2024-11-04T02:57:08.812+0000] {dag.py:4180} INFO - Setting next_dagrun for latest_only_with_trigger to 2024-11-03 20:00:00+00:00, run_after=2024-11-04 00:00:00+00:00
[2024-11-04T02:57:09.169+0000] {processor.py:208} INFO - Processing /home/airflow/.local/lib/python3.12/site-packages/airflow/example_dags/example_latest_only_with_trigger.py took 2.076 seconds
[2024-11-04T03:10:22.545+0000] {processor.py:186} INFO - Started process (PID=801) to work on /home/airflow/.local/lib/python3.12/site-packages/airflow/example_dags/example_latest_only_with_trigger.py
[2024-11-04T03:10:22.611+0000] {processor.py:914} INFO - Processing file /home/airflow/.local/lib/python3.12/site-packages/airflow/example_dags/example_latest_only_with_trigger.py for tasks to queue
[2024-11-04T03:10:22.679+0000] {logging_mixin.py:190} INFO - [2024-11-04T03:10:22.664+0000] {dagbag.py:588} INFO - Filling up the DagBag from /home/airflow/.local/lib/python3.12/site-packages/airflow/example_dags/example_latest_only_with_trigger.py
[2024-11-04T03:10:23.489+0000] {processor.py:925} INFO - DAG(s) 'latest_only_with_trigger' retrieved from /home/airflow/.local/lib/python3.12/site-packages/airflow/example_dags/example_latest_only_with_trigger.py
[2024-11-04T03:10:24.076+0000] {logging_mixin.py:190} INFO - [2024-11-04T03:10:24.057+0000] {dag.py:3239} INFO - Sync 1 DAGs
[2024-11-04T03:10:24.630+0000] {logging_mixin.py:190} INFO - [2024-11-04T03:10:24.628+0000] {dag.py:4180} INFO - Setting next_dagrun for latest_only_with_trigger to 2024-11-03 20:00:00+00:00, run_after=2024-11-04 00:00:00+00:00
[2024-11-04T03:10:26.013+0000] {processor.py:208} INFO - Processing /home/airflow/.local/lib/python3.12/site-packages/airflow/example_dags/example_latest_only_with_trigger.py took 4.085 seconds
[2024-11-04T03:13:18.833+0000] {processor.py:186} INFO - Started process (PID=910) to work on /home/airflow/.local/lib/python3.12/site-packages/airflow/example_dags/example_latest_only_with_trigger.py
[2024-11-04T03:13:18.854+0000] {processor.py:914} INFO - Processing file /home/airflow/.local/lib/python3.12/site-packages/airflow/example_dags/example_latest_only_with_trigger.py for tasks to queue
[2024-11-04T03:13:18.869+0000] {logging_mixin.py:190} INFO - [2024-11-04T03:13:18.868+0000] {dagbag.py:588} INFO - Filling up the DagBag from /home/airflow/.local/lib/python3.12/site-packages/airflow/example_dags/example_latest_only_with_trigger.py
[2024-11-04T03:13:19.016+0000] {processor.py:925} INFO - DAG(s) 'latest_only_with_trigger' retrieved from /home/airflow/.local/lib/python3.12/site-packages/airflow/example_dags/example_latest_only_with_trigger.py
[2024-11-04T03:13:19.845+0000] {logging_mixin.py:190} INFO - [2024-11-04T03:13:19.844+0000] {dag.py:3239} INFO - Sync 1 DAGs
[2024-11-04T03:13:21.948+0000] {logging_mixin.py:190} INFO - [2024-11-04T03:13:21.946+0000] {dag.py:4180} INFO - Setting next_dagrun for latest_only_with_trigger to 2024-11-03 20:00:00+00:00, run_after=2024-11-04 00:00:00+00:00
[2024-11-04T03:13:23.092+0000] {processor.py:208} INFO - Processing /home/airflow/.local/lib/python3.12/site-packages/airflow/example_dags/example_latest_only_with_trigger.py took 5.074 seconds
[2024-11-04T03:17:24.357+0000] {processor.py:186} INFO - Started process (PID=1046) to work on /home/airflow/.local/lib/python3.12/site-packages/airflow/example_dags/example_latest_only_with_trigger.py
[2024-11-04T03:17:24.392+0000] {processor.py:914} INFO - Processing file /home/airflow/.local/lib/python3.12/site-packages/airflow/example_dags/example_latest_only_with_trigger.py for tasks to queue
[2024-11-04T03:17:24.429+0000] {logging_mixin.py:190} INFO - [2024-11-04T03:17:24.409+0000] {dagbag.py:588} INFO - Filling up the DagBag from /home/airflow/.local/lib/python3.12/site-packages/airflow/example_dags/example_latest_only_with_trigger.py
[2024-11-04T03:17:24.604+0000] {processor.py:925} INFO - DAG(s) 'latest_only_with_trigger' retrieved from /home/airflow/.local/lib/python3.12/site-packages/airflow/example_dags/example_latest_only_with_trigger.py
[2024-11-04T03:17:25.072+0000] {logging_mixin.py:190} INFO - [2024-11-04T03:17:25.071+0000] {dag.py:3239} INFO - Sync 1 DAGs
[2024-11-04T03:17:26.015+0000] {logging_mixin.py:190} INFO - [2024-11-04T03:17:26.014+0000] {dag.py:4180} INFO - Setting next_dagrun for latest_only_with_trigger to 2024-11-03 20:00:00+00:00, run_after=2024-11-04 00:00:00+00:00
[2024-11-04T03:17:26.511+0000] {processor.py:208} INFO - Processing /home/airflow/.local/lib/python3.12/site-packages/airflow/example_dags/example_latest_only_with_trigger.py took 2.228 seconds
[2024-11-04T03:19:11.172+0000] {processor.py:186} INFO - Started process (PID=1138) to work on /home/airflow/.local/lib/python3.12/site-packages/airflow/example_dags/example_latest_only_with_trigger.py
[2024-11-04T03:19:11.196+0000] {processor.py:914} INFO - Processing file /home/airflow/.local/lib/python3.12/site-packages/airflow/example_dags/example_latest_only_with_trigger.py for tasks to queue
[2024-11-04T03:19:11.199+0000] {logging_mixin.py:190} INFO - [2024-11-04T03:19:11.198+0000] {dagbag.py:588} INFO - Filling up the DagBag from /home/airflow/.local/lib/python3.12/site-packages/airflow/example_dags/example_latest_only_with_trigger.py
[2024-11-04T03:19:11.220+0000] {processor.py:925} INFO - DAG(s) 'latest_only_with_trigger' retrieved from /home/airflow/.local/lib/python3.12/site-packages/airflow/example_dags/example_latest_only_with_trigger.py
[2024-11-04T03:19:11.436+0000] {logging_mixin.py:190} INFO - [2024-11-04T03:19:11.435+0000] {dag.py:3239} INFO - Sync 1 DAGs
[2024-11-04T03:19:11.639+0000] {logging_mixin.py:190} INFO - [2024-11-04T03:19:11.639+0000] {dag.py:4180} INFO - Setting next_dagrun for latest_only_with_trigger to 2024-11-03 20:00:00+00:00, run_after=2024-11-04 00:00:00+00:00
[2024-11-04T03:19:11.907+0000] {processor.py:208} INFO - Processing /home/airflow/.local/lib/python3.12/site-packages/airflow/example_dags/example_latest_only_with_trigger.py took 0.749 seconds
[2024-11-04T03:21:11.457+0000] {processor.py:186} INFO - Started process (PID=1235) to work on /home/airflow/.local/lib/python3.12/site-packages/airflow/example_dags/example_latest_only_with_trigger.py
[2024-11-04T03:21:11.491+0000] {processor.py:914} INFO - Processing file /home/airflow/.local/lib/python3.12/site-packages/airflow/example_dags/example_latest_only_with_trigger.py for tasks to queue
[2024-11-04T03:21:11.517+0000] {logging_mixin.py:190} INFO - [2024-11-04T03:21:11.516+0000] {dagbag.py:588} INFO - Filling up the DagBag from /home/airflow/.local/lib/python3.12/site-packages/airflow/example_dags/example_latest_only_with_trigger.py
[2024-11-04T03:21:11.757+0000] {processor.py:925} INFO - DAG(s) 'latest_only_with_trigger' retrieved from /home/airflow/.local/lib/python3.12/site-packages/airflow/example_dags/example_latest_only_with_trigger.py
[2024-11-04T03:21:12.593+0000] {logging_mixin.py:190} INFO - [2024-11-04T03:21:12.592+0000] {dag.py:3239} INFO - Sync 1 DAGs
[2024-11-04T03:21:13.077+0000] {logging_mixin.py:190} INFO - [2024-11-04T03:21:13.076+0000] {dag.py:4180} INFO - Setting next_dagrun for latest_only_with_trigger to 2024-11-03 20:00:00+00:00, run_after=2024-11-04 00:00:00+00:00
[2024-11-04T03:21:13.346+0000] {processor.py:208} INFO - Processing /home/airflow/.local/lib/python3.12/site-packages/airflow/example_dags/example_latest_only_with_trigger.py took 2.050 seconds
[2024-11-04T03:22:29.388+0000] {processor.py:186} INFO - Started process (PID=1316) to work on /home/airflow/.local/lib/python3.12/site-packages/airflow/example_dags/example_latest_only_with_trigger.py
[2024-11-04T03:22:29.404+0000] {processor.py:914} INFO - Processing file /home/airflow/.local/lib/python3.12/site-packages/airflow/example_dags/example_latest_only_with_trigger.py for tasks to queue
[2024-11-04T03:22:29.427+0000] {logging_mixin.py:190} INFO - [2024-11-04T03:22:29.413+0000] {dagbag.py:588} INFO - Filling up the DagBag from /home/airflow/.local/lib/python3.12/site-packages/airflow/example_dags/example_latest_only_with_trigger.py
[2024-11-04T03:22:29.640+0000] {processor.py:925} INFO - DAG(s) 'latest_only_with_trigger' retrieved from /home/airflow/.local/lib/python3.12/site-packages/airflow/example_dags/example_latest_only_with_trigger.py
[2024-11-04T03:22:30.055+0000] {logging_mixin.py:190} INFO - [2024-11-04T03:22:30.055+0000] {dag.py:3239} INFO - Sync 1 DAGs
[2024-11-04T03:22:30.277+0000] {logging_mixin.py:190} INFO - [2024-11-04T03:22:30.276+0000] {dag.py:4180} INFO - Setting next_dagrun for latest_only_with_trigger to 2024-11-03 20:00:00+00:00, run_after=2024-11-04 00:00:00+00:00
[2024-11-04T03:22:30.546+0000] {processor.py:208} INFO - Processing /home/airflow/.local/lib/python3.12/site-packages/airflow/example_dags/example_latest_only_with_trigger.py took 1.221 seconds
[2024-11-04T03:26:09.689+0000] {processor.py:186} INFO - Started process (PID=1422) to work on /home/airflow/.local/lib/python3.12/site-packages/airflow/example_dags/example_latest_only_with_trigger.py
[2024-11-04T03:26:09.746+0000] {processor.py:914} INFO - Processing file /home/airflow/.local/lib/python3.12/site-packages/airflow/example_dags/example_latest_only_with_trigger.py for tasks to queue
[2024-11-04T03:26:09.751+0000] {logging_mixin.py:190} INFO - [2024-11-04T03:26:09.750+0000] {dagbag.py:588} INFO - Filling up the DagBag from /home/airflow/.local/lib/python3.12/site-packages/airflow/example_dags/example_latest_only_with_trigger.py
[2024-11-04T03:26:10.162+0000] {processor.py:925} INFO - DAG(s) 'latest_only_with_trigger' retrieved from /home/airflow/.local/lib/python3.12/site-packages/airflow/example_dags/example_latest_only_with_trigger.py
[2024-11-04T03:26:12.650+0000] {logging_mixin.py:190} INFO - [2024-11-04T03:26:12.650+0000] {dag.py:3239} INFO - Sync 1 DAGs
[2024-11-04T03:26:13.679+0000] {logging_mixin.py:190} INFO - [2024-11-04T03:26:13.678+0000] {dag.py:4180} INFO - Setting next_dagrun for latest_only_with_trigger to 2024-11-03 20:00:00+00:00, run_after=2024-11-04 00:00:00+00:00
[2024-11-04T03:26:14.617+0000] {processor.py:208} INFO - Processing /home/airflow/.local/lib/python3.12/site-packages/airflow/example_dags/example_latest_only_with_trigger.py took 5.905 seconds
[2024-11-04T03:28:44.643+0000] {processor.py:186} INFO - Started process (PID=1525) to work on /home/airflow/.local/lib/python3.12/site-packages/airflow/example_dags/example_latest_only_with_trigger.py
[2024-11-04T03:28:44.651+0000] {processor.py:914} INFO - Processing file /home/airflow/.local/lib/python3.12/site-packages/airflow/example_dags/example_latest_only_with_trigger.py for tasks to queue
[2024-11-04T03:28:44.654+0000] {logging_mixin.py:190} INFO - [2024-11-04T03:28:44.653+0000] {dagbag.py:588} INFO - Filling up the DagBag from /home/airflow/.local/lib/python3.12/site-packages/airflow/example_dags/example_latest_only_with_trigger.py
[2024-11-04T03:28:44.704+0000] {processor.py:925} INFO - DAG(s) 'latest_only_with_trigger' retrieved from /home/airflow/.local/lib/python3.12/site-packages/airflow/example_dags/example_latest_only_with_trigger.py
[2024-11-04T03:28:44.956+0000] {logging_mixin.py:190} INFO - [2024-11-04T03:28:44.955+0000] {dag.py:3239} INFO - Sync 1 DAGs
[2024-11-04T03:28:45.236+0000] {logging_mixin.py:190} INFO - [2024-11-04T03:28:45.236+0000] {dag.py:4180} INFO - Setting next_dagrun for latest_only_with_trigger to 2024-11-03 20:00:00+00:00, run_after=2024-11-04 00:00:00+00:00
[2024-11-04T03:28:45.524+0000] {processor.py:208} INFO - Processing /home/airflow/.local/lib/python3.12/site-packages/airflow/example_dags/example_latest_only_with_trigger.py took 0.922 seconds
[2024-11-04T03:31:15.157+0000] {processor.py:186} INFO - Started process (PID=1634) to work on /home/airflow/.local/lib/python3.12/site-packages/airflow/example_dags/example_latest_only_with_trigger.py
[2024-11-04T03:31:15.173+0000] {processor.py:914} INFO - Processing file /home/airflow/.local/lib/python3.12/site-packages/airflow/example_dags/example_latest_only_with_trigger.py for tasks to queue
[2024-11-04T03:31:15.221+0000] {logging_mixin.py:190} INFO - [2024-11-04T03:31:15.219+0000] {dagbag.py:588} INFO - Filling up the DagBag from /home/airflow/.local/lib/python3.12/site-packages/airflow/example_dags/example_latest_only_with_trigger.py
[2024-11-04T03:31:15.734+0000] {processor.py:925} INFO - DAG(s) 'latest_only_with_trigger' retrieved from /home/airflow/.local/lib/python3.12/site-packages/airflow/example_dags/example_latest_only_with_trigger.py
[2024-11-04T03:31:16.305+0000] {logging_mixin.py:190} INFO - [2024-11-04T03:31:16.294+0000] {dag.py:3239} INFO - Sync 1 DAGs
[2024-11-04T03:31:16.664+0000] {logging_mixin.py:190} INFO - [2024-11-04T03:31:16.663+0000] {dag.py:4180} INFO - Setting next_dagrun for latest_only_with_trigger to 2024-11-03 20:00:00+00:00, run_after=2024-11-04 00:00:00+00:00
[2024-11-04T03:31:17.422+0000] {processor.py:208} INFO - Processing /home/airflow/.local/lib/python3.12/site-packages/airflow/example_dags/example_latest_only_with_trigger.py took 2.420 seconds
[2024-11-04T03:34:28.472+0000] {processor.py:186} INFO - Started process (PID=1751) to work on /home/airflow/.local/lib/python3.12/site-packages/airflow/example_dags/example_latest_only_with_trigger.py
[2024-11-04T03:34:28.651+0000] {processor.py:914} INFO - Processing file /home/airflow/.local/lib/python3.12/site-packages/airflow/example_dags/example_latest_only_with_trigger.py for tasks to queue
[2024-11-04T03:34:28.694+0000] {logging_mixin.py:190} INFO - [2024-11-04T03:34:28.665+0000] {dagbag.py:588} INFO - Filling up the DagBag from /home/airflow/.local/lib/python3.12/site-packages/airflow/example_dags/example_latest_only_with_trigger.py
[2024-11-04T03:34:28.963+0000] {processor.py:925} INFO - DAG(s) 'latest_only_with_trigger' retrieved from /home/airflow/.local/lib/python3.12/site-packages/airflow/example_dags/example_latest_only_with_trigger.py
[2024-11-04T03:34:29.423+0000] {logging_mixin.py:190} INFO - [2024-11-04T03:34:29.422+0000] {dag.py:3239} INFO - Sync 1 DAGs
[2024-11-04T03:34:29.813+0000] {logging_mixin.py:190} INFO - [2024-11-04T03:34:29.813+0000] {dag.py:4180} INFO - Setting next_dagrun for latest_only_with_trigger to 2024-11-03 20:00:00+00:00, run_after=2024-11-04 00:00:00+00:00
[2024-11-04T03:34:30.117+0000] {processor.py:208} INFO - Processing /home/airflow/.local/lib/python3.12/site-packages/airflow/example_dags/example_latest_only_with_trigger.py took 2.166 seconds
[2024-11-04T03:39:50.883+0000] {processor.py:186} INFO - Started process (PID=1893) to work on /home/airflow/.local/lib/python3.12/site-packages/airflow/example_dags/example_latest_only_with_trigger.py
[2024-11-04T03:39:50.912+0000] {processor.py:914} INFO - Processing file /home/airflow/.local/lib/python3.12/site-packages/airflow/example_dags/example_latest_only_with_trigger.py for tasks to queue
[2024-11-04T03:39:50.948+0000] {logging_mixin.py:190} INFO - [2024-11-04T03:39:50.922+0000] {dagbag.py:588} INFO - Filling up the DagBag from /home/airflow/.local/lib/python3.12/site-packages/airflow/example_dags/example_latest_only_with_trigger.py
[2024-11-04T03:39:51.105+0000] {processor.py:925} INFO - DAG(s) 'latest_only_with_trigger' retrieved from /home/airflow/.local/lib/python3.12/site-packages/airflow/example_dags/example_latest_only_with_trigger.py
[2024-11-04T03:39:51.620+0000] {logging_mixin.py:190} INFO - [2024-11-04T03:39:51.619+0000] {dag.py:3239} INFO - Sync 1 DAGs
[2024-11-04T03:39:52.216+0000] {logging_mixin.py:190} INFO - [2024-11-04T03:39:52.215+0000] {dag.py:4180} INFO - Setting next_dagrun for latest_only_with_trigger to 2024-11-03 20:00:00+00:00, run_after=2024-11-04 00:00:00+00:00
[2024-11-04T03:39:52.650+0000] {processor.py:208} INFO - Processing /home/airflow/.local/lib/python3.12/site-packages/airflow/example_dags/example_latest_only_with_trigger.py took 1.833 seconds
[2024-11-04T03:44:58.741+0000] {processor.py:186} INFO - Started process (PID=2030) to work on /home/airflow/.local/lib/python3.12/site-packages/airflow/example_dags/example_latest_only_with_trigger.py
[2024-11-04T03:44:58.748+0000] {processor.py:914} INFO - Processing file /home/airflow/.local/lib/python3.12/site-packages/airflow/example_dags/example_latest_only_with_trigger.py for tasks to queue
[2024-11-04T03:44:58.760+0000] {logging_mixin.py:190} INFO - [2024-11-04T03:44:58.759+0000] {dagbag.py:588} INFO - Filling up the DagBag from /home/airflow/.local/lib/python3.12/site-packages/airflow/example_dags/example_latest_only_with_trigger.py
[2024-11-04T03:44:58.922+0000] {processor.py:925} INFO - DAG(s) 'latest_only_with_trigger' retrieved from /home/airflow/.local/lib/python3.12/site-packages/airflow/example_dags/example_latest_only_with_trigger.py
[2024-11-04T03:44:59.221+0000] {logging_mixin.py:190} INFO - [2024-11-04T03:44:59.220+0000] {dag.py:3239} INFO - Sync 1 DAGs
[2024-11-04T03:44:59.435+0000] {logging_mixin.py:190} INFO - [2024-11-04T03:44:59.434+0000] {dag.py:4180} INFO - Setting next_dagrun for latest_only_with_trigger to 2024-11-03 20:00:00+00:00, run_after=2024-11-04 00:00:00+00:00
[2024-11-04T03:44:59.971+0000] {processor.py:208} INFO - Processing /home/airflow/.local/lib/python3.12/site-packages/airflow/example_dags/example_latest_only_with_trigger.py took 1.323 seconds
[2024-11-04T03:47:32.880+0000] {processor.py:186} INFO - Started process (PID=2136) to work on /home/airflow/.local/lib/python3.12/site-packages/airflow/example_dags/example_latest_only_with_trigger.py
[2024-11-04T03:47:32.923+0000] {processor.py:914} INFO - Processing file /home/airflow/.local/lib/python3.12/site-packages/airflow/example_dags/example_latest_only_with_trigger.py for tasks to queue
[2024-11-04T03:47:32.933+0000] {logging_mixin.py:190} INFO - [2024-11-04T03:47:32.932+0000] {dagbag.py:588} INFO - Filling up the DagBag from /home/airflow/.local/lib/python3.12/site-packages/airflow/example_dags/example_latest_only_with_trigger.py
[2024-11-04T03:47:33.046+0000] {processor.py:925} INFO - DAG(s) 'latest_only_with_trigger' retrieved from /home/airflow/.local/lib/python3.12/site-packages/airflow/example_dags/example_latest_only_with_trigger.py
[2024-11-04T03:47:33.343+0000] {logging_mixin.py:190} INFO - [2024-11-04T03:47:33.332+0000] {dag.py:3239} INFO - Sync 1 DAGs
[2024-11-04T03:47:33.628+0000] {logging_mixin.py:190} INFO - [2024-11-04T03:47:33.627+0000] {dag.py:4180} INFO - Setting next_dagrun for latest_only_with_trigger to 2024-11-03 20:00:00+00:00, run_after=2024-11-04 00:00:00+00:00
[2024-11-04T03:47:33.885+0000] {processor.py:208} INFO - Processing /home/airflow/.local/lib/python3.12/site-packages/airflow/example_dags/example_latest_only_with_trigger.py took 1.086 seconds
[2024-11-04T03:49:33.204+0000] {processor.py:186} INFO - Started process (PID=2232) to work on /home/airflow/.local/lib/python3.12/site-packages/airflow/example_dags/example_latest_only_with_trigger.py
[2024-11-04T03:49:33.249+0000] {processor.py:914} INFO - Processing file /home/airflow/.local/lib/python3.12/site-packages/airflow/example_dags/example_latest_only_with_trigger.py for tasks to queue
[2024-11-04T03:49:33.257+0000] {logging_mixin.py:190} INFO - [2024-11-04T03:49:33.256+0000] {dagbag.py:588} INFO - Filling up the DagBag from /home/airflow/.local/lib/python3.12/site-packages/airflow/example_dags/example_latest_only_with_trigger.py
[2024-11-04T03:49:33.463+0000] {processor.py:925} INFO - DAG(s) 'latest_only_with_trigger' retrieved from /home/airflow/.local/lib/python3.12/site-packages/airflow/example_dags/example_latest_only_with_trigger.py
[2024-11-04T03:49:33.909+0000] {logging_mixin.py:190} INFO - [2024-11-04T03:49:33.908+0000] {dag.py:3239} INFO - Sync 1 DAGs
[2024-11-04T03:49:34.698+0000] {logging_mixin.py:190} INFO - [2024-11-04T03:49:34.685+0000] {dag.py:4180} INFO - Setting next_dagrun for latest_only_with_trigger to 2024-11-03 20:00:00+00:00, run_after=2024-11-04 00:00:00+00:00
[2024-11-04T03:49:35.055+0000] {processor.py:208} INFO - Processing /home/airflow/.local/lib/python3.12/site-packages/airflow/example_dags/example_latest_only_with_trigger.py took 2.066 seconds
[2024-11-04T03:52:21.662+0000] {processor.py:186} INFO - Started process (PID=2353) to work on /home/airflow/.local/lib/python3.12/site-packages/airflow/example_dags/example_latest_only_with_trigger.py
[2024-11-04T03:52:21.695+0000] {processor.py:914} INFO - Processing file /home/airflow/.local/lib/python3.12/site-packages/airflow/example_dags/example_latest_only_with_trigger.py for tasks to queue
[2024-11-04T03:52:21.704+0000] {logging_mixin.py:190} INFO - [2024-11-04T03:52:21.703+0000] {dagbag.py:588} INFO - Filling up the DagBag from /home/airflow/.local/lib/python3.12/site-packages/airflow/example_dags/example_latest_only_with_trigger.py
[2024-11-04T03:52:21.844+0000] {processor.py:925} INFO - DAG(s) 'latest_only_with_trigger' retrieved from /home/airflow/.local/lib/python3.12/site-packages/airflow/example_dags/example_latest_only_with_trigger.py
[2024-11-04T03:52:22.343+0000] {logging_mixin.py:190} INFO - [2024-11-04T03:52:22.342+0000] {dag.py:3239} INFO - Sync 1 DAGs
[2024-11-04T03:52:22.864+0000] {logging_mixin.py:190} INFO - [2024-11-04T03:52:22.863+0000] {dag.py:4180} INFO - Setting next_dagrun for latest_only_with_trigger to 2024-11-03 20:00:00+00:00, run_after=2024-11-04 00:00:00+00:00
[2024-11-04T03:52:23.208+0000] {processor.py:208} INFO - Processing /home/airflow/.local/lib/python3.12/site-packages/airflow/example_dags/example_latest_only_with_trigger.py took 1.718 seconds
[2024-11-04T04:08:25.328+0000] {processor.py:186} INFO - Started process (PID=2474) to work on /home/airflow/.local/lib/python3.12/site-packages/airflow/example_dags/example_latest_only_with_trigger.py
[2024-11-04T04:08:25.418+0000] {processor.py:914} INFO - Processing file /home/airflow/.local/lib/python3.12/site-packages/airflow/example_dags/example_latest_only_with_trigger.py for tasks to queue
[2024-11-04T04:08:25.560+0000] {logging_mixin.py:190} INFO - [2024-11-04T04:08:25.531+0000] {dagbag.py:588} INFO - Filling up the DagBag from /home/airflow/.local/lib/python3.12/site-packages/airflow/example_dags/example_latest_only_with_trigger.py
[2024-11-04T04:08:27.834+0000] {processor.py:925} INFO - DAG(s) 'latest_only_with_trigger' retrieved from /home/airflow/.local/lib/python3.12/site-packages/airflow/example_dags/example_latest_only_with_trigger.py
[2024-11-04T04:08:30.336+0000] {logging_mixin.py:190} INFO - [2024-11-04T04:08:30.317+0000] {dag.py:3239} INFO - Sync 1 DAGs
[2024-11-04T04:08:33.518+0000] {logging_mixin.py:190} INFO - [2024-11-04T04:08:33.460+0000] {dag.py:4180} INFO - Setting next_dagrun for latest_only_with_trigger to 2024-11-04 00:00:00+00:00, run_after=2024-11-04 04:00:00+00:00
[2024-11-04T04:08:35.180+0000] {processor.py:208} INFO - Processing /home/airflow/.local/lib/python3.12/site-packages/airflow/example_dags/example_latest_only_with_trigger.py took 10.812 seconds
[2024-11-04T04:36:39.226+0000] {processor.py:186} INFO - Started process (PID=2639) to work on /home/airflow/.local/lib/python3.12/site-packages/airflow/example_dags/example_latest_only_with_trigger.py
[2024-11-04T04:36:39.245+0000] {processor.py:914} INFO - Processing file /home/airflow/.local/lib/python3.12/site-packages/airflow/example_dags/example_latest_only_with_trigger.py for tasks to queue
[2024-11-04T04:36:39.263+0000] {logging_mixin.py:190} INFO - [2024-11-04T04:36:39.261+0000] {dagbag.py:588} INFO - Filling up the DagBag from /home/airflow/.local/lib/python3.12/site-packages/airflow/example_dags/example_latest_only_with_trigger.py
[2024-11-04T04:36:39.396+0000] {processor.py:925} INFO - DAG(s) 'latest_only_with_trigger' retrieved from /home/airflow/.local/lib/python3.12/site-packages/airflow/example_dags/example_latest_only_with_trigger.py
[2024-11-04T04:36:39.687+0000] {logging_mixin.py:190} INFO - [2024-11-04T04:36:39.686+0000] {dag.py:3239} INFO - Sync 1 DAGs
[2024-11-04T04:36:40.112+0000] {logging_mixin.py:190} INFO - [2024-11-04T04:36:40.111+0000] {dag.py:4180} INFO - Setting next_dagrun for latest_only_with_trigger to 2024-11-04 00:00:00+00:00, run_after=2024-11-04 04:00:00+00:00
[2024-11-04T04:36:40.417+0000] {processor.py:208} INFO - Processing /home/airflow/.local/lib/python3.12/site-packages/airflow/example_dags/example_latest_only_with_trigger.py took 1.327 seconds
[2024-11-04T04:39:18.246+0000] {processor.py:186} INFO - Started process (PID=2751) to work on /home/airflow/.local/lib/python3.12/site-packages/airflow/example_dags/example_latest_only_with_trigger.py
[2024-11-04T04:39:18.274+0000] {processor.py:914} INFO - Processing file /home/airflow/.local/lib/python3.12/site-packages/airflow/example_dags/example_latest_only_with_trigger.py for tasks to queue
[2024-11-04T04:39:18.285+0000] {logging_mixin.py:190} INFO - [2024-11-04T04:39:18.284+0000] {dagbag.py:588} INFO - Filling up the DagBag from /home/airflow/.local/lib/python3.12/site-packages/airflow/example_dags/example_latest_only_with_trigger.py
[2024-11-04T04:39:18.353+0000] {processor.py:925} INFO - DAG(s) 'latest_only_with_trigger' retrieved from /home/airflow/.local/lib/python3.12/site-packages/airflow/example_dags/example_latest_only_with_trigger.py
[2024-11-04T04:39:18.602+0000] {logging_mixin.py:190} INFO - [2024-11-04T04:39:18.573+0000] {dag.py:3239} INFO - Sync 1 DAGs
[2024-11-04T04:39:19.168+0000] {logging_mixin.py:190} INFO - [2024-11-04T04:39:19.164+0000] {dag.py:4180} INFO - Setting next_dagrun for latest_only_with_trigger to 2024-11-04 00:00:00+00:00, run_after=2024-11-04 04:00:00+00:00
[2024-11-04T04:39:19.711+0000] {processor.py:208} INFO - Processing /home/airflow/.local/lib/python3.12/site-packages/airflow/example_dags/example_latest_only_with_trigger.py took 1.509 seconds
[2024-11-04T04:46:17.429+0000] {processor.py:186} INFO - Started process (PID=2903) to work on /home/airflow/.local/lib/python3.12/site-packages/airflow/example_dags/example_latest_only_with_trigger.py
[2024-11-04T04:46:17.434+0000] {processor.py:914} INFO - Processing file /home/airflow/.local/lib/python3.12/site-packages/airflow/example_dags/example_latest_only_with_trigger.py for tasks to queue
[2024-11-04T04:46:17.437+0000] {logging_mixin.py:190} INFO - [2024-11-04T04:46:17.436+0000] {dagbag.py:588} INFO - Filling up the DagBag from /home/airflow/.local/lib/python3.12/site-packages/airflow/example_dags/example_latest_only_with_trigger.py
[2024-11-04T04:46:17.495+0000] {processor.py:925} INFO - DAG(s) 'latest_only_with_trigger' retrieved from /home/airflow/.local/lib/python3.12/site-packages/airflow/example_dags/example_latest_only_with_trigger.py
[2024-11-04T04:46:17.724+0000] {logging_mixin.py:190} INFO - [2024-11-04T04:46:17.705+0000] {dag.py:3239} INFO - Sync 1 DAGs
[2024-11-04T04:46:18.026+0000] {logging_mixin.py:190} INFO - [2024-11-04T04:46:18.016+0000] {dag.py:4180} INFO - Setting next_dagrun for latest_only_with_trigger to 2024-11-04 00:00:00+00:00, run_after=2024-11-04 04:00:00+00:00
[2024-11-04T04:46:18.215+0000] {processor.py:208} INFO - Processing /home/airflow/.local/lib/python3.12/site-packages/airflow/example_dags/example_latest_only_with_trigger.py took 0.847 seconds
[2024-11-04T04:49:50.069+0000] {processor.py:186} INFO - Started process (PID=3041) to work on /home/airflow/.local/lib/python3.12/site-packages/airflow/example_dags/example_latest_only_with_trigger.py
[2024-11-04T04:49:50.094+0000] {processor.py:914} INFO - Processing file /home/airflow/.local/lib/python3.12/site-packages/airflow/example_dags/example_latest_only_with_trigger.py for tasks to queue
[2024-11-04T04:49:50.110+0000] {logging_mixin.py:190} INFO - [2024-11-04T04:49:50.109+0000] {dagbag.py:588} INFO - Filling up the DagBag from /home/airflow/.local/lib/python3.12/site-packages/airflow/example_dags/example_latest_only_with_trigger.py
[2024-11-04T04:49:50.231+0000] {processor.py:925} INFO - DAG(s) 'latest_only_with_trigger' retrieved from /home/airflow/.local/lib/python3.12/site-packages/airflow/example_dags/example_latest_only_with_trigger.py
[2024-11-04T04:49:50.505+0000] {logging_mixin.py:190} INFO - [2024-11-04T04:49:50.488+0000] {dag.py:3239} INFO - Sync 1 DAGs
[2024-11-04T04:49:50.652+0000] {logging_mixin.py:190} INFO - [2024-11-04T04:49:50.652+0000] {dag.py:4180} INFO - Setting next_dagrun for latest_only_with_trigger to 2024-11-04 00:00:00+00:00, run_after=2024-11-04 04:00:00+00:00
[2024-11-04T04:49:50.747+0000] {processor.py:208} INFO - Processing /home/airflow/.local/lib/python3.12/site-packages/airflow/example_dags/example_latest_only_with_trigger.py took 0.830 seconds
[2024-11-04T04:54:10.209+0000] {processor.py:186} INFO - Started process (PID=3168) to work on /home/airflow/.local/lib/python3.12/site-packages/airflow/example_dags/example_latest_only_with_trigger.py
[2024-11-04T04:54:10.220+0000] {processor.py:914} INFO - Processing file /home/airflow/.local/lib/python3.12/site-packages/airflow/example_dags/example_latest_only_with_trigger.py for tasks to queue
[2024-11-04T04:54:10.233+0000] {logging_mixin.py:190} INFO - [2024-11-04T04:54:10.232+0000] {dagbag.py:588} INFO - Filling up the DagBag from /home/airflow/.local/lib/python3.12/site-packages/airflow/example_dags/example_latest_only_with_trigger.py
[2024-11-04T04:54:10.321+0000] {processor.py:925} INFO - DAG(s) 'latest_only_with_trigger' retrieved from /home/airflow/.local/lib/python3.12/site-packages/airflow/example_dags/example_latest_only_with_trigger.py
[2024-11-04T04:54:10.471+0000] {logging_mixin.py:190} INFO - [2024-11-04T04:54:10.469+0000] {dag.py:3239} INFO - Sync 1 DAGs
[2024-11-04T04:54:10.825+0000] {logging_mixin.py:190} INFO - [2024-11-04T04:54:10.824+0000] {dag.py:4180} INFO - Setting next_dagrun for latest_only_with_trigger to 2024-11-04 00:00:00+00:00, run_after=2024-11-04 04:00:00+00:00
[2024-11-04T04:54:11.007+0000] {processor.py:208} INFO - Processing /home/airflow/.local/lib/python3.12/site-packages/airflow/example_dags/example_latest_only_with_trigger.py took 0.922 seconds
[2024-11-04T09:51:46.722+0000] {processor.py:186} INFO - Started process (PID=167) to work on /home/airflow/.local/lib/python3.12/site-packages/airflow/example_dags/example_latest_only_with_trigger.py
[2024-11-04T09:51:46.766+0000] {processor.py:914} INFO - Processing file /home/airflow/.local/lib/python3.12/site-packages/airflow/example_dags/example_latest_only_with_trigger.py for tasks to queue
[2024-11-04T09:51:46.788+0000] {logging_mixin.py:190} INFO - [2024-11-04T09:51:46.787+0000] {dagbag.py:588} INFO - Filling up the DagBag from /home/airflow/.local/lib/python3.12/site-packages/airflow/example_dags/example_latest_only_with_trigger.py
[2024-11-04T09:51:46.906+0000] {processor.py:925} INFO - DAG(s) 'latest_only_with_trigger' retrieved from /home/airflow/.local/lib/python3.12/site-packages/airflow/example_dags/example_latest_only_with_trigger.py
[2024-11-04T09:51:47.409+0000] {logging_mixin.py:190} INFO - [2024-11-04T09:51:47.408+0000] {dag.py:3239} INFO - Sync 1 DAGs
[2024-11-04T09:51:47.850+0000] {logging_mixin.py:190} INFO - [2024-11-04T09:51:47.849+0000] {dag.py:4180} INFO - Setting next_dagrun for latest_only_with_trigger to 2024-11-04 04:00:00+00:00, run_after=2024-11-04 08:00:00+00:00
[2024-11-04T09:51:48.305+0000] {processor.py:208} INFO - Processing /home/airflow/.local/lib/python3.12/site-packages/airflow/example_dags/example_latest_only_with_trigger.py took 1.683 seconds
[2024-11-04T09:53:44.120+0000] {processor.py:186} INFO - Started process (PID=261) to work on /home/airflow/.local/lib/python3.12/site-packages/airflow/example_dags/example_latest_only_with_trigger.py
[2024-11-04T09:53:44.137+0000] {processor.py:914} INFO - Processing file /home/airflow/.local/lib/python3.12/site-packages/airflow/example_dags/example_latest_only_with_trigger.py for tasks to queue
[2024-11-04T09:53:44.253+0000] {logging_mixin.py:190} INFO - [2024-11-04T09:53:44.252+0000] {dagbag.py:588} INFO - Filling up the DagBag from /home/airflow/.local/lib/python3.12/site-packages/airflow/example_dags/example_latest_only_with_trigger.py
[2024-11-04T09:53:44.758+0000] {processor.py:925} INFO - DAG(s) 'latest_only_with_trigger' retrieved from /home/airflow/.local/lib/python3.12/site-packages/airflow/example_dags/example_latest_only_with_trigger.py
[2024-11-04T09:53:45.366+0000] {logging_mixin.py:190} INFO - [2024-11-04T09:53:45.365+0000] {dag.py:3239} INFO - Sync 1 DAGs
[2024-11-04T09:53:46.707+0000] {logging_mixin.py:190} INFO - [2024-11-04T09:53:46.705+0000] {dag.py:4180} INFO - Setting next_dagrun for latest_only_with_trigger to 2024-11-04 04:00:00+00:00, run_after=2024-11-04 08:00:00+00:00
[2024-11-04T09:53:47.146+0000] {processor.py:208} INFO - Processing /home/airflow/.local/lib/python3.12/site-packages/airflow/example_dags/example_latest_only_with_trigger.py took 3.190 seconds
[2024-11-04T09:55:03.556+0000] {processor.py:186} INFO - Started process (PID=342) to work on /home/airflow/.local/lib/python3.12/site-packages/airflow/example_dags/example_latest_only_with_trigger.py
[2024-11-04T09:55:03.578+0000] {processor.py:914} INFO - Processing file /home/airflow/.local/lib/python3.12/site-packages/airflow/example_dags/example_latest_only_with_trigger.py for tasks to queue
[2024-11-04T09:55:03.586+0000] {logging_mixin.py:190} INFO - [2024-11-04T09:55:03.585+0000] {dagbag.py:588} INFO - Filling up the DagBag from /home/airflow/.local/lib/python3.12/site-packages/airflow/example_dags/example_latest_only_with_trigger.py
[2024-11-04T09:55:03.712+0000] {processor.py:925} INFO - DAG(s) 'latest_only_with_trigger' retrieved from /home/airflow/.local/lib/python3.12/site-packages/airflow/example_dags/example_latest_only_with_trigger.py
[2024-11-04T09:55:04.121+0000] {logging_mixin.py:190} INFO - [2024-11-04T09:55:04.120+0000] {dag.py:3239} INFO - Sync 1 DAGs
[2024-11-04T09:55:04.487+0000] {logging_mixin.py:190} INFO - [2024-11-04T09:55:04.486+0000] {dag.py:4180} INFO - Setting next_dagrun for latest_only_with_trigger to 2024-11-04 04:00:00+00:00, run_after=2024-11-04 08:00:00+00:00
[2024-11-04T09:55:04.961+0000] {processor.py:208} INFO - Processing /home/airflow/.local/lib/python3.12/site-packages/airflow/example_dags/example_latest_only_with_trigger.py took 1.441 seconds
[2024-11-04T09:56:02.701+0000] {processor.py:186} INFO - Started process (PID=417) to work on /home/airflow/.local/lib/python3.12/site-packages/airflow/example_dags/example_latest_only_with_trigger.py
[2024-11-04T09:56:02.714+0000] {processor.py:914} INFO - Processing file /home/airflow/.local/lib/python3.12/site-packages/airflow/example_dags/example_latest_only_with_trigger.py for tasks to queue
[2024-11-04T09:56:02.734+0000] {logging_mixin.py:190} INFO - [2024-11-04T09:56:02.733+0000] {dagbag.py:588} INFO - Filling up the DagBag from /home/airflow/.local/lib/python3.12/site-packages/airflow/example_dags/example_latest_only_with_trigger.py
[2024-11-04T09:56:02.806+0000] {processor.py:925} INFO - DAG(s) 'latest_only_with_trigger' retrieved from /home/airflow/.local/lib/python3.12/site-packages/airflow/example_dags/example_latest_only_with_trigger.py
[2024-11-04T09:56:03.137+0000] {logging_mixin.py:190} INFO - [2024-11-04T09:56:03.136+0000] {dag.py:3239} INFO - Sync 1 DAGs
[2024-11-04T09:56:03.375+0000] {logging_mixin.py:190} INFO - [2024-11-04T09:56:03.374+0000] {dag.py:4180} INFO - Setting next_dagrun for latest_only_with_trigger to 2024-11-04 04:00:00+00:00, run_after=2024-11-04 08:00:00+00:00
[2024-11-04T09:56:03.644+0000] {processor.py:208} INFO - Processing /home/airflow/.local/lib/python3.12/site-packages/airflow/example_dags/example_latest_only_with_trigger.py took 1.050 seconds
[2024-11-04T09:57:14.009+0000] {processor.py:186} INFO - Started process (PID=507) to work on /home/airflow/.local/lib/python3.12/site-packages/airflow/example_dags/example_latest_only_with_trigger.py
[2024-11-04T09:57:14.039+0000] {processor.py:914} INFO - Processing file /home/airflow/.local/lib/python3.12/site-packages/airflow/example_dags/example_latest_only_with_trigger.py for tasks to queue
[2024-11-04T09:57:14.132+0000] {logging_mixin.py:190} INFO - [2024-11-04T09:57:14.131+0000] {dagbag.py:588} INFO - Filling up the DagBag from /home/airflow/.local/lib/python3.12/site-packages/airflow/example_dags/example_latest_only_with_trigger.py
[2024-11-04T09:57:14.257+0000] {processor.py:925} INFO - DAG(s) 'latest_only_with_trigger' retrieved from /home/airflow/.local/lib/python3.12/site-packages/airflow/example_dags/example_latest_only_with_trigger.py
[2024-11-04T09:57:14.622+0000] {logging_mixin.py:190} INFO - [2024-11-04T09:57:14.621+0000] {dag.py:3239} INFO - Sync 1 DAGs
[2024-11-04T09:57:14.958+0000] {logging_mixin.py:190} INFO - [2024-11-04T09:57:14.957+0000] {dag.py:4180} INFO - Setting next_dagrun for latest_only_with_trigger to 2024-11-04 04:00:00+00:00, run_after=2024-11-04 08:00:00+00:00
[2024-11-04T09:57:15.154+0000] {processor.py:208} INFO - Processing /home/airflow/.local/lib/python3.12/site-packages/airflow/example_dags/example_latest_only_with_trigger.py took 1.276 seconds
[2024-11-04T09:57:55.987+0000] {processor.py:186} INFO - Started process (PID=572) to work on /home/airflow/.local/lib/python3.12/site-packages/airflow/example_dags/example_latest_only_with_trigger.py
[2024-11-04T09:57:55.992+0000] {processor.py:914} INFO - Processing file /home/airflow/.local/lib/python3.12/site-packages/airflow/example_dags/example_latest_only_with_trigger.py for tasks to queue
[2024-11-04T09:57:56.003+0000] {logging_mixin.py:190} INFO - [2024-11-04T09:57:56.002+0000] {dagbag.py:588} INFO - Filling up the DagBag from /home/airflow/.local/lib/python3.12/site-packages/airflow/example_dags/example_latest_only_with_trigger.py
[2024-11-04T09:57:56.069+0000] {processor.py:925} INFO - DAG(s) 'latest_only_with_trigger' retrieved from /home/airflow/.local/lib/python3.12/site-packages/airflow/example_dags/example_latest_only_with_trigger.py
[2024-11-04T09:57:56.224+0000] {logging_mixin.py:190} INFO - [2024-11-04T09:57:56.223+0000] {dag.py:3239} INFO - Sync 1 DAGs
[2024-11-04T09:57:56.437+0000] {logging_mixin.py:190} INFO - [2024-11-04T09:57:56.437+0000] {dag.py:4180} INFO - Setting next_dagrun for latest_only_with_trigger to 2024-11-04 04:00:00+00:00, run_after=2024-11-04 08:00:00+00:00
[2024-11-04T09:57:56.610+0000] {processor.py:208} INFO - Processing /home/airflow/.local/lib/python3.12/site-packages/airflow/example_dags/example_latest_only_with_trigger.py took 0.694 seconds
[2024-11-04T09:58:44.951+0000] {processor.py:186} INFO - Started process (PID=647) to work on /home/airflow/.local/lib/python3.12/site-packages/airflow/example_dags/example_latest_only_with_trigger.py
[2024-11-04T09:58:44.979+0000] {processor.py:914} INFO - Processing file /home/airflow/.local/lib/python3.12/site-packages/airflow/example_dags/example_latest_only_with_trigger.py for tasks to queue
[2024-11-04T09:58:45.048+0000] {logging_mixin.py:190} INFO - [2024-11-04T09:58:45.047+0000] {dagbag.py:588} INFO - Filling up the DagBag from /home/airflow/.local/lib/python3.12/site-packages/airflow/example_dags/example_latest_only_with_trigger.py
[2024-11-04T09:58:45.358+0000] {processor.py:925} INFO - DAG(s) 'latest_only_with_trigger' retrieved from /home/airflow/.local/lib/python3.12/site-packages/airflow/example_dags/example_latest_only_with_trigger.py
[2024-11-04T09:58:45.673+0000] {logging_mixin.py:190} INFO - [2024-11-04T09:58:45.656+0000] {dag.py:3239} INFO - Sync 1 DAGs
[2024-11-04T09:58:46.503+0000] {logging_mixin.py:190} INFO - [2024-11-04T09:58:46.502+0000] {dag.py:4180} INFO - Setting next_dagrun for latest_only_with_trigger to 2024-11-04 04:00:00+00:00, run_after=2024-11-04 08:00:00+00:00
[2024-11-04T09:58:46.810+0000] {processor.py:208} INFO - Processing /home/airflow/.local/lib/python3.12/site-packages/airflow/example_dags/example_latest_only_with_trigger.py took 1.925 seconds
[2024-11-04T10:00:26.572+0000] {processor.py:186} INFO - Started process (PID=723) to work on /home/airflow/.local/lib/python3.12/site-packages/airflow/example_dags/example_latest_only_with_trigger.py
[2024-11-04T10:00:26.625+0000] {processor.py:914} INFO - Processing file /home/airflow/.local/lib/python3.12/site-packages/airflow/example_dags/example_latest_only_with_trigger.py for tasks to queue
[2024-11-04T10:00:26.640+0000] {logging_mixin.py:190} INFO - [2024-11-04T10:00:26.640+0000] {dagbag.py:588} INFO - Filling up the DagBag from /home/airflow/.local/lib/python3.12/site-packages/airflow/example_dags/example_latest_only_with_trigger.py
[2024-11-04T10:00:26.782+0000] {processor.py:925} INFO - DAG(s) 'latest_only_with_trigger' retrieved from /home/airflow/.local/lib/python3.12/site-packages/airflow/example_dags/example_latest_only_with_trigger.py
[2024-11-04T10:00:27.019+0000] {logging_mixin.py:190} INFO - [2024-11-04T10:00:27.018+0000] {dag.py:3239} INFO - Sync 1 DAGs
[2024-11-04T10:00:27.772+0000] {logging_mixin.py:190} INFO - [2024-11-04T10:00:27.765+0000] {dag.py:4180} INFO - Setting next_dagrun for latest_only_with_trigger to 2024-11-04 04:00:00+00:00, run_after=2024-11-04 08:00:00+00:00
[2024-11-04T10:00:28.584+0000] {processor.py:208} INFO - Processing /home/airflow/.local/lib/python3.12/site-packages/airflow/example_dags/example_latest_only_with_trigger.py took 2.121 seconds
[2024-11-04T10:02:55.761+0000] {processor.py:186} INFO - Started process (PID=832) to work on /home/airflow/.local/lib/python3.12/site-packages/airflow/example_dags/example_latest_only_with_trigger.py
[2024-11-04T10:02:55.795+0000] {processor.py:914} INFO - Processing file /home/airflow/.local/lib/python3.12/site-packages/airflow/example_dags/example_latest_only_with_trigger.py for tasks to queue
[2024-11-04T10:02:55.815+0000] {logging_mixin.py:190} INFO - [2024-11-04T10:02:55.814+0000] {dagbag.py:588} INFO - Filling up the DagBag from /home/airflow/.local/lib/python3.12/site-packages/airflow/example_dags/example_latest_only_with_trigger.py
[2024-11-04T10:02:55.985+0000] {processor.py:925} INFO - DAG(s) 'latest_only_with_trigger' retrieved from /home/airflow/.local/lib/python3.12/site-packages/airflow/example_dags/example_latest_only_with_trigger.py
[2024-11-04T10:02:56.269+0000] {logging_mixin.py:190} INFO - [2024-11-04T10:02:56.269+0000] {dag.py:3239} INFO - Sync 1 DAGs
[2024-11-04T10:02:56.598+0000] {logging_mixin.py:190} INFO - [2024-11-04T10:02:56.591+0000] {dag.py:4180} INFO - Setting next_dagrun for latest_only_with_trigger to 2024-11-04 04:00:00+00:00, run_after=2024-11-04 08:00:00+00:00
[2024-11-04T10:02:57.258+0000] {processor.py:208} INFO - Processing /home/airflow/.local/lib/python3.12/site-packages/airflow/example_dags/example_latest_only_with_trigger.py took 1.595 seconds
[2024-11-04T10:04:56.953+0000] {processor.py:186} INFO - Started process (PID=925) to work on /home/airflow/.local/lib/python3.12/site-packages/airflow/example_dags/example_latest_only_with_trigger.py
[2024-11-04T10:04:56.956+0000] {processor.py:914} INFO - Processing file /home/airflow/.local/lib/python3.12/site-packages/airflow/example_dags/example_latest_only_with_trigger.py for tasks to queue
[2024-11-04T10:04:56.967+0000] {logging_mixin.py:190} INFO - [2024-11-04T10:04:56.966+0000] {dagbag.py:588} INFO - Filling up the DagBag from /home/airflow/.local/lib/python3.12/site-packages/airflow/example_dags/example_latest_only_with_trigger.py
[2024-11-04T10:04:57.111+0000] {processor.py:925} INFO - DAG(s) 'latest_only_with_trigger' retrieved from /home/airflow/.local/lib/python3.12/site-packages/airflow/example_dags/example_latest_only_with_trigger.py
[2024-11-04T10:04:57.980+0000] {logging_mixin.py:190} INFO - [2024-11-04T10:04:57.968+0000] {dag.py:3239} INFO - Sync 1 DAGs
[2024-11-04T10:04:59.616+0000] {logging_mixin.py:190} INFO - [2024-11-04T10:04:59.614+0000] {dag.py:4180} INFO - Setting next_dagrun for latest_only_with_trigger to 2024-11-04 04:00:00+00:00, run_after=2024-11-04 08:00:00+00:00
[2024-11-04T10:05:01.136+0000] {processor.py:208} INFO - Processing /home/airflow/.local/lib/python3.12/site-packages/airflow/example_dags/example_latest_only_with_trigger.py took 4.284 seconds
[2024-11-04T10:07:31.086+0000] {processor.py:186} INFO - Started process (PID=1035) to work on /home/airflow/.local/lib/python3.12/site-packages/airflow/example_dags/example_latest_only_with_trigger.py
[2024-11-04T10:07:31.090+0000] {processor.py:914} INFO - Processing file /home/airflow/.local/lib/python3.12/site-packages/airflow/example_dags/example_latest_only_with_trigger.py for tasks to queue
[2024-11-04T10:07:31.109+0000] {logging_mixin.py:190} INFO - [2024-11-04T10:07:31.108+0000] {dagbag.py:588} INFO - Filling up the DagBag from /home/airflow/.local/lib/python3.12/site-packages/airflow/example_dags/example_latest_only_with_trigger.py
[2024-11-04T10:07:31.315+0000] {processor.py:925} INFO - DAG(s) 'latest_only_with_trigger' retrieved from /home/airflow/.local/lib/python3.12/site-packages/airflow/example_dags/example_latest_only_with_trigger.py
[2024-11-04T10:07:31.590+0000] {logging_mixin.py:190} INFO - [2024-11-04T10:07:31.589+0000] {dag.py:3239} INFO - Sync 1 DAGs
[2024-11-04T10:07:31.878+0000] {logging_mixin.py:190} INFO - [2024-11-04T10:07:31.878+0000] {dag.py:4180} INFO - Setting next_dagrun for latest_only_with_trigger to 2024-11-04 04:00:00+00:00, run_after=2024-11-04 08:00:00+00:00
[2024-11-04T10:07:32.117+0000] {processor.py:208} INFO - Processing /home/airflow/.local/lib/python3.12/site-packages/airflow/example_dags/example_latest_only_with_trigger.py took 1.140 seconds
[2024-11-04T10:12:17.704+0000] {processor.py:186} INFO - Started process (PID=1164) to work on /home/airflow/.local/lib/python3.12/site-packages/airflow/example_dags/example_latest_only_with_trigger.py
[2024-11-04T10:12:17.711+0000] {processor.py:914} INFO - Processing file /home/airflow/.local/lib/python3.12/site-packages/airflow/example_dags/example_latest_only_with_trigger.py for tasks to queue
[2024-11-04T10:12:17.735+0000] {logging_mixin.py:190} INFO - [2024-11-04T10:12:17.734+0000] {dagbag.py:588} INFO - Filling up the DagBag from /home/airflow/.local/lib/python3.12/site-packages/airflow/example_dags/example_latest_only_with_trigger.py
[2024-11-04T10:12:18.332+0000] {processor.py:925} INFO - DAG(s) 'latest_only_with_trigger' retrieved from /home/airflow/.local/lib/python3.12/site-packages/airflow/example_dags/example_latest_only_with_trigger.py
[2024-11-04T10:12:18.462+0000] {logging_mixin.py:190} INFO - [2024-11-04T10:12:18.461+0000] {dag.py:3239} INFO - Sync 1 DAGs
[2024-11-04T10:12:18.757+0000] {logging_mixin.py:190} INFO - [2024-11-04T10:12:18.756+0000] {dag.py:4180} INFO - Setting next_dagrun for latest_only_with_trigger to 2024-11-04 04:00:00+00:00, run_after=2024-11-04 08:00:00+00:00
[2024-11-04T10:12:18.912+0000] {processor.py:208} INFO - Processing /home/airflow/.local/lib/python3.12/site-packages/airflow/example_dags/example_latest_only_with_trigger.py took 1.293 seconds
[2024-11-04T10:15:33.556+0000] {processor.py:186} INFO - Started process (PID=1279) to work on /home/airflow/.local/lib/python3.12/site-packages/airflow/example_dags/example_latest_only_with_trigger.py
[2024-11-04T10:15:33.573+0000] {processor.py:914} INFO - Processing file /home/airflow/.local/lib/python3.12/site-packages/airflow/example_dags/example_latest_only_with_trigger.py for tasks to queue
[2024-11-04T10:15:33.577+0000] {logging_mixin.py:190} INFO - [2024-11-04T10:15:33.576+0000] {dagbag.py:588} INFO - Filling up the DagBag from /home/airflow/.local/lib/python3.12/site-packages/airflow/example_dags/example_latest_only_with_trigger.py
[2024-11-04T10:15:33.782+0000] {processor.py:925} INFO - DAG(s) 'latest_only_with_trigger' retrieved from /home/airflow/.local/lib/python3.12/site-packages/airflow/example_dags/example_latest_only_with_trigger.py
[2024-11-04T10:15:34.196+0000] {logging_mixin.py:190} INFO - [2024-11-04T10:15:34.196+0000] {dag.py:3239} INFO - Sync 1 DAGs
[2024-11-04T10:15:34.521+0000] {logging_mixin.py:190} INFO - [2024-11-04T10:15:34.520+0000] {dag.py:4180} INFO - Setting next_dagrun for latest_only_with_trigger to 2024-11-04 04:00:00+00:00, run_after=2024-11-04 08:00:00+00:00
[2024-11-04T10:15:35.377+0000] {processor.py:208} INFO - Processing /home/airflow/.local/lib/python3.12/site-packages/airflow/example_dags/example_latest_only_with_trigger.py took 1.927 seconds
[2024-11-04T10:18:25.937+0000] {processor.py:186} INFO - Started process (PID=1392) to work on /home/airflow/.local/lib/python3.12/site-packages/airflow/example_dags/example_latest_only_with_trigger.py
[2024-11-04T10:18:25.943+0000] {processor.py:914} INFO - Processing file /home/airflow/.local/lib/python3.12/site-packages/airflow/example_dags/example_latest_only_with_trigger.py for tasks to queue
[2024-11-04T10:18:25.969+0000] {logging_mixin.py:190} INFO - [2024-11-04T10:18:25.950+0000] {dagbag.py:588} INFO - Filling up the DagBag from /home/airflow/.local/lib/python3.12/site-packages/airflow/example_dags/example_latest_only_with_trigger.py
[2024-11-04T10:18:26.151+0000] {processor.py:925} INFO - DAG(s) 'latest_only_with_trigger' retrieved from /home/airflow/.local/lib/python3.12/site-packages/airflow/example_dags/example_latest_only_with_trigger.py
[2024-11-04T10:18:26.518+0000] {logging_mixin.py:190} INFO - [2024-11-04T10:18:26.518+0000] {dag.py:3239} INFO - Sync 1 DAGs
[2024-11-04T10:18:27.651+0000] {logging_mixin.py:190} INFO - [2024-11-04T10:18:27.650+0000] {dag.py:4180} INFO - Setting next_dagrun for latest_only_with_trigger to 2024-11-04 04:00:00+00:00, run_after=2024-11-04 08:00:00+00:00
[2024-11-04T10:18:28.302+0000] {processor.py:208} INFO - Processing /home/airflow/.local/lib/python3.12/site-packages/airflow/example_dags/example_latest_only_with_trigger.py took 2.485 seconds
[2024-11-04T10:21:34.386+0000] {processor.py:186} INFO - Started process (PID=1510) to work on /home/airflow/.local/lib/python3.12/site-packages/airflow/example_dags/example_latest_only_with_trigger.py
[2024-11-04T10:21:34.392+0000] {processor.py:914} INFO - Processing file /home/airflow/.local/lib/python3.12/site-packages/airflow/example_dags/example_latest_only_with_trigger.py for tasks to queue
[2024-11-04T10:21:34.428+0000] {logging_mixin.py:190} INFO - [2024-11-04T10:21:34.427+0000] {dagbag.py:588} INFO - Filling up the DagBag from /home/airflow/.local/lib/python3.12/site-packages/airflow/example_dags/example_latest_only_with_trigger.py
[2024-11-04T10:21:34.570+0000] {processor.py:925} INFO - DAG(s) 'latest_only_with_trigger' retrieved from /home/airflow/.local/lib/python3.12/site-packages/airflow/example_dags/example_latest_only_with_trigger.py
[2024-11-04T10:21:34.909+0000] {logging_mixin.py:190} INFO - [2024-11-04T10:21:34.909+0000] {dag.py:3239} INFO - Sync 1 DAGs
[2024-11-04T10:21:35.559+0000] {logging_mixin.py:190} INFO - [2024-11-04T10:21:35.559+0000] {dag.py:4180} INFO - Setting next_dagrun for latest_only_with_trigger to 2024-11-04 04:00:00+00:00, run_after=2024-11-04 08:00:00+00:00
[2024-11-04T10:21:35.843+0000] {processor.py:208} INFO - Processing /home/airflow/.local/lib/python3.12/site-packages/airflow/example_dags/example_latest_only_with_trigger.py took 1.549 seconds
[2024-11-04T10:24:33.171+0000] {processor.py:186} INFO - Started process (PID=1625) to work on /home/airflow/.local/lib/python3.12/site-packages/airflow/example_dags/example_latest_only_with_trigger.py
[2024-11-04T10:24:33.338+0000] {processor.py:914} INFO - Processing file /home/airflow/.local/lib/python3.12/site-packages/airflow/example_dags/example_latest_only_with_trigger.py for tasks to queue
[2024-11-04T10:24:33.347+0000] {logging_mixin.py:190} INFO - [2024-11-04T10:24:33.346+0000] {dagbag.py:588} INFO - Filling up the DagBag from /home/airflow/.local/lib/python3.12/site-packages/airflow/example_dags/example_latest_only_with_trigger.py
[2024-11-04T10:24:33.553+0000] {processor.py:925} INFO - DAG(s) 'latest_only_with_trigger' retrieved from /home/airflow/.local/lib/python3.12/site-packages/airflow/example_dags/example_latest_only_with_trigger.py
[2024-11-04T10:24:33.853+0000] {logging_mixin.py:190} INFO - [2024-11-04T10:24:33.851+0000] {dag.py:3239} INFO - Sync 1 DAGs
[2024-11-04T10:24:34.397+0000] {logging_mixin.py:190} INFO - [2024-11-04T10:24:34.396+0000] {dag.py:4180} INFO - Setting next_dagrun for latest_only_with_trigger to 2024-11-04 04:00:00+00:00, run_after=2024-11-04 08:00:00+00:00
[2024-11-04T10:24:34.772+0000] {processor.py:208} INFO - Processing /home/airflow/.local/lib/python3.12/site-packages/airflow/example_dags/example_latest_only_with_trigger.py took 1.881 seconds
[2024-11-04T10:26:51.986+0000] {processor.py:186} INFO - Started process (PID=1732) to work on /home/airflow/.local/lib/python3.12/site-packages/airflow/example_dags/example_latest_only_with_trigger.py
[2024-11-04T10:26:52.037+0000] {processor.py:914} INFO - Processing file /home/airflow/.local/lib/python3.12/site-packages/airflow/example_dags/example_latest_only_with_trigger.py for tasks to queue
[2024-11-04T10:26:52.054+0000] {logging_mixin.py:190} INFO - [2024-11-04T10:26:52.053+0000] {dagbag.py:588} INFO - Filling up the DagBag from /home/airflow/.local/lib/python3.12/site-packages/airflow/example_dags/example_latest_only_with_trigger.py
[2024-11-04T10:26:52.259+0000] {processor.py:925} INFO - DAG(s) 'latest_only_with_trigger' retrieved from /home/airflow/.local/lib/python3.12/site-packages/airflow/example_dags/example_latest_only_with_trigger.py
[2024-11-04T10:26:52.776+0000] {logging_mixin.py:190} INFO - [2024-11-04T10:26:52.765+0000] {dag.py:3239} INFO - Sync 1 DAGs
[2024-11-04T10:26:55.835+0000] {logging_mixin.py:190} INFO - [2024-11-04T10:26:55.833+0000] {dag.py:4180} INFO - Setting next_dagrun for latest_only_with_trigger to 2024-11-04 04:00:00+00:00, run_after=2024-11-04 08:00:00+00:00
[2024-11-04T10:26:56.575+0000] {processor.py:208} INFO - Processing /home/airflow/.local/lib/python3.12/site-packages/airflow/example_dags/example_latest_only_with_trigger.py took 4.752 seconds
[2024-11-04T10:28:35.209+0000] {processor.py:186} INFO - Started process (PID=1822) to work on /home/airflow/.local/lib/python3.12/site-packages/airflow/example_dags/example_latest_only_with_trigger.py
[2024-11-04T10:28:35.242+0000] {processor.py:914} INFO - Processing file /home/airflow/.local/lib/python3.12/site-packages/airflow/example_dags/example_latest_only_with_trigger.py for tasks to queue
[2024-11-04T10:28:35.254+0000] {logging_mixin.py:190} INFO - [2024-11-04T10:28:35.253+0000] {dagbag.py:588} INFO - Filling up the DagBag from /home/airflow/.local/lib/python3.12/site-packages/airflow/example_dags/example_latest_only_with_trigger.py
[2024-11-04T10:28:35.358+0000] {processor.py:925} INFO - DAG(s) 'latest_only_with_trigger' retrieved from /home/airflow/.local/lib/python3.12/site-packages/airflow/example_dags/example_latest_only_with_trigger.py
[2024-11-04T10:28:35.522+0000] {logging_mixin.py:190} INFO - [2024-11-04T10:28:35.522+0000] {dag.py:3239} INFO - Sync 1 DAGs
[2024-11-04T10:28:35.671+0000] {logging_mixin.py:190} INFO - [2024-11-04T10:28:35.670+0000] {dag.py:4180} INFO - Setting next_dagrun for latest_only_with_trigger to 2024-11-04 04:00:00+00:00, run_after=2024-11-04 08:00:00+00:00
[2024-11-04T10:28:35.891+0000] {processor.py:208} INFO - Processing /home/airflow/.local/lib/python3.12/site-packages/airflow/example_dags/example_latest_only_with_trigger.py took 0.793 seconds
[2024-11-04T10:30:52.111+0000] {processor.py:186} INFO - Started process (PID=1924) to work on /home/airflow/.local/lib/python3.12/site-packages/airflow/example_dags/example_latest_only_with_trigger.py
[2024-11-04T10:30:52.173+0000] {processor.py:914} INFO - Processing file /home/airflow/.local/lib/python3.12/site-packages/airflow/example_dags/example_latest_only_with_trigger.py for tasks to queue
[2024-11-04T10:30:52.178+0000] {logging_mixin.py:190} INFO - [2024-11-04T10:30:52.176+0000] {dagbag.py:588} INFO - Filling up the DagBag from /home/airflow/.local/lib/python3.12/site-packages/airflow/example_dags/example_latest_only_with_trigger.py
[2024-11-04T10:30:52.384+0000] {processor.py:925} INFO - DAG(s) 'latest_only_with_trigger' retrieved from /home/airflow/.local/lib/python3.12/site-packages/airflow/example_dags/example_latest_only_with_trigger.py
[2024-11-04T10:30:52.650+0000] {logging_mixin.py:190} INFO - [2024-11-04T10:30:52.650+0000] {dag.py:3239} INFO - Sync 1 DAGs
[2024-11-04T10:30:52.864+0000] {logging_mixin.py:190} INFO - [2024-11-04T10:30:52.863+0000] {dag.py:4180} INFO - Setting next_dagrun for latest_only_with_trigger to 2024-11-04 04:00:00+00:00, run_after=2024-11-04 08:00:00+00:00
[2024-11-04T10:30:53.076+0000] {processor.py:208} INFO - Processing /home/airflow/.local/lib/python3.12/site-packages/airflow/example_dags/example_latest_only_with_trigger.py took 1.007 seconds
[2024-11-04T10:33:47.297+0000] {processor.py:186} INFO - Started process (PID=2032) to work on /home/airflow/.local/lib/python3.12/site-packages/airflow/example_dags/example_latest_only_with_trigger.py
[2024-11-04T10:33:47.331+0000] {processor.py:914} INFO - Processing file /home/airflow/.local/lib/python3.12/site-packages/airflow/example_dags/example_latest_only_with_trigger.py for tasks to queue
[2024-11-04T10:33:47.335+0000] {logging_mixin.py:190} INFO - [2024-11-04T10:33:47.334+0000] {dagbag.py:588} INFO - Filling up the DagBag from /home/airflow/.local/lib/python3.12/site-packages/airflow/example_dags/example_latest_only_with_trigger.py
[2024-11-04T10:33:47.382+0000] {processor.py:925} INFO - DAG(s) 'latest_only_with_trigger' retrieved from /home/airflow/.local/lib/python3.12/site-packages/airflow/example_dags/example_latest_only_with_trigger.py
[2024-11-04T10:33:47.491+0000] {logging_mixin.py:190} INFO - [2024-11-04T10:33:47.491+0000] {dag.py:3239} INFO - Sync 1 DAGs
[2024-11-04T10:33:47.848+0000] {logging_mixin.py:190} INFO - [2024-11-04T10:33:47.847+0000] {dag.py:4180} INFO - Setting next_dagrun for latest_only_with_trigger to 2024-11-04 04:00:00+00:00, run_after=2024-11-04 08:00:00+00:00
[2024-11-04T10:33:48.115+0000] {processor.py:208} INFO - Processing /home/airflow/.local/lib/python3.12/site-packages/airflow/example_dags/example_latest_only_with_trigger.py took 0.865 seconds
