[2024-11-04T02:40:06.408+0000] {processor.py:186} INFO - Started process (PID=190) to work on /home/airflow/.local/lib/python3.12/site-packages/airflow/example_dags/example_python_decorator.py
[2024-11-04T02:40:06.877+0000] {processor.py:914} INFO - Processing file /home/airflow/.local/lib/python3.12/site-packages/airflow/example_dags/example_python_decorator.py for tasks to queue
[2024-11-04T02:40:07.502+0000] {logging_mixin.py:190} INFO - [2024-11-04T02:40:07.411+0000] {dagbag.py:588} INFO - Filling up the DagBag from /home/airflow/.local/lib/python3.12/site-packages/airflow/example_dags/example_python_decorator.py
[2024-11-04T02:40:09.907+0000] {processor.py:925} INFO - DAG(s) 'example_python_decorator' retrieved from /home/airflow/.local/lib/python3.12/site-packages/airflow/example_dags/example_python_decorator.py
[2024-11-04T02:40:17.665+0000] {logging_mixin.py:190} INFO - [2024-11-04T02:40:17.664+0000] {dag.py:3239} INFO - Sync 1 DAGs
[2024-11-04T02:40:18.962+0000] {logging_mixin.py:190} INFO - [2024-11-04T02:40:18.962+0000] {dag.py:4180} INFO - Setting next_dagrun for example_python_decorator to None, run_after=None
[2024-11-04T02:40:20.053+0000] {processor.py:208} INFO - Processing /home/airflow/.local/lib/python3.12/site-packages/airflow/example_dags/example_python_decorator.py took 14.791 seconds
[2024-11-04T02:46:16.336+0000] {processor.py:186} INFO - Started process (PID=312) to work on /home/airflow/.local/lib/python3.12/site-packages/airflow/example_dags/example_python_decorator.py
[2024-11-04T02:46:16.372+0000] {processor.py:914} INFO - Processing file /home/airflow/.local/lib/python3.12/site-packages/airflow/example_dags/example_python_decorator.py for tasks to queue
[2024-11-04T02:46:16.376+0000] {logging_mixin.py:190} INFO - [2024-11-04T02:46:16.375+0000] {dagbag.py:588} INFO - Filling up the DagBag from /home/airflow/.local/lib/python3.12/site-packages/airflow/example_dags/example_python_decorator.py
[2024-11-04T02:46:16.521+0000] {processor.py:925} INFO - DAG(s) 'example_python_decorator' retrieved from /home/airflow/.local/lib/python3.12/site-packages/airflow/example_dags/example_python_decorator.py
[2024-11-04T02:46:17.041+0000] {logging_mixin.py:190} INFO - [2024-11-04T02:46:17.032+0000] {dag.py:3239} INFO - Sync 1 DAGs
[2024-11-04T02:46:17.317+0000] {logging_mixin.py:190} INFO - [2024-11-04T02:46:17.272+0000] {dag.py:4180} INFO - Setting next_dagrun for example_python_decorator to None, run_after=None
[2024-11-04T02:46:17.644+0000] {processor.py:208} INFO - Processing /home/airflow/.local/lib/python3.12/site-packages/airflow/example_dags/example_python_decorator.py took 1.411 seconds
[2024-11-04T02:50:03.784+0000] {processor.py:186} INFO - Started process (PID=431) to work on /home/airflow/.local/lib/python3.12/site-packages/airflow/example_dags/example_python_decorator.py
[2024-11-04T02:50:03.834+0000] {processor.py:914} INFO - Processing file /home/airflow/.local/lib/python3.12/site-packages/airflow/example_dags/example_python_decorator.py for tasks to queue
[2024-11-04T02:50:03.850+0000] {logging_mixin.py:190} INFO - [2024-11-04T02:50:03.849+0000] {dagbag.py:588} INFO - Filling up the DagBag from /home/airflow/.local/lib/python3.12/site-packages/airflow/example_dags/example_python_decorator.py
[2024-11-04T02:50:04.139+0000] {processor.py:925} INFO - DAG(s) 'example_python_decorator' retrieved from /home/airflow/.local/lib/python3.12/site-packages/airflow/example_dags/example_python_decorator.py
[2024-11-04T02:50:05.032+0000] {logging_mixin.py:190} INFO - [2024-11-04T02:50:05.032+0000] {dag.py:3239} INFO - Sync 1 DAGs
[2024-11-04T02:50:05.260+0000] {logging_mixin.py:190} INFO - [2024-11-04T02:50:05.259+0000] {dag.py:4180} INFO - Setting next_dagrun for example_python_decorator to None, run_after=None
[2024-11-04T02:50:05.631+0000] {processor.py:208} INFO - Processing /home/airflow/.local/lib/python3.12/site-packages/airflow/example_dags/example_python_decorator.py took 2.014 seconds
[2024-11-04T02:52:55.658+0000] {processor.py:186} INFO - Started process (PID=535) to work on /home/airflow/.local/lib/python3.12/site-packages/airflow/example_dags/example_python_decorator.py
[2024-11-04T02:52:55.721+0000] {processor.py:914} INFO - Processing file /home/airflow/.local/lib/python3.12/site-packages/airflow/example_dags/example_python_decorator.py for tasks to queue
[2024-11-04T02:52:55.888+0000] {logging_mixin.py:190} INFO - [2024-11-04T02:52:55.887+0000] {dagbag.py:588} INFO - Filling up the DagBag from /home/airflow/.local/lib/python3.12/site-packages/airflow/example_dags/example_python_decorator.py
[2024-11-04T02:52:57.161+0000] {processor.py:925} INFO - DAG(s) 'example_python_decorator' retrieved from /home/airflow/.local/lib/python3.12/site-packages/airflow/example_dags/example_python_decorator.py
[2024-11-04T02:52:59.495+0000] {logging_mixin.py:190} INFO - [2024-11-04T02:52:59.493+0000] {dag.py:3239} INFO - Sync 1 DAGs
[2024-11-04T02:53:00.330+0000] {logging_mixin.py:190} INFO - [2024-11-04T02:53:00.329+0000] {dag.py:4180} INFO - Setting next_dagrun for example_python_decorator to None, run_after=None
[2024-11-04T02:53:00.742+0000] {processor.py:208} INFO - Processing /home/airflow/.local/lib/python3.12/site-packages/airflow/example_dags/example_python_decorator.py took 5.204 seconds
[2024-11-04T02:57:02.211+0000] {processor.py:186} INFO - Started process (PID=659) to work on /home/airflow/.local/lib/python3.12/site-packages/airflow/example_dags/example_python_decorator.py
[2024-11-04T02:57:02.222+0000] {processor.py:914} INFO - Processing file /home/airflow/.local/lib/python3.12/site-packages/airflow/example_dags/example_python_decorator.py for tasks to queue
[2024-11-04T02:57:02.394+0000] {logging_mixin.py:190} INFO - [2024-11-04T02:57:02.392+0000] {dagbag.py:588} INFO - Filling up the DagBag from /home/airflow/.local/lib/python3.12/site-packages/airflow/example_dags/example_python_decorator.py
[2024-11-04T02:57:03.337+0000] {processor.py:925} INFO - DAG(s) 'example_python_decorator' retrieved from /home/airflow/.local/lib/python3.12/site-packages/airflow/example_dags/example_python_decorator.py
[2024-11-04T02:57:04.452+0000] {logging_mixin.py:190} INFO - [2024-11-04T02:57:04.451+0000] {dag.py:3239} INFO - Sync 1 DAGs
[2024-11-04T02:57:05.449+0000] {logging_mixin.py:190} INFO - [2024-11-04T02:57:05.448+0000] {dag.py:4180} INFO - Setting next_dagrun for example_python_decorator to None, run_after=None
[2024-11-04T02:57:05.919+0000] {processor.py:208} INFO - Processing /home/airflow/.local/lib/python3.12/site-packages/airflow/example_dags/example_python_decorator.py took 4.291 seconds
[2024-11-04T03:10:18.916+0000] {processor.py:186} INFO - Started process (PID=793) to work on /home/airflow/.local/lib/python3.12/site-packages/airflow/example_dags/example_python_decorator.py
[2024-11-04T03:10:18.966+0000] {processor.py:914} INFO - Processing file /home/airflow/.local/lib/python3.12/site-packages/airflow/example_dags/example_python_decorator.py for tasks to queue
[2024-11-04T03:10:19.007+0000] {logging_mixin.py:190} INFO - [2024-11-04T03:10:19.006+0000] {dagbag.py:588} INFO - Filling up the DagBag from /home/airflow/.local/lib/python3.12/site-packages/airflow/example_dags/example_python_decorator.py
[2024-11-04T03:10:19.399+0000] {processor.py:925} INFO - DAG(s) 'example_python_decorator' retrieved from /home/airflow/.local/lib/python3.12/site-packages/airflow/example_dags/example_python_decorator.py
[2024-11-04T03:10:19.908+0000] {logging_mixin.py:190} INFO - [2024-11-04T03:10:19.906+0000] {dag.py:3239} INFO - Sync 1 DAGs
[2024-11-04T03:10:20.313+0000] {logging_mixin.py:190} INFO - [2024-11-04T03:10:20.313+0000] {dag.py:4180} INFO - Setting next_dagrun for example_python_decorator to None, run_after=None
[2024-11-04T03:10:20.663+0000] {processor.py:208} INFO - Processing /home/airflow/.local/lib/python3.12/site-packages/airflow/example_dags/example_python_decorator.py took 1.992 seconds
[2024-11-04T03:13:13.928+0000] {processor.py:186} INFO - Started process (PID=907) to work on /home/airflow/.local/lib/python3.12/site-packages/airflow/example_dags/example_python_decorator.py
[2024-11-04T03:13:13.981+0000] {processor.py:914} INFO - Processing file /home/airflow/.local/lib/python3.12/site-packages/airflow/example_dags/example_python_decorator.py for tasks to queue
[2024-11-04T03:13:14.018+0000] {logging_mixin.py:190} INFO - [2024-11-04T03:13:14.017+0000] {dagbag.py:588} INFO - Filling up the DagBag from /home/airflow/.local/lib/python3.12/site-packages/airflow/example_dags/example_python_decorator.py
[2024-11-04T03:13:14.471+0000] {processor.py:925} INFO - DAG(s) 'example_python_decorator' retrieved from /home/airflow/.local/lib/python3.12/site-packages/airflow/example_dags/example_python_decorator.py
[2024-11-04T03:13:15.319+0000] {logging_mixin.py:190} INFO - [2024-11-04T03:13:15.318+0000] {dag.py:3239} INFO - Sync 1 DAGs
[2024-11-04T03:13:15.856+0000] {logging_mixin.py:190} INFO - [2024-11-04T03:13:15.854+0000] {dag.py:4180} INFO - Setting next_dagrun for example_python_decorator to None, run_after=None
[2024-11-04T03:13:16.588+0000] {processor.py:208} INFO - Processing /home/airflow/.local/lib/python3.12/site-packages/airflow/example_dags/example_python_decorator.py took 3.122 seconds
[2024-11-04T03:17:19.500+0000] {processor.py:186} INFO - Started process (PID=1043) to work on /home/airflow/.local/lib/python3.12/site-packages/airflow/example_dags/example_python_decorator.py
[2024-11-04T03:17:19.541+0000] {processor.py:914} INFO - Processing file /home/airflow/.local/lib/python3.12/site-packages/airflow/example_dags/example_python_decorator.py for tasks to queue
[2024-11-04T03:17:19.546+0000] {logging_mixin.py:190} INFO - [2024-11-04T03:17:19.545+0000] {dagbag.py:588} INFO - Filling up the DagBag from /home/airflow/.local/lib/python3.12/site-packages/airflow/example_dags/example_python_decorator.py
[2024-11-04T03:17:19.834+0000] {processor.py:925} INFO - DAG(s) 'example_python_decorator' retrieved from /home/airflow/.local/lib/python3.12/site-packages/airflow/example_dags/example_python_decorator.py
[2024-11-04T03:17:20.685+0000] {logging_mixin.py:190} INFO - [2024-11-04T03:17:20.684+0000] {dag.py:3239} INFO - Sync 1 DAGs
[2024-11-04T03:17:21.035+0000] {logging_mixin.py:190} INFO - [2024-11-04T03:17:21.034+0000] {dag.py:4180} INFO - Setting next_dagrun for example_python_decorator to None, run_after=None
[2024-11-04T03:17:21.461+0000] {processor.py:208} INFO - Processing /home/airflow/.local/lib/python3.12/site-packages/airflow/example_dags/example_python_decorator.py took 2.112 seconds
[2024-11-04T03:19:07.553+0000] {processor.py:186} INFO - Started process (PID=1135) to work on /home/airflow/.local/lib/python3.12/site-packages/airflow/example_dags/example_python_decorator.py
[2024-11-04T03:19:07.570+0000] {processor.py:914} INFO - Processing file /home/airflow/.local/lib/python3.12/site-packages/airflow/example_dags/example_python_decorator.py for tasks to queue
[2024-11-04T03:19:07.583+0000] {logging_mixin.py:190} INFO - [2024-11-04T03:19:07.582+0000] {dagbag.py:588} INFO - Filling up the DagBag from /home/airflow/.local/lib/python3.12/site-packages/airflow/example_dags/example_python_decorator.py
[2024-11-04T03:19:07.782+0000] {processor.py:925} INFO - DAG(s) 'example_python_decorator' retrieved from /home/airflow/.local/lib/python3.12/site-packages/airflow/example_dags/example_python_decorator.py
[2024-11-04T03:19:08.284+0000] {logging_mixin.py:190} INFO - [2024-11-04T03:19:08.284+0000] {dag.py:3239} INFO - Sync 1 DAGs
[2024-11-04T03:19:08.780+0000] {logging_mixin.py:190} INFO - [2024-11-04T03:19:08.780+0000] {dag.py:4180} INFO - Setting next_dagrun for example_python_decorator to None, run_after=None
[2024-11-04T03:19:09.270+0000] {processor.py:208} INFO - Processing /home/airflow/.local/lib/python3.12/site-packages/airflow/example_dags/example_python_decorator.py took 1.821 seconds
[2024-11-04T03:21:09.116+0000] {processor.py:186} INFO - Started process (PID=1232) to work on /home/airflow/.local/lib/python3.12/site-packages/airflow/example_dags/example_python_decorator.py
[2024-11-04T03:21:09.150+0000] {processor.py:914} INFO - Processing file /home/airflow/.local/lib/python3.12/site-packages/airflow/example_dags/example_python_decorator.py for tasks to queue
[2024-11-04T03:21:09.154+0000] {logging_mixin.py:190} INFO - [2024-11-04T03:21:09.153+0000] {dagbag.py:588} INFO - Filling up the DagBag from /home/airflow/.local/lib/python3.12/site-packages/airflow/example_dags/example_python_decorator.py
[2024-11-04T03:21:09.318+0000] {processor.py:925} INFO - DAG(s) 'example_python_decorator' retrieved from /home/airflow/.local/lib/python3.12/site-packages/airflow/example_dags/example_python_decorator.py
[2024-11-04T03:21:09.689+0000] {logging_mixin.py:190} INFO - [2024-11-04T03:21:09.688+0000] {dag.py:3239} INFO - Sync 1 DAGs
[2024-11-04T03:21:09.889+0000] {logging_mixin.py:190} INFO - [2024-11-04T03:21:09.888+0000] {dag.py:4180} INFO - Setting next_dagrun for example_python_decorator to None, run_after=None
[2024-11-04T03:21:10.042+0000] {processor.py:208} INFO - Processing /home/airflow/.local/lib/python3.12/site-packages/airflow/example_dags/example_python_decorator.py took 0.948 seconds
[2024-11-04T03:22:25.590+0000] {processor.py:186} INFO - Started process (PID=1307) to work on /home/airflow/.local/lib/python3.12/site-packages/airflow/example_dags/example_python_decorator.py
[2024-11-04T03:22:25.629+0000] {processor.py:914} INFO - Processing file /home/airflow/.local/lib/python3.12/site-packages/airflow/example_dags/example_python_decorator.py for tasks to queue
[2024-11-04T03:22:25.754+0000] {logging_mixin.py:190} INFO - [2024-11-04T03:22:25.753+0000] {dagbag.py:588} INFO - Filling up the DagBag from /home/airflow/.local/lib/python3.12/site-packages/airflow/example_dags/example_python_decorator.py
[2024-11-04T03:22:26.429+0000] {processor.py:925} INFO - DAG(s) 'example_python_decorator' retrieved from /home/airflow/.local/lib/python3.12/site-packages/airflow/example_dags/example_python_decorator.py
[2024-11-04T03:22:26.795+0000] {logging_mixin.py:190} INFO - [2024-11-04T03:22:26.794+0000] {dag.py:3239} INFO - Sync 1 DAGs
[2024-11-04T03:22:27.034+0000] {logging_mixin.py:190} INFO - [2024-11-04T03:22:27.033+0000] {dag.py:4180} INFO - Setting next_dagrun for example_python_decorator to None, run_after=None
[2024-11-04T03:22:27.334+0000] {processor.py:208} INFO - Processing /home/airflow/.local/lib/python3.12/site-packages/airflow/example_dags/example_python_decorator.py took 2.013 seconds
[2024-11-04T03:26:02.398+0000] {processor.py:186} INFO - Started process (PID=1419) to work on /home/airflow/.local/lib/python3.12/site-packages/airflow/example_dags/example_python_decorator.py
[2024-11-04T03:26:02.428+0000] {processor.py:914} INFO - Processing file /home/airflow/.local/lib/python3.12/site-packages/airflow/example_dags/example_python_decorator.py for tasks to queue
[2024-11-04T03:26:02.431+0000] {logging_mixin.py:190} INFO - [2024-11-04T03:26:02.430+0000] {dagbag.py:588} INFO - Filling up the DagBag from /home/airflow/.local/lib/python3.12/site-packages/airflow/example_dags/example_python_decorator.py
[2024-11-04T03:26:02.635+0000] {processor.py:925} INFO - DAG(s) 'example_python_decorator' retrieved from /home/airflow/.local/lib/python3.12/site-packages/airflow/example_dags/example_python_decorator.py
[2024-11-04T03:26:02.814+0000] {logging_mixin.py:190} INFO - [2024-11-04T03:26:02.813+0000] {dag.py:3239} INFO - Sync 1 DAGs
[2024-11-04T03:26:04.503+0000] {logging_mixin.py:190} INFO - [2024-11-04T03:26:04.503+0000] {dag.py:4180} INFO - Setting next_dagrun for example_python_decorator to None, run_after=None
[2024-11-04T03:26:05.399+0000] {processor.py:208} INFO - Processing /home/airflow/.local/lib/python3.12/site-packages/airflow/example_dags/example_python_decorator.py took 3.092 seconds
[2024-11-04T03:28:37.800+0000] {processor.py:186} INFO - Started process (PID=1522) to work on /home/airflow/.local/lib/python3.12/site-packages/airflow/example_dags/example_python_decorator.py
[2024-11-04T03:28:37.818+0000] {processor.py:914} INFO - Processing file /home/airflow/.local/lib/python3.12/site-packages/airflow/example_dags/example_python_decorator.py for tasks to queue
[2024-11-04T03:28:37.836+0000] {logging_mixin.py:190} INFO - [2024-11-04T03:28:37.834+0000] {dagbag.py:588} INFO - Filling up the DagBag from /home/airflow/.local/lib/python3.12/site-packages/airflow/example_dags/example_python_decorator.py
[2024-11-04T03:28:38.183+0000] {processor.py:925} INFO - DAG(s) 'example_python_decorator' retrieved from /home/airflow/.local/lib/python3.12/site-packages/airflow/example_dags/example_python_decorator.py
[2024-11-04T03:28:38.716+0000] {logging_mixin.py:190} INFO - [2024-11-04T03:28:38.712+0000] {dag.py:3239} INFO - Sync 1 DAGs
[2024-11-04T03:28:39.582+0000] {logging_mixin.py:190} INFO - [2024-11-04T03:28:39.581+0000] {dag.py:4180} INFO - Setting next_dagrun for example_python_decorator to None, run_after=None
[2024-11-04T03:28:40.386+0000] {processor.py:208} INFO - Processing /home/airflow/.local/lib/python3.12/site-packages/airflow/example_dags/example_python_decorator.py took 2.649 seconds
[2024-11-04T03:31:10.679+0000] {processor.py:186} INFO - Started process (PID=1631) to work on /home/airflow/.local/lib/python3.12/site-packages/airflow/example_dags/example_python_decorator.py
[2024-11-04T03:31:10.694+0000] {processor.py:914} INFO - Processing file /home/airflow/.local/lib/python3.12/site-packages/airflow/example_dags/example_python_decorator.py for tasks to queue
[2024-11-04T03:31:10.699+0000] {logging_mixin.py:190} INFO - [2024-11-04T03:31:10.697+0000] {dagbag.py:588} INFO - Filling up the DagBag from /home/airflow/.local/lib/python3.12/site-packages/airflow/example_dags/example_python_decorator.py
[2024-11-04T03:31:11.362+0000] {processor.py:925} INFO - DAG(s) 'example_python_decorator' retrieved from /home/airflow/.local/lib/python3.12/site-packages/airflow/example_dags/example_python_decorator.py
[2024-11-04T03:31:12.121+0000] {logging_mixin.py:190} INFO - [2024-11-04T03:31:12.120+0000] {dag.py:3239} INFO - Sync 1 DAGs
[2024-11-04T03:31:12.314+0000] {logging_mixin.py:190} INFO - [2024-11-04T03:31:12.314+0000] {dag.py:4180} INFO - Setting next_dagrun for example_python_decorator to None, run_after=None
[2024-11-04T03:31:12.514+0000] {processor.py:208} INFO - Processing /home/airflow/.local/lib/python3.12/site-packages/airflow/example_dags/example_python_decorator.py took 2.064 seconds
[2024-11-04T03:34:24.378+0000] {processor.py:186} INFO - Started process (PID=1748) to work on /home/airflow/.local/lib/python3.12/site-packages/airflow/example_dags/example_python_decorator.py
[2024-11-04T03:34:24.398+0000] {processor.py:914} INFO - Processing file /home/airflow/.local/lib/python3.12/site-packages/airflow/example_dags/example_python_decorator.py for tasks to queue
[2024-11-04T03:34:24.416+0000] {logging_mixin.py:190} INFO - [2024-11-04T03:34:24.415+0000] {dagbag.py:588} INFO - Filling up the DagBag from /home/airflow/.local/lib/python3.12/site-packages/airflow/example_dags/example_python_decorator.py
[2024-11-04T03:34:24.597+0000] {processor.py:925} INFO - DAG(s) 'example_python_decorator' retrieved from /home/airflow/.local/lib/python3.12/site-packages/airflow/example_dags/example_python_decorator.py
[2024-11-04T03:34:24.889+0000] {logging_mixin.py:190} INFO - [2024-11-04T03:34:24.883+0000] {dag.py:3239} INFO - Sync 1 DAGs
[2024-11-04T03:34:25.262+0000] {logging_mixin.py:190} INFO - [2024-11-04T03:34:25.262+0000] {dag.py:4180} INFO - Setting next_dagrun for example_python_decorator to None, run_after=None
[2024-11-04T03:34:25.518+0000] {processor.py:208} INFO - Processing /home/airflow/.local/lib/python3.12/site-packages/airflow/example_dags/example_python_decorator.py took 1.287 seconds
[2024-11-04T03:39:48.418+0000] {processor.py:186} INFO - Started process (PID=1890) to work on /home/airflow/.local/lib/python3.12/site-packages/airflow/example_dags/example_python_decorator.py
[2024-11-04T03:39:48.443+0000] {processor.py:914} INFO - Processing file /home/airflow/.local/lib/python3.12/site-packages/airflow/example_dags/example_python_decorator.py for tasks to queue
[2024-11-04T03:39:48.449+0000] {logging_mixin.py:190} INFO - [2024-11-04T03:39:48.447+0000] {dagbag.py:588} INFO - Filling up the DagBag from /home/airflow/.local/lib/python3.12/site-packages/airflow/example_dags/example_python_decorator.py
[2024-11-04T03:39:48.685+0000] {processor.py:925} INFO - DAG(s) 'example_python_decorator' retrieved from /home/airflow/.local/lib/python3.12/site-packages/airflow/example_dags/example_python_decorator.py
[2024-11-04T03:39:49.064+0000] {logging_mixin.py:190} INFO - [2024-11-04T03:39:49.063+0000] {dag.py:3239} INFO - Sync 1 DAGs
[2024-11-04T03:39:49.330+0000] {logging_mixin.py:190} INFO - [2024-11-04T03:39:49.329+0000] {dag.py:4180} INFO - Setting next_dagrun for example_python_decorator to None, run_after=None
[2024-11-04T03:39:49.614+0000] {processor.py:208} INFO - Processing /home/airflow/.local/lib/python3.12/site-packages/airflow/example_dags/example_python_decorator.py took 1.282 seconds
[2024-11-04T03:44:56.914+0000] {processor.py:186} INFO - Started process (PID=2022) to work on /home/airflow/.local/lib/python3.12/site-packages/airflow/example_dags/example_python_decorator.py
[2024-11-04T03:44:56.947+0000] {processor.py:914} INFO - Processing file /home/airflow/.local/lib/python3.12/site-packages/airflow/example_dags/example_python_decorator.py for tasks to queue
[2024-11-04T03:44:56.960+0000] {logging_mixin.py:190} INFO - [2024-11-04T03:44:56.959+0000] {dagbag.py:588} INFO - Filling up the DagBag from /home/airflow/.local/lib/python3.12/site-packages/airflow/example_dags/example_python_decorator.py
[2024-11-04T03:44:57.165+0000] {processor.py:925} INFO - DAG(s) 'example_python_decorator' retrieved from /home/airflow/.local/lib/python3.12/site-packages/airflow/example_dags/example_python_decorator.py
[2024-11-04T03:44:57.469+0000] {logging_mixin.py:190} INFO - [2024-11-04T03:44:57.468+0000] {dag.py:3239} INFO - Sync 1 DAGs
[2024-11-04T03:44:57.633+0000] {logging_mixin.py:190} INFO - [2024-11-04T03:44:57.632+0000] {dag.py:4180} INFO - Setting next_dagrun for example_python_decorator to None, run_after=None
[2024-11-04T03:44:57.948+0000] {processor.py:208} INFO - Processing /home/airflow/.local/lib/python3.12/site-packages/airflow/example_dags/example_python_decorator.py took 1.102 seconds
[2024-11-04T03:47:30.475+0000] {processor.py:186} INFO - Started process (PID=2133) to work on /home/airflow/.local/lib/python3.12/site-packages/airflow/example_dags/example_python_decorator.py
[2024-11-04T03:47:30.480+0000] {processor.py:914} INFO - Processing file /home/airflow/.local/lib/python3.12/site-packages/airflow/example_dags/example_python_decorator.py for tasks to queue
[2024-11-04T03:47:30.484+0000] {logging_mixin.py:190} INFO - [2024-11-04T03:47:30.483+0000] {dagbag.py:588} INFO - Filling up the DagBag from /home/airflow/.local/lib/python3.12/site-packages/airflow/example_dags/example_python_decorator.py
[2024-11-04T03:47:30.602+0000] {processor.py:925} INFO - DAG(s) 'example_python_decorator' retrieved from /home/airflow/.local/lib/python3.12/site-packages/airflow/example_dags/example_python_decorator.py
[2024-11-04T03:47:30.775+0000] {logging_mixin.py:190} INFO - [2024-11-04T03:47:30.775+0000] {dag.py:3239} INFO - Sync 1 DAGs
[2024-11-04T03:47:30.868+0000] {logging_mixin.py:190} INFO - [2024-11-04T03:47:30.867+0000] {dag.py:4180} INFO - Setting next_dagrun for example_python_decorator to None, run_after=None
[2024-11-04T03:47:30.995+0000] {processor.py:208} INFO - Processing /home/airflow/.local/lib/python3.12/site-packages/airflow/example_dags/example_python_decorator.py took 0.568 seconds
[2024-11-04T03:49:29.996+0000] {processor.py:186} INFO - Started process (PID=2229) to work on /home/airflow/.local/lib/python3.12/site-packages/airflow/example_dags/example_python_decorator.py
[2024-11-04T03:49:30.028+0000] {processor.py:914} INFO - Processing file /home/airflow/.local/lib/python3.12/site-packages/airflow/example_dags/example_python_decorator.py for tasks to queue
[2024-11-04T03:49:30.046+0000] {logging_mixin.py:190} INFO - [2024-11-04T03:49:30.045+0000] {dagbag.py:588} INFO - Filling up the DagBag from /home/airflow/.local/lib/python3.12/site-packages/airflow/example_dags/example_python_decorator.py
[2024-11-04T03:49:30.396+0000] {processor.py:925} INFO - DAG(s) 'example_python_decorator' retrieved from /home/airflow/.local/lib/python3.12/site-packages/airflow/example_dags/example_python_decorator.py
[2024-11-04T03:49:30.940+0000] {logging_mixin.py:190} INFO - [2024-11-04T03:49:30.938+0000] {dag.py:3239} INFO - Sync 1 DAGs
[2024-11-04T03:49:31.589+0000] {logging_mixin.py:190} INFO - [2024-11-04T03:49:31.496+0000] {dag.py:4180} INFO - Setting next_dagrun for example_python_decorator to None, run_after=None
[2024-11-04T03:49:31.798+0000] {processor.py:208} INFO - Processing /home/airflow/.local/lib/python3.12/site-packages/airflow/example_dags/example_python_decorator.py took 1.970 seconds
[2024-11-04T03:52:16.921+0000] {processor.py:186} INFO - Started process (PID=2344) to work on /home/airflow/.local/lib/python3.12/site-packages/airflow/example_dags/example_python_decorator.py
[2024-11-04T03:52:16.928+0000] {processor.py:914} INFO - Processing file /home/airflow/.local/lib/python3.12/site-packages/airflow/example_dags/example_python_decorator.py for tasks to queue
[2024-11-04T03:52:16.938+0000] {logging_mixin.py:190} INFO - [2024-11-04T03:52:16.937+0000] {dagbag.py:588} INFO - Filling up the DagBag from /home/airflow/.local/lib/python3.12/site-packages/airflow/example_dags/example_python_decorator.py
[2024-11-04T03:52:17.217+0000] {processor.py:925} INFO - DAG(s) 'example_python_decorator' retrieved from /home/airflow/.local/lib/python3.12/site-packages/airflow/example_dags/example_python_decorator.py
[2024-11-04T03:52:17.544+0000] {logging_mixin.py:190} INFO - [2024-11-04T03:52:17.543+0000] {dag.py:3239} INFO - Sync 1 DAGs
[2024-11-04T03:52:17.918+0000] {logging_mixin.py:190} INFO - [2024-11-04T03:52:17.893+0000] {dag.py:4180} INFO - Setting next_dagrun for example_python_decorator to None, run_after=None
[2024-11-04T03:52:18.700+0000] {processor.py:208} INFO - Processing /home/airflow/.local/lib/python3.12/site-packages/airflow/example_dags/example_python_decorator.py took 1.854 seconds
[2024-11-04T04:08:16.212+0000] {processor.py:186} INFO - Started process (PID=2471) to work on /home/airflow/.local/lib/python3.12/site-packages/airflow/example_dags/example_python_decorator.py
[2024-11-04T04:08:16.231+0000] {processor.py:914} INFO - Processing file /home/airflow/.local/lib/python3.12/site-packages/airflow/example_dags/example_python_decorator.py for tasks to queue
[2024-11-04T04:08:16.253+0000] {logging_mixin.py:190} INFO - [2024-11-04T04:08:16.251+0000] {dagbag.py:588} INFO - Filling up the DagBag from /home/airflow/.local/lib/python3.12/site-packages/airflow/example_dags/example_python_decorator.py
[2024-11-04T04:08:17.708+0000] {processor.py:925} INFO - DAG(s) 'example_python_decorator' retrieved from /home/airflow/.local/lib/python3.12/site-packages/airflow/example_dags/example_python_decorator.py
[2024-11-04T04:08:19.762+0000] {logging_mixin.py:190} INFO - [2024-11-04T04:08:19.761+0000] {dag.py:3239} INFO - Sync 1 DAGs
[2024-11-04T04:08:20.650+0000] {logging_mixin.py:190} INFO - [2024-11-04T04:08:20.627+0000] {dag.py:4180} INFO - Setting next_dagrun for example_python_decorator to None, run_after=None
[2024-11-04T04:08:21.354+0000] {processor.py:208} INFO - Processing /home/airflow/.local/lib/python3.12/site-packages/airflow/example_dags/example_python_decorator.py took 5.424 seconds
[2024-11-04T04:34:09.139+0000] {processor.py:186} INFO - Started process (PID=2568) to work on /home/airflow/.local/lib/python3.12/site-packages/airflow/example_dags/example_python_decorator.py
[2024-11-04T04:34:09.153+0000] {processor.py:914} INFO - Processing file /home/airflow/.local/lib/python3.12/site-packages/airflow/example_dags/example_python_decorator.py for tasks to queue
[2024-11-04T04:34:09.159+0000] {logging_mixin.py:190} INFO - [2024-11-04T04:34:09.158+0000] {dagbag.py:588} INFO - Filling up the DagBag from /home/airflow/.local/lib/python3.12/site-packages/airflow/example_dags/example_python_decorator.py
[2024-11-04T04:34:09.530+0000] {processor.py:925} INFO - DAG(s) 'example_python_decorator' retrieved from /home/airflow/.local/lib/python3.12/site-packages/airflow/example_dags/example_python_decorator.py
[2024-11-04T04:34:09.898+0000] {logging_mixin.py:190} INFO - [2024-11-04T04:34:09.898+0000] {dag.py:3239} INFO - Sync 1 DAGs
[2024-11-04T04:34:10.050+0000] {logging_mixin.py:190} INFO - [2024-11-04T04:34:10.050+0000] {dag.py:4180} INFO - Setting next_dagrun for example_python_decorator to None, run_after=None
[2024-11-04T04:34:10.227+0000] {processor.py:208} INFO - Processing /home/airflow/.local/lib/python3.12/site-packages/airflow/example_dags/example_python_decorator.py took 1.160 seconds
[2024-11-04T04:37:46.415+0000] {processor.py:186} INFO - Started process (PID=2688) to work on /home/airflow/.local/lib/python3.12/site-packages/airflow/example_dags/example_python_decorator.py
[2024-11-04T04:37:46.448+0000] {processor.py:914} INFO - Processing file /home/airflow/.local/lib/python3.12/site-packages/airflow/example_dags/example_python_decorator.py for tasks to queue
[2024-11-04T04:37:46.508+0000] {logging_mixin.py:190} INFO - [2024-11-04T04:37:46.451+0000] {dagbag.py:588} INFO - Filling up the DagBag from /home/airflow/.local/lib/python3.12/site-packages/airflow/example_dags/example_python_decorator.py
[2024-11-04T04:37:46.859+0000] {processor.py:925} INFO - DAG(s) 'example_python_decorator' retrieved from /home/airflow/.local/lib/python3.12/site-packages/airflow/example_dags/example_python_decorator.py
[2024-11-04T04:37:47.545+0000] {logging_mixin.py:190} INFO - [2024-11-04T04:37:47.544+0000] {dag.py:3239} INFO - Sync 1 DAGs
[2024-11-04T04:37:48.243+0000] {logging_mixin.py:190} INFO - [2024-11-04T04:37:48.184+0000] {dag.py:4180} INFO - Setting next_dagrun for example_python_decorator to None, run_after=None
[2024-11-04T04:37:48.602+0000] {processor.py:208} INFO - Processing /home/airflow/.local/lib/python3.12/site-packages/airflow/example_dags/example_python_decorator.py took 2.329 seconds
[2024-11-04T04:41:20.559+0000] {processor.py:186} INFO - Started process (PID=2810) to work on /home/airflow/.local/lib/python3.12/site-packages/airflow/example_dags/example_python_decorator.py
[2024-11-04T04:41:20.567+0000] {processor.py:914} INFO - Processing file /home/airflow/.local/lib/python3.12/site-packages/airflow/example_dags/example_python_decorator.py for tasks to queue
[2024-11-04T04:41:20.582+0000] {logging_mixin.py:190} INFO - [2024-11-04T04:41:20.576+0000] {dagbag.py:588} INFO - Filling up the DagBag from /home/airflow/.local/lib/python3.12/site-packages/airflow/example_dags/example_python_decorator.py
[2024-11-04T04:41:20.848+0000] {processor.py:925} INFO - DAG(s) 'example_python_decorator' retrieved from /home/airflow/.local/lib/python3.12/site-packages/airflow/example_dags/example_python_decorator.py
[2024-11-04T04:41:21.165+0000] {logging_mixin.py:190} INFO - [2024-11-04T04:41:21.153+0000] {dag.py:3239} INFO - Sync 1 DAGs
[2024-11-04T04:41:21.280+0000] {logging_mixin.py:190} INFO - [2024-11-04T04:41:21.280+0000] {dag.py:4180} INFO - Setting next_dagrun for example_python_decorator to None, run_after=None
[2024-11-04T04:41:21.518+0000] {processor.py:208} INFO - Processing /home/airflow/.local/lib/python3.12/site-packages/airflow/example_dags/example_python_decorator.py took 1.106 seconds
[2024-11-04T04:48:15.295+0000] {processor.py:186} INFO - Started process (PID=2973) to work on /home/airflow/.local/lib/python3.12/site-packages/airflow/example_dags/example_python_decorator.py
[2024-11-04T04:48:15.324+0000] {processor.py:914} INFO - Processing file /home/airflow/.local/lib/python3.12/site-packages/airflow/example_dags/example_python_decorator.py for tasks to queue
[2024-11-04T04:48:15.418+0000] {logging_mixin.py:190} INFO - [2024-11-04T04:48:15.387+0000] {dagbag.py:588} INFO - Filling up the DagBag from /home/airflow/.local/lib/python3.12/site-packages/airflow/example_dags/example_python_decorator.py
[2024-11-04T04:48:16.049+0000] {processor.py:925} INFO - DAG(s) 'example_python_decorator' retrieved from /home/airflow/.local/lib/python3.12/site-packages/airflow/example_dags/example_python_decorator.py
[2024-11-04T04:48:16.932+0000] {logging_mixin.py:190} INFO - [2024-11-04T04:48:16.930+0000] {dag.py:3239} INFO - Sync 1 DAGs
[2024-11-04T04:48:17.268+0000] {logging_mixin.py:190} INFO - [2024-11-04T04:48:17.268+0000] {dag.py:4180} INFO - Setting next_dagrun for example_python_decorator to None, run_after=None
[2024-11-04T04:48:17.650+0000] {processor.py:208} INFO - Processing /home/airflow/.local/lib/python3.12/site-packages/airflow/example_dags/example_python_decorator.py took 3.320 seconds
[2024-11-04T04:50:31.257+0000] {processor.py:186} INFO - Started process (PID=3078) to work on /home/airflow/.local/lib/python3.12/site-packages/airflow/example_dags/example_python_decorator.py
[2024-11-04T04:50:31.284+0000] {processor.py:914} INFO - Processing file /home/airflow/.local/lib/python3.12/site-packages/airflow/example_dags/example_python_decorator.py for tasks to queue
[2024-11-04T04:50:31.308+0000] {logging_mixin.py:190} INFO - [2024-11-04T04:50:31.301+0000] {dagbag.py:588} INFO - Filling up the DagBag from /home/airflow/.local/lib/python3.12/site-packages/airflow/example_dags/example_python_decorator.py
[2024-11-04T04:50:31.521+0000] {processor.py:925} INFO - DAG(s) 'example_python_decorator' retrieved from /home/airflow/.local/lib/python3.12/site-packages/airflow/example_dags/example_python_decorator.py
[2024-11-04T04:50:31.733+0000] {logging_mixin.py:190} INFO - [2024-11-04T04:50:31.732+0000] {dag.py:3239} INFO - Sync 1 DAGs
[2024-11-04T04:50:32.210+0000] {logging_mixin.py:190} INFO - [2024-11-04T04:50:32.209+0000] {dag.py:4180} INFO - Setting next_dagrun for example_python_decorator to None, run_after=None
[2024-11-04T04:50:32.674+0000] {processor.py:208} INFO - Processing /home/airflow/.local/lib/python3.12/site-packages/airflow/example_dags/example_python_decorator.py took 1.627 seconds
[2024-11-04T04:54:05.529+0000] {processor.py:186} INFO - Started process (PID=3165) to work on /home/airflow/.local/lib/python3.12/site-packages/airflow/example_dags/example_python_decorator.py
[2024-11-04T04:54:05.533+0000] {processor.py:914} INFO - Processing file /home/airflow/.local/lib/python3.12/site-packages/airflow/example_dags/example_python_decorator.py for tasks to queue
[2024-11-04T04:54:05.539+0000] {logging_mixin.py:190} INFO - [2024-11-04T04:54:05.537+0000] {dagbag.py:588} INFO - Filling up the DagBag from /home/airflow/.local/lib/python3.12/site-packages/airflow/example_dags/example_python_decorator.py
[2024-11-04T04:54:05.917+0000] {processor.py:925} INFO - DAG(s) 'example_python_decorator' retrieved from /home/airflow/.local/lib/python3.12/site-packages/airflow/example_dags/example_python_decorator.py
[2024-11-04T04:54:06.139+0000] {logging_mixin.py:190} INFO - [2024-11-04T04:54:06.138+0000] {dag.py:3239} INFO - Sync 1 DAGs
[2024-11-04T04:54:06.397+0000] {logging_mixin.py:190} INFO - [2024-11-04T04:54:06.396+0000] {dag.py:4180} INFO - Setting next_dagrun for example_python_decorator to None, run_after=None
[2024-11-04T04:54:06.589+0000] {processor.py:208} INFO - Processing /home/airflow/.local/lib/python3.12/site-packages/airflow/example_dags/example_python_decorator.py took 1.104 seconds
[2024-11-04T09:51:43.757+0000] {processor.py:186} INFO - Started process (PID=164) to work on /home/airflow/.local/lib/python3.12/site-packages/airflow/example_dags/example_python_decorator.py
[2024-11-04T09:51:43.790+0000] {processor.py:914} INFO - Processing file /home/airflow/.local/lib/python3.12/site-packages/airflow/example_dags/example_python_decorator.py for tasks to queue
[2024-11-04T09:51:43.828+0000] {logging_mixin.py:190} INFO - [2024-11-04T09:51:43.827+0000] {dagbag.py:588} INFO - Filling up the DagBag from /home/airflow/.local/lib/python3.12/site-packages/airflow/example_dags/example_python_decorator.py
[2024-11-04T09:51:44.164+0000] {processor.py:925} INFO - DAG(s) 'example_python_decorator' retrieved from /home/airflow/.local/lib/python3.12/site-packages/airflow/example_dags/example_python_decorator.py
[2024-11-04T09:51:45.741+0000] {logging_mixin.py:190} INFO - [2024-11-04T09:51:45.740+0000] {dag.py:3239} INFO - Sync 1 DAGs
[2024-11-04T09:51:45.960+0000] {logging_mixin.py:190} INFO - [2024-11-04T09:51:45.960+0000] {dag.py:4180} INFO - Setting next_dagrun for example_python_decorator to None, run_after=None
[2024-11-04T09:51:46.206+0000] {processor.py:208} INFO - Processing /home/airflow/.local/lib/python3.12/site-packages/airflow/example_dags/example_python_decorator.py took 2.611 seconds
[2024-11-04T09:53:35.558+0000] {processor.py:186} INFO - Started process (PID=258) to work on /home/airflow/.local/lib/python3.12/site-packages/airflow/example_dags/example_python_decorator.py
[2024-11-04T09:53:35.569+0000] {processor.py:914} INFO - Processing file /home/airflow/.local/lib/python3.12/site-packages/airflow/example_dags/example_python_decorator.py for tasks to queue
[2024-11-04T09:53:35.760+0000] {logging_mixin.py:190} INFO - [2024-11-04T09:53:35.759+0000] {dagbag.py:588} INFO - Filling up the DagBag from /home/airflow/.local/lib/python3.12/site-packages/airflow/example_dags/example_python_decorator.py
[2024-11-04T09:53:36.150+0000] {processor.py:925} INFO - DAG(s) 'example_python_decorator' retrieved from /home/airflow/.local/lib/python3.12/site-packages/airflow/example_dags/example_python_decorator.py
[2024-11-04T09:53:37.563+0000] {logging_mixin.py:190} INFO - [2024-11-04T09:53:37.563+0000] {dag.py:3239} INFO - Sync 1 DAGs
[2024-11-04T09:53:39.390+0000] {logging_mixin.py:190} INFO - [2024-11-04T09:53:39.389+0000] {dag.py:4180} INFO - Setting next_dagrun for example_python_decorator to None, run_after=None
[2024-11-04T09:53:41.123+0000] {processor.py:208} INFO - Processing /home/airflow/.local/lib/python3.12/site-packages/airflow/example_dags/example_python_decorator.py took 6.119 seconds
[2024-11-04T09:55:01.974+0000] {processor.py:186} INFO - Started process (PID=339) to work on /home/airflow/.local/lib/python3.12/site-packages/airflow/example_dags/example_python_decorator.py
[2024-11-04T09:55:01.994+0000] {processor.py:914} INFO - Processing file /home/airflow/.local/lib/python3.12/site-packages/airflow/example_dags/example_python_decorator.py for tasks to queue
[2024-11-04T09:55:02.035+0000] {logging_mixin.py:190} INFO - [2024-11-04T09:55:02.034+0000] {dagbag.py:588} INFO - Filling up the DagBag from /home/airflow/.local/lib/python3.12/site-packages/airflow/example_dags/example_python_decorator.py
[2024-11-04T09:55:02.219+0000] {processor.py:925} INFO - DAG(s) 'example_python_decorator' retrieved from /home/airflow/.local/lib/python3.12/site-packages/airflow/example_dags/example_python_decorator.py
[2024-11-04T09:55:02.401+0000] {logging_mixin.py:190} INFO - [2024-11-04T09:55:02.399+0000] {dag.py:3239} INFO - Sync 1 DAGs
[2024-11-04T09:55:02.633+0000] {logging_mixin.py:190} INFO - [2024-11-04T09:55:02.632+0000] {dag.py:4180} INFO - Setting next_dagrun for example_python_decorator to None, run_after=None
[2024-11-04T09:55:02.940+0000] {processor.py:208} INFO - Processing /home/airflow/.local/lib/python3.12/site-packages/airflow/example_dags/example_python_decorator.py took 1.056 seconds
[2024-11-04T09:55:59.623+0000] {processor.py:186} INFO - Started process (PID=414) to work on /home/airflow/.local/lib/python3.12/site-packages/airflow/example_dags/example_python_decorator.py
[2024-11-04T09:55:59.679+0000] {processor.py:914} INFO - Processing file /home/airflow/.local/lib/python3.12/site-packages/airflow/example_dags/example_python_decorator.py for tasks to queue
[2024-11-04T09:55:59.694+0000] {logging_mixin.py:190} INFO - [2024-11-04T09:55:59.693+0000] {dagbag.py:588} INFO - Filling up the DagBag from /home/airflow/.local/lib/python3.12/site-packages/airflow/example_dags/example_python_decorator.py
[2024-11-04T09:55:59.964+0000] {processor.py:925} INFO - DAG(s) 'example_python_decorator' retrieved from /home/airflow/.local/lib/python3.12/site-packages/airflow/example_dags/example_python_decorator.py
[2024-11-04T09:56:00.147+0000] {logging_mixin.py:190} INFO - [2024-11-04T09:56:00.146+0000] {dag.py:3239} INFO - Sync 1 DAGs
[2024-11-04T09:56:00.263+0000] {logging_mixin.py:190} INFO - [2024-11-04T09:56:00.262+0000] {dag.py:4180} INFO - Setting next_dagrun for example_python_decorator to None, run_after=None
[2024-11-04T09:56:00.643+0000] {processor.py:208} INFO - Processing /home/airflow/.local/lib/python3.12/site-packages/airflow/example_dags/example_python_decorator.py took 1.119 seconds
[2024-11-04T09:56:54.597+0000] {processor.py:186} INFO - Started process (PID=483) to work on /home/airflow/.local/lib/python3.12/site-packages/airflow/example_dags/example_python_decorator.py
[2024-11-04T09:56:54.600+0000] {processor.py:914} INFO - Processing file /home/airflow/.local/lib/python3.12/site-packages/airflow/example_dags/example_python_decorator.py for tasks to queue
[2024-11-04T09:56:54.608+0000] {logging_mixin.py:190} INFO - [2024-11-04T09:56:54.608+0000] {dagbag.py:588} INFO - Filling up the DagBag from /home/airflow/.local/lib/python3.12/site-packages/airflow/example_dags/example_python_decorator.py
[2024-11-04T09:56:54.678+0000] {processor.py:925} INFO - DAG(s) 'example_python_decorator' retrieved from /home/airflow/.local/lib/python3.12/site-packages/airflow/example_dags/example_python_decorator.py
[2024-11-04T09:56:54.824+0000] {logging_mixin.py:190} INFO - [2024-11-04T09:56:54.824+0000] {dag.py:3239} INFO - Sync 1 DAGs
[2024-11-04T09:56:54.943+0000] {logging_mixin.py:190} INFO - [2024-11-04T09:56:54.943+0000] {dag.py:4180} INFO - Setting next_dagrun for example_python_decorator to None, run_after=None
[2024-11-04T09:56:55.065+0000] {processor.py:208} INFO - Processing /home/airflow/.local/lib/python3.12/site-packages/airflow/example_dags/example_python_decorator.py took 0.519 seconds
[2024-11-04T09:57:49.958+0000] {processor.py:186} INFO - Started process (PID=562) to work on /home/airflow/.local/lib/python3.12/site-packages/airflow/example_dags/example_python_decorator.py
[2024-11-04T09:57:49.981+0000] {processor.py:914} INFO - Processing file /home/airflow/.local/lib/python3.12/site-packages/airflow/example_dags/example_python_decorator.py for tasks to queue
[2024-11-04T09:57:49.997+0000] {logging_mixin.py:190} INFO - [2024-11-04T09:57:49.996+0000] {dagbag.py:588} INFO - Filling up the DagBag from /home/airflow/.local/lib/python3.12/site-packages/airflow/example_dags/example_python_decorator.py
[2024-11-04T09:57:50.168+0000] {processor.py:925} INFO - DAG(s) 'example_python_decorator' retrieved from /home/airflow/.local/lib/python3.12/site-packages/airflow/example_dags/example_python_decorator.py
[2024-11-04T09:57:50.499+0000] {logging_mixin.py:190} INFO - [2024-11-04T09:57:50.497+0000] {dag.py:3239} INFO - Sync 1 DAGs
[2024-11-04T09:57:50.639+0000] {logging_mixin.py:190} INFO - [2024-11-04T09:57:50.639+0000] {dag.py:4180} INFO - Setting next_dagrun for example_python_decorator to None, run_after=None
[2024-11-04T09:57:50.882+0000] {processor.py:208} INFO - Processing /home/airflow/.local/lib/python3.12/site-packages/airflow/example_dags/example_python_decorator.py took 0.977 seconds
[2024-11-04T09:58:32.945+0000] {processor.py:186} INFO - Started process (PID=628) to work on /home/airflow/.local/lib/python3.12/site-packages/airflow/example_dags/example_python_decorator.py
[2024-11-04T09:58:32.970+0000] {processor.py:914} INFO - Processing file /home/airflow/.local/lib/python3.12/site-packages/airflow/example_dags/example_python_decorator.py for tasks to queue
[2024-11-04T09:58:32.984+0000] {logging_mixin.py:190} INFO - [2024-11-04T09:58:32.983+0000] {dagbag.py:588} INFO - Filling up the DagBag from /home/airflow/.local/lib/python3.12/site-packages/airflow/example_dags/example_python_decorator.py
[2024-11-04T09:58:33.124+0000] {processor.py:925} INFO - DAG(s) 'example_python_decorator' retrieved from /home/airflow/.local/lib/python3.12/site-packages/airflow/example_dags/example_python_decorator.py
[2024-11-04T09:58:33.266+0000] {logging_mixin.py:190} INFO - [2024-11-04T09:58:33.266+0000] {dag.py:3239} INFO - Sync 1 DAGs
[2024-11-04T09:58:33.405+0000] {logging_mixin.py:190} INFO - [2024-11-04T09:58:33.404+0000] {dag.py:4180} INFO - Setting next_dagrun for example_python_decorator to None, run_after=None
[2024-11-04T09:58:33.546+0000] {processor.py:208} INFO - Processing /home/airflow/.local/lib/python3.12/site-packages/airflow/example_dags/example_python_decorator.py took 0.650 seconds
[2024-11-04T10:00:23.516+0000] {processor.py:186} INFO - Started process (PID=720) to work on /home/airflow/.local/lib/python3.12/site-packages/airflow/example_dags/example_python_decorator.py
[2024-11-04T10:00:23.551+0000] {processor.py:914} INFO - Processing file /home/airflow/.local/lib/python3.12/site-packages/airflow/example_dags/example_python_decorator.py for tasks to queue
[2024-11-04T10:00:23.561+0000] {logging_mixin.py:190} INFO - [2024-11-04T10:00:23.560+0000] {dagbag.py:588} INFO - Filling up the DagBag from /home/airflow/.local/lib/python3.12/site-packages/airflow/example_dags/example_python_decorator.py
[2024-11-04T10:00:23.870+0000] {processor.py:925} INFO - DAG(s) 'example_python_decorator' retrieved from /home/airflow/.local/lib/python3.12/site-packages/airflow/example_dags/example_python_decorator.py
[2024-11-04T10:00:24.210+0000] {logging_mixin.py:190} INFO - [2024-11-04T10:00:24.209+0000] {dag.py:3239} INFO - Sync 1 DAGs
[2024-11-04T10:00:24.645+0000] {logging_mixin.py:190} INFO - [2024-11-04T10:00:24.623+0000] {dag.py:4180} INFO - Setting next_dagrun for example_python_decorator to None, run_after=None
[2024-11-04T10:00:25.106+0000] {processor.py:208} INFO - Processing /home/airflow/.local/lib/python3.12/site-packages/airflow/example_dags/example_python_decorator.py took 1.676 seconds
[2024-11-04T10:02:53.602+0000] {processor.py:186} INFO - Started process (PID=829) to work on /home/airflow/.local/lib/python3.12/site-packages/airflow/example_dags/example_python_decorator.py
[2024-11-04T10:02:53.634+0000] {processor.py:914} INFO - Processing file /home/airflow/.local/lib/python3.12/site-packages/airflow/example_dags/example_python_decorator.py for tasks to queue
[2024-11-04T10:02:53.660+0000] {logging_mixin.py:190} INFO - [2024-11-04T10:02:53.659+0000] {dagbag.py:588} INFO - Filling up the DagBag from /home/airflow/.local/lib/python3.12/site-packages/airflow/example_dags/example_python_decorator.py
[2024-11-04T10:02:53.892+0000] {processor.py:925} INFO - DAG(s) 'example_python_decorator' retrieved from /home/airflow/.local/lib/python3.12/site-packages/airflow/example_dags/example_python_decorator.py
[2024-11-04T10:02:54.165+0000] {logging_mixin.py:190} INFO - [2024-11-04T10:02:54.165+0000] {dag.py:3239} INFO - Sync 1 DAGs
[2024-11-04T10:02:54.504+0000] {logging_mixin.py:190} INFO - [2024-11-04T10:02:54.503+0000] {dag.py:4180} INFO - Setting next_dagrun for example_python_decorator to None, run_after=None
[2024-11-04T10:02:54.890+0000] {processor.py:208} INFO - Processing /home/airflow/.local/lib/python3.12/site-packages/airflow/example_dags/example_python_decorator.py took 1.396 seconds
[2024-11-04T10:04:48.531+0000] {processor.py:186} INFO - Started process (PID=916) to work on /home/airflow/.local/lib/python3.12/site-packages/airflow/example_dags/example_python_decorator.py
[2024-11-04T10:04:48.674+0000] {processor.py:914} INFO - Processing file /home/airflow/.local/lib/python3.12/site-packages/airflow/example_dags/example_python_decorator.py for tasks to queue
[2024-11-04T10:04:48.718+0000] {logging_mixin.py:190} INFO - [2024-11-04T10:04:48.717+0000] {dagbag.py:588} INFO - Filling up the DagBag from /home/airflow/.local/lib/python3.12/site-packages/airflow/example_dags/example_python_decorator.py
[2024-11-04T10:04:49.020+0000] {processor.py:925} INFO - DAG(s) 'example_python_decorator' retrieved from /home/airflow/.local/lib/python3.12/site-packages/airflow/example_dags/example_python_decorator.py
[2024-11-04T10:04:49.373+0000] {logging_mixin.py:190} INFO - [2024-11-04T10:04:49.372+0000] {dag.py:3239} INFO - Sync 1 DAGs
[2024-11-04T10:04:49.641+0000] {logging_mixin.py:190} INFO - [2024-11-04T10:04:49.640+0000] {dag.py:4180} INFO - Setting next_dagrun for example_python_decorator to None, run_after=None
[2024-11-04T10:04:49.945+0000] {processor.py:208} INFO - Processing /home/airflow/.local/lib/python3.12/site-packages/airflow/example_dags/example_python_decorator.py took 2.519 seconds
[2024-11-04T10:07:27.375+0000] {processor.py:186} INFO - Started process (PID=1026) to work on /home/airflow/.local/lib/python3.12/site-packages/airflow/example_dags/example_python_decorator.py
[2024-11-04T10:07:27.458+0000] {processor.py:914} INFO - Processing file /home/airflow/.local/lib/python3.12/site-packages/airflow/example_dags/example_python_decorator.py for tasks to queue
[2024-11-04T10:07:27.626+0000] {logging_mixin.py:190} INFO - [2024-11-04T10:07:27.625+0000] {dagbag.py:588} INFO - Filling up the DagBag from /home/airflow/.local/lib/python3.12/site-packages/airflow/example_dags/example_python_decorator.py
[2024-11-04T10:07:27.922+0000] {processor.py:925} INFO - DAG(s) 'example_python_decorator' retrieved from /home/airflow/.local/lib/python3.12/site-packages/airflow/example_dags/example_python_decorator.py
[2024-11-04T10:07:28.439+0000] {logging_mixin.py:190} INFO - [2024-11-04T10:07:28.438+0000] {dag.py:3239} INFO - Sync 1 DAGs
[2024-11-04T10:07:28.785+0000] {logging_mixin.py:190} INFO - [2024-11-04T10:07:28.785+0000] {dag.py:4180} INFO - Setting next_dagrun for example_python_decorator to None, run_after=None
[2024-11-04T10:07:29.282+0000] {processor.py:208} INFO - Processing /home/airflow/.local/lib/python3.12/site-packages/airflow/example_dags/example_python_decorator.py took 2.069 seconds
[2024-11-04T10:12:15.308+0000] {processor.py:186} INFO - Started process (PID=1161) to work on /home/airflow/.local/lib/python3.12/site-packages/airflow/example_dags/example_python_decorator.py
[2024-11-04T10:12:15.323+0000] {processor.py:914} INFO - Processing file /home/airflow/.local/lib/python3.12/site-packages/airflow/example_dags/example_python_decorator.py for tasks to queue
[2024-11-04T10:12:15.350+0000] {logging_mixin.py:190} INFO - [2024-11-04T10:12:15.343+0000] {dagbag.py:588} INFO - Filling up the DagBag from /home/airflow/.local/lib/python3.12/site-packages/airflow/example_dags/example_python_decorator.py
[2024-11-04T10:12:15.774+0000] {processor.py:925} INFO - DAG(s) 'example_python_decorator' retrieved from /home/airflow/.local/lib/python3.12/site-packages/airflow/example_dags/example_python_decorator.py
[2024-11-04T10:12:16.043+0000] {logging_mixin.py:190} INFO - [2024-11-04T10:12:16.043+0000] {dag.py:3239} INFO - Sync 1 DAGs
[2024-11-04T10:12:16.378+0000] {logging_mixin.py:190} INFO - [2024-11-04T10:12:16.377+0000] {dag.py:4180} INFO - Setting next_dagrun for example_python_decorator to None, run_after=None
[2024-11-04T10:12:16.698+0000] {processor.py:208} INFO - Processing /home/airflow/.local/lib/python3.12/site-packages/airflow/example_dags/example_python_decorator.py took 1.470 seconds
[2024-11-04T10:15:31.471+0000] {processor.py:186} INFO - Started process (PID=1276) to work on /home/airflow/.local/lib/python3.12/site-packages/airflow/example_dags/example_python_decorator.py
[2024-11-04T10:15:31.481+0000] {processor.py:914} INFO - Processing file /home/airflow/.local/lib/python3.12/site-packages/airflow/example_dags/example_python_decorator.py for tasks to queue
[2024-11-04T10:15:31.504+0000] {logging_mixin.py:190} INFO - [2024-11-04T10:15:31.487+0000] {dagbag.py:588} INFO - Filling up the DagBag from /home/airflow/.local/lib/python3.12/site-packages/airflow/example_dags/example_python_decorator.py
[2024-11-04T10:15:31.630+0000] {processor.py:925} INFO - DAG(s) 'example_python_decorator' retrieved from /home/airflow/.local/lib/python3.12/site-packages/airflow/example_dags/example_python_decorator.py
[2024-11-04T10:15:31.977+0000] {logging_mixin.py:190} INFO - [2024-11-04T10:15:31.976+0000] {dag.py:3239} INFO - Sync 1 DAGs
[2024-11-04T10:15:32.216+0000] {logging_mixin.py:190} INFO - [2024-11-04T10:15:32.192+0000] {dag.py:4180} INFO - Setting next_dagrun for example_python_decorator to None, run_after=None
[2024-11-04T10:15:32.881+0000] {processor.py:208} INFO - Processing /home/airflow/.local/lib/python3.12/site-packages/airflow/example_dags/example_python_decorator.py took 1.445 seconds
[2024-11-04T10:18:19.150+0000] {processor.py:186} INFO - Started process (PID=1389) to work on /home/airflow/.local/lib/python3.12/site-packages/airflow/example_dags/example_python_decorator.py
[2024-11-04T10:18:19.196+0000] {processor.py:914} INFO - Processing file /home/airflow/.local/lib/python3.12/site-packages/airflow/example_dags/example_python_decorator.py for tasks to queue
[2024-11-04T10:18:19.338+0000] {logging_mixin.py:190} INFO - [2024-11-04T10:18:19.336+0000] {dagbag.py:588} INFO - Filling up the DagBag from /home/airflow/.local/lib/python3.12/site-packages/airflow/example_dags/example_python_decorator.py
[2024-11-04T10:18:19.782+0000] {processor.py:925} INFO - DAG(s) 'example_python_decorator' retrieved from /home/airflow/.local/lib/python3.12/site-packages/airflow/example_dags/example_python_decorator.py
[2024-11-04T10:18:20.637+0000] {logging_mixin.py:190} INFO - [2024-11-04T10:18:20.636+0000] {dag.py:3239} INFO - Sync 1 DAGs
[2024-11-04T10:18:22.732+0000] {logging_mixin.py:190} INFO - [2024-11-04T10:18:22.731+0000] {dag.py:4180} INFO - Setting next_dagrun for example_python_decorator to None, run_after=None
[2024-11-04T10:18:23.257+0000] {processor.py:208} INFO - Processing /home/airflow/.local/lib/python3.12/site-packages/airflow/example_dags/example_python_decorator.py took 4.255 seconds
[2024-11-04T10:21:27.263+0000] {processor.py:186} INFO - Started process (PID=1507) to work on /home/airflow/.local/lib/python3.12/site-packages/airflow/example_dags/example_python_decorator.py
[2024-11-04T10:21:27.289+0000] {processor.py:914} INFO - Processing file /home/airflow/.local/lib/python3.12/site-packages/airflow/example_dags/example_python_decorator.py for tasks to queue
[2024-11-04T10:21:27.293+0000] {logging_mixin.py:190} INFO - [2024-11-04T10:21:27.292+0000] {dagbag.py:588} INFO - Filling up the DagBag from /home/airflow/.local/lib/python3.12/site-packages/airflow/example_dags/example_python_decorator.py
[2024-11-04T10:21:28.973+0000] {processor.py:925} INFO - DAG(s) 'example_python_decorator' retrieved from /home/airflow/.local/lib/python3.12/site-packages/airflow/example_dags/example_python_decorator.py
[2024-11-04T10:21:30.558+0000] {logging_mixin.py:190} INFO - [2024-11-04T10:21:30.557+0000] {dag.py:3239} INFO - Sync 1 DAGs
[2024-11-04T10:21:31.953+0000] {logging_mixin.py:190} INFO - [2024-11-04T10:21:31.953+0000] {dag.py:4180} INFO - Setting next_dagrun for example_python_decorator to None, run_after=None
[2024-11-04T10:21:32.627+0000] {processor.py:208} INFO - Processing /home/airflow/.local/lib/python3.12/site-packages/airflow/example_dags/example_python_decorator.py took 5.441 seconds
[2024-11-04T10:24:30.304+0000] {processor.py:186} INFO - Started process (PID=1622) to work on /home/airflow/.local/lib/python3.12/site-packages/airflow/example_dags/example_python_decorator.py
[2024-11-04T10:24:30.320+0000] {processor.py:914} INFO - Processing file /home/airflow/.local/lib/python3.12/site-packages/airflow/example_dags/example_python_decorator.py for tasks to queue
[2024-11-04T10:24:30.323+0000] {logging_mixin.py:190} INFO - [2024-11-04T10:24:30.322+0000] {dagbag.py:588} INFO - Filling up the DagBag from /home/airflow/.local/lib/python3.12/site-packages/airflow/example_dags/example_python_decorator.py
[2024-11-04T10:24:30.505+0000] {processor.py:925} INFO - DAG(s) 'example_python_decorator' retrieved from /home/airflow/.local/lib/python3.12/site-packages/airflow/example_dags/example_python_decorator.py
[2024-11-04T10:24:30.788+0000] {logging_mixin.py:190} INFO - [2024-11-04T10:24:30.785+0000] {dag.py:3239} INFO - Sync 1 DAGs
[2024-11-04T10:24:31.090+0000] {logging_mixin.py:190} INFO - [2024-11-04T10:24:31.079+0000] {dag.py:4180} INFO - Setting next_dagrun for example_python_decorator to None, run_after=None
[2024-11-04T10:24:31.453+0000] {processor.py:208} INFO - Processing /home/airflow/.local/lib/python3.12/site-packages/airflow/example_dags/example_python_decorator.py took 1.207 seconds
[2024-11-04T10:26:47.846+0000] {processor.py:186} INFO - Started process (PID=1729) to work on /home/airflow/.local/lib/python3.12/site-packages/airflow/example_dags/example_python_decorator.py
[2024-11-04T10:26:48.045+0000] {processor.py:914} INFO - Processing file /home/airflow/.local/lib/python3.12/site-packages/airflow/example_dags/example_python_decorator.py for tasks to queue
[2024-11-04T10:26:48.100+0000] {logging_mixin.py:190} INFO - [2024-11-04T10:26:48.085+0000] {dagbag.py:588} INFO - Filling up the DagBag from /home/airflow/.local/lib/python3.12/site-packages/airflow/example_dags/example_python_decorator.py
[2024-11-04T10:26:48.444+0000] {processor.py:925} INFO - DAG(s) 'example_python_decorator' retrieved from /home/airflow/.local/lib/python3.12/site-packages/airflow/example_dags/example_python_decorator.py
[2024-11-04T10:26:49.360+0000] {logging_mixin.py:190} INFO - [2024-11-04T10:26:49.353+0000] {dag.py:3239} INFO - Sync 1 DAGs
[2024-11-04T10:26:49.663+0000] {logging_mixin.py:190} INFO - [2024-11-04T10:26:49.662+0000] {dag.py:4180} INFO - Setting next_dagrun for example_python_decorator to None, run_after=None
[2024-11-04T10:26:49.882+0000] {processor.py:208} INFO - Processing /home/airflow/.local/lib/python3.12/site-packages/airflow/example_dags/example_python_decorator.py took 2.798 seconds
[2024-11-04T10:28:32.560+0000] {processor.py:186} INFO - Started process (PID=1819) to work on /home/airflow/.local/lib/python3.12/site-packages/airflow/example_dags/example_python_decorator.py
[2024-11-04T10:28:32.635+0000] {processor.py:914} INFO - Processing file /home/airflow/.local/lib/python3.12/site-packages/airflow/example_dags/example_python_decorator.py for tasks to queue
[2024-11-04T10:28:32.641+0000] {logging_mixin.py:190} INFO - [2024-11-04T10:28:32.640+0000] {dagbag.py:588} INFO - Filling up the DagBag from /home/airflow/.local/lib/python3.12/site-packages/airflow/example_dags/example_python_decorator.py
[2024-11-04T10:28:32.789+0000] {processor.py:925} INFO - DAG(s) 'example_python_decorator' retrieved from /home/airflow/.local/lib/python3.12/site-packages/airflow/example_dags/example_python_decorator.py
[2024-11-04T10:28:33.105+0000] {logging_mixin.py:190} INFO - [2024-11-04T10:28:33.104+0000] {dag.py:3239} INFO - Sync 1 DAGs
[2024-11-04T10:28:33.376+0000] {logging_mixin.py:190} INFO - [2024-11-04T10:28:33.359+0000] {dag.py:4180} INFO - Setting next_dagrun for example_python_decorator to None, run_after=None
[2024-11-04T10:28:33.513+0000] {processor.py:208} INFO - Processing /home/airflow/.local/lib/python3.12/site-packages/airflow/example_dags/example_python_decorator.py took 0.969 seconds
[2024-11-04T10:30:49.090+0000] {processor.py:186} INFO - Started process (PID=1921) to work on /home/airflow/.local/lib/python3.12/site-packages/airflow/example_dags/example_python_decorator.py
[2024-11-04T10:30:49.104+0000] {processor.py:914} INFO - Processing file /home/airflow/.local/lib/python3.12/site-packages/airflow/example_dags/example_python_decorator.py for tasks to queue
[2024-11-04T10:30:49.114+0000] {logging_mixin.py:190} INFO - [2024-11-04T10:30:49.112+0000] {dagbag.py:588} INFO - Filling up the DagBag from /home/airflow/.local/lib/python3.12/site-packages/airflow/example_dags/example_python_decorator.py
[2024-11-04T10:30:49.430+0000] {processor.py:925} INFO - DAG(s) 'example_python_decorator' retrieved from /home/airflow/.local/lib/python3.12/site-packages/airflow/example_dags/example_python_decorator.py
[2024-11-04T10:30:49.734+0000] {logging_mixin.py:190} INFO - [2024-11-04T10:30:49.733+0000] {dag.py:3239} INFO - Sync 1 DAGs
[2024-11-04T10:30:50.158+0000] {logging_mixin.py:190} INFO - [2024-11-04T10:30:50.157+0000] {dag.py:4180} INFO - Setting next_dagrun for example_python_decorator to None, run_after=None
[2024-11-04T10:30:50.419+0000] {processor.py:208} INFO - Processing /home/airflow/.local/lib/python3.12/site-packages/airflow/example_dags/example_python_decorator.py took 1.442 seconds
[2024-11-04T10:33:43.644+0000] {processor.py:186} INFO - Started process (PID=2023) to work on /home/airflow/.local/lib/python3.12/site-packages/airflow/example_dags/example_python_decorator.py
[2024-11-04T10:33:43.655+0000] {processor.py:914} INFO - Processing file /home/airflow/.local/lib/python3.12/site-packages/airflow/example_dags/example_python_decorator.py for tasks to queue
[2024-11-04T10:33:43.670+0000] {logging_mixin.py:190} INFO - [2024-11-04T10:33:43.669+0000] {dagbag.py:588} INFO - Filling up the DagBag from /home/airflow/.local/lib/python3.12/site-packages/airflow/example_dags/example_python_decorator.py
[2024-11-04T10:33:44.339+0000] {processor.py:925} INFO - DAG(s) 'example_python_decorator' retrieved from /home/airflow/.local/lib/python3.12/site-packages/airflow/example_dags/example_python_decorator.py
[2024-11-04T10:33:44.633+0000] {logging_mixin.py:190} INFO - [2024-11-04T10:33:44.629+0000] {dag.py:3239} INFO - Sync 1 DAGs
[2024-11-04T10:33:45.044+0000] {logging_mixin.py:190} INFO - [2024-11-04T10:33:45.043+0000] {dag.py:4180} INFO - Setting next_dagrun for example_python_decorator to None, run_after=None
[2024-11-04T10:33:45.354+0000] {processor.py:208} INFO - Processing /home/airflow/.local/lib/python3.12/site-packages/airflow/example_dags/example_python_decorator.py took 2.092 seconds
