[2024-10-28T03:20:01.409+0000] {processor.py:186} INFO - Started process (PID=105) to work on /home/airflow/.local/lib/python3.12/site-packages/airflow/example_dags/example_params_ui_tutorial.py
[2024-10-28T03:20:01.413+0000] {processor.py:914} INFO - Processing file /home/airflow/.local/lib/python3.12/site-packages/airflow/example_dags/example_params_ui_tutorial.py for tasks to queue
[2024-10-28T03:20:01.438+0000] {logging_mixin.py:190} INFO - [2024-10-28T03:20:01.427+0000] {dagbag.py:588} INFO - Filling up the DagBag from /home/airflow/.local/lib/python3.12/site-packages/airflow/example_dags/example_params_ui_tutorial.py
[2024-10-28T03:20:01.579+0000] {processor.py:925} INFO - DAG(s) 'example_params_ui_tutorial' retrieved from /home/airflow/.local/lib/python3.12/site-packages/airflow/example_dags/example_params_ui_tutorial.py
[2024-10-28T03:20:02.855+0000] {logging_mixin.py:190} INFO - [2024-10-28T03:20:02.855+0000] {dag.py:3239} INFO - Sync 1 DAGs
[2024-10-28T03:20:02.940+0000] {logging_mixin.py:190} INFO - [2024-10-28T03:20:02.940+0000] {dag.py:4180} INFO - Setting next_dagrun for example_params_ui_tutorial to None, run_after=None
[2024-10-28T03:20:03.260+0000] {processor.py:208} INFO - Processing /home/airflow/.local/lib/python3.12/site-packages/airflow/example_dags/example_params_ui_tutorial.py took 1.885 seconds
[2024-10-28T03:20:45.497+0000] {processor.py:186} INFO - Started process (PID=168) to work on /home/airflow/.local/lib/python3.12/site-packages/airflow/example_dags/example_params_ui_tutorial.py
[2024-10-28T03:20:45.530+0000] {processor.py:914} INFO - Processing file /home/airflow/.local/lib/python3.12/site-packages/airflow/example_dags/example_params_ui_tutorial.py for tasks to queue
[2024-10-28T03:20:45.534+0000] {logging_mixin.py:190} INFO - [2024-10-28T03:20:45.533+0000] {dagbag.py:588} INFO - Filling up the DagBag from /home/airflow/.local/lib/python3.12/site-packages/airflow/example_dags/example_params_ui_tutorial.py
[2024-10-28T03:20:45.739+0000] {processor.py:925} INFO - DAG(s) 'example_params_ui_tutorial' retrieved from /home/airflow/.local/lib/python3.12/site-packages/airflow/example_dags/example_params_ui_tutorial.py
[2024-10-28T03:20:46.187+0000] {logging_mixin.py:190} INFO - [2024-10-28T03:20:46.186+0000] {dag.py:3239} INFO - Sync 1 DAGs
[2024-10-28T03:20:46.445+0000] {logging_mixin.py:190} INFO - [2024-10-28T03:20:46.444+0000] {dag.py:4180} INFO - Setting next_dagrun for example_params_ui_tutorial to None, run_after=None
[2024-10-28T03:20:46.720+0000] {processor.py:208} INFO - Processing /home/airflow/.local/lib/python3.12/site-packages/airflow/example_dags/example_params_ui_tutorial.py took 1.257 seconds
[2024-10-28T03:21:18.948+0000] {processor.py:186} INFO - Started process (PID=230) to work on /home/airflow/.local/lib/python3.12/site-packages/airflow/example_dags/example_params_ui_tutorial.py
[2024-10-28T03:21:18.970+0000] {processor.py:914} INFO - Processing file /home/airflow/.local/lib/python3.12/site-packages/airflow/example_dags/example_params_ui_tutorial.py for tasks to queue
[2024-10-28T03:21:18.977+0000] {logging_mixin.py:190} INFO - [2024-10-28T03:21:18.976+0000] {dagbag.py:588} INFO - Filling up the DagBag from /home/airflow/.local/lib/python3.12/site-packages/airflow/example_dags/example_params_ui_tutorial.py
[2024-10-28T03:21:19.049+0000] {processor.py:925} INFO - DAG(s) 'example_params_ui_tutorial' retrieved from /home/airflow/.local/lib/python3.12/site-packages/airflow/example_dags/example_params_ui_tutorial.py
[2024-10-28T03:21:19.469+0000] {logging_mixin.py:190} INFO - [2024-10-28T03:21:19.467+0000] {dag.py:3239} INFO - Sync 1 DAGs
[2024-10-28T03:21:19.622+0000] {logging_mixin.py:190} INFO - [2024-10-28T03:21:19.622+0000] {dag.py:4180} INFO - Setting next_dagrun for example_params_ui_tutorial to None, run_after=None
[2024-10-28T03:21:19.742+0000] {processor.py:208} INFO - Processing /home/airflow/.local/lib/python3.12/site-packages/airflow/example_dags/example_params_ui_tutorial.py took 0.814 seconds
[2024-10-28T03:22:10.194+0000] {processor.py:186} INFO - Started process (PID=299) to work on /home/airflow/.local/lib/python3.12/site-packages/airflow/example_dags/example_params_ui_tutorial.py
[2024-10-28T03:22:10.215+0000] {processor.py:914} INFO - Processing file /home/airflow/.local/lib/python3.12/site-packages/airflow/example_dags/example_params_ui_tutorial.py for tasks to queue
[2024-10-28T03:22:10.274+0000] {logging_mixin.py:190} INFO - [2024-10-28T03:22:10.236+0000] {dagbag.py:588} INFO - Filling up the DagBag from /home/airflow/.local/lib/python3.12/site-packages/airflow/example_dags/example_params_ui_tutorial.py
[2024-10-28T03:22:10.396+0000] {processor.py:925} INFO - DAG(s) 'example_params_ui_tutorial' retrieved from /home/airflow/.local/lib/python3.12/site-packages/airflow/example_dags/example_params_ui_tutorial.py
[2024-10-28T03:22:11.177+0000] {logging_mixin.py:190} INFO - [2024-10-28T03:22:11.176+0000] {dag.py:3239} INFO - Sync 1 DAGs
[2024-10-28T03:22:11.338+0000] {logging_mixin.py:190} INFO - [2024-10-28T03:22:11.337+0000] {dag.py:4180} INFO - Setting next_dagrun for example_params_ui_tutorial to None, run_after=None
[2024-10-28T03:22:11.573+0000] {processor.py:208} INFO - Processing /home/airflow/.local/lib/python3.12/site-packages/airflow/example_dags/example_params_ui_tutorial.py took 1.450 seconds
[2024-10-28T03:23:36.550+0000] {processor.py:186} INFO - Started process (PID=377) to work on /home/airflow/.local/lib/python3.12/site-packages/airflow/example_dags/example_params_ui_tutorial.py
[2024-10-28T03:23:36.642+0000] {processor.py:914} INFO - Processing file /home/airflow/.local/lib/python3.12/site-packages/airflow/example_dags/example_params_ui_tutorial.py for tasks to queue
[2024-10-28T03:23:36.793+0000] {logging_mixin.py:190} INFO - [2024-10-28T03:23:36.758+0000] {dagbag.py:588} INFO - Filling up the DagBag from /home/airflow/.local/lib/python3.12/site-packages/airflow/example_dags/example_params_ui_tutorial.py
[2024-10-28T03:23:38.062+0000] {processor.py:925} INFO - DAG(s) 'example_params_ui_tutorial' retrieved from /home/airflow/.local/lib/python3.12/site-packages/airflow/example_dags/example_params_ui_tutorial.py
[2024-10-28T03:23:46.408+0000] {logging_mixin.py:190} INFO - [2024-10-28T03:23:46.407+0000] {dag.py:3239} INFO - Sync 1 DAGs
[2024-10-28T03:23:48.741+0000] {logging_mixin.py:190} INFO - [2024-10-28T03:23:48.739+0000] {dag.py:4180} INFO - Setting next_dagrun for example_params_ui_tutorial to None, run_after=None
[2024-10-28T03:23:49.923+0000] {processor.py:208} INFO - Processing /home/airflow/.local/lib/python3.12/site-packages/airflow/example_dags/example_params_ui_tutorial.py took 13.498 seconds
[2024-10-28T03:25:00.970+0000] {processor.py:186} INFO - Started process (PID=445) to work on /home/airflow/.local/lib/python3.12/site-packages/airflow/example_dags/example_params_ui_tutorial.py
[2024-10-28T03:25:00.979+0000] {processor.py:914} INFO - Processing file /home/airflow/.local/lib/python3.12/site-packages/airflow/example_dags/example_params_ui_tutorial.py for tasks to queue
[2024-10-28T03:25:01.014+0000] {logging_mixin.py:190} INFO - [2024-10-28T03:25:01.002+0000] {dagbag.py:588} INFO - Filling up the DagBag from /home/airflow/.local/lib/python3.12/site-packages/airflow/example_dags/example_params_ui_tutorial.py
[2024-10-28T03:25:01.295+0000] {processor.py:925} INFO - DAG(s) 'example_params_ui_tutorial' retrieved from /home/airflow/.local/lib/python3.12/site-packages/airflow/example_dags/example_params_ui_tutorial.py
[2024-10-28T03:25:02.104+0000] {logging_mixin.py:190} INFO - [2024-10-28T03:25:02.103+0000] {dag.py:3239} INFO - Sync 1 DAGs
[2024-10-28T03:25:02.574+0000] {logging_mixin.py:190} INFO - [2024-10-28T03:25:02.573+0000] {dag.py:4180} INFO - Setting next_dagrun for example_params_ui_tutorial to None, run_after=None
[2024-10-28T03:25:02.913+0000] {processor.py:208} INFO - Processing /home/airflow/.local/lib/python3.12/site-packages/airflow/example_dags/example_params_ui_tutorial.py took 2.299 seconds
[2024-10-28T03:27:21.744+0000] {processor.py:186} INFO - Started process (PID=542) to work on /home/airflow/.local/lib/python3.12/site-packages/airflow/example_dags/example_params_ui_tutorial.py
[2024-10-28T03:27:21.748+0000] {processor.py:914} INFO - Processing file /home/airflow/.local/lib/python3.12/site-packages/airflow/example_dags/example_params_ui_tutorial.py for tasks to queue
[2024-10-28T03:27:21.752+0000] {logging_mixin.py:190} INFO - [2024-10-28T03:27:21.751+0000] {dagbag.py:588} INFO - Filling up the DagBag from /home/airflow/.local/lib/python3.12/site-packages/airflow/example_dags/example_params_ui_tutorial.py
[2024-10-28T03:27:21.897+0000] {processor.py:925} INFO - DAG(s) 'example_params_ui_tutorial' retrieved from /home/airflow/.local/lib/python3.12/site-packages/airflow/example_dags/example_params_ui_tutorial.py
[2024-10-28T03:27:22.407+0000] {logging_mixin.py:190} INFO - [2024-10-28T03:27:22.406+0000] {dag.py:3239} INFO - Sync 1 DAGs
[2024-10-28T03:27:22.599+0000] {logging_mixin.py:190} INFO - [2024-10-28T03:27:22.599+0000] {dag.py:4180} INFO - Setting next_dagrun for example_params_ui_tutorial to None, run_after=None
[2024-10-28T03:27:22.897+0000] {processor.py:208} INFO - Processing /home/airflow/.local/lib/python3.12/site-packages/airflow/example_dags/example_params_ui_tutorial.py took 1.240 seconds
[2024-10-28T03:28:30.518+0000] {processor.py:186} INFO - Started process (PID=617) to work on /home/airflow/.local/lib/python3.12/site-packages/airflow/example_dags/example_params_ui_tutorial.py
[2024-10-28T03:28:30.555+0000] {processor.py:914} INFO - Processing file /home/airflow/.local/lib/python3.12/site-packages/airflow/example_dags/example_params_ui_tutorial.py for tasks to queue
[2024-10-28T03:28:30.580+0000] {logging_mixin.py:190} INFO - [2024-10-28T03:28:30.558+0000] {dagbag.py:588} INFO - Filling up the DagBag from /home/airflow/.local/lib/python3.12/site-packages/airflow/example_dags/example_params_ui_tutorial.py
[2024-10-28T03:28:30.693+0000] {processor.py:925} INFO - DAG(s) 'example_params_ui_tutorial' retrieved from /home/airflow/.local/lib/python3.12/site-packages/airflow/example_dags/example_params_ui_tutorial.py
[2024-10-28T03:28:31.251+0000] {logging_mixin.py:190} INFO - [2024-10-28T03:28:31.251+0000] {dag.py:3239} INFO - Sync 1 DAGs
[2024-10-28T03:28:31.426+0000] {logging_mixin.py:190} INFO - [2024-10-28T03:28:31.425+0000] {dag.py:4180} INFO - Setting next_dagrun for example_params_ui_tutorial to None, run_after=None
[2024-10-28T03:28:31.615+0000] {processor.py:208} INFO - Processing /home/airflow/.local/lib/python3.12/site-packages/airflow/example_dags/example_params_ui_tutorial.py took 1.139 seconds
[2024-10-28T03:29:39.785+0000] {processor.py:186} INFO - Started process (PID=694) to work on /home/airflow/.local/lib/python3.12/site-packages/airflow/example_dags/example_params_ui_tutorial.py
[2024-10-28T03:29:39.794+0000] {processor.py:914} INFO - Processing file /home/airflow/.local/lib/python3.12/site-packages/airflow/example_dags/example_params_ui_tutorial.py for tasks to queue
[2024-10-28T03:29:39.813+0000] {logging_mixin.py:190} INFO - [2024-10-28T03:29:39.812+0000] {dagbag.py:588} INFO - Filling up the DagBag from /home/airflow/.local/lib/python3.12/site-packages/airflow/example_dags/example_params_ui_tutorial.py
[2024-10-28T03:29:39.930+0000] {processor.py:925} INFO - DAG(s) 'example_params_ui_tutorial' retrieved from /home/airflow/.local/lib/python3.12/site-packages/airflow/example_dags/example_params_ui_tutorial.py
[2024-10-28T03:29:41.507+0000] {logging_mixin.py:190} INFO - [2024-10-28T03:29:41.504+0000] {dag.py:3239} INFO - Sync 1 DAGs
[2024-10-28T03:29:41.922+0000] {logging_mixin.py:190} INFO - [2024-10-28T03:29:41.904+0000] {dag.py:4180} INFO - Setting next_dagrun for example_params_ui_tutorial to None, run_after=None
[2024-10-28T03:29:42.371+0000] {processor.py:208} INFO - Processing /home/airflow/.local/lib/python3.12/site-packages/airflow/example_dags/example_params_ui_tutorial.py took 2.631 seconds
[2024-10-28T03:30:51.773+0000] {processor.py:186} INFO - Started process (PID=766) to work on /home/airflow/.local/lib/python3.12/site-packages/airflow/example_dags/example_params_ui_tutorial.py
[2024-10-28T03:30:51.782+0000] {processor.py:914} INFO - Processing file /home/airflow/.local/lib/python3.12/site-packages/airflow/example_dags/example_params_ui_tutorial.py for tasks to queue
[2024-10-28T03:30:51.794+0000] {logging_mixin.py:190} INFO - [2024-10-28T03:30:51.793+0000] {dagbag.py:588} INFO - Filling up the DagBag from /home/airflow/.local/lib/python3.12/site-packages/airflow/example_dags/example_params_ui_tutorial.py
[2024-10-28T03:30:51.971+0000] {processor.py:925} INFO - DAG(s) 'example_params_ui_tutorial' retrieved from /home/airflow/.local/lib/python3.12/site-packages/airflow/example_dags/example_params_ui_tutorial.py
[2024-10-28T03:30:52.692+0000] {logging_mixin.py:190} INFO - [2024-10-28T03:30:52.692+0000] {dag.py:3239} INFO - Sync 1 DAGs
[2024-10-28T03:30:52.815+0000] {logging_mixin.py:190} INFO - [2024-10-28T03:30:52.814+0000] {dag.py:4180} INFO - Setting next_dagrun for example_params_ui_tutorial to None, run_after=None
[2024-10-28T03:30:52.982+0000] {processor.py:208} INFO - Processing /home/airflow/.local/lib/python3.12/site-packages/airflow/example_dags/example_params_ui_tutorial.py took 1.321 seconds
[2024-10-28T03:31:42.010+0000] {processor.py:186} INFO - Started process (PID=829) to work on /home/airflow/.local/lib/python3.12/site-packages/airflow/example_dags/example_params_ui_tutorial.py
[2024-10-28T03:31:42.028+0000] {processor.py:914} INFO - Processing file /home/airflow/.local/lib/python3.12/site-packages/airflow/example_dags/example_params_ui_tutorial.py for tasks to queue
[2024-10-28T03:31:42.033+0000] {logging_mixin.py:190} INFO - [2024-10-28T03:31:42.032+0000] {dagbag.py:588} INFO - Filling up the DagBag from /home/airflow/.local/lib/python3.12/site-packages/airflow/example_dags/example_params_ui_tutorial.py
[2024-10-28T03:31:42.122+0000] {processor.py:925} INFO - DAG(s) 'example_params_ui_tutorial' retrieved from /home/airflow/.local/lib/python3.12/site-packages/airflow/example_dags/example_params_ui_tutorial.py
[2024-10-28T03:31:42.395+0000] {logging_mixin.py:190} INFO - [2024-10-28T03:31:42.393+0000] {dag.py:3239} INFO - Sync 1 DAGs
[2024-10-28T03:31:42.504+0000] {logging_mixin.py:190} INFO - [2024-10-28T03:31:42.503+0000] {dag.py:4180} INFO - Setting next_dagrun for example_params_ui_tutorial to None, run_after=None
[2024-10-28T03:31:42.656+0000] {processor.py:208} INFO - Processing /home/airflow/.local/lib/python3.12/site-packages/airflow/example_dags/example_params_ui_tutorial.py took 0.726 seconds
[2024-10-28T03:32:14.707+0000] {processor.py:186} INFO - Started process (PID=897) to work on /home/airflow/.local/lib/python3.12/site-packages/airflow/example_dags/example_params_ui_tutorial.py
[2024-10-28T03:32:14.711+0000] {processor.py:914} INFO - Processing file /home/airflow/.local/lib/python3.12/site-packages/airflow/example_dags/example_params_ui_tutorial.py for tasks to queue
[2024-10-28T03:32:14.713+0000] {logging_mixin.py:190} INFO - [2024-10-28T03:32:14.713+0000] {dagbag.py:588} INFO - Filling up the DagBag from /home/airflow/.local/lib/python3.12/site-packages/airflow/example_dags/example_params_ui_tutorial.py
[2024-10-28T03:32:14.727+0000] {processor.py:925} INFO - DAG(s) 'example_params_ui_tutorial' retrieved from /home/airflow/.local/lib/python3.12/site-packages/airflow/example_dags/example_params_ui_tutorial.py
[2024-10-28T03:32:14.802+0000] {logging_mixin.py:190} INFO - [2024-10-28T03:32:14.802+0000] {dag.py:3239} INFO - Sync 1 DAGs
[2024-10-28T03:32:14.836+0000] {logging_mixin.py:190} INFO - [2024-10-28T03:32:14.836+0000] {dag.py:4180} INFO - Setting next_dagrun for example_params_ui_tutorial to None, run_after=None
[2024-10-28T03:32:14.875+0000] {processor.py:208} INFO - Processing /home/airflow/.local/lib/python3.12/site-packages/airflow/example_dags/example_params_ui_tutorial.py took 0.177 seconds
[2024-10-28T03:33:04.575+0000] {processor.py:186} INFO - Started process (PID=963) to work on /home/airflow/.local/lib/python3.12/site-packages/airflow/example_dags/example_params_ui_tutorial.py
[2024-10-28T03:33:04.619+0000] {processor.py:914} INFO - Processing file /home/airflow/.local/lib/python3.12/site-packages/airflow/example_dags/example_params_ui_tutorial.py for tasks to queue
[2024-10-28T03:33:04.645+0000] {logging_mixin.py:190} INFO - [2024-10-28T03:33:04.643+0000] {dagbag.py:588} INFO - Filling up the DagBag from /home/airflow/.local/lib/python3.12/site-packages/airflow/example_dags/example_params_ui_tutorial.py
[2024-10-28T03:33:04.784+0000] {processor.py:925} INFO - DAG(s) 'example_params_ui_tutorial' retrieved from /home/airflow/.local/lib/python3.12/site-packages/airflow/example_dags/example_params_ui_tutorial.py
[2024-10-28T03:33:05.519+0000] {logging_mixin.py:190} INFO - [2024-10-28T03:33:05.517+0000] {dag.py:3239} INFO - Sync 1 DAGs
[2024-10-28T03:33:05.926+0000] {logging_mixin.py:190} INFO - [2024-10-28T03:33:05.911+0000] {dag.py:4180} INFO - Setting next_dagrun for example_params_ui_tutorial to None, run_after=None
[2024-10-28T03:33:07.136+0000] {processor.py:208} INFO - Processing /home/airflow/.local/lib/python3.12/site-packages/airflow/example_dags/example_params_ui_tutorial.py took 2.729 seconds
[2024-10-28T03:33:38.492+0000] {processor.py:186} INFO - Started process (PID=1025) to work on /home/airflow/.local/lib/python3.12/site-packages/airflow/example_dags/example_params_ui_tutorial.py
[2024-10-28T03:33:38.497+0000] {processor.py:914} INFO - Processing file /home/airflow/.local/lib/python3.12/site-packages/airflow/example_dags/example_params_ui_tutorial.py for tasks to queue
[2024-10-28T03:33:38.552+0000] {logging_mixin.py:190} INFO - [2024-10-28T03:33:38.551+0000] {dagbag.py:588} INFO - Filling up the DagBag from /home/airflow/.local/lib/python3.12/site-packages/airflow/example_dags/example_params_ui_tutorial.py
[2024-10-28T03:33:38.586+0000] {processor.py:925} INFO - DAG(s) 'example_params_ui_tutorial' retrieved from /home/airflow/.local/lib/python3.12/site-packages/airflow/example_dags/example_params_ui_tutorial.py
[2024-10-28T03:33:38.710+0000] {logging_mixin.py:190} INFO - [2024-10-28T03:33:38.709+0000] {dag.py:3239} INFO - Sync 1 DAGs
[2024-10-28T03:33:38.743+0000] {logging_mixin.py:190} INFO - [2024-10-28T03:33:38.743+0000] {dag.py:4180} INFO - Setting next_dagrun for example_params_ui_tutorial to None, run_after=None
[2024-10-28T03:33:38.789+0000] {processor.py:208} INFO - Processing /home/airflow/.local/lib/python3.12/site-packages/airflow/example_dags/example_params_ui_tutorial.py took 0.363 seconds
[2024-10-28T04:03:11.089+0000] {processor.py:186} INFO - Started process (PID=413) to work on /home/airflow/.local/lib/python3.12/site-packages/airflow/example_dags/example_params_ui_tutorial.py
[2024-10-28T04:03:11.124+0000] {processor.py:914} INFO - Processing file /home/airflow/.local/lib/python3.12/site-packages/airflow/example_dags/example_params_ui_tutorial.py for tasks to queue
[2024-10-28T04:03:11.152+0000] {logging_mixin.py:190} INFO - [2024-10-28T04:03:11.130+0000] {dagbag.py:588} INFO - Filling up the DagBag from /home/airflow/.local/lib/python3.12/site-packages/airflow/example_dags/example_params_ui_tutorial.py
[2024-10-28T04:03:11.405+0000] {processor.py:925} INFO - DAG(s) 'example_params_ui_tutorial' retrieved from /home/airflow/.local/lib/python3.12/site-packages/airflow/example_dags/example_params_ui_tutorial.py
[2024-10-28T04:03:12.308+0000] {logging_mixin.py:190} INFO - [2024-10-28T04:03:12.307+0000] {dag.py:3239} INFO - Sync 1 DAGs
[2024-10-28T04:03:12.631+0000] {logging_mixin.py:190} INFO - [2024-10-28T04:03:12.631+0000] {dag.py:4180} INFO - Setting next_dagrun for example_params_ui_tutorial to None, run_after=None
[2024-10-28T04:03:20.574+0000] {processor.py:208} INFO - Processing /home/airflow/.local/lib/python3.12/site-packages/airflow/example_dags/example_params_ui_tutorial.py took 9.541 seconds
[2024-10-28T04:05:59.200+0000] {processor.py:186} INFO - Started process (PID=501) to work on /home/airflow/.local/lib/python3.12/site-packages/airflow/example_dags/example_params_ui_tutorial.py
[2024-10-28T04:06:00.776+0000] {processor.py:914} INFO - Processing file /home/airflow/.local/lib/python3.12/site-packages/airflow/example_dags/example_params_ui_tutorial.py for tasks to queue
[2024-10-28T04:06:00.904+0000] {logging_mixin.py:190} INFO - [2024-10-28T04:06:00.865+0000] {dagbag.py:588} INFO - Filling up the DagBag from /home/airflow/.local/lib/python3.12/site-packages/airflow/example_dags/example_params_ui_tutorial.py
[2024-10-28T04:06:01.341+0000] {processor.py:925} INFO - DAG(s) 'example_params_ui_tutorial' retrieved from /home/airflow/.local/lib/python3.12/site-packages/airflow/example_dags/example_params_ui_tutorial.py
[2024-10-28T04:06:02.032+0000] {logging_mixin.py:190} INFO - [2024-10-28T04:06:02.031+0000] {dag.py:3239} INFO - Sync 1 DAGs
[2024-10-28T04:06:02.296+0000] {logging_mixin.py:190} INFO - [2024-10-28T04:06:02.295+0000] {dag.py:4180} INFO - Setting next_dagrun for example_params_ui_tutorial to None, run_after=None
[2024-10-28T04:06:02.710+0000] {processor.py:208} INFO - Processing /home/airflow/.local/lib/python3.12/site-packages/airflow/example_dags/example_params_ui_tutorial.py took 3.693 seconds
[2024-10-28T04:08:56.413+0000] {processor.py:186} INFO - Started process (PID=570) to work on /home/airflow/.local/lib/python3.12/site-packages/airflow/example_dags/example_params_ui_tutorial.py
[2024-10-28T04:08:56.438+0000] {processor.py:914} INFO - Processing file /home/airflow/.local/lib/python3.12/site-packages/airflow/example_dags/example_params_ui_tutorial.py for tasks to queue
[2024-10-28T04:08:56.470+0000] {logging_mixin.py:190} INFO - [2024-10-28T04:08:56.469+0000] {dagbag.py:588} INFO - Filling up the DagBag from /home/airflow/.local/lib/python3.12/site-packages/airflow/example_dags/example_params_ui_tutorial.py
[2024-10-28T04:08:56.724+0000] {processor.py:925} INFO - DAG(s) 'example_params_ui_tutorial' retrieved from /home/airflow/.local/lib/python3.12/site-packages/airflow/example_dags/example_params_ui_tutorial.py
[2024-10-28T04:08:57.729+0000] {logging_mixin.py:190} INFO - [2024-10-28T04:08:57.728+0000] {dag.py:3239} INFO - Sync 1 DAGs
[2024-10-28T04:08:58.020+0000] {logging_mixin.py:190} INFO - [2024-10-28T04:08:58.019+0000] {dag.py:4180} INFO - Setting next_dagrun for example_params_ui_tutorial to None, run_after=None
[2024-10-28T04:08:58.738+0000] {processor.py:208} INFO - Processing /home/airflow/.local/lib/python3.12/site-packages/airflow/example_dags/example_params_ui_tutorial.py took 2.411 seconds
[2024-10-28T04:10:27.173+0000] {processor.py:186} INFO - Started process (PID=646) to work on /home/airflow/.local/lib/python3.12/site-packages/airflow/example_dags/example_params_ui_tutorial.py
[2024-10-28T04:10:27.192+0000] {processor.py:914} INFO - Processing file /home/airflow/.local/lib/python3.12/site-packages/airflow/example_dags/example_params_ui_tutorial.py for tasks to queue
[2024-10-28T04:10:27.266+0000] {logging_mixin.py:190} INFO - [2024-10-28T04:10:27.242+0000] {dagbag.py:588} INFO - Filling up the DagBag from /home/airflow/.local/lib/python3.12/site-packages/airflow/example_dags/example_params_ui_tutorial.py
[2024-10-28T04:10:27.769+0000] {processor.py:925} INFO - DAG(s) 'example_params_ui_tutorial' retrieved from /home/airflow/.local/lib/python3.12/site-packages/airflow/example_dags/example_params_ui_tutorial.py
[2024-10-28T04:10:28.886+0000] {logging_mixin.py:190} INFO - [2024-10-28T04:10:28.885+0000] {dag.py:3239} INFO - Sync 1 DAGs
[2024-10-28T04:10:29.445+0000] {logging_mixin.py:190} INFO - [2024-10-28T04:10:29.444+0000] {dag.py:4180} INFO - Setting next_dagrun for example_params_ui_tutorial to None, run_after=None
[2024-10-28T04:10:29.769+0000] {processor.py:208} INFO - Processing /home/airflow/.local/lib/python3.12/site-packages/airflow/example_dags/example_params_ui_tutorial.py took 3.004 seconds
[2024-10-28T04:15:14.008+0000] {processor.py:186} INFO - Started process (PID=767) to work on /home/airflow/.local/lib/python3.12/site-packages/airflow/example_dags/example_params_ui_tutorial.py
[2024-10-28T04:15:14.032+0000] {processor.py:914} INFO - Processing file /home/airflow/.local/lib/python3.12/site-packages/airflow/example_dags/example_params_ui_tutorial.py for tasks to queue
[2024-10-28T04:15:14.044+0000] {logging_mixin.py:190} INFO - [2024-10-28T04:15:14.042+0000] {dagbag.py:588} INFO - Filling up the DagBag from /home/airflow/.local/lib/python3.12/site-packages/airflow/example_dags/example_params_ui_tutorial.py
[2024-10-28T04:15:14.296+0000] {processor.py:925} INFO - DAG(s) 'example_params_ui_tutorial' retrieved from /home/airflow/.local/lib/python3.12/site-packages/airflow/example_dags/example_params_ui_tutorial.py
[2024-10-28T04:15:17.478+0000] {logging_mixin.py:190} INFO - [2024-10-28T04:15:17.477+0000] {dag.py:3239} INFO - Sync 1 DAGs
[2024-10-28T04:15:18.120+0000] {logging_mixin.py:190} INFO - [2024-10-28T04:15:18.119+0000] {dag.py:4180} INFO - Setting next_dagrun for example_params_ui_tutorial to None, run_after=None
[2024-10-28T04:15:19.407+0000] {processor.py:208} INFO - Processing /home/airflow/.local/lib/python3.12/site-packages/airflow/example_dags/example_params_ui_tutorial.py took 5.691 seconds
[2024-10-28T04:17:53.494+0000] {processor.py:186} INFO - Started process (PID=839) to work on /home/airflow/.local/lib/python3.12/site-packages/airflow/example_dags/example_params_ui_tutorial.py
[2024-10-28T04:17:53.513+0000] {processor.py:914} INFO - Processing file /home/airflow/.local/lib/python3.12/site-packages/airflow/example_dags/example_params_ui_tutorial.py for tasks to queue
[2024-10-28T04:17:53.519+0000] {logging_mixin.py:190} INFO - [2024-10-28T04:17:53.517+0000] {dagbag.py:588} INFO - Filling up the DagBag from /home/airflow/.local/lib/python3.12/site-packages/airflow/example_dags/example_params_ui_tutorial.py
[2024-10-28T04:17:53.590+0000] {processor.py:925} INFO - DAG(s) 'example_params_ui_tutorial' retrieved from /home/airflow/.local/lib/python3.12/site-packages/airflow/example_dags/example_params_ui_tutorial.py
[2024-10-28T04:17:53.863+0000] {logging_mixin.py:190} INFO - [2024-10-28T04:17:53.863+0000] {dag.py:3239} INFO - Sync 1 DAGs
[2024-10-28T04:17:53.918+0000] {logging_mixin.py:190} INFO - [2024-10-28T04:17:53.915+0000] {dag.py:4180} INFO - Setting next_dagrun for example_params_ui_tutorial to None, run_after=None
[2024-10-28T04:17:54.024+0000] {processor.py:208} INFO - Processing /home/airflow/.local/lib/python3.12/site-packages/airflow/example_dags/example_params_ui_tutorial.py took 0.540 seconds
[2024-10-28T04:29:33.876+0000] {processor.py:186} INFO - Started process (PID=148) to work on /home/airflow/.local/lib/python3.12/site-packages/airflow/example_dags/example_params_ui_tutorial.py
[2024-10-28T04:29:33.887+0000] {processor.py:914} INFO - Processing file /home/airflow/.local/lib/python3.12/site-packages/airflow/example_dags/example_params_ui_tutorial.py for tasks to queue
[2024-10-28T04:29:33.907+0000] {logging_mixin.py:190} INFO - [2024-10-28T04:29:33.906+0000] {dagbag.py:588} INFO - Filling up the DagBag from /home/airflow/.local/lib/python3.12/site-packages/airflow/example_dags/example_params_ui_tutorial.py
[2024-10-28T04:29:34.160+0000] {processor.py:925} INFO - DAG(s) 'example_params_ui_tutorial' retrieved from /home/airflow/.local/lib/python3.12/site-packages/airflow/example_dags/example_params_ui_tutorial.py
[2024-10-28T04:29:37.058+0000] {logging_mixin.py:190} INFO - [2024-10-28T04:29:37.056+0000] {dag.py:3239} INFO - Sync 1 DAGs
[2024-10-28T04:29:37.816+0000] {logging_mixin.py:190} INFO - [2024-10-28T04:29:37.814+0000] {dag.py:4180} INFO - Setting next_dagrun for example_params_ui_tutorial to None, run_after=None
[2024-10-28T04:29:38.824+0000] {processor.py:208} INFO - Processing /home/airflow/.local/lib/python3.12/site-packages/airflow/example_dags/example_params_ui_tutorial.py took 5.155 seconds
[2024-10-28T04:32:47.216+0000] {processor.py:186} INFO - Started process (PID=240) to work on /home/airflow/.local/lib/python3.12/site-packages/airflow/example_dags/example_params_ui_tutorial.py
[2024-10-28T04:32:47.271+0000] {processor.py:914} INFO - Processing file /home/airflow/.local/lib/python3.12/site-packages/airflow/example_dags/example_params_ui_tutorial.py for tasks to queue
[2024-10-28T04:32:47.337+0000] {logging_mixin.py:190} INFO - [2024-10-28T04:32:47.335+0000] {dagbag.py:588} INFO - Filling up the DagBag from /home/airflow/.local/lib/python3.12/site-packages/airflow/example_dags/example_params_ui_tutorial.py
[2024-10-28T04:32:48.066+0000] {processor.py:925} INFO - DAG(s) 'example_params_ui_tutorial' retrieved from /home/airflow/.local/lib/python3.12/site-packages/airflow/example_dags/example_params_ui_tutorial.py
[2024-10-28T04:32:51.879+0000] {logging_mixin.py:190} INFO - [2024-10-28T04:32:51.661+0000] {dag.py:3239} INFO - Sync 1 DAGs
[2024-10-28T04:32:53.548+0000] {logging_mixin.py:190} INFO - [2024-10-28T04:32:53.546+0000] {dag.py:4180} INFO - Setting next_dagrun for example_params_ui_tutorial to None, run_after=None
[2024-10-28T04:32:59.079+0000] {processor.py:208} INFO - Processing /home/airflow/.local/lib/python3.12/site-packages/airflow/example_dags/example_params_ui_tutorial.py took 12.179 seconds
[2024-10-28T04:35:29.223+0000] {processor.py:186} INFO - Started process (PID=313) to work on /home/airflow/.local/lib/python3.12/site-packages/airflow/example_dags/example_params_ui_tutorial.py
[2024-10-28T04:35:29.240+0000] {processor.py:914} INFO - Processing file /home/airflow/.local/lib/python3.12/site-packages/airflow/example_dags/example_params_ui_tutorial.py for tasks to queue
[2024-10-28T04:35:29.270+0000] {logging_mixin.py:190} INFO - [2024-10-28T04:35:29.257+0000] {dagbag.py:588} INFO - Filling up the DagBag from /home/airflow/.local/lib/python3.12/site-packages/airflow/example_dags/example_params_ui_tutorial.py
[2024-10-28T04:35:30.347+0000] {processor.py:925} INFO - DAG(s) 'example_params_ui_tutorial' retrieved from /home/airflow/.local/lib/python3.12/site-packages/airflow/example_dags/example_params_ui_tutorial.py
[2024-10-28T04:35:33.112+0000] {logging_mixin.py:190} INFO - [2024-10-28T04:35:33.111+0000] {dag.py:3239} INFO - Sync 1 DAGs
[2024-10-28T04:35:34.238+0000] {logging_mixin.py:190} INFO - [2024-10-28T04:35:34.237+0000] {dag.py:4180} INFO - Setting next_dagrun for example_params_ui_tutorial to None, run_after=None
[2024-10-28T04:35:35.672+0000] {processor.py:208} INFO - Processing /home/airflow/.local/lib/python3.12/site-packages/airflow/example_dags/example_params_ui_tutorial.py took 6.589 seconds
[2024-10-28T04:43:18.654+0000] {processor.py:186} INFO - Started process (PID=127) to work on /home/airflow/.local/lib/python3.12/site-packages/airflow/example_dags/example_params_ui_tutorial.py
[2024-10-28T04:43:18.706+0000] {processor.py:914} INFO - Processing file /home/airflow/.local/lib/python3.12/site-packages/airflow/example_dags/example_params_ui_tutorial.py for tasks to queue
[2024-10-28T04:43:18.746+0000] {logging_mixin.py:190} INFO - [2024-10-28T04:43:18.745+0000] {dagbag.py:588} INFO - Filling up the DagBag from /home/airflow/.local/lib/python3.12/site-packages/airflow/example_dags/example_params_ui_tutorial.py
[2024-10-28T04:43:18.954+0000] {processor.py:925} INFO - DAG(s) 'example_params_ui_tutorial' retrieved from /home/airflow/.local/lib/python3.12/site-packages/airflow/example_dags/example_params_ui_tutorial.py
[2024-10-28T04:43:21.455+0000] {logging_mixin.py:190} INFO - [2024-10-28T04:43:21.454+0000] {override.py:1900} INFO - Created Permission View: can edit on DAG:example_params_ui_tutorial
[2024-10-28T04:43:21.628+0000] {logging_mixin.py:190} INFO - [2024-10-28T04:43:21.627+0000] {override.py:1900} INFO - Created Permission View: can delete on DAG:example_params_ui_tutorial
[2024-10-28T04:43:21.683+0000] {logging_mixin.py:190} INFO - [2024-10-28T04:43:21.683+0000] {override.py:1900} INFO - Created Permission View: can read on DAG:example_params_ui_tutorial
[2024-10-28T04:43:21.738+0000] {logging_mixin.py:190} INFO - [2024-10-28T04:43:21.738+0000] {override.py:1900} INFO - Created Permission View: can create on DAG Run:example_params_ui_tutorial
[2024-10-28T04:43:21.793+0000] {logging_mixin.py:190} INFO - [2024-10-28T04:43:21.792+0000] {override.py:1900} INFO - Created Permission View: can delete on DAG Run:example_params_ui_tutorial
[2024-10-28T04:43:21.916+0000] {logging_mixin.py:190} INFO - [2024-10-28T04:43:21.915+0000] {override.py:1900} INFO - Created Permission View: menu access on DAG Run:example_params_ui_tutorial
[2024-10-28T04:43:22.045+0000] {logging_mixin.py:190} INFO - [2024-10-28T04:43:22.018+0000] {override.py:1900} INFO - Created Permission View: can read on DAG Run:example_params_ui_tutorial
[2024-10-28T04:43:22.109+0000] {logging_mixin.py:190} INFO - [2024-10-28T04:43:22.050+0000] {dag.py:3239} INFO - Sync 1 DAGs
[2024-10-28T04:43:22.281+0000] {logging_mixin.py:190} INFO - [2024-10-28T04:43:22.267+0000] {dag.py:3262} INFO - Creating ORM DAG for example_params_ui_tutorial
[2024-10-28T04:43:22.298+0000] {logging_mixin.py:190} INFO - [2024-10-28T04:43:22.298+0000] {dag.py:4180} INFO - Setting next_dagrun for example_params_ui_tutorial to None, run_after=None
[2024-10-28T04:43:22.539+0000] {processor.py:208} INFO - Processing /home/airflow/.local/lib/python3.12/site-packages/airflow/example_dags/example_params_ui_tutorial.py took 3.965 seconds
[2024-10-28T04:47:16.747+0000] {processor.py:186} INFO - Started process (PID=227) to work on /home/airflow/.local/lib/python3.12/site-packages/airflow/example_dags/example_params_ui_tutorial.py
[2024-10-28T04:47:16.783+0000] {processor.py:914} INFO - Processing file /home/airflow/.local/lib/python3.12/site-packages/airflow/example_dags/example_params_ui_tutorial.py for tasks to queue
[2024-10-28T04:47:16.864+0000] {logging_mixin.py:190} INFO - [2024-10-28T04:47:16.853+0000] {dagbag.py:588} INFO - Filling up the DagBag from /home/airflow/.local/lib/python3.12/site-packages/airflow/example_dags/example_params_ui_tutorial.py
[2024-10-28T04:47:16.981+0000] {processor.py:925} INFO - DAG(s) 'example_params_ui_tutorial' retrieved from /home/airflow/.local/lib/python3.12/site-packages/airflow/example_dags/example_params_ui_tutorial.py
[2024-10-28T04:47:17.910+0000] {logging_mixin.py:190} INFO - [2024-10-28T04:47:17.908+0000] {dag.py:3239} INFO - Sync 1 DAGs
[2024-10-28T04:47:18.780+0000] {logging_mixin.py:190} INFO - [2024-10-28T04:47:18.722+0000] {dag.py:4180} INFO - Setting next_dagrun for example_params_ui_tutorial to None, run_after=None
[2024-10-28T04:47:19.414+0000] {processor.py:208} INFO - Processing /home/airflow/.local/lib/python3.12/site-packages/airflow/example_dags/example_params_ui_tutorial.py took 2.733 seconds
[2024-10-28T04:48:41.371+0000] {processor.py:186} INFO - Started process (PID=287) to work on /home/airflow/.local/lib/python3.12/site-packages/airflow/example_dags/example_params_ui_tutorial.py
[2024-10-28T04:48:41.395+0000] {processor.py:914} INFO - Processing file /home/airflow/.local/lib/python3.12/site-packages/airflow/example_dags/example_params_ui_tutorial.py for tasks to queue
[2024-10-28T04:48:41.540+0000] {logging_mixin.py:190} INFO - [2024-10-28T04:48:41.538+0000] {dagbag.py:588} INFO - Filling up the DagBag from /home/airflow/.local/lib/python3.12/site-packages/airflow/example_dags/example_params_ui_tutorial.py
[2024-10-28T04:48:42.007+0000] {processor.py:925} INFO - DAG(s) 'example_params_ui_tutorial' retrieved from /home/airflow/.local/lib/python3.12/site-packages/airflow/example_dags/example_params_ui_tutorial.py
[2024-10-28T04:48:42.804+0000] {logging_mixin.py:190} INFO - [2024-10-28T04:48:42.803+0000] {dag.py:3239} INFO - Sync 1 DAGs
[2024-10-28T04:48:43.070+0000] {logging_mixin.py:190} INFO - [2024-10-28T04:48:43.069+0000] {dag.py:4180} INFO - Setting next_dagrun for example_params_ui_tutorial to None, run_after=None
[2024-10-28T04:48:43.457+0000] {processor.py:208} INFO - Processing /home/airflow/.local/lib/python3.12/site-packages/airflow/example_dags/example_params_ui_tutorial.py took 2.278 seconds
[2024-10-28T04:51:12.718+0000] {processor.py:186} INFO - Started process (PID=353) to work on /home/airflow/.local/lib/python3.12/site-packages/airflow/example_dags/example_params_ui_tutorial.py
[2024-10-28T04:51:12.738+0000] {processor.py:914} INFO - Processing file /home/airflow/.local/lib/python3.12/site-packages/airflow/example_dags/example_params_ui_tutorial.py for tasks to queue
[2024-10-28T04:51:13.200+0000] {logging_mixin.py:190} INFO - [2024-10-28T04:51:13.196+0000] {dagbag.py:588} INFO - Filling up the DagBag from /home/airflow/.local/lib/python3.12/site-packages/airflow/example_dags/example_params_ui_tutorial.py
[2024-10-28T04:51:13.978+0000] {processor.py:925} INFO - DAG(s) 'example_params_ui_tutorial' retrieved from /home/airflow/.local/lib/python3.12/site-packages/airflow/example_dags/example_params_ui_tutorial.py
[2024-10-28T04:51:28.312+0000] {logging_mixin.py:190} INFO - [2024-10-28T04:51:28.310+0000] {dag.py:3239} INFO - Sync 1 DAGs
[2024-10-28T04:51:35.298+0000] {logging_mixin.py:190} INFO - [2024-10-28T04:51:35.297+0000] {dag.py:4180} INFO - Setting next_dagrun for example_params_ui_tutorial to None, run_after=None
[2024-10-28T06:29:44.580+0000] {processor.py:186} INFO - Started process (PID=182) to work on /home/airflow/.local/lib/python3.12/site-packages/airflow/example_dags/example_params_ui_tutorial.py
[2024-10-28T06:29:44.649+0000] {processor.py:914} INFO - Processing file /home/airflow/.local/lib/python3.12/site-packages/airflow/example_dags/example_params_ui_tutorial.py for tasks to queue
[2024-10-28T06:29:44.880+0000] {logging_mixin.py:190} INFO - [2024-10-28T06:29:44.810+0000] {dagbag.py:588} INFO - Filling up the DagBag from /home/airflow/.local/lib/python3.12/site-packages/airflow/example_dags/example_params_ui_tutorial.py
[2024-10-28T06:29:45.470+0000] {processor.py:925} INFO - DAG(s) 'example_params_ui_tutorial' retrieved from /home/airflow/.local/lib/python3.12/site-packages/airflow/example_dags/example_params_ui_tutorial.py
[2024-10-28T06:29:57.206+0000] {logging_mixin.py:190} INFO - [2024-10-28T06:29:57.201+0000] {override.py:1900} INFO - Created Permission View: can edit on DAG:example_params_ui_tutorial
[2024-10-28T06:29:57.735+0000] {logging_mixin.py:190} INFO - [2024-10-28T06:29:57.731+0000] {override.py:1900} INFO - Created Permission View: can read on DAG:example_params_ui_tutorial
[2024-10-28T06:29:58.156+0000] {logging_mixin.py:190} INFO - [2024-10-28T06:29:58.154+0000] {override.py:1900} INFO - Created Permission View: can delete on DAG:example_params_ui_tutorial
[2024-10-28T06:29:58.389+0000] {logging_mixin.py:190} INFO - [2024-10-28T06:29:58.388+0000] {override.py:1900} INFO - Created Permission View: menu access on DAG Run:example_params_ui_tutorial
[2024-10-28T06:29:58.544+0000] {logging_mixin.py:190} INFO - [2024-10-28T06:29:58.541+0000] {override.py:1900} INFO - Created Permission View: can create on DAG Run:example_params_ui_tutorial
[2024-10-28T06:29:58.707+0000] {logging_mixin.py:190} INFO - [2024-10-28T06:29:58.702+0000] {override.py:1900} INFO - Created Permission View: can read on DAG Run:example_params_ui_tutorial
[2024-10-28T06:29:58.852+0000] {logging_mixin.py:190} INFO - [2024-10-28T06:29:58.831+0000] {override.py:1900} INFO - Created Permission View: can delete on DAG Run:example_params_ui_tutorial
[2024-10-28T06:29:58.856+0000] {logging_mixin.py:190} INFO - [2024-10-28T06:29:58.855+0000] {dag.py:3239} INFO - Sync 1 DAGs
[2024-10-28T06:29:59.274+0000] {logging_mixin.py:190} INFO - [2024-10-28T06:29:59.252+0000] {dag.py:3262} INFO - Creating ORM DAG for example_params_ui_tutorial
[2024-10-28T06:29:59.340+0000] {logging_mixin.py:190} INFO - [2024-10-28T06:29:59.339+0000] {dag.py:4180} INFO - Setting next_dagrun for example_params_ui_tutorial to None, run_after=None
[2024-10-28T06:30:00.076+0000] {processor.py:208} INFO - Processing /home/airflow/.local/lib/python3.12/site-packages/airflow/example_dags/example_params_ui_tutorial.py took 15.780 seconds
[2024-10-28T06:34:27.526+0000] {processor.py:186} INFO - Started process (PID=293) to work on /home/airflow/.local/lib/python3.12/site-packages/airflow/example_dags/example_params_ui_tutorial.py
[2024-10-28T06:34:27.566+0000] {processor.py:914} INFO - Processing file /home/airflow/.local/lib/python3.12/site-packages/airflow/example_dags/example_params_ui_tutorial.py for tasks to queue
[2024-10-28T06:34:27.600+0000] {logging_mixin.py:190} INFO - [2024-10-28T06:34:27.598+0000] {dagbag.py:588} INFO - Filling up the DagBag from /home/airflow/.local/lib/python3.12/site-packages/airflow/example_dags/example_params_ui_tutorial.py
[2024-10-28T06:34:29.107+0000] {processor.py:925} INFO - DAG(s) 'example_params_ui_tutorial' retrieved from /home/airflow/.local/lib/python3.12/site-packages/airflow/example_dags/example_params_ui_tutorial.py
[2024-10-28T06:34:30.911+0000] {logging_mixin.py:190} INFO - [2024-10-28T06:34:30.908+0000] {dag.py:3239} INFO - Sync 1 DAGs
[2024-10-28T06:34:31.950+0000] {logging_mixin.py:190} INFO - [2024-10-28T06:34:31.949+0000] {dag.py:4180} INFO - Setting next_dagrun for example_params_ui_tutorial to None, run_after=None
[2024-10-28T06:34:33.246+0000] {processor.py:208} INFO - Processing /home/airflow/.local/lib/python3.12/site-packages/airflow/example_dags/example_params_ui_tutorial.py took 5.928 seconds
[2024-10-28T06:36:51.522+0000] {processor.py:186} INFO - Started process (PID=362) to work on /home/airflow/.local/lib/python3.12/site-packages/airflow/example_dags/example_params_ui_tutorial.py
[2024-10-28T06:36:51.554+0000] {processor.py:914} INFO - Processing file /home/airflow/.local/lib/python3.12/site-packages/airflow/example_dags/example_params_ui_tutorial.py for tasks to queue
[2024-10-28T06:36:51.590+0000] {logging_mixin.py:190} INFO - [2024-10-28T06:36:51.589+0000] {dagbag.py:588} INFO - Filling up the DagBag from /home/airflow/.local/lib/python3.12/site-packages/airflow/example_dags/example_params_ui_tutorial.py
[2024-10-28T06:36:51.865+0000] {processor.py:925} INFO - DAG(s) 'example_params_ui_tutorial' retrieved from /home/airflow/.local/lib/python3.12/site-packages/airflow/example_dags/example_params_ui_tutorial.py
[2024-10-28T06:36:52.890+0000] {logging_mixin.py:190} INFO - [2024-10-28T06:36:52.889+0000] {dag.py:3239} INFO - Sync 1 DAGs
[2024-10-28T06:36:53.098+0000] {logging_mixin.py:190} INFO - [2024-10-28T06:36:53.097+0000] {dag.py:4180} INFO - Setting next_dagrun for example_params_ui_tutorial to None, run_after=None
[2024-10-28T06:36:53.572+0000] {processor.py:208} INFO - Processing /home/airflow/.local/lib/python3.12/site-packages/airflow/example_dags/example_params_ui_tutorial.py took 2.187 seconds
[2024-10-28T06:38:40.405+0000] {processor.py:186} INFO - Started process (PID=432) to work on /home/airflow/.local/lib/python3.12/site-packages/airflow/example_dags/example_params_ui_tutorial.py
[2024-10-28T06:38:40.439+0000] {processor.py:914} INFO - Processing file /home/airflow/.local/lib/python3.12/site-packages/airflow/example_dags/example_params_ui_tutorial.py for tasks to queue
[2024-10-28T06:38:40.447+0000] {logging_mixin.py:190} INFO - [2024-10-28T06:38:40.446+0000] {dagbag.py:588} INFO - Filling up the DagBag from /home/airflow/.local/lib/python3.12/site-packages/airflow/example_dags/example_params_ui_tutorial.py
[2024-10-28T06:38:40.607+0000] {processor.py:925} INFO - DAG(s) 'example_params_ui_tutorial' retrieved from /home/airflow/.local/lib/python3.12/site-packages/airflow/example_dags/example_params_ui_tutorial.py
[2024-10-28T06:38:41.660+0000] {logging_mixin.py:190} INFO - [2024-10-28T06:38:41.659+0000] {dag.py:3239} INFO - Sync 1 DAGs
[2024-10-28T06:38:41.785+0000] {logging_mixin.py:190} INFO - [2024-10-28T06:38:41.784+0000] {dag.py:4180} INFO - Setting next_dagrun for example_params_ui_tutorial to None, run_after=None
[2024-10-28T06:38:42.721+0000] {processor.py:208} INFO - Processing /home/airflow/.local/lib/python3.12/site-packages/airflow/example_dags/example_params_ui_tutorial.py took 2.408 seconds
[2024-10-28T06:41:38.654+0000] {processor.py:186} INFO - Started process (PID=539) to work on /home/airflow/.local/lib/python3.12/site-packages/airflow/example_dags/example_params_ui_tutorial.py
[2024-10-28T06:41:38.687+0000] {processor.py:914} INFO - Processing file /home/airflow/.local/lib/python3.12/site-packages/airflow/example_dags/example_params_ui_tutorial.py for tasks to queue
[2024-10-28T06:41:38.720+0000] {logging_mixin.py:190} INFO - [2024-10-28T06:41:38.719+0000] {dagbag.py:588} INFO - Filling up the DagBag from /home/airflow/.local/lib/python3.12/site-packages/airflow/example_dags/example_params_ui_tutorial.py
[2024-10-28T06:41:38.924+0000] {processor.py:925} INFO - DAG(s) 'example_params_ui_tutorial' retrieved from /home/airflow/.local/lib/python3.12/site-packages/airflow/example_dags/example_params_ui_tutorial.py
[2024-10-28T06:41:40.597+0000] {logging_mixin.py:190} INFO - [2024-10-28T06:41:40.568+0000] {dag.py:3239} INFO - Sync 1 DAGs
[2024-10-28T06:41:41.222+0000] {logging_mixin.py:190} INFO - [2024-10-28T06:41:41.222+0000] {dag.py:4180} INFO - Setting next_dagrun for example_params_ui_tutorial to None, run_after=None
[2024-10-28T06:41:41.577+0000] {processor.py:208} INFO - Processing /home/airflow/.local/lib/python3.12/site-packages/airflow/example_dags/example_params_ui_tutorial.py took 3.008 seconds
[2024-10-28T06:43:24.995+0000] {processor.py:186} INFO - Started process (PID=608) to work on /home/airflow/.local/lib/python3.12/site-packages/airflow/example_dags/example_params_ui_tutorial.py
[2024-10-28T06:43:25.002+0000] {processor.py:914} INFO - Processing file /home/airflow/.local/lib/python3.12/site-packages/airflow/example_dags/example_params_ui_tutorial.py for tasks to queue
[2024-10-28T06:43:25.029+0000] {logging_mixin.py:190} INFO - [2024-10-28T06:43:25.028+0000] {dagbag.py:588} INFO - Filling up the DagBag from /home/airflow/.local/lib/python3.12/site-packages/airflow/example_dags/example_params_ui_tutorial.py
[2024-10-28T06:43:25.408+0000] {processor.py:925} INFO - DAG(s) 'example_params_ui_tutorial' retrieved from /home/airflow/.local/lib/python3.12/site-packages/airflow/example_dags/example_params_ui_tutorial.py
[2024-10-28T06:43:27.239+0000] {logging_mixin.py:190} INFO - [2024-10-28T06:43:27.237+0000] {dag.py:3239} INFO - Sync 1 DAGs
[2024-10-28T06:43:27.475+0000] {logging_mixin.py:190} INFO - [2024-10-28T06:43:27.474+0000] {dag.py:4180} INFO - Setting next_dagrun for example_params_ui_tutorial to None, run_after=None
[2024-10-28T06:43:27.793+0000] {processor.py:208} INFO - Processing /home/airflow/.local/lib/python3.12/site-packages/airflow/example_dags/example_params_ui_tutorial.py took 2.916 seconds
[2024-10-28T06:45:55.732+0000] {processor.py:186} INFO - Started process (PID=717) to work on /home/airflow/.local/lib/python3.12/site-packages/airflow/example_dags/example_params_ui_tutorial.py
[2024-10-28T06:45:55.821+0000] {processor.py:914} INFO - Processing file /home/airflow/.local/lib/python3.12/site-packages/airflow/example_dags/example_params_ui_tutorial.py for tasks to queue
[2024-10-28T06:45:55.929+0000] {logging_mixin.py:190} INFO - [2024-10-28T06:45:55.874+0000] {dagbag.py:588} INFO - Filling up the DagBag from /home/airflow/.local/lib/python3.12/site-packages/airflow/example_dags/example_params_ui_tutorial.py
[2024-10-28T06:45:57.041+0000] {processor.py:925} INFO - DAG(s) 'example_params_ui_tutorial' retrieved from /home/airflow/.local/lib/python3.12/site-packages/airflow/example_dags/example_params_ui_tutorial.py
[2024-10-28T06:45:58.957+0000] {logging_mixin.py:190} INFO - [2024-10-28T06:45:58.955+0000] {dag.py:3239} INFO - Sync 1 DAGs
[2024-10-28T06:46:00.150+0000] {logging_mixin.py:190} INFO - [2024-10-28T06:46:00.134+0000] {dag.py:4180} INFO - Setting next_dagrun for example_params_ui_tutorial to None, run_after=None
[2024-10-28T06:46:00.967+0000] {processor.py:208} INFO - Processing /home/airflow/.local/lib/python3.12/site-packages/airflow/example_dags/example_params_ui_tutorial.py took 5.389 seconds
[2024-10-28T06:48:36.065+0000] {processor.py:186} INFO - Started process (PID=824) to work on /home/airflow/.local/lib/python3.12/site-packages/airflow/example_dags/example_params_ui_tutorial.py
[2024-10-28T06:48:36.073+0000] {processor.py:914} INFO - Processing file /home/airflow/.local/lib/python3.12/site-packages/airflow/example_dags/example_params_ui_tutorial.py for tasks to queue
[2024-10-28T06:48:36.164+0000] {logging_mixin.py:190} INFO - [2024-10-28T06:48:36.162+0000] {dagbag.py:588} INFO - Filling up the DagBag from /home/airflow/.local/lib/python3.12/site-packages/airflow/example_dags/example_params_ui_tutorial.py
[2024-10-28T06:48:36.815+0000] {processor.py:925} INFO - DAG(s) 'example_params_ui_tutorial' retrieved from /home/airflow/.local/lib/python3.12/site-packages/airflow/example_dags/example_params_ui_tutorial.py
[2024-10-28T06:48:38.373+0000] {logging_mixin.py:190} INFO - [2024-10-28T06:48:38.372+0000] {dag.py:3239} INFO - Sync 1 DAGs
[2024-10-28T06:48:38.497+0000] {logging_mixin.py:190} INFO - [2024-10-28T06:48:38.496+0000] {dag.py:4180} INFO - Setting next_dagrun for example_params_ui_tutorial to None, run_after=None
[2024-10-28T06:48:38.754+0000] {processor.py:208} INFO - Processing /home/airflow/.local/lib/python3.12/site-packages/airflow/example_dags/example_params_ui_tutorial.py took 2.789 seconds
[2024-10-28T06:50:13.979+0000] {processor.py:186} INFO - Started process (PID=913) to work on /home/airflow/.local/lib/python3.12/site-packages/airflow/example_dags/example_params_ui_tutorial.py
[2024-10-28T06:50:14.024+0000] {processor.py:914} INFO - Processing file /home/airflow/.local/lib/python3.12/site-packages/airflow/example_dags/example_params_ui_tutorial.py for tasks to queue
[2024-10-28T06:50:14.029+0000] {logging_mixin.py:190} INFO - [2024-10-28T06:50:14.028+0000] {dagbag.py:588} INFO - Filling up the DagBag from /home/airflow/.local/lib/python3.12/site-packages/airflow/example_dags/example_params_ui_tutorial.py
[2024-10-28T06:50:14.454+0000] {processor.py:925} INFO - DAG(s) 'example_params_ui_tutorial' retrieved from /home/airflow/.local/lib/python3.12/site-packages/airflow/example_dags/example_params_ui_tutorial.py
[2024-10-28T06:50:18.638+0000] {logging_mixin.py:190} INFO - [2024-10-28T06:50:18.619+0000] {dag.py:3239} INFO - Sync 1 DAGs
[2024-10-28T06:50:20.343+0000] {logging_mixin.py:190} INFO - [2024-10-28T06:50:20.307+0000] {dag.py:4180} INFO - Setting next_dagrun for example_params_ui_tutorial to None, run_after=None
[2024-10-28T06:50:20.930+0000] {processor.py:208} INFO - Processing /home/airflow/.local/lib/python3.12/site-packages/airflow/example_dags/example_params_ui_tutorial.py took 7.030 seconds
[2024-10-28T06:51:59.771+0000] {processor.py:186} INFO - Started process (PID=978) to work on /home/airflow/.local/lib/python3.12/site-packages/airflow/example_dags/example_params_ui_tutorial.py
[2024-10-28T06:52:00.041+0000] {processor.py:914} INFO - Processing file /home/airflow/.local/lib/python3.12/site-packages/airflow/example_dags/example_params_ui_tutorial.py for tasks to queue
[2024-10-28T06:52:00.303+0000] {logging_mixin.py:190} INFO - [2024-10-28T06:52:00.301+0000] {dagbag.py:588} INFO - Filling up the DagBag from /home/airflow/.local/lib/python3.12/site-packages/airflow/example_dags/example_params_ui_tutorial.py
[2024-10-28T06:52:00.855+0000] {processor.py:925} INFO - DAG(s) 'example_params_ui_tutorial' retrieved from /home/airflow/.local/lib/python3.12/site-packages/airflow/example_dags/example_params_ui_tutorial.py
[2024-10-28T06:52:02.913+0000] {logging_mixin.py:190} INFO - [2024-10-28T06:52:02.909+0000] {dag.py:3239} INFO - Sync 1 DAGs
[2024-10-28T06:52:03.233+0000] {logging_mixin.py:190} INFO - [2024-10-28T06:52:03.233+0000] {dag.py:4180} INFO - Setting next_dagrun for example_params_ui_tutorial to None, run_after=None
[2024-10-28T06:52:05.433+0000] {processor.py:208} INFO - Processing /home/airflow/.local/lib/python3.12/site-packages/airflow/example_dags/example_params_ui_tutorial.py took 6.074 seconds
[2024-10-28T06:54:09.647+0000] {processor.py:186} INFO - Started process (PID=1035) to work on /home/airflow/.local/lib/python3.12/site-packages/airflow/example_dags/example_params_ui_tutorial.py
[2024-10-28T06:54:09.703+0000] {processor.py:914} INFO - Processing file /home/airflow/.local/lib/python3.12/site-packages/airflow/example_dags/example_params_ui_tutorial.py for tasks to queue
[2024-10-28T06:54:09.761+0000] {logging_mixin.py:190} INFO - [2024-10-28T06:54:09.759+0000] {dagbag.py:588} INFO - Filling up the DagBag from /home/airflow/.local/lib/python3.12/site-packages/airflow/example_dags/example_params_ui_tutorial.py
[2024-10-28T06:54:09.981+0000] {processor.py:925} INFO - DAG(s) 'example_params_ui_tutorial' retrieved from /home/airflow/.local/lib/python3.12/site-packages/airflow/example_dags/example_params_ui_tutorial.py
[2024-10-28T06:54:12.811+0000] {logging_mixin.py:190} INFO - [2024-10-28T06:54:12.810+0000] {dag.py:3239} INFO - Sync 1 DAGs
[2024-10-28T06:54:13.116+0000] {logging_mixin.py:190} INFO - [2024-10-28T06:54:13.116+0000] {dag.py:4180} INFO - Setting next_dagrun for example_params_ui_tutorial to None, run_after=None
[2024-10-28T06:54:13.903+0000] {processor.py:208} INFO - Processing /home/airflow/.local/lib/python3.12/site-packages/airflow/example_dags/example_params_ui_tutorial.py took 4.319 seconds
[2024-10-28T06:55:58.707+0000] {processor.py:186} INFO - Started process (PID=1106) to work on /home/airflow/.local/lib/python3.12/site-packages/airflow/example_dags/example_params_ui_tutorial.py
[2024-10-28T06:55:58.710+0000] {processor.py:914} INFO - Processing file /home/airflow/.local/lib/python3.12/site-packages/airflow/example_dags/example_params_ui_tutorial.py for tasks to queue
[2024-10-28T06:55:58.723+0000] {logging_mixin.py:190} INFO - [2024-10-28T06:55:58.722+0000] {dagbag.py:588} INFO - Filling up the DagBag from /home/airflow/.local/lib/python3.12/site-packages/airflow/example_dags/example_params_ui_tutorial.py
[2024-10-28T06:55:58.905+0000] {processor.py:925} INFO - DAG(s) 'example_params_ui_tutorial' retrieved from /home/airflow/.local/lib/python3.12/site-packages/airflow/example_dags/example_params_ui_tutorial.py
[2024-10-28T06:55:59.843+0000] {logging_mixin.py:190} INFO - [2024-10-28T06:55:59.842+0000] {dag.py:3239} INFO - Sync 1 DAGs
[2024-10-28T06:56:00.179+0000] {logging_mixin.py:190} INFO - [2024-10-28T06:56:00.178+0000] {dag.py:4180} INFO - Setting next_dagrun for example_params_ui_tutorial to None, run_after=None
[2024-10-28T06:56:00.670+0000] {processor.py:208} INFO - Processing /home/airflow/.local/lib/python3.12/site-packages/airflow/example_dags/example_params_ui_tutorial.py took 2.010 seconds
[2024-10-28T06:58:31.020+0000] {processor.py:186} INFO - Started process (PID=1207) to work on /home/airflow/.local/lib/python3.12/site-packages/airflow/example_dags/example_params_ui_tutorial.py
[2024-10-28T06:58:31.063+0000] {processor.py:914} INFO - Processing file /home/airflow/.local/lib/python3.12/site-packages/airflow/example_dags/example_params_ui_tutorial.py for tasks to queue
[2024-10-28T06:58:31.196+0000] {logging_mixin.py:190} INFO - [2024-10-28T06:58:31.134+0000] {dagbag.py:588} INFO - Filling up the DagBag from /home/airflow/.local/lib/python3.12/site-packages/airflow/example_dags/example_params_ui_tutorial.py
[2024-10-28T06:58:31.609+0000] {processor.py:925} INFO - DAG(s) 'example_params_ui_tutorial' retrieved from /home/airflow/.local/lib/python3.12/site-packages/airflow/example_dags/example_params_ui_tutorial.py
[2024-10-28T06:58:34.773+0000] {logging_mixin.py:190} INFO - [2024-10-28T06:58:34.770+0000] {dag.py:3239} INFO - Sync 1 DAGs
[2024-10-28T06:58:35.402+0000] {logging_mixin.py:190} INFO - [2024-10-28T06:58:35.401+0000] {dag.py:4180} INFO - Setting next_dagrun for example_params_ui_tutorial to None, run_after=None
[2024-10-28T06:58:35.632+0000] {processor.py:208} INFO - Processing /home/airflow/.local/lib/python3.12/site-packages/airflow/example_dags/example_params_ui_tutorial.py took 4.797 seconds
[2024-10-28T07:00:17.737+0000] {processor.py:186} INFO - Started process (PID=1280) to work on /home/airflow/.local/lib/python3.12/site-packages/airflow/example_dags/example_params_ui_tutorial.py
[2024-10-28T07:00:17.750+0000] {processor.py:914} INFO - Processing file /home/airflow/.local/lib/python3.12/site-packages/airflow/example_dags/example_params_ui_tutorial.py for tasks to queue
[2024-10-28T07:00:17.766+0000] {logging_mixin.py:190} INFO - [2024-10-28T07:00:17.763+0000] {dagbag.py:588} INFO - Filling up the DagBag from /home/airflow/.local/lib/python3.12/site-packages/airflow/example_dags/example_params_ui_tutorial.py
[2024-10-28T07:00:17.850+0000] {processor.py:925} INFO - DAG(s) 'example_params_ui_tutorial' retrieved from /home/airflow/.local/lib/python3.12/site-packages/airflow/example_dags/example_params_ui_tutorial.py
[2024-10-28T07:00:18.929+0000] {logging_mixin.py:190} INFO - [2024-10-28T07:00:18.928+0000] {dag.py:3239} INFO - Sync 1 DAGs
[2024-10-28T07:00:19.421+0000] {logging_mixin.py:190} INFO - [2024-10-28T07:00:19.420+0000] {dag.py:4180} INFO - Setting next_dagrun for example_params_ui_tutorial to None, run_after=None
[2024-10-28T07:00:19.803+0000] {processor.py:208} INFO - Processing /home/airflow/.local/lib/python3.12/site-packages/airflow/example_dags/example_params_ui_tutorial.py took 2.264 seconds
[2024-10-28T07:01:30.819+0000] {processor.py:186} INFO - Started process (PID=1332) to work on /home/airflow/.local/lib/python3.12/site-packages/airflow/example_dags/example_params_ui_tutorial.py
[2024-10-28T07:01:30.832+0000] {processor.py:914} INFO - Processing file /home/airflow/.local/lib/python3.12/site-packages/airflow/example_dags/example_params_ui_tutorial.py for tasks to queue
[2024-10-28T07:01:30.865+0000] {logging_mixin.py:190} INFO - [2024-10-28T07:01:30.864+0000] {dagbag.py:588} INFO - Filling up the DagBag from /home/airflow/.local/lib/python3.12/site-packages/airflow/example_dags/example_params_ui_tutorial.py
[2024-10-28T07:01:31.031+0000] {processor.py:925} INFO - DAG(s) 'example_params_ui_tutorial' retrieved from /home/airflow/.local/lib/python3.12/site-packages/airflow/example_dags/example_params_ui_tutorial.py
[2024-10-28T07:01:31.889+0000] {logging_mixin.py:190} INFO - [2024-10-28T07:01:31.888+0000] {dag.py:3239} INFO - Sync 1 DAGs
[2024-10-28T07:01:32.231+0000] {logging_mixin.py:190} INFO - [2024-10-28T07:01:32.230+0000] {dag.py:4180} INFO - Setting next_dagrun for example_params_ui_tutorial to None, run_after=None
[2024-10-28T07:01:32.534+0000] {processor.py:208} INFO - Processing /home/airflow/.local/lib/python3.12/site-packages/airflow/example_dags/example_params_ui_tutorial.py took 1.818 seconds
[2024-10-28T08:22:28.742+0000] {processor.py:186} INFO - Started process (PID=488) to work on /home/airflow/.local/lib/python3.12/site-packages/airflow/example_dags/example_params_ui_tutorial.py
[2024-10-28T08:22:28.826+0000] {processor.py:914} INFO - Processing file /home/airflow/.local/lib/python3.12/site-packages/airflow/example_dags/example_params_ui_tutorial.py for tasks to queue
[2024-10-28T08:22:28.843+0000] {logging_mixin.py:190} INFO - [2024-10-28T08:22:28.842+0000] {dagbag.py:588} INFO - Filling up the DagBag from /home/airflow/.local/lib/python3.12/site-packages/airflow/example_dags/example_params_ui_tutorial.py
[2024-10-28T08:22:29.573+0000] {processor.py:925} INFO - DAG(s) 'example_params_ui_tutorial' retrieved from /home/airflow/.local/lib/python3.12/site-packages/airflow/example_dags/example_params_ui_tutorial.py
[2024-10-28T08:22:32.414+0000] {logging_mixin.py:190} INFO - [2024-10-28T08:22:32.413+0000] {dag.py:3239} INFO - Sync 1 DAGs
[2024-10-28T08:22:32.758+0000] {logging_mixin.py:190} INFO - [2024-10-28T08:22:32.757+0000] {dag.py:4180} INFO - Setting next_dagrun for example_params_ui_tutorial to None, run_after=None
[2024-10-28T08:22:33.406+0000] {processor.py:208} INFO - Processing /home/airflow/.local/lib/python3.12/site-packages/airflow/example_dags/example_params_ui_tutorial.py took 4.854 seconds
[2024-10-28T08:25:36.086+0000] {processor.py:186} INFO - Started process (PID=582) to work on /home/airflow/.local/lib/python3.12/site-packages/airflow/example_dags/example_params_ui_tutorial.py
[2024-10-28T08:25:36.106+0000] {processor.py:914} INFO - Processing file /home/airflow/.local/lib/python3.12/site-packages/airflow/example_dags/example_params_ui_tutorial.py for tasks to queue
[2024-10-28T08:25:36.124+0000] {logging_mixin.py:190} INFO - [2024-10-28T08:25:36.122+0000] {dagbag.py:588} INFO - Filling up the DagBag from /home/airflow/.local/lib/python3.12/site-packages/airflow/example_dags/example_params_ui_tutorial.py
[2024-10-28T08:25:36.247+0000] {processor.py:925} INFO - DAG(s) 'example_params_ui_tutorial' retrieved from /home/airflow/.local/lib/python3.12/site-packages/airflow/example_dags/example_params_ui_tutorial.py
[2024-10-28T08:25:40.049+0000] {logging_mixin.py:190} INFO - [2024-10-28T08:25:40.048+0000] {dag.py:3239} INFO - Sync 1 DAGs
[2024-10-28T08:25:40.888+0000] {logging_mixin.py:190} INFO - [2024-10-28T08:25:40.887+0000] {dag.py:4180} INFO - Setting next_dagrun for example_params_ui_tutorial to None, run_after=None
[2024-10-28T08:25:41.955+0000] {processor.py:208} INFO - Processing /home/airflow/.local/lib/python3.12/site-packages/airflow/example_dags/example_params_ui_tutorial.py took 6.068 seconds
[2024-10-28T08:27:36.111+0000] {processor.py:186} INFO - Started process (PID=638) to work on /home/airflow/.local/lib/python3.12/site-packages/airflow/example_dags/example_params_ui_tutorial.py
[2024-10-28T08:27:36.128+0000] {processor.py:914} INFO - Processing file /home/airflow/.local/lib/python3.12/site-packages/airflow/example_dags/example_params_ui_tutorial.py for tasks to queue
[2024-10-28T08:27:36.147+0000] {logging_mixin.py:190} INFO - [2024-10-28T08:27:36.146+0000] {dagbag.py:588} INFO - Filling up the DagBag from /home/airflow/.local/lib/python3.12/site-packages/airflow/example_dags/example_params_ui_tutorial.py
[2024-10-28T08:27:36.335+0000] {processor.py:925} INFO - DAG(s) 'example_params_ui_tutorial' retrieved from /home/airflow/.local/lib/python3.12/site-packages/airflow/example_dags/example_params_ui_tutorial.py
[2024-10-28T08:27:37.599+0000] {logging_mixin.py:190} INFO - [2024-10-28T08:27:37.598+0000] {dag.py:3239} INFO - Sync 1 DAGs
[2024-10-28T08:27:37.963+0000] {logging_mixin.py:190} INFO - [2024-10-28T08:27:37.962+0000] {dag.py:4180} INFO - Setting next_dagrun for example_params_ui_tutorial to None, run_after=None
[2024-10-28T08:27:38.204+0000] {processor.py:208} INFO - Processing /home/airflow/.local/lib/python3.12/site-packages/airflow/example_dags/example_params_ui_tutorial.py took 2.229 seconds
[2024-10-28T08:29:40.346+0000] {processor.py:186} INFO - Started process (PID=715) to work on /home/airflow/.local/lib/python3.12/site-packages/airflow/example_dags/example_params_ui_tutorial.py
[2024-10-28T08:29:40.402+0000] {processor.py:914} INFO - Processing file /home/airflow/.local/lib/python3.12/site-packages/airflow/example_dags/example_params_ui_tutorial.py for tasks to queue
[2024-10-28T08:29:40.414+0000] {logging_mixin.py:190} INFO - [2024-10-28T08:29:40.413+0000] {dagbag.py:588} INFO - Filling up the DagBag from /home/airflow/.local/lib/python3.12/site-packages/airflow/example_dags/example_params_ui_tutorial.py
[2024-10-28T08:29:40.517+0000] {processor.py:925} INFO - DAG(s) 'example_params_ui_tutorial' retrieved from /home/airflow/.local/lib/python3.12/site-packages/airflow/example_dags/example_params_ui_tutorial.py
[2024-10-28T08:29:41.587+0000] {logging_mixin.py:190} INFO - [2024-10-28T08:29:41.577+0000] {dag.py:3239} INFO - Sync 1 DAGs
[2024-10-28T08:29:41.933+0000] {logging_mixin.py:190} INFO - [2024-10-28T08:29:41.932+0000] {dag.py:4180} INFO - Setting next_dagrun for example_params_ui_tutorial to None, run_after=None
[2024-10-28T08:29:42.288+0000] {processor.py:208} INFO - Processing /home/airflow/.local/lib/python3.12/site-packages/airflow/example_dags/example_params_ui_tutorial.py took 2.079 seconds
[2024-10-28T08:31:28.766+0000] {processor.py:186} INFO - Started process (PID=781) to work on /home/airflow/.local/lib/python3.12/site-packages/airflow/example_dags/example_params_ui_tutorial.py
[2024-10-28T08:31:28.770+0000] {processor.py:914} INFO - Processing file /home/airflow/.local/lib/python3.12/site-packages/airflow/example_dags/example_params_ui_tutorial.py for tasks to queue
[2024-10-28T08:31:28.785+0000] {logging_mixin.py:190} INFO - [2024-10-28T08:31:28.785+0000] {dagbag.py:588} INFO - Filling up the DagBag from /home/airflow/.local/lib/python3.12/site-packages/airflow/example_dags/example_params_ui_tutorial.py
[2024-10-28T08:31:29.038+0000] {processor.py:925} INFO - DAG(s) 'example_params_ui_tutorial' retrieved from /home/airflow/.local/lib/python3.12/site-packages/airflow/example_dags/example_params_ui_tutorial.py
[2024-10-28T08:31:31.252+0000] {logging_mixin.py:190} INFO - [2024-10-28T08:31:31.251+0000] {dag.py:3239} INFO - Sync 1 DAGs
[2024-10-28T08:31:31.795+0000] {logging_mixin.py:190} INFO - [2024-10-28T08:31:31.794+0000] {dag.py:4180} INFO - Setting next_dagrun for example_params_ui_tutorial to None, run_after=None
[2024-10-28T08:31:32.544+0000] {processor.py:208} INFO - Processing /home/airflow/.local/lib/python3.12/site-packages/airflow/example_dags/example_params_ui_tutorial.py took 3.996 seconds
[2024-10-28T08:33:32.303+0000] {processor.py:186} INFO - Started process (PID=845) to work on /home/airflow/.local/lib/python3.12/site-packages/airflow/example_dags/example_params_ui_tutorial.py
[2024-10-28T08:33:32.328+0000] {processor.py:914} INFO - Processing file /home/airflow/.local/lib/python3.12/site-packages/airflow/example_dags/example_params_ui_tutorial.py for tasks to queue
[2024-10-28T08:33:32.332+0000] {logging_mixin.py:190} INFO - [2024-10-28T08:33:32.331+0000] {dagbag.py:588} INFO - Filling up the DagBag from /home/airflow/.local/lib/python3.12/site-packages/airflow/example_dags/example_params_ui_tutorial.py
[2024-10-28T08:33:32.411+0000] {processor.py:925} INFO - DAG(s) 'example_params_ui_tutorial' retrieved from /home/airflow/.local/lib/python3.12/site-packages/airflow/example_dags/example_params_ui_tutorial.py
[2024-10-28T08:33:33.136+0000] {logging_mixin.py:190} INFO - [2024-10-28T08:33:33.135+0000] {dag.py:3239} INFO - Sync 1 DAGs
[2024-10-28T08:33:33.339+0000] {logging_mixin.py:190} INFO - [2024-10-28T08:33:33.337+0000] {dag.py:4180} INFO - Setting next_dagrun for example_params_ui_tutorial to None, run_after=None
[2024-10-28T08:33:33.611+0000] {processor.py:208} INFO - Processing /home/airflow/.local/lib/python3.12/site-packages/airflow/example_dags/example_params_ui_tutorial.py took 1.339 seconds
