[2024-10-28T03:19:57.064+0000] {processor.py:186} INFO - Started process (PID=101) to work on /home/airflow/.local/lib/python3.12/site-packages/airflow/example_dags/example_params_trigger_ui.py
[2024-10-28T03:19:57.076+0000] {processor.py:914} INFO - Processing file /home/airflow/.local/lib/python3.12/site-packages/airflow/example_dags/example_params_trigger_ui.py for tasks to queue
[2024-10-28T03:19:57.109+0000] {logging_mixin.py:190} INFO - [2024-10-28T03:19:57.097+0000] {dagbag.py:588} INFO - Filling up the DagBag from /home/airflow/.local/lib/python3.12/site-packages/airflow/example_dags/example_params_trigger_ui.py
[2024-10-28T03:19:57.241+0000] {processor.py:925} INFO - DAG(s) 'example_params_trigger_ui' retrieved from /home/airflow/.local/lib/python3.12/site-packages/airflow/example_dags/example_params_trigger_ui.py
[2024-10-28T03:19:57.856+0000] {logging_mixin.py:190} INFO - [2024-10-28T03:19:57.856+0000] {dag.py:3239} INFO - Sync 1 DAGs
[2024-10-28T03:19:57.981+0000] {logging_mixin.py:190} INFO - [2024-10-28T03:19:57.981+0000] {dag.py:4180} INFO - Setting next_dagrun for example_params_trigger_ui to None, run_after=None
[2024-10-28T03:19:58.209+0000] {processor.py:208} INFO - Processing /home/airflow/.local/lib/python3.12/site-packages/airflow/example_dags/example_params_trigger_ui.py took 1.217 seconds
[2024-10-28T03:20:41.428+0000] {processor.py:186} INFO - Started process (PID=163) to work on /home/airflow/.local/lib/python3.12/site-packages/airflow/example_dags/example_params_trigger_ui.py
[2024-10-28T03:20:41.451+0000] {processor.py:914} INFO - Processing file /home/airflow/.local/lib/python3.12/site-packages/airflow/example_dags/example_params_trigger_ui.py for tasks to queue
[2024-10-28T03:20:41.488+0000] {logging_mixin.py:190} INFO - [2024-10-28T03:20:41.487+0000] {dagbag.py:588} INFO - Filling up the DagBag from /home/airflow/.local/lib/python3.12/site-packages/airflow/example_dags/example_params_trigger_ui.py
[2024-10-28T03:20:41.682+0000] {processor.py:925} INFO - DAG(s) 'example_params_trigger_ui' retrieved from /home/airflow/.local/lib/python3.12/site-packages/airflow/example_dags/example_params_trigger_ui.py
[2024-10-28T03:20:42.300+0000] {logging_mixin.py:190} INFO - [2024-10-28T03:20:42.299+0000] {dag.py:3239} INFO - Sync 1 DAGs
[2024-10-28T03:20:42.463+0000] {logging_mixin.py:190} INFO - [2024-10-28T03:20:42.463+0000] {dag.py:4180} INFO - Setting next_dagrun for example_params_trigger_ui to None, run_after=None
[2024-10-28T03:20:42.644+0000] {processor.py:208} INFO - Processing /home/airflow/.local/lib/python3.12/site-packages/airflow/example_dags/example_params_trigger_ui.py took 1.341 seconds
[2024-10-28T03:21:15.809+0000] {processor.py:186} INFO - Started process (PID=225) to work on /home/airflow/.local/lib/python3.12/site-packages/airflow/example_dags/example_params_trigger_ui.py
[2024-10-28T03:21:15.816+0000] {processor.py:914} INFO - Processing file /home/airflow/.local/lib/python3.12/site-packages/airflow/example_dags/example_params_trigger_ui.py for tasks to queue
[2024-10-28T03:21:15.872+0000] {logging_mixin.py:190} INFO - [2024-10-28T03:21:15.871+0000] {dagbag.py:588} INFO - Filling up the DagBag from /home/airflow/.local/lib/python3.12/site-packages/airflow/example_dags/example_params_trigger_ui.py
[2024-10-28T03:21:15.987+0000] {processor.py:925} INFO - DAG(s) 'example_params_trigger_ui' retrieved from /home/airflow/.local/lib/python3.12/site-packages/airflow/example_dags/example_params_trigger_ui.py
[2024-10-28T03:21:16.570+0000] {logging_mixin.py:190} INFO - [2024-10-28T03:21:16.569+0000] {dag.py:3239} INFO - Sync 1 DAGs
[2024-10-28T03:21:16.645+0000] {logging_mixin.py:190} INFO - [2024-10-28T03:21:16.644+0000] {dag.py:4180} INFO - Setting next_dagrun for example_params_trigger_ui to None, run_after=None
[2024-10-28T03:21:16.823+0000] {processor.py:208} INFO - Processing /home/airflow/.local/lib/python3.12/site-packages/airflow/example_dags/example_params_trigger_ui.py took 1.070 seconds
[2024-10-28T03:22:04.280+0000] {processor.py:186} INFO - Started process (PID=295) to work on /home/airflow/.local/lib/python3.12/site-packages/airflow/example_dags/example_params_trigger_ui.py
[2024-10-28T03:22:04.346+0000] {processor.py:914} INFO - Processing file /home/airflow/.local/lib/python3.12/site-packages/airflow/example_dags/example_params_trigger_ui.py for tasks to queue
[2024-10-28T03:22:04.354+0000] {logging_mixin.py:190} INFO - [2024-10-28T03:22:04.353+0000] {dagbag.py:588} INFO - Filling up the DagBag from /home/airflow/.local/lib/python3.12/site-packages/airflow/example_dags/example_params_trigger_ui.py
[2024-10-28T03:22:04.733+0000] {processor.py:925} INFO - DAG(s) 'example_params_trigger_ui' retrieved from /home/airflow/.local/lib/python3.12/site-packages/airflow/example_dags/example_params_trigger_ui.py
[2024-10-28T03:22:05.516+0000] {logging_mixin.py:190} INFO - [2024-10-28T03:22:05.515+0000] {dag.py:3239} INFO - Sync 1 DAGs
[2024-10-28T03:22:05.919+0000] {logging_mixin.py:190} INFO - [2024-10-28T03:22:05.918+0000] {dag.py:4180} INFO - Setting next_dagrun for example_params_trigger_ui to None, run_after=None
[2024-10-28T03:22:06.133+0000] {processor.py:208} INFO - Processing /home/airflow/.local/lib/python3.12/site-packages/airflow/example_dags/example_params_trigger_ui.py took 1.906 seconds
[2024-10-28T03:23:10.729+0000] {processor.py:186} INFO - Started process (PID=356) to work on /home/airflow/.local/lib/python3.12/site-packages/airflow/example_dags/example_params_trigger_ui.py
[2024-10-28T03:23:10.734+0000] {processor.py:914} INFO - Processing file /home/airflow/.local/lib/python3.12/site-packages/airflow/example_dags/example_params_trigger_ui.py for tasks to queue
[2024-10-28T03:23:10.763+0000] {logging_mixin.py:190} INFO - [2024-10-28T03:23:10.740+0000] {dagbag.py:588} INFO - Filling up the DagBag from /home/airflow/.local/lib/python3.12/site-packages/airflow/example_dags/example_params_trigger_ui.py
[2024-10-28T03:23:10.978+0000] {processor.py:925} INFO - DAG(s) 'example_params_trigger_ui' retrieved from /home/airflow/.local/lib/python3.12/site-packages/airflow/example_dags/example_params_trigger_ui.py
[2024-10-28T03:23:12.087+0000] {logging_mixin.py:190} INFO - [2024-10-28T03:23:12.087+0000] {dag.py:3239} INFO - Sync 1 DAGs
[2024-10-28T03:23:12.252+0000] {logging_mixin.py:190} INFO - [2024-10-28T03:23:12.251+0000] {dag.py:4180} INFO - Setting next_dagrun for example_params_trigger_ui to None, run_after=None
[2024-10-28T03:23:12.548+0000] {processor.py:208} INFO - Processing /home/airflow/.local/lib/python3.12/site-packages/airflow/example_dags/example_params_trigger_ui.py took 1.950 seconds
[2024-10-28T03:24:39.841+0000] {processor.py:186} INFO - Started process (PID=434) to work on /home/airflow/.local/lib/python3.12/site-packages/airflow/example_dags/example_params_trigger_ui.py
[2024-10-28T03:24:39.943+0000] {processor.py:914} INFO - Processing file /home/airflow/.local/lib/python3.12/site-packages/airflow/example_dags/example_params_trigger_ui.py for tasks to queue
[2024-10-28T03:24:40.026+0000] {logging_mixin.py:190} INFO - [2024-10-28T03:24:40.024+0000] {dagbag.py:588} INFO - Filling up the DagBag from /home/airflow/.local/lib/python3.12/site-packages/airflow/example_dags/example_params_trigger_ui.py
[2024-10-28T03:24:40.812+0000] {processor.py:925} INFO - DAG(s) 'example_params_trigger_ui' retrieved from /home/airflow/.local/lib/python3.12/site-packages/airflow/example_dags/example_params_trigger_ui.py
[2024-10-28T03:24:47.336+0000] {logging_mixin.py:190} INFO - [2024-10-28T03:24:47.335+0000] {dag.py:3239} INFO - Sync 1 DAGs
[2024-10-28T03:24:48.596+0000] {logging_mixin.py:190} INFO - [2024-10-28T03:24:48.595+0000] {dag.py:4180} INFO - Setting next_dagrun for example_params_trigger_ui to None, run_after=None
[2024-10-28T03:24:49.729+0000] {processor.py:208} INFO - Processing /home/airflow/.local/lib/python3.12/site-packages/airflow/example_dags/example_params_trigger_ui.py took 10.032 seconds
[2024-10-28T03:27:18.122+0000] {processor.py:186} INFO - Started process (PID=538) to work on /home/airflow/.local/lib/python3.12/site-packages/airflow/example_dags/example_params_trigger_ui.py
[2024-10-28T03:27:18.183+0000] {processor.py:914} INFO - Processing file /home/airflow/.local/lib/python3.12/site-packages/airflow/example_dags/example_params_trigger_ui.py for tasks to queue
[2024-10-28T03:27:18.200+0000] {logging_mixin.py:190} INFO - [2024-10-28T03:27:18.199+0000] {dagbag.py:588} INFO - Filling up the DagBag from /home/airflow/.local/lib/python3.12/site-packages/airflow/example_dags/example_params_trigger_ui.py
[2024-10-28T03:27:18.626+0000] {processor.py:925} INFO - DAG(s) 'example_params_trigger_ui' retrieved from /home/airflow/.local/lib/python3.12/site-packages/airflow/example_dags/example_params_trigger_ui.py
[2024-10-28T03:27:19.354+0000] {logging_mixin.py:190} INFO - [2024-10-28T03:27:19.354+0000] {dag.py:3239} INFO - Sync 1 DAGs
[2024-10-28T03:27:19.578+0000] {logging_mixin.py:190} INFO - [2024-10-28T03:27:19.577+0000] {dag.py:4180} INFO - Setting next_dagrun for example_params_trigger_ui to None, run_after=None
[2024-10-28T03:27:19.853+0000] {processor.py:208} INFO - Processing /home/airflow/.local/lib/python3.12/site-packages/airflow/example_dags/example_params_trigger_ui.py took 1.967 seconds
[2024-10-28T03:28:25.606+0000] {processor.py:186} INFO - Started process (PID=613) to work on /home/airflow/.local/lib/python3.12/site-packages/airflow/example_dags/example_params_trigger_ui.py
[2024-10-28T03:28:25.623+0000] {processor.py:914} INFO - Processing file /home/airflow/.local/lib/python3.12/site-packages/airflow/example_dags/example_params_trigger_ui.py for tasks to queue
[2024-10-28T03:28:25.630+0000] {logging_mixin.py:190} INFO - [2024-10-28T03:28:25.629+0000] {dagbag.py:588} INFO - Filling up the DagBag from /home/airflow/.local/lib/python3.12/site-packages/airflow/example_dags/example_params_trigger_ui.py
[2024-10-28T03:28:25.746+0000] {processor.py:925} INFO - DAG(s) 'example_params_trigger_ui' retrieved from /home/airflow/.local/lib/python3.12/site-packages/airflow/example_dags/example_params_trigger_ui.py
[2024-10-28T03:28:26.073+0000] {logging_mixin.py:190} INFO - [2024-10-28T03:28:26.072+0000] {dag.py:3239} INFO - Sync 1 DAGs
[2024-10-28T03:28:26.191+0000] {logging_mixin.py:190} INFO - [2024-10-28T03:28:26.180+0000] {dag.py:4180} INFO - Setting next_dagrun for example_params_trigger_ui to None, run_after=None
[2024-10-28T03:28:26.468+0000] {processor.py:208} INFO - Processing /home/airflow/.local/lib/python3.12/site-packages/airflow/example_dags/example_params_trigger_ui.py took 0.912 seconds
[2024-10-28T03:29:35.077+0000] {processor.py:186} INFO - Started process (PID=684) to work on /home/airflow/.local/lib/python3.12/site-packages/airflow/example_dags/example_params_trigger_ui.py
[2024-10-28T03:29:35.101+0000] {processor.py:914} INFO - Processing file /home/airflow/.local/lib/python3.12/site-packages/airflow/example_dags/example_params_trigger_ui.py for tasks to queue
[2024-10-28T03:29:35.105+0000] {logging_mixin.py:190} INFO - [2024-10-28T03:29:35.104+0000] {dagbag.py:588} INFO - Filling up the DagBag from /home/airflow/.local/lib/python3.12/site-packages/airflow/example_dags/example_params_trigger_ui.py
[2024-10-28T03:29:35.195+0000] {processor.py:925} INFO - DAG(s) 'example_params_trigger_ui' retrieved from /home/airflow/.local/lib/python3.12/site-packages/airflow/example_dags/example_params_trigger_ui.py
[2024-10-28T03:29:35.724+0000] {logging_mixin.py:190} INFO - [2024-10-28T03:29:35.723+0000] {dag.py:3239} INFO - Sync 1 DAGs
[2024-10-28T03:29:35.918+0000] {logging_mixin.py:190} INFO - [2024-10-28T03:29:35.918+0000] {dag.py:4180} INFO - Setting next_dagrun for example_params_trigger_ui to None, run_after=None
[2024-10-28T03:29:36.352+0000] {processor.py:208} INFO - Processing /home/airflow/.local/lib/python3.12/site-packages/airflow/example_dags/example_params_trigger_ui.py took 1.317 seconds
[2024-10-28T03:30:48.246+0000] {processor.py:186} INFO - Started process (PID=762) to work on /home/airflow/.local/lib/python3.12/site-packages/airflow/example_dags/example_params_trigger_ui.py
[2024-10-28T03:30:48.249+0000] {processor.py:914} INFO - Processing file /home/airflow/.local/lib/python3.12/site-packages/airflow/example_dags/example_params_trigger_ui.py for tasks to queue
[2024-10-28T03:30:48.264+0000] {logging_mixin.py:190} INFO - [2024-10-28T03:30:48.263+0000] {dagbag.py:588} INFO - Filling up the DagBag from /home/airflow/.local/lib/python3.12/site-packages/airflow/example_dags/example_params_trigger_ui.py
[2024-10-28T03:30:48.359+0000] {processor.py:925} INFO - DAG(s) 'example_params_trigger_ui' retrieved from /home/airflow/.local/lib/python3.12/site-packages/airflow/example_dags/example_params_trigger_ui.py
[2024-10-28T03:30:48.832+0000] {logging_mixin.py:190} INFO - [2024-10-28T03:30:48.831+0000] {dag.py:3239} INFO - Sync 1 DAGs
[2024-10-28T03:30:49.015+0000] {logging_mixin.py:190} INFO - [2024-10-28T03:30:49.015+0000] {dag.py:4180} INFO - Setting next_dagrun for example_params_trigger_ui to None, run_after=None
[2024-10-28T03:30:49.142+0000] {processor.py:208} INFO - Processing /home/airflow/.local/lib/python3.12/site-packages/airflow/example_dags/example_params_trigger_ui.py took 0.949 seconds
[2024-10-28T03:31:39.652+0000] {processor.py:186} INFO - Started process (PID=825) to work on /home/airflow/.local/lib/python3.12/site-packages/airflow/example_dags/example_params_trigger_ui.py
[2024-10-28T03:31:39.656+0000] {processor.py:914} INFO - Processing file /home/airflow/.local/lib/python3.12/site-packages/airflow/example_dags/example_params_trigger_ui.py for tasks to queue
[2024-10-28T03:31:39.664+0000] {logging_mixin.py:190} INFO - [2024-10-28T03:31:39.662+0000] {dagbag.py:588} INFO - Filling up the DagBag from /home/airflow/.local/lib/python3.12/site-packages/airflow/example_dags/example_params_trigger_ui.py
[2024-10-28T03:31:39.762+0000] {processor.py:925} INFO - DAG(s) 'example_params_trigger_ui' retrieved from /home/airflow/.local/lib/python3.12/site-packages/airflow/example_dags/example_params_trigger_ui.py
[2024-10-28T03:31:39.953+0000] {logging_mixin.py:190} INFO - [2024-10-28T03:31:39.953+0000] {dag.py:3239} INFO - Sync 1 DAGs
[2024-10-28T03:31:40.037+0000] {logging_mixin.py:190} INFO - [2024-10-28T03:31:40.036+0000] {dag.py:4180} INFO - Setting next_dagrun for example_params_trigger_ui to None, run_after=None
[2024-10-28T03:31:40.152+0000] {processor.py:208} INFO - Processing /home/airflow/.local/lib/python3.12/site-packages/airflow/example_dags/example_params_trigger_ui.py took 0.532 seconds
[2024-10-28T03:32:10.532+0000] {processor.py:186} INFO - Started process (PID=887) to work on /home/airflow/.local/lib/python3.12/site-packages/airflow/example_dags/example_params_trigger_ui.py
[2024-10-28T03:32:10.536+0000] {processor.py:914} INFO - Processing file /home/airflow/.local/lib/python3.12/site-packages/airflow/example_dags/example_params_trigger_ui.py for tasks to queue
[2024-10-28T03:32:10.541+0000] {logging_mixin.py:190} INFO - [2024-10-28T03:32:10.540+0000] {dagbag.py:588} INFO - Filling up the DagBag from /home/airflow/.local/lib/python3.12/site-packages/airflow/example_dags/example_params_trigger_ui.py
[2024-10-28T03:32:10.586+0000] {processor.py:925} INFO - DAG(s) 'example_params_trigger_ui' retrieved from /home/airflow/.local/lib/python3.12/site-packages/airflow/example_dags/example_params_trigger_ui.py
[2024-10-28T03:32:10.780+0000] {logging_mixin.py:190} INFO - [2024-10-28T03:32:10.779+0000] {dag.py:3239} INFO - Sync 1 DAGs
[2024-10-28T03:32:10.843+0000] {logging_mixin.py:190} INFO - [2024-10-28T03:32:10.842+0000] {dag.py:4180} INFO - Setting next_dagrun for example_params_trigger_ui to None, run_after=None
[2024-10-28T03:32:10.923+0000] {processor.py:208} INFO - Processing /home/airflow/.local/lib/python3.12/site-packages/airflow/example_dags/example_params_trigger_ui.py took 0.418 seconds
[2024-10-28T03:32:51.942+0000] {processor.py:186} INFO - Started process (PID=955) to work on /home/airflow/.local/lib/python3.12/site-packages/airflow/example_dags/example_params_trigger_ui.py
[2024-10-28T03:32:51.984+0000] {processor.py:914} INFO - Processing file /home/airflow/.local/lib/python3.12/site-packages/airflow/example_dags/example_params_trigger_ui.py for tasks to queue
[2024-10-28T03:32:51.995+0000] {logging_mixin.py:190} INFO - [2024-10-28T03:32:51.991+0000] {dagbag.py:588} INFO - Filling up the DagBag from /home/airflow/.local/lib/python3.12/site-packages/airflow/example_dags/example_params_trigger_ui.py
[2024-10-28T03:32:52.444+0000] {processor.py:925} INFO - DAG(s) 'example_params_trigger_ui' retrieved from /home/airflow/.local/lib/python3.12/site-packages/airflow/example_dags/example_params_trigger_ui.py
[2024-10-28T03:32:53.708+0000] {logging_mixin.py:190} INFO - [2024-10-28T03:32:53.706+0000] {dag.py:3239} INFO - Sync 1 DAGs
[2024-10-28T03:32:54.030+0000] {logging_mixin.py:190} INFO - [2024-10-28T03:32:54.011+0000] {dag.py:4180} INFO - Setting next_dagrun for example_params_trigger_ui to None, run_after=None
[2024-10-28T03:32:54.474+0000] {processor.py:208} INFO - Processing /home/airflow/.local/lib/python3.12/site-packages/airflow/example_dags/example_params_trigger_ui.py took 2.606 seconds
[2024-10-28T03:33:36.275+0000] {processor.py:186} INFO - Started process (PID=1021) to work on /home/airflow/.local/lib/python3.12/site-packages/airflow/example_dags/example_params_trigger_ui.py
[2024-10-28T03:33:36.279+0000] {processor.py:914} INFO - Processing file /home/airflow/.local/lib/python3.12/site-packages/airflow/example_dags/example_params_trigger_ui.py for tasks to queue
[2024-10-28T03:33:36.283+0000] {logging_mixin.py:190} INFO - [2024-10-28T03:33:36.282+0000] {dagbag.py:588} INFO - Filling up the DagBag from /home/airflow/.local/lib/python3.12/site-packages/airflow/example_dags/example_params_trigger_ui.py
[2024-10-28T03:33:36.317+0000] {processor.py:925} INFO - DAG(s) 'example_params_trigger_ui' retrieved from /home/airflow/.local/lib/python3.12/site-packages/airflow/example_dags/example_params_trigger_ui.py
[2024-10-28T03:33:36.465+0000] {logging_mixin.py:190} INFO - [2024-10-28T03:33:36.465+0000] {dag.py:3239} INFO - Sync 1 DAGs
[2024-10-28T03:33:36.518+0000] {logging_mixin.py:190} INFO - [2024-10-28T03:33:36.517+0000] {dag.py:4180} INFO - Setting next_dagrun for example_params_trigger_ui to None, run_after=None
[2024-10-28T03:33:36.590+0000] {processor.py:208} INFO - Processing /home/airflow/.local/lib/python3.12/site-packages/airflow/example_dags/example_params_trigger_ui.py took 0.340 seconds
[2024-10-28T04:02:45.956+0000] {processor.py:186} INFO - Started process (PID=403) to work on /home/airflow/.local/lib/python3.12/site-packages/airflow/example_dags/example_params_trigger_ui.py
[2024-10-28T04:02:46.014+0000] {processor.py:914} INFO - Processing file /home/airflow/.local/lib/python3.12/site-packages/airflow/example_dags/example_params_trigger_ui.py for tasks to queue
[2024-10-28T04:02:46.329+0000] {logging_mixin.py:190} INFO - [2024-10-28T04:02:46.327+0000] {dagbag.py:588} INFO - Filling up the DagBag from /home/airflow/.local/lib/python3.12/site-packages/airflow/example_dags/example_params_trigger_ui.py
[2024-10-28T04:02:46.637+0000] {processor.py:925} INFO - DAG(s) 'example_params_trigger_ui' retrieved from /home/airflow/.local/lib/python3.12/site-packages/airflow/example_dags/example_params_trigger_ui.py
[2024-10-28T04:02:54.169+0000] {logging_mixin.py:190} INFO - [2024-10-28T04:02:54.167+0000] {dag.py:3239} INFO - Sync 1 DAGs
[2024-10-28T04:02:55.274+0000] {logging_mixin.py:190} INFO - [2024-10-28T04:02:55.273+0000] {dag.py:4180} INFO - Setting next_dagrun for example_params_trigger_ui to None, run_after=None
[2024-10-28T04:02:56.556+0000] {processor.py:208} INFO - Processing /home/airflow/.local/lib/python3.12/site-packages/airflow/example_dags/example_params_trigger_ui.py took 10.940 seconds
[2024-10-28T04:05:40.580+0000] {processor.py:186} INFO - Started process (PID=497) to work on /home/airflow/.local/lib/python3.12/site-packages/airflow/example_dags/example_params_trigger_ui.py
[2024-10-28T04:05:40.655+0000] {processor.py:914} INFO - Processing file /home/airflow/.local/lib/python3.12/site-packages/airflow/example_dags/example_params_trigger_ui.py for tasks to queue
[2024-10-28T04:05:40.727+0000] {logging_mixin.py:190} INFO - [2024-10-28T04:05:40.726+0000] {dagbag.py:588} INFO - Filling up the DagBag from /home/airflow/.local/lib/python3.12/site-packages/airflow/example_dags/example_params_trigger_ui.py
[2024-10-28T04:05:41.259+0000] {processor.py:925} INFO - DAG(s) 'example_params_trigger_ui' retrieved from /home/airflow/.local/lib/python3.12/site-packages/airflow/example_dags/example_params_trigger_ui.py
[2024-10-28T04:05:42.469+0000] {logging_mixin.py:190} INFO - [2024-10-28T04:05:42.468+0000] {dag.py:3239} INFO - Sync 1 DAGs
[2024-10-28T04:05:44.180+0000] {logging_mixin.py:190} INFO - [2024-10-28T04:05:44.179+0000] {dag.py:4180} INFO - Setting next_dagrun for example_params_trigger_ui to None, run_after=None
[2024-10-28T04:05:49.566+0000] {processor.py:208} INFO - Processing /home/airflow/.local/lib/python3.12/site-packages/airflow/example_dags/example_params_trigger_ui.py took 9.166 seconds
[2024-10-28T04:08:42.811+0000] {processor.py:186} INFO - Started process (PID=560) to work on /home/airflow/.local/lib/python3.12/site-packages/airflow/example_dags/example_params_trigger_ui.py
[2024-10-28T04:08:42.831+0000] {processor.py:914} INFO - Processing file /home/airflow/.local/lib/python3.12/site-packages/airflow/example_dags/example_params_trigger_ui.py for tasks to queue
[2024-10-28T04:08:42.943+0000] {logging_mixin.py:190} INFO - [2024-10-28T04:08:42.942+0000] {dagbag.py:588} INFO - Filling up the DagBag from /home/airflow/.local/lib/python3.12/site-packages/airflow/example_dags/example_params_trigger_ui.py
[2024-10-28T04:08:43.044+0000] {processor.py:925} INFO - DAG(s) 'example_params_trigger_ui' retrieved from /home/airflow/.local/lib/python3.12/site-packages/airflow/example_dags/example_params_trigger_ui.py
[2024-10-28T04:08:44.621+0000] {logging_mixin.py:190} INFO - [2024-10-28T04:08:44.620+0000] {dag.py:3239} INFO - Sync 1 DAGs
[2024-10-28T04:08:45.266+0000] {logging_mixin.py:190} INFO - [2024-10-28T04:08:45.265+0000] {dag.py:4180} INFO - Setting next_dagrun for example_params_trigger_ui to None, run_after=None
[2024-10-28T04:08:45.749+0000] {processor.py:208} INFO - Processing /home/airflow/.local/lib/python3.12/site-packages/airflow/example_dags/example_params_trigger_ui.py took 3.079 seconds
[2024-10-28T04:10:16.141+0000] {processor.py:186} INFO - Started process (PID=642) to work on /home/airflow/.local/lib/python3.12/site-packages/airflow/example_dags/example_params_trigger_ui.py
[2024-10-28T04:10:16.153+0000] {processor.py:914} INFO - Processing file /home/airflow/.local/lib/python3.12/site-packages/airflow/example_dags/example_params_trigger_ui.py for tasks to queue
[2024-10-28T04:10:16.382+0000] {logging_mixin.py:190} INFO - [2024-10-28T04:10:16.358+0000] {dagbag.py:588} INFO - Filling up the DagBag from /home/airflow/.local/lib/python3.12/site-packages/airflow/example_dags/example_params_trigger_ui.py
[2024-10-28T04:10:17.333+0000] {processor.py:925} INFO - DAG(s) 'example_params_trigger_ui' retrieved from /home/airflow/.local/lib/python3.12/site-packages/airflow/example_dags/example_params_trigger_ui.py
[2024-10-28T04:10:20.143+0000] {logging_mixin.py:190} INFO - [2024-10-28T04:10:20.141+0000] {dag.py:3239} INFO - Sync 1 DAGs
[2024-10-28T04:10:21.034+0000] {logging_mixin.py:190} INFO - [2024-10-28T04:10:21.033+0000] {dag.py:4180} INFO - Setting next_dagrun for example_params_trigger_ui to None, run_after=None
[2024-10-28T04:10:22.209+0000] {processor.py:208} INFO - Processing /home/airflow/.local/lib/python3.12/site-packages/airflow/example_dags/example_params_trigger_ui.py took 6.313 seconds
[2024-10-28T04:15:02.792+0000] {processor.py:186} INFO - Started process (PID=763) to work on /home/airflow/.local/lib/python3.12/site-packages/airflow/example_dags/example_params_trigger_ui.py
[2024-10-28T04:15:02.840+0000] {processor.py:914} INFO - Processing file /home/airflow/.local/lib/python3.12/site-packages/airflow/example_dags/example_params_trigger_ui.py for tasks to queue
[2024-10-28T04:15:03.029+0000] {logging_mixin.py:190} INFO - [2024-10-28T04:15:03.025+0000] {dagbag.py:588} INFO - Filling up the DagBag from /home/airflow/.local/lib/python3.12/site-packages/airflow/example_dags/example_params_trigger_ui.py
[2024-10-28T04:15:03.705+0000] {processor.py:925} INFO - DAG(s) 'example_params_trigger_ui' retrieved from /home/airflow/.local/lib/python3.12/site-packages/airflow/example_dags/example_params_trigger_ui.py
[2024-10-28T04:15:04.933+0000] {logging_mixin.py:190} INFO - [2024-10-28T04:15:04.932+0000] {dag.py:3239} INFO - Sync 1 DAGs
[2024-10-28T04:15:05.116+0000] {logging_mixin.py:190} INFO - [2024-10-28T04:15:05.115+0000] {dag.py:4180} INFO - Setting next_dagrun for example_params_trigger_ui to None, run_after=None
[2024-10-28T04:15:05.578+0000] {processor.py:208} INFO - Processing /home/airflow/.local/lib/python3.12/site-packages/airflow/example_dags/example_params_trigger_ui.py took 3.211 seconds
[2024-10-28T04:17:45.176+0000] {processor.py:186} INFO - Started process (PID=835) to work on /home/airflow/.local/lib/python3.12/site-packages/airflow/example_dags/example_params_trigger_ui.py
[2024-10-28T04:17:45.260+0000] {processor.py:914} INFO - Processing file /home/airflow/.local/lib/python3.12/site-packages/airflow/example_dags/example_params_trigger_ui.py for tasks to queue
[2024-10-28T04:17:45.344+0000] {logging_mixin.py:190} INFO - [2024-10-28T04:17:45.270+0000] {dagbag.py:588} INFO - Filling up the DagBag from /home/airflow/.local/lib/python3.12/site-packages/airflow/example_dags/example_params_trigger_ui.py
[2024-10-28T04:17:47.453+0000] {processor.py:925} INFO - DAG(s) 'example_params_trigger_ui' retrieved from /home/airflow/.local/lib/python3.12/site-packages/airflow/example_dags/example_params_trigger_ui.py
[2024-10-28T04:17:48.165+0000] {logging_mixin.py:190} INFO - [2024-10-28T04:17:48.164+0000] {dag.py:3239} INFO - Sync 1 DAGs
[2024-10-28T04:17:48.400+0000] {logging_mixin.py:190} INFO - [2024-10-28T04:17:48.399+0000] {dag.py:4180} INFO - Setting next_dagrun for example_params_trigger_ui to None, run_after=None
[2024-10-28T04:17:48.514+0000] {processor.py:208} INFO - Processing /home/airflow/.local/lib/python3.12/site-packages/airflow/example_dags/example_params_trigger_ui.py took 4.291 seconds
[2024-10-28T04:19:39.575+0000] {processor.py:186} INFO - Started process (PID=929) to work on /home/airflow/.local/lib/python3.12/site-packages/airflow/example_dags/example_params_trigger_ui.py
[2024-10-28T04:19:39.617+0000] {processor.py:914} INFO - Processing file /home/airflow/.local/lib/python3.12/site-packages/airflow/example_dags/example_params_trigger_ui.py for tasks to queue
[2024-10-28T04:19:39.621+0000] {logging_mixin.py:190} INFO - [2024-10-28T04:19:39.620+0000] {dagbag.py:588} INFO - Filling up the DagBag from /home/airflow/.local/lib/python3.12/site-packages/airflow/example_dags/example_params_trigger_ui.py
[2024-10-28T04:19:39.948+0000] {processor.py:925} INFO - DAG(s) 'example_params_trigger_ui' retrieved from /home/airflow/.local/lib/python3.12/site-packages/airflow/example_dags/example_params_trigger_ui.py
[2024-10-28T04:19:40.733+0000] {logging_mixin.py:190} INFO - [2024-10-28T04:19:40.732+0000] {dag.py:3239} INFO - Sync 1 DAGs
[2024-10-28T04:19:41.113+0000] {logging_mixin.py:190} INFO - [2024-10-28T04:19:41.112+0000] {dag.py:4180} INFO - Setting next_dagrun for example_params_trigger_ui to None, run_after=None
[2024-10-28T04:19:41.855+0000] {processor.py:208} INFO - Processing /home/airflow/.local/lib/python3.12/site-packages/airflow/example_dags/example_params_trigger_ui.py took 2.322 seconds
[2024-10-28T04:29:21.800+0000] {processor.py:186} INFO - Started process (PID=139) to work on /home/airflow/.local/lib/python3.12/site-packages/airflow/example_dags/example_params_trigger_ui.py
[2024-10-28T04:29:21.848+0000] {processor.py:914} INFO - Processing file /home/airflow/.local/lib/python3.12/site-packages/airflow/example_dags/example_params_trigger_ui.py for tasks to queue
[2024-10-28T04:29:21.876+0000] {logging_mixin.py:190} INFO - [2024-10-28T04:29:21.874+0000] {dagbag.py:588} INFO - Filling up the DagBag from /home/airflow/.local/lib/python3.12/site-packages/airflow/example_dags/example_params_trigger_ui.py
[2024-10-28T04:29:22.206+0000] {processor.py:925} INFO - DAG(s) 'example_params_trigger_ui' retrieved from /home/airflow/.local/lib/python3.12/site-packages/airflow/example_dags/example_params_trigger_ui.py
[2024-10-28T04:29:24.272+0000] {logging_mixin.py:190} INFO - [2024-10-28T04:29:24.244+0000] {dag.py:3239} INFO - Sync 1 DAGs
[2024-10-28T04:29:24.655+0000] {logging_mixin.py:190} INFO - [2024-10-28T04:29:24.655+0000] {dag.py:4180} INFO - Setting next_dagrun for example_params_trigger_ui to None, run_after=None
[2024-10-28T04:29:25.085+0000] {processor.py:208} INFO - Processing /home/airflow/.local/lib/python3.12/site-packages/airflow/example_dags/example_params_trigger_ui.py took 3.346 seconds
[2024-10-28T04:32:33.242+0000] {processor.py:186} INFO - Started process (PID=230) to work on /home/airflow/.local/lib/python3.12/site-packages/airflow/example_dags/example_params_trigger_ui.py
[2024-10-28T04:32:33.347+0000] {processor.py:914} INFO - Processing file /home/airflow/.local/lib/python3.12/site-packages/airflow/example_dags/example_params_trigger_ui.py for tasks to queue
[2024-10-28T04:32:33.380+0000] {logging_mixin.py:190} INFO - [2024-10-28T04:32:33.378+0000] {dagbag.py:588} INFO - Filling up the DagBag from /home/airflow/.local/lib/python3.12/site-packages/airflow/example_dags/example_params_trigger_ui.py
[2024-10-28T04:32:33.864+0000] {processor.py:925} INFO - DAG(s) 'example_params_trigger_ui' retrieved from /home/airflow/.local/lib/python3.12/site-packages/airflow/example_dags/example_params_trigger_ui.py
[2024-10-28T04:32:37.109+0000] {logging_mixin.py:190} INFO - [2024-10-28T04:32:37.108+0000] {dag.py:3239} INFO - Sync 1 DAGs
[2024-10-28T04:32:37.766+0000] {logging_mixin.py:190} INFO - [2024-10-28T04:32:37.704+0000] {dag.py:4180} INFO - Setting next_dagrun for example_params_trigger_ui to None, run_after=None
[2024-10-28T04:32:38.415+0000] {processor.py:208} INFO - Processing /home/airflow/.local/lib/python3.12/site-packages/airflow/example_dags/example_params_trigger_ui.py took 5.310 seconds
[2024-10-28T04:35:10.745+0000] {processor.py:186} INFO - Started process (PID=303) to work on /home/airflow/.local/lib/python3.12/site-packages/airflow/example_dags/example_params_trigger_ui.py
[2024-10-28T04:35:10.958+0000] {processor.py:914} INFO - Processing file /home/airflow/.local/lib/python3.12/site-packages/airflow/example_dags/example_params_trigger_ui.py for tasks to queue
[2024-10-28T04:35:11.104+0000] {logging_mixin.py:190} INFO - [2024-10-28T04:35:11.021+0000] {dagbag.py:588} INFO - Filling up the DagBag from /home/airflow/.local/lib/python3.12/site-packages/airflow/example_dags/example_params_trigger_ui.py
[2024-10-28T04:35:13.718+0000] {processor.py:925} INFO - DAG(s) 'example_params_trigger_ui' retrieved from /home/airflow/.local/lib/python3.12/site-packages/airflow/example_dags/example_params_trigger_ui.py
[2024-10-28T04:35:18.827+0000] {logging_mixin.py:190} INFO - [2024-10-28T04:35:18.803+0000] {dag.py:3239} INFO - Sync 1 DAGs
[2024-10-28T04:35:21.485+0000] {logging_mixin.py:190} INFO - [2024-10-28T04:35:21.470+0000] {dag.py:4180} INFO - Setting next_dagrun for example_params_trigger_ui to None, run_after=None
[2024-10-28T04:35:22.662+0000] {processor.py:208} INFO - Processing /home/airflow/.local/lib/python3.12/site-packages/airflow/example_dags/example_params_trigger_ui.py took 12.701 seconds
[2024-10-28T04:43:05.198+0000] {processor.py:186} INFO - Started process (PID=117) to work on /home/airflow/.local/lib/python3.12/site-packages/airflow/example_dags/example_params_trigger_ui.py
[2024-10-28T04:43:05.210+0000] {processor.py:914} INFO - Processing file /home/airflow/.local/lib/python3.12/site-packages/airflow/example_dags/example_params_trigger_ui.py for tasks to queue
[2024-10-28T04:43:05.238+0000] {logging_mixin.py:190} INFO - [2024-10-28T04:43:05.237+0000] {dagbag.py:588} INFO - Filling up the DagBag from /home/airflow/.local/lib/python3.12/site-packages/airflow/example_dags/example_params_trigger_ui.py
[2024-10-28T04:43:05.474+0000] {processor.py:925} INFO - DAG(s) 'example_params_trigger_ui' retrieved from /home/airflow/.local/lib/python3.12/site-packages/airflow/example_dags/example_params_trigger_ui.py
[2024-10-28T04:43:07.768+0000] {logging_mixin.py:190} INFO - [2024-10-28T04:43:07.766+0000] {override.py:1900} INFO - Created Permission View: can edit on DAG:example_params_trigger_ui
[2024-10-28T04:43:07.943+0000] {logging_mixin.py:190} INFO - [2024-10-28T04:43:07.920+0000] {override.py:1900} INFO - Created Permission View: can delete on DAG:example_params_trigger_ui
[2024-10-28T04:43:08.058+0000] {logging_mixin.py:190} INFO - [2024-10-28T04:43:08.057+0000] {override.py:1900} INFO - Created Permission View: can read on DAG:example_params_trigger_ui
[2024-10-28T04:43:08.149+0000] {logging_mixin.py:190} INFO - [2024-10-28T04:43:08.148+0000] {override.py:1900} INFO - Created Permission View: can create on DAG Run:example_params_trigger_ui
[2024-10-28T04:43:08.280+0000] {logging_mixin.py:190} INFO - [2024-10-28T04:43:08.279+0000] {override.py:1900} INFO - Created Permission View: can delete on DAG Run:example_params_trigger_ui
[2024-10-28T04:43:08.413+0000] {logging_mixin.py:190} INFO - [2024-10-28T04:43:08.412+0000] {override.py:1900} INFO - Created Permission View: menu access on DAG Run:example_params_trigger_ui
[2024-10-28T04:43:08.500+0000] {logging_mixin.py:190} INFO - [2024-10-28T04:43:08.499+0000] {override.py:1900} INFO - Created Permission View: can read on DAG Run:example_params_trigger_ui
[2024-10-28T04:43:08.523+0000] {logging_mixin.py:190} INFO - [2024-10-28T04:43:08.522+0000] {dag.py:3239} INFO - Sync 1 DAGs
[2024-10-28T04:43:09.076+0000] {logging_mixin.py:190} INFO - [2024-10-28T04:43:08.720+0000] {dag.py:3262} INFO - Creating ORM DAG for example_params_trigger_ui
[2024-10-28T04:43:09.081+0000] {logging_mixin.py:190} INFO - [2024-10-28T04:43:09.080+0000] {dag.py:4180} INFO - Setting next_dagrun for example_params_trigger_ui to None, run_after=None
[2024-10-28T04:43:09.453+0000] {processor.py:208} INFO - Processing /home/airflow/.local/lib/python3.12/site-packages/airflow/example_dags/example_params_trigger_ui.py took 4.312 seconds
[2024-10-28T04:47:10.241+0000] {processor.py:186} INFO - Started process (PID=223) to work on /home/airflow/.local/lib/python3.12/site-packages/airflow/example_dags/example_params_trigger_ui.py
[2024-10-28T04:47:10.278+0000] {processor.py:914} INFO - Processing file /home/airflow/.local/lib/python3.12/site-packages/airflow/example_dags/example_params_trigger_ui.py for tasks to queue
[2024-10-28T04:47:10.316+0000] {logging_mixin.py:190} INFO - [2024-10-28T04:47:10.305+0000] {dagbag.py:588} INFO - Filling up the DagBag from /home/airflow/.local/lib/python3.12/site-packages/airflow/example_dags/example_params_trigger_ui.py
[2024-10-28T04:47:10.574+0000] {processor.py:925} INFO - DAG(s) 'example_params_trigger_ui' retrieved from /home/airflow/.local/lib/python3.12/site-packages/airflow/example_dags/example_params_trigger_ui.py
[2024-10-28T04:47:11.870+0000] {logging_mixin.py:190} INFO - [2024-10-28T04:47:11.869+0000] {dag.py:3239} INFO - Sync 1 DAGs
[2024-10-28T04:47:11.999+0000] {logging_mixin.py:190} INFO - [2024-10-28T04:47:11.999+0000] {dag.py:4180} INFO - Setting next_dagrun for example_params_trigger_ui to None, run_after=None
[2024-10-28T04:47:12.538+0000] {processor.py:208} INFO - Processing /home/airflow/.local/lib/python3.12/site-packages/airflow/example_dags/example_params_trigger_ui.py took 2.380 seconds
[2024-10-28T04:48:30.538+0000] {processor.py:186} INFO - Started process (PID=283) to work on /home/airflow/.local/lib/python3.12/site-packages/airflow/example_dags/example_params_trigger_ui.py
[2024-10-28T04:48:30.545+0000] {processor.py:914} INFO - Processing file /home/airflow/.local/lib/python3.12/site-packages/airflow/example_dags/example_params_trigger_ui.py for tasks to queue
[2024-10-28T04:48:30.597+0000] {logging_mixin.py:190} INFO - [2024-10-28T04:48:30.596+0000] {dagbag.py:588} INFO - Filling up the DagBag from /home/airflow/.local/lib/python3.12/site-packages/airflow/example_dags/example_params_trigger_ui.py
[2024-10-28T04:48:30.818+0000] {processor.py:925} INFO - DAG(s) 'example_params_trigger_ui' retrieved from /home/airflow/.local/lib/python3.12/site-packages/airflow/example_dags/example_params_trigger_ui.py
[2024-10-28T04:48:32.324+0000] {logging_mixin.py:190} INFO - [2024-10-28T04:48:32.323+0000] {dag.py:3239} INFO - Sync 1 DAGs
[2024-10-28T04:48:33.229+0000] {logging_mixin.py:190} INFO - [2024-10-28T04:48:33.228+0000] {dag.py:4180} INFO - Setting next_dagrun for example_params_trigger_ui to None, run_after=None
[2024-10-28T04:48:36.194+0000] {processor.py:208} INFO - Processing /home/airflow/.local/lib/python3.12/site-packages/airflow/example_dags/example_params_trigger_ui.py took 5.728 seconds
[2024-10-28T04:50:33.862+0000] {processor.py:186} INFO - Started process (PID=342) to work on /home/airflow/.local/lib/python3.12/site-packages/airflow/example_dags/example_params_trigger_ui.py
[2024-10-28T04:50:33.887+0000] {processor.py:914} INFO - Processing file /home/airflow/.local/lib/python3.12/site-packages/airflow/example_dags/example_params_trigger_ui.py for tasks to queue
[2024-10-28T04:50:33.922+0000] {logging_mixin.py:190} INFO - [2024-10-28T04:50:33.918+0000] {dagbag.py:588} INFO - Filling up the DagBag from /home/airflow/.local/lib/python3.12/site-packages/airflow/example_dags/example_params_trigger_ui.py
[2024-10-28T04:50:34.136+0000] {processor.py:925} INFO - DAG(s) 'example_params_trigger_ui' retrieved from /home/airflow/.local/lib/python3.12/site-packages/airflow/example_dags/example_params_trigger_ui.py
[2024-10-28T04:50:35.746+0000] {logging_mixin.py:190} INFO - [2024-10-28T04:50:35.703+0000] {dag.py:3239} INFO - Sync 1 DAGs
[2024-10-28T04:50:36.465+0000] {logging_mixin.py:190} INFO - [2024-10-28T04:50:36.434+0000] {dag.py:4180} INFO - Setting next_dagrun for example_params_trigger_ui to None, run_after=None
[2024-10-28T04:50:37.012+0000] {processor.py:208} INFO - Processing /home/airflow/.local/lib/python3.12/site-packages/airflow/example_dags/example_params_trigger_ui.py took 3.290 seconds
[2024-10-28T06:29:06.512+0000] {processor.py:186} INFO - Started process (PID=171) to work on /home/airflow/.local/lib/python3.12/site-packages/airflow/example_dags/example_params_trigger_ui.py
[2024-10-28T06:29:06.569+0000] {processor.py:914} INFO - Processing file /home/airflow/.local/lib/python3.12/site-packages/airflow/example_dags/example_params_trigger_ui.py for tasks to queue
[2024-10-28T06:29:06.613+0000] {logging_mixin.py:190} INFO - [2024-10-28T06:29:06.611+0000] {dagbag.py:588} INFO - Filling up the DagBag from /home/airflow/.local/lib/python3.12/site-packages/airflow/example_dags/example_params_trigger_ui.py
[2024-10-28T06:29:07.149+0000] {processor.py:925} INFO - DAG(s) 'example_params_trigger_ui' retrieved from /home/airflow/.local/lib/python3.12/site-packages/airflow/example_dags/example_params_trigger_ui.py
[2024-10-28T06:29:16.914+0000] {logging_mixin.py:190} INFO - [2024-10-28T06:29:16.500+0000] {override.py:1900} INFO - Created Permission View: can edit on DAG:example_params_trigger_ui
[2024-10-28T06:29:18.574+0000] {logging_mixin.py:190} INFO - [2024-10-28T06:29:18.572+0000] {override.py:1900} INFO - Created Permission View: can read on DAG:example_params_trigger_ui
[2024-10-28T06:29:19.191+0000] {logging_mixin.py:190} INFO - [2024-10-28T06:29:19.189+0000] {override.py:1900} INFO - Created Permission View: can delete on DAG:example_params_trigger_ui
[2024-10-28T06:29:19.786+0000] {logging_mixin.py:190} INFO - [2024-10-28T06:29:19.766+0000] {override.py:1900} INFO - Created Permission View: menu access on DAG Run:example_params_trigger_ui
[2024-10-28T06:29:20.019+0000] {logging_mixin.py:190} INFO - [2024-10-28T06:29:20.006+0000] {override.py:1900} INFO - Created Permission View: can create on DAG Run:example_params_trigger_ui
[2024-10-28T06:29:20.587+0000] {logging_mixin.py:190} INFO - [2024-10-28T06:29:20.586+0000] {override.py:1900} INFO - Created Permission View: can read on DAG Run:example_params_trigger_ui
[2024-10-28T06:29:21.063+0000] {logging_mixin.py:190} INFO - [2024-10-28T06:29:21.062+0000] {override.py:1900} INFO - Created Permission View: can delete on DAG Run:example_params_trigger_ui
[2024-10-28T06:29:21.086+0000] {logging_mixin.py:190} INFO - [2024-10-28T06:29:21.085+0000] {dag.py:3239} INFO - Sync 1 DAGs
[2024-10-28T06:29:21.650+0000] {logging_mixin.py:190} INFO - [2024-10-28T06:29:21.649+0000] {dag.py:3262} INFO - Creating ORM DAG for example_params_trigger_ui
[2024-10-28T06:29:21.672+0000] {logging_mixin.py:190} INFO - [2024-10-28T06:29:21.671+0000] {dag.py:4180} INFO - Setting next_dagrun for example_params_trigger_ui to None, run_after=None
[2024-10-28T06:29:22.150+0000] {processor.py:208} INFO - Processing /home/airflow/.local/lib/python3.12/site-packages/airflow/example_dags/example_params_trigger_ui.py took 15.831 seconds
[2024-10-28T06:33:57.150+0000] {processor.py:186} INFO - Started process (PID=284) to work on /home/airflow/.local/lib/python3.12/site-packages/airflow/example_dags/example_params_trigger_ui.py
[2024-10-28T06:33:57.164+0000] {processor.py:914} INFO - Processing file /home/airflow/.local/lib/python3.12/site-packages/airflow/example_dags/example_params_trigger_ui.py for tasks to queue
[2024-10-28T06:33:57.256+0000] {logging_mixin.py:190} INFO - [2024-10-28T06:33:57.218+0000] {dagbag.py:588} INFO - Filling up the DagBag from /home/airflow/.local/lib/python3.12/site-packages/airflow/example_dags/example_params_trigger_ui.py
[2024-10-28T06:33:57.749+0000] {processor.py:925} INFO - DAG(s) 'example_params_trigger_ui' retrieved from /home/airflow/.local/lib/python3.12/site-packages/airflow/example_dags/example_params_trigger_ui.py
[2024-10-28T06:34:00.160+0000] {logging_mixin.py:190} INFO - [2024-10-28T06:34:00.159+0000] {dag.py:3239} INFO - Sync 1 DAGs
[2024-10-28T06:34:02.089+0000] {logging_mixin.py:190} INFO - [2024-10-28T06:34:02.088+0000] {dag.py:4180} INFO - Setting next_dagrun for example_params_trigger_ui to None, run_after=None
[2024-10-28T06:34:03.304+0000] {processor.py:208} INFO - Processing /home/airflow/.local/lib/python3.12/site-packages/airflow/example_dags/example_params_trigger_ui.py took 6.323 seconds
[2024-10-28T06:36:38.115+0000] {processor.py:186} INFO - Started process (PID=358) to work on /home/airflow/.local/lib/python3.12/site-packages/airflow/example_dags/example_params_trigger_ui.py
[2024-10-28T06:36:38.174+0000] {processor.py:914} INFO - Processing file /home/airflow/.local/lib/python3.12/site-packages/airflow/example_dags/example_params_trigger_ui.py for tasks to queue
[2024-10-28T06:36:38.234+0000] {logging_mixin.py:190} INFO - [2024-10-28T06:36:38.232+0000] {dagbag.py:588} INFO - Filling up the DagBag from /home/airflow/.local/lib/python3.12/site-packages/airflow/example_dags/example_params_trigger_ui.py
[2024-10-28T06:36:38.688+0000] {processor.py:925} INFO - DAG(s) 'example_params_trigger_ui' retrieved from /home/airflow/.local/lib/python3.12/site-packages/airflow/example_dags/example_params_trigger_ui.py
[2024-10-28T06:36:41.034+0000] {logging_mixin.py:190} INFO - [2024-10-28T06:36:41.033+0000] {dag.py:3239} INFO - Sync 1 DAGs
[2024-10-28T06:36:42.016+0000] {logging_mixin.py:190} INFO - [2024-10-28T06:36:42.015+0000] {dag.py:4180} INFO - Setting next_dagrun for example_params_trigger_ui to None, run_after=None
[2024-10-28T06:36:43.178+0000] {processor.py:208} INFO - Processing /home/airflow/.local/lib/python3.12/site-packages/airflow/example_dags/example_params_trigger_ui.py took 5.444 seconds
[2024-10-28T06:38:35.992+0000] {processor.py:186} INFO - Started process (PID=422) to work on /home/airflow/.local/lib/python3.12/site-packages/airflow/example_dags/example_params_trigger_ui.py
[2024-10-28T06:38:36.052+0000] {processor.py:914} INFO - Processing file /home/airflow/.local/lib/python3.12/site-packages/airflow/example_dags/example_params_trigger_ui.py for tasks to queue
[2024-10-28T06:38:36.101+0000] {logging_mixin.py:190} INFO - [2024-10-28T06:38:36.100+0000] {dagbag.py:588} INFO - Filling up the DagBag from /home/airflow/.local/lib/python3.12/site-packages/airflow/example_dags/example_params_trigger_ui.py
[2024-10-28T06:38:36.502+0000] {processor.py:925} INFO - DAG(s) 'example_params_trigger_ui' retrieved from /home/airflow/.local/lib/python3.12/site-packages/airflow/example_dags/example_params_trigger_ui.py
[2024-10-28T06:38:37.633+0000] {logging_mixin.py:190} INFO - [2024-10-28T06:38:37.632+0000] {dag.py:3239} INFO - Sync 1 DAGs
[2024-10-28T06:38:37.898+0000] {logging_mixin.py:190} INFO - [2024-10-28T06:38:37.897+0000] {dag.py:4180} INFO - Setting next_dagrun for example_params_trigger_ui to None, run_after=None
[2024-10-28T06:38:38.110+0000] {processor.py:208} INFO - Processing /home/airflow/.local/lib/python3.12/site-packages/airflow/example_dags/example_params_trigger_ui.py took 2.307 seconds
[2024-10-28T06:40:03.660+0000] {processor.py:186} INFO - Started process (PID=486) to work on /home/airflow/.local/lib/python3.12/site-packages/airflow/example_dags/example_params_trigger_ui.py
[2024-10-28T06:40:03.707+0000] {processor.py:914} INFO - Processing file /home/airflow/.local/lib/python3.12/site-packages/airflow/example_dags/example_params_trigger_ui.py for tasks to queue
[2024-10-28T06:40:03.789+0000] {logging_mixin.py:190} INFO - [2024-10-28T06:40:03.786+0000] {dagbag.py:588} INFO - Filling up the DagBag from /home/airflow/.local/lib/python3.12/site-packages/airflow/example_dags/example_params_trigger_ui.py
[2024-10-28T06:40:04.032+0000] {processor.py:925} INFO - DAG(s) 'example_params_trigger_ui' retrieved from /home/airflow/.local/lib/python3.12/site-packages/airflow/example_dags/example_params_trigger_ui.py
[2024-10-28T06:40:08.546+0000] {logging_mixin.py:190} INFO - [2024-10-28T06:40:08.541+0000] {dag.py:3239} INFO - Sync 1 DAGs
[2024-10-28T06:40:09.540+0000] {logging_mixin.py:190} INFO - [2024-10-28T06:40:09.538+0000] {dag.py:4180} INFO - Setting next_dagrun for example_params_trigger_ui to None, run_after=None
[2024-10-28T06:40:10.355+0000] {processor.py:208} INFO - Processing /home/airflow/.local/lib/python3.12/site-packages/airflow/example_dags/example_params_trigger_ui.py took 6.961 seconds
[2024-10-28T06:41:30.914+0000] {processor.py:186} INFO - Started process (PID=536) to work on /home/airflow/.local/lib/python3.12/site-packages/airflow/example_dags/example_params_trigger_ui.py
[2024-10-28T06:41:30.924+0000] {processor.py:914} INFO - Processing file /home/airflow/.local/lib/python3.12/site-packages/airflow/example_dags/example_params_trigger_ui.py for tasks to queue
[2024-10-28T06:41:30.979+0000] {logging_mixin.py:190} INFO - [2024-10-28T06:41:30.955+0000] {dagbag.py:588} INFO - Filling up the DagBag from /home/airflow/.local/lib/python3.12/site-packages/airflow/example_dags/example_params_trigger_ui.py
[2024-10-28T06:41:31.410+0000] {processor.py:925} INFO - DAG(s) 'example_params_trigger_ui' retrieved from /home/airflow/.local/lib/python3.12/site-packages/airflow/example_dags/example_params_trigger_ui.py
[2024-10-28T06:41:32.668+0000] {logging_mixin.py:190} INFO - [2024-10-28T06:41:32.631+0000] {dag.py:3239} INFO - Sync 1 DAGs
[2024-10-28T06:41:32.907+0000] {logging_mixin.py:190} INFO - [2024-10-28T06:41:32.906+0000] {dag.py:4180} INFO - Setting next_dagrun for example_params_trigger_ui to None, run_after=None
[2024-10-28T06:41:33.030+0000] {processor.py:208} INFO - Processing /home/airflow/.local/lib/python3.12/site-packages/airflow/example_dags/example_params_trigger_ui.py took 2.211 seconds
[2024-10-28T06:43:14.997+0000] {processor.py:186} INFO - Started process (PID=604) to work on /home/airflow/.local/lib/python3.12/site-packages/airflow/example_dags/example_params_trigger_ui.py
[2024-10-28T06:43:15.008+0000] {processor.py:914} INFO - Processing file /home/airflow/.local/lib/python3.12/site-packages/airflow/example_dags/example_params_trigger_ui.py for tasks to queue
[2024-10-28T06:43:15.058+0000] {logging_mixin.py:190} INFO - [2024-10-28T06:43:15.057+0000] {dagbag.py:588} INFO - Filling up the DagBag from /home/airflow/.local/lib/python3.12/site-packages/airflow/example_dags/example_params_trigger_ui.py
[2024-10-28T06:43:15.311+0000] {processor.py:925} INFO - DAG(s) 'example_params_trigger_ui' retrieved from /home/airflow/.local/lib/python3.12/site-packages/airflow/example_dags/example_params_trigger_ui.py
[2024-10-28T06:43:16.770+0000] {logging_mixin.py:190} INFO - [2024-10-28T06:43:16.769+0000] {dag.py:3239} INFO - Sync 1 DAGs
[2024-10-28T06:43:17.243+0000] {logging_mixin.py:190} INFO - [2024-10-28T06:43:17.242+0000] {dag.py:4180} INFO - Setting next_dagrun for example_params_trigger_ui to None, run_after=None
[2024-10-28T06:43:17.656+0000] {processor.py:208} INFO - Processing /home/airflow/.local/lib/python3.12/site-packages/airflow/example_dags/example_params_trigger_ui.py took 2.742 seconds
[2024-10-28T06:44:24.646+0000] {processor.py:186} INFO - Started process (PID=655) to work on /home/airflow/.local/lib/python3.12/site-packages/airflow/example_dags/example_params_trigger_ui.py
[2024-10-28T06:44:24.664+0000] {processor.py:914} INFO - Processing file /home/airflow/.local/lib/python3.12/site-packages/airflow/example_dags/example_params_trigger_ui.py for tasks to queue
[2024-10-28T06:44:24.701+0000] {logging_mixin.py:190} INFO - [2024-10-28T06:44:24.699+0000] {dagbag.py:588} INFO - Filling up the DagBag from /home/airflow/.local/lib/python3.12/site-packages/airflow/example_dags/example_params_trigger_ui.py
[2024-10-28T06:44:25.102+0000] {processor.py:925} INFO - DAG(s) 'example_params_trigger_ui' retrieved from /home/airflow/.local/lib/python3.12/site-packages/airflow/example_dags/example_params_trigger_ui.py
[2024-10-28T06:44:27.078+0000] {logging_mixin.py:190} INFO - [2024-10-28T06:44:27.077+0000] {dag.py:3239} INFO - Sync 1 DAGs
[2024-10-28T06:44:27.371+0000] {logging_mixin.py:190} INFO - [2024-10-28T06:44:27.370+0000] {dag.py:4180} INFO - Setting next_dagrun for example_params_trigger_ui to None, run_after=None
[2024-10-28T06:44:27.632+0000] {processor.py:208} INFO - Processing /home/airflow/.local/lib/python3.12/site-packages/airflow/example_dags/example_params_trigger_ui.py took 3.059 seconds
[2024-10-28T06:45:45.861+0000] {processor.py:186} INFO - Started process (PID=713) to work on /home/airflow/.local/lib/python3.12/site-packages/airflow/example_dags/example_params_trigger_ui.py
[2024-10-28T06:45:45.933+0000] {processor.py:914} INFO - Processing file /home/airflow/.local/lib/python3.12/site-packages/airflow/example_dags/example_params_trigger_ui.py for tasks to queue
[2024-10-28T06:45:45.973+0000] {logging_mixin.py:190} INFO - [2024-10-28T06:45:45.972+0000] {dagbag.py:588} INFO - Filling up the DagBag from /home/airflow/.local/lib/python3.12/site-packages/airflow/example_dags/example_params_trigger_ui.py
[2024-10-28T06:45:46.999+0000] {processor.py:925} INFO - DAG(s) 'example_params_trigger_ui' retrieved from /home/airflow/.local/lib/python3.12/site-packages/airflow/example_dags/example_params_trigger_ui.py
[2024-10-28T06:45:49.914+0000] {logging_mixin.py:190} INFO - [2024-10-28T06:45:49.912+0000] {dag.py:3239} INFO - Sync 1 DAGs
[2024-10-28T06:45:51.284+0000] {logging_mixin.py:190} INFO - [2024-10-28T06:45:51.283+0000] {dag.py:4180} INFO - Setting next_dagrun for example_params_trigger_ui to None, run_after=None
[2024-10-28T06:45:52.821+0000] {processor.py:208} INFO - Processing /home/airflow/.local/lib/python3.12/site-packages/airflow/example_dags/example_params_trigger_ui.py took 7.757 seconds
[2024-10-28T06:47:00.304+0000] {processor.py:186} INFO - Started process (PID=761) to work on /home/airflow/.local/lib/python3.12/site-packages/airflow/example_dags/example_params_trigger_ui.py
[2024-10-28T06:47:00.330+0000] {processor.py:914} INFO - Processing file /home/airflow/.local/lib/python3.12/site-packages/airflow/example_dags/example_params_trigger_ui.py for tasks to queue
[2024-10-28T06:47:00.388+0000] {logging_mixin.py:190} INFO - [2024-10-28T06:47:00.387+0000] {dagbag.py:588} INFO - Filling up the DagBag from /home/airflow/.local/lib/python3.12/site-packages/airflow/example_dags/example_params_trigger_ui.py
[2024-10-28T06:47:00.612+0000] {processor.py:925} INFO - DAG(s) 'example_params_trigger_ui' retrieved from /home/airflow/.local/lib/python3.12/site-packages/airflow/example_dags/example_params_trigger_ui.py
[2024-10-28T06:47:02.191+0000] {logging_mixin.py:190} INFO - [2024-10-28T06:47:02.189+0000] {dag.py:3239} INFO - Sync 1 DAGs
[2024-10-28T06:47:05.378+0000] {logging_mixin.py:190} INFO - [2024-10-28T06:47:05.376+0000] {dag.py:4180} INFO - Setting next_dagrun for example_params_trigger_ui to None, run_after=None
[2024-10-28T06:47:06.049+0000] {processor.py:208} INFO - Processing /home/airflow/.local/lib/python3.12/site-packages/airflow/example_dags/example_params_trigger_ui.py took 5.911 seconds
[2024-10-28T06:48:27.724+0000] {processor.py:186} INFO - Started process (PID=820) to work on /home/airflow/.local/lib/python3.12/site-packages/airflow/example_dags/example_params_trigger_ui.py
[2024-10-28T06:48:27.778+0000] {processor.py:914} INFO - Processing file /home/airflow/.local/lib/python3.12/site-packages/airflow/example_dags/example_params_trigger_ui.py for tasks to queue
[2024-10-28T06:48:27.786+0000] {logging_mixin.py:190} INFO - [2024-10-28T06:48:27.785+0000] {dagbag.py:588} INFO - Filling up the DagBag from /home/airflow/.local/lib/python3.12/site-packages/airflow/example_dags/example_params_trigger_ui.py
[2024-10-28T06:48:28.141+0000] {processor.py:925} INFO - DAG(s) 'example_params_trigger_ui' retrieved from /home/airflow/.local/lib/python3.12/site-packages/airflow/example_dags/example_params_trigger_ui.py
[2024-10-28T06:48:29.048+0000] {logging_mixin.py:190} INFO - [2024-10-28T06:48:29.047+0000] {dag.py:3239} INFO - Sync 1 DAGs
[2024-10-28T06:48:29.527+0000] {logging_mixin.py:190} INFO - [2024-10-28T06:48:29.505+0000] {dag.py:4180} INFO - Setting next_dagrun for example_params_trigger_ui to None, run_after=None
[2024-10-28T06:48:29.825+0000] {processor.py:208} INFO - Processing /home/airflow/.local/lib/python3.12/site-packages/airflow/example_dags/example_params_trigger_ui.py took 2.185 seconds
[2024-10-28T06:49:18.982+0000] {processor.py:186} INFO - Started process (PID=866) to work on /home/airflow/.local/lib/python3.12/site-packages/airflow/example_dags/example_params_trigger_ui.py
[2024-10-28T06:49:19.017+0000] {processor.py:914} INFO - Processing file /home/airflow/.local/lib/python3.12/site-packages/airflow/example_dags/example_params_trigger_ui.py for tasks to queue
[2024-10-28T06:49:19.124+0000] {logging_mixin.py:190} INFO - [2024-10-28T06:49:19.080+0000] {dagbag.py:588} INFO - Filling up the DagBag from /home/airflow/.local/lib/python3.12/site-packages/airflow/example_dags/example_params_trigger_ui.py
[2024-10-28T06:49:19.700+0000] {processor.py:925} INFO - DAG(s) 'example_params_trigger_ui' retrieved from /home/airflow/.local/lib/python3.12/site-packages/airflow/example_dags/example_params_trigger_ui.py
[2024-10-28T06:49:20.289+0000] {logging_mixin.py:190} INFO - [2024-10-28T06:49:20.288+0000] {dag.py:3239} INFO - Sync 1 DAGs
[2024-10-28T06:49:20.457+0000] {logging_mixin.py:190} INFO - [2024-10-28T06:49:20.450+0000] {dag.py:4180} INFO - Setting next_dagrun for example_params_trigger_ui to None, run_after=None
[2024-10-28T06:49:20.658+0000] {processor.py:208} INFO - Processing /home/airflow/.local/lib/python3.12/site-packages/airflow/example_dags/example_params_trigger_ui.py took 1.907 seconds
[2024-10-28T06:51:45.183+0000] {processor.py:186} INFO - Started process (PID=968) to work on /home/airflow/.local/lib/python3.12/site-packages/airflow/example_dags/example_params_trigger_ui.py
[2024-10-28T06:51:45.212+0000] {processor.py:914} INFO - Processing file /home/airflow/.local/lib/python3.12/site-packages/airflow/example_dags/example_params_trigger_ui.py for tasks to queue
[2024-10-28T06:51:45.241+0000] {logging_mixin.py:190} INFO - [2024-10-28T06:51:45.239+0000] {dagbag.py:588} INFO - Filling up the DagBag from /home/airflow/.local/lib/python3.12/site-packages/airflow/example_dags/example_params_trigger_ui.py
[2024-10-28T06:51:45.459+0000] {processor.py:925} INFO - DAG(s) 'example_params_trigger_ui' retrieved from /home/airflow/.local/lib/python3.12/site-packages/airflow/example_dags/example_params_trigger_ui.py
[2024-10-28T06:51:47.402+0000] {logging_mixin.py:190} INFO - [2024-10-28T06:51:47.400+0000] {dag.py:3239} INFO - Sync 1 DAGs
[2024-10-28T06:51:48.673+0000] {logging_mixin.py:190} INFO - [2024-10-28T06:51:48.671+0000] {dag.py:4180} INFO - Setting next_dagrun for example_params_trigger_ui to None, run_after=None
[2024-10-28T06:51:49.521+0000] {processor.py:208} INFO - Processing /home/airflow/.local/lib/python3.12/site-packages/airflow/example_dags/example_params_trigger_ui.py took 4.418 seconds
[2024-10-28T06:53:51.590+0000] {processor.py:186} INFO - Started process (PID=1031) to work on /home/airflow/.local/lib/python3.12/site-packages/airflow/example_dags/example_params_trigger_ui.py
[2024-10-28T06:53:51.604+0000] {processor.py:914} INFO - Processing file /home/airflow/.local/lib/python3.12/site-packages/airflow/example_dags/example_params_trigger_ui.py for tasks to queue
[2024-10-28T06:53:51.627+0000] {logging_mixin.py:190} INFO - [2024-10-28T06:53:51.626+0000] {dagbag.py:588} INFO - Filling up the DagBag from /home/airflow/.local/lib/python3.12/site-packages/airflow/example_dags/example_params_trigger_ui.py
[2024-10-28T06:53:51.820+0000] {processor.py:925} INFO - DAG(s) 'example_params_trigger_ui' retrieved from /home/airflow/.local/lib/python3.12/site-packages/airflow/example_dags/example_params_trigger_ui.py
[2024-10-28T06:53:52.405+0000] {logging_mixin.py:190} INFO - [2024-10-28T06:53:52.405+0000] {dag.py:3239} INFO - Sync 1 DAGs
[2024-10-28T06:53:52.726+0000] {logging_mixin.py:190} INFO - [2024-10-28T06:53:52.726+0000] {dag.py:4180} INFO - Setting next_dagrun for example_params_trigger_ui to None, run_after=None
[2024-10-28T06:53:53.062+0000] {processor.py:208} INFO - Processing /home/airflow/.local/lib/python3.12/site-packages/airflow/example_dags/example_params_trigger_ui.py took 1.560 seconds
[2024-10-28T06:55:42.628+0000] {processor.py:186} INFO - Started process (PID=1095) to work on /home/airflow/.local/lib/python3.12/site-packages/airflow/example_dags/example_params_trigger_ui.py
[2024-10-28T06:55:42.796+0000] {processor.py:914} INFO - Processing file /home/airflow/.local/lib/python3.12/site-packages/airflow/example_dags/example_params_trigger_ui.py for tasks to queue
[2024-10-28T06:55:43.131+0000] {logging_mixin.py:190} INFO - [2024-10-28T06:55:43.130+0000] {dagbag.py:588} INFO - Filling up the DagBag from /home/airflow/.local/lib/python3.12/site-packages/airflow/example_dags/example_params_trigger_ui.py
[2024-10-28T06:55:43.775+0000] {processor.py:925} INFO - DAG(s) 'example_params_trigger_ui' retrieved from /home/airflow/.local/lib/python3.12/site-packages/airflow/example_dags/example_params_trigger_ui.py
[2024-10-28T06:55:49.020+0000] {logging_mixin.py:190} INFO - [2024-10-28T06:55:49.019+0000] {dag.py:3239} INFO - Sync 1 DAGs
[2024-10-28T06:55:53.313+0000] {logging_mixin.py:190} INFO - [2024-10-28T06:55:53.312+0000] {dag.py:4180} INFO - Setting next_dagrun for example_params_trigger_ui to None, run_after=None
[2024-10-28T06:55:55.861+0000] {processor.py:208} INFO - Processing /home/airflow/.local/lib/python3.12/site-packages/airflow/example_dags/example_params_trigger_ui.py took 13.794 seconds
[2024-10-28T06:57:04.176+0000] {processor.py:186} INFO - Started process (PID=1154) to work on /home/airflow/.local/lib/python3.12/site-packages/airflow/example_dags/example_params_trigger_ui.py
[2024-10-28T06:57:04.293+0000] {processor.py:914} INFO - Processing file /home/airflow/.local/lib/python3.12/site-packages/airflow/example_dags/example_params_trigger_ui.py for tasks to queue
[2024-10-28T06:57:05.952+0000] {logging_mixin.py:190} INFO - [2024-10-28T06:57:05.866+0000] {dagbag.py:588} INFO - Filling up the DagBag from /home/airflow/.local/lib/python3.12/site-packages/airflow/example_dags/example_params_trigger_ui.py
[2024-10-28T06:57:07.000+0000] {processor.py:925} INFO - DAG(s) 'example_params_trigger_ui' retrieved from /home/airflow/.local/lib/python3.12/site-packages/airflow/example_dags/example_params_trigger_ui.py
[2024-10-28T06:57:09.029+0000] {logging_mixin.py:190} INFO - [2024-10-28T06:57:09.027+0000] {dag.py:3239} INFO - Sync 1 DAGs
[2024-10-28T06:57:11.621+0000] {logging_mixin.py:190} INFO - [2024-10-28T06:57:11.621+0000] {dag.py:4180} INFO - Setting next_dagrun for example_params_trigger_ui to None, run_after=None
[2024-10-28T06:57:13.195+0000] {processor.py:208} INFO - Processing /home/airflow/.local/lib/python3.12/site-packages/airflow/example_dags/example_params_trigger_ui.py took 10.356 seconds
[2024-10-28T06:58:18.650+0000] {processor.py:186} INFO - Started process (PID=1203) to work on /home/airflow/.local/lib/python3.12/site-packages/airflow/example_dags/example_params_trigger_ui.py
[2024-10-28T06:58:18.678+0000] {processor.py:914} INFO - Processing file /home/airflow/.local/lib/python3.12/site-packages/airflow/example_dags/example_params_trigger_ui.py for tasks to queue
[2024-10-28T06:58:18.710+0000] {logging_mixin.py:190} INFO - [2024-10-28T06:58:18.709+0000] {dagbag.py:588} INFO - Filling up the DagBag from /home/airflow/.local/lib/python3.12/site-packages/airflow/example_dags/example_params_trigger_ui.py
[2024-10-28T06:58:18.897+0000] {processor.py:925} INFO - DAG(s) 'example_params_trigger_ui' retrieved from /home/airflow/.local/lib/python3.12/site-packages/airflow/example_dags/example_params_trigger_ui.py
[2024-10-28T06:58:20.431+0000] {logging_mixin.py:190} INFO - [2024-10-28T06:58:20.429+0000] {dag.py:3239} INFO - Sync 1 DAGs
[2024-10-28T06:58:22.024+0000] {logging_mixin.py:190} INFO - [2024-10-28T06:58:22.023+0000] {dag.py:4180} INFO - Setting next_dagrun for example_params_trigger_ui to None, run_after=None
[2024-10-28T06:58:26.590+0000] {processor.py:208} INFO - Processing /home/airflow/.local/lib/python3.12/site-packages/airflow/example_dags/example_params_trigger_ui.py took 8.027 seconds
[2024-10-28T07:00:07.940+0000] {processor.py:186} INFO - Started process (PID=1276) to work on /home/airflow/.local/lib/python3.12/site-packages/airflow/example_dags/example_params_trigger_ui.py
[2024-10-28T07:00:07.995+0000] {processor.py:914} INFO - Processing file /home/airflow/.local/lib/python3.12/site-packages/airflow/example_dags/example_params_trigger_ui.py for tasks to queue
[2024-10-28T07:00:08.106+0000] {logging_mixin.py:190} INFO - [2024-10-28T07:00:08.104+0000] {dagbag.py:588} INFO - Filling up the DagBag from /home/airflow/.local/lib/python3.12/site-packages/airflow/example_dags/example_params_trigger_ui.py
[2024-10-28T07:00:08.339+0000] {processor.py:925} INFO - DAG(s) 'example_params_trigger_ui' retrieved from /home/airflow/.local/lib/python3.12/site-packages/airflow/example_dags/example_params_trigger_ui.py
[2024-10-28T07:00:10.083+0000] {logging_mixin.py:190} INFO - [2024-10-28T07:00:10.082+0000] {dag.py:3239} INFO - Sync 1 DAGs
[2024-10-28T07:00:11.359+0000] {logging_mixin.py:190} INFO - [2024-10-28T07:00:11.358+0000] {dag.py:4180} INFO - Setting next_dagrun for example_params_trigger_ui to None, run_after=None
[2024-10-28T07:00:11.715+0000] {processor.py:208} INFO - Processing /home/airflow/.local/lib/python3.12/site-packages/airflow/example_dags/example_params_trigger_ui.py took 3.891 seconds
[2024-10-28T07:01:23.988+0000] {processor.py:186} INFO - Started process (PID=1328) to work on /home/airflow/.local/lib/python3.12/site-packages/airflow/example_dags/example_params_trigger_ui.py
[2024-10-28T07:01:24.008+0000] {processor.py:914} INFO - Processing file /home/airflow/.local/lib/python3.12/site-packages/airflow/example_dags/example_params_trigger_ui.py for tasks to queue
[2024-10-28T07:01:24.047+0000] {logging_mixin.py:190} INFO - [2024-10-28T07:01:24.046+0000] {dagbag.py:588} INFO - Filling up the DagBag from /home/airflow/.local/lib/python3.12/site-packages/airflow/example_dags/example_params_trigger_ui.py
[2024-10-28T07:01:24.317+0000] {processor.py:925} INFO - DAG(s) 'example_params_trigger_ui' retrieved from /home/airflow/.local/lib/python3.12/site-packages/airflow/example_dags/example_params_trigger_ui.py
[2024-10-28T07:01:26.028+0000] {logging_mixin.py:190} INFO - [2024-10-28T07:01:26.028+0000] {dag.py:3239} INFO - Sync 1 DAGs
[2024-10-28T07:01:27.382+0000] {logging_mixin.py:190} INFO - [2024-10-28T07:01:27.381+0000] {dag.py:4180} INFO - Setting next_dagrun for example_params_trigger_ui to None, run_after=None
[2024-10-28T07:01:27.966+0000] {processor.py:208} INFO - Processing /home/airflow/.local/lib/python3.12/site-packages/airflow/example_dags/example_params_trigger_ui.py took 4.085 seconds
[2024-10-28T07:02:39.273+0000] {processor.py:186} INFO - Started process (PID=1381) to work on /home/airflow/.local/lib/python3.12/site-packages/airflow/example_dags/example_params_trigger_ui.py
[2024-10-28T07:02:39.374+0000] {processor.py:914} INFO - Processing file /home/airflow/.local/lib/python3.12/site-packages/airflow/example_dags/example_params_trigger_ui.py for tasks to queue
[2024-10-28T07:02:39.780+0000] {logging_mixin.py:190} INFO - [2024-10-28T07:02:39.777+0000] {dagbag.py:588} INFO - Filling up the DagBag from /home/airflow/.local/lib/python3.12/site-packages/airflow/example_dags/example_params_trigger_ui.py
[2024-10-28T07:02:40.469+0000] {processor.py:925} INFO - DAG(s) 'example_params_trigger_ui' retrieved from /home/airflow/.local/lib/python3.12/site-packages/airflow/example_dags/example_params_trigger_ui.py
[2024-10-28T07:02:43.242+0000] {logging_mixin.py:190} INFO - [2024-10-28T07:02:43.212+0000] {dag.py:3239} INFO - Sync 1 DAGs
[2024-10-28T07:02:43.835+0000] {logging_mixin.py:190} INFO - [2024-10-28T07:02:43.804+0000] {dag.py:4180} INFO - Setting next_dagrun for example_params_trigger_ui to None, run_after=None
[2024-10-28T08:22:11.045+0000] {processor.py:186} INFO - Started process (PID=484) to work on /home/airflow/.local/lib/python3.12/site-packages/airflow/example_dags/example_params_trigger_ui.py
[2024-10-28T08:22:11.051+0000] {processor.py:914} INFO - Processing file /home/airflow/.local/lib/python3.12/site-packages/airflow/example_dags/example_params_trigger_ui.py for tasks to queue
[2024-10-28T08:22:11.091+0000] {logging_mixin.py:190} INFO - [2024-10-28T08:22:11.090+0000] {dagbag.py:588} INFO - Filling up the DagBag from /home/airflow/.local/lib/python3.12/site-packages/airflow/example_dags/example_params_trigger_ui.py
[2024-10-28T08:22:11.252+0000] {processor.py:925} INFO - DAG(s) 'example_params_trigger_ui' retrieved from /home/airflow/.local/lib/python3.12/site-packages/airflow/example_dags/example_params_trigger_ui.py
[2024-10-28T08:22:13.488+0000] {logging_mixin.py:190} INFO - [2024-10-28T08:22:13.487+0000] {dag.py:3239} INFO - Sync 1 DAGs
[2024-10-28T08:22:13.939+0000] {logging_mixin.py:190} INFO - [2024-10-28T08:22:13.939+0000] {dag.py:4180} INFO - Setting next_dagrun for example_params_trigger_ui to None, run_after=None
[2024-10-28T08:22:14.699+0000] {processor.py:208} INFO - Processing /home/airflow/.local/lib/python3.12/site-packages/airflow/example_dags/example_params_trigger_ui.py took 3.804 seconds
[2024-10-28T08:25:19.653+0000] {processor.py:186} INFO - Started process (PID=572) to work on /home/airflow/.local/lib/python3.12/site-packages/airflow/example_dags/example_params_trigger_ui.py
[2024-10-28T08:25:19.714+0000] {processor.py:914} INFO - Processing file /home/airflow/.local/lib/python3.12/site-packages/airflow/example_dags/example_params_trigger_ui.py for tasks to queue
[2024-10-28T08:25:19.719+0000] {logging_mixin.py:190} INFO - [2024-10-28T08:25:19.718+0000] {dagbag.py:588} INFO - Filling up the DagBag from /home/airflow/.local/lib/python3.12/site-packages/airflow/example_dags/example_params_trigger_ui.py
[2024-10-28T08:25:20.014+0000] {processor.py:925} INFO - DAG(s) 'example_params_trigger_ui' retrieved from /home/airflow/.local/lib/python3.12/site-packages/airflow/example_dags/example_params_trigger_ui.py
[2024-10-28T08:25:21.158+0000] {logging_mixin.py:190} INFO - [2024-10-28T08:25:21.157+0000] {dag.py:3239} INFO - Sync 1 DAGs
[2024-10-28T08:25:21.453+0000] {logging_mixin.py:190} INFO - [2024-10-28T08:25:21.453+0000] {dag.py:4180} INFO - Setting next_dagrun for example_params_trigger_ui to None, run_after=None
[2024-10-28T08:25:21.976+0000] {processor.py:208} INFO - Processing /home/airflow/.local/lib/python3.12/site-packages/airflow/example_dags/example_params_trigger_ui.py took 2.677 seconds
[2024-10-28T08:27:24.990+0000] {processor.py:186} INFO - Started process (PID=634) to work on /home/airflow/.local/lib/python3.12/site-packages/airflow/example_dags/example_params_trigger_ui.py
[2024-10-28T08:27:25.050+0000] {processor.py:914} INFO - Processing file /home/airflow/.local/lib/python3.12/site-packages/airflow/example_dags/example_params_trigger_ui.py for tasks to queue
[2024-10-28T08:27:25.061+0000] {logging_mixin.py:190} INFO - [2024-10-28T08:27:25.061+0000] {dagbag.py:588} INFO - Filling up the DagBag from /home/airflow/.local/lib/python3.12/site-packages/airflow/example_dags/example_params_trigger_ui.py
[2024-10-28T08:27:25.236+0000] {processor.py:925} INFO - DAG(s) 'example_params_trigger_ui' retrieved from /home/airflow/.local/lib/python3.12/site-packages/airflow/example_dags/example_params_trigger_ui.py
[2024-10-28T08:27:26.084+0000] {logging_mixin.py:190} INFO - [2024-10-28T08:27:26.083+0000] {dag.py:3239} INFO - Sync 1 DAGs
[2024-10-28T08:27:26.360+0000] {logging_mixin.py:190} INFO - [2024-10-28T08:27:26.359+0000] {dag.py:4180} INFO - Setting next_dagrun for example_params_trigger_ui to None, run_after=None
[2024-10-28T08:27:26.811+0000] {processor.py:208} INFO - Processing /home/airflow/.local/lib/python3.12/site-packages/airflow/example_dags/example_params_trigger_ui.py took 1.836 seconds
[2024-10-28T08:29:25.493+0000] {processor.py:186} INFO - Started process (PID=711) to work on /home/airflow/.local/lib/python3.12/site-packages/airflow/example_dags/example_params_trigger_ui.py
[2024-10-28T08:29:25.517+0000] {processor.py:914} INFO - Processing file /home/airflow/.local/lib/python3.12/site-packages/airflow/example_dags/example_params_trigger_ui.py for tasks to queue
[2024-10-28T08:29:25.524+0000] {logging_mixin.py:190} INFO - [2024-10-28T08:29:25.522+0000] {dagbag.py:588} INFO - Filling up the DagBag from /home/airflow/.local/lib/python3.12/site-packages/airflow/example_dags/example_params_trigger_ui.py
[2024-10-28T08:29:25.908+0000] {processor.py:925} INFO - DAG(s) 'example_params_trigger_ui' retrieved from /home/airflow/.local/lib/python3.12/site-packages/airflow/example_dags/example_params_trigger_ui.py
[2024-10-28T08:29:28.095+0000] {logging_mixin.py:190} INFO - [2024-10-28T08:29:28.091+0000] {dag.py:3239} INFO - Sync 1 DAGs
[2024-10-28T08:29:28.394+0000] {logging_mixin.py:190} INFO - [2024-10-28T08:29:28.393+0000] {dag.py:4180} INFO - Setting next_dagrun for example_params_trigger_ui to None, run_after=None
[2024-10-28T08:29:29.360+0000] {processor.py:208} INFO - Processing /home/airflow/.local/lib/python3.12/site-packages/airflow/example_dags/example_params_trigger_ui.py took 3.944 seconds
[2024-10-28T08:31:12.226+0000] {processor.py:186} INFO - Started process (PID=770) to work on /home/airflow/.local/lib/python3.12/site-packages/airflow/example_dags/example_params_trigger_ui.py
[2024-10-28T08:31:12.421+0000] {processor.py:914} INFO - Processing file /home/airflow/.local/lib/python3.12/site-packages/airflow/example_dags/example_params_trigger_ui.py for tasks to queue
[2024-10-28T08:31:12.449+0000] {logging_mixin.py:190} INFO - [2024-10-28T08:31:12.436+0000] {dagbag.py:588} INFO - Filling up the DagBag from /home/airflow/.local/lib/python3.12/site-packages/airflow/example_dags/example_params_trigger_ui.py
[2024-10-28T08:31:12.884+0000] {processor.py:925} INFO - DAG(s) 'example_params_trigger_ui' retrieved from /home/airflow/.local/lib/python3.12/site-packages/airflow/example_dags/example_params_trigger_ui.py
[2024-10-28T08:31:15.289+0000] {logging_mixin.py:190} INFO - [2024-10-28T08:31:15.288+0000] {dag.py:3239} INFO - Sync 1 DAGs
[2024-10-28T08:31:15.946+0000] {logging_mixin.py:190} INFO - [2024-10-28T08:31:15.940+0000] {dag.py:4180} INFO - Setting next_dagrun for example_params_trigger_ui to None, run_after=None
[2024-10-28T08:31:19.550+0000] {processor.py:208} INFO - Processing /home/airflow/.local/lib/python3.12/site-packages/airflow/example_dags/example_params_trigger_ui.py took 7.494 seconds
[2024-10-28T08:33:14.671+0000] {processor.py:186} INFO - Started process (PID=841) to work on /home/airflow/.local/lib/python3.12/site-packages/airflow/example_dags/example_params_trigger_ui.py
[2024-10-28T08:33:14.702+0000] {processor.py:914} INFO - Processing file /home/airflow/.local/lib/python3.12/site-packages/airflow/example_dags/example_params_trigger_ui.py for tasks to queue
[2024-10-28T08:33:14.731+0000] {logging_mixin.py:190} INFO - [2024-10-28T08:33:14.711+0000] {dagbag.py:588} INFO - Filling up the DagBag from /home/airflow/.local/lib/python3.12/site-packages/airflow/example_dags/example_params_trigger_ui.py
[2024-10-28T08:33:15.181+0000] {processor.py:925} INFO - DAG(s) 'example_params_trigger_ui' retrieved from /home/airflow/.local/lib/python3.12/site-packages/airflow/example_dags/example_params_trigger_ui.py
[2024-10-28T08:33:20.333+0000] {logging_mixin.py:190} INFO - [2024-10-28T08:33:20.332+0000] {dag.py:3239} INFO - Sync 1 DAGs
[2024-10-28T08:33:21.138+0000] {logging_mixin.py:190} INFO - [2024-10-28T08:33:21.136+0000] {dag.py:4180} INFO - Setting next_dagrun for example_params_trigger_ui to None, run_after=None
[2024-10-28T08:33:22.233+0000] {processor.py:208} INFO - Processing /home/airflow/.local/lib/python3.12/site-packages/airflow/example_dags/example_params_trigger_ui.py took 7.903 seconds
[2024-10-28T08:35:25.878+0000] {processor.py:186} INFO - Started process (PID=906) to work on /home/airflow/.local/lib/python3.12/site-packages/airflow/example_dags/example_params_trigger_ui.py
[2024-10-28T08:35:26.025+0000] {processor.py:914} INFO - Processing file /home/airflow/.local/lib/python3.12/site-packages/airflow/example_dags/example_params_trigger_ui.py for tasks to queue
[2024-10-28T08:35:26.263+0000] {logging_mixin.py:190} INFO - [2024-10-28T08:35:26.126+0000] {dagbag.py:588} INFO - Filling up the DagBag from /home/airflow/.local/lib/python3.12/site-packages/airflow/example_dags/example_params_trigger_ui.py
[2024-10-28T08:35:27.055+0000] {processor.py:925} INFO - DAG(s) 'example_params_trigger_ui' retrieved from /home/airflow/.local/lib/python3.12/site-packages/airflow/example_dags/example_params_trigger_ui.py
