[2024-10-28T03:20:08.103+0000] {processor.py:186} INFO - Started process (PID=113) to work on /home/airflow/.local/lib/python3.12/site-packages/airflow/example_dags/example_complex.py
[2024-10-28T03:20:08.108+0000] {processor.py:914} INFO - Processing file /home/airflow/.local/lib/python3.12/site-packages/airflow/example_dags/example_complex.py for tasks to queue
[2024-10-28T03:20:08.117+0000] {logging_mixin.py:190} INFO - [2024-10-28T03:20:08.116+0000] {dagbag.py:588} INFO - Filling up the DagBag from /home/airflow/.local/lib/python3.12/site-packages/airflow/example_dags/example_complex.py
[2024-10-28T03:20:08.332+0000] {processor.py:925} INFO - DAG(s) 'example_complex' retrieved from /home/airflow/.local/lib/python3.12/site-packages/airflow/example_dags/example_complex.py
[2024-10-28T03:20:08.699+0000] {logging_mixin.py:190} INFO - [2024-10-28T03:20:08.698+0000] {dag.py:3239} INFO - Sync 1 DAGs
[2024-10-28T03:20:08.815+0000] {logging_mixin.py:190} INFO - [2024-10-28T03:20:08.814+0000] {dag.py:4180} INFO - Setting next_dagrun for example_complex to None, run_after=None
[2024-10-28T03:20:09.018+0000] {processor.py:208} INFO - Processing /home/airflow/.local/lib/python3.12/site-packages/airflow/example_dags/example_complex.py took 0.949 seconds
[2024-10-28T03:20:51.573+0000] {processor.py:186} INFO - Started process (PID=181) to work on /home/airflow/.local/lib/python3.12/site-packages/airflow/example_dags/example_complex.py
[2024-10-28T03:20:51.599+0000] {processor.py:914} INFO - Processing file /home/airflow/.local/lib/python3.12/site-packages/airflow/example_dags/example_complex.py for tasks to queue
[2024-10-28T03:20:51.605+0000] {logging_mixin.py:190} INFO - [2024-10-28T03:20:51.604+0000] {dagbag.py:588} INFO - Filling up the DagBag from /home/airflow/.local/lib/python3.12/site-packages/airflow/example_dags/example_complex.py
[2024-10-28T03:20:51.800+0000] {processor.py:925} INFO - DAG(s) 'example_complex' retrieved from /home/airflow/.local/lib/python3.12/site-packages/airflow/example_dags/example_complex.py
[2024-10-28T03:20:52.470+0000] {logging_mixin.py:190} INFO - [2024-10-28T03:20:52.470+0000] {dag.py:3239} INFO - Sync 1 DAGs
[2024-10-28T03:20:52.671+0000] {logging_mixin.py:190} INFO - [2024-10-28T03:20:52.671+0000] {dag.py:4180} INFO - Setting next_dagrun for example_complex to None, run_after=None
[2024-10-28T03:20:52.879+0000] {processor.py:208} INFO - Processing /home/airflow/.local/lib/python3.12/site-packages/airflow/example_dags/example_complex.py took 1.357 seconds
[2024-10-28T03:21:23.523+0000] {processor.py:186} INFO - Started process (PID=245) to work on /home/airflow/.local/lib/python3.12/site-packages/airflow/example_dags/example_complex.py
[2024-10-28T03:21:23.539+0000] {processor.py:914} INFO - Processing file /home/airflow/.local/lib/python3.12/site-packages/airflow/example_dags/example_complex.py for tasks to queue
[2024-10-28T03:21:23.542+0000] {logging_mixin.py:190} INFO - [2024-10-28T03:21:23.541+0000] {dagbag.py:588} INFO - Filling up the DagBag from /home/airflow/.local/lib/python3.12/site-packages/airflow/example_dags/example_complex.py
[2024-10-28T03:21:23.625+0000] {processor.py:925} INFO - DAG(s) 'example_complex' retrieved from /home/airflow/.local/lib/python3.12/site-packages/airflow/example_dags/example_complex.py
[2024-10-28T03:21:23.925+0000] {logging_mixin.py:190} INFO - [2024-10-28T03:21:23.923+0000] {dag.py:3239} INFO - Sync 1 DAGs
[2024-10-28T03:21:24.066+0000] {logging_mixin.py:190} INFO - [2024-10-28T03:21:24.066+0000] {dag.py:4180} INFO - Setting next_dagrun for example_complex to None, run_after=None
[2024-10-28T03:21:24.284+0000] {processor.py:208} INFO - Processing /home/airflow/.local/lib/python3.12/site-packages/airflow/example_dags/example_complex.py took 0.804 seconds
[2024-10-28T03:22:18.226+0000] {processor.py:186} INFO - Started process (PID=311) to work on /home/airflow/.local/lib/python3.12/site-packages/airflow/example_dags/example_complex.py
[2024-10-28T03:22:18.232+0000] {processor.py:914} INFO - Processing file /home/airflow/.local/lib/python3.12/site-packages/airflow/example_dags/example_complex.py for tasks to queue
[2024-10-28T03:22:18.240+0000] {logging_mixin.py:190} INFO - [2024-10-28T03:22:18.240+0000] {dagbag.py:588} INFO - Filling up the DagBag from /home/airflow/.local/lib/python3.12/site-packages/airflow/example_dags/example_complex.py
[2024-10-28T03:22:18.317+0000] {processor.py:925} INFO - DAG(s) 'example_complex' retrieved from /home/airflow/.local/lib/python3.12/site-packages/airflow/example_dags/example_complex.py
[2024-10-28T03:22:18.399+0000] {logging_mixin.py:190} INFO - [2024-10-28T03:22:18.398+0000] {dag.py:3239} INFO - Sync 1 DAGs
[2024-10-28T03:22:18.470+0000] {logging_mixin.py:190} INFO - [2024-10-28T03:22:18.469+0000] {dag.py:4180} INFO - Setting next_dagrun for example_complex to None, run_after=None
[2024-10-28T03:22:18.556+0000] {processor.py:208} INFO - Processing /home/airflow/.local/lib/python3.12/site-packages/airflow/example_dags/example_complex.py took 0.368 seconds
[2024-10-28T03:24:02.179+0000] {processor.py:186} INFO - Started process (PID=391) to work on /home/airflow/.local/lib/python3.12/site-packages/airflow/example_dags/example_complex.py
[2024-10-28T03:24:02.227+0000] {processor.py:914} INFO - Processing file /home/airflow/.local/lib/python3.12/site-packages/airflow/example_dags/example_complex.py for tasks to queue
[2024-10-28T03:24:02.230+0000] {logging_mixin.py:190} INFO - [2024-10-28T03:24:02.229+0000] {dagbag.py:588} INFO - Filling up the DagBag from /home/airflow/.local/lib/python3.12/site-packages/airflow/example_dags/example_complex.py
[2024-10-28T03:24:02.443+0000] {processor.py:925} INFO - DAG(s) 'example_complex' retrieved from /home/airflow/.local/lib/python3.12/site-packages/airflow/example_dags/example_complex.py
[2024-10-28T03:24:02.752+0000] {logging_mixin.py:190} INFO - [2024-10-28T03:24:02.752+0000] {dag.py:3239} INFO - Sync 1 DAGs
[2024-10-28T03:24:02.906+0000] {logging_mixin.py:190} INFO - [2024-10-28T03:24:02.905+0000] {dag.py:4180} INFO - Setting next_dagrun for example_complex to None, run_after=None
[2024-10-28T03:24:03.083+0000] {processor.py:208} INFO - Processing /home/airflow/.local/lib/python3.12/site-packages/airflow/example_dags/example_complex.py took 0.937 seconds
[2024-10-28T03:26:26.556+0000] {processor.py:186} INFO - Started process (PID=489) to work on /home/airflow/.local/lib/python3.12/site-packages/airflow/example_dags/example_complex.py
[2024-10-28T03:26:26.598+0000] {processor.py:914} INFO - Processing file /home/airflow/.local/lib/python3.12/site-packages/airflow/example_dags/example_complex.py for tasks to queue
[2024-10-28T03:26:26.743+0000] {logging_mixin.py:190} INFO - [2024-10-28T03:26:26.740+0000] {dagbag.py:588} INFO - Filling up the DagBag from /home/airflow/.local/lib/python3.12/site-packages/airflow/example_dags/example_complex.py
[2024-10-28T03:26:27.037+0000] {processor.py:925} INFO - DAG(s) 'example_complex' retrieved from /home/airflow/.local/lib/python3.12/site-packages/airflow/example_dags/example_complex.py
[2024-10-28T03:26:27.605+0000] {logging_mixin.py:190} INFO - [2024-10-28T03:26:27.604+0000] {dag.py:3239} INFO - Sync 1 DAGs
[2024-10-28T03:26:27.739+0000] {logging_mixin.py:190} INFO - [2024-10-28T03:26:27.739+0000] {dag.py:4180} INFO - Setting next_dagrun for example_complex to None, run_after=None
[2024-10-28T03:26:28.303+0000] {processor.py:208} INFO - Processing /home/airflow/.local/lib/python3.12/site-packages/airflow/example_dags/example_complex.py took 2.009 seconds
[2024-10-28T03:27:39.711+0000] {processor.py:186} INFO - Started process (PID=570) to work on /home/airflow/.local/lib/python3.12/site-packages/airflow/example_dags/example_complex.py
[2024-10-28T03:27:39.723+0000] {processor.py:914} INFO - Processing file /home/airflow/.local/lib/python3.12/site-packages/airflow/example_dags/example_complex.py for tasks to queue
[2024-10-28T03:27:39.732+0000] {logging_mixin.py:190} INFO - [2024-10-28T03:27:39.731+0000] {dagbag.py:588} INFO - Filling up the DagBag from /home/airflow/.local/lib/python3.12/site-packages/airflow/example_dags/example_complex.py
[2024-10-28T03:27:39.999+0000] {processor.py:925} INFO - DAG(s) 'example_complex' retrieved from /home/airflow/.local/lib/python3.12/site-packages/airflow/example_dags/example_complex.py
[2024-10-28T03:27:40.540+0000] {logging_mixin.py:190} INFO - [2024-10-28T03:27:40.540+0000] {dag.py:3239} INFO - Sync 1 DAGs
[2024-10-28T03:27:40.797+0000] {logging_mixin.py:190} INFO - [2024-10-28T03:27:40.796+0000] {dag.py:4180} INFO - Setting next_dagrun for example_complex to None, run_after=None
[2024-10-28T03:27:41.039+0000] {processor.py:208} INFO - Processing /home/airflow/.local/lib/python3.12/site-packages/airflow/example_dags/example_complex.py took 1.380 seconds
[2024-10-28T03:28:50.121+0000] {processor.py:186} INFO - Started process (PID=643) to work on /home/airflow/.local/lib/python3.12/site-packages/airflow/example_dags/example_complex.py
[2024-10-28T03:28:50.125+0000] {processor.py:914} INFO - Processing file /home/airflow/.local/lib/python3.12/site-packages/airflow/example_dags/example_complex.py for tasks to queue
[2024-10-28T03:28:50.132+0000] {logging_mixin.py:190} INFO - [2024-10-28T03:28:50.131+0000] {dagbag.py:588} INFO - Filling up the DagBag from /home/airflow/.local/lib/python3.12/site-packages/airflow/example_dags/example_complex.py
[2024-10-28T03:28:50.452+0000] {processor.py:925} INFO - DAG(s) 'example_complex' retrieved from /home/airflow/.local/lib/python3.12/site-packages/airflow/example_dags/example_complex.py
[2024-10-28T03:28:51.107+0000] {logging_mixin.py:190} INFO - [2024-10-28T03:28:51.106+0000] {dag.py:3239} INFO - Sync 1 DAGs
[2024-10-28T03:28:51.246+0000] {logging_mixin.py:190} INFO - [2024-10-28T03:28:51.245+0000] {dag.py:4180} INFO - Setting next_dagrun for example_complex to None, run_after=None
[2024-10-28T03:28:51.580+0000] {processor.py:208} INFO - Processing /home/airflow/.local/lib/python3.12/site-packages/airflow/example_dags/example_complex.py took 1.555 seconds
[2024-10-28T03:30:04.892+0000] {processor.py:186} INFO - Started process (PID=713) to work on /home/airflow/.local/lib/python3.12/site-packages/airflow/example_dags/example_complex.py
[2024-10-28T03:30:04.927+0000] {processor.py:914} INFO - Processing file /home/airflow/.local/lib/python3.12/site-packages/airflow/example_dags/example_complex.py for tasks to queue
[2024-10-28T03:30:04.949+0000] {logging_mixin.py:190} INFO - [2024-10-28T03:30:04.948+0000] {dagbag.py:588} INFO - Filling up the DagBag from /home/airflow/.local/lib/python3.12/site-packages/airflow/example_dags/example_complex.py
[2024-10-28T03:30:05.318+0000] {processor.py:925} INFO - DAG(s) 'example_complex' retrieved from /home/airflow/.local/lib/python3.12/site-packages/airflow/example_dags/example_complex.py
[2024-10-28T03:30:06.544+0000] {logging_mixin.py:190} INFO - [2024-10-28T03:30:06.543+0000] {dag.py:3239} INFO - Sync 1 DAGs
[2024-10-28T03:30:07.526+0000] {logging_mixin.py:190} INFO - [2024-10-28T03:30:07.526+0000] {dag.py:4180} INFO - Setting next_dagrun for example_complex to None, run_after=None
[2024-10-28T03:30:08.256+0000] {processor.py:208} INFO - Processing /home/airflow/.local/lib/python3.12/site-packages/airflow/example_dags/example_complex.py took 3.440 seconds
[2024-10-28T03:31:13.279+0000] {processor.py:186} INFO - Started process (PID=792) to work on /home/airflow/.local/lib/python3.12/site-packages/airflow/example_dags/example_complex.py
[2024-10-28T03:31:13.284+0000] {processor.py:914} INFO - Processing file /home/airflow/.local/lib/python3.12/site-packages/airflow/example_dags/example_complex.py for tasks to queue
[2024-10-28T03:31:13.295+0000] {logging_mixin.py:190} INFO - [2024-10-28T03:31:13.289+0000] {dagbag.py:588} INFO - Filling up the DagBag from /home/airflow/.local/lib/python3.12/site-packages/airflow/example_dags/example_complex.py
[2024-10-28T03:31:13.561+0000] {processor.py:925} INFO - DAG(s) 'example_complex' retrieved from /home/airflow/.local/lib/python3.12/site-packages/airflow/example_dags/example_complex.py
[2024-10-28T03:31:13.995+0000] {logging_mixin.py:190} INFO - [2024-10-28T03:31:13.994+0000] {dag.py:3239} INFO - Sync 1 DAGs
[2024-10-28T03:31:14.134+0000] {logging_mixin.py:190} INFO - [2024-10-28T03:31:14.119+0000] {dag.py:4180} INFO - Setting next_dagrun for example_complex to None, run_after=None
[2024-10-28T03:31:14.464+0000] {processor.py:208} INFO - Processing /home/airflow/.local/lib/python3.12/site-packages/airflow/example_dags/example_complex.py took 1.224 seconds
[2024-10-28T03:31:48.982+0000] {processor.py:186} INFO - Started process (PID=849) to work on /home/airflow/.local/lib/python3.12/site-packages/airflow/example_dags/example_complex.py
[2024-10-28T03:31:48.985+0000] {processor.py:914} INFO - Processing file /home/airflow/.local/lib/python3.12/site-packages/airflow/example_dags/example_complex.py for tasks to queue
[2024-10-28T03:31:48.988+0000] {logging_mixin.py:190} INFO - [2024-10-28T03:31:48.987+0000] {dagbag.py:588} INFO - Filling up the DagBag from /home/airflow/.local/lib/python3.12/site-packages/airflow/example_dags/example_complex.py
[2024-10-28T03:31:49.055+0000] {processor.py:925} INFO - DAG(s) 'example_complex' retrieved from /home/airflow/.local/lib/python3.12/site-packages/airflow/example_dags/example_complex.py
[2024-10-28T03:31:49.177+0000] {logging_mixin.py:190} INFO - [2024-10-28T03:31:49.177+0000] {dag.py:3239} INFO - Sync 1 DAGs
[2024-10-28T03:31:49.223+0000] {logging_mixin.py:190} INFO - [2024-10-28T03:31:49.223+0000] {dag.py:4180} INFO - Setting next_dagrun for example_complex to None, run_after=None
[2024-10-28T03:31:49.276+0000] {processor.py:208} INFO - Processing /home/airflow/.local/lib/python3.12/site-packages/airflow/example_dags/example_complex.py took 0.323 seconds
[2024-10-28T03:32:19.547+0000] {processor.py:186} INFO - Started process (PID=911) to work on /home/airflow/.local/lib/python3.12/site-packages/airflow/example_dags/example_complex.py
[2024-10-28T03:32:19.550+0000] {processor.py:914} INFO - Processing file /home/airflow/.local/lib/python3.12/site-packages/airflow/example_dags/example_complex.py for tasks to queue
[2024-10-28T03:32:19.553+0000] {logging_mixin.py:190} INFO - [2024-10-28T03:32:19.552+0000] {dagbag.py:588} INFO - Filling up the DagBag from /home/airflow/.local/lib/python3.12/site-packages/airflow/example_dags/example_complex.py
[2024-10-28T03:32:19.593+0000] {processor.py:925} INFO - DAG(s) 'example_complex' retrieved from /home/airflow/.local/lib/python3.12/site-packages/airflow/example_dags/example_complex.py
[2024-10-28T03:32:19.695+0000] {logging_mixin.py:190} INFO - [2024-10-28T03:32:19.695+0000] {dag.py:3239} INFO - Sync 1 DAGs
[2024-10-28T03:32:19.784+0000] {logging_mixin.py:190} INFO - [2024-10-28T03:32:19.773+0000] {dag.py:4180} INFO - Setting next_dagrun for example_complex to None, run_after=None
[2024-10-28T03:32:19.865+0000] {processor.py:208} INFO - Processing /home/airflow/.local/lib/python3.12/site-packages/airflow/example_dags/example_complex.py took 0.332 seconds
[2024-10-28T03:33:15.861+0000] {processor.py:186} INFO - Started process (PID=976) to work on /home/airflow/.local/lib/python3.12/site-packages/airflow/example_dags/example_complex.py
[2024-10-28T03:33:15.885+0000] {processor.py:914} INFO - Processing file /home/airflow/.local/lib/python3.12/site-packages/airflow/example_dags/example_complex.py for tasks to queue
[2024-10-28T03:33:15.890+0000] {logging_mixin.py:190} INFO - [2024-10-28T03:33:15.889+0000] {dagbag.py:588} INFO - Filling up the DagBag from /home/airflow/.local/lib/python3.12/site-packages/airflow/example_dags/example_complex.py
[2024-10-28T03:33:16.003+0000] {processor.py:925} INFO - DAG(s) 'example_complex' retrieved from /home/airflow/.local/lib/python3.12/site-packages/airflow/example_dags/example_complex.py
[2024-10-28T03:33:16.167+0000] {logging_mixin.py:190} INFO - [2024-10-28T03:33:16.167+0000] {dag.py:3239} INFO - Sync 1 DAGs
[2024-10-28T03:33:16.258+0000] {logging_mixin.py:190} INFO - [2024-10-28T03:33:16.253+0000] {dag.py:4180} INFO - Setting next_dagrun for example_complex to None, run_after=None
[2024-10-28T03:33:16.459+0000] {processor.py:208} INFO - Processing /home/airflow/.local/lib/python3.12/site-packages/airflow/example_dags/example_complex.py took 0.653 seconds
[2024-10-28T03:33:46.912+0000] {processor.py:186} INFO - Started process (PID=1039) to work on /home/airflow/.local/lib/python3.12/site-packages/airflow/example_dags/example_complex.py
[2024-10-28T03:33:46.914+0000] {processor.py:914} INFO - Processing file /home/airflow/.local/lib/python3.12/site-packages/airflow/example_dags/example_complex.py for tasks to queue
[2024-10-28T03:33:46.917+0000] {logging_mixin.py:190} INFO - [2024-10-28T03:33:46.916+0000] {dagbag.py:588} INFO - Filling up the DagBag from /home/airflow/.local/lib/python3.12/site-packages/airflow/example_dags/example_complex.py
[2024-10-28T03:33:46.952+0000] {processor.py:925} INFO - DAG(s) 'example_complex' retrieved from /home/airflow/.local/lib/python3.12/site-packages/airflow/example_dags/example_complex.py
[2024-10-28T03:33:47.070+0000] {logging_mixin.py:190} INFO - [2024-10-28T03:33:47.069+0000] {dag.py:3239} INFO - Sync 1 DAGs
[2024-10-28T03:33:47.115+0000] {logging_mixin.py:190} INFO - [2024-10-28T03:33:47.114+0000] {dag.py:4180} INFO - Setting next_dagrun for example_complex to None, run_after=None
[2024-10-28T03:33:47.161+0000] {processor.py:208} INFO - Processing /home/airflow/.local/lib/python3.12/site-packages/airflow/example_dags/example_complex.py took 0.260 seconds
[2024-10-28T04:03:35.981+0000] {processor.py:186} INFO - Started process (PID=427) to work on /home/airflow/.local/lib/python3.12/site-packages/airflow/example_dags/example_complex.py
[2024-10-28T04:03:36.153+0000] {processor.py:914} INFO - Processing file /home/airflow/.local/lib/python3.12/site-packages/airflow/example_dags/example_complex.py for tasks to queue
[2024-10-28T04:03:36.387+0000] {logging_mixin.py:190} INFO - [2024-10-28T04:03:36.386+0000] {dagbag.py:588} INFO - Filling up the DagBag from /home/airflow/.local/lib/python3.12/site-packages/airflow/example_dags/example_complex.py
[2024-10-28T04:03:36.874+0000] {processor.py:925} INFO - DAG(s) 'example_complex' retrieved from /home/airflow/.local/lib/python3.12/site-packages/airflow/example_dags/example_complex.py
[2024-10-28T04:03:37.165+0000] {logging_mixin.py:190} INFO - [2024-10-28T04:03:37.164+0000] {dag.py:3239} INFO - Sync 1 DAGs
[2024-10-28T04:03:37.395+0000] {logging_mixin.py:190} INFO - [2024-10-28T04:03:37.395+0000] {dag.py:4180} INFO - Setting next_dagrun for example_complex to None, run_after=None
[2024-10-28T04:03:37.572+0000] {processor.py:208} INFO - Processing /home/airflow/.local/lib/python3.12/site-packages/airflow/example_dags/example_complex.py took 1.937 seconds
[2024-10-28T04:06:18.910+0000] {processor.py:186} INFO - Started process (PID=515) to work on /home/airflow/.local/lib/python3.12/site-packages/airflow/example_dags/example_complex.py
[2024-10-28T04:06:19.015+0000] {processor.py:914} INFO - Processing file /home/airflow/.local/lib/python3.12/site-packages/airflow/example_dags/example_complex.py for tasks to queue
[2024-10-28T04:06:19.021+0000] {logging_mixin.py:190} INFO - [2024-10-28T04:06:19.021+0000] {dagbag.py:588} INFO - Filling up the DagBag from /home/airflow/.local/lib/python3.12/site-packages/airflow/example_dags/example_complex.py
[2024-10-28T04:06:19.289+0000] {processor.py:925} INFO - DAG(s) 'example_complex' retrieved from /home/airflow/.local/lib/python3.12/site-packages/airflow/example_dags/example_complex.py
[2024-10-28T04:06:19.628+0000] {logging_mixin.py:190} INFO - [2024-10-28T04:06:19.627+0000] {dag.py:3239} INFO - Sync 1 DAGs
[2024-10-28T04:06:19.879+0000] {logging_mixin.py:190} INFO - [2024-10-28T04:06:19.878+0000] {dag.py:4180} INFO - Setting next_dagrun for example_complex to None, run_after=None
[2024-10-28T04:06:20.460+0000] {processor.py:208} INFO - Processing /home/airflow/.local/lib/python3.12/site-packages/airflow/example_dags/example_complex.py took 1.644 seconds
[2024-10-28T04:09:09.375+0000] {processor.py:186} INFO - Started process (PID=578) to work on /home/airflow/.local/lib/python3.12/site-packages/airflow/example_dags/example_complex.py
[2024-10-28T04:09:09.456+0000] {processor.py:914} INFO - Processing file /home/airflow/.local/lib/python3.12/site-packages/airflow/example_dags/example_complex.py for tasks to queue
[2024-10-28T04:09:09.505+0000] {logging_mixin.py:190} INFO - [2024-10-28T04:09:09.503+0000] {dagbag.py:588} INFO - Filling up the DagBag from /home/airflow/.local/lib/python3.12/site-packages/airflow/example_dags/example_complex.py
[2024-10-28T04:09:10.026+0000] {processor.py:925} INFO - DAG(s) 'example_complex' retrieved from /home/airflow/.local/lib/python3.12/site-packages/airflow/example_dags/example_complex.py
[2024-10-28T04:09:12.765+0000] {logging_mixin.py:190} INFO - [2024-10-28T04:09:12.764+0000] {dag.py:3239} INFO - Sync 1 DAGs
[2024-10-28T04:09:12.902+0000] {logging_mixin.py:190} INFO - [2024-10-28T04:09:12.901+0000] {dag.py:4180} INFO - Setting next_dagrun for example_complex to None, run_after=None
[2024-10-28T04:09:13.056+0000] {processor.py:208} INFO - Processing /home/airflow/.local/lib/python3.12/site-packages/airflow/example_dags/example_complex.py took 4.211 seconds
[2024-10-28T04:10:45.818+0000] {processor.py:186} INFO - Started process (PID=654) to work on /home/airflow/.local/lib/python3.12/site-packages/airflow/example_dags/example_complex.py
[2024-10-28T04:10:45.897+0000] {processor.py:914} INFO - Processing file /home/airflow/.local/lib/python3.12/site-packages/airflow/example_dags/example_complex.py for tasks to queue
[2024-10-28T04:10:47.756+0000] {logging_mixin.py:190} INFO - [2024-10-28T04:10:47.753+0000] {dagbag.py:588} INFO - Filling up the DagBag from /home/airflow/.local/lib/python3.12/site-packages/airflow/example_dags/example_complex.py
[2024-10-28T04:10:49.384+0000] {processor.py:925} INFO - DAG(s) 'example_complex' retrieved from /home/airflow/.local/lib/python3.12/site-packages/airflow/example_dags/example_complex.py
[2024-10-28T04:10:52.486+0000] {logging_mixin.py:190} INFO - [2024-10-28T04:10:52.484+0000] {dag.py:3239} INFO - Sync 1 DAGs
[2024-10-28T04:10:53.542+0000] {logging_mixin.py:190} INFO - [2024-10-28T04:10:53.541+0000] {dag.py:4180} INFO - Setting next_dagrun for example_complex to None, run_after=None
[2024-10-28T04:10:54.291+0000] {processor.py:208} INFO - Processing /home/airflow/.local/lib/python3.12/site-packages/airflow/example_dags/example_complex.py took 10.863 seconds
[2024-10-28T04:15:35.744+0000] {processor.py:186} INFO - Started process (PID=781) to work on /home/airflow/.local/lib/python3.12/site-packages/airflow/example_dags/example_complex.py
[2024-10-28T04:15:35.782+0000] {processor.py:914} INFO - Processing file /home/airflow/.local/lib/python3.12/site-packages/airflow/example_dags/example_complex.py for tasks to queue
[2024-10-28T04:15:35.792+0000] {logging_mixin.py:190} INFO - [2024-10-28T04:15:35.790+0000] {dagbag.py:588} INFO - Filling up the DagBag from /home/airflow/.local/lib/python3.12/site-packages/airflow/example_dags/example_complex.py
[2024-10-28T04:15:36.558+0000] {processor.py:925} INFO - DAG(s) 'example_complex' retrieved from /home/airflow/.local/lib/python3.12/site-packages/airflow/example_dags/example_complex.py
[2024-10-28T04:15:37.337+0000] {logging_mixin.py:190} INFO - [2024-10-28T04:15:37.336+0000] {dag.py:3239} INFO - Sync 1 DAGs
[2024-10-28T04:15:37.760+0000] {logging_mixin.py:190} INFO - [2024-10-28T04:15:37.759+0000] {dag.py:4180} INFO - Setting next_dagrun for example_complex to None, run_after=None
[2024-10-28T04:15:38.361+0000] {processor.py:208} INFO - Processing /home/airflow/.local/lib/python3.12/site-packages/airflow/example_dags/example_complex.py took 3.082 seconds
[2024-10-28T04:18:01.035+0000] {processor.py:186} INFO - Started process (PID=853) to work on /home/airflow/.local/lib/python3.12/site-packages/airflow/example_dags/example_complex.py
[2024-10-28T04:18:01.046+0000] {processor.py:914} INFO - Processing file /home/airflow/.local/lib/python3.12/site-packages/airflow/example_dags/example_complex.py for tasks to queue
[2024-10-28T04:18:01.066+0000] {logging_mixin.py:190} INFO - [2024-10-28T04:18:01.064+0000] {dagbag.py:588} INFO - Filling up the DagBag from /home/airflow/.local/lib/python3.12/site-packages/airflow/example_dags/example_complex.py
[2024-10-28T04:18:01.326+0000] {processor.py:925} INFO - DAG(s) 'example_complex' retrieved from /home/airflow/.local/lib/python3.12/site-packages/airflow/example_dags/example_complex.py
[2024-10-28T04:18:01.715+0000] {logging_mixin.py:190} INFO - [2024-10-28T04:18:01.714+0000] {dag.py:3239} INFO - Sync 1 DAGs
[2024-10-28T04:18:01.849+0000] {logging_mixin.py:190} INFO - [2024-10-28T04:18:01.849+0000] {dag.py:4180} INFO - Setting next_dagrun for example_complex to None, run_after=None
[2024-10-28T04:18:02.152+0000] {processor.py:208} INFO - Processing /home/airflow/.local/lib/python3.12/site-packages/airflow/example_dags/example_complex.py took 1.207 seconds
[2024-10-28T04:30:06.690+0000] {processor.py:186} INFO - Started process (PID=161) to work on /home/airflow/.local/lib/python3.12/site-packages/airflow/example_dags/example_complex.py
[2024-10-28T04:30:06.698+0000] {processor.py:914} INFO - Processing file /home/airflow/.local/lib/python3.12/site-packages/airflow/example_dags/example_complex.py for tasks to queue
[2024-10-28T04:30:06.723+0000] {logging_mixin.py:190} INFO - [2024-10-28T04:30:06.722+0000] {dagbag.py:588} INFO - Filling up the DagBag from /home/airflow/.local/lib/python3.12/site-packages/airflow/example_dags/example_complex.py
[2024-10-28T04:30:07.192+0000] {processor.py:925} INFO - DAG(s) 'example_complex' retrieved from /home/airflow/.local/lib/python3.12/site-packages/airflow/example_dags/example_complex.py
[2024-10-28T04:30:10.478+0000] {logging_mixin.py:190} INFO - [2024-10-28T04:30:10.477+0000] {dag.py:3239} INFO - Sync 1 DAGs
[2024-10-28T04:30:12.028+0000] {logging_mixin.py:190} INFO - [2024-10-28T04:30:12.026+0000] {dag.py:4180} INFO - Setting next_dagrun for example_complex to None, run_after=None
[2024-10-28T04:30:13.293+0000] {processor.py:208} INFO - Processing /home/airflow/.local/lib/python3.12/site-packages/airflow/example_dags/example_complex.py took 6.797 seconds
[2024-10-28T04:33:49.990+0000] {processor.py:186} INFO - Started process (PID=254) to work on /home/airflow/.local/lib/python3.12/site-packages/airflow/example_dags/example_complex.py
[2024-10-28T04:33:49.993+0000] {processor.py:914} INFO - Processing file /home/airflow/.local/lib/python3.12/site-packages/airflow/example_dags/example_complex.py for tasks to queue
[2024-10-28T04:33:50.019+0000] {logging_mixin.py:190} INFO - [2024-10-28T04:33:50.018+0000] {dagbag.py:588} INFO - Filling up the DagBag from /home/airflow/.local/lib/python3.12/site-packages/airflow/example_dags/example_complex.py
[2024-10-28T04:33:50.422+0000] {processor.py:925} INFO - DAG(s) 'example_complex' retrieved from /home/airflow/.local/lib/python3.12/site-packages/airflow/example_dags/example_complex.py
[2024-10-28T04:33:51.630+0000] {logging_mixin.py:190} INFO - [2024-10-28T04:33:51.629+0000] {dag.py:3239} INFO - Sync 1 DAGs
[2024-10-28T04:33:52.077+0000] {logging_mixin.py:190} INFO - [2024-10-28T04:33:52.061+0000] {dag.py:4180} INFO - Setting next_dagrun for example_complex to None, run_after=None
[2024-10-28T04:33:53.053+0000] {processor.py:208} INFO - Processing /home/airflow/.local/lib/python3.12/site-packages/airflow/example_dags/example_complex.py took 3.151 seconds
[2024-10-28T04:35:53.632+0000] {processor.py:186} INFO - Started process (PID=321) to work on /home/airflow/.local/lib/python3.12/site-packages/airflow/example_dags/example_complex.py
[2024-10-28T04:35:53.667+0000] {processor.py:914} INFO - Processing file /home/airflow/.local/lib/python3.12/site-packages/airflow/example_dags/example_complex.py for tasks to queue
[2024-10-28T04:35:53.674+0000] {logging_mixin.py:190} INFO - [2024-10-28T04:35:53.673+0000] {dagbag.py:588} INFO - Filling up the DagBag from /home/airflow/.local/lib/python3.12/site-packages/airflow/example_dags/example_complex.py
[2024-10-28T04:35:53.818+0000] {processor.py:925} INFO - DAG(s) 'example_complex' retrieved from /home/airflow/.local/lib/python3.12/site-packages/airflow/example_dags/example_complex.py
[2024-10-28T04:35:54.679+0000] {logging_mixin.py:190} INFO - [2024-10-28T04:35:54.678+0000] {dag.py:3239} INFO - Sync 1 DAGs
[2024-10-28T04:35:55.920+0000] {logging_mixin.py:190} INFO - [2024-10-28T04:35:55.919+0000] {dag.py:4180} INFO - Setting next_dagrun for example_complex to None, run_after=None
[2024-10-28T04:35:59.859+0000] {processor.py:208} INFO - Processing /home/airflow/.local/lib/python3.12/site-packages/airflow/example_dags/example_complex.py took 6.285 seconds
[2024-10-28T04:44:35.626+0000] {processor.py:186} INFO - Started process (PID=147) to work on /home/airflow/.local/lib/python3.12/site-packages/airflow/example_dags/example_complex.py
[2024-10-28T04:44:35.644+0000] {processor.py:914} INFO - Processing file /home/airflow/.local/lib/python3.12/site-packages/airflow/example_dags/example_complex.py for tasks to queue
[2024-10-28T04:44:35.672+0000] {logging_mixin.py:190} INFO - [2024-10-28T04:44:35.670+0000] {dagbag.py:588} INFO - Filling up the DagBag from /home/airflow/.local/lib/python3.12/site-packages/airflow/example_dags/example_complex.py
[2024-10-28T04:44:36.000+0000] {processor.py:925} INFO - DAG(s) 'example_complex' retrieved from /home/airflow/.local/lib/python3.12/site-packages/airflow/example_dags/example_complex.py
[2024-10-28T04:44:43.674+0000] {logging_mixin.py:190} INFO - [2024-10-28T04:44:43.666+0000] {override.py:1900} INFO - Created Permission View: can edit on DAG:example_complex
[2024-10-28T04:44:43.966+0000] {logging_mixin.py:190} INFO - [2024-10-28T04:44:43.965+0000] {override.py:1900} INFO - Created Permission View: can delete on DAG:example_complex
[2024-10-28T04:44:44.073+0000] {logging_mixin.py:190} INFO - [2024-10-28T04:44:44.071+0000] {override.py:1900} INFO - Created Permission View: can read on DAG:example_complex
[2024-10-28T04:44:44.313+0000] {logging_mixin.py:190} INFO - [2024-10-28T04:44:44.312+0000] {override.py:1900} INFO - Created Permission View: can create on DAG Run:example_complex
[2024-10-28T04:44:44.507+0000] {logging_mixin.py:190} INFO - [2024-10-28T04:44:44.505+0000] {override.py:1900} INFO - Created Permission View: can delete on DAG Run:example_complex
[2024-10-28T04:44:44.593+0000] {logging_mixin.py:190} INFO - [2024-10-28T04:44:44.592+0000] {override.py:1900} INFO - Created Permission View: menu access on DAG Run:example_complex
[2024-10-28T04:44:44.674+0000] {logging_mixin.py:190} INFO - [2024-10-28T04:44:44.673+0000] {override.py:1900} INFO - Created Permission View: can read on DAG Run:example_complex
[2024-10-28T04:44:44.686+0000] {logging_mixin.py:190} INFO - [2024-10-28T04:44:44.685+0000] {dag.py:3239} INFO - Sync 1 DAGs
[2024-10-28T04:44:45.010+0000] {logging_mixin.py:190} INFO - [2024-10-28T04:44:45.009+0000] {dag.py:3262} INFO - Creating ORM DAG for example_complex
[2024-10-28T04:44:45.046+0000] {logging_mixin.py:190} INFO - [2024-10-28T04:44:45.014+0000] {dag.py:4180} INFO - Setting next_dagrun for example_complex to None, run_after=None
[2024-10-28T04:44:45.482+0000] {processor.py:208} INFO - Processing /home/airflow/.local/lib/python3.12/site-packages/airflow/example_dags/example_complex.py took 9.973 seconds
[2024-10-28T04:47:44.196+0000] {processor.py:186} INFO - Started process (PID=241) to work on /home/airflow/.local/lib/python3.12/site-packages/airflow/example_dags/example_complex.py
[2024-10-28T04:47:44.213+0000] {processor.py:914} INFO - Processing file /home/airflow/.local/lib/python3.12/site-packages/airflow/example_dags/example_complex.py for tasks to queue
[2024-10-28T04:47:45.407+0000] {logging_mixin.py:190} INFO - [2024-10-28T04:47:45.369+0000] {dagbag.py:588} INFO - Filling up the DagBag from /home/airflow/.local/lib/python3.12/site-packages/airflow/example_dags/example_complex.py
[2024-10-28T04:47:45.855+0000] {processor.py:925} INFO - DAG(s) 'example_complex' retrieved from /home/airflow/.local/lib/python3.12/site-packages/airflow/example_dags/example_complex.py
[2024-10-28T04:47:46.516+0000] {logging_mixin.py:190} INFO - [2024-10-28T04:47:46.515+0000] {dag.py:3239} INFO - Sync 1 DAGs
[2024-10-28T04:47:46.995+0000] {logging_mixin.py:190} INFO - [2024-10-28T04:47:46.994+0000] {dag.py:4180} INFO - Setting next_dagrun for example_complex to None, run_after=None
[2024-10-28T04:47:47.354+0000] {processor.py:208} INFO - Processing /home/airflow/.local/lib/python3.12/site-packages/airflow/example_dags/example_complex.py took 3.336 seconds
[2024-10-28T06:30:33.594+0000] {processor.py:186} INFO - Started process (PID=201) to work on /home/airflow/.local/lib/python3.12/site-packages/airflow/example_dags/example_complex.py
[2024-10-28T06:30:33.609+0000] {processor.py:914} INFO - Processing file /home/airflow/.local/lib/python3.12/site-packages/airflow/example_dags/example_complex.py for tasks to queue
[2024-10-28T06:30:33.633+0000] {logging_mixin.py:190} INFO - [2024-10-28T06:30:33.631+0000] {dagbag.py:588} INFO - Filling up the DagBag from /home/airflow/.local/lib/python3.12/site-packages/airflow/example_dags/example_complex.py
[2024-10-28T06:30:33.850+0000] {processor.py:925} INFO - DAG(s) 'example_complex' retrieved from /home/airflow/.local/lib/python3.12/site-packages/airflow/example_dags/example_complex.py
[2024-10-28T06:30:37.088+0000] {logging_mixin.py:190} INFO - [2024-10-28T06:30:37.084+0000] {override.py:1900} INFO - Created Permission View: can edit on DAG:example_complex
[2024-10-28T06:30:37.281+0000] {logging_mixin.py:190} INFO - [2024-10-28T06:30:37.279+0000] {override.py:1900} INFO - Created Permission View: can read on DAG:example_complex
[2024-10-28T06:30:37.411+0000] {logging_mixin.py:190} INFO - [2024-10-28T06:30:37.406+0000] {override.py:1900} INFO - Created Permission View: can delete on DAG:example_complex
[2024-10-28T06:30:37.515+0000] {logging_mixin.py:190} INFO - [2024-10-28T06:30:37.514+0000] {override.py:1900} INFO - Created Permission View: menu access on DAG Run:example_complex
[2024-10-28T06:30:37.627+0000] {logging_mixin.py:190} INFO - [2024-10-28T06:30:37.626+0000] {override.py:1900} INFO - Created Permission View: can create on DAG Run:example_complex
[2024-10-28T06:30:37.705+0000] {logging_mixin.py:190} INFO - [2024-10-28T06:30:37.704+0000] {override.py:1900} INFO - Created Permission View: can read on DAG Run:example_complex
[2024-10-28T06:30:37.890+0000] {logging_mixin.py:190} INFO - [2024-10-28T06:30:37.889+0000] {override.py:1900} INFO - Created Permission View: can delete on DAG Run:example_complex
[2024-10-28T06:30:37.893+0000] {logging_mixin.py:190} INFO - [2024-10-28T06:30:37.893+0000] {dag.py:3239} INFO - Sync 1 DAGs
[2024-10-28T06:30:38.408+0000] {logging_mixin.py:190} INFO - [2024-10-28T06:30:38.370+0000] {dag.py:3262} INFO - Creating ORM DAG for example_complex
[2024-10-28T06:30:38.442+0000] {logging_mixin.py:190} INFO - [2024-10-28T06:30:38.441+0000] {dag.py:4180} INFO - Setting next_dagrun for example_complex to None, run_after=None
[2024-10-28T06:30:38.776+0000] {processor.py:208} INFO - Processing /home/airflow/.local/lib/python3.12/site-packages/airflow/example_dags/example_complex.py took 5.350 seconds
[2024-10-28T06:34:55.533+0000] {processor.py:186} INFO - Started process (PID=307) to work on /home/airflow/.local/lib/python3.12/site-packages/airflow/example_dags/example_complex.py
[2024-10-28T06:34:55.593+0000] {processor.py:914} INFO - Processing file /home/airflow/.local/lib/python3.12/site-packages/airflow/example_dags/example_complex.py for tasks to queue
[2024-10-28T06:34:55.632+0000] {logging_mixin.py:190} INFO - [2024-10-28T06:34:55.630+0000] {dagbag.py:588} INFO - Filling up the DagBag from /home/airflow/.local/lib/python3.12/site-packages/airflow/example_dags/example_complex.py
[2024-10-28T06:34:56.081+0000] {processor.py:925} INFO - DAG(s) 'example_complex' retrieved from /home/airflow/.local/lib/python3.12/site-packages/airflow/example_dags/example_complex.py
[2024-10-28T06:34:57.139+0000] {logging_mixin.py:190} INFO - [2024-10-28T06:34:57.138+0000] {dag.py:3239} INFO - Sync 1 DAGs
[2024-10-28T06:34:57.510+0000] {logging_mixin.py:190} INFO - [2024-10-28T06:34:57.509+0000] {dag.py:4180} INFO - Setting next_dagrun for example_complex to None, run_after=None
[2024-10-28T06:34:57.733+0000] {processor.py:208} INFO - Processing /home/airflow/.local/lib/python3.12/site-packages/airflow/example_dags/example_complex.py took 2.434 seconds
[2024-10-28T06:37:08.929+0000] {processor.py:186} INFO - Started process (PID=376) to work on /home/airflow/.local/lib/python3.12/site-packages/airflow/example_dags/example_complex.py
[2024-10-28T06:37:08.964+0000] {processor.py:914} INFO - Processing file /home/airflow/.local/lib/python3.12/site-packages/airflow/example_dags/example_complex.py for tasks to queue
[2024-10-28T06:37:08.982+0000] {logging_mixin.py:190} INFO - [2024-10-28T06:37:08.980+0000] {dagbag.py:588} INFO - Filling up the DagBag from /home/airflow/.local/lib/python3.12/site-packages/airflow/example_dags/example_complex.py
[2024-10-28T06:37:09.206+0000] {processor.py:925} INFO - DAG(s) 'example_complex' retrieved from /home/airflow/.local/lib/python3.12/site-packages/airflow/example_dags/example_complex.py
[2024-10-28T06:37:10.716+0000] {logging_mixin.py:190} INFO - [2024-10-28T06:37:10.696+0000] {dag.py:3239} INFO - Sync 1 DAGs
[2024-10-28T06:37:11.371+0000] {logging_mixin.py:190} INFO - [2024-10-28T06:37:11.370+0000] {dag.py:4180} INFO - Setting next_dagrun for example_complex to None, run_after=None
[2024-10-28T06:37:13.373+0000] {processor.py:208} INFO - Processing /home/airflow/.local/lib/python3.12/site-packages/airflow/example_dags/example_complex.py took 4.531 seconds
[2024-10-28T06:38:51.651+0000] {processor.py:186} INFO - Started process (PID=440) to work on /home/airflow/.local/lib/python3.12/site-packages/airflow/example_dags/example_complex.py
[2024-10-28T06:38:51.659+0000] {processor.py:914} INFO - Processing file /home/airflow/.local/lib/python3.12/site-packages/airflow/example_dags/example_complex.py for tasks to queue
[2024-10-28T06:38:51.682+0000] {logging_mixin.py:190} INFO - [2024-10-28T06:38:51.680+0000] {dagbag.py:588} INFO - Filling up the DagBag from /home/airflow/.local/lib/python3.12/site-packages/airflow/example_dags/example_complex.py
[2024-10-28T06:38:52.096+0000] {processor.py:925} INFO - DAG(s) 'example_complex' retrieved from /home/airflow/.local/lib/python3.12/site-packages/airflow/example_dags/example_complex.py
[2024-10-28T06:38:53.650+0000] {logging_mixin.py:190} INFO - [2024-10-28T06:38:53.638+0000] {dag.py:3239} INFO - Sync 1 DAGs
[2024-10-28T06:38:54.164+0000] {logging_mixin.py:190} INFO - [2024-10-28T06:38:54.163+0000] {dag.py:4180} INFO - Setting next_dagrun for example_complex to None, run_after=None
[2024-10-28T06:38:54.537+0000] {processor.py:208} INFO - Processing /home/airflow/.local/lib/python3.12/site-packages/airflow/example_dags/example_complex.py took 2.971 seconds
[2024-10-28T06:42:08.057+0000] {processor.py:186} INFO - Started process (PID=553) to work on /home/airflow/.local/lib/python3.12/site-packages/airflow/example_dags/example_complex.py
[2024-10-28T06:42:08.063+0000] {processor.py:914} INFO - Processing file /home/airflow/.local/lib/python3.12/site-packages/airflow/example_dags/example_complex.py for tasks to queue
[2024-10-28T06:42:08.077+0000] {logging_mixin.py:190} INFO - [2024-10-28T06:42:08.076+0000] {dagbag.py:588} INFO - Filling up the DagBag from /home/airflow/.local/lib/python3.12/site-packages/airflow/example_dags/example_complex.py
[2024-10-28T06:42:08.237+0000] {processor.py:925} INFO - DAG(s) 'example_complex' retrieved from /home/airflow/.local/lib/python3.12/site-packages/airflow/example_dags/example_complex.py
[2024-10-28T06:42:08.910+0000] {logging_mixin.py:190} INFO - [2024-10-28T06:42:08.909+0000] {dag.py:3239} INFO - Sync 1 DAGs
[2024-10-28T06:42:09.291+0000] {logging_mixin.py:190} INFO - [2024-10-28T06:42:09.290+0000] {dag.py:4180} INFO - Setting next_dagrun for example_complex to None, run_after=None
[2024-10-28T06:42:09.778+0000] {processor.py:208} INFO - Processing /home/airflow/.local/lib/python3.12/site-packages/airflow/example_dags/example_complex.py took 1.790 seconds
[2024-10-28T06:44:37.777+0000] {processor.py:186} INFO - Started process (PID=668) to work on /home/airflow/.local/lib/python3.12/site-packages/airflow/example_dags/example_complex.py
[2024-10-28T06:44:37.809+0000] {processor.py:914} INFO - Processing file /home/airflow/.local/lib/python3.12/site-packages/airflow/example_dags/example_complex.py for tasks to queue
[2024-10-28T06:44:37.872+0000] {logging_mixin.py:190} INFO - [2024-10-28T06:44:37.871+0000] {dagbag.py:588} INFO - Filling up the DagBag from /home/airflow/.local/lib/python3.12/site-packages/airflow/example_dags/example_complex.py
[2024-10-28T06:44:38.094+0000] {processor.py:925} INFO - DAG(s) 'example_complex' retrieved from /home/airflow/.local/lib/python3.12/site-packages/airflow/example_dags/example_complex.py
[2024-10-28T06:44:38.845+0000] {logging_mixin.py:190} INFO - [2024-10-28T06:44:38.844+0000] {dag.py:3239} INFO - Sync 1 DAGs
[2024-10-28T06:44:39.076+0000] {logging_mixin.py:190} INFO - [2024-10-28T06:44:39.075+0000] {dag.py:4180} INFO - Setting next_dagrun for example_complex to None, run_after=None
[2024-10-28T06:44:39.459+0000] {processor.py:208} INFO - Processing /home/airflow/.local/lib/python3.12/site-packages/airflow/example_dags/example_complex.py took 1.747 seconds
[2024-10-28T06:47:24.121+0000] {processor.py:186} INFO - Started process (PID=776) to work on /home/airflow/.local/lib/python3.12/site-packages/airflow/example_dags/example_complex.py
[2024-10-28T06:47:24.127+0000] {processor.py:914} INFO - Processing file /home/airflow/.local/lib/python3.12/site-packages/airflow/example_dags/example_complex.py for tasks to queue
[2024-10-28T06:47:24.133+0000] {logging_mixin.py:190} INFO - [2024-10-28T06:47:24.132+0000] {dagbag.py:588} INFO - Filling up the DagBag from /home/airflow/.local/lib/python3.12/site-packages/airflow/example_dags/example_complex.py
[2024-10-28T06:47:24.240+0000] {processor.py:925} INFO - DAG(s) 'example_complex' retrieved from /home/airflow/.local/lib/python3.12/site-packages/airflow/example_dags/example_complex.py
[2024-10-28T06:47:24.705+0000] {logging_mixin.py:190} INFO - [2024-10-28T06:47:24.704+0000] {dag.py:3239} INFO - Sync 1 DAGs
[2024-10-28T06:47:24.836+0000] {logging_mixin.py:190} INFO - [2024-10-28T06:47:24.835+0000] {dag.py:4180} INFO - Setting next_dagrun for example_complex to None, run_after=None
[2024-10-28T06:47:25.733+0000] {processor.py:208} INFO - Processing /home/airflow/.local/lib/python3.12/site-packages/airflow/example_dags/example_complex.py took 1.713 seconds
[2024-10-28T06:49:22.176+0000] {processor.py:186} INFO - Started process (PID=874) to work on /home/airflow/.local/lib/python3.12/site-packages/airflow/example_dags/example_complex.py
[2024-10-28T06:49:22.180+0000] {processor.py:914} INFO - Processing file /home/airflow/.local/lib/python3.12/site-packages/airflow/example_dags/example_complex.py for tasks to queue
[2024-10-28T06:49:22.241+0000] {logging_mixin.py:190} INFO - [2024-10-28T06:49:22.240+0000] {dagbag.py:588} INFO - Filling up the DagBag from /home/airflow/.local/lib/python3.12/site-packages/airflow/example_dags/example_complex.py
[2024-10-28T06:49:22.541+0000] {processor.py:925} INFO - DAG(s) 'example_complex' retrieved from /home/airflow/.local/lib/python3.12/site-packages/airflow/example_dags/example_complex.py
[2024-10-28T06:49:23.441+0000] {logging_mixin.py:190} INFO - [2024-10-28T06:49:23.440+0000] {dag.py:3239} INFO - Sync 1 DAGs
[2024-10-28T06:49:24.054+0000] {logging_mixin.py:190} INFO - [2024-10-28T06:49:24.053+0000] {dag.py:4180} INFO - Setting next_dagrun for example_complex to None, run_after=None
[2024-10-28T06:49:24.399+0000] {processor.py:208} INFO - Processing /home/airflow/.local/lib/python3.12/site-packages/airflow/example_dags/example_complex.py took 2.388 seconds
[2024-10-28T06:52:06.460+0000] {processor.py:186} INFO - Started process (PID=980) to work on /home/airflow/.local/lib/python3.12/site-packages/airflow/example_dags/example_complex.py
[2024-10-28T06:52:06.491+0000] {processor.py:914} INFO - Processing file /home/airflow/.local/lib/python3.12/site-packages/airflow/example_dags/example_complex.py for tasks to queue
[2024-10-28T06:52:06.505+0000] {logging_mixin.py:190} INFO - [2024-10-28T06:52:06.504+0000] {dagbag.py:588} INFO - Filling up the DagBag from /home/airflow/.local/lib/python3.12/site-packages/airflow/example_dags/example_complex.py
[2024-10-28T06:52:06.749+0000] {processor.py:925} INFO - DAG(s) 'example_complex' retrieved from /home/airflow/.local/lib/python3.12/site-packages/airflow/example_dags/example_complex.py
[2024-10-28T06:52:07.851+0000] {logging_mixin.py:190} INFO - [2024-10-28T06:52:07.850+0000] {dag.py:3239} INFO - Sync 1 DAGs
[2024-10-28T06:52:08.215+0000] {logging_mixin.py:190} INFO - [2024-10-28T06:52:08.214+0000] {dag.py:4180} INFO - Setting next_dagrun for example_complex to None, run_after=None
[2024-10-28T06:52:09.063+0000] {processor.py:208} INFO - Processing /home/airflow/.local/lib/python3.12/site-packages/airflow/example_dags/example_complex.py took 2.809 seconds
[2024-10-28T06:54:28.688+0000] {processor.py:186} INFO - Started process (PID=1049) to work on /home/airflow/.local/lib/python3.12/site-packages/airflow/example_dags/example_complex.py
[2024-10-28T06:54:28.925+0000] {processor.py:914} INFO - Processing file /home/airflow/.local/lib/python3.12/site-packages/airflow/example_dags/example_complex.py for tasks to queue
[2024-10-28T06:54:28.954+0000] {logging_mixin.py:190} INFO - [2024-10-28T06:54:28.952+0000] {dagbag.py:588} INFO - Filling up the DagBag from /home/airflow/.local/lib/python3.12/site-packages/airflow/example_dags/example_complex.py
[2024-10-28T06:54:29.408+0000] {processor.py:925} INFO - DAG(s) 'example_complex' retrieved from /home/airflow/.local/lib/python3.12/site-packages/airflow/example_dags/example_complex.py
[2024-10-28T06:54:32.600+0000] {logging_mixin.py:190} INFO - [2024-10-28T06:54:32.600+0000] {dag.py:3239} INFO - Sync 1 DAGs
[2024-10-28T06:54:32.696+0000] {logging_mixin.py:190} INFO - [2024-10-28T06:54:32.695+0000] {dag.py:4180} INFO - Setting next_dagrun for example_complex to None, run_after=None
[2024-10-28T06:54:33.620+0000] {processor.py:208} INFO - Processing /home/airflow/.local/lib/python3.12/site-packages/airflow/example_dags/example_complex.py took 5.116 seconds
[2024-10-28T06:56:09.661+0000] {processor.py:186} INFO - Started process (PID=1114) to work on /home/airflow/.local/lib/python3.12/site-packages/airflow/example_dags/example_complex.py
[2024-10-28T06:56:09.704+0000] {processor.py:914} INFO - Processing file /home/airflow/.local/lib/python3.12/site-packages/airflow/example_dags/example_complex.py for tasks to queue
[2024-10-28T06:56:09.727+0000] {logging_mixin.py:190} INFO - [2024-10-28T06:56:09.714+0000] {dagbag.py:588} INFO - Filling up the DagBag from /home/airflow/.local/lib/python3.12/site-packages/airflow/example_dags/example_complex.py
[2024-10-28T06:56:09.881+0000] {processor.py:925} INFO - DAG(s) 'example_complex' retrieved from /home/airflow/.local/lib/python3.12/site-packages/airflow/example_dags/example_complex.py
[2024-10-28T06:56:10.445+0000] {logging_mixin.py:190} INFO - [2024-10-28T06:56:10.443+0000] {dag.py:3239} INFO - Sync 1 DAGs
[2024-10-28T06:56:10.667+0000] {logging_mixin.py:190} INFO - [2024-10-28T06:56:10.666+0000] {dag.py:4180} INFO - Setting next_dagrun for example_complex to None, run_after=None
[2024-10-28T06:56:11.105+0000] {processor.py:208} INFO - Processing /home/airflow/.local/lib/python3.12/site-packages/airflow/example_dags/example_complex.py took 1.596 seconds
[2024-10-28T06:58:58.621+0000] {processor.py:186} INFO - Started process (PID=1222) to work on /home/airflow/.local/lib/python3.12/site-packages/airflow/example_dags/example_complex.py
[2024-10-28T06:58:58.638+0000] {processor.py:914} INFO - Processing file /home/airflow/.local/lib/python3.12/site-packages/airflow/example_dags/example_complex.py for tasks to queue
[2024-10-28T06:58:58.673+0000] {logging_mixin.py:190} INFO - [2024-10-28T06:58:58.671+0000] {dagbag.py:588} INFO - Filling up the DagBag from /home/airflow/.local/lib/python3.12/site-packages/airflow/example_dags/example_complex.py
[2024-10-28T06:58:58.902+0000] {processor.py:925} INFO - DAG(s) 'example_complex' retrieved from /home/airflow/.local/lib/python3.12/site-packages/airflow/example_dags/example_complex.py
[2024-10-28T06:58:59.509+0000] {logging_mixin.py:190} INFO - [2024-10-28T06:58:59.508+0000] {dag.py:3239} INFO - Sync 1 DAGs
[2024-10-28T06:58:59.720+0000] {logging_mixin.py:190} INFO - [2024-10-28T06:58:59.720+0000] {dag.py:4180} INFO - Setting next_dagrun for example_complex to None, run_after=None
[2024-10-28T06:58:59.963+0000] {processor.py:208} INFO - Processing /home/airflow/.local/lib/python3.12/site-packages/airflow/example_dags/example_complex.py took 1.465 seconds
[2024-10-28T07:01:33.258+0000] {processor.py:186} INFO - Started process (PID=1334) to work on /home/airflow/.local/lib/python3.12/site-packages/airflow/example_dags/example_complex.py
[2024-10-28T07:01:33.284+0000] {processor.py:914} INFO - Processing file /home/airflow/.local/lib/python3.12/site-packages/airflow/example_dags/example_complex.py for tasks to queue
[2024-10-28T07:01:33.306+0000] {logging_mixin.py:190} INFO - [2024-10-28T07:01:33.305+0000] {dagbag.py:588} INFO - Filling up the DagBag from /home/airflow/.local/lib/python3.12/site-packages/airflow/example_dags/example_complex.py
[2024-10-28T07:01:33.612+0000] {processor.py:925} INFO - DAG(s) 'example_complex' retrieved from /home/airflow/.local/lib/python3.12/site-packages/airflow/example_dags/example_complex.py
[2024-10-28T07:01:34.145+0000] {logging_mixin.py:190} INFO - [2024-10-28T07:01:34.144+0000] {dag.py:3239} INFO - Sync 1 DAGs
[2024-10-28T07:01:34.445+0000] {logging_mixin.py:190} INFO - [2024-10-28T07:01:34.444+0000] {dag.py:4180} INFO - Setting next_dagrun for example_complex to None, run_after=None
[2024-10-28T07:01:34.757+0000] {processor.py:208} INFO - Processing /home/airflow/.local/lib/python3.12/site-packages/airflow/example_dags/example_complex.py took 1.589 seconds
[2024-10-28T08:22:50.172+0000] {processor.py:186} INFO - Started process (PID=502) to work on /home/airflow/.local/lib/python3.12/site-packages/airflow/example_dags/example_complex.py
[2024-10-28T08:22:50.178+0000] {processor.py:914} INFO - Processing file /home/airflow/.local/lib/python3.12/site-packages/airflow/example_dags/example_complex.py for tasks to queue
[2024-10-28T08:22:50.204+0000] {logging_mixin.py:190} INFO - [2024-10-28T08:22:50.190+0000] {dagbag.py:588} INFO - Filling up the DagBag from /home/airflow/.local/lib/python3.12/site-packages/airflow/example_dags/example_complex.py
[2024-10-28T08:22:50.303+0000] {processor.py:925} INFO - DAG(s) 'example_complex' retrieved from /home/airflow/.local/lib/python3.12/site-packages/airflow/example_dags/example_complex.py
[2024-10-28T08:22:50.995+0000] {logging_mixin.py:190} INFO - [2024-10-28T08:22:50.994+0000] {dag.py:3239} INFO - Sync 1 DAGs
[2024-10-28T08:22:51.255+0000] {logging_mixin.py:190} INFO - [2024-10-28T08:22:51.254+0000] {dag.py:4180} INFO - Setting next_dagrun for example_complex to None, run_after=None
[2024-10-28T08:22:51.704+0000] {processor.py:208} INFO - Processing /home/airflow/.local/lib/python3.12/site-packages/airflow/example_dags/example_complex.py took 1.615 seconds
[2024-10-28T08:26:12.262+0000] {processor.py:186} INFO - Started process (PID=596) to work on /home/airflow/.local/lib/python3.12/site-packages/airflow/example_dags/example_complex.py
[2024-10-28T08:26:12.292+0000] {processor.py:914} INFO - Processing file /home/airflow/.local/lib/python3.12/site-packages/airflow/example_dags/example_complex.py for tasks to queue
[2024-10-28T08:26:12.375+0000] {logging_mixin.py:190} INFO - [2024-10-28T08:26:12.374+0000] {dagbag.py:588} INFO - Filling up the DagBag from /home/airflow/.local/lib/python3.12/site-packages/airflow/example_dags/example_complex.py
[2024-10-28T08:26:12.615+0000] {processor.py:925} INFO - DAG(s) 'example_complex' retrieved from /home/airflow/.local/lib/python3.12/site-packages/airflow/example_dags/example_complex.py
[2024-10-28T08:26:14.018+0000] {logging_mixin.py:190} INFO - [2024-10-28T08:26:14.016+0000] {dag.py:3239} INFO - Sync 1 DAGs
[2024-10-28T08:26:14.348+0000] {logging_mixin.py:190} INFO - [2024-10-28T08:26:14.347+0000] {dag.py:4180} INFO - Setting next_dagrun for example_complex to None, run_after=None
[2024-10-28T08:26:14.653+0000] {processor.py:208} INFO - Processing /home/airflow/.local/lib/python3.12/site-packages/airflow/example_dags/example_complex.py took 2.497 seconds
[2024-10-28T08:27:45.696+0000] {processor.py:186} INFO - Started process (PID=652) to work on /home/airflow/.local/lib/python3.12/site-packages/airflow/example_dags/example_complex.py
[2024-10-28T08:27:45.717+0000] {processor.py:914} INFO - Processing file /home/airflow/.local/lib/python3.12/site-packages/airflow/example_dags/example_complex.py for tasks to queue
[2024-10-28T08:27:45.732+0000] {logging_mixin.py:190} INFO - [2024-10-28T08:27:45.731+0000] {dagbag.py:588} INFO - Filling up the DagBag from /home/airflow/.local/lib/python3.12/site-packages/airflow/example_dags/example_complex.py
[2024-10-28T08:27:45.824+0000] {processor.py:925} INFO - DAG(s) 'example_complex' retrieved from /home/airflow/.local/lib/python3.12/site-packages/airflow/example_dags/example_complex.py
[2024-10-28T08:27:46.344+0000] {logging_mixin.py:190} INFO - [2024-10-28T08:27:46.343+0000] {dag.py:3239} INFO - Sync 1 DAGs
[2024-10-28T08:27:46.575+0000] {logging_mixin.py:190} INFO - [2024-10-28T08:27:46.575+0000] {dag.py:4180} INFO - Setting next_dagrun for example_complex to None, run_after=None
[2024-10-28T08:27:46.774+0000] {processor.py:208} INFO - Processing /home/airflow/.local/lib/python3.12/site-packages/airflow/example_dags/example_complex.py took 1.142 seconds
[2024-10-28T08:29:58.951+0000] {processor.py:186} INFO - Started process (PID=729) to work on /home/airflow/.local/lib/python3.12/site-packages/airflow/example_dags/example_complex.py
[2024-10-28T08:29:59.020+0000] {processor.py:914} INFO - Processing file /home/airflow/.local/lib/python3.12/site-packages/airflow/example_dags/example_complex.py for tasks to queue
[2024-10-28T08:29:59.025+0000] {logging_mixin.py:190} INFO - [2024-10-28T08:29:59.024+0000] {dagbag.py:588} INFO - Filling up the DagBag from /home/airflow/.local/lib/python3.12/site-packages/airflow/example_dags/example_complex.py
[2024-10-28T08:29:59.379+0000] {processor.py:925} INFO - DAG(s) 'example_complex' retrieved from /home/airflow/.local/lib/python3.12/site-packages/airflow/example_dags/example_complex.py
[2024-10-28T08:30:00.967+0000] {logging_mixin.py:190} INFO - [2024-10-28T08:30:00.966+0000] {dag.py:3239} INFO - Sync 1 DAGs
[2024-10-28T08:30:02.415+0000] {logging_mixin.py:190} INFO - [2024-10-28T08:30:02.414+0000] {dag.py:4180} INFO - Setting next_dagrun for example_complex to None, run_after=None
[2024-10-28T08:30:03.609+0000] {processor.py:208} INFO - Processing /home/airflow/.local/lib/python3.12/site-packages/airflow/example_dags/example_complex.py took 4.740 seconds
[2024-10-28T08:31:51.868+0000] {processor.py:186} INFO - Started process (PID=789) to work on /home/airflow/.local/lib/python3.12/site-packages/airflow/example_dags/example_complex.py
[2024-10-28T08:31:51.955+0000] {processor.py:914} INFO - Processing file /home/airflow/.local/lib/python3.12/site-packages/airflow/example_dags/example_complex.py for tasks to queue
[2024-10-28T08:31:51.961+0000] {logging_mixin.py:190} INFO - [2024-10-28T08:31:51.959+0000] {dagbag.py:588} INFO - Filling up the DagBag from /home/airflow/.local/lib/python3.12/site-packages/airflow/example_dags/example_complex.py
[2024-10-28T08:31:52.478+0000] {processor.py:925} INFO - DAG(s) 'example_complex' retrieved from /home/airflow/.local/lib/python3.12/site-packages/airflow/example_dags/example_complex.py
[2024-10-28T08:31:53.789+0000] {logging_mixin.py:190} INFO - [2024-10-28T08:31:53.788+0000] {dag.py:3239} INFO - Sync 1 DAGs
[2024-10-28T08:31:55.275+0000] {logging_mixin.py:190} INFO - [2024-10-28T08:31:55.143+0000] {dag.py:4180} INFO - Setting next_dagrun for example_complex to None, run_after=None
[2024-10-28T08:31:58.368+0000] {processor.py:208} INFO - Processing /home/airflow/.local/lib/python3.12/site-packages/airflow/example_dags/example_complex.py took 6.736 seconds
[2024-10-28T08:33:46.351+0000] {processor.py:186} INFO - Started process (PID=859) to work on /home/airflow/.local/lib/python3.12/site-packages/airflow/example_dags/example_complex.py
[2024-10-28T08:33:46.411+0000] {processor.py:914} INFO - Processing file /home/airflow/.local/lib/python3.12/site-packages/airflow/example_dags/example_complex.py for tasks to queue
[2024-10-28T08:33:46.425+0000] {logging_mixin.py:190} INFO - [2024-10-28T08:33:46.423+0000] {dagbag.py:588} INFO - Filling up the DagBag from /home/airflow/.local/lib/python3.12/site-packages/airflow/example_dags/example_complex.py
[2024-10-28T08:33:46.752+0000] {processor.py:925} INFO - DAG(s) 'example_complex' retrieved from /home/airflow/.local/lib/python3.12/site-packages/airflow/example_dags/example_complex.py
[2024-10-28T08:33:47.328+0000] {logging_mixin.py:190} INFO - [2024-10-28T08:33:47.328+0000] {dag.py:3239} INFO - Sync 1 DAGs
[2024-10-28T08:33:47.546+0000] {logging_mixin.py:190} INFO - [2024-10-28T08:33:47.544+0000] {dag.py:4180} INFO - Setting next_dagrun for example_complex to None, run_after=None
[2024-10-28T08:33:48.109+0000] {processor.py:208} INFO - Processing /home/airflow/.local/lib/python3.12/site-packages/airflow/example_dags/example_complex.py took 2.002 seconds
