[2024-10-28T03:20:07.051+0000] {processor.py:186} INFO - Started process (PID=111) to work on /home/airflow/.local/lib/python3.12/site-packages/airflow/example_dags/example_xcom.py
[2024-10-28T03:20:07.058+0000] {processor.py:914} INFO - Processing file /home/airflow/.local/lib/python3.12/site-packages/airflow/example_dags/example_xcom.py for tasks to queue
[2024-10-28T03:20:07.121+0000] {logging_mixin.py:190} INFO - [2024-10-28T03:20:07.087+0000] {dagbag.py:588} INFO - Filling up the DagBag from /home/airflow/.local/lib/python3.12/site-packages/airflow/example_dags/example_xcom.py
[2024-10-28T03:20:07.258+0000] {processor.py:925} INFO - DAG(s) 'example_xcom' retrieved from /home/airflow/.local/lib/python3.12/site-packages/airflow/example_dags/example_xcom.py
[2024-10-28T03:20:07.469+0000] {logging_mixin.py:190} INFO - [2024-10-28T03:20:07.468+0000] {dag.py:3239} INFO - Sync 1 DAGs
[2024-10-28T03:20:07.728+0000] {logging_mixin.py:190} INFO - [2024-10-28T03:20:07.728+0000] {dag.py:4180} INFO - Setting next_dagrun for example_xcom to 2021-01-01 00:00:00+00:00, run_after=2021-01-01 00:00:00+00:00
[2024-10-28T03:20:07.894+0000] {processor.py:208} INFO - Processing /home/airflow/.local/lib/python3.12/site-packages/airflow/example_dags/example_xcom.py took 0.940 seconds
[2024-10-28T03:20:50.199+0000] {processor.py:186} INFO - Started process (PID=174) to work on /home/airflow/.local/lib/python3.12/site-packages/airflow/example_dags/example_xcom.py
[2024-10-28T03:20:50.239+0000] {processor.py:914} INFO - Processing file /home/airflow/.local/lib/python3.12/site-packages/airflow/example_dags/example_xcom.py for tasks to queue
[2024-10-28T03:20:50.247+0000] {logging_mixin.py:190} INFO - [2024-10-28T03:20:50.243+0000] {dagbag.py:588} INFO - Filling up the DagBag from /home/airflow/.local/lib/python3.12/site-packages/airflow/example_dags/example_xcom.py
[2024-10-28T03:20:50.361+0000] {processor.py:925} INFO - DAG(s) 'example_xcom' retrieved from /home/airflow/.local/lib/python3.12/site-packages/airflow/example_dags/example_xcom.py
[2024-10-28T03:20:50.642+0000] {logging_mixin.py:190} INFO - [2024-10-28T03:20:50.641+0000] {dag.py:3239} INFO - Sync 1 DAGs
[2024-10-28T03:20:50.933+0000] {logging_mixin.py:190} INFO - [2024-10-28T03:20:50.930+0000] {dag.py:4180} INFO - Setting next_dagrun for example_xcom to 2021-01-01 00:00:00+00:00, run_after=2021-01-01 00:00:00+00:00
[2024-10-28T03:20:51.213+0000] {processor.py:208} INFO - Processing /home/airflow/.local/lib/python3.12/site-packages/airflow/example_dags/example_xcom.py took 1.202 seconds
[2024-10-28T03:21:21.931+0000] {processor.py:186} INFO - Started process (PID=243) to work on /home/airflow/.local/lib/python3.12/site-packages/airflow/example_dags/example_xcom.py
[2024-10-28T03:21:21.933+0000] {processor.py:914} INFO - Processing file /home/airflow/.local/lib/python3.12/site-packages/airflow/example_dags/example_xcom.py for tasks to queue
[2024-10-28T03:21:21.935+0000] {logging_mixin.py:190} INFO - [2024-10-28T03:21:21.935+0000] {dagbag.py:588} INFO - Filling up the DagBag from /home/airflow/.local/lib/python3.12/site-packages/airflow/example_dags/example_xcom.py
[2024-10-28T03:21:21.971+0000] {processor.py:925} INFO - DAG(s) 'example_xcom' retrieved from /home/airflow/.local/lib/python3.12/site-packages/airflow/example_dags/example_xcom.py
[2024-10-28T03:21:22.022+0000] {logging_mixin.py:190} INFO - [2024-10-28T03:21:22.021+0000] {dag.py:3239} INFO - Sync 1 DAGs
[2024-10-28T03:21:22.094+0000] {logging_mixin.py:190} INFO - [2024-10-28T03:21:22.094+0000] {dag.py:4180} INFO - Setting next_dagrun for example_xcom to 2021-01-01 00:00:00+00:00, run_after=2021-01-01 00:00:00+00:00
[2024-10-28T03:21:22.196+0000] {processor.py:208} INFO - Processing /home/airflow/.local/lib/python3.12/site-packages/airflow/example_dags/example_xcom.py took 0.284 seconds
[2024-10-28T03:22:17.169+0000] {processor.py:186} INFO - Started process (PID=309) to work on /home/airflow/.local/lib/python3.12/site-packages/airflow/example_dags/example_xcom.py
[2024-10-28T03:22:17.178+0000] {processor.py:914} INFO - Processing file /home/airflow/.local/lib/python3.12/site-packages/airflow/example_dags/example_xcom.py for tasks to queue
[2024-10-28T03:22:17.202+0000] {logging_mixin.py:190} INFO - [2024-10-28T03:22:17.195+0000] {dagbag.py:588} INFO - Filling up the DagBag from /home/airflow/.local/lib/python3.12/site-packages/airflow/example_dags/example_xcom.py
[2024-10-28T03:22:17.267+0000] {processor.py:925} INFO - DAG(s) 'example_xcom' retrieved from /home/airflow/.local/lib/python3.12/site-packages/airflow/example_dags/example_xcom.py
[2024-10-28T03:22:17.380+0000] {logging_mixin.py:190} INFO - [2024-10-28T03:22:17.379+0000] {dag.py:3239} INFO - Sync 1 DAGs
[2024-10-28T03:22:17.518+0000] {logging_mixin.py:190} INFO - [2024-10-28T03:22:17.517+0000] {dag.py:4180} INFO - Setting next_dagrun for example_xcom to 2021-01-01 00:00:00+00:00, run_after=2021-01-01 00:00:00+00:00
[2024-10-28T03:22:17.633+0000] {processor.py:208} INFO - Processing /home/airflow/.local/lib/python3.12/site-packages/airflow/example_dags/example_xcom.py took 0.505 seconds
[2024-10-28T03:24:00.772+0000] {processor.py:186} INFO - Started process (PID=389) to work on /home/airflow/.local/lib/python3.12/site-packages/airflow/example_dags/example_xcom.py
[2024-10-28T03:24:00.791+0000] {processor.py:914} INFO - Processing file /home/airflow/.local/lib/python3.12/site-packages/airflow/example_dags/example_xcom.py for tasks to queue
[2024-10-28T03:24:00.794+0000] {logging_mixin.py:190} INFO - [2024-10-28T03:24:00.793+0000] {dagbag.py:588} INFO - Filling up the DagBag from /home/airflow/.local/lib/python3.12/site-packages/airflow/example_dags/example_xcom.py
[2024-10-28T03:24:00.904+0000] {processor.py:925} INFO - DAG(s) 'example_xcom' retrieved from /home/airflow/.local/lib/python3.12/site-packages/airflow/example_dags/example_xcom.py
[2024-10-28T03:24:01.292+0000] {logging_mixin.py:190} INFO - [2024-10-28T03:24:01.292+0000] {dag.py:3239} INFO - Sync 1 DAGs
[2024-10-28T03:24:01.576+0000] {logging_mixin.py:190} INFO - [2024-10-28T03:24:01.575+0000] {dag.py:4180} INFO - Setting next_dagrun for example_xcom to 2021-01-01 00:00:00+00:00, run_after=2021-01-01 00:00:00+00:00
[2024-10-28T03:24:01.902+0000] {processor.py:208} INFO - Processing /home/airflow/.local/lib/python3.12/site-packages/airflow/example_dags/example_xcom.py took 1.235 seconds
[2024-10-28T03:26:23.507+0000] {processor.py:186} INFO - Started process (PID=487) to work on /home/airflow/.local/lib/python3.12/site-packages/airflow/example_dags/example_xcom.py
[2024-10-28T03:26:23.529+0000] {processor.py:914} INFO - Processing file /home/airflow/.local/lib/python3.12/site-packages/airflow/example_dags/example_xcom.py for tasks to queue
[2024-10-28T03:26:23.535+0000] {logging_mixin.py:190} INFO - [2024-10-28T03:26:23.534+0000] {dagbag.py:588} INFO - Filling up the DagBag from /home/airflow/.local/lib/python3.12/site-packages/airflow/example_dags/example_xcom.py
[2024-10-28T03:26:23.828+0000] {processor.py:925} INFO - DAG(s) 'example_xcom' retrieved from /home/airflow/.local/lib/python3.12/site-packages/airflow/example_dags/example_xcom.py
[2024-10-28T03:26:24.721+0000] {logging_mixin.py:190} INFO - [2024-10-28T03:26:24.721+0000] {dag.py:3239} INFO - Sync 1 DAGs
[2024-10-28T03:26:25.155+0000] {logging_mixin.py:190} INFO - [2024-10-28T03:26:25.154+0000] {dag.py:4180} INFO - Setting next_dagrun for example_xcom to 2021-01-01 00:00:00+00:00, run_after=2021-01-01 00:00:00+00:00
[2024-10-28T03:26:25.752+0000] {processor.py:208} INFO - Processing /home/airflow/.local/lib/python3.12/site-packages/airflow/example_dags/example_xcom.py took 2.338 seconds
[2024-10-28T03:27:36.412+0000] {processor.py:186} INFO - Started process (PID=568) to work on /home/airflow/.local/lib/python3.12/site-packages/airflow/example_dags/example_xcom.py
[2024-10-28T03:27:36.425+0000] {processor.py:914} INFO - Processing file /home/airflow/.local/lib/python3.12/site-packages/airflow/example_dags/example_xcom.py for tasks to queue
[2024-10-28T03:27:36.486+0000] {logging_mixin.py:190} INFO - [2024-10-28T03:27:36.433+0000] {dagbag.py:588} INFO - Filling up the DagBag from /home/airflow/.local/lib/python3.12/site-packages/airflow/example_dags/example_xcom.py
[2024-10-28T03:27:36.800+0000] {processor.py:925} INFO - DAG(s) 'example_xcom' retrieved from /home/airflow/.local/lib/python3.12/site-packages/airflow/example_dags/example_xcom.py
[2024-10-28T03:27:38.301+0000] {logging_mixin.py:190} INFO - [2024-10-28T03:27:38.300+0000] {dag.py:3239} INFO - Sync 1 DAGs
[2024-10-28T03:27:38.916+0000] {logging_mixin.py:190} INFO - [2024-10-28T03:27:38.916+0000] {dag.py:4180} INFO - Setting next_dagrun for example_xcom to 2021-01-01 00:00:00+00:00, run_after=2021-01-01 00:00:00+00:00
[2024-10-28T03:27:39.202+0000] {processor.py:208} INFO - Processing /home/airflow/.local/lib/python3.12/site-packages/airflow/example_dags/example_xcom.py took 2.970 seconds
[2024-10-28T03:28:48.531+0000] {processor.py:186} INFO - Started process (PID=641) to work on /home/airflow/.local/lib/python3.12/site-packages/airflow/example_dags/example_xcom.py
[2024-10-28T03:28:48.551+0000] {processor.py:914} INFO - Processing file /home/airflow/.local/lib/python3.12/site-packages/airflow/example_dags/example_xcom.py for tasks to queue
[2024-10-28T03:28:48.557+0000] {logging_mixin.py:190} INFO - [2024-10-28T03:28:48.555+0000] {dagbag.py:588} INFO - Filling up the DagBag from /home/airflow/.local/lib/python3.12/site-packages/airflow/example_dags/example_xcom.py
[2024-10-28T03:28:48.789+0000] {processor.py:925} INFO - DAG(s) 'example_xcom' retrieved from /home/airflow/.local/lib/python3.12/site-packages/airflow/example_dags/example_xcom.py
[2024-10-28T03:28:49.206+0000] {logging_mixin.py:190} INFO - [2024-10-28T03:28:49.205+0000] {dag.py:3239} INFO - Sync 1 DAGs
[2024-10-28T03:28:49.482+0000] {logging_mixin.py:190} INFO - [2024-10-28T03:28:49.481+0000] {dag.py:4180} INFO - Setting next_dagrun for example_xcom to 2021-01-01 00:00:00+00:00, run_after=2021-01-01 00:00:00+00:00
[2024-10-28T03:28:49.712+0000] {processor.py:208} INFO - Processing /home/airflow/.local/lib/python3.12/site-packages/airflow/example_dags/example_xcom.py took 1.358 seconds
[2024-10-28T03:29:58.548+0000] {processor.py:186} INFO - Started process (PID=711) to work on /home/airflow/.local/lib/python3.12/site-packages/airflow/example_dags/example_xcom.py
[2024-10-28T03:29:58.633+0000] {processor.py:914} INFO - Processing file /home/airflow/.local/lib/python3.12/site-packages/airflow/example_dags/example_xcom.py for tasks to queue
[2024-10-28T03:29:58.655+0000] {logging_mixin.py:190} INFO - [2024-10-28T03:29:58.654+0000] {dagbag.py:588} INFO - Filling up the DagBag from /home/airflow/.local/lib/python3.12/site-packages/airflow/example_dags/example_xcom.py
[2024-10-28T03:29:59.067+0000] {processor.py:925} INFO - DAG(s) 'example_xcom' retrieved from /home/airflow/.local/lib/python3.12/site-packages/airflow/example_dags/example_xcom.py
[2024-10-28T03:29:59.569+0000] {logging_mixin.py:190} INFO - [2024-10-28T03:29:59.568+0000] {dag.py:3239} INFO - Sync 1 DAGs
[2024-10-28T03:30:01.425+0000] {logging_mixin.py:190} INFO - [2024-10-28T03:30:01.424+0000] {dag.py:4180} INFO - Setting next_dagrun for example_xcom to 2021-01-01 00:00:00+00:00, run_after=2021-01-01 00:00:00+00:00
[2024-10-28T03:30:04.137+0000] {processor.py:208} INFO - Processing /home/airflow/.local/lib/python3.12/site-packages/airflow/example_dags/example_xcom.py took 5.936 seconds
[2024-10-28T03:30:55.451+0000] {processor.py:186} INFO - Started process (PID=772) to work on /home/airflow/.local/lib/python3.12/site-packages/airflow/example_dags/example_xcom.py
[2024-10-28T03:30:55.457+0000] {processor.py:914} INFO - Processing file /home/airflow/.local/lib/python3.12/site-packages/airflow/example_dags/example_xcom.py for tasks to queue
[2024-10-28T03:30:55.472+0000] {logging_mixin.py:190} INFO - [2024-10-28T03:30:55.471+0000] {dagbag.py:588} INFO - Filling up the DagBag from /home/airflow/.local/lib/python3.12/site-packages/airflow/example_dags/example_xcom.py
[2024-10-28T03:30:55.553+0000] {processor.py:925} INFO - DAG(s) 'example_xcom' retrieved from /home/airflow/.local/lib/python3.12/site-packages/airflow/example_dags/example_xcom.py
[2024-10-28T03:30:55.635+0000] {logging_mixin.py:190} INFO - [2024-10-28T03:30:55.629+0000] {dag.py:3239} INFO - Sync 1 DAGs
[2024-10-28T03:30:55.809+0000] {logging_mixin.py:190} INFO - [2024-10-28T03:30:55.809+0000] {dag.py:4180} INFO - Setting next_dagrun for example_xcom to 2021-01-01 00:00:00+00:00, run_after=2021-01-01 00:00:00+00:00
[2024-10-28T03:30:56.219+0000] {processor.py:208} INFO - Processing /home/airflow/.local/lib/python3.12/site-packages/airflow/example_dags/example_xcom.py took 0.840 seconds
[2024-10-28T03:31:47.267+0000] {processor.py:186} INFO - Started process (PID=841) to work on /home/airflow/.local/lib/python3.12/site-packages/airflow/example_dags/example_xcom.py
[2024-10-28T03:31:47.279+0000] {processor.py:914} INFO - Processing file /home/airflow/.local/lib/python3.12/site-packages/airflow/example_dags/example_xcom.py for tasks to queue
[2024-10-28T03:31:47.285+0000] {logging_mixin.py:190} INFO - [2024-10-28T03:31:47.283+0000] {dagbag.py:588} INFO - Filling up the DagBag from /home/airflow/.local/lib/python3.12/site-packages/airflow/example_dags/example_xcom.py
[2024-10-28T03:31:47.347+0000] {processor.py:925} INFO - DAG(s) 'example_xcom' retrieved from /home/airflow/.local/lib/python3.12/site-packages/airflow/example_dags/example_xcom.py
[2024-10-28T03:31:47.434+0000] {logging_mixin.py:190} INFO - [2024-10-28T03:31:47.433+0000] {dag.py:3239} INFO - Sync 1 DAGs
[2024-10-28T03:31:47.514+0000] {logging_mixin.py:190} INFO - [2024-10-28T03:31:47.513+0000] {dag.py:4180} INFO - Setting next_dagrun for example_xcom to 2021-01-01 00:00:00+00:00, run_after=2021-01-01 00:00:00+00:00
[2024-10-28T03:31:47.588+0000] {processor.py:208} INFO - Processing /home/airflow/.local/lib/python3.12/site-packages/airflow/example_dags/example_xcom.py took 0.348 seconds
[2024-10-28T03:32:18.179+0000] {processor.py:186} INFO - Started process (PID=903) to work on /home/airflow/.local/lib/python3.12/site-packages/airflow/example_dags/example_xcom.py
[2024-10-28T03:32:18.181+0000] {processor.py:914} INFO - Processing file /home/airflow/.local/lib/python3.12/site-packages/airflow/example_dags/example_xcom.py for tasks to queue
[2024-10-28T03:32:18.186+0000] {logging_mixin.py:190} INFO - [2024-10-28T03:32:18.185+0000] {dagbag.py:588} INFO - Filling up the DagBag from /home/airflow/.local/lib/python3.12/site-packages/airflow/example_dags/example_xcom.py
[2024-10-28T03:32:18.222+0000] {processor.py:925} INFO - DAG(s) 'example_xcom' retrieved from /home/airflow/.local/lib/python3.12/site-packages/airflow/example_dags/example_xcom.py
[2024-10-28T03:32:18.280+0000] {logging_mixin.py:190} INFO - [2024-10-28T03:32:18.280+0000] {dag.py:3239} INFO - Sync 1 DAGs
[2024-10-28T03:32:18.340+0000] {logging_mixin.py:190} INFO - [2024-10-28T03:32:18.339+0000] {dag.py:4180} INFO - Setting next_dagrun for example_xcom to 2021-01-01 00:00:00+00:00, run_after=2021-01-01 00:00:00+00:00
[2024-10-28T03:32:18.389+0000] {processor.py:208} INFO - Processing /home/airflow/.local/lib/python3.12/site-packages/airflow/example_dags/example_xcom.py took 0.225 seconds
[2024-10-28T03:33:14.576+0000] {processor.py:186} INFO - Started process (PID=974) to work on /home/airflow/.local/lib/python3.12/site-packages/airflow/example_dags/example_xcom.py
[2024-10-28T03:33:14.581+0000] {processor.py:914} INFO - Processing file /home/airflow/.local/lib/python3.12/site-packages/airflow/example_dags/example_xcom.py for tasks to queue
[2024-10-28T03:33:14.592+0000] {logging_mixin.py:190} INFO - [2024-10-28T03:33:14.591+0000] {dagbag.py:588} INFO - Filling up the DagBag from /home/airflow/.local/lib/python3.12/site-packages/airflow/example_dags/example_xcom.py
[2024-10-28T03:33:14.698+0000] {processor.py:925} INFO - DAG(s) 'example_xcom' retrieved from /home/airflow/.local/lib/python3.12/site-packages/airflow/example_dags/example_xcom.py
[2024-10-28T03:33:14.951+0000] {logging_mixin.py:190} INFO - [2024-10-28T03:33:14.950+0000] {dag.py:3239} INFO - Sync 1 DAGs
[2024-10-28T03:33:15.284+0000] {logging_mixin.py:190} INFO - [2024-10-28T03:33:15.283+0000] {dag.py:4180} INFO - Setting next_dagrun for example_xcom to 2021-01-01 00:00:00+00:00, run_after=2021-01-01 00:00:00+00:00
[2024-10-28T03:33:15.590+0000] {processor.py:208} INFO - Processing /home/airflow/.local/lib/python3.12/site-packages/airflow/example_dags/example_xcom.py took 1.058 seconds
[2024-10-28T03:33:45.900+0000] {processor.py:186} INFO - Started process (PID=1037) to work on /home/airflow/.local/lib/python3.12/site-packages/airflow/example_dags/example_xcom.py
[2024-10-28T03:33:45.901+0000] {processor.py:914} INFO - Processing file /home/airflow/.local/lib/python3.12/site-packages/airflow/example_dags/example_xcom.py for tasks to queue
[2024-10-28T03:33:45.904+0000] {logging_mixin.py:190} INFO - [2024-10-28T03:33:45.903+0000] {dagbag.py:588} INFO - Filling up the DagBag from /home/airflow/.local/lib/python3.12/site-packages/airflow/example_dags/example_xcom.py
[2024-10-28T03:33:45.918+0000] {processor.py:925} INFO - DAG(s) 'example_xcom' retrieved from /home/airflow/.local/lib/python3.12/site-packages/airflow/example_dags/example_xcom.py
[2024-10-28T03:33:45.948+0000] {logging_mixin.py:190} INFO - [2024-10-28T03:33:45.948+0000] {dag.py:3239} INFO - Sync 1 DAGs
[2024-10-28T03:33:45.982+0000] {logging_mixin.py:190} INFO - [2024-10-28T03:33:45.981+0000] {dag.py:4180} INFO - Setting next_dagrun for example_xcom to 2021-01-01 00:00:00+00:00, run_after=2021-01-01 00:00:00+00:00
[2024-10-28T03:33:46.007+0000] {processor.py:208} INFO - Processing /home/airflow/.local/lib/python3.12/site-packages/airflow/example_dags/example_xcom.py took 0.121 seconds
[2024-10-28T04:03:33.416+0000] {processor.py:186} INFO - Started process (PID=419) to work on /home/airflow/.local/lib/python3.12/site-packages/airflow/example_dags/example_xcom.py
[2024-10-28T04:03:33.445+0000] {processor.py:914} INFO - Processing file /home/airflow/.local/lib/python3.12/site-packages/airflow/example_dags/example_xcom.py for tasks to queue
[2024-10-28T04:03:33.507+0000] {logging_mixin.py:190} INFO - [2024-10-28T04:03:33.505+0000] {dagbag.py:588} INFO - Filling up the DagBag from /home/airflow/.local/lib/python3.12/site-packages/airflow/example_dags/example_xcom.py
[2024-10-28T04:03:33.903+0000] {processor.py:925} INFO - DAG(s) 'example_xcom' retrieved from /home/airflow/.local/lib/python3.12/site-packages/airflow/example_dags/example_xcom.py
[2024-10-28T04:03:34.354+0000] {logging_mixin.py:190} INFO - [2024-10-28T04:03:34.353+0000] {dag.py:3239} INFO - Sync 1 DAGs
[2024-10-28T04:03:34.673+0000] {logging_mixin.py:190} INFO - [2024-10-28T04:03:34.673+0000] {dag.py:4180} INFO - Setting next_dagrun for example_xcom to 2021-01-01 00:00:00+00:00, run_after=2021-01-01 00:00:00+00:00
[2024-10-28T04:03:34.906+0000] {processor.py:208} INFO - Processing /home/airflow/.local/lib/python3.12/site-packages/airflow/example_dags/example_xcom.py took 1.575 seconds
[2024-10-28T04:06:17.050+0000] {processor.py:186} INFO - Started process (PID=513) to work on /home/airflow/.local/lib/python3.12/site-packages/airflow/example_dags/example_xcom.py
[2024-10-28T04:06:17.057+0000] {processor.py:914} INFO - Processing file /home/airflow/.local/lib/python3.12/site-packages/airflow/example_dags/example_xcom.py for tasks to queue
[2024-10-28T04:06:17.080+0000] {logging_mixin.py:190} INFO - [2024-10-28T04:06:17.078+0000] {dagbag.py:588} INFO - Filling up the DagBag from /home/airflow/.local/lib/python3.12/site-packages/airflow/example_dags/example_xcom.py
[2024-10-28T04:06:17.172+0000] {processor.py:925} INFO - DAG(s) 'example_xcom' retrieved from /home/airflow/.local/lib/python3.12/site-packages/airflow/example_dags/example_xcom.py
[2024-10-28T04:06:17.420+0000] {logging_mixin.py:190} INFO - [2024-10-28T04:06:17.418+0000] {dag.py:3239} INFO - Sync 1 DAGs
[2024-10-28T04:06:17.852+0000] {logging_mixin.py:190} INFO - [2024-10-28T04:06:17.851+0000] {dag.py:4180} INFO - Setting next_dagrun for example_xcom to 2021-01-01 00:00:00+00:00, run_after=2021-01-01 00:00:00+00:00
[2024-10-28T04:06:18.510+0000] {processor.py:208} INFO - Processing /home/airflow/.local/lib/python3.12/site-packages/airflow/example_dags/example_xcom.py took 1.543 seconds
[2024-10-28T04:09:06.671+0000] {processor.py:186} INFO - Started process (PID=576) to work on /home/airflow/.local/lib/python3.12/site-packages/airflow/example_dags/example_xcom.py
[2024-10-28T04:09:06.688+0000] {processor.py:914} INFO - Processing file /home/airflow/.local/lib/python3.12/site-packages/airflow/example_dags/example_xcom.py for tasks to queue
[2024-10-28T04:09:06.720+0000] {logging_mixin.py:190} INFO - [2024-10-28T04:09:06.719+0000] {dagbag.py:588} INFO - Filling up the DagBag from /home/airflow/.local/lib/python3.12/site-packages/airflow/example_dags/example_xcom.py
[2024-10-28T04:09:06.849+0000] {processor.py:925} INFO - DAG(s) 'example_xcom' retrieved from /home/airflow/.local/lib/python3.12/site-packages/airflow/example_dags/example_xcom.py
[2024-10-28T04:09:07.238+0000] {logging_mixin.py:190} INFO - [2024-10-28T04:09:07.237+0000] {dag.py:3239} INFO - Sync 1 DAGs
[2024-10-28T04:09:07.495+0000] {logging_mixin.py:190} INFO - [2024-10-28T04:09:07.494+0000] {dag.py:4180} INFO - Setting next_dagrun for example_xcom to 2021-01-01 00:00:00+00:00, run_after=2021-01-01 00:00:00+00:00
[2024-10-28T04:09:07.759+0000] {processor.py:208} INFO - Processing /home/airflow/.local/lib/python3.12/site-packages/airflow/example_dags/example_xcom.py took 1.230 seconds
[2024-10-28T04:10:40.332+0000] {processor.py:186} INFO - Started process (PID=652) to work on /home/airflow/.local/lib/python3.12/site-packages/airflow/example_dags/example_xcom.py
[2024-10-28T04:10:40.433+0000] {processor.py:914} INFO - Processing file /home/airflow/.local/lib/python3.12/site-packages/airflow/example_dags/example_xcom.py for tasks to queue
[2024-10-28T04:10:40.464+0000] {logging_mixin.py:190} INFO - [2024-10-28T04:10:40.460+0000] {dagbag.py:588} INFO - Filling up the DagBag from /home/airflow/.local/lib/python3.12/site-packages/airflow/example_dags/example_xcom.py
[2024-10-28T04:10:40.871+0000] {processor.py:925} INFO - DAG(s) 'example_xcom' retrieved from /home/airflow/.local/lib/python3.12/site-packages/airflow/example_dags/example_xcom.py
[2024-10-28T04:10:41.069+0000] {logging_mixin.py:190} INFO - [2024-10-28T04:10:41.068+0000] {dag.py:3239} INFO - Sync 1 DAGs
[2024-10-28T04:10:41.502+0000] {logging_mixin.py:190} INFO - [2024-10-28T04:10:41.501+0000] {dag.py:4180} INFO - Setting next_dagrun for example_xcom to 2021-01-01 00:00:00+00:00, run_after=2021-01-01 00:00:00+00:00
[2024-10-28T04:10:41.698+0000] {processor.py:208} INFO - Processing /home/airflow/.local/lib/python3.12/site-packages/airflow/example_dags/example_xcom.py took 1.668 seconds
[2024-10-28T04:15:32.894+0000] {processor.py:186} INFO - Started process (PID=779) to work on /home/airflow/.local/lib/python3.12/site-packages/airflow/example_dags/example_xcom.py
[2024-10-28T04:15:32.914+0000] {processor.py:914} INFO - Processing file /home/airflow/.local/lib/python3.12/site-packages/airflow/example_dags/example_xcom.py for tasks to queue
[2024-10-28T04:15:32.929+0000] {logging_mixin.py:190} INFO - [2024-10-28T04:15:32.927+0000] {dagbag.py:588} INFO - Filling up the DagBag from /home/airflow/.local/lib/python3.12/site-packages/airflow/example_dags/example_xcom.py
[2024-10-28T04:15:33.280+0000] {processor.py:925} INFO - DAG(s) 'example_xcom' retrieved from /home/airflow/.local/lib/python3.12/site-packages/airflow/example_dags/example_xcom.py
[2024-10-28T04:15:33.786+0000] {logging_mixin.py:190} INFO - [2024-10-28T04:15:33.785+0000] {dag.py:3239} INFO - Sync 1 DAGs
[2024-10-28T04:15:34.277+0000] {logging_mixin.py:190} INFO - [2024-10-28T04:15:34.276+0000] {dag.py:4180} INFO - Setting next_dagrun for example_xcom to 2021-01-01 00:00:00+00:00, run_after=2021-01-01 00:00:00+00:00
[2024-10-28T04:15:34.536+0000] {processor.py:208} INFO - Processing /home/airflow/.local/lib/python3.12/site-packages/airflow/example_dags/example_xcom.py took 2.067 seconds
[2024-10-28T04:17:58.669+0000] {processor.py:186} INFO - Started process (PID=845) to work on /home/airflow/.local/lib/python3.12/site-packages/airflow/example_dags/example_xcom.py
[2024-10-28T04:17:58.694+0000] {processor.py:914} INFO - Processing file /home/airflow/.local/lib/python3.12/site-packages/airflow/example_dags/example_xcom.py for tasks to queue
[2024-10-28T04:17:58.708+0000] {logging_mixin.py:190} INFO - [2024-10-28T04:17:58.703+0000] {dagbag.py:588} INFO - Filling up the DagBag from /home/airflow/.local/lib/python3.12/site-packages/airflow/example_dags/example_xcom.py
[2024-10-28T04:17:58.883+0000] {processor.py:925} INFO - DAG(s) 'example_xcom' retrieved from /home/airflow/.local/lib/python3.12/site-packages/airflow/example_dags/example_xcom.py
[2024-10-28T04:17:59.054+0000] {logging_mixin.py:190} INFO - [2024-10-28T04:17:59.053+0000] {dag.py:3239} INFO - Sync 1 DAGs
[2024-10-28T04:18:00.344+0000] {logging_mixin.py:190} INFO - [2024-10-28T04:18:00.343+0000] {dag.py:4180} INFO - Setting next_dagrun for example_xcom to 2021-01-01 00:00:00+00:00, run_after=2021-01-01 00:00:00+00:00
[2024-10-28T04:18:00.571+0000] {processor.py:208} INFO - Processing /home/airflow/.local/lib/python3.12/site-packages/airflow/example_dags/example_xcom.py took 1.947 seconds
[2024-10-28T04:30:00.315+0000] {processor.py:186} INFO - Started process (PID=154) to work on /home/airflow/.local/lib/python3.12/site-packages/airflow/example_dags/example_xcom.py
[2024-10-28T04:30:00.320+0000] {processor.py:914} INFO - Processing file /home/airflow/.local/lib/python3.12/site-packages/airflow/example_dags/example_xcom.py for tasks to queue
[2024-10-28T04:30:00.329+0000] {logging_mixin.py:190} INFO - [2024-10-28T04:30:00.328+0000] {dagbag.py:588} INFO - Filling up the DagBag from /home/airflow/.local/lib/python3.12/site-packages/airflow/example_dags/example_xcom.py
[2024-10-28T04:30:00.480+0000] {processor.py:925} INFO - DAG(s) 'example_xcom' retrieved from /home/airflow/.local/lib/python3.12/site-packages/airflow/example_dags/example_xcom.py
[2024-10-28T04:30:01.180+0000] {logging_mixin.py:190} INFO - [2024-10-28T04:30:01.179+0000] {dag.py:3239} INFO - Sync 1 DAGs
[2024-10-28T04:30:01.774+0000] {logging_mixin.py:190} INFO - [2024-10-28T04:30:01.773+0000] {dag.py:4180} INFO - Setting next_dagrun for example_xcom to 2021-01-01 00:00:00+00:00, run_after=2021-01-01 00:00:00+00:00
[2024-10-28T04:30:04.157+0000] {processor.py:208} INFO - Processing /home/airflow/.local/lib/python3.12/site-packages/airflow/example_dags/example_xcom.py took 3.910 seconds
[2024-10-28T04:33:45.983+0000] {processor.py:186} INFO - Started process (PID=252) to work on /home/airflow/.local/lib/python3.12/site-packages/airflow/example_dags/example_xcom.py
[2024-10-28T04:33:46.060+0000] {processor.py:914} INFO - Processing file /home/airflow/.local/lib/python3.12/site-packages/airflow/example_dags/example_xcom.py for tasks to queue
[2024-10-28T04:33:46.226+0000] {logging_mixin.py:190} INFO - [2024-10-28T04:33:46.224+0000] {dagbag.py:588} INFO - Filling up the DagBag from /home/airflow/.local/lib/python3.12/site-packages/airflow/example_dags/example_xcom.py
[2024-10-28T04:33:47.396+0000] {processor.py:925} INFO - DAG(s) 'example_xcom' retrieved from /home/airflow/.local/lib/python3.12/site-packages/airflow/example_dags/example_xcom.py
[2024-10-28T04:33:47.981+0000] {logging_mixin.py:190} INFO - [2024-10-28T04:33:47.980+0000] {dag.py:3239} INFO - Sync 1 DAGs
[2024-10-28T04:33:48.753+0000] {logging_mixin.py:190} INFO - [2024-10-28T04:33:48.751+0000] {dag.py:4180} INFO - Setting next_dagrun for example_xcom to 2021-01-01 00:00:00+00:00, run_after=2021-01-01 00:00:00+00:00
[2024-10-28T04:33:49.632+0000] {processor.py:208} INFO - Processing /home/airflow/.local/lib/python3.12/site-packages/airflow/example_dags/example_xcom.py took 4.142 seconds
[2024-10-28T04:35:50.928+0000] {processor.py:186} INFO - Started process (PID=319) to work on /home/airflow/.local/lib/python3.12/site-packages/airflow/example_dags/example_xcom.py
[2024-10-28T04:35:50.943+0000] {processor.py:914} INFO - Processing file /home/airflow/.local/lib/python3.12/site-packages/airflow/example_dags/example_xcom.py for tasks to queue
[2024-10-28T04:35:50.985+0000] {logging_mixin.py:190} INFO - [2024-10-28T04:35:50.984+0000] {dagbag.py:588} INFO - Filling up the DagBag from /home/airflow/.local/lib/python3.12/site-packages/airflow/example_dags/example_xcom.py
[2024-10-28T04:35:51.262+0000] {processor.py:925} INFO - DAG(s) 'example_xcom' retrieved from /home/airflow/.local/lib/python3.12/site-packages/airflow/example_dags/example_xcom.py
[2024-10-28T04:35:51.460+0000] {logging_mixin.py:190} INFO - [2024-10-28T04:35:51.459+0000] {dag.py:3239} INFO - Sync 1 DAGs
[2024-10-28T04:35:51.712+0000] {logging_mixin.py:190} INFO - [2024-10-28T04:35:51.710+0000] {dag.py:4180} INFO - Setting next_dagrun for example_xcom to 2021-01-01 00:00:00+00:00, run_after=2021-01-01 00:00:00+00:00
[2024-10-28T04:35:52.426+0000] {processor.py:208} INFO - Processing /home/airflow/.local/lib/python3.12/site-packages/airflow/example_dags/example_xcom.py took 1.633 seconds
[2024-10-28T04:44:30.835+0000] {processor.py:186} INFO - Started process (PID=145) to work on /home/airflow/.local/lib/python3.12/site-packages/airflow/example_dags/example_xcom.py
[2024-10-28T04:44:30.856+0000] {processor.py:914} INFO - Processing file /home/airflow/.local/lib/python3.12/site-packages/airflow/example_dags/example_xcom.py for tasks to queue
[2024-10-28T04:44:30.933+0000] {logging_mixin.py:190} INFO - [2024-10-28T04:44:30.932+0000] {dagbag.py:588} INFO - Filling up the DagBag from /home/airflow/.local/lib/python3.12/site-packages/airflow/example_dags/example_xcom.py
[2024-10-28T04:44:31.152+0000] {processor.py:925} INFO - DAG(s) 'example_xcom' retrieved from /home/airflow/.local/lib/python3.12/site-packages/airflow/example_dags/example_xcom.py
[2024-10-28T04:44:33.409+0000] {logging_mixin.py:190} INFO - [2024-10-28T04:44:33.393+0000] {override.py:1900} INFO - Created Permission View: can edit on DAG:example_xcom
[2024-10-28T04:44:33.493+0000] {logging_mixin.py:190} INFO - [2024-10-28T04:44:33.493+0000] {override.py:1900} INFO - Created Permission View: can delete on DAG:example_xcom
[2024-10-28T04:44:33.551+0000] {logging_mixin.py:190} INFO - [2024-10-28T04:44:33.550+0000] {override.py:1900} INFO - Created Permission View: can read on DAG:example_xcom
[2024-10-28T04:44:33.603+0000] {logging_mixin.py:190} INFO - [2024-10-28T04:44:33.603+0000] {override.py:1900} INFO - Created Permission View: can create on DAG Run:example_xcom
[2024-10-28T04:44:33.692+0000] {logging_mixin.py:190} INFO - [2024-10-28T04:44:33.691+0000] {override.py:1900} INFO - Created Permission View: can delete on DAG Run:example_xcom
[2024-10-28T04:44:33.738+0000] {logging_mixin.py:190} INFO - [2024-10-28T04:44:33.737+0000] {override.py:1900} INFO - Created Permission View: menu access on DAG Run:example_xcom
[2024-10-28T04:44:33.796+0000] {logging_mixin.py:190} INFO - [2024-10-28T04:44:33.795+0000] {override.py:1900} INFO - Created Permission View: can read on DAG Run:example_xcom
[2024-10-28T04:44:33.798+0000] {logging_mixin.py:190} INFO - [2024-10-28T04:44:33.797+0000] {dag.py:3239} INFO - Sync 1 DAGs
[2024-10-28T04:44:34.080+0000] {logging_mixin.py:190} INFO - [2024-10-28T04:44:34.079+0000] {dag.py:3262} INFO - Creating ORM DAG for example_xcom
[2024-10-28T04:44:34.182+0000] {logging_mixin.py:190} INFO - [2024-10-28T04:44:34.181+0000] {dag.py:4180} INFO - Setting next_dagrun for example_xcom to 2021-01-01 00:00:00+00:00, run_after=2021-01-01 00:00:00+00:00
[2024-10-28T04:44:34.350+0000] {processor.py:208} INFO - Processing /home/airflow/.local/lib/python3.12/site-packages/airflow/example_dags/example_xcom.py took 6.902 seconds
[2024-10-28T04:47:39.535+0000] {processor.py:186} INFO - Started process (PID=239) to work on /home/airflow/.local/lib/python3.12/site-packages/airflow/example_dags/example_xcom.py
[2024-10-28T04:47:39.564+0000] {processor.py:914} INFO - Processing file /home/airflow/.local/lib/python3.12/site-packages/airflow/example_dags/example_xcom.py for tasks to queue
[2024-10-28T04:47:39.594+0000] {logging_mixin.py:190} INFO - [2024-10-28T04:47:39.591+0000] {dagbag.py:588} INFO - Filling up the DagBag from /home/airflow/.local/lib/python3.12/site-packages/airflow/example_dags/example_xcom.py
[2024-10-28T04:47:39.694+0000] {processor.py:925} INFO - DAG(s) 'example_xcom' retrieved from /home/airflow/.local/lib/python3.12/site-packages/airflow/example_dags/example_xcom.py
[2024-10-28T04:47:39.989+0000] {logging_mixin.py:190} INFO - [2024-10-28T04:47:39.988+0000] {dag.py:3239} INFO - Sync 1 DAGs
[2024-10-28T04:47:43.055+0000] {logging_mixin.py:190} INFO - [2024-10-28T04:47:43.052+0000] {dag.py:4180} INFO - Setting next_dagrun for example_xcom to 2021-01-01 00:00:00+00:00, run_after=2021-01-01 00:00:00+00:00
[2024-10-28T04:47:43.385+0000] {processor.py:208} INFO - Processing /home/airflow/.local/lib/python3.12/site-packages/airflow/example_dags/example_xcom.py took 4.003 seconds
[2024-10-28T06:30:22.359+0000] {processor.py:186} INFO - Started process (PID=193) to work on /home/airflow/.local/lib/python3.12/site-packages/airflow/example_dags/example_xcom.py
[2024-10-28T06:30:22.368+0000] {processor.py:914} INFO - Processing file /home/airflow/.local/lib/python3.12/site-packages/airflow/example_dags/example_xcom.py for tasks to queue
[2024-10-28T06:30:22.406+0000] {logging_mixin.py:190} INFO - [2024-10-28T06:30:22.404+0000] {dagbag.py:588} INFO - Filling up the DagBag from /home/airflow/.local/lib/python3.12/site-packages/airflow/example_dags/example_xcom.py
[2024-10-28T06:30:22.548+0000] {processor.py:925} INFO - DAG(s) 'example_xcom' retrieved from /home/airflow/.local/lib/python3.12/site-packages/airflow/example_dags/example_xcom.py
[2024-10-28T06:30:29.766+0000] {logging_mixin.py:190} INFO - [2024-10-28T06:30:29.706+0000] {override.py:1900} INFO - Created Permission View: can edit on DAG:example_xcom
[2024-10-28T06:30:30.324+0000] {logging_mixin.py:190} INFO - [2024-10-28T06:30:30.322+0000] {override.py:1900} INFO - Created Permission View: can read on DAG:example_xcom
[2024-10-28T06:30:30.642+0000] {logging_mixin.py:190} INFO - [2024-10-28T06:30:30.640+0000] {override.py:1900} INFO - Created Permission View: can delete on DAG:example_xcom
[2024-10-28T06:30:31.081+0000] {logging_mixin.py:190} INFO - [2024-10-28T06:30:31.079+0000] {override.py:1900} INFO - Created Permission View: menu access on DAG Run:example_xcom
[2024-10-28T06:30:31.283+0000] {logging_mixin.py:190} INFO - [2024-10-28T06:30:31.282+0000] {override.py:1900} INFO - Created Permission View: can create on DAG Run:example_xcom
[2024-10-28T06:30:31.447+0000] {logging_mixin.py:190} INFO - [2024-10-28T06:30:31.445+0000] {override.py:1900} INFO - Created Permission View: can read on DAG Run:example_xcom
[2024-10-28T06:30:31.597+0000] {logging_mixin.py:190} INFO - [2024-10-28T06:30:31.596+0000] {override.py:1900} INFO - Created Permission View: can delete on DAG Run:example_xcom
[2024-10-28T06:30:31.609+0000] {logging_mixin.py:190} INFO - [2024-10-28T06:30:31.607+0000] {dag.py:3239} INFO - Sync 1 DAGs
[2024-10-28T06:30:31.836+0000] {logging_mixin.py:190} INFO - [2024-10-28T06:30:31.834+0000] {dag.py:3262} INFO - Creating ORM DAG for example_xcom
[2024-10-28T06:30:32.216+0000] {logging_mixin.py:190} INFO - [2024-10-28T06:30:32.214+0000] {dag.py:4180} INFO - Setting next_dagrun for example_xcom to 2021-01-01 00:00:00+00:00, run_after=2021-01-01 00:00:00+00:00
[2024-10-28T06:30:32.711+0000] {processor.py:208} INFO - Processing /home/airflow/.local/lib/python3.12/site-packages/airflow/example_dags/example_xcom.py took 10.496 seconds
[2024-10-28T06:34:51.292+0000] {processor.py:186} INFO - Started process (PID=299) to work on /home/airflow/.local/lib/python3.12/site-packages/airflow/example_dags/example_xcom.py
[2024-10-28T06:34:51.339+0000] {processor.py:914} INFO - Processing file /home/airflow/.local/lib/python3.12/site-packages/airflow/example_dags/example_xcom.py for tasks to queue
[2024-10-28T06:34:51.425+0000] {logging_mixin.py:190} INFO - [2024-10-28T06:34:51.421+0000] {dagbag.py:588} INFO - Filling up the DagBag from /home/airflow/.local/lib/python3.12/site-packages/airflow/example_dags/example_xcom.py
[2024-10-28T06:34:52.170+0000] {processor.py:925} INFO - DAG(s) 'example_xcom' retrieved from /home/airflow/.local/lib/python3.12/site-packages/airflow/example_dags/example_xcom.py
[2024-10-28T06:34:53.135+0000] {logging_mixin.py:190} INFO - [2024-10-28T06:34:53.134+0000] {dag.py:3239} INFO - Sync 1 DAGs
[2024-10-28T06:34:53.786+0000] {logging_mixin.py:190} INFO - [2024-10-28T06:34:53.785+0000] {dag.py:4180} INFO - Setting next_dagrun for example_xcom to 2021-01-01 00:00:00+00:00, run_after=2021-01-01 00:00:00+00:00
[2024-10-28T06:34:54.193+0000] {processor.py:208} INFO - Processing /home/airflow/.local/lib/python3.12/site-packages/airflow/example_dags/example_xcom.py took 3.273 seconds
[2024-10-28T06:37:07.022+0000] {processor.py:186} INFO - Started process (PID=374) to work on /home/airflow/.local/lib/python3.12/site-packages/airflow/example_dags/example_xcom.py
[2024-10-28T06:37:07.043+0000] {processor.py:914} INFO - Processing file /home/airflow/.local/lib/python3.12/site-packages/airflow/example_dags/example_xcom.py for tasks to queue
[2024-10-28T06:37:07.063+0000] {logging_mixin.py:190} INFO - [2024-10-28T06:37:07.062+0000] {dagbag.py:588} INFO - Filling up the DagBag from /home/airflow/.local/lib/python3.12/site-packages/airflow/example_dags/example_xcom.py
[2024-10-28T06:37:07.215+0000] {processor.py:925} INFO - DAG(s) 'example_xcom' retrieved from /home/airflow/.local/lib/python3.12/site-packages/airflow/example_dags/example_xcom.py
[2024-10-28T06:37:07.465+0000] {logging_mixin.py:190} INFO - [2024-10-28T06:37:07.465+0000] {dag.py:3239} INFO - Sync 1 DAGs
[2024-10-28T06:37:07.717+0000] {logging_mixin.py:190} INFO - [2024-10-28T06:37:07.716+0000] {dag.py:4180} INFO - Setting next_dagrun for example_xcom to 2021-01-01 00:00:00+00:00, run_after=2021-01-01 00:00:00+00:00
[2024-10-28T06:37:08.128+0000] {processor.py:208} INFO - Processing /home/airflow/.local/lib/python3.12/site-packages/airflow/example_dags/example_xcom.py took 1.136 seconds
[2024-10-28T06:38:48.459+0000] {processor.py:186} INFO - Started process (PID=438) to work on /home/airflow/.local/lib/python3.12/site-packages/airflow/example_dags/example_xcom.py
[2024-10-28T06:38:48.835+0000] {processor.py:914} INFO - Processing file /home/airflow/.local/lib/python3.12/site-packages/airflow/example_dags/example_xcom.py for tasks to queue
[2024-10-28T06:38:48.907+0000] {logging_mixin.py:190} INFO - [2024-10-28T06:38:48.906+0000] {dagbag.py:588} INFO - Filling up the DagBag from /home/airflow/.local/lib/python3.12/site-packages/airflow/example_dags/example_xcom.py
[2024-10-28T06:38:49.131+0000] {processor.py:925} INFO - DAG(s) 'example_xcom' retrieved from /home/airflow/.local/lib/python3.12/site-packages/airflow/example_dags/example_xcom.py
[2024-10-28T06:38:49.476+0000] {logging_mixin.py:190} INFO - [2024-10-28T06:38:49.475+0000] {dag.py:3239} INFO - Sync 1 DAGs
[2024-10-28T06:38:49.955+0000] {logging_mixin.py:190} INFO - [2024-10-28T06:38:49.953+0000] {dag.py:4180} INFO - Setting next_dagrun for example_xcom to 2021-01-01 00:00:00+00:00, run_after=2021-01-01 00:00:00+00:00
[2024-10-28T06:38:50.508+0000] {processor.py:208} INFO - Processing /home/airflow/.local/lib/python3.12/site-packages/airflow/example_dags/example_xcom.py took 3.046 seconds
[2024-10-28T06:42:06.279+0000] {processor.py:186} INFO - Started process (PID=551) to work on /home/airflow/.local/lib/python3.12/site-packages/airflow/example_dags/example_xcom.py
[2024-10-28T06:42:06.284+0000] {processor.py:914} INFO - Processing file /home/airflow/.local/lib/python3.12/site-packages/airflow/example_dags/example_xcom.py for tasks to queue
[2024-10-28T06:42:06.319+0000] {logging_mixin.py:190} INFO - [2024-10-28T06:42:06.317+0000] {dagbag.py:588} INFO - Filling up the DagBag from /home/airflow/.local/lib/python3.12/site-packages/airflow/example_dags/example_xcom.py
[2024-10-28T06:42:06.550+0000] {processor.py:925} INFO - DAG(s) 'example_xcom' retrieved from /home/airflow/.local/lib/python3.12/site-packages/airflow/example_dags/example_xcom.py
[2024-10-28T06:42:06.904+0000] {logging_mixin.py:190} INFO - [2024-10-28T06:42:06.903+0000] {dag.py:3239} INFO - Sync 1 DAGs
[2024-10-28T06:42:07.402+0000] {logging_mixin.py:190} INFO - [2024-10-28T06:42:07.401+0000] {dag.py:4180} INFO - Setting next_dagrun for example_xcom to 2021-01-01 00:00:00+00:00, run_after=2021-01-01 00:00:00+00:00
[2024-10-28T06:42:07.714+0000] {processor.py:208} INFO - Processing /home/airflow/.local/lib/python3.12/site-packages/airflow/example_dags/example_xcom.py took 1.560 seconds
[2024-10-28T06:44:34.832+0000] {processor.py:186} INFO - Started process (PID=666) to work on /home/airflow/.local/lib/python3.12/site-packages/airflow/example_dags/example_xcom.py
[2024-10-28T06:44:34.849+0000] {processor.py:914} INFO - Processing file /home/airflow/.local/lib/python3.12/site-packages/airflow/example_dags/example_xcom.py for tasks to queue
[2024-10-28T06:44:34.888+0000] {logging_mixin.py:190} INFO - [2024-10-28T06:44:34.886+0000] {dagbag.py:588} INFO - Filling up the DagBag from /home/airflow/.local/lib/python3.12/site-packages/airflow/example_dags/example_xcom.py
[2024-10-28T06:44:35.092+0000] {processor.py:925} INFO - DAG(s) 'example_xcom' retrieved from /home/airflow/.local/lib/python3.12/site-packages/airflow/example_dags/example_xcom.py
[2024-10-28T06:44:36.583+0000] {logging_mixin.py:190} INFO - [2024-10-28T06:44:36.582+0000] {dag.py:3239} INFO - Sync 1 DAGs
[2024-10-28T06:44:36.951+0000] {logging_mixin.py:190} INFO - [2024-10-28T06:44:36.950+0000] {dag.py:4180} INFO - Setting next_dagrun for example_xcom to 2021-01-01 00:00:00+00:00, run_after=2021-01-01 00:00:00+00:00
[2024-10-28T06:44:37.035+0000] {processor.py:208} INFO - Processing /home/airflow/.local/lib/python3.12/site-packages/airflow/example_dags/example_xcom.py took 2.301 seconds
[2024-10-28T06:47:22.509+0000] {processor.py:186} INFO - Started process (PID=774) to work on /home/airflow/.local/lib/python3.12/site-packages/airflow/example_dags/example_xcom.py
[2024-10-28T06:47:22.573+0000] {processor.py:914} INFO - Processing file /home/airflow/.local/lib/python3.12/site-packages/airflow/example_dags/example_xcom.py for tasks to queue
[2024-10-28T06:47:22.649+0000] {logging_mixin.py:190} INFO - [2024-10-28T06:47:22.648+0000] {dagbag.py:588} INFO - Filling up the DagBag from /home/airflow/.local/lib/python3.12/site-packages/airflow/example_dags/example_xcom.py
[2024-10-28T06:47:22.777+0000] {processor.py:925} INFO - DAG(s) 'example_xcom' retrieved from /home/airflow/.local/lib/python3.12/site-packages/airflow/example_dags/example_xcom.py
[2024-10-28T06:47:23.110+0000] {logging_mixin.py:190} INFO - [2024-10-28T06:47:23.109+0000] {dag.py:3239} INFO - Sync 1 DAGs
[2024-10-28T06:47:23.357+0000] {logging_mixin.py:190} INFO - [2024-10-28T06:47:23.357+0000] {dag.py:4180} INFO - Setting next_dagrun for example_xcom to 2021-01-01 00:00:00+00:00, run_after=2021-01-01 00:00:00+00:00
[2024-10-28T06:47:23.551+0000] {processor.py:208} INFO - Processing /home/airflow/.local/lib/python3.12/site-packages/airflow/example_dags/example_xcom.py took 1.149 seconds
[2024-10-28T06:48:46.283+0000] {processor.py:186} INFO - Started process (PID=830) to work on /home/airflow/.local/lib/python3.12/site-packages/airflow/example_dags/example_xcom.py
[2024-10-28T06:48:46.293+0000] {processor.py:914} INFO - Processing file /home/airflow/.local/lib/python3.12/site-packages/airflow/example_dags/example_xcom.py for tasks to queue
[2024-10-28T06:48:46.338+0000] {logging_mixin.py:190} INFO - [2024-10-28T06:48:46.316+0000] {dagbag.py:588} INFO - Filling up the DagBag from /home/airflow/.local/lib/python3.12/site-packages/airflow/example_dags/example_xcom.py
[2024-10-28T06:48:46.447+0000] {processor.py:925} INFO - DAG(s) 'example_xcom' retrieved from /home/airflow/.local/lib/python3.12/site-packages/airflow/example_dags/example_xcom.py
[2024-10-28T06:48:47.541+0000] {logging_mixin.py:190} INFO - [2024-10-28T06:48:47.540+0000] {dag.py:3239} INFO - Sync 1 DAGs
[2024-10-28T06:48:49.106+0000] {logging_mixin.py:190} INFO - [2024-10-28T06:48:49.105+0000] {dag.py:4180} INFO - Setting next_dagrun for example_xcom to 2021-01-01 00:00:00+00:00, run_after=2021-01-01 00:00:00+00:00
[2024-10-28T06:48:49.660+0000] {processor.py:208} INFO - Processing /home/airflow/.local/lib/python3.12/site-packages/airflow/example_dags/example_xcom.py took 3.466 seconds
[2024-10-28T06:50:34.655+0000] {processor.py:186} INFO - Started process (PID=925) to work on /home/airflow/.local/lib/python3.12/site-packages/airflow/example_dags/example_xcom.py
[2024-10-28T06:50:34.694+0000] {processor.py:914} INFO - Processing file /home/airflow/.local/lib/python3.12/site-packages/airflow/example_dags/example_xcom.py for tasks to queue
[2024-10-28T06:50:34.743+0000] {logging_mixin.py:190} INFO - [2024-10-28T06:50:34.739+0000] {dagbag.py:588} INFO - Filling up the DagBag from /home/airflow/.local/lib/python3.12/site-packages/airflow/example_dags/example_xcom.py
[2024-10-28T06:50:34.992+0000] {processor.py:925} INFO - DAG(s) 'example_xcom' retrieved from /home/airflow/.local/lib/python3.12/site-packages/airflow/example_dags/example_xcom.py
[2024-10-28T06:50:35.390+0000] {logging_mixin.py:190} INFO - [2024-10-28T06:50:35.390+0000] {dag.py:3239} INFO - Sync 1 DAGs
[2024-10-28T06:50:35.896+0000] {logging_mixin.py:190} INFO - [2024-10-28T06:50:35.895+0000] {dag.py:4180} INFO - Setting next_dagrun for example_xcom to 2021-01-01 00:00:00+00:00, run_after=2021-01-01 00:00:00+00:00
[2024-10-28T06:50:36.371+0000] {processor.py:208} INFO - Processing /home/airflow/.local/lib/python3.12/site-packages/airflow/example_dags/example_xcom.py took 1.854 seconds
[2024-10-28T06:54:26.366+0000] {processor.py:186} INFO - Started process (PID=1047) to work on /home/airflow/.local/lib/python3.12/site-packages/airflow/example_dags/example_xcom.py
[2024-10-28T06:54:26.383+0000] {processor.py:914} INFO - Processing file /home/airflow/.local/lib/python3.12/site-packages/airflow/example_dags/example_xcom.py for tasks to queue
[2024-10-28T06:54:26.461+0000] {logging_mixin.py:190} INFO - [2024-10-28T06:54:26.450+0000] {dagbag.py:588} INFO - Filling up the DagBag from /home/airflow/.local/lib/python3.12/site-packages/airflow/example_dags/example_xcom.py
[2024-10-28T06:54:26.641+0000] {processor.py:925} INFO - DAG(s) 'example_xcom' retrieved from /home/airflow/.local/lib/python3.12/site-packages/airflow/example_dags/example_xcom.py
[2024-10-28T06:54:26.888+0000] {logging_mixin.py:190} INFO - [2024-10-28T06:54:26.887+0000] {dag.py:3239} INFO - Sync 1 DAGs
[2024-10-28T06:54:27.165+0000] {logging_mixin.py:190} INFO - [2024-10-28T06:54:27.164+0000] {dag.py:4180} INFO - Setting next_dagrun for example_xcom to 2021-01-01 00:00:00+00:00, run_after=2021-01-01 00:00:00+00:00
[2024-10-28T06:54:27.880+0000] {processor.py:208} INFO - Processing /home/airflow/.local/lib/python3.12/site-packages/airflow/example_dags/example_xcom.py took 1.549 seconds
[2024-10-28T06:56:06.657+0000] {processor.py:186} INFO - Started process (PID=1112) to work on /home/airflow/.local/lib/python3.12/site-packages/airflow/example_dags/example_xcom.py
[2024-10-28T06:56:06.677+0000] {processor.py:914} INFO - Processing file /home/airflow/.local/lib/python3.12/site-packages/airflow/example_dags/example_xcom.py for tasks to queue
[2024-10-28T06:56:06.733+0000] {logging_mixin.py:190} INFO - [2024-10-28T06:56:06.732+0000] {dagbag.py:588} INFO - Filling up the DagBag from /home/airflow/.local/lib/python3.12/site-packages/airflow/example_dags/example_xcom.py
[2024-10-28T06:56:07.131+0000] {processor.py:925} INFO - DAG(s) 'example_xcom' retrieved from /home/airflow/.local/lib/python3.12/site-packages/airflow/example_dags/example_xcom.py
[2024-10-28T06:56:07.622+0000] {logging_mixin.py:190} INFO - [2024-10-28T06:56:07.622+0000] {dag.py:3239} INFO - Sync 1 DAGs
[2024-10-28T06:56:08.125+0000] {logging_mixin.py:190} INFO - [2024-10-28T06:56:08.124+0000] {dag.py:4180} INFO - Setting next_dagrun for example_xcom to 2021-01-01 00:00:00+00:00, run_after=2021-01-01 00:00:00+00:00
[2024-10-28T06:56:08.461+0000] {processor.py:208} INFO - Processing /home/airflow/.local/lib/python3.12/site-packages/airflow/example_dags/example_xcom.py took 1.937 seconds
[2024-10-28T06:58:52.875+0000] {processor.py:186} INFO - Started process (PID=1220) to work on /home/airflow/.local/lib/python3.12/site-packages/airflow/example_dags/example_xcom.py
[2024-10-28T06:58:52.922+0000] {processor.py:914} INFO - Processing file /home/airflow/.local/lib/python3.12/site-packages/airflow/example_dags/example_xcom.py for tasks to queue
[2024-10-28T06:58:52.967+0000] {logging_mixin.py:190} INFO - [2024-10-28T06:58:52.965+0000] {dagbag.py:588} INFO - Filling up the DagBag from /home/airflow/.local/lib/python3.12/site-packages/airflow/example_dags/example_xcom.py
[2024-10-28T06:58:53.082+0000] {processor.py:925} INFO - DAG(s) 'example_xcom' retrieved from /home/airflow/.local/lib/python3.12/site-packages/airflow/example_dags/example_xcom.py
[2024-10-28T06:58:54.316+0000] {logging_mixin.py:190} INFO - [2024-10-28T06:58:54.286+0000] {dag.py:3239} INFO - Sync 1 DAGs
[2024-10-28T06:58:56.599+0000] {logging_mixin.py:190} INFO - [2024-10-28T06:58:56.594+0000] {dag.py:4180} INFO - Setting next_dagrun for example_xcom to 2021-01-01 00:00:00+00:00, run_after=2021-01-01 00:00:00+00:00
[2024-10-28T06:58:57.400+0000] {processor.py:208} INFO - Processing /home/airflow/.local/lib/python3.12/site-packages/airflow/example_dags/example_xcom.py took 4.593 seconds
[2024-10-28T07:00:34.588+0000] {processor.py:186} INFO - Started process (PID=1286) to work on /home/airflow/.local/lib/python3.12/site-packages/airflow/example_dags/example_xcom.py
[2024-10-28T07:00:34.653+0000] {processor.py:914} INFO - Processing file /home/airflow/.local/lib/python3.12/site-packages/airflow/example_dags/example_xcom.py for tasks to queue
[2024-10-28T07:00:34.680+0000] {logging_mixin.py:190} INFO - [2024-10-28T07:00:34.678+0000] {dagbag.py:588} INFO - Filling up the DagBag from /home/airflow/.local/lib/python3.12/site-packages/airflow/example_dags/example_xcom.py
[2024-10-28T07:00:35.022+0000] {processor.py:925} INFO - DAG(s) 'example_xcom' retrieved from /home/airflow/.local/lib/python3.12/site-packages/airflow/example_dags/example_xcom.py
[2024-10-28T07:00:35.481+0000] {logging_mixin.py:190} INFO - [2024-10-28T07:00:35.480+0000] {dag.py:3239} INFO - Sync 1 DAGs
[2024-10-28T07:00:36.393+0000] {logging_mixin.py:190} INFO - [2024-10-28T07:00:36.392+0000] {dag.py:4180} INFO - Setting next_dagrun for example_xcom to 2021-01-01 00:00:00+00:00, run_after=2021-01-01 00:00:00+00:00
[2024-10-28T07:00:36.982+0000] {processor.py:208} INFO - Processing /home/airflow/.local/lib/python3.12/site-packages/airflow/example_dags/example_xcom.py took 2.681 seconds
[2024-10-28T08:22:46.343+0000] {processor.py:186} INFO - Started process (PID=500) to work on /home/airflow/.local/lib/python3.12/site-packages/airflow/example_dags/example_xcom.py
[2024-10-28T08:22:46.398+0000] {processor.py:914} INFO - Processing file /home/airflow/.local/lib/python3.12/site-packages/airflow/example_dags/example_xcom.py for tasks to queue
[2024-10-28T08:22:46.514+0000] {logging_mixin.py:190} INFO - [2024-10-28T08:22:46.513+0000] {dagbag.py:588} INFO - Filling up the DagBag from /home/airflow/.local/lib/python3.12/site-packages/airflow/example_dags/example_xcom.py
[2024-10-28T08:22:46.955+0000] {processor.py:925} INFO - DAG(s) 'example_xcom' retrieved from /home/airflow/.local/lib/python3.12/site-packages/airflow/example_dags/example_xcom.py
[2024-10-28T08:22:47.822+0000] {logging_mixin.py:190} INFO - [2024-10-28T08:22:47.821+0000] {dag.py:3239} INFO - Sync 1 DAGs
[2024-10-28T08:22:48.656+0000] {logging_mixin.py:190} INFO - [2024-10-28T08:22:48.653+0000] {dag.py:4180} INFO - Setting next_dagrun for example_xcom to 2021-01-01 00:00:00+00:00, run_after=2021-01-01 00:00:00+00:00
[2024-10-28T08:22:49.053+0000] {processor.py:208} INFO - Processing /home/airflow/.local/lib/python3.12/site-packages/airflow/example_dags/example_xcom.py took 2.816 seconds
[2024-10-28T08:26:07.977+0000] {processor.py:186} INFO - Started process (PID=594) to work on /home/airflow/.local/lib/python3.12/site-packages/airflow/example_dags/example_xcom.py
[2024-10-28T08:26:08.013+0000] {processor.py:914} INFO - Processing file /home/airflow/.local/lib/python3.12/site-packages/airflow/example_dags/example_xcom.py for tasks to queue
[2024-10-28T08:26:08.030+0000] {logging_mixin.py:190} INFO - [2024-10-28T08:26:08.028+0000] {dagbag.py:588} INFO - Filling up the DagBag from /home/airflow/.local/lib/python3.12/site-packages/airflow/example_dags/example_xcom.py
[2024-10-28T08:26:08.491+0000] {processor.py:925} INFO - DAG(s) 'example_xcom' retrieved from /home/airflow/.local/lib/python3.12/site-packages/airflow/example_dags/example_xcom.py
[2024-10-28T08:26:09.863+0000] {logging_mixin.py:190} INFO - [2024-10-28T08:26:09.862+0000] {dag.py:3239} INFO - Sync 1 DAGs
[2024-10-28T08:26:10.934+0000] {logging_mixin.py:190} INFO - [2024-10-28T08:26:10.933+0000] {dag.py:4180} INFO - Setting next_dagrun for example_xcom to 2021-01-01 00:00:00+00:00, run_after=2021-01-01 00:00:00+00:00
[2024-10-28T08:26:11.235+0000] {processor.py:208} INFO - Processing /home/airflow/.local/lib/python3.12/site-packages/airflow/example_dags/example_xcom.py took 3.454 seconds
[2024-10-28T08:27:44.235+0000] {processor.py:186} INFO - Started process (PID=650) to work on /home/airflow/.local/lib/python3.12/site-packages/airflow/example_dags/example_xcom.py
[2024-10-28T08:27:44.240+0000] {processor.py:914} INFO - Processing file /home/airflow/.local/lib/python3.12/site-packages/airflow/example_dags/example_xcom.py for tasks to queue
[2024-10-28T08:27:44.245+0000] {logging_mixin.py:190} INFO - [2024-10-28T08:27:44.243+0000] {dagbag.py:588} INFO - Filling up the DagBag from /home/airflow/.local/lib/python3.12/site-packages/airflow/example_dags/example_xcom.py
[2024-10-28T08:27:44.323+0000] {processor.py:925} INFO - DAG(s) 'example_xcom' retrieved from /home/airflow/.local/lib/python3.12/site-packages/airflow/example_dags/example_xcom.py
[2024-10-28T08:27:44.533+0000] {logging_mixin.py:190} INFO - [2024-10-28T08:27:44.532+0000] {dag.py:3239} INFO - Sync 1 DAGs
[2024-10-28T08:27:44.771+0000] {logging_mixin.py:190} INFO - [2024-10-28T08:27:44.770+0000] {dag.py:4180} INFO - Setting next_dagrun for example_xcom to 2021-01-01 00:00:00+00:00, run_after=2021-01-01 00:00:00+00:00
[2024-10-28T08:27:45.074+0000] {processor.py:208} INFO - Processing /home/airflow/.local/lib/python3.12/site-packages/airflow/example_dags/example_xcom.py took 0.871 seconds
[2024-10-28T08:29:50.021+0000] {processor.py:186} INFO - Started process (PID=727) to work on /home/airflow/.local/lib/python3.12/site-packages/airflow/example_dags/example_xcom.py
[2024-10-28T08:29:50.043+0000] {processor.py:914} INFO - Processing file /home/airflow/.local/lib/python3.12/site-packages/airflow/example_dags/example_xcom.py for tasks to queue
[2024-10-28T08:29:50.049+0000] {logging_mixin.py:190} INFO - [2024-10-28T08:29:50.048+0000] {dagbag.py:588} INFO - Filling up the DagBag from /home/airflow/.local/lib/python3.12/site-packages/airflow/example_dags/example_xcom.py
[2024-10-28T08:29:50.324+0000] {processor.py:925} INFO - DAG(s) 'example_xcom' retrieved from /home/airflow/.local/lib/python3.12/site-packages/airflow/example_dags/example_xcom.py
[2024-10-28T08:29:50.903+0000] {logging_mixin.py:190} INFO - [2024-10-28T08:29:50.875+0000] {dag.py:3239} INFO - Sync 1 DAGs
[2024-10-28T08:29:58.161+0000] {logging_mixin.py:190} INFO - [2024-10-28T08:29:58.160+0000] {dag.py:4180} INFO - Setting next_dagrun for example_xcom to 2021-01-01 00:00:00+00:00, run_after=2021-01-01 00:00:00+00:00
[2024-10-28T08:29:58.435+0000] {processor.py:208} INFO - Processing /home/airflow/.local/lib/python3.12/site-packages/airflow/example_dags/example_xcom.py took 8.530 seconds
[2024-10-28T08:31:48.845+0000] {processor.py:186} INFO - Started process (PID=787) to work on /home/airflow/.local/lib/python3.12/site-packages/airflow/example_dags/example_xcom.py
[2024-10-28T08:31:48.919+0000] {processor.py:914} INFO - Processing file /home/airflow/.local/lib/python3.12/site-packages/airflow/example_dags/example_xcom.py for tasks to queue
[2024-10-28T08:31:48.942+0000] {logging_mixin.py:190} INFO - [2024-10-28T08:31:48.941+0000] {dagbag.py:588} INFO - Filling up the DagBag from /home/airflow/.local/lib/python3.12/site-packages/airflow/example_dags/example_xcom.py
[2024-10-28T08:31:49.422+0000] {processor.py:925} INFO - DAG(s) 'example_xcom' retrieved from /home/airflow/.local/lib/python3.12/site-packages/airflow/example_dags/example_xcom.py
[2024-10-28T08:31:49.920+0000] {logging_mixin.py:190} INFO - [2024-10-28T08:31:49.919+0000] {dag.py:3239} INFO - Sync 1 DAGs
[2024-10-28T08:31:50.380+0000] {logging_mixin.py:190} INFO - [2024-10-28T08:31:50.375+0000] {dag.py:4180} INFO - Setting next_dagrun for example_xcom to 2021-01-01 00:00:00+00:00, run_after=2021-01-01 00:00:00+00:00
[2024-10-28T08:31:50.753+0000] {processor.py:208} INFO - Processing /home/airflow/.local/lib/python3.12/site-packages/airflow/example_dags/example_xcom.py took 2.639 seconds
[2024-10-28T08:33:42.293+0000] {processor.py:186} INFO - Started process (PID=857) to work on /home/airflow/.local/lib/python3.12/site-packages/airflow/example_dags/example_xcom.py
[2024-10-28T08:33:42.451+0000] {processor.py:914} INFO - Processing file /home/airflow/.local/lib/python3.12/site-packages/airflow/example_dags/example_xcom.py for tasks to queue
[2024-10-28T08:33:42.466+0000] {logging_mixin.py:190} INFO - [2024-10-28T08:33:42.462+0000] {dagbag.py:588} INFO - Filling up the DagBag from /home/airflow/.local/lib/python3.12/site-packages/airflow/example_dags/example_xcom.py
[2024-10-28T08:33:42.701+0000] {processor.py:925} INFO - DAG(s) 'example_xcom' retrieved from /home/airflow/.local/lib/python3.12/site-packages/airflow/example_dags/example_xcom.py
[2024-10-28T08:33:43.643+0000] {logging_mixin.py:190} INFO - [2024-10-28T08:33:43.642+0000] {dag.py:3239} INFO - Sync 1 DAGs
[2024-10-28T08:33:44.729+0000] {logging_mixin.py:190} INFO - [2024-10-28T08:33:44.728+0000] {dag.py:4180} INFO - Setting next_dagrun for example_xcom to 2021-01-01 00:00:00+00:00, run_after=2021-01-01 00:00:00+00:00
[2024-10-28T08:33:45.462+0000] {processor.py:208} INFO - Processing /home/airflow/.local/lib/python3.12/site-packages/airflow/example_dags/example_xcom.py took 3.190 seconds
