[2024-10-28T03:19:59.359+0000] {processor.py:186} INFO - Started process (PID=103) to work on /home/airflow/.local/lib/python3.12/site-packages/airflow/example_dags/tutorial_objectstorage.py
[2024-10-28T03:19:59.365+0000] {processor.py:914} INFO - Processing file /home/airflow/.local/lib/python3.12/site-packages/airflow/example_dags/tutorial_objectstorage.py for tasks to queue
[2024-10-28T03:19:59.399+0000] {logging_mixin.py:190} INFO - [2024-10-28T03:19:59.398+0000] {dagbag.py:588} INFO - Filling up the DagBag from /home/airflow/.local/lib/python3.12/site-packages/airflow/example_dags/tutorial_objectstorage.py
[2024-10-28T03:19:59.534+0000] {processor.py:925} INFO - DAG(s) 'tutorial_objectstorage' retrieved from /home/airflow/.local/lib/python3.12/site-packages/airflow/example_dags/tutorial_objectstorage.py
[2024-10-28T03:19:59.801+0000] {logging_mixin.py:190} INFO - [2024-10-28T03:19:59.800+0000] {dag.py:3239} INFO - Sync 1 DAGs
[2024-10-28T03:19:59.949+0000] {logging_mixin.py:190} INFO - [2024-10-28T03:19:59.948+0000] {dag.py:4180} INFO - Setting next_dagrun for tutorial_objectstorage to None, run_after=None
[2024-10-28T03:20:00.136+0000] {processor.py:208} INFO - Processing /home/airflow/.local/lib/python3.12/site-packages/airflow/example_dags/tutorial_objectstorage.py took 0.841 seconds
[2024-10-28T03:20:43.184+0000] {processor.py:186} INFO - Started process (PID=166) to work on /home/airflow/.local/lib/python3.12/site-packages/airflow/example_dags/tutorial_objectstorage.py
[2024-10-28T03:20:43.229+0000] {processor.py:914} INFO - Processing file /home/airflow/.local/lib/python3.12/site-packages/airflow/example_dags/tutorial_objectstorage.py for tasks to queue
[2024-10-28T03:20:43.234+0000] {logging_mixin.py:190} INFO - [2024-10-28T03:20:43.233+0000] {dagbag.py:588} INFO - Filling up the DagBag from /home/airflow/.local/lib/python3.12/site-packages/airflow/example_dags/tutorial_objectstorage.py
[2024-10-28T03:20:43.280+0000] {processor.py:925} INFO - DAG(s) 'tutorial_objectstorage' retrieved from /home/airflow/.local/lib/python3.12/site-packages/airflow/example_dags/tutorial_objectstorage.py
[2024-10-28T03:20:43.369+0000] {logging_mixin.py:190} INFO - [2024-10-28T03:20:43.368+0000] {dag.py:3239} INFO - Sync 1 DAGs
[2024-10-28T03:20:43.694+0000] {logging_mixin.py:190} INFO - [2024-10-28T03:20:43.693+0000] {dag.py:4180} INFO - Setting next_dagrun for tutorial_objectstorage to None, run_after=None
[2024-10-28T03:20:43.925+0000] {processor.py:208} INFO - Processing /home/airflow/.local/lib/python3.12/site-packages/airflow/example_dags/tutorial_objectstorage.py took 0.772 seconds
[2024-10-28T03:21:17.166+0000] {processor.py:186} INFO - Started process (PID=227) to work on /home/airflow/.local/lib/python3.12/site-packages/airflow/example_dags/tutorial_objectstorage.py
[2024-10-28T03:21:17.188+0000] {processor.py:914} INFO - Processing file /home/airflow/.local/lib/python3.12/site-packages/airflow/example_dags/tutorial_objectstorage.py for tasks to queue
[2024-10-28T03:21:17.190+0000] {logging_mixin.py:190} INFO - [2024-10-28T03:21:17.190+0000] {dagbag.py:588} INFO - Filling up the DagBag from /home/airflow/.local/lib/python3.12/site-packages/airflow/example_dags/tutorial_objectstorage.py
[2024-10-28T03:21:17.236+0000] {processor.py:925} INFO - DAG(s) 'tutorial_objectstorage' retrieved from /home/airflow/.local/lib/python3.12/site-packages/airflow/example_dags/tutorial_objectstorage.py
[2024-10-28T03:21:17.456+0000] {logging_mixin.py:190} INFO - [2024-10-28T03:21:17.456+0000] {dag.py:3239} INFO - Sync 1 DAGs
[2024-10-28T03:21:17.705+0000] {logging_mixin.py:190} INFO - [2024-10-28T03:21:17.704+0000] {dag.py:4180} INFO - Setting next_dagrun for tutorial_objectstorage to None, run_after=None
[2024-10-28T03:21:17.825+0000] {processor.py:208} INFO - Processing /home/airflow/.local/lib/python3.12/site-packages/airflow/example_dags/tutorial_objectstorage.py took 0.725 seconds
[2024-10-28T03:22:07.550+0000] {processor.py:186} INFO - Started process (PID=297) to work on /home/airflow/.local/lib/python3.12/site-packages/airflow/example_dags/tutorial_objectstorage.py
[2024-10-28T03:22:07.566+0000] {processor.py:914} INFO - Processing file /home/airflow/.local/lib/python3.12/site-packages/airflow/example_dags/tutorial_objectstorage.py for tasks to queue
[2024-10-28T03:22:07.586+0000] {logging_mixin.py:190} INFO - [2024-10-28T03:22:07.585+0000] {dagbag.py:588} INFO - Filling up the DagBag from /home/airflow/.local/lib/python3.12/site-packages/airflow/example_dags/tutorial_objectstorage.py
[2024-10-28T03:22:07.712+0000] {processor.py:925} INFO - DAG(s) 'tutorial_objectstorage' retrieved from /home/airflow/.local/lib/python3.12/site-packages/airflow/example_dags/tutorial_objectstorage.py
[2024-10-28T03:22:07.948+0000] {logging_mixin.py:190} INFO - [2024-10-28T03:22:07.947+0000] {dag.py:3239} INFO - Sync 1 DAGs
[2024-10-28T03:22:08.245+0000] {logging_mixin.py:190} INFO - [2024-10-28T03:22:08.244+0000] {dag.py:4180} INFO - Setting next_dagrun for tutorial_objectstorage to None, run_after=None
[2024-10-28T03:22:09.883+0000] {processor.py:208} INFO - Processing /home/airflow/.local/lib/python3.12/site-packages/airflow/example_dags/tutorial_objectstorage.py took 2.386 seconds
[2024-10-28T03:23:26.385+0000] {processor.py:186} INFO - Started process (PID=375) to work on /home/airflow/.local/lib/python3.12/site-packages/airflow/example_dags/tutorial_objectstorage.py
[2024-10-28T03:23:26.542+0000] {processor.py:914} INFO - Processing file /home/airflow/.local/lib/python3.12/site-packages/airflow/example_dags/tutorial_objectstorage.py for tasks to queue
[2024-10-28T03:23:26.554+0000] {logging_mixin.py:190} INFO - [2024-10-28T03:23:26.548+0000] {dagbag.py:588} INFO - Filling up the DagBag from /home/airflow/.local/lib/python3.12/site-packages/airflow/example_dags/tutorial_objectstorage.py
[2024-10-28T03:23:29.152+0000] {processor.py:925} INFO - DAG(s) 'tutorial_objectstorage' retrieved from /home/airflow/.local/lib/python3.12/site-packages/airflow/example_dags/tutorial_objectstorage.py
[2024-10-28T03:23:32.584+0000] {logging_mixin.py:190} INFO - [2024-10-28T03:23:32.582+0000] {dag.py:3239} INFO - Sync 1 DAGs
[2024-10-28T03:23:34.566+0000] {logging_mixin.py:190} INFO - [2024-10-28T03:23:34.565+0000] {dag.py:4180} INFO - Setting next_dagrun for tutorial_objectstorage to None, run_after=None
[2024-10-28T03:23:35.716+0000] {processor.py:208} INFO - Processing /home/airflow/.local/lib/python3.12/site-packages/airflow/example_dags/tutorial_objectstorage.py took 9.551 seconds
[2024-10-28T03:24:56.064+0000] {processor.py:186} INFO - Started process (PID=436) to work on /home/airflow/.local/lib/python3.12/site-packages/airflow/example_dags/tutorial_objectstorage.py
[2024-10-28T03:24:56.079+0000] {processor.py:914} INFO - Processing file /home/airflow/.local/lib/python3.12/site-packages/airflow/example_dags/tutorial_objectstorage.py for tasks to queue
[2024-10-28T03:24:56.101+0000] {logging_mixin.py:190} INFO - [2024-10-28T03:24:56.099+0000] {dagbag.py:588} INFO - Filling up the DagBag from /home/airflow/.local/lib/python3.12/site-packages/airflow/example_dags/tutorial_objectstorage.py
[2024-10-28T03:24:56.472+0000] {processor.py:925} INFO - DAG(s) 'tutorial_objectstorage' retrieved from /home/airflow/.local/lib/python3.12/site-packages/airflow/example_dags/tutorial_objectstorage.py
[2024-10-28T03:24:57.190+0000] {logging_mixin.py:190} INFO - [2024-10-28T03:24:57.189+0000] {dag.py:3239} INFO - Sync 1 DAGs
[2024-10-28T03:24:57.857+0000] {logging_mixin.py:190} INFO - [2024-10-28T03:24:57.856+0000] {dag.py:4180} INFO - Setting next_dagrun for tutorial_objectstorage to None, run_after=None
[2024-10-28T03:24:59.899+0000] {processor.py:208} INFO - Processing /home/airflow/.local/lib/python3.12/site-packages/airflow/example_dags/tutorial_objectstorage.py took 4.044 seconds
[2024-10-28T03:27:21.115+0000] {processor.py:186} INFO - Started process (PID=540) to work on /home/airflow/.local/lib/python3.12/site-packages/airflow/example_dags/tutorial_objectstorage.py
[2024-10-28T03:27:21.124+0000] {processor.py:914} INFO - Processing file /home/airflow/.local/lib/python3.12/site-packages/airflow/example_dags/tutorial_objectstorage.py for tasks to queue
[2024-10-28T03:27:21.134+0000] {logging_mixin.py:190} INFO - [2024-10-28T03:27:21.134+0000] {dagbag.py:588} INFO - Filling up the DagBag from /home/airflow/.local/lib/python3.12/site-packages/airflow/example_dags/tutorial_objectstorage.py
[2024-10-28T03:27:21.197+0000] {processor.py:925} INFO - DAG(s) 'tutorial_objectstorage' retrieved from /home/airflow/.local/lib/python3.12/site-packages/airflow/example_dags/tutorial_objectstorage.py
[2024-10-28T03:27:21.304+0000] {logging_mixin.py:190} INFO - [2024-10-28T03:27:21.303+0000] {dag.py:3239} INFO - Sync 1 DAGs
[2024-10-28T03:27:21.357+0000] {logging_mixin.py:190} INFO - [2024-10-28T03:27:21.357+0000] {dag.py:4180} INFO - Setting next_dagrun for tutorial_objectstorage to None, run_after=None
[2024-10-28T03:27:21.426+0000] {processor.py:208} INFO - Processing /home/airflow/.local/lib/python3.12/site-packages/airflow/example_dags/tutorial_objectstorage.py took 0.352 seconds
[2024-10-28T03:28:27.934+0000] {processor.py:186} INFO - Started process (PID=615) to work on /home/airflow/.local/lib/python3.12/site-packages/airflow/example_dags/tutorial_objectstorage.py
[2024-10-28T03:28:27.967+0000] {processor.py:914} INFO - Processing file /home/airflow/.local/lib/python3.12/site-packages/airflow/example_dags/tutorial_objectstorage.py for tasks to queue
[2024-10-28T03:28:27.972+0000] {logging_mixin.py:190} INFO - [2024-10-28T03:28:27.970+0000] {dagbag.py:588} INFO - Filling up the DagBag from /home/airflow/.local/lib/python3.12/site-packages/airflow/example_dags/tutorial_objectstorage.py
[2024-10-28T03:28:28.151+0000] {processor.py:925} INFO - DAG(s) 'tutorial_objectstorage' retrieved from /home/airflow/.local/lib/python3.12/site-packages/airflow/example_dags/tutorial_objectstorage.py
[2024-10-28T03:28:28.441+0000] {logging_mixin.py:190} INFO - [2024-10-28T03:28:28.440+0000] {dag.py:3239} INFO - Sync 1 DAGs
[2024-10-28T03:28:28.830+0000] {logging_mixin.py:190} INFO - [2024-10-28T03:28:28.829+0000] {dag.py:4180} INFO - Setting next_dagrun for tutorial_objectstorage to None, run_after=None
[2024-10-28T03:28:30.169+0000] {processor.py:208} INFO - Processing /home/airflow/.local/lib/python3.12/site-packages/airflow/example_dags/tutorial_objectstorage.py took 2.291 seconds
[2024-10-28T03:29:38.693+0000] {processor.py:186} INFO - Started process (PID=686) to work on /home/airflow/.local/lib/python3.12/site-packages/airflow/example_dags/tutorial_objectstorage.py
[2024-10-28T03:29:38.712+0000] {processor.py:914} INFO - Processing file /home/airflow/.local/lib/python3.12/site-packages/airflow/example_dags/tutorial_objectstorage.py for tasks to queue
[2024-10-28T03:29:38.728+0000] {logging_mixin.py:190} INFO - [2024-10-28T03:29:38.724+0000] {dagbag.py:588} INFO - Filling up the DagBag from /home/airflow/.local/lib/python3.12/site-packages/airflow/example_dags/tutorial_objectstorage.py
[2024-10-28T03:29:38.950+0000] {processor.py:925} INFO - DAG(s) 'tutorial_objectstorage' retrieved from /home/airflow/.local/lib/python3.12/site-packages/airflow/example_dags/tutorial_objectstorage.py
[2024-10-28T03:29:39.164+0000] {logging_mixin.py:190} INFO - [2024-10-28T03:29:39.163+0000] {dag.py:3239} INFO - Sync 1 DAGs
[2024-10-28T03:29:39.336+0000] {logging_mixin.py:190} INFO - [2024-10-28T03:29:39.336+0000] {dag.py:4180} INFO - Setting next_dagrun for tutorial_objectstorage to None, run_after=None
[2024-10-28T03:29:39.573+0000] {processor.py:208} INFO - Processing /home/airflow/.local/lib/python3.12/site-packages/airflow/example_dags/tutorial_objectstorage.py took 0.996 seconds
[2024-10-28T03:30:50.805+0000] {processor.py:186} INFO - Started process (PID=764) to work on /home/airflow/.local/lib/python3.12/site-packages/airflow/example_dags/tutorial_objectstorage.py
[2024-10-28T03:30:50.830+0000] {processor.py:914} INFO - Processing file /home/airflow/.local/lib/python3.12/site-packages/airflow/example_dags/tutorial_objectstorage.py for tasks to queue
[2024-10-28T03:30:50.843+0000] {logging_mixin.py:190} INFO - [2024-10-28T03:30:50.842+0000] {dagbag.py:588} INFO - Filling up the DagBag from /home/airflow/.local/lib/python3.12/site-packages/airflow/example_dags/tutorial_objectstorage.py
[2024-10-28T03:30:50.967+0000] {processor.py:925} INFO - DAG(s) 'tutorial_objectstorage' retrieved from /home/airflow/.local/lib/python3.12/site-packages/airflow/example_dags/tutorial_objectstorage.py
[2024-10-28T03:30:51.178+0000] {logging_mixin.py:190} INFO - [2024-10-28T03:30:51.177+0000] {dag.py:3239} INFO - Sync 1 DAGs
[2024-10-28T03:30:51.316+0000] {logging_mixin.py:190} INFO - [2024-10-28T03:30:51.315+0000] {dag.py:4180} INFO - Setting next_dagrun for tutorial_objectstorage to None, run_after=None
[2024-10-28T03:30:51.464+0000] {processor.py:208} INFO - Processing /home/airflow/.local/lib/python3.12/site-packages/airflow/example_dags/tutorial_objectstorage.py took 0.751 seconds
[2024-10-28T03:31:40.812+0000] {processor.py:186} INFO - Started process (PID=827) to work on /home/airflow/.local/lib/python3.12/site-packages/airflow/example_dags/tutorial_objectstorage.py
[2024-10-28T03:31:40.817+0000] {processor.py:914} INFO - Processing file /home/airflow/.local/lib/python3.12/site-packages/airflow/example_dags/tutorial_objectstorage.py for tasks to queue
[2024-10-28T03:31:40.822+0000] {logging_mixin.py:190} INFO - [2024-10-28T03:31:40.821+0000] {dagbag.py:588} INFO - Filling up the DagBag from /home/airflow/.local/lib/python3.12/site-packages/airflow/example_dags/tutorial_objectstorage.py
[2024-10-28T03:31:40.897+0000] {processor.py:925} INFO - DAG(s) 'tutorial_objectstorage' retrieved from /home/airflow/.local/lib/python3.12/site-packages/airflow/example_dags/tutorial_objectstorage.py
[2024-10-28T03:31:40.999+0000] {logging_mixin.py:190} INFO - [2024-10-28T03:31:40.998+0000] {dag.py:3239} INFO - Sync 1 DAGs
[2024-10-28T03:31:41.068+0000] {logging_mixin.py:190} INFO - [2024-10-28T03:31:41.064+0000] {dag.py:4180} INFO - Setting next_dagrun for tutorial_objectstorage to None, run_after=None
[2024-10-28T03:31:41.270+0000] {processor.py:208} INFO - Processing /home/airflow/.local/lib/python3.12/site-packages/airflow/example_dags/tutorial_objectstorage.py took 0.488 seconds
[2024-10-28T03:32:12.098+0000] {processor.py:186} INFO - Started process (PID=890) to work on /home/airflow/.local/lib/python3.12/site-packages/airflow/example_dags/tutorial_objectstorage.py
[2024-10-28T03:32:12.103+0000] {processor.py:914} INFO - Processing file /home/airflow/.local/lib/python3.12/site-packages/airflow/example_dags/tutorial_objectstorage.py for tasks to queue
[2024-10-28T03:32:12.106+0000] {logging_mixin.py:190} INFO - [2024-10-28T03:32:12.105+0000] {dagbag.py:588} INFO - Filling up the DagBag from /home/airflow/.local/lib/python3.12/site-packages/airflow/example_dags/tutorial_objectstorage.py
[2024-10-28T03:32:12.136+0000] {processor.py:925} INFO - DAG(s) 'tutorial_objectstorage' retrieved from /home/airflow/.local/lib/python3.12/site-packages/airflow/example_dags/tutorial_objectstorage.py
[2024-10-28T03:32:12.228+0000] {logging_mixin.py:190} INFO - [2024-10-28T03:32:12.227+0000] {dag.py:3239} INFO - Sync 1 DAGs
[2024-10-28T03:32:12.296+0000] {logging_mixin.py:190} INFO - [2024-10-28T03:32:12.296+0000] {dag.py:4180} INFO - Setting next_dagrun for tutorial_objectstorage to None, run_after=None
[2024-10-28T03:32:12.387+0000] {processor.py:208} INFO - Processing /home/airflow/.local/lib/python3.12/site-packages/airflow/example_dags/tutorial_objectstorage.py took 0.308 seconds
[2024-10-28T03:32:59.682+0000] {processor.py:186} INFO - Started process (PID=961) to work on /home/airflow/.local/lib/python3.12/site-packages/airflow/example_dags/tutorial_objectstorage.py
[2024-10-28T03:32:59.697+0000] {processor.py:914} INFO - Processing file /home/airflow/.local/lib/python3.12/site-packages/airflow/example_dags/tutorial_objectstorage.py for tasks to queue
[2024-10-28T03:32:59.703+0000] {logging_mixin.py:190} INFO - [2024-10-28T03:32:59.701+0000] {dagbag.py:588} INFO - Filling up the DagBag from /home/airflow/.local/lib/python3.12/site-packages/airflow/example_dags/tutorial_objectstorage.py
[2024-10-28T03:32:59.950+0000] {processor.py:925} INFO - DAG(s) 'tutorial_objectstorage' retrieved from /home/airflow/.local/lib/python3.12/site-packages/airflow/example_dags/tutorial_objectstorage.py
[2024-10-28T03:33:00.223+0000] {logging_mixin.py:190} INFO - [2024-10-28T03:33:00.222+0000] {dag.py:3239} INFO - Sync 1 DAGs
[2024-10-28T03:33:00.638+0000] {logging_mixin.py:190} INFO - [2024-10-28T03:33:00.629+0000] {dag.py:4180} INFO - Setting next_dagrun for tutorial_objectstorage to None, run_after=None
[2024-10-28T03:33:01.094+0000] {processor.py:208} INFO - Processing /home/airflow/.local/lib/python3.12/site-packages/airflow/example_dags/tutorial_objectstorage.py took 1.534 seconds
[2024-10-28T03:33:36.817+0000] {processor.py:186} INFO - Started process (PID=1023) to work on /home/airflow/.local/lib/python3.12/site-packages/airflow/example_dags/tutorial_objectstorage.py
[2024-10-28T03:33:36.820+0000] {processor.py:914} INFO - Processing file /home/airflow/.local/lib/python3.12/site-packages/airflow/example_dags/tutorial_objectstorage.py for tasks to queue
[2024-10-28T03:33:36.824+0000] {logging_mixin.py:190} INFO - [2024-10-28T03:33:36.823+0000] {dagbag.py:588} INFO - Filling up the DagBag from /home/airflow/.local/lib/python3.12/site-packages/airflow/example_dags/tutorial_objectstorage.py
[2024-10-28T03:33:36.870+0000] {processor.py:925} INFO - DAG(s) 'tutorial_objectstorage' retrieved from /home/airflow/.local/lib/python3.12/site-packages/airflow/example_dags/tutorial_objectstorage.py
[2024-10-28T03:33:36.949+0000] {logging_mixin.py:190} INFO - [2024-10-28T03:33:36.948+0000] {dag.py:3239} INFO - Sync 1 DAGs
[2024-10-28T03:33:37.010+0000] {logging_mixin.py:190} INFO - [2024-10-28T03:33:37.009+0000] {dag.py:4180} INFO - Setting next_dagrun for tutorial_objectstorage to None, run_after=None
[2024-10-28T03:33:37.226+0000] {processor.py:208} INFO - Processing /home/airflow/.local/lib/python3.12/site-packages/airflow/example_dags/tutorial_objectstorage.py took 0.429 seconds
[2024-10-28T04:03:05.018+0000] {processor.py:186} INFO - Started process (PID=411) to work on /home/airflow/.local/lib/python3.12/site-packages/airflow/example_dags/tutorial_objectstorage.py
[2024-10-28T04:03:05.075+0000] {processor.py:914} INFO - Processing file /home/airflow/.local/lib/python3.12/site-packages/airflow/example_dags/tutorial_objectstorage.py for tasks to queue
[2024-10-28T04:03:05.112+0000] {logging_mixin.py:190} INFO - [2024-10-28T04:03:05.111+0000] {dagbag.py:588} INFO - Filling up the DagBag from /home/airflow/.local/lib/python3.12/site-packages/airflow/example_dags/tutorial_objectstorage.py
[2024-10-28T04:03:05.373+0000] {processor.py:925} INFO - DAG(s) 'tutorial_objectstorage' retrieved from /home/airflow/.local/lib/python3.12/site-packages/airflow/example_dags/tutorial_objectstorage.py
[2024-10-28T04:03:05.584+0000] {logging_mixin.py:190} INFO - [2024-10-28T04:03:05.583+0000] {dag.py:3239} INFO - Sync 1 DAGs
[2024-10-28T04:03:06.088+0000] {logging_mixin.py:190} INFO - [2024-10-28T04:03:06.087+0000] {dag.py:4180} INFO - Setting next_dagrun for tutorial_objectstorage to None, run_after=None
[2024-10-28T04:03:06.939+0000] {processor.py:208} INFO - Processing /home/airflow/.local/lib/python3.12/site-packages/airflow/example_dags/tutorial_objectstorage.py took 2.138 seconds
[2024-10-28T04:05:54.225+0000] {processor.py:186} INFO - Started process (PID=499) to work on /home/airflow/.local/lib/python3.12/site-packages/airflow/example_dags/tutorial_objectstorage.py
[2024-10-28T04:05:54.249+0000] {processor.py:914} INFO - Processing file /home/airflow/.local/lib/python3.12/site-packages/airflow/example_dags/tutorial_objectstorage.py for tasks to queue
[2024-10-28T04:05:54.306+0000] {logging_mixin.py:190} INFO - [2024-10-28T04:05:54.304+0000] {dagbag.py:588} INFO - Filling up the DagBag from /home/airflow/.local/lib/python3.12/site-packages/airflow/example_dags/tutorial_objectstorage.py
[2024-10-28T04:05:57.301+0000] {processor.py:925} INFO - DAG(s) 'tutorial_objectstorage' retrieved from /home/airflow/.local/lib/python3.12/site-packages/airflow/example_dags/tutorial_objectstorage.py
[2024-10-28T04:05:57.739+0000] {logging_mixin.py:190} INFO - [2024-10-28T04:05:57.738+0000] {dag.py:3239} INFO - Sync 1 DAGs
[2024-10-28T04:05:57.959+0000] {logging_mixin.py:190} INFO - [2024-10-28T04:05:57.921+0000] {dag.py:4180} INFO - Setting next_dagrun for tutorial_objectstorage to None, run_after=None
[2024-10-28T04:05:58.711+0000] {processor.py:208} INFO - Processing /home/airflow/.local/lib/python3.12/site-packages/airflow/example_dags/tutorial_objectstorage.py took 4.588 seconds
[2024-10-28T04:08:54.286+0000] {processor.py:186} INFO - Started process (PID=568) to work on /home/airflow/.local/lib/python3.12/site-packages/airflow/example_dags/tutorial_objectstorage.py
[2024-10-28T04:08:54.352+0000] {processor.py:914} INFO - Processing file /home/airflow/.local/lib/python3.12/site-packages/airflow/example_dags/tutorial_objectstorage.py for tasks to queue
[2024-10-28T04:08:54.364+0000] {logging_mixin.py:190} INFO - [2024-10-28T04:08:54.363+0000] {dagbag.py:588} INFO - Filling up the DagBag from /home/airflow/.local/lib/python3.12/site-packages/airflow/example_dags/tutorial_objectstorage.py
[2024-10-28T04:08:54.550+0000] {processor.py:925} INFO - DAG(s) 'tutorial_objectstorage' retrieved from /home/airflow/.local/lib/python3.12/site-packages/airflow/example_dags/tutorial_objectstorage.py
[2024-10-28T04:08:54.900+0000] {logging_mixin.py:190} INFO - [2024-10-28T04:08:54.899+0000] {dag.py:3239} INFO - Sync 1 DAGs
[2024-10-28T04:08:55.081+0000] {logging_mixin.py:190} INFO - [2024-10-28T04:08:55.080+0000] {dag.py:4180} INFO - Setting next_dagrun for tutorial_objectstorage to None, run_after=None
[2024-10-28T04:08:55.961+0000] {processor.py:208} INFO - Processing /home/airflow/.local/lib/python3.12/site-packages/airflow/example_dags/tutorial_objectstorage.py took 1.749 seconds
[2024-10-28T04:10:25.014+0000] {processor.py:186} INFO - Started process (PID=644) to work on /home/airflow/.local/lib/python3.12/site-packages/airflow/example_dags/tutorial_objectstorage.py
[2024-10-28T04:10:25.049+0000] {processor.py:914} INFO - Processing file /home/airflow/.local/lib/python3.12/site-packages/airflow/example_dags/tutorial_objectstorage.py for tasks to queue
[2024-10-28T04:10:25.132+0000] {logging_mixin.py:190} INFO - [2024-10-28T04:10:25.130+0000] {dagbag.py:588} INFO - Filling up the DagBag from /home/airflow/.local/lib/python3.12/site-packages/airflow/example_dags/tutorial_objectstorage.py
[2024-10-28T04:10:25.514+0000] {processor.py:925} INFO - DAG(s) 'tutorial_objectstorage' retrieved from /home/airflow/.local/lib/python3.12/site-packages/airflow/example_dags/tutorial_objectstorage.py
[2024-10-28T04:10:25.816+0000] {logging_mixin.py:190} INFO - [2024-10-28T04:10:25.810+0000] {dag.py:3239} INFO - Sync 1 DAGs
[2024-10-28T04:10:25.939+0000] {logging_mixin.py:190} INFO - [2024-10-28T04:10:25.938+0000] {dag.py:4180} INFO - Setting next_dagrun for tutorial_objectstorage to None, run_after=None
[2024-10-28T04:10:26.140+0000] {processor.py:208} INFO - Processing /home/airflow/.local/lib/python3.12/site-packages/airflow/example_dags/tutorial_objectstorage.py took 1.262 seconds
[2024-10-28T04:15:09.972+0000] {processor.py:186} INFO - Started process (PID=765) to work on /home/airflow/.local/lib/python3.12/site-packages/airflow/example_dags/tutorial_objectstorage.py
[2024-10-28T04:15:10.210+0000] {processor.py:914} INFO - Processing file /home/airflow/.local/lib/python3.12/site-packages/airflow/example_dags/tutorial_objectstorage.py for tasks to queue
[2024-10-28T04:15:10.221+0000] {logging_mixin.py:190} INFO - [2024-10-28T04:15:10.219+0000] {dagbag.py:588} INFO - Filling up the DagBag from /home/airflow/.local/lib/python3.12/site-packages/airflow/example_dags/tutorial_objectstorage.py
[2024-10-28T04:15:10.929+0000] {processor.py:925} INFO - DAG(s) 'tutorial_objectstorage' retrieved from /home/airflow/.local/lib/python3.12/site-packages/airflow/example_dags/tutorial_objectstorage.py
[2024-10-28T04:15:11.468+0000] {logging_mixin.py:190} INFO - [2024-10-28T04:15:11.467+0000] {dag.py:3239} INFO - Sync 1 DAGs
[2024-10-28T04:15:11.812+0000] {logging_mixin.py:190} INFO - [2024-10-28T04:15:11.811+0000] {dag.py:4180} INFO - Setting next_dagrun for tutorial_objectstorage to None, run_after=None
[2024-10-28T04:15:12.832+0000] {processor.py:208} INFO - Processing /home/airflow/.local/lib/python3.12/site-packages/airflow/example_dags/tutorial_objectstorage.py took 2.995 seconds
[2024-10-28T04:17:50.420+0000] {processor.py:186} INFO - Started process (PID=837) to work on /home/airflow/.local/lib/python3.12/site-packages/airflow/example_dags/tutorial_objectstorage.py
[2024-10-28T04:17:50.485+0000] {processor.py:914} INFO - Processing file /home/airflow/.local/lib/python3.12/site-packages/airflow/example_dags/tutorial_objectstorage.py for tasks to queue
[2024-10-28T04:17:50.495+0000] {logging_mixin.py:190} INFO - [2024-10-28T04:17:50.494+0000] {dagbag.py:588} INFO - Filling up the DagBag from /home/airflow/.local/lib/python3.12/site-packages/airflow/example_dags/tutorial_objectstorage.py
[2024-10-28T04:17:50.585+0000] {processor.py:925} INFO - DAG(s) 'tutorial_objectstorage' retrieved from /home/airflow/.local/lib/python3.12/site-packages/airflow/example_dags/tutorial_objectstorage.py
[2024-10-28T04:17:50.746+0000] {logging_mixin.py:190} INFO - [2024-10-28T04:17:50.723+0000] {dag.py:3239} INFO - Sync 1 DAGs
[2024-10-28T04:17:51.062+0000] {logging_mixin.py:190} INFO - [2024-10-28T04:17:51.062+0000] {dag.py:4180} INFO - Setting next_dagrun for tutorial_objectstorage to None, run_after=None
[2024-10-28T04:17:51.773+0000] {processor.py:208} INFO - Processing /home/airflow/.local/lib/python3.12/site-packages/airflow/example_dags/tutorial_objectstorage.py took 1.450 seconds
[2024-10-28T04:19:48.172+0000] {processor.py:186} INFO - Started process (PID=931) to work on /home/airflow/.local/lib/python3.12/site-packages/airflow/example_dags/tutorial_objectstorage.py
[2024-10-28T04:19:48.176+0000] {processor.py:914} INFO - Processing file /home/airflow/.local/lib/python3.12/site-packages/airflow/example_dags/tutorial_objectstorage.py for tasks to queue
[2024-10-28T04:19:48.182+0000] {logging_mixin.py:190} INFO - [2024-10-28T04:19:48.182+0000] {dagbag.py:588} INFO - Filling up the DagBag from /home/airflow/.local/lib/python3.12/site-packages/airflow/example_dags/tutorial_objectstorage.py
[2024-10-28T04:19:48.298+0000] {processor.py:925} INFO - DAG(s) 'tutorial_objectstorage' retrieved from /home/airflow/.local/lib/python3.12/site-packages/airflow/example_dags/tutorial_objectstorage.py
[2024-10-28T04:19:48.653+0000] {logging_mixin.py:190} INFO - [2024-10-28T04:19:48.651+0000] {dag.py:3239} INFO - Sync 1 DAGs
[2024-10-28T04:19:49.407+0000] {logging_mixin.py:190} INFO - [2024-10-28T04:19:49.405+0000] {dag.py:4180} INFO - Setting next_dagrun for tutorial_objectstorage to None, run_after=None
[2024-10-28T04:29:28.970+0000] {processor.py:186} INFO - Started process (PID=141) to work on /home/airflow/.local/lib/python3.12/site-packages/airflow/example_dags/tutorial_objectstorage.py
[2024-10-28T04:29:29.000+0000] {processor.py:914} INFO - Processing file /home/airflow/.local/lib/python3.12/site-packages/airflow/example_dags/tutorial_objectstorage.py for tasks to queue
[2024-10-28T04:29:29.036+0000] {logging_mixin.py:190} INFO - [2024-10-28T04:29:29.035+0000] {dagbag.py:588} INFO - Filling up the DagBag from /home/airflow/.local/lib/python3.12/site-packages/airflow/example_dags/tutorial_objectstorage.py
[2024-10-28T04:29:29.169+0000] {processor.py:925} INFO - DAG(s) 'tutorial_objectstorage' retrieved from /home/airflow/.local/lib/python3.12/site-packages/airflow/example_dags/tutorial_objectstorage.py
[2024-10-28T04:29:29.504+0000] {logging_mixin.py:190} INFO - [2024-10-28T04:29:29.503+0000] {dag.py:3239} INFO - Sync 1 DAGs
[2024-10-28T04:29:29.937+0000] {logging_mixin.py:190} INFO - [2024-10-28T04:29:29.936+0000] {dag.py:4180} INFO - Setting next_dagrun for tutorial_objectstorage to None, run_after=None
[2024-10-28T04:29:30.174+0000] {processor.py:208} INFO - Processing /home/airflow/.local/lib/python3.12/site-packages/airflow/example_dags/tutorial_objectstorage.py took 1.247 seconds
[2024-10-28T04:32:42.151+0000] {processor.py:186} INFO - Started process (PID=232) to work on /home/airflow/.local/lib/python3.12/site-packages/airflow/example_dags/tutorial_objectstorage.py
[2024-10-28T04:32:42.159+0000] {processor.py:914} INFO - Processing file /home/airflow/.local/lib/python3.12/site-packages/airflow/example_dags/tutorial_objectstorage.py for tasks to queue
[2024-10-28T04:32:42.242+0000] {logging_mixin.py:190} INFO - [2024-10-28T04:32:42.240+0000] {dagbag.py:588} INFO - Filling up the DagBag from /home/airflow/.local/lib/python3.12/site-packages/airflow/example_dags/tutorial_objectstorage.py
[2024-10-28T04:32:43.453+0000] {processor.py:925} INFO - DAG(s) 'tutorial_objectstorage' retrieved from /home/airflow/.local/lib/python3.12/site-packages/airflow/example_dags/tutorial_objectstorage.py
[2024-10-28T04:32:44.284+0000] {logging_mixin.py:190} INFO - [2024-10-28T04:32:44.283+0000] {dag.py:3239} INFO - Sync 1 DAGs
[2024-10-28T04:32:44.445+0000] {logging_mixin.py:190} INFO - [2024-10-28T04:32:44.444+0000] {dag.py:4180} INFO - Setting next_dagrun for tutorial_objectstorage to None, run_after=None
[2024-10-28T04:32:45.022+0000] {processor.py:208} INFO - Processing /home/airflow/.local/lib/python3.12/site-packages/airflow/example_dags/tutorial_objectstorage.py took 3.102 seconds
[2024-10-28T04:35:25.317+0000] {processor.py:186} INFO - Started process (PID=305) to work on /home/airflow/.local/lib/python3.12/site-packages/airflow/example_dags/tutorial_objectstorage.py
[2024-10-28T04:35:25.378+0000] {processor.py:914} INFO - Processing file /home/airflow/.local/lib/python3.12/site-packages/airflow/example_dags/tutorial_objectstorage.py for tasks to queue
[2024-10-28T04:35:25.489+0000] {logging_mixin.py:190} INFO - [2024-10-28T04:35:25.487+0000] {dagbag.py:588} INFO - Filling up the DagBag from /home/airflow/.local/lib/python3.12/site-packages/airflow/example_dags/tutorial_objectstorage.py
[2024-10-28T04:35:26.105+0000] {processor.py:925} INFO - DAG(s) 'tutorial_objectstorage' retrieved from /home/airflow/.local/lib/python3.12/site-packages/airflow/example_dags/tutorial_objectstorage.py
[2024-10-28T04:35:26.937+0000] {logging_mixin.py:190} INFO - [2024-10-28T04:35:26.918+0000] {dag.py:3239} INFO - Sync 1 DAGs
[2024-10-28T04:35:27.648+0000] {logging_mixin.py:190} INFO - [2024-10-28T04:35:27.594+0000] {dag.py:4180} INFO - Setting next_dagrun for tutorial_objectstorage to None, run_after=None
[2024-10-28T04:35:28.036+0000] {processor.py:208} INFO - Processing /home/airflow/.local/lib/python3.12/site-packages/airflow/example_dags/tutorial_objectstorage.py took 2.874 seconds
[2024-10-28T04:43:14.501+0000] {processor.py:186} INFO - Started process (PID=119) to work on /home/airflow/.local/lib/python3.12/site-packages/airflow/example_dags/tutorial_objectstorage.py
[2024-10-28T04:43:14.532+0000] {processor.py:914} INFO - Processing file /home/airflow/.local/lib/python3.12/site-packages/airflow/example_dags/tutorial_objectstorage.py for tasks to queue
[2024-10-28T04:43:14.540+0000] {logging_mixin.py:190} INFO - [2024-10-28T04:43:14.539+0000] {dagbag.py:588} INFO - Filling up the DagBag from /home/airflow/.local/lib/python3.12/site-packages/airflow/example_dags/tutorial_objectstorage.py
[2024-10-28T04:43:14.669+0000] {processor.py:925} INFO - DAG(s) 'tutorial_objectstorage' retrieved from /home/airflow/.local/lib/python3.12/site-packages/airflow/example_dags/tutorial_objectstorage.py
[2024-10-28T04:43:16.034+0000] {logging_mixin.py:190} INFO - [2024-10-28T04:43:16.002+0000] {override.py:1900} INFO - Created Permission View: can edit on DAG:tutorial_objectstorage
[2024-10-28T04:43:16.161+0000] {logging_mixin.py:190} INFO - [2024-10-28T04:43:16.160+0000] {override.py:1900} INFO - Created Permission View: can delete on DAG:tutorial_objectstorage
[2024-10-28T04:43:16.215+0000] {logging_mixin.py:190} INFO - [2024-10-28T04:43:16.213+0000] {override.py:1900} INFO - Created Permission View: can read on DAG:tutorial_objectstorage
[2024-10-28T04:43:16.293+0000] {logging_mixin.py:190} INFO - [2024-10-28T04:43:16.292+0000] {override.py:1900} INFO - Created Permission View: can create on DAG Run:tutorial_objectstorage
[2024-10-28T04:43:16.398+0000] {logging_mixin.py:190} INFO - [2024-10-28T04:43:16.397+0000] {override.py:1900} INFO - Created Permission View: can delete on DAG Run:tutorial_objectstorage
[2024-10-28T04:43:16.469+0000] {logging_mixin.py:190} INFO - [2024-10-28T04:43:16.469+0000] {override.py:1900} INFO - Created Permission View: menu access on DAG Run:tutorial_objectstorage
[2024-10-28T04:43:16.533+0000] {logging_mixin.py:190} INFO - [2024-10-28T04:43:16.532+0000] {override.py:1900} INFO - Created Permission View: can read on DAG Run:tutorial_objectstorage
[2024-10-28T04:43:16.539+0000] {logging_mixin.py:190} INFO - [2024-10-28T04:43:16.538+0000] {dag.py:3239} INFO - Sync 1 DAGs
[2024-10-28T04:43:16.788+0000] {logging_mixin.py:190} INFO - [2024-10-28T04:43:16.766+0000] {dag.py:3262} INFO - Creating ORM DAG for tutorial_objectstorage
[2024-10-28T04:43:16.800+0000] {logging_mixin.py:190} INFO - [2024-10-28T04:43:16.799+0000] {dag.py:4180} INFO - Setting next_dagrun for tutorial_objectstorage to None, run_after=None
[2024-10-28T04:43:17.195+0000] {processor.py:208} INFO - Processing /home/airflow/.local/lib/python3.12/site-packages/airflow/example_dags/tutorial_objectstorage.py took 2.738 seconds
[2024-10-28T04:47:15.165+0000] {processor.py:186} INFO - Started process (PID=225) to work on /home/airflow/.local/lib/python3.12/site-packages/airflow/example_dags/tutorial_objectstorage.py
[2024-10-28T04:47:15.174+0000] {processor.py:914} INFO - Processing file /home/airflow/.local/lib/python3.12/site-packages/airflow/example_dags/tutorial_objectstorage.py for tasks to queue
[2024-10-28T04:47:15.252+0000] {logging_mixin.py:190} INFO - [2024-10-28T04:47:15.251+0000] {dagbag.py:588} INFO - Filling up the DagBag from /home/airflow/.local/lib/python3.12/site-packages/airflow/example_dags/tutorial_objectstorage.py
[2024-10-28T04:47:15.429+0000] {processor.py:925} INFO - DAG(s) 'tutorial_objectstorage' retrieved from /home/airflow/.local/lib/python3.12/site-packages/airflow/example_dags/tutorial_objectstorage.py
[2024-10-28T04:47:15.587+0000] {logging_mixin.py:190} INFO - [2024-10-28T04:47:15.585+0000] {dag.py:3239} INFO - Sync 1 DAGs
[2024-10-28T04:47:15.770+0000] {logging_mixin.py:190} INFO - [2024-10-28T04:47:15.770+0000] {dag.py:4180} INFO - Setting next_dagrun for tutorial_objectstorage to None, run_after=None
[2024-10-28T04:47:15.941+0000] {processor.py:208} INFO - Processing /home/airflow/.local/lib/python3.12/site-packages/airflow/example_dags/tutorial_objectstorage.py took 0.879 seconds
[2024-10-28T04:48:38.139+0000] {processor.py:186} INFO - Started process (PID=285) to work on /home/airflow/.local/lib/python3.12/site-packages/airflow/example_dags/tutorial_objectstorage.py
[2024-10-28T04:48:38.167+0000] {processor.py:914} INFO - Processing file /home/airflow/.local/lib/python3.12/site-packages/airflow/example_dags/tutorial_objectstorage.py for tasks to queue
[2024-10-28T04:48:38.181+0000] {logging_mixin.py:190} INFO - [2024-10-28T04:48:38.179+0000] {dagbag.py:588} INFO - Filling up the DagBag from /home/airflow/.local/lib/python3.12/site-packages/airflow/example_dags/tutorial_objectstorage.py
[2024-10-28T04:48:38.519+0000] {processor.py:925} INFO - DAG(s) 'tutorial_objectstorage' retrieved from /home/airflow/.local/lib/python3.12/site-packages/airflow/example_dags/tutorial_objectstorage.py
[2024-10-28T04:48:41.448+0000] {logging_mixin.py:190} INFO - [2024-10-28T04:48:41.410+0000] {dag.py:3239} INFO - Sync 1 DAGs
[2024-10-28T04:48:42.049+0000] {logging_mixin.py:190} INFO - [2024-10-28T04:48:42.039+0000] {dag.py:4180} INFO - Setting next_dagrun for tutorial_objectstorage to None, run_after=None
[2024-10-28T04:48:42.270+0000] {processor.py:208} INFO - Processing /home/airflow/.local/lib/python3.12/site-packages/airflow/example_dags/tutorial_objectstorage.py took 4.198 seconds
[2024-10-28T04:50:50.907+0000] {processor.py:186} INFO - Started process (PID=350) to work on /home/airflow/.local/lib/python3.12/site-packages/airflow/example_dags/tutorial_objectstorage.py
[2024-10-28T04:50:50.929+0000] {processor.py:914} INFO - Processing file /home/airflow/.local/lib/python3.12/site-packages/airflow/example_dags/tutorial_objectstorage.py for tasks to queue
[2024-10-28T04:50:50.974+0000] {logging_mixin.py:190} INFO - [2024-10-28T04:50:50.972+0000] {dagbag.py:588} INFO - Filling up the DagBag from /home/airflow/.local/lib/python3.12/site-packages/airflow/example_dags/tutorial_objectstorage.py
[2024-10-28T04:50:53.281+0000] {processor.py:925} INFO - DAG(s) 'tutorial_objectstorage' retrieved from /home/airflow/.local/lib/python3.12/site-packages/airflow/example_dags/tutorial_objectstorage.py
[2024-10-28T04:50:54.567+0000] {logging_mixin.py:190} INFO - [2024-10-28T04:50:54.566+0000] {dag.py:3239} INFO - Sync 1 DAGs
[2024-10-28T04:50:55.743+0000] {logging_mixin.py:190} INFO - [2024-10-28T04:50:55.742+0000] {dag.py:4180} INFO - Setting next_dagrun for tutorial_objectstorage to None, run_after=None
[2024-10-28T04:50:56.679+0000] {processor.py:208} INFO - Processing /home/airflow/.local/lib/python3.12/site-packages/airflow/example_dags/tutorial_objectstorage.py took 6.347 seconds
[2024-10-28T06:29:32.640+0000] {processor.py:186} INFO - Started process (PID=180) to work on /home/airflow/.local/lib/python3.12/site-packages/airflow/example_dags/tutorial_objectstorage.py
[2024-10-28T06:29:32.656+0000] {processor.py:914} INFO - Processing file /home/airflow/.local/lib/python3.12/site-packages/airflow/example_dags/tutorial_objectstorage.py for tasks to queue
[2024-10-28T06:29:32.701+0000] {logging_mixin.py:190} INFO - [2024-10-28T06:29:32.698+0000] {dagbag.py:588} INFO - Filling up the DagBag from /home/airflow/.local/lib/python3.12/site-packages/airflow/example_dags/tutorial_objectstorage.py
[2024-10-28T06:29:32.912+0000] {processor.py:925} INFO - DAG(s) 'tutorial_objectstorage' retrieved from /home/airflow/.local/lib/python3.12/site-packages/airflow/example_dags/tutorial_objectstorage.py
[2024-10-28T06:29:38.316+0000] {logging_mixin.py:190} INFO - [2024-10-28T06:29:38.312+0000] {override.py:1900} INFO - Created Permission View: can edit on DAG:tutorial_objectstorage
[2024-10-28T06:29:39.411+0000] {logging_mixin.py:190} INFO - [2024-10-28T06:29:39.409+0000] {override.py:1900} INFO - Created Permission View: can read on DAG:tutorial_objectstorage
[2024-10-28T06:29:39.594+0000] {logging_mixin.py:190} INFO - [2024-10-28T06:29:39.583+0000] {override.py:1900} INFO - Created Permission View: can delete on DAG:tutorial_objectstorage
[2024-10-28T06:29:39.953+0000] {logging_mixin.py:190} INFO - [2024-10-28T06:29:39.951+0000] {override.py:1900} INFO - Created Permission View: menu access on DAG Run:tutorial_objectstorage
[2024-10-28T06:29:40.300+0000] {logging_mixin.py:190} INFO - [2024-10-28T06:29:40.295+0000] {override.py:1900} INFO - Created Permission View: can create on DAG Run:tutorial_objectstorage
[2024-10-28T06:29:40.614+0000] {logging_mixin.py:190} INFO - [2024-10-28T06:29:40.591+0000] {override.py:1900} INFO - Created Permission View: can read on DAG Run:tutorial_objectstorage
[2024-10-28T06:29:40.829+0000] {logging_mixin.py:190} INFO - [2024-10-28T06:29:40.826+0000] {override.py:1900} INFO - Created Permission View: can delete on DAG Run:tutorial_objectstorage
[2024-10-28T06:29:40.846+0000] {logging_mixin.py:190} INFO - [2024-10-28T06:29:40.844+0000] {dag.py:3239} INFO - Sync 1 DAGs
[2024-10-28T06:29:42.314+0000] {logging_mixin.py:190} INFO - [2024-10-28T06:29:42.313+0000] {dag.py:3262} INFO - Creating ORM DAG for tutorial_objectstorage
[2024-10-28T06:29:42.328+0000] {logging_mixin.py:190} INFO - [2024-10-28T06:29:42.327+0000] {dag.py:4180} INFO - Setting next_dagrun for tutorial_objectstorage to None, run_after=None
[2024-10-28T06:29:43.093+0000] {processor.py:208} INFO - Processing /home/airflow/.local/lib/python3.12/site-packages/airflow/example_dags/tutorial_objectstorage.py took 10.713 seconds
[2024-10-28T06:34:13.988+0000] {processor.py:186} INFO - Started process (PID=286) to work on /home/airflow/.local/lib/python3.12/site-packages/airflow/example_dags/tutorial_objectstorage.py
[2024-10-28T06:34:14.031+0000] {processor.py:914} INFO - Processing file /home/airflow/.local/lib/python3.12/site-packages/airflow/example_dags/tutorial_objectstorage.py for tasks to queue
[2024-10-28T06:34:14.081+0000] {logging_mixin.py:190} INFO - [2024-10-28T06:34:14.080+0000] {dagbag.py:588} INFO - Filling up the DagBag from /home/airflow/.local/lib/python3.12/site-packages/airflow/example_dags/tutorial_objectstorage.py
[2024-10-28T06:34:14.518+0000] {processor.py:925} INFO - DAG(s) 'tutorial_objectstorage' retrieved from /home/airflow/.local/lib/python3.12/site-packages/airflow/example_dags/tutorial_objectstorage.py
[2024-10-28T06:34:20.442+0000] {logging_mixin.py:190} INFO - [2024-10-28T06:34:20.441+0000] {dag.py:3239} INFO - Sync 1 DAGs
[2024-10-28T06:34:23.115+0000] {logging_mixin.py:190} INFO - [2024-10-28T06:34:23.083+0000] {dag.py:4180} INFO - Setting next_dagrun for tutorial_objectstorage to None, run_after=None
[2024-10-28T06:34:23.609+0000] {processor.py:208} INFO - Processing /home/airflow/.local/lib/python3.12/site-packages/airflow/example_dags/tutorial_objectstorage.py took 9.818 seconds
[2024-10-28T06:36:48.517+0000] {processor.py:186} INFO - Started process (PID=360) to work on /home/airflow/.local/lib/python3.12/site-packages/airflow/example_dags/tutorial_objectstorage.py
[2024-10-28T06:36:48.550+0000] {processor.py:914} INFO - Processing file /home/airflow/.local/lib/python3.12/site-packages/airflow/example_dags/tutorial_objectstorage.py for tasks to queue
[2024-10-28T06:36:48.693+0000] {logging_mixin.py:190} INFO - [2024-10-28T06:36:48.691+0000] {dagbag.py:588} INFO - Filling up the DagBag from /home/airflow/.local/lib/python3.12/site-packages/airflow/example_dags/tutorial_objectstorage.py
[2024-10-28T06:36:49.170+0000] {processor.py:925} INFO - DAG(s) 'tutorial_objectstorage' retrieved from /home/airflow/.local/lib/python3.12/site-packages/airflow/example_dags/tutorial_objectstorage.py
[2024-10-28T06:36:49.585+0000] {logging_mixin.py:190} INFO - [2024-10-28T06:36:49.584+0000] {dag.py:3239} INFO - Sync 1 DAGs
[2024-10-28T06:36:50.282+0000] {logging_mixin.py:190} INFO - [2024-10-28T06:36:50.281+0000] {dag.py:4180} INFO - Setting next_dagrun for tutorial_objectstorage to None, run_after=None
[2024-10-28T06:36:50.781+0000] {processor.py:208} INFO - Processing /home/airflow/.local/lib/python3.12/site-packages/airflow/example_dags/tutorial_objectstorage.py took 2.386 seconds
[2024-10-28T06:38:39.160+0000] {processor.py:186} INFO - Started process (PID=430) to work on /home/airflow/.local/lib/python3.12/site-packages/airflow/example_dags/tutorial_objectstorage.py
[2024-10-28T06:38:39.196+0000] {processor.py:914} INFO - Processing file /home/airflow/.local/lib/python3.12/site-packages/airflow/example_dags/tutorial_objectstorage.py for tasks to queue
[2024-10-28T06:38:39.227+0000] {logging_mixin.py:190} INFO - [2024-10-28T06:38:39.218+0000] {dagbag.py:588} INFO - Filling up the DagBag from /home/airflow/.local/lib/python3.12/site-packages/airflow/example_dags/tutorial_objectstorage.py
[2024-10-28T06:38:39.334+0000] {processor.py:925} INFO - DAG(s) 'tutorial_objectstorage' retrieved from /home/airflow/.local/lib/python3.12/site-packages/airflow/example_dags/tutorial_objectstorage.py
[2024-10-28T06:38:39.507+0000] {logging_mixin.py:190} INFO - [2024-10-28T06:38:39.506+0000] {dag.py:3239} INFO - Sync 1 DAGs
[2024-10-28T06:38:39.684+0000] {logging_mixin.py:190} INFO - [2024-10-28T06:38:39.683+0000] {dag.py:4180} INFO - Setting next_dagrun for tutorial_objectstorage to None, run_after=None
[2024-10-28T06:38:39.915+0000] {processor.py:208} INFO - Processing /home/airflow/.local/lib/python3.12/site-packages/airflow/example_dags/tutorial_objectstorage.py took 0.839 seconds
[2024-10-28T06:40:16.825+0000] {processor.py:186} INFO - Started process (PID=494) to work on /home/airflow/.local/lib/python3.12/site-packages/airflow/example_dags/tutorial_objectstorage.py
[2024-10-28T06:40:16.832+0000] {processor.py:914} INFO - Processing file /home/airflow/.local/lib/python3.12/site-packages/airflow/example_dags/tutorial_objectstorage.py for tasks to queue
[2024-10-28T06:40:16.925+0000] {logging_mixin.py:190} INFO - [2024-10-28T06:40:16.865+0000] {dagbag.py:588} INFO - Filling up the DagBag from /home/airflow/.local/lib/python3.12/site-packages/airflow/example_dags/tutorial_objectstorage.py
[2024-10-28T06:40:17.332+0000] {processor.py:925} INFO - DAG(s) 'tutorial_objectstorage' retrieved from /home/airflow/.local/lib/python3.12/site-packages/airflow/example_dags/tutorial_objectstorage.py
[2024-10-28T06:40:19.061+0000] {logging_mixin.py:190} INFO - [2024-10-28T06:40:19.059+0000] {dag.py:3239} INFO - Sync 1 DAGs
[2024-10-28T06:40:21.712+0000] {logging_mixin.py:190} INFO - [2024-10-28T06:40:21.711+0000] {dag.py:4180} INFO - Setting next_dagrun for tutorial_objectstorage to None, run_after=None
[2024-10-28T06:40:24.120+0000] {processor.py:208} INFO - Processing /home/airflow/.local/lib/python3.12/site-packages/airflow/example_dags/tutorial_objectstorage.py took 7.374 seconds
[2024-10-28T06:43:23.472+0000] {processor.py:186} INFO - Started process (PID=606) to work on /home/airflow/.local/lib/python3.12/site-packages/airflow/example_dags/tutorial_objectstorage.py
[2024-10-28T06:43:23.493+0000] {processor.py:914} INFO - Processing file /home/airflow/.local/lib/python3.12/site-packages/airflow/example_dags/tutorial_objectstorage.py for tasks to queue
[2024-10-28T06:43:23.508+0000] {logging_mixin.py:190} INFO - [2024-10-28T06:43:23.507+0000] {dagbag.py:588} INFO - Filling up the DagBag from /home/airflow/.local/lib/python3.12/site-packages/airflow/example_dags/tutorial_objectstorage.py
[2024-10-28T06:43:23.621+0000] {processor.py:925} INFO - DAG(s) 'tutorial_objectstorage' retrieved from /home/airflow/.local/lib/python3.12/site-packages/airflow/example_dags/tutorial_objectstorage.py
[2024-10-28T06:43:23.856+0000] {logging_mixin.py:190} INFO - [2024-10-28T06:43:23.855+0000] {dag.py:3239} INFO - Sync 1 DAGs
[2024-10-28T06:43:24.110+0000] {logging_mixin.py:190} INFO - [2024-10-28T06:43:24.109+0000] {dag.py:4180} INFO - Setting next_dagrun for tutorial_objectstorage to None, run_after=None
[2024-10-28T06:43:24.466+0000] {processor.py:208} INFO - Processing /home/airflow/.local/lib/python3.12/site-packages/airflow/example_dags/tutorial_objectstorage.py took 1.065 seconds
[2024-10-28T06:45:53.700+0000] {processor.py:186} INFO - Started process (PID=715) to work on /home/airflow/.local/lib/python3.12/site-packages/airflow/example_dags/tutorial_objectstorage.py
[2024-10-28T06:45:53.739+0000] {processor.py:914} INFO - Processing file /home/airflow/.local/lib/python3.12/site-packages/airflow/example_dags/tutorial_objectstorage.py for tasks to queue
[2024-10-28T06:45:53.782+0000] {logging_mixin.py:190} INFO - [2024-10-28T06:45:53.781+0000] {dagbag.py:588} INFO - Filling up the DagBag from /home/airflow/.local/lib/python3.12/site-packages/airflow/example_dags/tutorial_objectstorage.py
[2024-10-28T06:45:54.031+0000] {processor.py:925} INFO - DAG(s) 'tutorial_objectstorage' retrieved from /home/airflow/.local/lib/python3.12/site-packages/airflow/example_dags/tutorial_objectstorage.py
[2024-10-28T06:45:54.287+0000] {logging_mixin.py:190} INFO - [2024-10-28T06:45:54.280+0000] {dag.py:3239} INFO - Sync 1 DAGs
[2024-10-28T06:45:54.712+0000] {logging_mixin.py:190} INFO - [2024-10-28T06:45:54.711+0000] {dag.py:4180} INFO - Setting next_dagrun for tutorial_objectstorage to None, run_after=None
[2024-10-28T06:45:54.997+0000] {processor.py:208} INFO - Processing /home/airflow/.local/lib/python3.12/site-packages/airflow/example_dags/tutorial_objectstorage.py took 1.337 seconds
[2024-10-28T06:47:14.454+0000] {processor.py:186} INFO - Started process (PID=769) to work on /home/airflow/.local/lib/python3.12/site-packages/airflow/example_dags/tutorial_objectstorage.py
[2024-10-28T06:47:14.475+0000] {processor.py:914} INFO - Processing file /home/airflow/.local/lib/python3.12/site-packages/airflow/example_dags/tutorial_objectstorage.py for tasks to queue
[2024-10-28T06:47:14.545+0000] {logging_mixin.py:190} INFO - [2024-10-28T06:47:14.517+0000] {dagbag.py:588} INFO - Filling up the DagBag from /home/airflow/.local/lib/python3.12/site-packages/airflow/example_dags/tutorial_objectstorage.py
[2024-10-28T06:47:14.695+0000] {processor.py:925} INFO - DAG(s) 'tutorial_objectstorage' retrieved from /home/airflow/.local/lib/python3.12/site-packages/airflow/example_dags/tutorial_objectstorage.py
[2024-10-28T06:47:14.829+0000] {logging_mixin.py:190} INFO - [2024-10-28T06:47:14.828+0000] {dag.py:3239} INFO - Sync 1 DAGs
[2024-10-28T06:47:14.962+0000] {logging_mixin.py:190} INFO - [2024-10-28T06:47:14.961+0000] {dag.py:4180} INFO - Setting next_dagrun for tutorial_objectstorage to None, run_after=None
[2024-10-28T06:47:15.095+0000] {processor.py:208} INFO - Processing /home/airflow/.local/lib/python3.12/site-packages/airflow/example_dags/tutorial_objectstorage.py took 0.868 seconds
[2024-10-28T06:48:32.399+0000] {processor.py:186} INFO - Started process (PID=822) to work on /home/airflow/.local/lib/python3.12/site-packages/airflow/example_dags/tutorial_objectstorage.py
[2024-10-28T06:48:32.416+0000] {processor.py:914} INFO - Processing file /home/airflow/.local/lib/python3.12/site-packages/airflow/example_dags/tutorial_objectstorage.py for tasks to queue
[2024-10-28T06:48:32.436+0000] {logging_mixin.py:190} INFO - [2024-10-28T06:48:32.435+0000] {dagbag.py:588} INFO - Filling up the DagBag from /home/airflow/.local/lib/python3.12/site-packages/airflow/example_dags/tutorial_objectstorage.py
[2024-10-28T06:48:32.566+0000] {processor.py:925} INFO - DAG(s) 'tutorial_objectstorage' retrieved from /home/airflow/.local/lib/python3.12/site-packages/airflow/example_dags/tutorial_objectstorage.py
[2024-10-28T06:48:33.657+0000] {logging_mixin.py:190} INFO - [2024-10-28T06:48:33.657+0000] {dag.py:3239} INFO - Sync 1 DAGs
[2024-10-28T06:48:34.527+0000] {logging_mixin.py:190} INFO - [2024-10-28T06:48:34.524+0000] {dag.py:4180} INFO - Setting next_dagrun for tutorial_objectstorage to None, run_after=None
[2024-10-28T06:48:35.485+0000] {processor.py:208} INFO - Processing /home/airflow/.local/lib/python3.12/site-packages/airflow/example_dags/tutorial_objectstorage.py took 3.241 seconds
[2024-10-28T06:50:11.232+0000] {processor.py:186} INFO - Started process (PID=911) to work on /home/airflow/.local/lib/python3.12/site-packages/airflow/example_dags/tutorial_objectstorage.py
[2024-10-28T06:50:11.241+0000] {processor.py:914} INFO - Processing file /home/airflow/.local/lib/python3.12/site-packages/airflow/example_dags/tutorial_objectstorage.py for tasks to queue
[2024-10-28T06:50:11.249+0000] {logging_mixin.py:190} INFO - [2024-10-28T06:50:11.248+0000] {dagbag.py:588} INFO - Filling up the DagBag from /home/airflow/.local/lib/python3.12/site-packages/airflow/example_dags/tutorial_objectstorage.py
[2024-10-28T06:50:11.441+0000] {processor.py:925} INFO - DAG(s) 'tutorial_objectstorage' retrieved from /home/airflow/.local/lib/python3.12/site-packages/airflow/example_dags/tutorial_objectstorage.py
[2024-10-28T06:50:11.650+0000] {logging_mixin.py:190} INFO - [2024-10-28T06:50:11.650+0000] {dag.py:3239} INFO - Sync 1 DAGs
[2024-10-28T06:50:11.980+0000] {logging_mixin.py:190} INFO - [2024-10-28T06:50:11.980+0000] {dag.py:4180} INFO - Setting next_dagrun for tutorial_objectstorage to None, run_after=None
[2024-10-28T06:50:12.279+0000] {processor.py:208} INFO - Processing /home/airflow/.local/lib/python3.12/site-packages/airflow/example_dags/tutorial_objectstorage.py took 1.167 seconds
[2024-10-28T06:51:55.792+0000] {processor.py:186} INFO - Started process (PID=970) to work on /home/airflow/.local/lib/python3.12/site-packages/airflow/example_dags/tutorial_objectstorage.py
[2024-10-28T06:51:55.799+0000] {processor.py:914} INFO - Processing file /home/airflow/.local/lib/python3.12/site-packages/airflow/example_dags/tutorial_objectstorage.py for tasks to queue
[2024-10-28T06:51:55.830+0000] {logging_mixin.py:190} INFO - [2024-10-28T06:51:55.828+0000] {dagbag.py:588} INFO - Filling up the DagBag from /home/airflow/.local/lib/python3.12/site-packages/airflow/example_dags/tutorial_objectstorage.py
[2024-10-28T06:51:56.006+0000] {processor.py:925} INFO - DAG(s) 'tutorial_objectstorage' retrieved from /home/airflow/.local/lib/python3.12/site-packages/airflow/example_dags/tutorial_objectstorage.py
[2024-10-28T06:51:56.335+0000] {logging_mixin.py:190} INFO - [2024-10-28T06:51:56.334+0000] {dag.py:3239} INFO - Sync 1 DAGs
[2024-10-28T06:51:57.192+0000] {logging_mixin.py:190} INFO - [2024-10-28T06:51:57.147+0000] {dag.py:4180} INFO - Setting next_dagrun for tutorial_objectstorage to None, run_after=None
[2024-10-28T06:51:57.889+0000] {processor.py:208} INFO - Processing /home/airflow/.local/lib/python3.12/site-packages/airflow/example_dags/tutorial_objectstorage.py took 2.201 seconds
[2024-10-28T06:53:56.948+0000] {processor.py:186} INFO - Started process (PID=1033) to work on /home/airflow/.local/lib/python3.12/site-packages/airflow/example_dags/tutorial_objectstorage.py
[2024-10-28T06:53:56.964+0000] {processor.py:914} INFO - Processing file /home/airflow/.local/lib/python3.12/site-packages/airflow/example_dags/tutorial_objectstorage.py for tasks to queue
[2024-10-28T06:53:57.026+0000] {logging_mixin.py:190} INFO - [2024-10-28T06:53:57.025+0000] {dagbag.py:588} INFO - Filling up the DagBag from /home/airflow/.local/lib/python3.12/site-packages/airflow/example_dags/tutorial_objectstorage.py
[2024-10-28T06:53:58.760+0000] {processor.py:925} INFO - DAG(s) 'tutorial_objectstorage' retrieved from /home/airflow/.local/lib/python3.12/site-packages/airflow/example_dags/tutorial_objectstorage.py
[2024-10-28T06:54:00.757+0000] {logging_mixin.py:190} INFO - [2024-10-28T06:54:00.756+0000] {dag.py:3239} INFO - Sync 1 DAGs
[2024-10-28T06:54:01.746+0000] {logging_mixin.py:190} INFO - [2024-10-28T06:54:01.745+0000] {dag.py:4180} INFO - Setting next_dagrun for tutorial_objectstorage to None, run_after=None
[2024-10-28T06:54:03.097+0000] {processor.py:208} INFO - Processing /home/airflow/.local/lib/python3.12/site-packages/airflow/example_dags/tutorial_objectstorage.py took 6.334 seconds
[2024-10-28T06:55:56.953+0000] {processor.py:186} INFO - Started process (PID=1104) to work on /home/airflow/.local/lib/python3.12/site-packages/airflow/example_dags/tutorial_objectstorage.py
[2024-10-28T06:55:56.988+0000] {processor.py:914} INFO - Processing file /home/airflow/.local/lib/python3.12/site-packages/airflow/example_dags/tutorial_objectstorage.py for tasks to queue
[2024-10-28T06:55:57.008+0000] {logging_mixin.py:190} INFO - [2024-10-28T06:55:56.996+0000] {dagbag.py:588} INFO - Filling up the DagBag from /home/airflow/.local/lib/python3.12/site-packages/airflow/example_dags/tutorial_objectstorage.py
[2024-10-28T06:55:57.202+0000] {processor.py:925} INFO - DAG(s) 'tutorial_objectstorage' retrieved from /home/airflow/.local/lib/python3.12/site-packages/airflow/example_dags/tutorial_objectstorage.py
[2024-10-28T06:55:57.759+0000] {logging_mixin.py:190} INFO - [2024-10-28T06:55:57.758+0000] {dag.py:3239} INFO - Sync 1 DAGs
[2024-10-28T06:55:57.969+0000] {logging_mixin.py:190} INFO - [2024-10-28T06:55:57.968+0000] {dag.py:4180} INFO - Setting next_dagrun for tutorial_objectstorage to None, run_after=None
[2024-10-28T06:55:58.208+0000] {processor.py:208} INFO - Processing /home/airflow/.local/lib/python3.12/site-packages/airflow/example_dags/tutorial_objectstorage.py took 1.390 seconds
[2024-10-28T06:58:28.628+0000] {processor.py:186} INFO - Started process (PID=1205) to work on /home/airflow/.local/lib/python3.12/site-packages/airflow/example_dags/tutorial_objectstorage.py
[2024-10-28T06:58:28.637+0000] {processor.py:914} INFO - Processing file /home/airflow/.local/lib/python3.12/site-packages/airflow/example_dags/tutorial_objectstorage.py for tasks to queue
[2024-10-28T06:58:28.683+0000] {logging_mixin.py:190} INFO - [2024-10-28T06:58:28.671+0000] {dagbag.py:588} INFO - Filling up the DagBag from /home/airflow/.local/lib/python3.12/site-packages/airflow/example_dags/tutorial_objectstorage.py
[2024-10-28T06:58:29.337+0000] {processor.py:925} INFO - DAG(s) 'tutorial_objectstorage' retrieved from /home/airflow/.local/lib/python3.12/site-packages/airflow/example_dags/tutorial_objectstorage.py
[2024-10-28T06:58:29.651+0000] {logging_mixin.py:190} INFO - [2024-10-28T06:58:29.650+0000] {dag.py:3239} INFO - Sync 1 DAGs
[2024-10-28T06:58:29.826+0000] {logging_mixin.py:190} INFO - [2024-10-28T06:58:29.825+0000] {dag.py:4180} INFO - Setting next_dagrun for tutorial_objectstorage to None, run_after=None
[2024-10-28T06:58:30.401+0000] {processor.py:208} INFO - Processing /home/airflow/.local/lib/python3.12/site-packages/airflow/example_dags/tutorial_objectstorage.py took 1.891 seconds
[2024-10-28T07:00:14.838+0000] {processor.py:186} INFO - Started process (PID=1278) to work on /home/airflow/.local/lib/python3.12/site-packages/airflow/example_dags/tutorial_objectstorage.py
[2024-10-28T07:00:14.848+0000] {processor.py:914} INFO - Processing file /home/airflow/.local/lib/python3.12/site-packages/airflow/example_dags/tutorial_objectstorage.py for tasks to queue
[2024-10-28T07:00:14.861+0000] {logging_mixin.py:190} INFO - [2024-10-28T07:00:14.859+0000] {dagbag.py:588} INFO - Filling up the DagBag from /home/airflow/.local/lib/python3.12/site-packages/airflow/example_dags/tutorial_objectstorage.py
[2024-10-28T07:00:15.099+0000] {processor.py:925} INFO - DAG(s) 'tutorial_objectstorage' retrieved from /home/airflow/.local/lib/python3.12/site-packages/airflow/example_dags/tutorial_objectstorage.py
[2024-10-28T07:00:15.970+0000] {logging_mixin.py:190} INFO - [2024-10-28T07:00:15.968+0000] {dag.py:3239} INFO - Sync 1 DAGs
[2024-10-28T07:00:16.842+0000] {logging_mixin.py:190} INFO - [2024-10-28T07:00:16.800+0000] {dag.py:4180} INFO - Setting next_dagrun for tutorial_objectstorage to None, run_after=None
[2024-10-28T07:00:17.208+0000] {processor.py:208} INFO - Processing /home/airflow/.local/lib/python3.12/site-packages/airflow/example_dags/tutorial_objectstorage.py took 2.410 seconds
[2024-10-28T07:01:29.419+0000] {processor.py:186} INFO - Started process (PID=1330) to work on /home/airflow/.local/lib/python3.12/site-packages/airflow/example_dags/tutorial_objectstorage.py
[2024-10-28T07:01:29.442+0000] {processor.py:914} INFO - Processing file /home/airflow/.local/lib/python3.12/site-packages/airflow/example_dags/tutorial_objectstorage.py for tasks to queue
[2024-10-28T07:01:29.467+0000] {logging_mixin.py:190} INFO - [2024-10-28T07:01:29.466+0000] {dagbag.py:588} INFO - Filling up the DagBag from /home/airflow/.local/lib/python3.12/site-packages/airflow/example_dags/tutorial_objectstorage.py
[2024-10-28T07:01:29.628+0000] {processor.py:925} INFO - DAG(s) 'tutorial_objectstorage' retrieved from /home/airflow/.local/lib/python3.12/site-packages/airflow/example_dags/tutorial_objectstorage.py
[2024-10-28T07:01:29.874+0000] {logging_mixin.py:190} INFO - [2024-10-28T07:01:29.864+0000] {dag.py:3239} INFO - Sync 1 DAGs
[2024-10-28T07:01:30.030+0000] {logging_mixin.py:190} INFO - [2024-10-28T07:01:30.030+0000] {dag.py:4180} INFO - Setting next_dagrun for tutorial_objectstorage to None, run_after=None
[2024-10-28T07:01:30.397+0000] {processor.py:208} INFO - Processing /home/airflow/.local/lib/python3.12/site-packages/airflow/example_dags/tutorial_objectstorage.py took 1.035 seconds
[2024-10-28T08:22:19.741+0000] {processor.py:186} INFO - Started process (PID=486) to work on /home/airflow/.local/lib/python3.12/site-packages/airflow/example_dags/tutorial_objectstorage.py
[2024-10-28T08:22:19.813+0000] {processor.py:914} INFO - Processing file /home/airflow/.local/lib/python3.12/site-packages/airflow/example_dags/tutorial_objectstorage.py for tasks to queue
[2024-10-28T08:22:19.844+0000] {logging_mixin.py:190} INFO - [2024-10-28T08:22:19.836+0000] {dagbag.py:588} INFO - Filling up the DagBag from /home/airflow/.local/lib/python3.12/site-packages/airflow/example_dags/tutorial_objectstorage.py
[2024-10-28T08:22:20.081+0000] {processor.py:925} INFO - DAG(s) 'tutorial_objectstorage' retrieved from /home/airflow/.local/lib/python3.12/site-packages/airflow/example_dags/tutorial_objectstorage.py
[2024-10-28T08:22:20.802+0000] {logging_mixin.py:190} INFO - [2024-10-28T08:22:20.801+0000] {dag.py:3239} INFO - Sync 1 DAGs
[2024-10-28T08:22:21.368+0000] {logging_mixin.py:190} INFO - [2024-10-28T08:22:21.362+0000] {dag.py:4180} INFO - Setting next_dagrun for tutorial_objectstorage to None, run_after=None
[2024-10-28T08:22:22.095+0000] {processor.py:208} INFO - Processing /home/airflow/.local/lib/python3.12/site-packages/airflow/example_dags/tutorial_objectstorage.py took 2.523 seconds
[2024-10-28T08:25:26.675+0000] {processor.py:186} INFO - Started process (PID=574) to work on /home/airflow/.local/lib/python3.12/site-packages/airflow/example_dags/tutorial_objectstorage.py
[2024-10-28T08:25:26.683+0000] {processor.py:914} INFO - Processing file /home/airflow/.local/lib/python3.12/site-packages/airflow/example_dags/tutorial_objectstorage.py for tasks to queue
[2024-10-28T08:25:26.690+0000] {logging_mixin.py:190} INFO - [2024-10-28T08:25:26.688+0000] {dagbag.py:588} INFO - Filling up the DagBag from /home/airflow/.local/lib/python3.12/site-packages/airflow/example_dags/tutorial_objectstorage.py
[2024-10-28T08:25:28.057+0000] {processor.py:925} INFO - DAG(s) 'tutorial_objectstorage' retrieved from /home/airflow/.local/lib/python3.12/site-packages/airflow/example_dags/tutorial_objectstorage.py
[2024-10-28T08:25:30.930+0000] {logging_mixin.py:190} INFO - [2024-10-28T08:25:30.928+0000] {dag.py:3239} INFO - Sync 1 DAGs
[2024-10-28T08:25:33.352+0000] {logging_mixin.py:190} INFO - [2024-10-28T08:25:33.285+0000] {dag.py:4180} INFO - Setting next_dagrun for tutorial_objectstorage to None, run_after=None
[2024-10-28T08:25:34.651+0000] {processor.py:208} INFO - Processing /home/airflow/.local/lib/python3.12/site-packages/airflow/example_dags/tutorial_objectstorage.py took 8.002 seconds
[2024-10-28T08:27:29.913+0000] {processor.py:186} INFO - Started process (PID=636) to work on /home/airflow/.local/lib/python3.12/site-packages/airflow/example_dags/tutorial_objectstorage.py
[2024-10-28T08:27:29.940+0000] {processor.py:914} INFO - Processing file /home/airflow/.local/lib/python3.12/site-packages/airflow/example_dags/tutorial_objectstorage.py for tasks to queue
[2024-10-28T08:27:29.960+0000] {logging_mixin.py:190} INFO - [2024-10-28T08:27:29.951+0000] {dagbag.py:588} INFO - Filling up the DagBag from /home/airflow/.local/lib/python3.12/site-packages/airflow/example_dags/tutorial_objectstorage.py
[2024-10-28T08:27:30.170+0000] {processor.py:925} INFO - DAG(s) 'tutorial_objectstorage' retrieved from /home/airflow/.local/lib/python3.12/site-packages/airflow/example_dags/tutorial_objectstorage.py
[2024-10-28T08:27:30.659+0000] {logging_mixin.py:190} INFO - [2024-10-28T08:27:30.658+0000] {dag.py:3239} INFO - Sync 1 DAGs
[2024-10-28T08:27:31.009+0000] {logging_mixin.py:190} INFO - [2024-10-28T08:27:30.984+0000] {dag.py:4180} INFO - Setting next_dagrun for tutorial_objectstorage to None, run_after=None
[2024-10-28T08:27:31.372+0000] {processor.py:208} INFO - Processing /home/airflow/.local/lib/python3.12/site-packages/airflow/example_dags/tutorial_objectstorage.py took 1.783 seconds
[2024-10-28T08:29:35.940+0000] {processor.py:186} INFO - Started process (PID=713) to work on /home/airflow/.local/lib/python3.12/site-packages/airflow/example_dags/tutorial_objectstorage.py
[2024-10-28T08:29:36.474+0000] {processor.py:914} INFO - Processing file /home/airflow/.local/lib/python3.12/site-packages/airflow/example_dags/tutorial_objectstorage.py for tasks to queue
[2024-10-28T08:29:36.529+0000] {logging_mixin.py:190} INFO - [2024-10-28T08:29:36.490+0000] {dagbag.py:588} INFO - Filling up the DagBag from /home/airflow/.local/lib/python3.12/site-packages/airflow/example_dags/tutorial_objectstorage.py
[2024-10-28T08:29:37.817+0000] {processor.py:925} INFO - DAG(s) 'tutorial_objectstorage' retrieved from /home/airflow/.local/lib/python3.12/site-packages/airflow/example_dags/tutorial_objectstorage.py
[2024-10-28T08:29:39.033+0000] {logging_mixin.py:190} INFO - [2024-10-28T08:29:39.032+0000] {dag.py:3239} INFO - Sync 1 DAGs
[2024-10-28T08:29:39.117+0000] {logging_mixin.py:190} INFO - [2024-10-28T08:29:39.116+0000] {dag.py:4180} INFO - Setting next_dagrun for tutorial_objectstorage to None, run_after=None
[2024-10-28T08:29:39.700+0000] {processor.py:208} INFO - Processing /home/airflow/.local/lib/python3.12/site-packages/airflow/example_dags/tutorial_objectstorage.py took 6.305 seconds
[2024-10-28T08:31:26.351+0000] {processor.py:186} INFO - Started process (PID=779) to work on /home/airflow/.local/lib/python3.12/site-packages/airflow/example_dags/tutorial_objectstorage.py
[2024-10-28T08:31:26.385+0000] {processor.py:914} INFO - Processing file /home/airflow/.local/lib/python3.12/site-packages/airflow/example_dags/tutorial_objectstorage.py for tasks to queue
[2024-10-28T08:31:26.398+0000] {logging_mixin.py:190} INFO - [2024-10-28T08:31:26.396+0000] {dagbag.py:588} INFO - Filling up the DagBag from /home/airflow/.local/lib/python3.12/site-packages/airflow/example_dags/tutorial_objectstorage.py
[2024-10-28T08:31:26.711+0000] {processor.py:925} INFO - DAG(s) 'tutorial_objectstorage' retrieved from /home/airflow/.local/lib/python3.12/site-packages/airflow/example_dags/tutorial_objectstorage.py
[2024-10-28T08:31:27.762+0000] {logging_mixin.py:190} INFO - [2024-10-28T08:31:27.761+0000] {dag.py:3239} INFO - Sync 1 DAGs
[2024-10-28T08:31:27.956+0000] {logging_mixin.py:190} INFO - [2024-10-28T08:31:27.955+0000] {dag.py:4180} INFO - Setting next_dagrun for tutorial_objectstorage to None, run_after=None
[2024-10-28T08:31:28.190+0000] {processor.py:208} INFO - Processing /home/airflow/.local/lib/python3.12/site-packages/airflow/example_dags/tutorial_objectstorage.py took 2.191 seconds
[2024-10-28T08:33:28.965+0000] {processor.py:186} INFO - Started process (PID=843) to work on /home/airflow/.local/lib/python3.12/site-packages/airflow/example_dags/tutorial_objectstorage.py
[2024-10-28T08:33:29.118+0000] {processor.py:914} INFO - Processing file /home/airflow/.local/lib/python3.12/site-packages/airflow/example_dags/tutorial_objectstorage.py for tasks to queue
[2024-10-28T08:33:29.131+0000] {logging_mixin.py:190} INFO - [2024-10-28T08:33:29.124+0000] {dagbag.py:588} INFO - Filling up the DagBag from /home/airflow/.local/lib/python3.12/site-packages/airflow/example_dags/tutorial_objectstorage.py
[2024-10-28T08:33:30.226+0000] {processor.py:925} INFO - DAG(s) 'tutorial_objectstorage' retrieved from /home/airflow/.local/lib/python3.12/site-packages/airflow/example_dags/tutorial_objectstorage.py
[2024-10-28T08:33:30.641+0000] {logging_mixin.py:190} INFO - [2024-10-28T08:33:30.639+0000] {dag.py:3239} INFO - Sync 1 DAGs
[2024-10-28T08:33:31.135+0000] {logging_mixin.py:190} INFO - [2024-10-28T08:33:31.076+0000] {dag.py:4180} INFO - Setting next_dagrun for tutorial_objectstorage to None, run_after=None
[2024-10-28T08:33:32.084+0000] {processor.py:208} INFO - Processing /home/airflow/.local/lib/python3.12/site-packages/airflow/example_dags/tutorial_objectstorage.py took 3.501 seconds
