[2024-11-18T07:00:51.514+0000] {processor.py:186} INFO - Started process (PID=150) to work on /home/airflow/.local/lib/python3.12/site-packages/airflow/example_dags/example_latest_only_with_trigger.py
[2024-11-18T07:00:51.560+0000] {processor.py:914} INFO - Processing file /home/airflow/.local/lib/python3.12/site-packages/airflow/example_dags/example_latest_only_with_trigger.py for tasks to queue
[2024-11-18T07:00:51.585+0000] {logging_mixin.py:190} INFO - [2024-11-18T07:00:51.584+0000] {dagbag.py:588} INFO - Filling up the DagBag from /home/airflow/.local/lib/python3.12/site-packages/airflow/example_dags/example_latest_only_with_trigger.py
[2024-11-18T07:00:51.747+0000] {processor.py:925} INFO - DAG(s) 'latest_only_with_trigger' retrieved from /home/airflow/.local/lib/python3.12/site-packages/airflow/example_dags/example_latest_only_with_trigger.py
[2024-11-18T07:00:52.049+0000] {logging_mixin.py:190} INFO - [2024-11-18T07:00:52.039+0000] {dag.py:3239} INFO - Sync 1 DAGs
[2024-11-18T07:00:52.758+0000] {logging_mixin.py:190} INFO - [2024-11-18T07:00:52.757+0000] {dag.py:4180} INFO - Setting next_dagrun for latest_only_with_trigger to 2024-11-18 00:00:00+00:00, run_after=2024-11-18 04:00:00+00:00
[2024-11-18T07:00:53.182+0000] {processor.py:208} INFO - Processing /home/airflow/.local/lib/python3.12/site-packages/airflow/example_dags/example_latest_only_with_trigger.py took 1.864 seconds
[2024-11-18T07:06:55.125+0000] {processor.py:186} INFO - Started process (PID=304) to work on /home/airflow/.local/lib/python3.12/site-packages/airflow/example_dags/example_latest_only_with_trigger.py
[2024-11-18T07:06:55.142+0000] {processor.py:914} INFO - Processing file /home/airflow/.local/lib/python3.12/site-packages/airflow/example_dags/example_latest_only_with_trigger.py for tasks to queue
[2024-11-18T07:06:55.149+0000] {logging_mixin.py:190} INFO - [2024-11-18T07:06:55.148+0000] {dagbag.py:588} INFO - Filling up the DagBag from /home/airflow/.local/lib/python3.12/site-packages/airflow/example_dags/example_latest_only_with_trigger.py
[2024-11-18T07:06:55.216+0000] {processor.py:925} INFO - DAG(s) 'latest_only_with_trigger' retrieved from /home/airflow/.local/lib/python3.12/site-packages/airflow/example_dags/example_latest_only_with_trigger.py
[2024-11-18T07:06:55.379+0000] {logging_mixin.py:190} INFO - [2024-11-18T07:06:55.378+0000] {dag.py:3239} INFO - Sync 1 DAGs
[2024-11-18T07:06:55.780+0000] {logging_mixin.py:190} INFO - [2024-11-18T07:06:55.766+0000] {dag.py:4180} INFO - Setting next_dagrun for latest_only_with_trigger to 2024-11-18 00:00:00+00:00, run_after=2024-11-18 04:00:00+00:00
[2024-11-18T07:06:55.980+0000] {processor.py:208} INFO - Processing /home/airflow/.local/lib/python3.12/site-packages/airflow/example_dags/example_latest_only_with_trigger.py took 0.892 seconds
[2024-11-18T07:14:38.694+0000] {processor.py:186} INFO - Started process (PID=461) to work on /home/airflow/.local/lib/python3.12/site-packages/airflow/example_dags/example_latest_only_with_trigger.py
[2024-11-18T07:14:38.697+0000] {processor.py:914} INFO - Processing file /home/airflow/.local/lib/python3.12/site-packages/airflow/example_dags/example_latest_only_with_trigger.py for tasks to queue
[2024-11-18T07:14:38.701+0000] {logging_mixin.py:190} INFO - [2024-11-18T07:14:38.698+0000] {dagbag.py:588} INFO - Filling up the DagBag from /home/airflow/.local/lib/python3.12/site-packages/airflow/example_dags/example_latest_only_with_trigger.py
[2024-11-18T07:14:38.755+0000] {processor.py:925} INFO - DAG(s) 'latest_only_with_trigger' retrieved from /home/airflow/.local/lib/python3.12/site-packages/airflow/example_dags/example_latest_only_with_trigger.py
[2024-11-18T07:14:38.865+0000] {logging_mixin.py:190} INFO - [2024-11-18T07:14:38.865+0000] {dag.py:3239} INFO - Sync 1 DAGs
[2024-11-18T07:14:39.215+0000] {logging_mixin.py:190} INFO - [2024-11-18T07:14:39.215+0000] {dag.py:4180} INFO - Setting next_dagrun for latest_only_with_trigger to 2024-11-18 00:00:00+00:00, run_after=2024-11-18 04:00:00+00:00
[2024-11-18T07:14:39.570+0000] {processor.py:208} INFO - Processing /home/airflow/.local/lib/python3.12/site-packages/airflow/example_dags/example_latest_only_with_trigger.py took 0.928 seconds
[2024-11-18T07:26:12.189+0000] {processor.py:186} INFO - Started process (PID=653) to work on /home/airflow/.local/lib/python3.12/site-packages/airflow/example_dags/example_latest_only_with_trigger.py
[2024-11-18T07:26:12.216+0000] {processor.py:914} INFO - Processing file /home/airflow/.local/lib/python3.12/site-packages/airflow/example_dags/example_latest_only_with_trigger.py for tasks to queue
[2024-11-18T07:26:12.228+0000] {logging_mixin.py:190} INFO - [2024-11-18T07:26:12.227+0000] {dagbag.py:588} INFO - Filling up the DagBag from /home/airflow/.local/lib/python3.12/site-packages/airflow/example_dags/example_latest_only_with_trigger.py
[2024-11-18T07:26:12.573+0000] {processor.py:925} INFO - DAG(s) 'latest_only_with_trigger' retrieved from /home/airflow/.local/lib/python3.12/site-packages/airflow/example_dags/example_latest_only_with_trigger.py
[2024-11-18T07:26:13.118+0000] {logging_mixin.py:190} INFO - [2024-11-18T07:26:13.111+0000] {dag.py:3239} INFO - Sync 1 DAGs
[2024-11-18T07:26:14.466+0000] {logging_mixin.py:190} INFO - [2024-11-18T07:26:14.466+0000] {dag.py:4180} INFO - Setting next_dagrun for latest_only_with_trigger to 2024-11-18 00:00:00+00:00, run_after=2024-11-18 04:00:00+00:00
[2024-11-18T07:26:15.103+0000] {processor.py:208} INFO - Processing /home/airflow/.local/lib/python3.12/site-packages/airflow/example_dags/example_latest_only_with_trigger.py took 2.997 seconds
[2024-11-18T07:40:31.694+0000] {processor.py:186} INFO - Started process (PID=899) to work on /home/airflow/.local/lib/python3.12/site-packages/airflow/example_dags/example_latest_only_with_trigger.py
[2024-11-18T07:40:31.695+0000] {processor.py:914} INFO - Processing file /home/airflow/.local/lib/python3.12/site-packages/airflow/example_dags/example_latest_only_with_trigger.py for tasks to queue
[2024-11-18T07:40:31.699+0000] {logging_mixin.py:190} INFO - [2024-11-18T07:40:31.699+0000] {dagbag.py:588} INFO - Filling up the DagBag from /home/airflow/.local/lib/python3.12/site-packages/airflow/example_dags/example_latest_only_with_trigger.py
[2024-11-18T07:40:31.923+0000] {processor.py:925} INFO - DAG(s) 'latest_only_with_trigger' retrieved from /home/airflow/.local/lib/python3.12/site-packages/airflow/example_dags/example_latest_only_with_trigger.py
[2024-11-18T07:40:32.078+0000] {logging_mixin.py:190} INFO - [2024-11-18T07:40:32.078+0000] {dag.py:3239} INFO - Sync 1 DAGs
[2024-11-18T07:40:32.232+0000] {logging_mixin.py:190} INFO - [2024-11-18T07:40:32.232+0000] {dag.py:4180} INFO - Setting next_dagrun for latest_only_with_trigger to 2024-11-18 00:00:00+00:00, run_after=2024-11-18 04:00:00+00:00
[2024-11-18T07:40:32.725+0000] {processor.py:208} INFO - Processing /home/airflow/.local/lib/python3.12/site-packages/airflow/example_dags/example_latest_only_with_trigger.py took 1.150 seconds
[2024-11-18T07:45:33.999+0000] {processor.py:186} INFO - Started process (PID=1037) to work on /home/airflow/.local/lib/python3.12/site-packages/airflow/example_dags/example_latest_only_with_trigger.py
[2024-11-18T07:45:34.059+0000] {processor.py:914} INFO - Processing file /home/airflow/.local/lib/python3.12/site-packages/airflow/example_dags/example_latest_only_with_trigger.py for tasks to queue
[2024-11-18T07:45:34.106+0000] {logging_mixin.py:190} INFO - [2024-11-18T07:45:34.104+0000] {dagbag.py:588} INFO - Filling up the DagBag from /home/airflow/.local/lib/python3.12/site-packages/airflow/example_dags/example_latest_only_with_trigger.py
[2024-11-18T07:45:35.219+0000] {processor.py:925} INFO - DAG(s) 'latest_only_with_trigger' retrieved from /home/airflow/.local/lib/python3.12/site-packages/airflow/example_dags/example_latest_only_with_trigger.py
[2024-11-18T07:45:36.525+0000] {logging_mixin.py:190} INFO - [2024-11-18T07:45:36.525+0000] {dag.py:3239} INFO - Sync 1 DAGs
[2024-11-18T07:45:39.646+0000] {logging_mixin.py:190} INFO - [2024-11-18T07:45:39.644+0000] {dag.py:4180} INFO - Setting next_dagrun for latest_only_with_trigger to 2024-11-18 00:00:00+00:00, run_after=2024-11-18 04:00:00+00:00
[2024-11-18T07:45:42.541+0000] {processor.py:208} INFO - Processing /home/airflow/.local/lib/python3.12/site-packages/airflow/example_dags/example_latest_only_with_trigger.py took 8.844 seconds
[2024-11-18T07:51:08.428+0000] {processor.py:186} INFO - Started process (PID=1195) to work on /home/airflow/.local/lib/python3.12/site-packages/airflow/example_dags/example_latest_only_with_trigger.py
[2024-11-18T07:51:08.487+0000] {processor.py:914} INFO - Processing file /home/airflow/.local/lib/python3.12/site-packages/airflow/example_dags/example_latest_only_with_trigger.py for tasks to queue
[2024-11-18T07:51:08.501+0000] {logging_mixin.py:190} INFO - [2024-11-18T07:51:08.500+0000] {dagbag.py:588} INFO - Filling up the DagBag from /home/airflow/.local/lib/python3.12/site-packages/airflow/example_dags/example_latest_only_with_trigger.py
[2024-11-18T07:51:08.819+0000] {processor.py:925} INFO - DAG(s) 'latest_only_with_trigger' retrieved from /home/airflow/.local/lib/python3.12/site-packages/airflow/example_dags/example_latest_only_with_trigger.py
[2024-11-18T07:51:09.296+0000] {logging_mixin.py:190} INFO - [2024-11-18T07:51:09.295+0000] {dag.py:3239} INFO - Sync 1 DAGs
[2024-11-18T07:51:09.660+0000] {logging_mixin.py:190} INFO - [2024-11-18T07:51:09.660+0000] {dag.py:4180} INFO - Setting next_dagrun for latest_only_with_trigger to 2024-11-18 00:00:00+00:00, run_after=2024-11-18 04:00:00+00:00
[2024-11-18T07:51:10.426+0000] {processor.py:208} INFO - Processing /home/airflow/.local/lib/python3.12/site-packages/airflow/example_dags/example_latest_only_with_trigger.py took 2.121 seconds
[2024-11-18T07:55:07.447+0000] {processor.py:186} INFO - Started process (PID=1318) to work on /home/airflow/.local/lib/python3.12/site-packages/airflow/example_dags/example_latest_only_with_trigger.py
[2024-11-18T07:55:07.467+0000] {processor.py:914} INFO - Processing file /home/airflow/.local/lib/python3.12/site-packages/airflow/example_dags/example_latest_only_with_trigger.py for tasks to queue
[2024-11-18T07:55:07.480+0000] {logging_mixin.py:190} INFO - [2024-11-18T07:55:07.479+0000] {dagbag.py:588} INFO - Filling up the DagBag from /home/airflow/.local/lib/python3.12/site-packages/airflow/example_dags/example_latest_only_with_trigger.py
[2024-11-18T07:55:07.959+0000] {processor.py:925} INFO - DAG(s) 'latest_only_with_trigger' retrieved from /home/airflow/.local/lib/python3.12/site-packages/airflow/example_dags/example_latest_only_with_trigger.py
[2024-11-18T07:55:08.548+0000] {logging_mixin.py:190} INFO - [2024-11-18T07:55:08.547+0000] {dag.py:3239} INFO - Sync 1 DAGs
[2024-11-18T07:55:08.984+0000] {logging_mixin.py:190} INFO - [2024-11-18T07:55:08.983+0000] {dag.py:4180} INFO - Setting next_dagrun for latest_only_with_trigger to 2024-11-18 00:00:00+00:00, run_after=2024-11-18 04:00:00+00:00
[2024-11-18T07:55:09.459+0000] {processor.py:208} INFO - Processing /home/airflow/.local/lib/python3.12/site-packages/airflow/example_dags/example_latest_only_with_trigger.py took 2.127 seconds
[2024-11-18T07:58:46.190+0000] {processor.py:186} INFO - Started process (PID=1449) to work on /home/airflow/.local/lib/python3.12/site-packages/airflow/example_dags/example_latest_only_with_trigger.py
[2024-11-18T07:58:46.195+0000] {processor.py:914} INFO - Processing file /home/airflow/.local/lib/python3.12/site-packages/airflow/example_dags/example_latest_only_with_trigger.py for tasks to queue
[2024-11-18T07:58:46.216+0000] {logging_mixin.py:190} INFO - [2024-11-18T07:58:46.215+0000] {dagbag.py:588} INFO - Filling up the DagBag from /home/airflow/.local/lib/python3.12/site-packages/airflow/example_dags/example_latest_only_with_trigger.py
[2024-11-18T07:58:46.401+0000] {processor.py:925} INFO - DAG(s) 'latest_only_with_trigger' retrieved from /home/airflow/.local/lib/python3.12/site-packages/airflow/example_dags/example_latest_only_with_trigger.py
[2024-11-18T07:58:46.861+0000] {logging_mixin.py:190} INFO - [2024-11-18T07:58:46.861+0000] {dag.py:3239} INFO - Sync 1 DAGs
[2024-11-18T07:58:47.666+0000] {logging_mixin.py:190} INFO - [2024-11-18T07:58:47.654+0000] {dag.py:4180} INFO - Setting next_dagrun for latest_only_with_trigger to 2024-11-18 00:00:00+00:00, run_after=2024-11-18 04:00:00+00:00
[2024-11-18T07:58:48.205+0000] {processor.py:208} INFO - Processing /home/airflow/.local/lib/python3.12/site-packages/airflow/example_dags/example_latest_only_with_trigger.py took 2.130 seconds
[2024-11-18T08:03:12.027+0000] {processor.py:186} INFO - Started process (PID=1584) to work on /home/airflow/.local/lib/python3.12/site-packages/airflow/example_dags/example_latest_only_with_trigger.py
[2024-11-18T08:03:12.062+0000] {processor.py:914} INFO - Processing file /home/airflow/.local/lib/python3.12/site-packages/airflow/example_dags/example_latest_only_with_trigger.py for tasks to queue
[2024-11-18T08:03:12.190+0000] {logging_mixin.py:190} INFO - [2024-11-18T08:03:12.132+0000] {dagbag.py:588} INFO - Filling up the DagBag from /home/airflow/.local/lib/python3.12/site-packages/airflow/example_dags/example_latest_only_with_trigger.py
[2024-11-18T08:03:13.797+0000] {processor.py:925} INFO - DAG(s) 'latest_only_with_trigger' retrieved from /home/airflow/.local/lib/python3.12/site-packages/airflow/example_dags/example_latest_only_with_trigger.py
[2024-11-18T08:03:14.169+0000] {logging_mixin.py:190} INFO - [2024-11-18T08:03:14.168+0000] {dag.py:3239} INFO - Sync 1 DAGs
[2024-11-18T08:03:15.353+0000] {logging_mixin.py:190} INFO - [2024-11-18T08:03:15.352+0000] {dag.py:4180} INFO - Setting next_dagrun for latest_only_with_trigger to 2024-11-18 04:00:00+00:00, run_after=2024-11-18 08:00:00+00:00
[2024-11-18T08:03:15.882+0000] {processor.py:208} INFO - Processing /home/airflow/.local/lib/python3.12/site-packages/airflow/example_dags/example_latest_only_with_trigger.py took 4.322 seconds
[2024-11-18T08:11:54.831+0000] {processor.py:186} INFO - Started process (PID=1769) to work on /home/airflow/.local/lib/python3.12/site-packages/airflow/example_dags/example_latest_only_with_trigger.py
[2024-11-18T08:11:54.877+0000] {processor.py:914} INFO - Processing file /home/airflow/.local/lib/python3.12/site-packages/airflow/example_dags/example_latest_only_with_trigger.py for tasks to queue
[2024-11-18T08:11:54.901+0000] {logging_mixin.py:190} INFO - [2024-11-18T08:11:54.899+0000] {dagbag.py:588} INFO - Filling up the DagBag from /home/airflow/.local/lib/python3.12/site-packages/airflow/example_dags/example_latest_only_with_trigger.py
[2024-11-18T08:11:55.073+0000] {processor.py:925} INFO - DAG(s) 'latest_only_with_trigger' retrieved from /home/airflow/.local/lib/python3.12/site-packages/airflow/example_dags/example_latest_only_with_trigger.py
[2024-11-18T08:11:55.931+0000] {logging_mixin.py:190} INFO - [2024-11-18T08:11:55.921+0000] {dag.py:3239} INFO - Sync 1 DAGs
[2024-11-18T08:11:58.096+0000] {logging_mixin.py:190} INFO - [2024-11-18T08:11:58.095+0000] {dag.py:4180} INFO - Setting next_dagrun for latest_only_with_trigger to 2024-11-18 04:00:00+00:00, run_after=2024-11-18 08:00:00+00:00
[2024-11-18T08:11:58.582+0000] {processor.py:208} INFO - Processing /home/airflow/.local/lib/python3.12/site-packages/airflow/example_dags/example_latest_only_with_trigger.py took 3.913 seconds
[2024-11-18T08:18:25.122+0000] {processor.py:186} INFO - Started process (PID=1931) to work on /home/airflow/.local/lib/python3.12/site-packages/airflow/example_dags/example_latest_only_with_trigger.py
[2024-11-18T08:18:25.173+0000] {processor.py:914} INFO - Processing file /home/airflow/.local/lib/python3.12/site-packages/airflow/example_dags/example_latest_only_with_trigger.py for tasks to queue
[2024-11-18T08:18:25.200+0000] {logging_mixin.py:190} INFO - [2024-11-18T08:18:25.199+0000] {dagbag.py:588} INFO - Filling up the DagBag from /home/airflow/.local/lib/python3.12/site-packages/airflow/example_dags/example_latest_only_with_trigger.py
[2024-11-18T08:18:25.374+0000] {processor.py:925} INFO - DAG(s) 'latest_only_with_trigger' retrieved from /home/airflow/.local/lib/python3.12/site-packages/airflow/example_dags/example_latest_only_with_trigger.py
[2024-11-18T08:18:26.180+0000] {logging_mixin.py:190} INFO - [2024-11-18T08:18:26.178+0000] {dag.py:3239} INFO - Sync 1 DAGs
[2024-11-18T08:18:27.077+0000] {logging_mixin.py:190} INFO - [2024-11-18T08:18:27.075+0000] {dag.py:4180} INFO - Setting next_dagrun for latest_only_with_trigger to 2024-11-18 04:00:00+00:00, run_after=2024-11-18 08:00:00+00:00
[2024-11-18T08:18:27.838+0000] {processor.py:208} INFO - Processing /home/airflow/.local/lib/python3.12/site-packages/airflow/example_dags/example_latest_only_with_trigger.py took 2.941 seconds
[2024-11-18T08:29:56.615+0000] {processor.py:186} INFO - Started process (PID=2150) to work on /home/airflow/.local/lib/python3.12/site-packages/airflow/example_dags/example_latest_only_with_trigger.py
[2024-11-18T08:29:56.654+0000] {processor.py:914} INFO - Processing file /home/airflow/.local/lib/python3.12/site-packages/airflow/example_dags/example_latest_only_with_trigger.py for tasks to queue
[2024-11-18T08:29:56.684+0000] {logging_mixin.py:190} INFO - [2024-11-18T08:29:56.661+0000] {dagbag.py:588} INFO - Filling up the DagBag from /home/airflow/.local/lib/python3.12/site-packages/airflow/example_dags/example_latest_only_with_trigger.py
[2024-11-18T08:29:57.200+0000] {processor.py:925} INFO - DAG(s) 'latest_only_with_trigger' retrieved from /home/airflow/.local/lib/python3.12/site-packages/airflow/example_dags/example_latest_only_with_trigger.py
[2024-11-18T08:29:58.845+0000] {logging_mixin.py:190} INFO - [2024-11-18T08:29:58.844+0000] {dag.py:3239} INFO - Sync 1 DAGs
[2024-11-18T08:29:59.655+0000] {logging_mixin.py:190} INFO - [2024-11-18T08:29:59.654+0000] {dag.py:4180} INFO - Setting next_dagrun for latest_only_with_trigger to 2024-11-18 04:00:00+00:00, run_after=2024-11-18 08:00:00+00:00
[2024-11-18T08:30:00.320+0000] {processor.py:208} INFO - Processing /home/airflow/.local/lib/python3.12/site-packages/airflow/example_dags/example_latest_only_with_trigger.py took 3.966 seconds
[2024-11-18T08:35:22.400+0000] {processor.py:186} INFO - Started process (PID=2301) to work on /home/airflow/.local/lib/python3.12/site-packages/airflow/example_dags/example_latest_only_with_trigger.py
[2024-11-18T08:35:22.438+0000] {processor.py:914} INFO - Processing file /home/airflow/.local/lib/python3.12/site-packages/airflow/example_dags/example_latest_only_with_trigger.py for tasks to queue
[2024-11-18T08:35:22.446+0000] {logging_mixin.py:190} INFO - [2024-11-18T08:35:22.445+0000] {dagbag.py:588} INFO - Filling up the DagBag from /home/airflow/.local/lib/python3.12/site-packages/airflow/example_dags/example_latest_only_with_trigger.py
[2024-11-18T08:35:22.525+0000] {processor.py:925} INFO - DAG(s) 'latest_only_with_trigger' retrieved from /home/airflow/.local/lib/python3.12/site-packages/airflow/example_dags/example_latest_only_with_trigger.py
[2024-11-18T08:35:23.203+0000] {logging_mixin.py:190} INFO - [2024-11-18T08:35:23.202+0000] {dag.py:3239} INFO - Sync 1 DAGs
[2024-11-18T08:35:24.082+0000] {logging_mixin.py:190} INFO - [2024-11-18T08:35:24.082+0000] {dag.py:4180} INFO - Setting next_dagrun for latest_only_with_trigger to 2024-11-18 04:00:00+00:00, run_after=2024-11-18 08:00:00+00:00
[2024-11-18T08:35:24.563+0000] {processor.py:208} INFO - Processing /home/airflow/.local/lib/python3.12/site-packages/airflow/example_dags/example_latest_only_with_trigger.py took 2.220 seconds
[2024-11-18T08:39:46.785+0000] {processor.py:186} INFO - Started process (PID=2444) to work on /home/airflow/.local/lib/python3.12/site-packages/airflow/example_dags/example_latest_only_with_trigger.py
[2024-11-18T08:39:46.891+0000] {processor.py:914} INFO - Processing file /home/airflow/.local/lib/python3.12/site-packages/airflow/example_dags/example_latest_only_with_trigger.py for tasks to queue
[2024-11-18T08:39:46.898+0000] {logging_mixin.py:190} INFO - [2024-11-18T08:39:46.897+0000] {dagbag.py:588} INFO - Filling up the DagBag from /home/airflow/.local/lib/python3.12/site-packages/airflow/example_dags/example_latest_only_with_trigger.py
[2024-11-18T08:39:47.314+0000] {processor.py:925} INFO - DAG(s) 'latest_only_with_trigger' retrieved from /home/airflow/.local/lib/python3.12/site-packages/airflow/example_dags/example_latest_only_with_trigger.py
[2024-11-18T08:39:48.175+0000] {logging_mixin.py:190} INFO - [2024-11-18T08:39:48.159+0000] {dag.py:3239} INFO - Sync 1 DAGs
[2024-11-18T08:39:48.674+0000] {logging_mixin.py:190} INFO - [2024-11-18T08:39:48.673+0000] {dag.py:4180} INFO - Setting next_dagrun for latest_only_with_trigger to 2024-11-18 04:00:00+00:00, run_after=2024-11-18 08:00:00+00:00
[2024-11-18T08:39:49.181+0000] {processor.py:208} INFO - Processing /home/airflow/.local/lib/python3.12/site-packages/airflow/example_dags/example_latest_only_with_trigger.py took 2.727 seconds
[2024-11-18T08:48:46.500+0000] {processor.py:186} INFO - Started process (PID=2593) to work on /home/airflow/.local/lib/python3.12/site-packages/airflow/example_dags/example_latest_only_with_trigger.py
[2024-11-18T08:48:46.527+0000] {processor.py:914} INFO - Processing file /home/airflow/.local/lib/python3.12/site-packages/airflow/example_dags/example_latest_only_with_trigger.py for tasks to queue
[2024-11-18T08:48:46.929+0000] {logging_mixin.py:190} INFO - [2024-11-18T08:48:46.927+0000] {dagbag.py:588} INFO - Filling up the DagBag from /home/airflow/.local/lib/python3.12/site-packages/airflow/example_dags/example_latest_only_with_trigger.py
[2024-11-18T08:48:47.253+0000] {processor.py:925} INFO - DAG(s) 'latest_only_with_trigger' retrieved from /home/airflow/.local/lib/python3.12/site-packages/airflow/example_dags/example_latest_only_with_trigger.py
[2024-11-18T08:48:47.694+0000] {logging_mixin.py:190} INFO - [2024-11-18T08:48:47.692+0000] {dag.py:3239} INFO - Sync 1 DAGs
[2024-11-18T08:48:48.914+0000] {logging_mixin.py:190} INFO - [2024-11-18T08:48:48.912+0000] {dag.py:4180} INFO - Setting next_dagrun for latest_only_with_trigger to 2024-11-18 04:00:00+00:00, run_after=2024-11-18 08:00:00+00:00
[2024-11-18T08:48:50.243+0000] {processor.py:208} INFO - Processing /home/airflow/.local/lib/python3.12/site-packages/airflow/example_dags/example_latest_only_with_trigger.py took 4.033 seconds
[2024-11-18T09:01:21.004+0000] {processor.py:186} INFO - Started process (PID=203) to work on /home/airflow/.local/lib/python3.12/site-packages/airflow/example_dags/example_latest_only_with_trigger.py
[2024-11-18T09:01:21.013+0000] {processor.py:914} INFO - Processing file /home/airflow/.local/lib/python3.12/site-packages/airflow/example_dags/example_latest_only_with_trigger.py for tasks to queue
[2024-11-18T09:01:21.069+0000] {logging_mixin.py:190} INFO - [2024-11-18T09:01:21.068+0000] {dagbag.py:588} INFO - Filling up the DagBag from /home/airflow/.local/lib/python3.12/site-packages/airflow/example_dags/example_latest_only_with_trigger.py
[2024-11-18T09:01:21.385+0000] {processor.py:925} INFO - DAG(s) 'latest_only_with_trigger' retrieved from /home/airflow/.local/lib/python3.12/site-packages/airflow/example_dags/example_latest_only_with_trigger.py
[2024-11-18T09:01:22.026+0000] {logging_mixin.py:190} INFO - [2024-11-18T09:01:22.021+0000] {dag.py:3239} INFO - Sync 1 DAGs
[2024-11-18T09:01:24.115+0000] {logging_mixin.py:190} INFO - [2024-11-18T09:01:24.115+0000] {dag.py:4180} INFO - Setting next_dagrun for latest_only_with_trigger to 2024-11-18 04:00:00+00:00, run_after=2024-11-18 08:00:00+00:00
[2024-11-18T09:01:25.837+0000] {processor.py:208} INFO - Processing /home/airflow/.local/lib/python3.12/site-packages/airflow/example_dags/example_latest_only_with_trigger.py took 4.936 seconds
[2024-11-18T09:05:56.485+0000] {processor.py:186} INFO - Started process (PID=347) to work on /home/airflow/.local/lib/python3.12/site-packages/airflow/example_dags/example_latest_only_with_trigger.py
[2024-11-18T09:05:56.501+0000] {processor.py:914} INFO - Processing file /home/airflow/.local/lib/python3.12/site-packages/airflow/example_dags/example_latest_only_with_trigger.py for tasks to queue
[2024-11-18T09:05:56.514+0000] {logging_mixin.py:190} INFO - [2024-11-18T09:05:56.513+0000] {dagbag.py:588} INFO - Filling up the DagBag from /home/airflow/.local/lib/python3.12/site-packages/airflow/example_dags/example_latest_only_with_trigger.py
[2024-11-18T09:05:56.607+0000] {processor.py:925} INFO - DAG(s) 'latest_only_with_trigger' retrieved from /home/airflow/.local/lib/python3.12/site-packages/airflow/example_dags/example_latest_only_with_trigger.py
[2024-11-18T09:05:56.822+0000] {logging_mixin.py:190} INFO - [2024-11-18T09:05:56.821+0000] {dag.py:3239} INFO - Sync 1 DAGs
[2024-11-18T09:05:57.187+0000] {logging_mixin.py:190} INFO - [2024-11-18T09:05:57.186+0000] {dag.py:4180} INFO - Setting next_dagrun for latest_only_with_trigger to 2024-11-18 04:00:00+00:00, run_after=2024-11-18 08:00:00+00:00
[2024-11-18T09:05:57.353+0000] {processor.py:208} INFO - Processing /home/airflow/.local/lib/python3.12/site-packages/airflow/example_dags/example_latest_only_with_trigger.py took 0.917 seconds
[2024-11-18T09:09:22.054+0000] {processor.py:186} INFO - Started process (PID=463) to work on /home/airflow/.local/lib/python3.12/site-packages/airflow/example_dags/example_latest_only_with_trigger.py
[2024-11-18T09:09:22.150+0000] {processor.py:914} INFO - Processing file /home/airflow/.local/lib/python3.12/site-packages/airflow/example_dags/example_latest_only_with_trigger.py for tasks to queue
[2024-11-18T09:09:22.265+0000] {logging_mixin.py:190} INFO - [2024-11-18T09:09:22.252+0000] {dagbag.py:588} INFO - Filling up the DagBag from /home/airflow/.local/lib/python3.12/site-packages/airflow/example_dags/example_latest_only_with_trigger.py
[2024-11-18T09:09:22.604+0000] {processor.py:925} INFO - DAG(s) 'latest_only_with_trigger' retrieved from /home/airflow/.local/lib/python3.12/site-packages/airflow/example_dags/example_latest_only_with_trigger.py
[2024-11-18T09:09:23.090+0000] {logging_mixin.py:190} INFO - [2024-11-18T09:09:23.059+0000] {dag.py:3239} INFO - Sync 1 DAGs
[2024-11-18T09:09:23.792+0000] {logging_mixin.py:190} INFO - [2024-11-18T09:09:23.791+0000] {dag.py:4180} INFO - Setting next_dagrun for latest_only_with_trigger to 2024-11-18 04:00:00+00:00, run_after=2024-11-18 08:00:00+00:00
[2024-11-18T09:09:24.250+0000] {processor.py:208} INFO - Processing /home/airflow/.local/lib/python3.12/site-packages/airflow/example_dags/example_latest_only_with_trigger.py took 2.301 seconds
[2024-11-18T09:14:46.664+0000] {processor.py:186} INFO - Started process (PID=602) to work on /home/airflow/.local/lib/python3.12/site-packages/airflow/example_dags/example_latest_only_with_trigger.py
[2024-11-18T09:14:46.699+0000] {processor.py:914} INFO - Processing file /home/airflow/.local/lib/python3.12/site-packages/airflow/example_dags/example_latest_only_with_trigger.py for tasks to queue
[2024-11-18T09:14:46.868+0000] {logging_mixin.py:190} INFO - [2024-11-18T09:14:46.866+0000] {dagbag.py:588} INFO - Filling up the DagBag from /home/airflow/.local/lib/python3.12/site-packages/airflow/example_dags/example_latest_only_with_trigger.py
[2024-11-18T09:14:48.456+0000] {processor.py:925} INFO - DAG(s) 'latest_only_with_trigger' retrieved from /home/airflow/.local/lib/python3.12/site-packages/airflow/example_dags/example_latest_only_with_trigger.py
[2024-11-18T09:14:51.315+0000] {logging_mixin.py:190} INFO - [2024-11-18T09:14:51.242+0000] {dag.py:3239} INFO - Sync 1 DAGs
[2024-11-18T09:14:53.934+0000] {logging_mixin.py:190} INFO - [2024-11-18T09:14:53.849+0000] {dag.py:4180} INFO - Setting next_dagrun for latest_only_with_trigger to 2024-11-18 04:00:00+00:00, run_after=2024-11-18 08:00:00+00:00
[2024-11-18T09:14:55.773+0000] {processor.py:208} INFO - Processing /home/airflow/.local/lib/python3.12/site-packages/airflow/example_dags/example_latest_only_with_trigger.py took 10.174 seconds
[2024-11-18T09:19:30.678+0000] {processor.py:186} INFO - Started process (PID=701) to work on /home/airflow/.local/lib/python3.12/site-packages/airflow/example_dags/example_latest_only_with_trigger.py
[2024-11-18T09:19:30.746+0000] {processor.py:914} INFO - Processing file /home/airflow/.local/lib/python3.12/site-packages/airflow/example_dags/example_latest_only_with_trigger.py for tasks to queue
[2024-11-18T09:19:30.757+0000] {logging_mixin.py:190} INFO - [2024-11-18T09:19:30.755+0000] {dagbag.py:588} INFO - Filling up the DagBag from /home/airflow/.local/lib/python3.12/site-packages/airflow/example_dags/example_latest_only_with_trigger.py
[2024-11-18T09:19:30.997+0000] {processor.py:925} INFO - DAG(s) 'latest_only_with_trigger' retrieved from /home/airflow/.local/lib/python3.12/site-packages/airflow/example_dags/example_latest_only_with_trigger.py
[2024-11-18T09:19:31.531+0000] {logging_mixin.py:190} INFO - [2024-11-18T09:19:31.530+0000] {dag.py:3239} INFO - Sync 1 DAGs
[2024-11-18T09:19:33.121+0000] {logging_mixin.py:190} INFO - [2024-11-18T09:19:33.120+0000] {dag.py:4180} INFO - Setting next_dagrun for latest_only_with_trigger to 2024-11-18 04:00:00+00:00, run_after=2024-11-18 08:00:00+00:00
[2024-11-18T09:19:33.842+0000] {processor.py:208} INFO - Processing /home/airflow/.local/lib/python3.12/site-packages/airflow/example_dags/example_latest_only_with_trigger.py took 3.505 seconds
[2024-11-18T09:25:52.068+0000] {processor.py:186} INFO - Started process (PID=865) to work on /home/airflow/.local/lib/python3.12/site-packages/airflow/example_dags/example_latest_only_with_trigger.py
[2024-11-18T09:25:52.106+0000] {processor.py:914} INFO - Processing file /home/airflow/.local/lib/python3.12/site-packages/airflow/example_dags/example_latest_only_with_trigger.py for tasks to queue
[2024-11-18T09:25:52.120+0000] {logging_mixin.py:190} INFO - [2024-11-18T09:25:52.119+0000] {dagbag.py:588} INFO - Filling up the DagBag from /home/airflow/.local/lib/python3.12/site-packages/airflow/example_dags/example_latest_only_with_trigger.py
[2024-11-18T09:25:52.650+0000] {processor.py:925} INFO - DAG(s) 'latest_only_with_trigger' retrieved from /home/airflow/.local/lib/python3.12/site-packages/airflow/example_dags/example_latest_only_with_trigger.py
[2024-11-18T09:25:53.412+0000] {logging_mixin.py:190} INFO - [2024-11-18T09:25:53.411+0000] {dag.py:3239} INFO - Sync 1 DAGs
[2024-11-18T09:25:54.962+0000] {logging_mixin.py:190} INFO - [2024-11-18T09:25:54.961+0000] {dag.py:4180} INFO - Setting next_dagrun for latest_only_with_trigger to 2024-11-18 04:00:00+00:00, run_after=2024-11-18 08:00:00+00:00
[2024-11-18T09:25:56.418+0000] {processor.py:208} INFO - Processing /home/airflow/.local/lib/python3.12/site-packages/airflow/example_dags/example_latest_only_with_trigger.py took 4.513 seconds
[2024-11-18T09:32:21.438+0000] {processor.py:186} INFO - Started process (PID=1026) to work on /home/airflow/.local/lib/python3.12/site-packages/airflow/example_dags/example_latest_only_with_trigger.py
[2024-11-18T09:32:21.494+0000] {processor.py:914} INFO - Processing file /home/airflow/.local/lib/python3.12/site-packages/airflow/example_dags/example_latest_only_with_trigger.py for tasks to queue
[2024-11-18T09:32:21.545+0000] {logging_mixin.py:190} INFO - [2024-11-18T09:32:21.543+0000] {dagbag.py:588} INFO - Filling up the DagBag from /home/airflow/.local/lib/python3.12/site-packages/airflow/example_dags/example_latest_only_with_trigger.py
[2024-11-18T09:32:21.714+0000] {processor.py:925} INFO - DAG(s) 'latest_only_with_trigger' retrieved from /home/airflow/.local/lib/python3.12/site-packages/airflow/example_dags/example_latest_only_with_trigger.py
[2024-11-18T09:32:22.499+0000] {logging_mixin.py:190} INFO - [2024-11-18T09:32:22.498+0000] {dag.py:3239} INFO - Sync 1 DAGs
[2024-11-18T09:32:24.011+0000] {logging_mixin.py:190} INFO - [2024-11-18T09:32:24.010+0000] {dag.py:4180} INFO - Setting next_dagrun for latest_only_with_trigger to 2024-11-18 04:00:00+00:00, run_after=2024-11-18 08:00:00+00:00
[2024-11-18T09:32:26.919+0000] {processor.py:208} INFO - Processing /home/airflow/.local/lib/python3.12/site-packages/airflow/example_dags/example_latest_only_with_trigger.py took 5.523 seconds
[2024-11-18T09:43:13.596+0000] {processor.py:186} INFO - Started process (PID=1235) to work on /home/airflow/.local/lib/python3.12/site-packages/airflow/example_dags/example_latest_only_with_trigger.py
[2024-11-18T09:43:13.752+0000] {processor.py:914} INFO - Processing file /home/airflow/.local/lib/python3.12/site-packages/airflow/example_dags/example_latest_only_with_trigger.py for tasks to queue
[2024-11-18T09:43:13.884+0000] {logging_mixin.py:190} INFO - [2024-11-18T09:43:13.881+0000] {dagbag.py:588} INFO - Filling up the DagBag from /home/airflow/.local/lib/python3.12/site-packages/airflow/example_dags/example_latest_only_with_trigger.py
[2024-11-18T09:43:15.301+0000] {processor.py:925} INFO - DAG(s) 'latest_only_with_trigger' retrieved from /home/airflow/.local/lib/python3.12/site-packages/airflow/example_dags/example_latest_only_with_trigger.py
[2024-11-18T09:43:17.578+0000] {logging_mixin.py:190} INFO - [2024-11-18T09:43:17.492+0000] {dag.py:3239} INFO - Sync 1 DAGs
[2024-11-18T09:43:22.478+0000] {logging_mixin.py:190} INFO - [2024-11-18T09:43:22.314+0000] {dag.py:4180} INFO - Setting next_dagrun for latest_only_with_trigger to 2024-11-18 04:00:00+00:00, run_after=2024-11-18 08:00:00+00:00
[2024-11-18T09:43:24.535+0000] {processor.py:208} INFO - Processing /home/airflow/.local/lib/python3.12/site-packages/airflow/example_dags/example_latest_only_with_trigger.py took 11.991 seconds
[2024-11-18T10:12:12.314+0000] {processor.py:186} INFO - Started process (PID=207) to work on /home/airflow/.local/lib/python3.12/site-packages/airflow/example_dags/example_latest_only_with_trigger.py
[2024-11-18T10:12:12.510+0000] {processor.py:914} INFO - Processing file /home/airflow/.local/lib/python3.12/site-packages/airflow/example_dags/example_latest_only_with_trigger.py for tasks to queue
[2024-11-18T10:12:12.704+0000] {logging_mixin.py:190} INFO - [2024-11-18T10:12:12.691+0000] {dagbag.py:588} INFO - Filling up the DagBag from /home/airflow/.local/lib/python3.12/site-packages/airflow/example_dags/example_latest_only_with_trigger.py
[2024-11-18T10:12:12.844+0000] {processor.py:925} INFO - DAG(s) 'latest_only_with_trigger' retrieved from /home/airflow/.local/lib/python3.12/site-packages/airflow/example_dags/example_latest_only_with_trigger.py
[2024-11-18T10:12:13.624+0000] {logging_mixin.py:190} INFO - [2024-11-18T10:12:13.623+0000] {dag.py:3239} INFO - Sync 1 DAGs
[2024-11-18T10:12:14.427+0000] {logging_mixin.py:190} INFO - [2024-11-18T10:12:14.426+0000] {dag.py:4180} INFO - Setting next_dagrun for latest_only_with_trigger to 2024-11-18 04:00:00+00:00, run_after=2024-11-18 08:00:00+00:00
[2024-11-18T10:12:15.320+0000] {processor.py:208} INFO - Processing /home/airflow/.local/lib/python3.12/site-packages/airflow/example_dags/example_latest_only_with_trigger.py took 3.845 seconds
[2024-11-18T10:16:13.175+0000] {processor.py:186} INFO - Started process (PID=343) to work on /home/airflow/.local/lib/python3.12/site-packages/airflow/example_dags/example_latest_only_with_trigger.py
[2024-11-18T10:16:13.211+0000] {processor.py:914} INFO - Processing file /home/airflow/.local/lib/python3.12/site-packages/airflow/example_dags/example_latest_only_with_trigger.py for tasks to queue
[2024-11-18T10:16:13.249+0000] {logging_mixin.py:190} INFO - [2024-11-18T10:16:13.247+0000] {dagbag.py:588} INFO - Filling up the DagBag from /home/airflow/.local/lib/python3.12/site-packages/airflow/example_dags/example_latest_only_with_trigger.py
[2024-11-18T10:16:13.572+0000] {processor.py:925} INFO - DAG(s) 'latest_only_with_trigger' retrieved from /home/airflow/.local/lib/python3.12/site-packages/airflow/example_dags/example_latest_only_with_trigger.py
[2024-11-18T10:16:13.975+0000] {logging_mixin.py:190} INFO - [2024-11-18T10:16:13.974+0000] {dag.py:3239} INFO - Sync 1 DAGs
[2024-11-18T10:16:14.884+0000] {logging_mixin.py:190} INFO - [2024-11-18T10:16:14.882+0000] {dag.py:4180} INFO - Setting next_dagrun for latest_only_with_trigger to 2024-11-18 04:00:00+00:00, run_after=2024-11-18 08:00:00+00:00
[2024-11-18T10:16:16.451+0000] {processor.py:208} INFO - Processing /home/airflow/.local/lib/python3.12/site-packages/airflow/example_dags/example_latest_only_with_trigger.py took 3.559 seconds
[2024-11-18T10:19:36.176+0000] {processor.py:186} INFO - Started process (PID=466) to work on /home/airflow/.local/lib/python3.12/site-packages/airflow/example_dags/example_latest_only_with_trigger.py
[2024-11-18T10:19:36.196+0000] {processor.py:914} INFO - Processing file /home/airflow/.local/lib/python3.12/site-packages/airflow/example_dags/example_latest_only_with_trigger.py for tasks to queue
[2024-11-18T10:19:36.209+0000] {logging_mixin.py:190} INFO - [2024-11-18T10:19:36.208+0000] {dagbag.py:588} INFO - Filling up the DagBag from /home/airflow/.local/lib/python3.12/site-packages/airflow/example_dags/example_latest_only_with_trigger.py
[2024-11-18T10:19:36.605+0000] {processor.py:925} INFO - DAG(s) 'latest_only_with_trigger' retrieved from /home/airflow/.local/lib/python3.12/site-packages/airflow/example_dags/example_latest_only_with_trigger.py
[2024-11-18T10:19:37.735+0000] {logging_mixin.py:190} INFO - [2024-11-18T10:19:37.733+0000] {dag.py:3239} INFO - Sync 1 DAGs
[2024-11-18T10:19:38.421+0000] {logging_mixin.py:190} INFO - [2024-11-18T10:19:38.420+0000] {dag.py:4180} INFO - Setting next_dagrun for latest_only_with_trigger to 2024-11-18 04:00:00+00:00, run_after=2024-11-18 08:00:00+00:00
[2024-11-18T10:19:39.845+0000] {processor.py:208} INFO - Processing /home/airflow/.local/lib/python3.12/site-packages/airflow/example_dags/example_latest_only_with_trigger.py took 3.859 seconds
[2024-11-18T10:25:54.247+0000] {processor.py:186} INFO - Started process (PID=576) to work on /home/airflow/.local/lib/python3.12/site-packages/airflow/example_dags/example_latest_only_with_trigger.py
[2024-11-18T10:25:54.462+0000] {processor.py:914} INFO - Processing file /home/airflow/.local/lib/python3.12/site-packages/airflow/example_dags/example_latest_only_with_trigger.py for tasks to queue
[2024-11-18T10:25:54.845+0000] {logging_mixin.py:190} INFO - [2024-11-18T10:25:54.704+0000] {dagbag.py:588} INFO - Filling up the DagBag from /home/airflow/.local/lib/python3.12/site-packages/airflow/example_dags/example_latest_only_with_trigger.py
[2024-11-18T10:25:56.297+0000] {processor.py:925} INFO - DAG(s) 'latest_only_with_trigger' retrieved from /home/airflow/.local/lib/python3.12/site-packages/airflow/example_dags/example_latest_only_with_trigger.py
[2024-11-18T10:25:59.888+0000] {logging_mixin.py:190} INFO - [2024-11-18T10:25:59.845+0000] {dag.py:3239} INFO - Sync 1 DAGs
[2024-11-18T10:26:01.804+0000] {logging_mixin.py:190} INFO - [2024-11-18T10:26:01.795+0000] {dag.py:4180} INFO - Setting next_dagrun for latest_only_with_trigger to 2024-11-18 04:00:00+00:00, run_after=2024-11-18 08:00:00+00:00
[2024-11-18T10:26:04.030+0000] {processor.py:208} INFO - Processing /home/airflow/.local/lib/python3.12/site-packages/airflow/example_dags/example_latest_only_with_trigger.py took 10.301 seconds
[2024-11-18T10:33:37.180+0000] {processor.py:186} INFO - Started process (PID=677) to work on /home/airflow/.local/lib/python3.12/site-packages/airflow/example_dags/example_latest_only_with_trigger.py
[2024-11-18T10:33:37.206+0000] {processor.py:914} INFO - Processing file /home/airflow/.local/lib/python3.12/site-packages/airflow/example_dags/example_latest_only_with_trigger.py for tasks to queue
[2024-11-18T10:33:37.218+0000] {logging_mixin.py:190} INFO - [2024-11-18T10:33:37.217+0000] {dagbag.py:588} INFO - Filling up the DagBag from /home/airflow/.local/lib/python3.12/site-packages/airflow/example_dags/example_latest_only_with_trigger.py
[2024-11-18T10:33:37.371+0000] {processor.py:925} INFO - DAG(s) 'latest_only_with_trigger' retrieved from /home/airflow/.local/lib/python3.12/site-packages/airflow/example_dags/example_latest_only_with_trigger.py
[2024-11-18T10:33:37.837+0000] {logging_mixin.py:190} INFO - [2024-11-18T10:33:37.836+0000] {dag.py:3239} INFO - Sync 1 DAGs
[2024-11-18T10:33:38.608+0000] {logging_mixin.py:190} INFO - [2024-11-18T10:33:38.556+0000] {dag.py:4180} INFO - Setting next_dagrun for latest_only_with_trigger to 2024-11-18 04:00:00+00:00, run_after=2024-11-18 08:00:00+00:00
[2024-11-18T10:33:39.129+0000] {processor.py:208} INFO - Processing /home/airflow/.local/lib/python3.12/site-packages/airflow/example_dags/example_latest_only_with_trigger.py took 2.033 seconds
[2024-11-18T10:36:31.445+0000] {processor.py:186} INFO - Started process (PID=793) to work on /home/airflow/.local/lib/python3.12/site-packages/airflow/example_dags/example_latest_only_with_trigger.py
[2024-11-18T10:36:31.450+0000] {processor.py:914} INFO - Processing file /home/airflow/.local/lib/python3.12/site-packages/airflow/example_dags/example_latest_only_with_trigger.py for tasks to queue
[2024-11-18T10:36:31.454+0000] {logging_mixin.py:190} INFO - [2024-11-18T10:36:31.453+0000] {dagbag.py:588} INFO - Filling up the DagBag from /home/airflow/.local/lib/python3.12/site-packages/airflow/example_dags/example_latest_only_with_trigger.py
[2024-11-18T10:36:31.524+0000] {processor.py:925} INFO - DAG(s) 'latest_only_with_trigger' retrieved from /home/airflow/.local/lib/python3.12/site-packages/airflow/example_dags/example_latest_only_with_trigger.py
[2024-11-18T10:36:31.899+0000] {logging_mixin.py:190} INFO - [2024-11-18T10:36:31.898+0000] {dag.py:3239} INFO - Sync 1 DAGs
[2024-11-18T10:36:33.647+0000] {logging_mixin.py:190} INFO - [2024-11-18T10:36:33.646+0000] {dag.py:4180} INFO - Setting next_dagrun for latest_only_with_trigger to 2024-11-18 04:00:00+00:00, run_after=2024-11-18 08:00:00+00:00
[2024-11-18T10:36:34.044+0000] {processor.py:208} INFO - Processing /home/airflow/.local/lib/python3.12/site-packages/airflow/example_dags/example_latest_only_with_trigger.py took 2.639 seconds
[2024-11-18T10:39:30.422+0000] {processor.py:186} INFO - Started process (PID=902) to work on /home/airflow/.local/lib/python3.12/site-packages/airflow/example_dags/example_latest_only_with_trigger.py
[2024-11-18T10:39:30.562+0000] {processor.py:914} INFO - Processing file /home/airflow/.local/lib/python3.12/site-packages/airflow/example_dags/example_latest_only_with_trigger.py for tasks to queue
[2024-11-18T10:39:30.574+0000] {logging_mixin.py:190} INFO - [2024-11-18T10:39:30.573+0000] {dagbag.py:588} INFO - Filling up the DagBag from /home/airflow/.local/lib/python3.12/site-packages/airflow/example_dags/example_latest_only_with_trigger.py
[2024-11-18T10:39:30.746+0000] {processor.py:925} INFO - DAG(s) 'latest_only_with_trigger' retrieved from /home/airflow/.local/lib/python3.12/site-packages/airflow/example_dags/example_latest_only_with_trigger.py
[2024-11-18T10:39:31.316+0000] {logging_mixin.py:190} INFO - [2024-11-18T10:39:31.316+0000] {dag.py:3239} INFO - Sync 1 DAGs
[2024-11-18T10:39:32.152+0000] {logging_mixin.py:190} INFO - [2024-11-18T10:39:32.151+0000] {dag.py:4180} INFO - Setting next_dagrun for latest_only_with_trigger to 2024-11-18 04:00:00+00:00, run_after=2024-11-18 08:00:00+00:00
[2024-11-18T10:39:32.538+0000] {processor.py:208} INFO - Processing /home/airflow/.local/lib/python3.12/site-packages/airflow/example_dags/example_latest_only_with_trigger.py took 2.137 seconds
[2024-11-18T13:37:13.401+0000] {processor.py:186} INFO - Started process (PID=125) to work on /home/airflow/.local/lib/python3.12/site-packages/airflow/example_dags/example_latest_only_with_trigger.py
[2024-11-18T13:37:13.404+0000] {processor.py:914} INFO - Processing file /home/airflow/.local/lib/python3.12/site-packages/airflow/example_dags/example_latest_only_with_trigger.py for tasks to queue
[2024-11-18T13:37:13.407+0000] {logging_mixin.py:190} INFO - [2024-11-18T13:37:13.407+0000] {dagbag.py:588} INFO - Filling up the DagBag from /home/airflow/.local/lib/python3.12/site-packages/airflow/example_dags/example_latest_only_with_trigger.py
[2024-11-18T13:37:13.417+0000] {processor.py:925} INFO - DAG(s) 'latest_only_with_trigger' retrieved from /home/airflow/.local/lib/python3.12/site-packages/airflow/example_dags/example_latest_only_with_trigger.py
[2024-11-18T13:37:13.471+0000] {logging_mixin.py:190} INFO - [2024-11-18T13:37:13.470+0000] {dag.py:3239} INFO - Sync 1 DAGs
[2024-11-18T13:37:13.514+0000] {logging_mixin.py:190} INFO - [2024-11-18T13:37:13.514+0000] {dag.py:4180} INFO - Setting next_dagrun for latest_only_with_trigger to 2024-11-18 08:00:00+00:00, run_after=2024-11-18 12:00:00+00:00
[2024-11-18T13:37:13.543+0000] {processor.py:208} INFO - Processing /home/airflow/.local/lib/python3.12/site-packages/airflow/example_dags/example_latest_only_with_trigger.py took 0.176 seconds
[2024-11-18T13:37:56.784+0000] {processor.py:186} INFO - Started process (PID=194) to work on /home/airflow/.local/lib/python3.12/site-packages/airflow/example_dags/example_latest_only_with_trigger.py
[2024-11-18T13:37:56.802+0000] {processor.py:914} INFO - Processing file /home/airflow/.local/lib/python3.12/site-packages/airflow/example_dags/example_latest_only_with_trigger.py for tasks to queue
[2024-11-18T13:37:56.845+0000] {logging_mixin.py:190} INFO - [2024-11-18T13:37:56.844+0000] {dagbag.py:588} INFO - Filling up the DagBag from /home/airflow/.local/lib/python3.12/site-packages/airflow/example_dags/example_latest_only_with_trigger.py
[2024-11-18T13:37:56.991+0000] {processor.py:925} INFO - DAG(s) 'latest_only_with_trigger' retrieved from /home/airflow/.local/lib/python3.12/site-packages/airflow/example_dags/example_latest_only_with_trigger.py
[2024-11-18T13:37:57.475+0000] {logging_mixin.py:190} INFO - [2024-11-18T13:37:57.473+0000] {dag.py:3239} INFO - Sync 1 DAGs
[2024-11-18T13:37:58.074+0000] {logging_mixin.py:190} INFO - [2024-11-18T13:37:58.073+0000] {dag.py:4180} INFO - Setting next_dagrun for latest_only_with_trigger to 2024-11-18 08:00:00+00:00, run_after=2024-11-18 12:00:00+00:00
[2024-11-18T13:37:58.323+0000] {processor.py:208} INFO - Processing /home/airflow/.local/lib/python3.12/site-packages/airflow/example_dags/example_latest_only_with_trigger.py took 1.621 seconds
[2024-11-18T13:39:23.762+0000] {processor.py:186} INFO - Started process (PID=268) to work on /home/airflow/.local/lib/python3.12/site-packages/airflow/example_dags/example_latest_only_with_trigger.py
[2024-11-18T13:39:23.798+0000] {processor.py:914} INFO - Processing file /home/airflow/.local/lib/python3.12/site-packages/airflow/example_dags/example_latest_only_with_trigger.py for tasks to queue
[2024-11-18T13:39:23.839+0000] {logging_mixin.py:190} INFO - [2024-11-18T13:39:23.838+0000] {dagbag.py:588} INFO - Filling up the DagBag from /home/airflow/.local/lib/python3.12/site-packages/airflow/example_dags/example_latest_only_with_trigger.py
[2024-11-18T13:39:24.074+0000] {processor.py:925} INFO - DAG(s) 'latest_only_with_trigger' retrieved from /home/airflow/.local/lib/python3.12/site-packages/airflow/example_dags/example_latest_only_with_trigger.py
[2024-11-18T13:39:24.527+0000] {logging_mixin.py:190} INFO - [2024-11-18T13:39:24.523+0000] {dag.py:3239} INFO - Sync 1 DAGs
[2024-11-18T13:39:24.938+0000] {logging_mixin.py:190} INFO - [2024-11-18T13:39:24.937+0000] {dag.py:4180} INFO - Setting next_dagrun for latest_only_with_trigger to 2024-11-18 08:00:00+00:00, run_after=2024-11-18 12:00:00+00:00
[2024-11-18T13:39:25.172+0000] {processor.py:208} INFO - Processing /home/airflow/.local/lib/python3.12/site-packages/airflow/example_dags/example_latest_only_with_trigger.py took 1.530 seconds
[2024-11-18T13:40:30.390+0000] {processor.py:186} INFO - Started process (PID=338) to work on /home/airflow/.local/lib/python3.12/site-packages/airflow/example_dags/example_latest_only_with_trigger.py
[2024-11-18T13:40:30.399+0000] {processor.py:914} INFO - Processing file /home/airflow/.local/lib/python3.12/site-packages/airflow/example_dags/example_latest_only_with_trigger.py for tasks to queue
[2024-11-18T13:40:30.417+0000] {logging_mixin.py:190} INFO - [2024-11-18T13:40:30.406+0000] {dagbag.py:588} INFO - Filling up the DagBag from /home/airflow/.local/lib/python3.12/site-packages/airflow/example_dags/example_latest_only_with_trigger.py
[2024-11-18T13:40:30.446+0000] {processor.py:925} INFO - DAG(s) 'latest_only_with_trigger' retrieved from /home/airflow/.local/lib/python3.12/site-packages/airflow/example_dags/example_latest_only_with_trigger.py
[2024-11-18T13:40:30.559+0000] {logging_mixin.py:190} INFO - [2024-11-18T13:40:30.558+0000] {dag.py:3239} INFO - Sync 1 DAGs
[2024-11-18T13:40:30.717+0000] {logging_mixin.py:190} INFO - [2024-11-18T13:40:30.717+0000] {dag.py:4180} INFO - Setting next_dagrun for latest_only_with_trigger to 2024-11-18 08:00:00+00:00, run_after=2024-11-18 12:00:00+00:00
[2024-11-18T13:40:30.830+0000] {processor.py:208} INFO - Processing /home/airflow/.local/lib/python3.12/site-packages/airflow/example_dags/example_latest_only_with_trigger.py took 0.464 seconds
[2024-11-18T13:41:03.648+0000] {processor.py:186} INFO - Started process (PID=401) to work on /home/airflow/.local/lib/python3.12/site-packages/airflow/example_dags/example_latest_only_with_trigger.py
[2024-11-18T13:41:03.657+0000] {processor.py:914} INFO - Processing file /home/airflow/.local/lib/python3.12/site-packages/airflow/example_dags/example_latest_only_with_trigger.py for tasks to queue
[2024-11-18T13:41:03.677+0000] {logging_mixin.py:190} INFO - [2024-11-18T13:41:03.676+0000] {dagbag.py:588} INFO - Filling up the DagBag from /home/airflow/.local/lib/python3.12/site-packages/airflow/example_dags/example_latest_only_with_trigger.py
[2024-11-18T13:41:03.723+0000] {processor.py:925} INFO - DAG(s) 'latest_only_with_trigger' retrieved from /home/airflow/.local/lib/python3.12/site-packages/airflow/example_dags/example_latest_only_with_trigger.py
[2024-11-18T13:41:03.872+0000] {logging_mixin.py:190} INFO - [2024-11-18T13:41:03.871+0000] {dag.py:3239} INFO - Sync 1 DAGs
[2024-11-18T13:41:04.027+0000] {logging_mixin.py:190} INFO - [2024-11-18T13:41:04.027+0000] {dag.py:4180} INFO - Setting next_dagrun for latest_only_with_trigger to 2024-11-18 08:00:00+00:00, run_after=2024-11-18 12:00:00+00:00
[2024-11-18T13:41:04.112+0000] {processor.py:208} INFO - Processing /home/airflow/.local/lib/python3.12/site-packages/airflow/example_dags/example_latest_only_with_trigger.py took 0.513 seconds
[2024-11-18T13:41:34.285+0000] {processor.py:186} INFO - Started process (PID=463) to work on /home/airflow/.local/lib/python3.12/site-packages/airflow/example_dags/example_latest_only_with_trigger.py
[2024-11-18T13:41:34.287+0000] {processor.py:914} INFO - Processing file /home/airflow/.local/lib/python3.12/site-packages/airflow/example_dags/example_latest_only_with_trigger.py for tasks to queue
[2024-11-18T13:41:34.299+0000] {logging_mixin.py:190} INFO - [2024-11-18T13:41:34.299+0000] {dagbag.py:588} INFO - Filling up the DagBag from /home/airflow/.local/lib/python3.12/site-packages/airflow/example_dags/example_latest_only_with_trigger.py
[2024-11-18T13:41:34.309+0000] {processor.py:925} INFO - DAG(s) 'latest_only_with_trigger' retrieved from /home/airflow/.local/lib/python3.12/site-packages/airflow/example_dags/example_latest_only_with_trigger.py
[2024-11-18T13:41:34.337+0000] {logging_mixin.py:190} INFO - [2024-11-18T13:41:34.336+0000] {dag.py:3239} INFO - Sync 1 DAGs
[2024-11-18T13:41:34.380+0000] {logging_mixin.py:190} INFO - [2024-11-18T13:41:34.379+0000] {dag.py:4180} INFO - Setting next_dagrun for latest_only_with_trigger to 2024-11-18 08:00:00+00:00, run_after=2024-11-18 12:00:00+00:00
[2024-11-18T13:41:34.411+0000] {processor.py:208} INFO - Processing /home/airflow/.local/lib/python3.12/site-packages/airflow/example_dags/example_latest_only_with_trigger.py took 0.145 seconds
[2024-11-18T13:42:09.063+0000] {processor.py:186} INFO - Started process (PID=533) to work on /home/airflow/.local/lib/python3.12/site-packages/airflow/example_dags/example_latest_only_with_trigger.py
[2024-11-18T13:42:09.065+0000] {processor.py:914} INFO - Processing file /home/airflow/.local/lib/python3.12/site-packages/airflow/example_dags/example_latest_only_with_trigger.py for tasks to queue
[2024-11-18T13:42:09.072+0000] {logging_mixin.py:190} INFO - [2024-11-18T13:42:09.071+0000] {dagbag.py:588} INFO - Filling up the DagBag from /home/airflow/.local/lib/python3.12/site-packages/airflow/example_dags/example_latest_only_with_trigger.py
[2024-11-18T13:42:09.089+0000] {processor.py:925} INFO - DAG(s) 'latest_only_with_trigger' retrieved from /home/airflow/.local/lib/python3.12/site-packages/airflow/example_dags/example_latest_only_with_trigger.py
[2024-11-18T13:42:09.133+0000] {logging_mixin.py:190} INFO - [2024-11-18T13:42:09.132+0000] {dag.py:3239} INFO - Sync 1 DAGs
[2024-11-18T13:42:09.217+0000] {logging_mixin.py:190} INFO - [2024-11-18T13:42:09.217+0000] {dag.py:4180} INFO - Setting next_dagrun for latest_only_with_trigger to 2024-11-18 08:00:00+00:00, run_after=2024-11-18 12:00:00+00:00
[2024-11-18T13:42:09.275+0000] {processor.py:208} INFO - Processing /home/airflow/.local/lib/python3.12/site-packages/airflow/example_dags/example_latest_only_with_trigger.py took 0.224 seconds
[2024-11-18T13:42:51.551+0000] {processor.py:186} INFO - Started process (PID=603) to work on /home/airflow/.local/lib/python3.12/site-packages/airflow/example_dags/example_latest_only_with_trigger.py
[2024-11-18T13:42:51.558+0000] {processor.py:914} INFO - Processing file /home/airflow/.local/lib/python3.12/site-packages/airflow/example_dags/example_latest_only_with_trigger.py for tasks to queue
[2024-11-18T13:42:51.583+0000] {logging_mixin.py:190} INFO - [2024-11-18T13:42:51.582+0000] {dagbag.py:588} INFO - Filling up the DagBag from /home/airflow/.local/lib/python3.12/site-packages/airflow/example_dags/example_latest_only_with_trigger.py
[2024-11-18T13:42:51.653+0000] {processor.py:925} INFO - DAG(s) 'latest_only_with_trigger' retrieved from /home/airflow/.local/lib/python3.12/site-packages/airflow/example_dags/example_latest_only_with_trigger.py
[2024-11-18T13:42:51.747+0000] {logging_mixin.py:190} INFO - [2024-11-18T13:42:51.746+0000] {dag.py:3239} INFO - Sync 1 DAGs
[2024-11-18T13:42:51.913+0000] {logging_mixin.py:190} INFO - [2024-11-18T13:42:51.913+0000] {dag.py:4180} INFO - Setting next_dagrun for latest_only_with_trigger to 2024-11-18 08:00:00+00:00, run_after=2024-11-18 12:00:00+00:00
[2024-11-18T13:42:52.035+0000] {processor.py:208} INFO - Processing /home/airflow/.local/lib/python3.12/site-packages/airflow/example_dags/example_latest_only_with_trigger.py took 0.515 seconds
[2024-11-18T13:43:25.585+0000] {processor.py:186} INFO - Started process (PID=671) to work on /home/airflow/.local/lib/python3.12/site-packages/airflow/example_dags/example_latest_only_with_trigger.py
[2024-11-18T13:43:25.593+0000] {processor.py:914} INFO - Processing file /home/airflow/.local/lib/python3.12/site-packages/airflow/example_dags/example_latest_only_with_trigger.py for tasks to queue
[2024-11-18T13:43:25.600+0000] {logging_mixin.py:190} INFO - [2024-11-18T13:43:25.600+0000] {dagbag.py:588} INFO - Filling up the DagBag from /home/airflow/.local/lib/python3.12/site-packages/airflow/example_dags/example_latest_only_with_trigger.py
[2024-11-18T13:43:25.635+0000] {processor.py:925} INFO - DAG(s) 'latest_only_with_trigger' retrieved from /home/airflow/.local/lib/python3.12/site-packages/airflow/example_dags/example_latest_only_with_trigger.py
[2024-11-18T13:43:25.708+0000] {logging_mixin.py:190} INFO - [2024-11-18T13:43:25.707+0000] {dag.py:3239} INFO - Sync 1 DAGs
[2024-11-18T13:43:25.768+0000] {logging_mixin.py:190} INFO - [2024-11-18T13:43:25.768+0000] {dag.py:4180} INFO - Setting next_dagrun for latest_only_with_trigger to 2024-11-18 08:00:00+00:00, run_after=2024-11-18 12:00:00+00:00
[2024-11-18T13:43:25.875+0000] {processor.py:208} INFO - Processing /home/airflow/.local/lib/python3.12/site-packages/airflow/example_dags/example_latest_only_with_trigger.py took 0.306 seconds
[2024-11-18T13:43:56.115+0000] {processor.py:186} INFO - Started process (PID=733) to work on /home/airflow/.local/lib/python3.12/site-packages/airflow/example_dags/example_latest_only_with_trigger.py
[2024-11-18T13:43:56.128+0000] {processor.py:914} INFO - Processing file /home/airflow/.local/lib/python3.12/site-packages/airflow/example_dags/example_latest_only_with_trigger.py for tasks to queue
[2024-11-18T13:43:56.140+0000] {logging_mixin.py:190} INFO - [2024-11-18T13:43:56.139+0000] {dagbag.py:588} INFO - Filling up the DagBag from /home/airflow/.local/lib/python3.12/site-packages/airflow/example_dags/example_latest_only_with_trigger.py
[2024-11-18T13:43:56.176+0000] {processor.py:925} INFO - DAG(s) 'latest_only_with_trigger' retrieved from /home/airflow/.local/lib/python3.12/site-packages/airflow/example_dags/example_latest_only_with_trigger.py
[2024-11-18T13:43:56.232+0000] {logging_mixin.py:190} INFO - [2024-11-18T13:43:56.232+0000] {dag.py:3239} INFO - Sync 1 DAGs
[2024-11-18T13:43:56.325+0000] {logging_mixin.py:190} INFO - [2024-11-18T13:43:56.325+0000] {dag.py:4180} INFO - Setting next_dagrun for latest_only_with_trigger to 2024-11-18 08:00:00+00:00, run_after=2024-11-18 12:00:00+00:00
[2024-11-18T13:43:56.442+0000] {processor.py:208} INFO - Processing /home/airflow/.local/lib/python3.12/site-packages/airflow/example_dags/example_latest_only_with_trigger.py took 0.333 seconds
[2024-11-18T13:44:27.240+0000] {processor.py:186} INFO - Started process (PID=795) to work on /home/airflow/.local/lib/python3.12/site-packages/airflow/example_dags/example_latest_only_with_trigger.py
[2024-11-18T13:44:27.241+0000] {processor.py:914} INFO - Processing file /home/airflow/.local/lib/python3.12/site-packages/airflow/example_dags/example_latest_only_with_trigger.py for tasks to queue
[2024-11-18T13:44:27.246+0000] {logging_mixin.py:190} INFO - [2024-11-18T13:44:27.246+0000] {dagbag.py:588} INFO - Filling up the DagBag from /home/airflow/.local/lib/python3.12/site-packages/airflow/example_dags/example_latest_only_with_trigger.py
[2024-11-18T13:44:27.262+0000] {processor.py:925} INFO - DAG(s) 'latest_only_with_trigger' retrieved from /home/airflow/.local/lib/python3.12/site-packages/airflow/example_dags/example_latest_only_with_trigger.py
[2024-11-18T13:44:27.302+0000] {logging_mixin.py:190} INFO - [2024-11-18T13:44:27.302+0000] {dag.py:3239} INFO - Sync 1 DAGs
[2024-11-18T13:44:27.345+0000] {logging_mixin.py:190} INFO - [2024-11-18T13:44:27.345+0000] {dag.py:4180} INFO - Setting next_dagrun for latest_only_with_trigger to 2024-11-18 08:00:00+00:00, run_after=2024-11-18 12:00:00+00:00
[2024-11-18T13:44:27.384+0000] {processor.py:208} INFO - Processing /home/airflow/.local/lib/python3.12/site-packages/airflow/example_dags/example_latest_only_with_trigger.py took 0.154 seconds
[2024-11-18T13:44:57.848+0000] {processor.py:186} INFO - Started process (PID=858) to work on /home/airflow/.local/lib/python3.12/site-packages/airflow/example_dags/example_latest_only_with_trigger.py
[2024-11-18T13:44:57.850+0000] {processor.py:914} INFO - Processing file /home/airflow/.local/lib/python3.12/site-packages/airflow/example_dags/example_latest_only_with_trigger.py for tasks to queue
[2024-11-18T13:44:57.859+0000] {logging_mixin.py:190} INFO - [2024-11-18T13:44:57.858+0000] {dagbag.py:588} INFO - Filling up the DagBag from /home/airflow/.local/lib/python3.12/site-packages/airflow/example_dags/example_latest_only_with_trigger.py
[2024-11-18T13:44:57.873+0000] {processor.py:925} INFO - DAG(s) 'latest_only_with_trigger' retrieved from /home/airflow/.local/lib/python3.12/site-packages/airflow/example_dags/example_latest_only_with_trigger.py
[2024-11-18T13:44:57.912+0000] {logging_mixin.py:190} INFO - [2024-11-18T13:44:57.911+0000] {dag.py:3239} INFO - Sync 1 DAGs
[2024-11-18T13:44:57.976+0000] {logging_mixin.py:190} INFO - [2024-11-18T13:44:57.976+0000] {dag.py:4180} INFO - Setting next_dagrun for latest_only_with_trigger to 2024-11-18 08:00:00+00:00, run_after=2024-11-18 12:00:00+00:00
[2024-11-18T13:44:58.016+0000] {processor.py:208} INFO - Processing /home/airflow/.local/lib/python3.12/site-packages/airflow/example_dags/example_latest_only_with_trigger.py took 0.185 seconds
[2024-11-18T13:45:28.312+0000] {processor.py:186} INFO - Started process (PID=921) to work on /home/airflow/.local/lib/python3.12/site-packages/airflow/example_dags/example_latest_only_with_trigger.py
[2024-11-18T13:45:28.314+0000] {processor.py:914} INFO - Processing file /home/airflow/.local/lib/python3.12/site-packages/airflow/example_dags/example_latest_only_with_trigger.py for tasks to queue
[2024-11-18T13:45:28.318+0000] {logging_mixin.py:190} INFO - [2024-11-18T13:45:28.318+0000] {dagbag.py:588} INFO - Filling up the DagBag from /home/airflow/.local/lib/python3.12/site-packages/airflow/example_dags/example_latest_only_with_trigger.py
[2024-11-18T13:45:28.330+0000] {processor.py:925} INFO - DAG(s) 'latest_only_with_trigger' retrieved from /home/airflow/.local/lib/python3.12/site-packages/airflow/example_dags/example_latest_only_with_trigger.py
[2024-11-18T13:45:28.356+0000] {logging_mixin.py:190} INFO - [2024-11-18T13:45:28.356+0000] {dag.py:3239} INFO - Sync 1 DAGs
[2024-11-18T13:45:28.383+0000] {logging_mixin.py:190} INFO - [2024-11-18T13:45:28.383+0000] {dag.py:4180} INFO - Setting next_dagrun for latest_only_with_trigger to 2024-11-18 08:00:00+00:00, run_after=2024-11-18 12:00:00+00:00
[2024-11-18T13:45:28.407+0000] {processor.py:208} INFO - Processing /home/airflow/.local/lib/python3.12/site-packages/airflow/example_dags/example_latest_only_with_trigger.py took 0.107 seconds
[2024-11-18T13:46:37.850+0000] {processor.py:186} INFO - Started process (PID=1009) to work on /home/airflow/.local/lib/python3.12/site-packages/airflow/example_dags/example_latest_only_with_trigger.py
[2024-11-18T13:46:37.869+0000] {processor.py:914} INFO - Processing file /home/airflow/.local/lib/python3.12/site-packages/airflow/example_dags/example_latest_only_with_trigger.py for tasks to queue
[2024-11-18T13:46:37.876+0000] {logging_mixin.py:190} INFO - [2024-11-18T13:46:37.875+0000] {dagbag.py:588} INFO - Filling up the DagBag from /home/airflow/.local/lib/python3.12/site-packages/airflow/example_dags/example_latest_only_with_trigger.py
[2024-11-18T13:46:37.912+0000] {processor.py:925} INFO - DAG(s) 'latest_only_with_trigger' retrieved from /home/airflow/.local/lib/python3.12/site-packages/airflow/example_dags/example_latest_only_with_trigger.py
[2024-11-18T13:46:38.111+0000] {logging_mixin.py:190} INFO - [2024-11-18T13:46:38.111+0000] {dag.py:3239} INFO - Sync 1 DAGs
[2024-11-18T13:46:38.299+0000] {logging_mixin.py:190} INFO - [2024-11-18T13:46:38.299+0000] {dag.py:4180} INFO - Setting next_dagrun for latest_only_with_trigger to 2024-11-18 08:00:00+00:00, run_after=2024-11-18 12:00:00+00:00
[2024-11-18T13:46:38.424+0000] {processor.py:208} INFO - Processing /home/airflow/.local/lib/python3.12/site-packages/airflow/example_dags/example_latest_only_with_trigger.py took 0.599 seconds
[2024-11-18T13:47:27.385+0000] {processor.py:186} INFO - Started process (PID=1072) to work on /home/airflow/.local/lib/python3.12/site-packages/airflow/example_dags/example_latest_only_with_trigger.py
[2024-11-18T13:47:27.772+0000] {processor.py:914} INFO - Processing file /home/airflow/.local/lib/python3.12/site-packages/airflow/example_dags/example_latest_only_with_trigger.py for tasks to queue
[2024-11-18T13:47:27.847+0000] {logging_mixin.py:190} INFO - [2024-11-18T13:47:27.846+0000] {dagbag.py:588} INFO - Filling up the DagBag from /home/airflow/.local/lib/python3.12/site-packages/airflow/example_dags/example_latest_only_with_trigger.py
[2024-11-18T13:47:29.650+0000] {processor.py:925} INFO - DAG(s) 'latest_only_with_trigger' retrieved from /home/airflow/.local/lib/python3.12/site-packages/airflow/example_dags/example_latest_only_with_trigger.py
[2024-11-18T13:47:34.312+0000] {logging_mixin.py:190} INFO - [2024-11-18T13:47:34.310+0000] {dag.py:3239} INFO - Sync 1 DAGs
