[2024-11-18T07:00:00.648+0000] {processor.py:186} INFO - Started process (PID=114) to work on /home/airflow/.local/lib/python3.12/site-packages/airflow/example_dags/example_sla_dag.py
[2024-11-18T07:00:00.657+0000] {processor.py:914} INFO - Processing file /home/airflow/.local/lib/python3.12/site-packages/airflow/example_dags/example_sla_dag.py for tasks to queue
[2024-11-18T07:00:00.702+0000] {logging_mixin.py:190} INFO - [2024-11-18T07:00:00.700+0000] {dagbag.py:588} INFO - Filling up the DagBag from /home/airflow/.local/lib/python3.12/site-packages/airflow/example_dags/example_sla_dag.py
[2024-11-18T07:00:00.848+0000] {processor.py:925} INFO - DAG(s) 'example_sla_dag' retrieved from /home/airflow/.local/lib/python3.12/site-packages/airflow/example_dags/example_sla_dag.py
[2024-11-18T07:00:01.159+0000] {logging_mixin.py:190} INFO - [2024-11-18T07:00:01.158+0000] {dag.py:3239} INFO - Sync 1 DAGs
[2024-11-18T07:00:01.734+0000] {logging_mixin.py:190} INFO - [2024-11-18T07:00:01.733+0000] {dag.py:4180} INFO - Setting next_dagrun for example_sla_dag to 2024-11-18 06:58:00+00:00, run_after=2024-11-18 07:00:00+00:00
[2024-11-18T07:00:02.599+0000] {processor.py:208} INFO - Processing /home/airflow/.local/lib/python3.12/site-packages/airflow/example_dags/example_sla_dag.py took 2.116 seconds
[2024-11-18T07:02:09.018+0000] {processor.py:186} INFO - Started process (PID=195) to work on /home/airflow/.local/lib/python3.12/site-packages/airflow/example_dags/example_sla_dag.py
[2024-11-18T07:02:09.034+0000] {processor.py:914} INFO - Processing file /home/airflow/.local/lib/python3.12/site-packages/airflow/example_dags/example_sla_dag.py for tasks to queue
[2024-11-18T07:02:09.087+0000] {logging_mixin.py:190} INFO - [2024-11-18T07:02:09.085+0000] {dagbag.py:588} INFO - Filling up the DagBag from /home/airflow/.local/lib/python3.12/site-packages/airflow/example_dags/example_sla_dag.py
[2024-11-18T07:02:09.575+0000] {processor.py:925} INFO - DAG(s) 'example_sla_dag' retrieved from /home/airflow/.local/lib/python3.12/site-packages/airflow/example_dags/example_sla_dag.py
[2024-11-18T07:02:10.406+0000] {logging_mixin.py:190} INFO - [2024-11-18T07:02:10.405+0000] {dag.py:3239} INFO - Sync 1 DAGs
[2024-11-18T07:02:11.331+0000] {logging_mixin.py:190} INFO - [2024-11-18T07:02:11.331+0000] {dag.py:4180} INFO - Setting next_dagrun for example_sla_dag to 2024-11-18 07:00:00+00:00, run_after=2024-11-18 07:02:00+00:00
[2024-11-18T07:02:11.924+0000] {processor.py:208} INFO - Processing /home/airflow/.local/lib/python3.12/site-packages/airflow/example_dags/example_sla_dag.py took 3.296 seconds
[2024-11-18T07:06:28.836+0000] {processor.py:186} INFO - Started process (PID=280) to work on /home/airflow/.local/lib/python3.12/site-packages/airflow/example_dags/example_sla_dag.py
[2024-11-18T07:06:28.846+0000] {processor.py:914} INFO - Processing file /home/airflow/.local/lib/python3.12/site-packages/airflow/example_dags/example_sla_dag.py for tasks to queue
[2024-11-18T07:06:28.873+0000] {logging_mixin.py:190} INFO - [2024-11-18T07:06:28.872+0000] {dagbag.py:588} INFO - Filling up the DagBag from /home/airflow/.local/lib/python3.12/site-packages/airflow/example_dags/example_sla_dag.py
[2024-11-18T07:06:29.128+0000] {processor.py:925} INFO - DAG(s) 'example_sla_dag' retrieved from /home/airflow/.local/lib/python3.12/site-packages/airflow/example_dags/example_sla_dag.py
[2024-11-18T07:06:29.325+0000] {logging_mixin.py:190} INFO - [2024-11-18T07:06:29.325+0000] {dag.py:3239} INFO - Sync 1 DAGs
[2024-11-18T07:06:29.700+0000] {logging_mixin.py:190} INFO - [2024-11-18T07:06:29.700+0000] {dag.py:4180} INFO - Setting next_dagrun for example_sla_dag to 2024-11-18 07:04:00+00:00, run_after=2024-11-18 07:06:00+00:00
[2024-11-18T07:06:30.327+0000] {processor.py:208} INFO - Processing /home/airflow/.local/lib/python3.12/site-packages/airflow/example_dags/example_sla_dag.py took 1.582 seconds
[2024-11-18T07:08:06.764+0000] {processor.py:186} INFO - Started process (PID=349) to work on /home/airflow/.local/lib/python3.12/site-packages/airflow/example_dags/example_sla_dag.py
[2024-11-18T07:08:06.850+0000] {processor.py:914} INFO - Processing file /home/airflow/.local/lib/python3.12/site-packages/airflow/example_dags/example_sla_dag.py for tasks to queue
[2024-11-18T07:08:07.048+0000] {logging_mixin.py:190} INFO - [2024-11-18T07:08:07.038+0000] {dagbag.py:588} INFO - Filling up the DagBag from /home/airflow/.local/lib/python3.12/site-packages/airflow/example_dags/example_sla_dag.py
[2024-11-18T07:08:07.372+0000] {processor.py:925} INFO - DAG(s) 'example_sla_dag' retrieved from /home/airflow/.local/lib/python3.12/site-packages/airflow/example_dags/example_sla_dag.py
[2024-11-18T07:08:07.668+0000] {logging_mixin.py:190} INFO - [2024-11-18T07:08:07.658+0000] {dag.py:3239} INFO - Sync 1 DAGs
[2024-11-18T07:08:08.423+0000] {logging_mixin.py:190} INFO - [2024-11-18T07:08:08.423+0000] {dag.py:4180} INFO - Setting next_dagrun for example_sla_dag to 2024-11-18 07:06:00+00:00, run_after=2024-11-18 07:08:00+00:00
[2024-11-18T07:08:08.830+0000] {processor.py:208} INFO - Processing /home/airflow/.local/lib/python3.12/site-packages/airflow/example_dags/example_sla_dag.py took 2.306 seconds
[2024-11-18T07:20:32.722+0000] {processor.py:186} INFO - Started process (PID=536) to work on /home/airflow/.local/lib/python3.12/site-packages/airflow/example_dags/example_sla_dag.py
[2024-11-18T07:20:32.922+0000] {processor.py:914} INFO - Processing file /home/airflow/.local/lib/python3.12/site-packages/airflow/example_dags/example_sla_dag.py for tasks to queue
[2024-11-18T07:20:32.951+0000] {logging_mixin.py:190} INFO - [2024-11-18T07:20:32.950+0000] {dagbag.py:588} INFO - Filling up the DagBag from /home/airflow/.local/lib/python3.12/site-packages/airflow/example_dags/example_sla_dag.py
[2024-11-18T07:20:33.842+0000] {processor.py:925} INFO - DAG(s) 'example_sla_dag' retrieved from /home/airflow/.local/lib/python3.12/site-packages/airflow/example_dags/example_sla_dag.py
[2024-11-18T07:20:36.433+0000] {logging_mixin.py:190} INFO - [2024-11-18T07:20:36.364+0000] {dag.py:3239} INFO - Sync 1 DAGs
[2024-11-18T07:20:40.695+0000] {logging_mixin.py:190} INFO - [2024-11-18T07:20:40.693+0000] {dag.py:4180} INFO - Setting next_dagrun for example_sla_dag to 2024-11-18 07:18:00+00:00, run_after=2024-11-18 07:20:00+00:00
[2024-11-18T07:20:42.284+0000] {processor.py:208} INFO - Processing /home/airflow/.local/lib/python3.12/site-packages/airflow/example_dags/example_sla_dag.py took 9.818 seconds
[2024-11-18T07:25:32.313+0000] {processor.py:186} INFO - Started process (PID=632) to work on /home/airflow/.local/lib/python3.12/site-packages/airflow/example_dags/example_sla_dag.py
[2024-11-18T07:25:32.468+0000] {processor.py:914} INFO - Processing file /home/airflow/.local/lib/python3.12/site-packages/airflow/example_dags/example_sla_dag.py for tasks to queue
[2024-11-18T07:25:32.475+0000] {logging_mixin.py:190} INFO - [2024-11-18T07:25:32.474+0000] {dagbag.py:588} INFO - Filling up the DagBag from /home/airflow/.local/lib/python3.12/site-packages/airflow/example_dags/example_sla_dag.py
[2024-11-18T07:25:32.813+0000] {processor.py:925} INFO - DAG(s) 'example_sla_dag' retrieved from /home/airflow/.local/lib/python3.12/site-packages/airflow/example_dags/example_sla_dag.py
[2024-11-18T07:25:33.264+0000] {logging_mixin.py:190} INFO - [2024-11-18T07:25:33.204+0000] {dag.py:3239} INFO - Sync 1 DAGs
[2024-11-18T07:25:33.812+0000] {logging_mixin.py:190} INFO - [2024-11-18T07:25:33.810+0000] {dag.py:4180} INFO - Setting next_dagrun for example_sla_dag to 2024-11-18 07:22:00+00:00, run_after=2024-11-18 07:24:00+00:00
[2024-11-18T07:25:34.158+0000] {processor.py:208} INFO - Processing /home/airflow/.local/lib/python3.12/site-packages/airflow/example_dags/example_sla_dag.py took 2.035 seconds
[2024-11-18T07:30:56.266+0000] {processor.py:186} INFO - Started process (PID=740) to work on /home/airflow/.local/lib/python3.12/site-packages/airflow/example_dags/example_sla_dag.py
[2024-11-18T07:30:56.556+0000] {processor.py:914} INFO - Processing file /home/airflow/.local/lib/python3.12/site-packages/airflow/example_dags/example_sla_dag.py for tasks to queue
[2024-11-18T07:30:56.838+0000] {logging_mixin.py:190} INFO - [2024-11-18T07:30:56.808+0000] {dagbag.py:588} INFO - Filling up the DagBag from /home/airflow/.local/lib/python3.12/site-packages/airflow/example_dags/example_sla_dag.py
[2024-11-18T07:30:59.036+0000] {processor.py:925} INFO - DAG(s) 'example_sla_dag' retrieved from /home/airflow/.local/lib/python3.12/site-packages/airflow/example_dags/example_sla_dag.py
[2024-11-18T07:31:00.791+0000] {logging_mixin.py:190} INFO - [2024-11-18T07:31:00.776+0000] {dag.py:3239} INFO - Sync 1 DAGs
[2024-11-18T07:31:03.582+0000] {logging_mixin.py:190} INFO - [2024-11-18T07:31:03.580+0000] {dag.py:4180} INFO - Setting next_dagrun for example_sla_dag to 2024-11-18 07:28:00+00:00, run_after=2024-11-18 07:30:00+00:00
[2024-11-18T07:31:07.105+0000] {processor.py:208} INFO - Processing /home/airflow/.local/lib/python3.12/site-packages/airflow/example_dags/example_sla_dag.py took 12.386 seconds
[2024-11-18T07:38:50.531+0000] {processor.py:186} INFO - Started process (PID=862) to work on /home/airflow/.local/lib/python3.12/site-packages/airflow/example_dags/example_sla_dag.py
[2024-11-18T07:38:51.221+0000] {processor.py:914} INFO - Processing file /home/airflow/.local/lib/python3.12/site-packages/airflow/example_dags/example_sla_dag.py for tasks to queue
[2024-11-18T07:38:51.448+0000] {logging_mixin.py:190} INFO - [2024-11-18T07:38:51.287+0000] {dagbag.py:588} INFO - Filling up the DagBag from /home/airflow/.local/lib/python3.12/site-packages/airflow/example_dags/example_sla_dag.py
[2024-11-18T07:38:53.543+0000] {processor.py:925} INFO - DAG(s) 'example_sla_dag' retrieved from /home/airflow/.local/lib/python3.12/site-packages/airflow/example_dags/example_sla_dag.py
[2024-11-18T07:38:55.139+0000] {logging_mixin.py:190} INFO - [2024-11-18T07:38:55.137+0000] {dag.py:3239} INFO - Sync 1 DAGs
[2024-11-18T07:39:00.906+0000] {logging_mixin.py:190} INFO - [2024-11-18T07:39:00.903+0000] {dag.py:4180} INFO - Setting next_dagrun for example_sla_dag to 2024-11-18 07:36:00+00:00, run_after=2024-11-18 07:38:00+00:00
[2024-11-18T07:39:09.379+0000] {processor.py:208} INFO - Processing /home/airflow/.local/lib/python3.12/site-packages/airflow/example_dags/example_sla_dag.py took 19.914 seconds
[2024-11-18T07:42:04.951+0000] {processor.py:186} INFO - Started process (PID=950) to work on /home/airflow/.local/lib/python3.12/site-packages/airflow/example_dags/example_sla_dag.py
[2024-11-18T07:42:04.975+0000] {processor.py:914} INFO - Processing file /home/airflow/.local/lib/python3.12/site-packages/airflow/example_dags/example_sla_dag.py for tasks to queue
[2024-11-18T07:42:04.998+0000] {logging_mixin.py:190} INFO - [2024-11-18T07:42:04.997+0000] {dagbag.py:588} INFO - Filling up the DagBag from /home/airflow/.local/lib/python3.12/site-packages/airflow/example_dags/example_sla_dag.py
[2024-11-18T07:42:06.251+0000] {processor.py:925} INFO - DAG(s) 'example_sla_dag' retrieved from /home/airflow/.local/lib/python3.12/site-packages/airflow/example_dags/example_sla_dag.py
[2024-11-18T07:42:07.465+0000] {logging_mixin.py:190} INFO - [2024-11-18T07:42:07.464+0000] {dag.py:3239} INFO - Sync 1 DAGs
[2024-11-18T07:42:08.459+0000] {logging_mixin.py:190} INFO - [2024-11-18T07:42:08.459+0000] {dag.py:4180} INFO - Setting next_dagrun for example_sla_dag to 2024-11-18 07:40:00+00:00, run_after=2024-11-18 07:42:00+00:00
[2024-11-18T07:42:08.942+0000] {processor.py:208} INFO - Processing /home/airflow/.local/lib/python3.12/site-packages/airflow/example_dags/example_sla_dag.py took 4.111 seconds
[2024-11-18T07:44:27.783+0000] {processor.py:186} INFO - Started process (PID=1012) to work on /home/airflow/.local/lib/python3.12/site-packages/airflow/example_dags/example_sla_dag.py
[2024-11-18T07:44:27.852+0000] {processor.py:914} INFO - Processing file /home/airflow/.local/lib/python3.12/site-packages/airflow/example_dags/example_sla_dag.py for tasks to queue
[2024-11-18T07:44:28.020+0000] {logging_mixin.py:190} INFO - [2024-11-18T07:44:27.976+0000] {dagbag.py:588} INFO - Filling up the DagBag from /home/airflow/.local/lib/python3.12/site-packages/airflow/example_dags/example_sla_dag.py
[2024-11-18T07:44:29.209+0000] {processor.py:925} INFO - DAG(s) 'example_sla_dag' retrieved from /home/airflow/.local/lib/python3.12/site-packages/airflow/example_dags/example_sla_dag.py
[2024-11-18T07:44:29.765+0000] {logging_mixin.py:190} INFO - [2024-11-18T07:44:29.764+0000] {dag.py:3239} INFO - Sync 1 DAGs
[2024-11-18T07:44:30.507+0000] {logging_mixin.py:190} INFO - [2024-11-18T07:44:30.506+0000] {dag.py:4180} INFO - Setting next_dagrun for example_sla_dag to 2024-11-18 07:42:00+00:00, run_after=2024-11-18 07:44:00+00:00
[2024-11-18T07:44:31.812+0000] {processor.py:208} INFO - Processing /home/airflow/.local/lib/python3.12/site-packages/airflow/example_dags/example_sla_dag.py took 4.553 seconds
[2024-11-18T07:47:51.321+0000] {processor.py:186} INFO - Started process (PID=1102) to work on /home/airflow/.local/lib/python3.12/site-packages/airflow/example_dags/example_sla_dag.py
[2024-11-18T07:47:51.355+0000] {processor.py:914} INFO - Processing file /home/airflow/.local/lib/python3.12/site-packages/airflow/example_dags/example_sla_dag.py for tasks to queue
[2024-11-18T07:47:51.414+0000] {logging_mixin.py:190} INFO - [2024-11-18T07:47:51.410+0000] {dagbag.py:588} INFO - Filling up the DagBag from /home/airflow/.local/lib/python3.12/site-packages/airflow/example_dags/example_sla_dag.py
[2024-11-18T07:47:53.479+0000] {processor.py:925} INFO - DAG(s) 'example_sla_dag' retrieved from /home/airflow/.local/lib/python3.12/site-packages/airflow/example_dags/example_sla_dag.py
[2024-11-18T07:47:54.638+0000] {logging_mixin.py:190} INFO - [2024-11-18T07:47:54.637+0000] {dag.py:3239} INFO - Sync 1 DAGs
[2024-11-18T07:47:55.425+0000] {logging_mixin.py:190} INFO - [2024-11-18T07:47:55.414+0000] {dag.py:4180} INFO - Setting next_dagrun for example_sla_dag to 2024-11-18 07:44:00+00:00, run_after=2024-11-18 07:46:00+00:00
[2024-11-18T07:47:55.940+0000] {processor.py:208} INFO - Processing /home/airflow/.local/lib/python3.12/site-packages/airflow/example_dags/example_sla_dag.py took 4.869 seconds
[2024-11-18T07:50:54.764+0000] {processor.py:186} INFO - Started process (PID=1178) to work on /home/airflow/.local/lib/python3.12/site-packages/airflow/example_dags/example_sla_dag.py
[2024-11-18T07:50:54.817+0000] {processor.py:914} INFO - Processing file /home/airflow/.local/lib/python3.12/site-packages/airflow/example_dags/example_sla_dag.py for tasks to queue
[2024-11-18T07:50:54.844+0000] {logging_mixin.py:190} INFO - [2024-11-18T07:50:54.843+0000] {dagbag.py:588} INFO - Filling up the DagBag from /home/airflow/.local/lib/python3.12/site-packages/airflow/example_dags/example_sla_dag.py
[2024-11-18T07:50:55.369+0000] {processor.py:925} INFO - DAG(s) 'example_sla_dag' retrieved from /home/airflow/.local/lib/python3.12/site-packages/airflow/example_dags/example_sla_dag.py
[2024-11-18T07:50:55.665+0000] {logging_mixin.py:190} INFO - [2024-11-18T07:50:55.664+0000] {dag.py:3239} INFO - Sync 1 DAGs
[2024-11-18T07:50:56.123+0000] {logging_mixin.py:190} INFO - [2024-11-18T07:50:56.122+0000] {dag.py:4180} INFO - Setting next_dagrun for example_sla_dag to 2024-11-18 07:48:00+00:00, run_after=2024-11-18 07:50:00+00:00
[2024-11-18T07:50:56.760+0000] {processor.py:208} INFO - Processing /home/airflow/.local/lib/python3.12/site-packages/airflow/example_dags/example_sla_dag.py took 2.124 seconds
[2024-11-18T07:54:39.394+0000] {processor.py:186} INFO - Started process (PID=1301) to work on /home/airflow/.local/lib/python3.12/site-packages/airflow/example_dags/example_sla_dag.py
[2024-11-18T07:54:39.530+0000] {processor.py:914} INFO - Processing file /home/airflow/.local/lib/python3.12/site-packages/airflow/example_dags/example_sla_dag.py for tasks to queue
[2024-11-18T07:54:39.564+0000] {logging_mixin.py:190} INFO - [2024-11-18T07:54:39.562+0000] {dagbag.py:588} INFO - Filling up the DagBag from /home/airflow/.local/lib/python3.12/site-packages/airflow/example_dags/example_sla_dag.py
[2024-11-18T07:54:39.998+0000] {processor.py:925} INFO - DAG(s) 'example_sla_dag' retrieved from /home/airflow/.local/lib/python3.12/site-packages/airflow/example_dags/example_sla_dag.py
[2024-11-18T07:54:40.761+0000] {logging_mixin.py:190} INFO - [2024-11-18T07:54:40.760+0000] {dag.py:3239} INFO - Sync 1 DAGs
[2024-11-18T07:54:41.683+0000] {logging_mixin.py:190} INFO - [2024-11-18T07:54:41.682+0000] {dag.py:4180} INFO - Setting next_dagrun for example_sla_dag to 2024-11-18 07:52:00+00:00, run_after=2024-11-18 07:54:00+00:00
[2024-11-18T07:54:42.030+0000] {processor.py:208} INFO - Processing /home/airflow/.local/lib/python3.12/site-packages/airflow/example_dags/example_sla_dag.py took 3.603 seconds
[2024-11-18T07:56:43.028+0000] {processor.py:186} INFO - Started process (PID=1370) to work on /home/airflow/.local/lib/python3.12/site-packages/airflow/example_dags/example_sla_dag.py
[2024-11-18T07:56:43.047+0000] {processor.py:914} INFO - Processing file /home/airflow/.local/lib/python3.12/site-packages/airflow/example_dags/example_sla_dag.py for tasks to queue
[2024-11-18T07:56:43.060+0000] {logging_mixin.py:190} INFO - [2024-11-18T07:56:43.059+0000] {dagbag.py:588} INFO - Filling up the DagBag from /home/airflow/.local/lib/python3.12/site-packages/airflow/example_dags/example_sla_dag.py
[2024-11-18T07:56:43.336+0000] {processor.py:925} INFO - DAG(s) 'example_sla_dag' retrieved from /home/airflow/.local/lib/python3.12/site-packages/airflow/example_dags/example_sla_dag.py
[2024-11-18T07:56:43.948+0000] {logging_mixin.py:190} INFO - [2024-11-18T07:56:43.947+0000] {dag.py:3239} INFO - Sync 1 DAGs
[2024-11-18T07:56:44.873+0000] {logging_mixin.py:190} INFO - [2024-11-18T07:56:44.873+0000] {dag.py:4180} INFO - Setting next_dagrun for example_sla_dag to 2024-11-18 07:54:00+00:00, run_after=2024-11-18 07:56:00+00:00
[2024-11-18T07:56:45.587+0000] {processor.py:208} INFO - Processing /home/airflow/.local/lib/python3.12/site-packages/airflow/example_dags/example_sla_dag.py took 3.212 seconds
[2024-11-18T07:58:15.331+0000] {processor.py:186} INFO - Started process (PID=1433) to work on /home/airflow/.local/lib/python3.12/site-packages/airflow/example_dags/example_sla_dag.py
[2024-11-18T07:58:15.392+0000] {processor.py:914} INFO - Processing file /home/airflow/.local/lib/python3.12/site-packages/airflow/example_dags/example_sla_dag.py for tasks to queue
[2024-11-18T07:58:15.434+0000] {logging_mixin.py:190} INFO - [2024-11-18T07:58:15.432+0000] {dagbag.py:588} INFO - Filling up the DagBag from /home/airflow/.local/lib/python3.12/site-packages/airflow/example_dags/example_sla_dag.py
[2024-11-18T07:58:16.327+0000] {processor.py:925} INFO - DAG(s) 'example_sla_dag' retrieved from /home/airflow/.local/lib/python3.12/site-packages/airflow/example_dags/example_sla_dag.py
[2024-11-18T07:58:17.101+0000] {logging_mixin.py:190} INFO - [2024-11-18T07:58:17.100+0000] {dag.py:3239} INFO - Sync 1 DAGs
[2024-11-18T07:58:17.880+0000] {logging_mixin.py:190} INFO - [2024-11-18T07:58:17.879+0000] {dag.py:4180} INFO - Setting next_dagrun for example_sla_dag to 2024-11-18 07:56:00+00:00, run_after=2024-11-18 07:58:00+00:00
[2024-11-18T07:58:18.546+0000] {processor.py:208} INFO - Processing /home/airflow/.local/lib/python3.12/site-packages/airflow/example_dags/example_sla_dag.py took 3.697 seconds
[2024-11-18T07:59:44.583+0000] {processor.py:186} INFO - Started process (PID=1493) to work on /home/airflow/.local/lib/python3.12/site-packages/airflow/example_dags/example_sla_dag.py
[2024-11-18T07:59:44.634+0000] {processor.py:914} INFO - Processing file /home/airflow/.local/lib/python3.12/site-packages/airflow/example_dags/example_sla_dag.py for tasks to queue
[2024-11-18T07:59:44.685+0000] {logging_mixin.py:190} INFO - [2024-11-18T07:59:44.639+0000] {dagbag.py:588} INFO - Filling up the DagBag from /home/airflow/.local/lib/python3.12/site-packages/airflow/example_dags/example_sla_dag.py
[2024-11-18T07:59:45.336+0000] {processor.py:925} INFO - DAG(s) 'example_sla_dag' retrieved from /home/airflow/.local/lib/python3.12/site-packages/airflow/example_dags/example_sla_dag.py
[2024-11-18T07:59:50.490+0000] {logging_mixin.py:190} INFO - [2024-11-18T07:59:50.488+0000] {dag.py:3239} INFO - Sync 1 DAGs
[2024-11-18T07:59:53.637+0000] {logging_mixin.py:190} INFO - [2024-11-18T07:59:53.635+0000] {dag.py:4180} INFO - Setting next_dagrun for example_sla_dag to 2024-11-18 07:56:00+00:00, run_after=2024-11-18 07:58:00+00:00
[2024-11-18T07:59:55.536+0000] {processor.py:208} INFO - Processing /home/airflow/.local/lib/python3.12/site-packages/airflow/example_dags/example_sla_dag.py took 11.252 seconds
[2024-11-18T08:02:38.562+0000] {processor.py:186} INFO - Started process (PID=1566) to work on /home/airflow/.local/lib/python3.12/site-packages/airflow/example_dags/example_sla_dag.py
[2024-11-18T08:02:38.599+0000] {processor.py:914} INFO - Processing file /home/airflow/.local/lib/python3.12/site-packages/airflow/example_dags/example_sla_dag.py for tasks to queue
[2024-11-18T08:02:38.618+0000] {logging_mixin.py:190} INFO - [2024-11-18T08:02:38.603+0000] {dagbag.py:588} INFO - Filling up the DagBag from /home/airflow/.local/lib/python3.12/site-packages/airflow/example_dags/example_sla_dag.py
[2024-11-18T08:02:38.698+0000] {processor.py:925} INFO - DAG(s) 'example_sla_dag' retrieved from /home/airflow/.local/lib/python3.12/site-packages/airflow/example_dags/example_sla_dag.py
[2024-11-18T08:02:38.858+0000] {logging_mixin.py:190} INFO - [2024-11-18T08:02:38.850+0000] {dag.py:3239} INFO - Sync 1 DAGs
[2024-11-18T08:02:39.631+0000] {logging_mixin.py:190} INFO - [2024-11-18T08:02:39.630+0000] {dag.py:4180} INFO - Setting next_dagrun for example_sla_dag to 2024-11-18 08:00:00+00:00, run_after=2024-11-18 08:02:00+00:00
[2024-11-18T08:02:40.182+0000] {processor.py:208} INFO - Processing /home/airflow/.local/lib/python3.12/site-packages/airflow/example_dags/example_sla_dag.py took 1.672 seconds
[2024-11-18T08:04:55.056+0000] {processor.py:186} INFO - Started process (PID=1642) to work on /home/airflow/.local/lib/python3.12/site-packages/airflow/example_dags/example_sla_dag.py
[2024-11-18T08:04:55.093+0000] {processor.py:914} INFO - Processing file /home/airflow/.local/lib/python3.12/site-packages/airflow/example_dags/example_sla_dag.py for tasks to queue
[2024-11-18T08:04:55.135+0000] {logging_mixin.py:190} INFO - [2024-11-18T08:04:55.134+0000] {dagbag.py:588} INFO - Filling up the DagBag from /home/airflow/.local/lib/python3.12/site-packages/airflow/example_dags/example_sla_dag.py
[2024-11-18T08:04:55.613+0000] {processor.py:925} INFO - DAG(s) 'example_sla_dag' retrieved from /home/airflow/.local/lib/python3.12/site-packages/airflow/example_dags/example_sla_dag.py
[2024-11-18T08:04:56.438+0000] {logging_mixin.py:190} INFO - [2024-11-18T08:04:56.437+0000] {dag.py:3239} INFO - Sync 1 DAGs
[2024-11-18T08:04:57.330+0000] {logging_mixin.py:190} INFO - [2024-11-18T08:04:57.329+0000] {dag.py:4180} INFO - Setting next_dagrun for example_sla_dag to 2024-11-18 08:02:00+00:00, run_after=2024-11-18 08:04:00+00:00
[2024-11-18T08:04:57.855+0000] {processor.py:208} INFO - Processing /home/airflow/.local/lib/python3.12/site-packages/airflow/example_dags/example_sla_dag.py took 2.960 seconds
[2024-11-18T08:10:30.781+0000] {processor.py:186} INFO - Started process (PID=1736) to work on /home/airflow/.local/lib/python3.12/site-packages/airflow/example_dags/example_sla_dag.py
[2024-11-18T08:10:30.836+0000] {processor.py:914} INFO - Processing file /home/airflow/.local/lib/python3.12/site-packages/airflow/example_dags/example_sla_dag.py for tasks to queue
[2024-11-18T08:10:30.845+0000] {logging_mixin.py:190} INFO - [2024-11-18T08:10:30.844+0000] {dagbag.py:588} INFO - Filling up the DagBag from /home/airflow/.local/lib/python3.12/site-packages/airflow/example_dags/example_sla_dag.py
[2024-11-18T08:10:31.441+0000] {processor.py:925} INFO - DAG(s) 'example_sla_dag' retrieved from /home/airflow/.local/lib/python3.12/site-packages/airflow/example_dags/example_sla_dag.py
[2024-11-18T08:10:32.527+0000] {logging_mixin.py:190} INFO - [2024-11-18T08:10:32.525+0000] {dag.py:3239} INFO - Sync 1 DAGs
[2024-11-18T08:10:35.507+0000] {logging_mixin.py:190} INFO - [2024-11-18T08:10:35.407+0000] {dag.py:4180} INFO - Setting next_dagrun for example_sla_dag to 2024-11-18 08:08:00+00:00, run_after=2024-11-18 08:10:00+00:00
[2024-11-18T08:10:38.327+0000] {processor.py:208} INFO - Processing /home/airflow/.local/lib/python3.12/site-packages/airflow/example_dags/example_sla_dag.py took 8.165 seconds
[2024-11-18T08:13:48.482+0000] {processor.py:186} INFO - Started process (PID=1825) to work on /home/airflow/.local/lib/python3.12/site-packages/airflow/example_dags/example_sla_dag.py
[2024-11-18T08:13:48.569+0000] {processor.py:914} INFO - Processing file /home/airflow/.local/lib/python3.12/site-packages/airflow/example_dags/example_sla_dag.py for tasks to queue
[2024-11-18T08:13:48.599+0000] {logging_mixin.py:190} INFO - [2024-11-18T08:13:48.597+0000] {dagbag.py:588} INFO - Filling up the DagBag from /home/airflow/.local/lib/python3.12/site-packages/airflow/example_dags/example_sla_dag.py
[2024-11-18T08:13:49.172+0000] {processor.py:925} INFO - DAG(s) 'example_sla_dag' retrieved from /home/airflow/.local/lib/python3.12/site-packages/airflow/example_dags/example_sla_dag.py
[2024-11-18T08:13:49.928+0000] {logging_mixin.py:190} INFO - [2024-11-18T08:13:49.912+0000] {dag.py:3239} INFO - Sync 1 DAGs
[2024-11-18T08:13:51.879+0000] {logging_mixin.py:190} INFO - [2024-11-18T08:13:51.878+0000] {dag.py:4180} INFO - Setting next_dagrun for example_sla_dag to 2024-11-18 08:10:00+00:00, run_after=2024-11-18 08:12:00+00:00
[2024-11-18T08:13:52.265+0000] {processor.py:208} INFO - Processing /home/airflow/.local/lib/python3.12/site-packages/airflow/example_dags/example_sla_dag.py took 4.072 seconds
[2024-11-18T08:17:10.680+0000] {processor.py:186} INFO - Started process (PID=1908) to work on /home/airflow/.local/lib/python3.12/site-packages/airflow/example_dags/example_sla_dag.py
[2024-11-18T08:17:10.687+0000] {processor.py:914} INFO - Processing file /home/airflow/.local/lib/python3.12/site-packages/airflow/example_dags/example_sla_dag.py for tasks to queue
[2024-11-18T08:17:10.698+0000] {logging_mixin.py:190} INFO - [2024-11-18T08:17:10.696+0000] {dagbag.py:588} INFO - Filling up the DagBag from /home/airflow/.local/lib/python3.12/site-packages/airflow/example_dags/example_sla_dag.py
[2024-11-18T08:17:11.068+0000] {processor.py:925} INFO - DAG(s) 'example_sla_dag' retrieved from /home/airflow/.local/lib/python3.12/site-packages/airflow/example_dags/example_sla_dag.py
[2024-11-18T08:17:11.396+0000] {logging_mixin.py:190} INFO - [2024-11-18T08:17:11.383+0000] {dag.py:3239} INFO - Sync 1 DAGs
[2024-11-18T08:17:14.036+0000] {logging_mixin.py:190} INFO - [2024-11-18T08:17:14.034+0000] {dag.py:4180} INFO - Setting next_dagrun for example_sla_dag to 2024-11-18 08:14:00+00:00, run_after=2024-11-18 08:16:00+00:00
[2024-11-18T08:17:16.164+0000] {processor.py:208} INFO - Processing /home/airflow/.local/lib/python3.12/site-packages/airflow/example_dags/example_sla_dag.py took 5.560 seconds
[2024-11-18T08:20:45.164+0000] {processor.py:186} INFO - Started process (PID=1989) to work on /home/airflow/.local/lib/python3.12/site-packages/airflow/example_dags/example_sla_dag.py
[2024-11-18T08:20:45.195+0000] {processor.py:914} INFO - Processing file /home/airflow/.local/lib/python3.12/site-packages/airflow/example_dags/example_sla_dag.py for tasks to queue
[2024-11-18T08:20:45.227+0000] {logging_mixin.py:190} INFO - [2024-11-18T08:20:45.223+0000] {dagbag.py:588} INFO - Filling up the DagBag from /home/airflow/.local/lib/python3.12/site-packages/airflow/example_dags/example_sla_dag.py
[2024-11-18T08:20:45.403+0000] {processor.py:925} INFO - DAG(s) 'example_sla_dag' retrieved from /home/airflow/.local/lib/python3.12/site-packages/airflow/example_dags/example_sla_dag.py
[2024-11-18T08:20:45.661+0000] {logging_mixin.py:190} INFO - [2024-11-18T08:20:45.660+0000] {dag.py:3239} INFO - Sync 1 DAGs
[2024-11-18T08:20:46.162+0000] {logging_mixin.py:190} INFO - [2024-11-18T08:20:46.161+0000] {dag.py:4180} INFO - Setting next_dagrun for example_sla_dag to 2024-11-18 08:18:00+00:00, run_after=2024-11-18 08:20:00+00:00
[2024-11-18T08:20:46.645+0000] {processor.py:208} INFO - Processing /home/airflow/.local/lib/python3.12/site-packages/airflow/example_dags/example_sla_dag.py took 1.653 seconds
[2024-11-18T08:26:22.547+0000] {processor.py:186} INFO - Started process (PID=2099) to work on /home/airflow/.local/lib/python3.12/site-packages/airflow/example_dags/example_sla_dag.py
[2024-11-18T08:26:22.792+0000] {processor.py:914} INFO - Processing file /home/airflow/.local/lib/python3.12/site-packages/airflow/example_dags/example_sla_dag.py for tasks to queue
[2024-11-18T08:26:22.825+0000] {logging_mixin.py:190} INFO - [2024-11-18T08:26:22.824+0000] {dagbag.py:588} INFO - Filling up the DagBag from /home/airflow/.local/lib/python3.12/site-packages/airflow/example_dags/example_sla_dag.py
[2024-11-18T08:26:23.677+0000] {processor.py:925} INFO - DAG(s) 'example_sla_dag' retrieved from /home/airflow/.local/lib/python3.12/site-packages/airflow/example_dags/example_sla_dag.py
[2024-11-18T08:26:25.533+0000] {logging_mixin.py:190} INFO - [2024-11-18T08:26:25.532+0000] {dag.py:3239} INFO - Sync 1 DAGs
[2024-11-18T08:26:26.764+0000] {logging_mixin.py:190} INFO - [2024-11-18T08:26:26.734+0000] {dag.py:4180} INFO - Setting next_dagrun for example_sla_dag to 2024-11-18 08:24:00+00:00, run_after=2024-11-18 08:26:00+00:00
[2024-11-18T08:26:27.783+0000] {processor.py:208} INFO - Processing /home/airflow/.local/lib/python3.12/site-packages/airflow/example_dags/example_sla_dag.py took 5.824 seconds
[2024-11-18T08:31:49.433+0000] {processor.py:186} INFO - Started process (PID=2208) to work on /home/airflow/.local/lib/python3.12/site-packages/airflow/example_dags/example_sla_dag.py
[2024-11-18T08:31:49.504+0000] {processor.py:914} INFO - Processing file /home/airflow/.local/lib/python3.12/site-packages/airflow/example_dags/example_sla_dag.py for tasks to queue
[2024-11-18T08:31:49.594+0000] {logging_mixin.py:190} INFO - [2024-11-18T08:31:49.577+0000] {dagbag.py:588} INFO - Filling up the DagBag from /home/airflow/.local/lib/python3.12/site-packages/airflow/example_dags/example_sla_dag.py
[2024-11-18T08:31:50.058+0000] {processor.py:925} INFO - DAG(s) 'example_sla_dag' retrieved from /home/airflow/.local/lib/python3.12/site-packages/airflow/example_dags/example_sla_dag.py
[2024-11-18T08:31:50.375+0000] {logging_mixin.py:190} INFO - [2024-11-18T08:31:50.367+0000] {dag.py:3239} INFO - Sync 1 DAGs
[2024-11-18T08:31:51.216+0000] {logging_mixin.py:190} INFO - [2024-11-18T08:31:51.215+0000] {dag.py:4180} INFO - Setting next_dagrun for example_sla_dag to 2024-11-18 08:28:00+00:00, run_after=2024-11-18 08:30:00+00:00
[2024-11-18T08:31:51.632+0000] {processor.py:208} INFO - Processing /home/airflow/.local/lib/python3.12/site-packages/airflow/example_dags/example_sla_dag.py took 3.133 seconds
[2024-11-18T08:34:52.807+0000] {processor.py:186} INFO - Started process (PID=2283) to work on /home/airflow/.local/lib/python3.12/site-packages/airflow/example_dags/example_sla_dag.py
[2024-11-18T08:34:52.833+0000] {processor.py:914} INFO - Processing file /home/airflow/.local/lib/python3.12/site-packages/airflow/example_dags/example_sla_dag.py for tasks to queue
[2024-11-18T08:34:52.844+0000] {logging_mixin.py:190} INFO - [2024-11-18T08:34:52.839+0000] {dagbag.py:588} INFO - Filling up the DagBag from /home/airflow/.local/lib/python3.12/site-packages/airflow/example_dags/example_sla_dag.py
[2024-11-18T08:34:53.171+0000] {processor.py:925} INFO - DAG(s) 'example_sla_dag' retrieved from /home/airflow/.local/lib/python3.12/site-packages/airflow/example_dags/example_sla_dag.py
[2024-11-18T08:34:53.452+0000] {logging_mixin.py:190} INFO - [2024-11-18T08:34:53.451+0000] {dag.py:3239} INFO - Sync 1 DAGs
[2024-11-18T08:34:53.822+0000] {logging_mixin.py:190} INFO - [2024-11-18T08:34:53.813+0000] {dag.py:4180} INFO - Setting next_dagrun for example_sla_dag to 2024-11-18 08:32:00+00:00, run_after=2024-11-18 08:34:00+00:00
[2024-11-18T08:34:53.954+0000] {processor.py:208} INFO - Processing /home/airflow/.local/lib/python3.12/site-packages/airflow/example_dags/example_sla_dag.py took 1.259 seconds
[2024-11-18T08:36:56.115+0000] {processor.py:186} INFO - Started process (PID=2355) to work on /home/airflow/.local/lib/python3.12/site-packages/airflow/example_dags/example_sla_dag.py
[2024-11-18T08:36:56.130+0000] {processor.py:914} INFO - Processing file /home/airflow/.local/lib/python3.12/site-packages/airflow/example_dags/example_sla_dag.py for tasks to queue
[2024-11-18T08:36:56.140+0000] {logging_mixin.py:190} INFO - [2024-11-18T08:36:56.139+0000] {dagbag.py:588} INFO - Filling up the DagBag from /home/airflow/.local/lib/python3.12/site-packages/airflow/example_dags/example_sla_dag.py
[2024-11-18T08:36:56.586+0000] {processor.py:925} INFO - DAG(s) 'example_sla_dag' retrieved from /home/airflow/.local/lib/python3.12/site-packages/airflow/example_dags/example_sla_dag.py
[2024-11-18T08:36:57.045+0000] {logging_mixin.py:190} INFO - [2024-11-18T08:36:57.045+0000] {dag.py:3239} INFO - Sync 1 DAGs
[2024-11-18T08:36:57.974+0000] {logging_mixin.py:190} INFO - [2024-11-18T08:36:57.973+0000] {dag.py:4180} INFO - Setting next_dagrun for example_sla_dag to 2024-11-18 08:34:00+00:00, run_after=2024-11-18 08:36:00+00:00
[2024-11-18T08:36:58.437+0000] {processor.py:208} INFO - Processing /home/airflow/.local/lib/python3.12/site-packages/airflow/example_dags/example_sla_dag.py took 2.369 seconds
[2024-11-18T08:39:28.627+0000] {processor.py:186} INFO - Started process (PID=2427) to work on /home/airflow/.local/lib/python3.12/site-packages/airflow/example_dags/example_sla_dag.py
[2024-11-18T08:39:28.637+0000] {processor.py:914} INFO - Processing file /home/airflow/.local/lib/python3.12/site-packages/airflow/example_dags/example_sla_dag.py for tasks to queue
[2024-11-18T08:39:28.650+0000] {logging_mixin.py:190} INFO - [2024-11-18T08:39:28.649+0000] {dagbag.py:588} INFO - Filling up the DagBag from /home/airflow/.local/lib/python3.12/site-packages/airflow/example_dags/example_sla_dag.py
[2024-11-18T08:39:28.824+0000] {processor.py:925} INFO - DAG(s) 'example_sla_dag' retrieved from /home/airflow/.local/lib/python3.12/site-packages/airflow/example_dags/example_sla_dag.py
[2024-11-18T08:39:29.354+0000] {logging_mixin.py:190} INFO - [2024-11-18T08:39:29.353+0000] {dag.py:3239} INFO - Sync 1 DAGs
[2024-11-18T08:39:30.077+0000] {logging_mixin.py:190} INFO - [2024-11-18T08:39:30.076+0000] {dag.py:4180} INFO - Setting next_dagrun for example_sla_dag to 2024-11-18 08:36:00+00:00, run_after=2024-11-18 08:38:00+00:00
[2024-11-18T08:39:30.633+0000] {processor.py:208} INFO - Processing /home/airflow/.local/lib/python3.12/site-packages/airflow/example_dags/example_sla_dag.py took 2.100 seconds
[2024-11-18T08:45:17.739+0000] {processor.py:186} INFO - Started process (PID=2567) to work on /home/airflow/.local/lib/python3.12/site-packages/airflow/example_dags/example_sla_dag.py
[2024-11-18T08:45:17.795+0000] {processor.py:914} INFO - Processing file /home/airflow/.local/lib/python3.12/site-packages/airflow/example_dags/example_sla_dag.py for tasks to queue
[2024-11-18T08:45:17.848+0000] {logging_mixin.py:190} INFO - [2024-11-18T08:45:17.846+0000] {dagbag.py:588} INFO - Filling up the DagBag from /home/airflow/.local/lib/python3.12/site-packages/airflow/example_dags/example_sla_dag.py
[2024-11-18T08:45:18.253+0000] {processor.py:925} INFO - DAG(s) 'example_sla_dag' retrieved from /home/airflow/.local/lib/python3.12/site-packages/airflow/example_dags/example_sla_dag.py
[2024-11-18T08:45:18.868+0000] {logging_mixin.py:190} INFO - [2024-11-18T08:45:18.866+0000] {dag.py:3239} INFO - Sync 1 DAGs
[2024-11-18T08:45:19.557+0000] {logging_mixin.py:190} INFO - [2024-11-18T08:45:19.556+0000] {dag.py:4180} INFO - Setting next_dagrun for example_sla_dag to 2024-11-18 08:42:00+00:00, run_after=2024-11-18 08:44:00+00:00
[2024-11-18T08:45:20.428+0000] {processor.py:208} INFO - Processing /home/airflow/.local/lib/python3.12/site-packages/airflow/example_dags/example_sla_dag.py took 2.819 seconds
[2024-11-18T08:59:55.299+0000] {processor.py:186} INFO - Started process (PID=160) to work on /home/airflow/.local/lib/python3.12/site-packages/airflow/example_dags/example_sla_dag.py
[2024-11-18T08:59:55.366+0000] {processor.py:914} INFO - Processing file /home/airflow/.local/lib/python3.12/site-packages/airflow/example_dags/example_sla_dag.py for tasks to queue
[2024-11-18T08:59:55.385+0000] {logging_mixin.py:190} INFO - [2024-11-18T08:59:55.384+0000] {dagbag.py:588} INFO - Filling up the DagBag from /home/airflow/.local/lib/python3.12/site-packages/airflow/example_dags/example_sla_dag.py
[2024-11-18T08:59:55.687+0000] {processor.py:925} INFO - DAG(s) 'example_sla_dag' retrieved from /home/airflow/.local/lib/python3.12/site-packages/airflow/example_dags/example_sla_dag.py
[2024-11-18T08:59:56.185+0000] {logging_mixin.py:190} INFO - [2024-11-18T08:59:56.185+0000] {dag.py:3239} INFO - Sync 1 DAGs
[2024-11-18T08:59:56.717+0000] {logging_mixin.py:190} INFO - [2024-11-18T08:59:56.716+0000] {dag.py:4180} INFO - Setting next_dagrun for example_sla_dag to 2024-11-18 08:56:00+00:00, run_after=2024-11-18 08:58:00+00:00
[2024-11-18T08:59:57.361+0000] {processor.py:208} INFO - Processing /home/airflow/.local/lib/python3.12/site-packages/airflow/example_dags/example_sla_dag.py took 2.180 seconds
[2024-11-18T09:03:52.245+0000] {processor.py:186} INFO - Started process (PID=267) to work on /home/airflow/.local/lib/python3.12/site-packages/airflow/example_dags/example_sla_dag.py
[2024-11-18T09:03:52.263+0000] {processor.py:914} INFO - Processing file /home/airflow/.local/lib/python3.12/site-packages/airflow/example_dags/example_sla_dag.py for tasks to queue
[2024-11-18T09:03:52.286+0000] {logging_mixin.py:190} INFO - [2024-11-18T09:03:52.285+0000] {dagbag.py:588} INFO - Filling up the DagBag from /home/airflow/.local/lib/python3.12/site-packages/airflow/example_dags/example_sla_dag.py
[2024-11-18T09:03:52.553+0000] {processor.py:925} INFO - DAG(s) 'example_sla_dag' retrieved from /home/airflow/.local/lib/python3.12/site-packages/airflow/example_dags/example_sla_dag.py
[2024-11-18T09:03:53.373+0000] {logging_mixin.py:190} INFO - [2024-11-18T09:03:53.372+0000] {dag.py:3239} INFO - Sync 1 DAGs
[2024-11-18T09:03:53.928+0000] {logging_mixin.py:190} INFO - [2024-11-18T09:03:53.927+0000] {dag.py:4180} INFO - Setting next_dagrun for example_sla_dag to 2024-11-18 09:00:00+00:00, run_after=2024-11-18 09:02:00+00:00
[2024-11-18T09:03:54.326+0000] {processor.py:208} INFO - Processing /home/airflow/.local/lib/python3.12/site-packages/airflow/example_dags/example_sla_dag.py took 2.182 seconds
[2024-11-18T09:05:48.327+0000] {processor.py:186} INFO - Started process (PID=340) to work on /home/airflow/.local/lib/python3.12/site-packages/airflow/example_dags/example_sla_dag.py
[2024-11-18T09:05:48.346+0000] {processor.py:914} INFO - Processing file /home/airflow/.local/lib/python3.12/site-packages/airflow/example_dags/example_sla_dag.py for tasks to queue
[2024-11-18T09:05:48.388+0000] {logging_mixin.py:190} INFO - [2024-11-18T09:05:48.387+0000] {dagbag.py:588} INFO - Filling up the DagBag from /home/airflow/.local/lib/python3.12/site-packages/airflow/example_dags/example_sla_dag.py
[2024-11-18T09:05:48.651+0000] {processor.py:925} INFO - DAG(s) 'example_sla_dag' retrieved from /home/airflow/.local/lib/python3.12/site-packages/airflow/example_dags/example_sla_dag.py
[2024-11-18T09:05:49.067+0000] {logging_mixin.py:190} INFO - [2024-11-18T09:05:49.065+0000] {dag.py:3239} INFO - Sync 1 DAGs
[2024-11-18T09:05:49.716+0000] {logging_mixin.py:190} INFO - [2024-11-18T09:05:49.715+0000] {dag.py:4180} INFO - Setting next_dagrun for example_sla_dag to 2024-11-18 09:02:00+00:00, run_after=2024-11-18 09:04:00+00:00
[2024-11-18T09:05:50.016+0000] {processor.py:208} INFO - Processing /home/airflow/.local/lib/python3.12/site-packages/airflow/example_dags/example_sla_dag.py took 1.786 seconds
[2024-11-18T09:08:58.343+0000] {processor.py:186} INFO - Started process (PID=444) to work on /home/airflow/.local/lib/python3.12/site-packages/airflow/example_dags/example_sla_dag.py
[2024-11-18T09:08:58.532+0000] {processor.py:914} INFO - Processing file /home/airflow/.local/lib/python3.12/site-packages/airflow/example_dags/example_sla_dag.py for tasks to queue
[2024-11-18T09:08:58.594+0000] {logging_mixin.py:190} INFO - [2024-11-18T09:08:58.592+0000] {dagbag.py:588} INFO - Filling up the DagBag from /home/airflow/.local/lib/python3.12/site-packages/airflow/example_dags/example_sla_dag.py
[2024-11-18T09:08:59.336+0000] {processor.py:925} INFO - DAG(s) 'example_sla_dag' retrieved from /home/airflow/.local/lib/python3.12/site-packages/airflow/example_dags/example_sla_dag.py
[2024-11-18T09:09:00.269+0000] {logging_mixin.py:190} INFO - [2024-11-18T09:09:00.268+0000] {dag.py:3239} INFO - Sync 1 DAGs
[2024-11-18T09:09:01.461+0000] {logging_mixin.py:190} INFO - [2024-11-18T09:09:01.460+0000] {dag.py:4180} INFO - Setting next_dagrun for example_sla_dag to 2024-11-18 09:06:00+00:00, run_after=2024-11-18 09:08:00+00:00
[2024-11-18T09:09:02.210+0000] {processor.py:208} INFO - Processing /home/airflow/.local/lib/python3.12/site-packages/airflow/example_dags/example_sla_dag.py took 4.111 seconds
[2024-11-18T09:10:24.960+0000] {processor.py:186} INFO - Started process (PID=509) to work on /home/airflow/.local/lib/python3.12/site-packages/airflow/example_dags/example_sla_dag.py
[2024-11-18T09:10:25.063+0000] {processor.py:914} INFO - Processing file /home/airflow/.local/lib/python3.12/site-packages/airflow/example_dags/example_sla_dag.py for tasks to queue
[2024-11-18T09:10:25.241+0000] {logging_mixin.py:190} INFO - [2024-11-18T09:10:25.240+0000] {dagbag.py:588} INFO - Filling up the DagBag from /home/airflow/.local/lib/python3.12/site-packages/airflow/example_dags/example_sla_dag.py
[2024-11-18T09:10:25.413+0000] {processor.py:925} INFO - DAG(s) 'example_sla_dag' retrieved from /home/airflow/.local/lib/python3.12/site-packages/airflow/example_dags/example_sla_dag.py
[2024-11-18T09:10:25.643+0000] {logging_mixin.py:190} INFO - [2024-11-18T09:10:25.642+0000] {dag.py:3239} INFO - Sync 1 DAGs
[2024-11-18T09:10:26.490+0000] {logging_mixin.py:190} INFO - [2024-11-18T09:10:26.489+0000] {dag.py:4180} INFO - Setting next_dagrun for example_sla_dag to 2024-11-18 09:08:00+00:00, run_after=2024-11-18 09:10:00+00:00
[2024-11-18T09:10:26.863+0000] {processor.py:208} INFO - Processing /home/airflow/.local/lib/python3.12/site-packages/airflow/example_dags/example_sla_dag.py took 1.940 seconds
[2024-11-18T09:18:26.272+0000] {processor.py:186} INFO - Started process (PID=664) to work on /home/airflow/.local/lib/python3.12/site-packages/airflow/example_dags/example_sla_dag.py
[2024-11-18T09:18:26.306+0000] {processor.py:914} INFO - Processing file /home/airflow/.local/lib/python3.12/site-packages/airflow/example_dags/example_sla_dag.py for tasks to queue
[2024-11-18T09:18:26.327+0000] {logging_mixin.py:190} INFO - [2024-11-18T09:18:26.309+0000] {dagbag.py:588} INFO - Filling up the DagBag from /home/airflow/.local/lib/python3.12/site-packages/airflow/example_dags/example_sla_dag.py
[2024-11-18T09:18:27.223+0000] {processor.py:925} INFO - DAG(s) 'example_sla_dag' retrieved from /home/airflow/.local/lib/python3.12/site-packages/airflow/example_dags/example_sla_dag.py
[2024-11-18T09:18:27.568+0000] {logging_mixin.py:190} INFO - [2024-11-18T09:18:27.561+0000] {dag.py:3239} INFO - Sync 1 DAGs
[2024-11-18T09:18:28.530+0000] {logging_mixin.py:190} INFO - [2024-11-18T09:18:28.529+0000] {dag.py:4180} INFO - Setting next_dagrun for example_sla_dag to 2024-11-18 09:16:00+00:00, run_after=2024-11-18 09:18:00+00:00
[2024-11-18T09:18:28.893+0000] {processor.py:208} INFO - Processing /home/airflow/.local/lib/python3.12/site-packages/airflow/example_dags/example_sla_dag.py took 2.707 seconds
[2024-11-18T09:21:53.792+0000] {processor.py:186} INFO - Started process (PID=755) to work on /home/airflow/.local/lib/python3.12/site-packages/airflow/example_dags/example_sla_dag.py
[2024-11-18T09:21:53.883+0000] {processor.py:914} INFO - Processing file /home/airflow/.local/lib/python3.12/site-packages/airflow/example_dags/example_sla_dag.py for tasks to queue
[2024-11-18T09:21:53.895+0000] {logging_mixin.py:190} INFO - [2024-11-18T09:21:53.893+0000] {dagbag.py:588} INFO - Filling up the DagBag from /home/airflow/.local/lib/python3.12/site-packages/airflow/example_dags/example_sla_dag.py
[2024-11-18T09:21:54.134+0000] {processor.py:925} INFO - DAG(s) 'example_sla_dag' retrieved from /home/airflow/.local/lib/python3.12/site-packages/airflow/example_dags/example_sla_dag.py
[2024-11-18T09:21:55.519+0000] {logging_mixin.py:190} INFO - [2024-11-18T09:21:55.518+0000] {dag.py:3239} INFO - Sync 1 DAGs
[2024-11-18T09:21:56.681+0000] {logging_mixin.py:190} INFO - [2024-11-18T09:21:56.680+0000] {dag.py:4180} INFO - Setting next_dagrun for example_sla_dag to 2024-11-18 09:18:00+00:00, run_after=2024-11-18 09:20:00+00:00
[2024-11-18T09:21:59.333+0000] {processor.py:208} INFO - Processing /home/airflow/.local/lib/python3.12/site-packages/airflow/example_dags/example_sla_dag.py took 6.386 seconds
[2024-11-18T09:25:01.036+0000] {processor.py:186} INFO - Started process (PID=834) to work on /home/airflow/.local/lib/python3.12/site-packages/airflow/example_dags/example_sla_dag.py
[2024-11-18T09:25:01.075+0000] {processor.py:914} INFO - Processing file /home/airflow/.local/lib/python3.12/site-packages/airflow/example_dags/example_sla_dag.py for tasks to queue
[2024-11-18T09:25:01.089+0000] {logging_mixin.py:190} INFO - [2024-11-18T09:25:01.088+0000] {dagbag.py:588} INFO - Filling up the DagBag from /home/airflow/.local/lib/python3.12/site-packages/airflow/example_dags/example_sla_dag.py
[2024-11-18T09:25:03.104+0000] {processor.py:925} INFO - DAG(s) 'example_sla_dag' retrieved from /home/airflow/.local/lib/python3.12/site-packages/airflow/example_dags/example_sla_dag.py
[2024-11-18T09:25:03.881+0000] {logging_mixin.py:190} INFO - [2024-11-18T09:25:03.854+0000] {dag.py:3239} INFO - Sync 1 DAGs
[2024-11-18T09:25:07.242+0000] {logging_mixin.py:190} INFO - [2024-11-18T09:25:07.241+0000] {dag.py:4180} INFO - Setting next_dagrun for example_sla_dag to 2024-11-18 09:22:00+00:00, run_after=2024-11-18 09:24:00+00:00
[2024-11-18T09:25:07.388+0000] {processor.py:208} INFO - Processing /home/airflow/.local/lib/python3.12/site-packages/airflow/example_dags/example_sla_dag.py took 6.447 seconds
[2024-11-18T09:28:36.092+0000] {processor.py:186} INFO - Started process (PID=923) to work on /home/airflow/.local/lib/python3.12/site-packages/airflow/example_dags/example_sla_dag.py
[2024-11-18T09:28:36.133+0000] {processor.py:914} INFO - Processing file /home/airflow/.local/lib/python3.12/site-packages/airflow/example_dags/example_sla_dag.py for tasks to queue
[2024-11-18T09:28:36.152+0000] {logging_mixin.py:190} INFO - [2024-11-18T09:28:36.151+0000] {dagbag.py:588} INFO - Filling up the DagBag from /home/airflow/.local/lib/python3.12/site-packages/airflow/example_dags/example_sla_dag.py
[2024-11-18T09:28:36.897+0000] {processor.py:925} INFO - DAG(s) 'example_sla_dag' retrieved from /home/airflow/.local/lib/python3.12/site-packages/airflow/example_dags/example_sla_dag.py
[2024-11-18T09:28:38.024+0000] {logging_mixin.py:190} INFO - [2024-11-18T09:28:38.020+0000] {dag.py:3239} INFO - Sync 1 DAGs
[2024-11-18T09:28:39.269+0000] {logging_mixin.py:190} INFO - [2024-11-18T09:28:39.266+0000] {dag.py:4180} INFO - Setting next_dagrun for example_sla_dag to 2024-11-18 09:26:00+00:00, run_after=2024-11-18 09:28:00+00:00
[2024-11-18T09:28:39.769+0000] {processor.py:208} INFO - Processing /home/airflow/.local/lib/python3.12/site-packages/airflow/example_dags/example_sla_dag.py took 3.843 seconds
[2024-11-18T09:31:09.053+0000] {processor.py:186} INFO - Started process (PID=997) to work on /home/airflow/.local/lib/python3.12/site-packages/airflow/example_dags/example_sla_dag.py
[2024-11-18T09:31:09.090+0000] {processor.py:914} INFO - Processing file /home/airflow/.local/lib/python3.12/site-packages/airflow/example_dags/example_sla_dag.py for tasks to queue
[2024-11-18T09:31:09.311+0000] {logging_mixin.py:190} INFO - [2024-11-18T09:31:09.127+0000] {dagbag.py:588} INFO - Filling up the DagBag from /home/airflow/.local/lib/python3.12/site-packages/airflow/example_dags/example_sla_dag.py
[2024-11-18T09:31:09.779+0000] {processor.py:925} INFO - DAG(s) 'example_sla_dag' retrieved from /home/airflow/.local/lib/python3.12/site-packages/airflow/example_dags/example_sla_dag.py
[2024-11-18T09:31:10.278+0000] {logging_mixin.py:190} INFO - [2024-11-18T09:31:10.249+0000] {dag.py:3239} INFO - Sync 1 DAGs
[2024-11-18T09:31:11.382+0000] {logging_mixin.py:190} INFO - [2024-11-18T09:31:11.382+0000] {dag.py:4180} INFO - Setting next_dagrun for example_sla_dag to 2024-11-18 09:28:00+00:00, run_after=2024-11-18 09:30:00+00:00
[2024-11-18T09:31:12.309+0000] {processor.py:208} INFO - Processing /home/airflow/.local/lib/python3.12/site-packages/airflow/example_dags/example_sla_dag.py took 4.105 seconds
[2024-11-18T09:33:55.843+0000] {processor.py:186} INFO - Started process (PID=1072) to work on /home/airflow/.local/lib/python3.12/site-packages/airflow/example_dags/example_sla_dag.py
[2024-11-18T09:33:55.874+0000] {processor.py:914} INFO - Processing file /home/airflow/.local/lib/python3.12/site-packages/airflow/example_dags/example_sla_dag.py for tasks to queue
[2024-11-18T09:33:55.879+0000] {logging_mixin.py:190} INFO - [2024-11-18T09:33:55.878+0000] {dagbag.py:588} INFO - Filling up the DagBag from /home/airflow/.local/lib/python3.12/site-packages/airflow/example_dags/example_sla_dag.py
[2024-11-18T09:33:56.407+0000] {processor.py:925} INFO - DAG(s) 'example_sla_dag' retrieved from /home/airflow/.local/lib/python3.12/site-packages/airflow/example_dags/example_sla_dag.py
[2024-11-18T09:33:56.981+0000] {logging_mixin.py:190} INFO - [2024-11-18T09:33:56.980+0000] {dag.py:3239} INFO - Sync 1 DAGs
[2024-11-18T09:33:59.428+0000] {logging_mixin.py:190} INFO - [2024-11-18T09:33:59.406+0000] {dag.py:4180} INFO - Setting next_dagrun for example_sla_dag to 2024-11-18 09:30:00+00:00, run_after=2024-11-18 09:32:00+00:00
[2024-11-18T09:34:00.140+0000] {processor.py:208} INFO - Processing /home/airflow/.local/lib/python3.12/site-packages/airflow/example_dags/example_sla_dag.py took 4.816 seconds
[2024-11-18T09:40:49.572+0000] {processor.py:186} INFO - Started process (PID=1186) to work on /home/airflow/.local/lib/python3.12/site-packages/airflow/example_dags/example_sla_dag.py
[2024-11-18T09:40:49.667+0000] {processor.py:914} INFO - Processing file /home/airflow/.local/lib/python3.12/site-packages/airflow/example_dags/example_sla_dag.py for tasks to queue
[2024-11-18T09:40:49.729+0000] {logging_mixin.py:190} INFO - [2024-11-18T09:40:49.726+0000] {dagbag.py:588} INFO - Filling up the DagBag from /home/airflow/.local/lib/python3.12/site-packages/airflow/example_dags/example_sla_dag.py
[2024-11-18T09:40:50.977+0000] {processor.py:925} INFO - DAG(s) 'example_sla_dag' retrieved from /home/airflow/.local/lib/python3.12/site-packages/airflow/example_dags/example_sla_dag.py
[2024-11-18T09:40:53.426+0000] {logging_mixin.py:190} INFO - [2024-11-18T09:40:53.380+0000] {dag.py:3239} INFO - Sync 1 DAGs
[2024-11-18T09:40:59.015+0000] {logging_mixin.py:190} INFO - [2024-11-18T09:40:58.936+0000] {dag.py:4180} INFO - Setting next_dagrun for example_sla_dag to 2024-11-18 09:38:00+00:00, run_after=2024-11-18 09:40:00+00:00
[2024-11-18T09:41:00.273+0000] {processor.py:208} INFO - Processing /home/airflow/.local/lib/python3.12/site-packages/airflow/example_dags/example_sla_dag.py took 10.957 seconds
[2024-11-18T09:46:42.750+0000] {processor.py:186} INFO - Started process (PID=1301) to work on /home/airflow/.local/lib/python3.12/site-packages/airflow/example_dags/example_sla_dag.py
[2024-11-18T09:46:42.840+0000] {processor.py:914} INFO - Processing file /home/airflow/.local/lib/python3.12/site-packages/airflow/example_dags/example_sla_dag.py for tasks to queue
[2024-11-18T09:46:42.851+0000] {logging_mixin.py:190} INFO - [2024-11-18T09:46:42.848+0000] {dagbag.py:588} INFO - Filling up the DagBag from /home/airflow/.local/lib/python3.12/site-packages/airflow/example_dags/example_sla_dag.py
[2024-11-18T09:46:43.388+0000] {processor.py:925} INFO - DAG(s) 'example_sla_dag' retrieved from /home/airflow/.local/lib/python3.12/site-packages/airflow/example_dags/example_sla_dag.py
[2024-11-18T09:46:45.137+0000] {logging_mixin.py:190} INFO - [2024-11-18T09:46:45.135+0000] {dag.py:3239} INFO - Sync 1 DAGs
[2024-11-18T09:46:49.847+0000] {logging_mixin.py:190} INFO - [2024-11-18T09:46:49.844+0000] {dag.py:4180} INFO - Setting next_dagrun for example_sla_dag to 2024-11-18 09:44:00+00:00, run_after=2024-11-18 09:46:00+00:00
[2024-11-18T09:46:51.060+0000] {processor.py:208} INFO - Processing /home/airflow/.local/lib/python3.12/site-packages/airflow/example_dags/example_sla_dag.py took 9.040 seconds
[2024-11-18T10:11:02.301+0000] {processor.py:186} INFO - Started process (PID=170) to work on /home/airflow/.local/lib/python3.12/site-packages/airflow/example_dags/example_sla_dag.py
[2024-11-18T10:11:02.355+0000] {processor.py:914} INFO - Processing file /home/airflow/.local/lib/python3.12/site-packages/airflow/example_dags/example_sla_dag.py for tasks to queue
[2024-11-18T10:11:02.388+0000] {logging_mixin.py:190} INFO - [2024-11-18T10:11:02.387+0000] {dagbag.py:588} INFO - Filling up the DagBag from /home/airflow/.local/lib/python3.12/site-packages/airflow/example_dags/example_sla_dag.py
[2024-11-18T10:11:02.619+0000] {processor.py:925} INFO - DAG(s) 'example_sla_dag' retrieved from /home/airflow/.local/lib/python3.12/site-packages/airflow/example_dags/example_sla_dag.py
[2024-11-18T10:11:03.139+0000] {logging_mixin.py:190} INFO - [2024-11-18T10:11:03.138+0000] {dag.py:3239} INFO - Sync 1 DAGs
[2024-11-18T10:11:03.554+0000] {logging_mixin.py:190} INFO - [2024-11-18T10:11:03.553+0000] {dag.py:4180} INFO - Setting next_dagrun for example_sla_dag to 2024-11-18 10:08:00+00:00, run_after=2024-11-18 10:10:00+00:00
[2024-11-18T10:11:03.911+0000] {processor.py:208} INFO - Processing /home/airflow/.local/lib/python3.12/site-packages/airflow/example_dags/example_sla_dag.py took 1.708 seconds
[2024-11-18T10:13:23.213+0000] {processor.py:186} INFO - Started process (PID=259) to work on /home/airflow/.local/lib/python3.12/site-packages/airflow/example_dags/example_sla_dag.py
[2024-11-18T10:13:23.230+0000] {processor.py:914} INFO - Processing file /home/airflow/.local/lib/python3.12/site-packages/airflow/example_dags/example_sla_dag.py for tasks to queue
[2024-11-18T10:13:23.260+0000] {logging_mixin.py:190} INFO - [2024-11-18T10:13:23.248+0000] {dagbag.py:588} INFO - Filling up the DagBag from /home/airflow/.local/lib/python3.12/site-packages/airflow/example_dags/example_sla_dag.py
[2024-11-18T10:13:23.984+0000] {processor.py:925} INFO - DAG(s) 'example_sla_dag' retrieved from /home/airflow/.local/lib/python3.12/site-packages/airflow/example_dags/example_sla_dag.py
[2024-11-18T10:13:24.718+0000] {logging_mixin.py:190} INFO - [2024-11-18T10:13:24.717+0000] {dag.py:3239} INFO - Sync 1 DAGs
[2024-11-18T10:13:26.227+0000] {logging_mixin.py:190} INFO - [2024-11-18T10:13:26.149+0000] {dag.py:4180} INFO - Setting next_dagrun for example_sla_dag to 2024-11-18 10:10:00+00:00, run_after=2024-11-18 10:12:00+00:00
[2024-11-18T10:13:26.866+0000] {processor.py:208} INFO - Processing /home/airflow/.local/lib/python3.12/site-packages/airflow/example_dags/example_sla_dag.py took 3.731 seconds
[2024-11-18T10:15:43.403+0000] {processor.py:186} INFO - Started process (PID=321) to work on /home/airflow/.local/lib/python3.12/site-packages/airflow/example_dags/example_sla_dag.py
[2024-11-18T10:15:43.414+0000] {processor.py:914} INFO - Processing file /home/airflow/.local/lib/python3.12/site-packages/airflow/example_dags/example_sla_dag.py for tasks to queue
[2024-11-18T10:15:43.439+0000] {logging_mixin.py:190} INFO - [2024-11-18T10:15:43.438+0000] {dagbag.py:588} INFO - Filling up the DagBag from /home/airflow/.local/lib/python3.12/site-packages/airflow/example_dags/example_sla_dag.py
[2024-11-18T10:15:43.523+0000] {processor.py:925} INFO - DAG(s) 'example_sla_dag' retrieved from /home/airflow/.local/lib/python3.12/site-packages/airflow/example_dags/example_sla_dag.py
[2024-11-18T10:15:43.679+0000] {logging_mixin.py:190} INFO - [2024-11-18T10:15:43.679+0000] {dag.py:3239} INFO - Sync 1 DAGs
[2024-11-18T10:15:44.259+0000] {logging_mixin.py:190} INFO - [2024-11-18T10:15:44.258+0000] {dag.py:4180} INFO - Setting next_dagrun for example_sla_dag to 2024-11-18 10:12:00+00:00, run_after=2024-11-18 10:14:00+00:00
[2024-11-18T10:15:44.752+0000] {processor.py:208} INFO - Processing /home/airflow/.local/lib/python3.12/site-packages/airflow/example_dags/example_sla_dag.py took 1.423 seconds
[2024-11-18T10:17:44.180+0000] {processor.py:186} INFO - Started process (PID=395) to work on /home/airflow/.local/lib/python3.12/site-packages/airflow/example_dags/example_sla_dag.py
[2024-11-18T10:17:44.185+0000] {processor.py:914} INFO - Processing file /home/airflow/.local/lib/python3.12/site-packages/airflow/example_dags/example_sla_dag.py for tasks to queue
[2024-11-18T10:17:44.199+0000] {logging_mixin.py:190} INFO - [2024-11-18T10:17:44.196+0000] {dagbag.py:588} INFO - Filling up the DagBag from /home/airflow/.local/lib/python3.12/site-packages/airflow/example_dags/example_sla_dag.py
[2024-11-18T10:17:44.407+0000] {processor.py:925} INFO - DAG(s) 'example_sla_dag' retrieved from /home/airflow/.local/lib/python3.12/site-packages/airflow/example_dags/example_sla_dag.py
[2024-11-18T10:17:44.698+0000] {logging_mixin.py:190} INFO - [2024-11-18T10:17:44.697+0000] {dag.py:3239} INFO - Sync 1 DAGs
[2024-11-18T10:17:45.165+0000] {logging_mixin.py:190} INFO - [2024-11-18T10:17:45.164+0000] {dag.py:4180} INFO - Setting next_dagrun for example_sla_dag to 2024-11-18 10:14:00+00:00, run_after=2024-11-18 10:16:00+00:00
[2024-11-18T10:17:45.608+0000] {processor.py:208} INFO - Processing /home/airflow/.local/lib/python3.12/site-packages/airflow/example_dags/example_sla_dag.py took 1.656 seconds
[2024-11-18T10:19:09.926+0000] {processor.py:186} INFO - Started process (PID=458) to work on /home/airflow/.local/lib/python3.12/site-packages/airflow/example_dags/example_sla_dag.py
[2024-11-18T10:19:09.954+0000] {processor.py:914} INFO - Processing file /home/airflow/.local/lib/python3.12/site-packages/airflow/example_dags/example_sla_dag.py for tasks to queue
[2024-11-18T10:19:09.970+0000] {logging_mixin.py:190} INFO - [2024-11-18T10:19:09.967+0000] {dagbag.py:588} INFO - Filling up the DagBag from /home/airflow/.local/lib/python3.12/site-packages/airflow/example_dags/example_sla_dag.py
[2024-11-18T10:19:10.313+0000] {processor.py:925} INFO - DAG(s) 'example_sla_dag' retrieved from /home/airflow/.local/lib/python3.12/site-packages/airflow/example_dags/example_sla_dag.py
[2024-11-18T10:19:10.759+0000] {logging_mixin.py:190} INFO - [2024-11-18T10:19:10.758+0000] {dag.py:3239} INFO - Sync 1 DAGs
[2024-11-18T10:19:11.415+0000] {logging_mixin.py:190} INFO - [2024-11-18T10:19:11.413+0000] {dag.py:4180} INFO - Setting next_dagrun for example_sla_dag to 2024-11-18 10:16:00+00:00, run_after=2024-11-18 10:18:00+00:00
[2024-11-18T10:19:11.834+0000] {processor.py:208} INFO - Processing /home/airflow/.local/lib/python3.12/site-packages/airflow/example_dags/example_sla_dag.py took 2.017 seconds
[2024-11-18T10:23:22.972+0000] {processor.py:186} INFO - Started process (PID=517) to work on /home/airflow/.local/lib/python3.12/site-packages/airflow/example_dags/example_sla_dag.py
[2024-11-18T10:23:22.993+0000] {processor.py:914} INFO - Processing file /home/airflow/.local/lib/python3.12/site-packages/airflow/example_dags/example_sla_dag.py for tasks to queue
[2024-11-18T10:23:23.021+0000] {logging_mixin.py:190} INFO - [2024-11-18T10:23:23.014+0000] {dagbag.py:588} INFO - Filling up the DagBag from /home/airflow/.local/lib/python3.12/site-packages/airflow/example_dags/example_sla_dag.py
[2024-11-18T10:23:23.435+0000] {processor.py:925} INFO - DAG(s) 'example_sla_dag' retrieved from /home/airflow/.local/lib/python3.12/site-packages/airflow/example_dags/example_sla_dag.py
[2024-11-18T10:23:23.849+0000] {logging_mixin.py:190} INFO - [2024-11-18T10:23:23.848+0000] {dag.py:3239} INFO - Sync 1 DAGs
[2024-11-18T10:23:24.643+0000] {logging_mixin.py:190} INFO - [2024-11-18T10:23:24.642+0000] {dag.py:4180} INFO - Setting next_dagrun for example_sla_dag to 2024-11-18 10:20:00+00:00, run_after=2024-11-18 10:22:00+00:00
[2024-11-18T10:23:25.116+0000] {processor.py:208} INFO - Processing /home/airflow/.local/lib/python3.12/site-packages/airflow/example_dags/example_sla_dag.py took 2.373 seconds
[2024-11-18T10:32:37.231+0000] {processor.py:186} INFO - Started process (PID=639) to work on /home/airflow/.local/lib/python3.12/site-packages/airflow/example_dags/example_sla_dag.py
[2024-11-18T10:32:37.258+0000] {processor.py:914} INFO - Processing file /home/airflow/.local/lib/python3.12/site-packages/airflow/example_dags/example_sla_dag.py for tasks to queue
[2024-11-18T10:32:37.267+0000] {logging_mixin.py:190} INFO - [2024-11-18T10:32:37.266+0000] {dagbag.py:588} INFO - Filling up the DagBag from /home/airflow/.local/lib/python3.12/site-packages/airflow/example_dags/example_sla_dag.py
[2024-11-18T10:32:37.493+0000] {processor.py:925} INFO - DAG(s) 'example_sla_dag' retrieved from /home/airflow/.local/lib/python3.12/site-packages/airflow/example_dags/example_sla_dag.py
[2024-11-18T10:32:37.765+0000] {logging_mixin.py:190} INFO - [2024-11-18T10:32:37.764+0000] {dag.py:3239} INFO - Sync 1 DAGs
[2024-11-18T10:32:38.328+0000] {logging_mixin.py:190} INFO - [2024-11-18T10:32:38.327+0000] {dag.py:4180} INFO - Setting next_dagrun for example_sla_dag to 2024-11-18 10:30:00+00:00, run_after=2024-11-18 10:32:00+00:00
[2024-11-18T10:32:38.718+0000] {processor.py:208} INFO - Processing /home/airflow/.local/lib/python3.12/site-packages/airflow/example_dags/example_sla_dag.py took 1.608 seconds
[2024-11-18T10:35:28.244+0000] {processor.py:186} INFO - Started process (PID=730) to work on /home/airflow/.local/lib/python3.12/site-packages/airflow/example_dags/example_sla_dag.py
[2024-11-18T10:35:28.254+0000] {processor.py:914} INFO - Processing file /home/airflow/.local/lib/python3.12/site-packages/airflow/example_dags/example_sla_dag.py for tasks to queue
[2024-11-18T10:35:28.314+0000] {logging_mixin.py:190} INFO - [2024-11-18T10:35:28.286+0000] {dagbag.py:588} INFO - Filling up the DagBag from /home/airflow/.local/lib/python3.12/site-packages/airflow/example_dags/example_sla_dag.py
[2024-11-18T10:35:28.530+0000] {processor.py:925} INFO - DAG(s) 'example_sla_dag' retrieved from /home/airflow/.local/lib/python3.12/site-packages/airflow/example_dags/example_sla_dag.py
[2024-11-18T10:35:28.713+0000] {logging_mixin.py:190} INFO - [2024-11-18T10:35:28.712+0000] {dag.py:3239} INFO - Sync 1 DAGs
[2024-11-18T10:35:29.129+0000] {logging_mixin.py:190} INFO - [2024-11-18T10:35:29.129+0000] {dag.py:4180} INFO - Setting next_dagrun for example_sla_dag to 2024-11-18 10:32:00+00:00, run_after=2024-11-18 10:34:00+00:00
[2024-11-18T10:35:29.773+0000] {processor.py:208} INFO - Processing /home/airflow/.local/lib/python3.12/site-packages/airflow/example_dags/example_sla_dag.py took 1.707 seconds
[2024-11-18T10:37:15.146+0000] {processor.py:186} INFO - Started process (PID=818) to work on /home/airflow/.local/lib/python3.12/site-packages/airflow/example_dags/example_sla_dag.py
[2024-11-18T10:37:15.179+0000] {processor.py:914} INFO - Processing file /home/airflow/.local/lib/python3.12/site-packages/airflow/example_dags/example_sla_dag.py for tasks to queue
[2024-11-18T10:37:15.210+0000] {logging_mixin.py:190} INFO - [2024-11-18T10:37:15.209+0000] {dagbag.py:588} INFO - Filling up the DagBag from /home/airflow/.local/lib/python3.12/site-packages/airflow/example_dags/example_sla_dag.py
[2024-11-18T10:37:15.875+0000] {processor.py:925} INFO - DAG(s) 'example_sla_dag' retrieved from /home/airflow/.local/lib/python3.12/site-packages/airflow/example_dags/example_sla_dag.py
[2024-11-18T10:37:17.412+0000] {logging_mixin.py:190} INFO - [2024-11-18T10:37:17.409+0000] {dag.py:3239} INFO - Sync 1 DAGs
[2024-11-18T10:37:19.653+0000] {logging_mixin.py:190} INFO - [2024-11-18T10:37:19.636+0000] {dag.py:4180} INFO - Setting next_dagrun for example_sla_dag to 2024-11-18 10:34:00+00:00, run_after=2024-11-18 10:36:00+00:00
[2024-11-18T10:37:21.539+0000] {processor.py:208} INFO - Processing /home/airflow/.local/lib/python3.12/site-packages/airflow/example_dags/example_sla_dag.py took 6.797 seconds
[2024-11-18T10:38:41.915+0000] {processor.py:186} INFO - Started process (PID=880) to work on /home/airflow/.local/lib/python3.12/site-packages/airflow/example_dags/example_sla_dag.py
[2024-11-18T10:38:41.920+0000] {processor.py:914} INFO - Processing file /home/airflow/.local/lib/python3.12/site-packages/airflow/example_dags/example_sla_dag.py for tasks to queue
[2024-11-18T10:38:41.951+0000] {logging_mixin.py:190} INFO - [2024-11-18T10:38:41.950+0000] {dagbag.py:588} INFO - Filling up the DagBag from /home/airflow/.local/lib/python3.12/site-packages/airflow/example_dags/example_sla_dag.py
[2024-11-18T10:38:42.137+0000] {processor.py:925} INFO - DAG(s) 'example_sla_dag' retrieved from /home/airflow/.local/lib/python3.12/site-packages/airflow/example_dags/example_sla_dag.py
[2024-11-18T10:38:42.872+0000] {logging_mixin.py:190} INFO - [2024-11-18T10:38:42.871+0000] {dag.py:3239} INFO - Sync 1 DAGs
[2024-11-18T10:38:43.398+0000] {logging_mixin.py:190} INFO - [2024-11-18T10:38:43.398+0000] {dag.py:4180} INFO - Setting next_dagrun for example_sla_dag to 2024-11-18 10:36:00+00:00, run_after=2024-11-18 10:38:00+00:00
[2024-11-18T10:38:44.154+0000] {processor.py:208} INFO - Processing /home/airflow/.local/lib/python3.12/site-packages/airflow/example_dags/example_sla_dag.py took 2.357 seconds
[2024-11-18T13:37:09.649+0000] {processor.py:186} INFO - Started process (PID=101) to work on /home/airflow/.local/lib/python3.12/site-packages/airflow/example_dags/example_sla_dag.py
[2024-11-18T13:37:09.651+0000] {processor.py:914} INFO - Processing file /home/airflow/.local/lib/python3.12/site-packages/airflow/example_dags/example_sla_dag.py for tasks to queue
[2024-11-18T13:37:09.655+0000] {logging_mixin.py:190} INFO - [2024-11-18T13:37:09.654+0000] {dagbag.py:588} INFO - Filling up the DagBag from /home/airflow/.local/lib/python3.12/site-packages/airflow/example_dags/example_sla_dag.py
[2024-11-18T13:37:09.668+0000] {processor.py:925} INFO - DAG(s) 'example_sla_dag' retrieved from /home/airflow/.local/lib/python3.12/site-packages/airflow/example_dags/example_sla_dag.py
[2024-11-18T13:37:09.701+0000] {logging_mixin.py:190} INFO - [2024-11-18T13:37:09.701+0000] {dag.py:3239} INFO - Sync 1 DAGs
[2024-11-18T13:37:09.750+0000] {logging_mixin.py:190} INFO - [2024-11-18T13:37:09.749+0000] {dag.py:4180} INFO - Setting next_dagrun for example_sla_dag to 2024-11-18 13:34:00+00:00, run_after=2024-11-18 13:36:00+00:00
[2024-11-18T13:37:09.784+0000] {processor.py:208} INFO - Processing /home/airflow/.local/lib/python3.12/site-packages/airflow/example_dags/example_sla_dag.py took 0.143 seconds
[2024-11-18T13:37:46.413+0000] {processor.py:186} INFO - Started process (PID=164) to work on /home/airflow/.local/lib/python3.12/site-packages/airflow/example_dags/example_sla_dag.py
[2024-11-18T13:37:46.419+0000] {processor.py:914} INFO - Processing file /home/airflow/.local/lib/python3.12/site-packages/airflow/example_dags/example_sla_dag.py for tasks to queue
[2024-11-18T13:37:46.423+0000] {logging_mixin.py:190} INFO - [2024-11-18T13:37:46.422+0000] {dagbag.py:588} INFO - Filling up the DagBag from /home/airflow/.local/lib/python3.12/site-packages/airflow/example_dags/example_sla_dag.py
[2024-11-18T13:37:46.448+0000] {processor.py:925} INFO - DAG(s) 'example_sla_dag' retrieved from /home/airflow/.local/lib/python3.12/site-packages/airflow/example_dags/example_sla_dag.py
[2024-11-18T13:37:46.492+0000] {logging_mixin.py:190} INFO - [2024-11-18T13:37:46.491+0000] {dag.py:3239} INFO - Sync 1 DAGs
[2024-11-18T13:37:46.663+0000] {logging_mixin.py:190} INFO - [2024-11-18T13:37:46.663+0000] {dag.py:4180} INFO - Setting next_dagrun for example_sla_dag to 2024-11-18 13:34:00+00:00, run_after=2024-11-18 13:36:00+00:00
[2024-11-18T13:37:46.819+0000] {processor.py:208} INFO - Processing /home/airflow/.local/lib/python3.12/site-packages/airflow/example_dags/example_sla_dag.py took 0.415 seconds
[2024-11-18T13:38:45.938+0000] {processor.py:186} INFO - Started process (PID=232) to work on /home/airflow/.local/lib/python3.12/site-packages/airflow/example_dags/example_sla_dag.py
[2024-11-18T13:38:45.977+0000] {processor.py:914} INFO - Processing file /home/airflow/.local/lib/python3.12/site-packages/airflow/example_dags/example_sla_dag.py for tasks to queue
[2024-11-18T13:38:46.012+0000] {logging_mixin.py:190} INFO - [2024-11-18T13:38:46.012+0000] {dagbag.py:588} INFO - Filling up the DagBag from /home/airflow/.local/lib/python3.12/site-packages/airflow/example_dags/example_sla_dag.py
[2024-11-18T13:38:46.318+0000] {processor.py:925} INFO - DAG(s) 'example_sla_dag' retrieved from /home/airflow/.local/lib/python3.12/site-packages/airflow/example_dags/example_sla_dag.py
[2024-11-18T13:38:47.057+0000] {logging_mixin.py:190} INFO - [2024-11-18T13:38:47.057+0000] {dag.py:3239} INFO - Sync 1 DAGs
[2024-11-18T13:38:48.876+0000] {logging_mixin.py:190} INFO - [2024-11-18T13:38:48.875+0000] {dag.py:4180} INFO - Setting next_dagrun for example_sla_dag to 2024-11-18 13:36:00+00:00, run_after=2024-11-18 13:38:00+00:00
[2024-11-18T13:38:49.409+0000] {processor.py:208} INFO - Processing /home/airflow/.local/lib/python3.12/site-packages/airflow/example_dags/example_sla_dag.py took 3.615 seconds
[2024-11-18T13:39:56.199+0000] {processor.py:186} INFO - Started process (PID=307) to work on /home/airflow/.local/lib/python3.12/site-packages/airflow/example_dags/example_sla_dag.py
[2024-11-18T13:39:56.221+0000] {processor.py:914} INFO - Processing file /home/airflow/.local/lib/python3.12/site-packages/airflow/example_dags/example_sla_dag.py for tasks to queue
[2024-11-18T13:39:56.250+0000] {logging_mixin.py:190} INFO - [2024-11-18T13:39:56.247+0000] {dagbag.py:588} INFO - Filling up the DagBag from /home/airflow/.local/lib/python3.12/site-packages/airflow/example_dags/example_sla_dag.py
[2024-11-18T13:39:56.370+0000] {processor.py:925} INFO - DAG(s) 'example_sla_dag' retrieved from /home/airflow/.local/lib/python3.12/site-packages/airflow/example_dags/example_sla_dag.py
[2024-11-18T13:39:56.556+0000] {logging_mixin.py:190} INFO - [2024-11-18T13:39:56.555+0000] {dag.py:3239} INFO - Sync 1 DAGs
[2024-11-18T13:39:57.016+0000] {logging_mixin.py:190} INFO - [2024-11-18T13:39:57.016+0000] {dag.py:4180} INFO - Setting next_dagrun for example_sla_dag to 2024-11-18 13:36:00+00:00, run_after=2024-11-18 13:38:00+00:00
[2024-11-18T13:39:57.137+0000] {processor.py:208} INFO - Processing /home/airflow/.local/lib/python3.12/site-packages/airflow/example_dags/example_sla_dag.py took 1.015 seconds
[2024-11-18T13:40:45.836+0000] {processor.py:186} INFO - Started process (PID=369) to work on /home/airflow/.local/lib/python3.12/site-packages/airflow/example_dags/example_sla_dag.py
[2024-11-18T13:40:45.885+0000] {processor.py:914} INFO - Processing file /home/airflow/.local/lib/python3.12/site-packages/airflow/example_dags/example_sla_dag.py for tasks to queue
[2024-11-18T13:40:45.968+0000] {logging_mixin.py:190} INFO - [2024-11-18T13:40:45.967+0000] {dagbag.py:588} INFO - Filling up the DagBag from /home/airflow/.local/lib/python3.12/site-packages/airflow/example_dags/example_sla_dag.py
[2024-11-18T13:40:46.037+0000] {processor.py:925} INFO - DAG(s) 'example_sla_dag' retrieved from /home/airflow/.local/lib/python3.12/site-packages/airflow/example_dags/example_sla_dag.py
[2024-11-18T13:40:46.159+0000] {logging_mixin.py:190} INFO - [2024-11-18T13:40:46.158+0000] {dag.py:3239} INFO - Sync 1 DAGs
[2024-11-18T13:40:46.352+0000] {logging_mixin.py:190} INFO - [2024-11-18T13:40:46.351+0000] {dag.py:4180} INFO - Setting next_dagrun for example_sla_dag to 2024-11-18 13:38:00+00:00, run_after=2024-11-18 13:40:00+00:00
[2024-11-18T13:40:46.608+0000] {processor.py:208} INFO - Processing /home/airflow/.local/lib/python3.12/site-packages/airflow/example_dags/example_sla_dag.py took 0.823 seconds
[2024-11-18T13:41:17.121+0000] {processor.py:186} INFO - Started process (PID=431) to work on /home/airflow/.local/lib/python3.12/site-packages/airflow/example_dags/example_sla_dag.py
[2024-11-18T13:41:17.130+0000] {processor.py:914} INFO - Processing file /home/airflow/.local/lib/python3.12/site-packages/airflow/example_dags/example_sla_dag.py for tasks to queue
[2024-11-18T13:41:17.144+0000] {logging_mixin.py:190} INFO - [2024-11-18T13:41:17.143+0000] {dagbag.py:588} INFO - Filling up the DagBag from /home/airflow/.local/lib/python3.12/site-packages/airflow/example_dags/example_sla_dag.py
[2024-11-18T13:41:17.180+0000] {processor.py:925} INFO - DAG(s) 'example_sla_dag' retrieved from /home/airflow/.local/lib/python3.12/site-packages/airflow/example_dags/example_sla_dag.py
[2024-11-18T13:41:17.246+0000] {logging_mixin.py:190} INFO - [2024-11-18T13:41:17.245+0000] {dag.py:3239} INFO - Sync 1 DAGs
[2024-11-18T13:41:17.348+0000] {logging_mixin.py:190} INFO - [2024-11-18T13:41:17.347+0000] {dag.py:4180} INFO - Setting next_dagrun for example_sla_dag to 2024-11-18 13:38:00+00:00, run_after=2024-11-18 13:40:00+00:00
[2024-11-18T13:41:17.486+0000] {processor.py:208} INFO - Processing /home/airflow/.local/lib/python3.12/site-packages/airflow/example_dags/example_sla_dag.py took 0.383 seconds
[2024-11-18T13:41:48.200+0000] {processor.py:186} INFO - Started process (PID=493) to work on /home/airflow/.local/lib/python3.12/site-packages/airflow/example_dags/example_sla_dag.py
[2024-11-18T13:41:48.202+0000] {processor.py:914} INFO - Processing file /home/airflow/.local/lib/python3.12/site-packages/airflow/example_dags/example_sla_dag.py for tasks to queue
[2024-11-18T13:41:48.207+0000] {logging_mixin.py:190} INFO - [2024-11-18T13:41:48.207+0000] {dagbag.py:588} INFO - Filling up the DagBag from /home/airflow/.local/lib/python3.12/site-packages/airflow/example_dags/example_sla_dag.py
[2024-11-18T13:41:48.230+0000] {processor.py:925} INFO - DAG(s) 'example_sla_dag' retrieved from /home/airflow/.local/lib/python3.12/site-packages/airflow/example_dags/example_sla_dag.py
[2024-11-18T13:41:48.270+0000] {logging_mixin.py:190} INFO - [2024-11-18T13:41:48.269+0000] {dag.py:3239} INFO - Sync 1 DAGs
[2024-11-18T13:41:48.350+0000] {logging_mixin.py:190} INFO - [2024-11-18T13:41:48.350+0000] {dag.py:4180} INFO - Setting next_dagrun for example_sla_dag to 2024-11-18 13:38:00+00:00, run_after=2024-11-18 13:40:00+00:00
[2024-11-18T13:41:48.393+0000] {processor.py:208} INFO - Processing /home/airflow/.local/lib/python3.12/site-packages/airflow/example_dags/example_sla_dag.py took 0.216 seconds
[2024-11-18T13:42:18.555+0000] {processor.py:186} INFO - Started process (PID=555) to work on /home/airflow/.local/lib/python3.12/site-packages/airflow/example_dags/example_sla_dag.py
[2024-11-18T13:42:18.558+0000] {processor.py:914} INFO - Processing file /home/airflow/.local/lib/python3.12/site-packages/airflow/example_dags/example_sla_dag.py for tasks to queue
[2024-11-18T13:42:18.563+0000] {logging_mixin.py:190} INFO - [2024-11-18T13:42:18.562+0000] {dagbag.py:588} INFO - Filling up the DagBag from /home/airflow/.local/lib/python3.12/site-packages/airflow/example_dags/example_sla_dag.py
[2024-11-18T13:42:18.595+0000] {processor.py:925} INFO - DAG(s) 'example_sla_dag' retrieved from /home/airflow/.local/lib/python3.12/site-packages/airflow/example_dags/example_sla_dag.py
[2024-11-18T13:42:18.660+0000] {logging_mixin.py:190} INFO - [2024-11-18T13:42:18.660+0000] {dag.py:3239} INFO - Sync 1 DAGs
[2024-11-18T13:42:18.752+0000] {logging_mixin.py:190} INFO - [2024-11-18T13:42:18.751+0000] {dag.py:4180} INFO - Setting next_dagrun for example_sla_dag to 2024-11-18 13:40:00+00:00, run_after=2024-11-18 13:42:00+00:00
[2024-11-18T13:42:18.819+0000] {processor.py:208} INFO - Processing /home/airflow/.local/lib/python3.12/site-packages/airflow/example_dags/example_sla_dag.py took 0.277 seconds
[2024-11-18T13:42:55.666+0000] {processor.py:186} INFO - Started process (PID=624) to work on /home/airflow/.local/lib/python3.12/site-packages/airflow/example_dags/example_sla_dag.py
[2024-11-18T13:42:55.669+0000] {processor.py:914} INFO - Processing file /home/airflow/.local/lib/python3.12/site-packages/airflow/example_dags/example_sla_dag.py for tasks to queue
[2024-11-18T13:42:55.675+0000] {logging_mixin.py:190} INFO - [2024-11-18T13:42:55.674+0000] {dagbag.py:588} INFO - Filling up the DagBag from /home/airflow/.local/lib/python3.12/site-packages/airflow/example_dags/example_sla_dag.py
[2024-11-18T13:42:55.698+0000] {processor.py:925} INFO - DAG(s) 'example_sla_dag' retrieved from /home/airflow/.local/lib/python3.12/site-packages/airflow/example_dags/example_sla_dag.py
[2024-11-18T13:42:55.732+0000] {logging_mixin.py:190} INFO - [2024-11-18T13:42:55.732+0000] {dag.py:3239} INFO - Sync 1 DAGs
[2024-11-18T13:42:55.796+0000] {logging_mixin.py:190} INFO - [2024-11-18T13:42:55.796+0000] {dag.py:4180} INFO - Setting next_dagrun for example_sla_dag to 2024-11-18 13:40:00+00:00, run_after=2024-11-18 13:42:00+00:00
[2024-11-18T13:42:55.885+0000] {processor.py:208} INFO - Processing /home/airflow/.local/lib/python3.12/site-packages/airflow/example_dags/example_sla_dag.py took 0.235 seconds
[2024-11-18T13:43:28.395+0000] {processor.py:186} INFO - Started process (PID=685) to work on /home/airflow/.local/lib/python3.12/site-packages/airflow/example_dags/example_sla_dag.py
[2024-11-18T13:43:28.396+0000] {processor.py:914} INFO - Processing file /home/airflow/.local/lib/python3.12/site-packages/airflow/example_dags/example_sla_dag.py for tasks to queue
[2024-11-18T13:43:28.400+0000] {logging_mixin.py:190} INFO - [2024-11-18T13:43:28.400+0000] {dagbag.py:588} INFO - Filling up the DagBag from /home/airflow/.local/lib/python3.12/site-packages/airflow/example_dags/example_sla_dag.py
[2024-11-18T13:43:28.418+0000] {processor.py:925} INFO - DAG(s) 'example_sla_dag' retrieved from /home/airflow/.local/lib/python3.12/site-packages/airflow/example_dags/example_sla_dag.py
[2024-11-18T13:43:28.455+0000] {logging_mixin.py:190} INFO - [2024-11-18T13:43:28.455+0000] {dag.py:3239} INFO - Sync 1 DAGs
[2024-11-18T13:43:28.498+0000] {logging_mixin.py:190} INFO - [2024-11-18T13:43:28.498+0000] {dag.py:4180} INFO - Setting next_dagrun for example_sla_dag to 2024-11-18 13:40:00+00:00, run_after=2024-11-18 13:42:00+00:00
[2024-11-18T13:43:28.524+0000] {processor.py:208} INFO - Processing /home/airflow/.local/lib/python3.12/site-packages/airflow/example_dags/example_sla_dag.py took 0.137 seconds
[2024-11-18T13:43:59.069+0000] {processor.py:186} INFO - Started process (PID=747) to work on /home/airflow/.local/lib/python3.12/site-packages/airflow/example_dags/example_sla_dag.py
[2024-11-18T13:43:59.071+0000] {processor.py:914} INFO - Processing file /home/airflow/.local/lib/python3.12/site-packages/airflow/example_dags/example_sla_dag.py for tasks to queue
[2024-11-18T13:43:59.075+0000] {logging_mixin.py:190} INFO - [2024-11-18T13:43:59.074+0000] {dagbag.py:588} INFO - Filling up the DagBag from /home/airflow/.local/lib/python3.12/site-packages/airflow/example_dags/example_sla_dag.py
[2024-11-18T13:43:59.089+0000] {processor.py:925} INFO - DAG(s) 'example_sla_dag' retrieved from /home/airflow/.local/lib/python3.12/site-packages/airflow/example_dags/example_sla_dag.py
[2024-11-18T13:43:59.113+0000] {logging_mixin.py:190} INFO - [2024-11-18T13:43:59.112+0000] {dag.py:3239} INFO - Sync 1 DAGs
[2024-11-18T13:43:59.144+0000] {logging_mixin.py:190} INFO - [2024-11-18T13:43:59.143+0000] {dag.py:4180} INFO - Setting next_dagrun for example_sla_dag to 2024-11-18 13:40:00+00:00, run_after=2024-11-18 13:42:00+00:00
[2024-11-18T13:43:59.183+0000] {processor.py:208} INFO - Processing /home/airflow/.local/lib/python3.12/site-packages/airflow/example_dags/example_sla_dag.py took 0.124 seconds
[2024-11-18T13:44:32.504+0000] {processor.py:186} INFO - Started process (PID=809) to work on /home/airflow/.local/lib/python3.12/site-packages/airflow/example_dags/example_sla_dag.py
[2024-11-18T13:44:32.521+0000] {processor.py:914} INFO - Processing file /home/airflow/.local/lib/python3.12/site-packages/airflow/example_dags/example_sla_dag.py for tasks to queue
[2024-11-18T13:44:32.532+0000] {logging_mixin.py:190} INFO - [2024-11-18T13:44:32.532+0000] {dagbag.py:588} INFO - Filling up the DagBag from /home/airflow/.local/lib/python3.12/site-packages/airflow/example_dags/example_sla_dag.py
[2024-11-18T13:44:32.560+0000] {processor.py:925} INFO - DAG(s) 'example_sla_dag' retrieved from /home/airflow/.local/lib/python3.12/site-packages/airflow/example_dags/example_sla_dag.py
[2024-11-18T13:44:32.629+0000] {logging_mixin.py:190} INFO - [2024-11-18T13:44:32.629+0000] {dag.py:3239} INFO - Sync 1 DAGs
[2024-11-18T13:44:32.843+0000] {logging_mixin.py:190} INFO - [2024-11-18T13:44:32.843+0000] {dag.py:4180} INFO - Setting next_dagrun for example_sla_dag to 2024-11-18 13:42:00+00:00, run_after=2024-11-18 13:44:00+00:00
[2024-11-18T13:44:32.958+0000] {processor.py:208} INFO - Processing /home/airflow/.local/lib/python3.12/site-packages/airflow/example_dags/example_sla_dag.py took 0.460 seconds
[2024-11-18T13:45:03.377+0000] {processor.py:186} INFO - Started process (PID=872) to work on /home/airflow/.local/lib/python3.12/site-packages/airflow/example_dags/example_sla_dag.py
[2024-11-18T13:45:03.378+0000] {processor.py:914} INFO - Processing file /home/airflow/.local/lib/python3.12/site-packages/airflow/example_dags/example_sla_dag.py for tasks to queue
[2024-11-18T13:45:03.381+0000] {logging_mixin.py:190} INFO - [2024-11-18T13:45:03.380+0000] {dagbag.py:588} INFO - Filling up the DagBag from /home/airflow/.local/lib/python3.12/site-packages/airflow/example_dags/example_sla_dag.py
[2024-11-18T13:45:03.392+0000] {processor.py:925} INFO - DAG(s) 'example_sla_dag' retrieved from /home/airflow/.local/lib/python3.12/site-packages/airflow/example_dags/example_sla_dag.py
[2024-11-18T13:45:03.410+0000] {logging_mixin.py:190} INFO - [2024-11-18T13:45:03.410+0000] {dag.py:3239} INFO - Sync 1 DAGs
[2024-11-18T13:45:03.437+0000] {logging_mixin.py:190} INFO - [2024-11-18T13:45:03.437+0000] {dag.py:4180} INFO - Setting next_dagrun for example_sla_dag to 2024-11-18 13:42:00+00:00, run_after=2024-11-18 13:44:00+00:00
[2024-11-18T13:45:03.463+0000] {processor.py:208} INFO - Processing /home/airflow/.local/lib/python3.12/site-packages/airflow/example_dags/example_sla_dag.py took 0.093 seconds
[2024-11-18T13:45:34.108+0000] {processor.py:186} INFO - Started process (PID=935) to work on /home/airflow/.local/lib/python3.12/site-packages/airflow/example_dags/example_sla_dag.py
[2024-11-18T13:45:34.110+0000] {processor.py:914} INFO - Processing file /home/airflow/.local/lib/python3.12/site-packages/airflow/example_dags/example_sla_dag.py for tasks to queue
[2024-11-18T13:45:34.113+0000] {logging_mixin.py:190} INFO - [2024-11-18T13:45:34.113+0000] {dagbag.py:588} INFO - Filling up the DagBag from /home/airflow/.local/lib/python3.12/site-packages/airflow/example_dags/example_sla_dag.py
[2024-11-18T13:45:34.125+0000] {processor.py:925} INFO - DAG(s) 'example_sla_dag' retrieved from /home/airflow/.local/lib/python3.12/site-packages/airflow/example_dags/example_sla_dag.py
[2024-11-18T13:45:34.151+0000] {logging_mixin.py:190} INFO - [2024-11-18T13:45:34.151+0000] {dag.py:3239} INFO - Sync 1 DAGs
[2024-11-18T13:45:34.189+0000] {logging_mixin.py:190} INFO - [2024-11-18T13:45:34.189+0000] {dag.py:4180} INFO - Setting next_dagrun for example_sla_dag to 2024-11-18 13:42:00+00:00, run_after=2024-11-18 13:44:00+00:00
[2024-11-18T13:45:34.218+0000] {processor.py:208} INFO - Processing /home/airflow/.local/lib/python3.12/site-packages/airflow/example_dags/example_sla_dag.py took 0.117 seconds
[2024-11-18T13:46:29.879+0000] {processor.py:186} INFO - Started process (PID=996) to work on /home/airflow/.local/lib/python3.12/site-packages/airflow/example_dags/example_sla_dag.py
[2024-11-18T13:46:29.882+0000] {processor.py:914} INFO - Processing file /home/airflow/.local/lib/python3.12/site-packages/airflow/example_dags/example_sla_dag.py for tasks to queue
[2024-11-18T13:46:29.898+0000] {logging_mixin.py:190} INFO - [2024-11-18T13:46:29.897+0000] {dagbag.py:588} INFO - Filling up the DagBag from /home/airflow/.local/lib/python3.12/site-packages/airflow/example_dags/example_sla_dag.py
[2024-11-18T13:46:29.996+0000] {processor.py:925} INFO - DAG(s) 'example_sla_dag' retrieved from /home/airflow/.local/lib/python3.12/site-packages/airflow/example_dags/example_sla_dag.py
[2024-11-18T13:46:30.141+0000] {logging_mixin.py:190} INFO - [2024-11-18T13:46:30.141+0000] {dag.py:3239} INFO - Sync 1 DAGs
[2024-11-18T13:46:30.436+0000] {logging_mixin.py:190} INFO - [2024-11-18T13:46:30.435+0000] {dag.py:4180} INFO - Setting next_dagrun for example_sla_dag to 2024-11-18 13:44:00+00:00, run_after=2024-11-18 13:46:00+00:00
[2024-11-18T13:46:30.588+0000] {processor.py:208} INFO - Processing /home/airflow/.local/lib/python3.12/site-packages/airflow/example_dags/example_sla_dag.py took 0.762 seconds
[2024-11-18T13:47:01.154+0000] {processor.py:186} INFO - Started process (PID=1059) to work on /home/airflow/.local/lib/python3.12/site-packages/airflow/example_dags/example_sla_dag.py
[2024-11-18T13:47:01.167+0000] {processor.py:914} INFO - Processing file /home/airflow/.local/lib/python3.12/site-packages/airflow/example_dags/example_sla_dag.py for tasks to queue
[2024-11-18T13:47:01.172+0000] {logging_mixin.py:190} INFO - [2024-11-18T13:47:01.171+0000] {dagbag.py:588} INFO - Filling up the DagBag from /home/airflow/.local/lib/python3.12/site-packages/airflow/example_dags/example_sla_dag.py
[2024-11-18T13:47:01.262+0000] {processor.py:925} INFO - DAG(s) 'example_sla_dag' retrieved from /home/airflow/.local/lib/python3.12/site-packages/airflow/example_dags/example_sla_dag.py
[2024-11-18T13:47:01.355+0000] {logging_mixin.py:190} INFO - [2024-11-18T13:47:01.355+0000] {dag.py:3239} INFO - Sync 1 DAGs
[2024-11-18T13:47:01.418+0000] {logging_mixin.py:190} INFO - [2024-11-18T13:47:01.418+0000] {dag.py:4180} INFO - Setting next_dagrun for example_sla_dag to 2024-11-18 13:44:00+00:00, run_after=2024-11-18 13:46:00+00:00
[2024-11-18T13:47:01.506+0000] {processor.py:208} INFO - Processing /home/airflow/.local/lib/python3.12/site-packages/airflow/example_dags/example_sla_dag.py took 0.378 seconds
