[2024-11-18T07:00:34.318+0000] {processor.py:186} INFO - Started process (PID=135) to work on /home/airflow/.local/lib/python3.12/site-packages/airflow/example_dags/example_bash_operator.py
[2024-11-18T07:00:34.343+0000] {processor.py:914} INFO - Processing file /home/airflow/.local/lib/python3.12/site-packages/airflow/example_dags/example_bash_operator.py for tasks to queue
[2024-11-18T07:00:34.399+0000] {logging_mixin.py:190} INFO - [2024-11-18T07:00:34.396+0000] {dagbag.py:588} INFO - Filling up the DagBag from /home/airflow/.local/lib/python3.12/site-packages/airflow/example_dags/example_bash_operator.py
[2024-11-18T07:00:35.100+0000] {processor.py:925} INFO - DAG(s) 'example_bash_operator' retrieved from /home/airflow/.local/lib/python3.12/site-packages/airflow/example_dags/example_bash_operator.py
[2024-11-18T07:00:36.779+0000] {logging_mixin.py:190} INFO - [2024-11-18T07:00:36.778+0000] {dag.py:3239} INFO - Sync 1 DAGs
[2024-11-18T07:00:37.190+0000] {logging_mixin.py:190} INFO - [2024-11-18T07:00:37.189+0000] {dag.py:4180} INFO - Setting next_dagrun for example_bash_operator to 2024-11-17 00:00:00+00:00, run_after=2024-11-18 00:00:00+00:00
[2024-11-18T07:00:37.685+0000] {processor.py:208} INFO - Processing /home/airflow/.local/lib/python3.12/site-packages/airflow/example_dags/example_bash_operator.py took 3.403 seconds
[2024-11-18T07:06:39.015+0000] {processor.py:186} INFO - Started process (PID=295) to work on /home/airflow/.local/lib/python3.12/site-packages/airflow/example_dags/example_bash_operator.py
[2024-11-18T07:06:39.029+0000] {processor.py:914} INFO - Processing file /home/airflow/.local/lib/python3.12/site-packages/airflow/example_dags/example_bash_operator.py for tasks to queue
[2024-11-18T07:06:39.062+0000] {logging_mixin.py:190} INFO - [2024-11-18T07:06:39.061+0000] {dagbag.py:588} INFO - Filling up the DagBag from /home/airflow/.local/lib/python3.12/site-packages/airflow/example_dags/example_bash_operator.py
[2024-11-18T07:06:39.352+0000] {processor.py:925} INFO - DAG(s) 'example_bash_operator' retrieved from /home/airflow/.local/lib/python3.12/site-packages/airflow/example_dags/example_bash_operator.py
[2024-11-18T07:06:40.041+0000] {logging_mixin.py:190} INFO - [2024-11-18T07:06:40.040+0000] {dag.py:3239} INFO - Sync 1 DAGs
[2024-11-18T07:06:40.874+0000] {logging_mixin.py:190} INFO - [2024-11-18T07:06:40.873+0000] {dag.py:4180} INFO - Setting next_dagrun for example_bash_operator to 2024-11-17 00:00:00+00:00, run_after=2024-11-18 00:00:00+00:00
[2024-11-18T07:06:41.608+0000] {processor.py:208} INFO - Processing /home/airflow/.local/lib/python3.12/site-packages/airflow/example_dags/example_bash_operator.py took 2.749 seconds
[2024-11-18T07:13:29.339+0000] {processor.py:186} INFO - Started process (PID=440) to work on /home/airflow/.local/lib/python3.12/site-packages/airflow/example_dags/example_bash_operator.py
[2024-11-18T07:13:29.366+0000] {processor.py:914} INFO - Processing file /home/airflow/.local/lib/python3.12/site-packages/airflow/example_dags/example_bash_operator.py for tasks to queue
[2024-11-18T07:13:29.431+0000] {logging_mixin.py:190} INFO - [2024-11-18T07:13:29.427+0000] {dagbag.py:588} INFO - Filling up the DagBag from /home/airflow/.local/lib/python3.12/site-packages/airflow/example_dags/example_bash_operator.py
[2024-11-18T07:13:30.279+0000] {processor.py:925} INFO - DAG(s) 'example_bash_operator' retrieved from /home/airflow/.local/lib/python3.12/site-packages/airflow/example_dags/example_bash_operator.py
[2024-11-18T07:13:31.416+0000] {logging_mixin.py:190} INFO - [2024-11-18T07:13:31.415+0000] {dag.py:3239} INFO - Sync 1 DAGs
[2024-11-18T07:13:31.962+0000] {logging_mixin.py:190} INFO - [2024-11-18T07:13:31.962+0000] {dag.py:4180} INFO - Setting next_dagrun for example_bash_operator to 2024-11-17 00:00:00+00:00, run_after=2024-11-18 00:00:00+00:00
[2024-11-18T07:13:32.451+0000] {processor.py:208} INFO - Processing /home/airflow/.local/lib/python3.12/site-packages/airflow/example_dags/example_bash_operator.py took 3.424 seconds
[2024-11-18T07:22:05.123+0000] {processor.py:186} INFO - Started process (PID=567) to work on /home/airflow/.local/lib/python3.12/site-packages/airflow/example_dags/example_bash_operator.py
[2024-11-18T07:22:05.153+0000] {processor.py:914} INFO - Processing file /home/airflow/.local/lib/python3.12/site-packages/airflow/example_dags/example_bash_operator.py for tasks to queue
[2024-11-18T07:22:05.183+0000] {logging_mixin.py:190} INFO - [2024-11-18T07:22:05.168+0000] {dagbag.py:588} INFO - Filling up the DagBag from /home/airflow/.local/lib/python3.12/site-packages/airflow/example_dags/example_bash_operator.py
[2024-11-18T07:22:05.691+0000] {processor.py:925} INFO - DAG(s) 'example_bash_operator' retrieved from /home/airflow/.local/lib/python3.12/site-packages/airflow/example_dags/example_bash_operator.py
[2024-11-18T07:22:07.820+0000] {logging_mixin.py:190} INFO - [2024-11-18T07:22:07.819+0000] {dag.py:3239} INFO - Sync 1 DAGs
[2024-11-18T07:22:11.026+0000] {logging_mixin.py:190} INFO - [2024-11-18T07:22:11.025+0000] {dag.py:4180} INFO - Setting next_dagrun for example_bash_operator to 2024-11-17 00:00:00+00:00, run_after=2024-11-18 00:00:00+00:00
[2024-11-18T07:22:11.842+0000] {processor.py:208} INFO - Processing /home/airflow/.local/lib/python3.12/site-packages/airflow/example_dags/example_bash_operator.py took 6.837 seconds
[2024-11-18T07:33:31.197+0000] {processor.py:186} INFO - Started process (PID=779) to work on /home/airflow/.local/lib/python3.12/site-packages/airflow/example_dags/example_bash_operator.py
[2024-11-18T07:33:31.246+0000] {processor.py:914} INFO - Processing file /home/airflow/.local/lib/python3.12/site-packages/airflow/example_dags/example_bash_operator.py for tasks to queue
[2024-11-18T07:33:31.334+0000] {logging_mixin.py:190} INFO - [2024-11-18T07:33:31.257+0000] {dagbag.py:588} INFO - Filling up the DagBag from /home/airflow/.local/lib/python3.12/site-packages/airflow/example_dags/example_bash_operator.py
[2024-11-18T07:33:33.082+0000] {processor.py:925} INFO - DAG(s) 'example_bash_operator' retrieved from /home/airflow/.local/lib/python3.12/site-packages/airflow/example_dags/example_bash_operator.py
[2024-11-18T07:33:38.319+0000] {logging_mixin.py:190} INFO - [2024-11-18T07:33:38.316+0000] {dag.py:3239} INFO - Sync 1 DAGs
[2024-11-18T07:33:44.240+0000] {logging_mixin.py:190} INFO - [2024-11-18T07:33:44.238+0000] {dag.py:4180} INFO - Setting next_dagrun for example_bash_operator to 2024-11-17 00:00:00+00:00, run_after=2024-11-18 00:00:00+00:00
[2024-11-18T07:33:47.804+0000] {processor.py:208} INFO - Processing /home/airflow/.local/lib/python3.12/site-packages/airflow/example_dags/example_bash_operator.py took 17.669 seconds
[2024-11-18T07:42:40.112+0000] {processor.py:186} INFO - Started process (PID=965) to work on /home/airflow/.local/lib/python3.12/site-packages/airflow/example_dags/example_bash_operator.py
[2024-11-18T07:42:40.187+0000] {processor.py:914} INFO - Processing file /home/airflow/.local/lib/python3.12/site-packages/airflow/example_dags/example_bash_operator.py for tasks to queue
[2024-11-18T07:42:40.268+0000] {logging_mixin.py:190} INFO - [2024-11-18T07:42:40.266+0000] {dagbag.py:588} INFO - Filling up the DagBag from /home/airflow/.local/lib/python3.12/site-packages/airflow/example_dags/example_bash_operator.py
[2024-11-18T07:42:42.226+0000] {processor.py:925} INFO - DAG(s) 'example_bash_operator' retrieved from /home/airflow/.local/lib/python3.12/site-packages/airflow/example_dags/example_bash_operator.py
[2024-11-18T07:42:43.392+0000] {logging_mixin.py:190} INFO - [2024-11-18T07:42:43.391+0000] {dag.py:3239} INFO - Sync 1 DAGs
[2024-11-18T07:42:44.143+0000] {logging_mixin.py:190} INFO - [2024-11-18T07:42:44.142+0000] {dag.py:4180} INFO - Setting next_dagrun for example_bash_operator to 2024-11-17 00:00:00+00:00, run_after=2024-11-18 00:00:00+00:00
[2024-11-18T07:42:46.454+0000] {processor.py:208} INFO - Processing /home/airflow/.local/lib/python3.12/site-packages/airflow/example_dags/example_bash_operator.py took 6.549 seconds
[2024-11-18T07:48:52.262+0000] {processor.py:186} INFO - Started process (PID=1123) to work on /home/airflow/.local/lib/python3.12/site-packages/airflow/example_dags/example_bash_operator.py
[2024-11-18T07:48:52.335+0000] {processor.py:914} INFO - Processing file /home/airflow/.local/lib/python3.12/site-packages/airflow/example_dags/example_bash_operator.py for tasks to queue
[2024-11-18T07:48:52.381+0000] {logging_mixin.py:190} INFO - [2024-11-18T07:48:52.348+0000] {dagbag.py:588} INFO - Filling up the DagBag from /home/airflow/.local/lib/python3.12/site-packages/airflow/example_dags/example_bash_operator.py
[2024-11-18T07:48:53.092+0000] {processor.py:925} INFO - DAG(s) 'example_bash_operator' retrieved from /home/airflow/.local/lib/python3.12/site-packages/airflow/example_dags/example_bash_operator.py
[2024-11-18T07:48:54.371+0000] {logging_mixin.py:190} INFO - [2024-11-18T07:48:54.370+0000] {dag.py:3239} INFO - Sync 1 DAGs
[2024-11-18T07:48:55.951+0000] {logging_mixin.py:190} INFO - [2024-11-18T07:48:55.950+0000] {dag.py:4180} INFO - Setting next_dagrun for example_bash_operator to 2024-11-17 00:00:00+00:00, run_after=2024-11-18 00:00:00+00:00
[2024-11-18T07:48:57.462+0000] {processor.py:208} INFO - Processing /home/airflow/.local/lib/python3.12/site-packages/airflow/example_dags/example_bash_operator.py took 5.417 seconds
[2024-11-18T07:52:34.411+0000] {processor.py:186} INFO - Started process (PID=1244) to work on /home/airflow/.local/lib/python3.12/site-packages/airflow/example_dags/example_bash_operator.py
[2024-11-18T07:52:34.447+0000] {processor.py:914} INFO - Processing file /home/airflow/.local/lib/python3.12/site-packages/airflow/example_dags/example_bash_operator.py for tasks to queue
[2024-11-18T07:52:34.461+0000] {logging_mixin.py:190} INFO - [2024-11-18T07:52:34.460+0000] {dagbag.py:588} INFO - Filling up the DagBag from /home/airflow/.local/lib/python3.12/site-packages/airflow/example_dags/example_bash_operator.py
[2024-11-18T07:52:35.308+0000] {processor.py:925} INFO - DAG(s) 'example_bash_operator' retrieved from /home/airflow/.local/lib/python3.12/site-packages/airflow/example_dags/example_bash_operator.py
[2024-11-18T07:52:36.537+0000] {logging_mixin.py:190} INFO - [2024-11-18T07:52:36.536+0000] {dag.py:3239} INFO - Sync 1 DAGs
[2024-11-18T07:52:40.437+0000] {logging_mixin.py:190} INFO - [2024-11-18T07:52:40.395+0000] {dag.py:4180} INFO - Setting next_dagrun for example_bash_operator to 2024-11-17 00:00:00+00:00, run_after=2024-11-18 00:00:00+00:00
[2024-11-18T07:52:43.003+0000] {processor.py:208} INFO - Processing /home/airflow/.local/lib/python3.12/site-packages/airflow/example_dags/example_bash_operator.py took 8.836 seconds
[2024-11-18T07:57:07.320+0000] {processor.py:186} INFO - Started process (PID=1389) to work on /home/airflow/.local/lib/python3.12/site-packages/airflow/example_dags/example_bash_operator.py
[2024-11-18T07:57:07.348+0000] {processor.py:914} INFO - Processing file /home/airflow/.local/lib/python3.12/site-packages/airflow/example_dags/example_bash_operator.py for tasks to queue
[2024-11-18T07:57:07.361+0000] {logging_mixin.py:190} INFO - [2024-11-18T07:57:07.360+0000] {dagbag.py:588} INFO - Filling up the DagBag from /home/airflow/.local/lib/python3.12/site-packages/airflow/example_dags/example_bash_operator.py
[2024-11-18T07:57:07.750+0000] {processor.py:925} INFO - DAG(s) 'example_bash_operator' retrieved from /home/airflow/.local/lib/python3.12/site-packages/airflow/example_dags/example_bash_operator.py
[2024-11-18T07:57:08.639+0000] {logging_mixin.py:190} INFO - [2024-11-18T07:57:08.639+0000] {dag.py:3239} INFO - Sync 1 DAGs
[2024-11-18T07:57:09.061+0000] {logging_mixin.py:190} INFO - [2024-11-18T07:57:09.038+0000] {dag.py:4180} INFO - Setting next_dagrun for example_bash_operator to 2024-11-17 00:00:00+00:00, run_after=2024-11-18 00:00:00+00:00
[2024-11-18T07:57:09.648+0000] {processor.py:208} INFO - Processing /home/airflow/.local/lib/python3.12/site-packages/airflow/example_dags/example_bash_operator.py took 2.492 seconds
[2024-11-18T08:00:27.959+0000] {processor.py:186} INFO - Started process (PID=1510) to work on /home/airflow/.local/lib/python3.12/site-packages/airflow/example_dags/example_bash_operator.py
[2024-11-18T08:00:28.043+0000] {processor.py:914} INFO - Processing file /home/airflow/.local/lib/python3.12/site-packages/airflow/example_dags/example_bash_operator.py for tasks to queue
[2024-11-18T08:00:28.056+0000] {logging_mixin.py:190} INFO - [2024-11-18T08:00:28.054+0000] {dagbag.py:588} INFO - Filling up the DagBag from /home/airflow/.local/lib/python3.12/site-packages/airflow/example_dags/example_bash_operator.py
[2024-11-18T08:00:28.877+0000] {processor.py:925} INFO - DAG(s) 'example_bash_operator' retrieved from /home/airflow/.local/lib/python3.12/site-packages/airflow/example_dags/example_bash_operator.py
[2024-11-18T08:00:29.788+0000] {logging_mixin.py:190} INFO - [2024-11-18T08:00:29.787+0000] {dag.py:3239} INFO - Sync 1 DAGs
[2024-11-18T08:00:30.509+0000] {logging_mixin.py:190} INFO - [2024-11-18T08:00:30.507+0000] {dag.py:4180} INFO - Setting next_dagrun for example_bash_operator to 2024-11-17 00:00:00+00:00, run_after=2024-11-18 00:00:00+00:00
[2024-11-18T08:00:30.863+0000] {processor.py:208} INFO - Processing /home/airflow/.local/lib/python3.12/site-packages/airflow/example_dags/example_bash_operator.py took 2.922 seconds
[2024-11-18T08:05:30.292+0000] {processor.py:186} INFO - Started process (PID=1662) to work on /home/airflow/.local/lib/python3.12/site-packages/airflow/example_dags/example_bash_operator.py
[2024-11-18T08:05:30.406+0000] {processor.py:914} INFO - Processing file /home/airflow/.local/lib/python3.12/site-packages/airflow/example_dags/example_bash_operator.py for tasks to queue
[2024-11-18T08:05:30.492+0000] {logging_mixin.py:190} INFO - [2024-11-18T08:05:30.490+0000] {dagbag.py:588} INFO - Filling up the DagBag from /home/airflow/.local/lib/python3.12/site-packages/airflow/example_dags/example_bash_operator.py
[2024-11-18T08:05:31.594+0000] {processor.py:925} INFO - DAG(s) 'example_bash_operator' retrieved from /home/airflow/.local/lib/python3.12/site-packages/airflow/example_dags/example_bash_operator.py
[2024-11-18T08:05:33.226+0000] {logging_mixin.py:190} INFO - [2024-11-18T08:05:33.225+0000] {dag.py:3239} INFO - Sync 1 DAGs
[2024-11-18T08:05:34.379+0000] {logging_mixin.py:190} INFO - [2024-11-18T08:05:34.378+0000] {dag.py:4180} INFO - Setting next_dagrun for example_bash_operator to 2024-11-17 00:00:00+00:00, run_after=2024-11-18 00:00:00+00:00
[2024-11-18T08:05:35.727+0000] {processor.py:208} INFO - Processing /home/airflow/.local/lib/python3.12/site-packages/airflow/example_dags/example_bash_operator.py took 5.731 seconds
[2024-11-18T08:11:32.662+0000] {processor.py:186} INFO - Started process (PID=1764) to work on /home/airflow/.local/lib/python3.12/site-packages/airflow/example_dags/example_bash_operator.py
[2024-11-18T08:11:32.704+0000] {processor.py:914} INFO - Processing file /home/airflow/.local/lib/python3.12/site-packages/airflow/example_dags/example_bash_operator.py for tasks to queue
[2024-11-18T08:11:32.721+0000] {logging_mixin.py:190} INFO - [2024-11-18T08:11:32.718+0000] {dagbag.py:588} INFO - Filling up the DagBag from /home/airflow/.local/lib/python3.12/site-packages/airflow/example_dags/example_bash_operator.py
[2024-11-18T08:11:33.341+0000] {processor.py:925} INFO - DAG(s) 'example_bash_operator' retrieved from /home/airflow/.local/lib/python3.12/site-packages/airflow/example_dags/example_bash_operator.py
[2024-11-18T08:11:34.296+0000] {logging_mixin.py:190} INFO - [2024-11-18T08:11:34.294+0000] {dag.py:3239} INFO - Sync 1 DAGs
[2024-11-18T08:11:35.536+0000] {logging_mixin.py:190} INFO - [2024-11-18T08:11:35.484+0000] {dag.py:4180} INFO - Setting next_dagrun for example_bash_operator to 2024-11-17 00:00:00+00:00, run_after=2024-11-18 00:00:00+00:00
[2024-11-18T08:11:36.523+0000] {processor.py:208} INFO - Processing /home/airflow/.local/lib/python3.12/site-packages/airflow/example_dags/example_bash_operator.py took 4.208 seconds
[2024-11-18T08:14:26.881+0000] {processor.py:186} INFO - Started process (PID=1846) to work on /home/airflow/.local/lib/python3.12/site-packages/airflow/example_dags/example_bash_operator.py
[2024-11-18T08:14:26.927+0000] {processor.py:914} INFO - Processing file /home/airflow/.local/lib/python3.12/site-packages/airflow/example_dags/example_bash_operator.py for tasks to queue
[2024-11-18T08:14:26.951+0000] {logging_mixin.py:190} INFO - [2024-11-18T08:14:26.949+0000] {dagbag.py:588} INFO - Filling up the DagBag from /home/airflow/.local/lib/python3.12/site-packages/airflow/example_dags/example_bash_operator.py
[2024-11-18T08:14:27.256+0000] {processor.py:925} INFO - DAG(s) 'example_bash_operator' retrieved from /home/airflow/.local/lib/python3.12/site-packages/airflow/example_dags/example_bash_operator.py
[2024-11-18T08:14:28.128+0000] {logging_mixin.py:190} INFO - [2024-11-18T08:14:28.128+0000] {dag.py:3239} INFO - Sync 1 DAGs
[2024-11-18T08:14:28.558+0000] {logging_mixin.py:190} INFO - [2024-11-18T08:14:28.558+0000] {dag.py:4180} INFO - Setting next_dagrun for example_bash_operator to 2024-11-17 00:00:00+00:00, run_after=2024-11-18 00:00:00+00:00
[2024-11-18T08:14:28.859+0000] {processor.py:208} INFO - Processing /home/airflow/.local/lib/python3.12/site-packages/airflow/example_dags/example_bash_operator.py took 2.055 seconds
[2024-11-18T08:21:50.470+0000] {processor.py:186} INFO - Started process (PID=2016) to work on /home/airflow/.local/lib/python3.12/site-packages/airflow/example_dags/example_bash_operator.py
[2024-11-18T08:21:50.497+0000] {processor.py:914} INFO - Processing file /home/airflow/.local/lib/python3.12/site-packages/airflow/example_dags/example_bash_operator.py for tasks to queue
[2024-11-18T08:21:50.514+0000] {logging_mixin.py:190} INFO - [2024-11-18T08:21:50.502+0000] {dagbag.py:588} INFO - Filling up the DagBag from /home/airflow/.local/lib/python3.12/site-packages/airflow/example_dags/example_bash_operator.py
[2024-11-18T08:21:54.161+0000] {processor.py:925} INFO - DAG(s) 'example_bash_operator' retrieved from /home/airflow/.local/lib/python3.12/site-packages/airflow/example_dags/example_bash_operator.py
[2024-11-18T08:21:59.273+0000] {logging_mixin.py:190} INFO - [2024-11-18T08:21:59.272+0000] {dag.py:3239} INFO - Sync 1 DAGs
[2024-11-18T08:22:05.056+0000] {logging_mixin.py:190} INFO - [2024-11-18T08:22:05.055+0000] {dag.py:4180} INFO - Setting next_dagrun for example_bash_operator to 2024-11-17 00:00:00+00:00, run_after=2024-11-18 00:00:00+00:00
[2024-11-18T08:22:08.308+0000] {processor.py:208} INFO - Processing /home/airflow/.local/lib/python3.12/site-packages/airflow/example_dags/example_bash_operator.py took 19.161 seconds
[2024-11-18T08:29:38.215+0000] {processor.py:186} INFO - Started process (PID=2139) to work on /home/airflow/.local/lib/python3.12/site-packages/airflow/example_dags/example_bash_operator.py
[2024-11-18T08:29:38.241+0000] {processor.py:914} INFO - Processing file /home/airflow/.local/lib/python3.12/site-packages/airflow/example_dags/example_bash_operator.py for tasks to queue
[2024-11-18T08:29:38.255+0000] {logging_mixin.py:190} INFO - [2024-11-18T08:29:38.254+0000] {dagbag.py:588} INFO - Filling up the DagBag from /home/airflow/.local/lib/python3.12/site-packages/airflow/example_dags/example_bash_operator.py
[2024-11-18T08:29:39.491+0000] {processor.py:925} INFO - DAG(s) 'example_bash_operator' retrieved from /home/airflow/.local/lib/python3.12/site-packages/airflow/example_dags/example_bash_operator.py
[2024-11-18T08:29:40.294+0000] {logging_mixin.py:190} INFO - [2024-11-18T08:29:40.294+0000] {dag.py:3239} INFO - Sync 1 DAGs
[2024-11-18T08:29:41.438+0000] {logging_mixin.py:190} INFO - [2024-11-18T08:29:41.436+0000] {dag.py:4180} INFO - Setting next_dagrun for example_bash_operator to 2024-11-17 00:00:00+00:00, run_after=2024-11-18 00:00:00+00:00
[2024-11-18T08:29:41.945+0000] {processor.py:208} INFO - Processing /home/airflow/.local/lib/python3.12/site-packages/airflow/example_dags/example_bash_operator.py took 4.410 seconds
[2024-11-18T08:33:05.408+0000] {processor.py:186} INFO - Started process (PID=2235) to work on /home/airflow/.local/lib/python3.12/site-packages/airflow/example_dags/example_bash_operator.py
[2024-11-18T08:33:05.487+0000] {processor.py:914} INFO - Processing file /home/airflow/.local/lib/python3.12/site-packages/airflow/example_dags/example_bash_operator.py for tasks to queue
[2024-11-18T08:33:05.511+0000] {logging_mixin.py:190} INFO - [2024-11-18T08:33:05.509+0000] {dagbag.py:588} INFO - Filling up the DagBag from /home/airflow/.local/lib/python3.12/site-packages/airflow/example_dags/example_bash_operator.py
[2024-11-18T08:33:05.963+0000] {processor.py:925} INFO - DAG(s) 'example_bash_operator' retrieved from /home/airflow/.local/lib/python3.12/site-packages/airflow/example_dags/example_bash_operator.py
[2024-11-18T08:33:07.108+0000] {logging_mixin.py:190} INFO - [2024-11-18T08:33:07.107+0000] {dag.py:3239} INFO - Sync 1 DAGs
[2024-11-18T08:33:07.642+0000] {logging_mixin.py:190} INFO - [2024-11-18T08:33:07.642+0000] {dag.py:4180} INFO - Setting next_dagrun for example_bash_operator to 2024-11-17 00:00:00+00:00, run_after=2024-11-18 00:00:00+00:00
[2024-11-18T08:33:08.101+0000] {processor.py:208} INFO - Processing /home/airflow/.local/lib/python3.12/site-packages/airflow/example_dags/example_bash_operator.py took 2.749 seconds
[2024-11-18T08:37:59.336+0000] {processor.py:186} INFO - Started process (PID=2378) to work on /home/airflow/.local/lib/python3.12/site-packages/airflow/example_dags/example_bash_operator.py
[2024-11-18T08:37:59.368+0000] {processor.py:914} INFO - Processing file /home/airflow/.local/lib/python3.12/site-packages/airflow/example_dags/example_bash_operator.py for tasks to queue
[2024-11-18T08:37:59.381+0000] {logging_mixin.py:190} INFO - [2024-11-18T08:37:59.379+0000] {dagbag.py:588} INFO - Filling up the DagBag from /home/airflow/.local/lib/python3.12/site-packages/airflow/example_dags/example_bash_operator.py
[2024-11-18T08:37:59.674+0000] {processor.py:925} INFO - DAG(s) 'example_bash_operator' retrieved from /home/airflow/.local/lib/python3.12/site-packages/airflow/example_dags/example_bash_operator.py
[2024-11-18T08:38:00.220+0000] {logging_mixin.py:190} INFO - [2024-11-18T08:38:00.219+0000] {dag.py:3239} INFO - Sync 1 DAGs
[2024-11-18T08:38:00.737+0000] {logging_mixin.py:190} INFO - [2024-11-18T08:38:00.728+0000] {dag.py:4180} INFO - Setting next_dagrun for example_bash_operator to 2024-11-17 00:00:00+00:00, run_after=2024-11-18 00:00:00+00:00
[2024-11-18T08:38:01.060+0000] {processor.py:208} INFO - Processing /home/airflow/.local/lib/python3.12/site-packages/airflow/example_dags/example_bash_operator.py took 1.814 seconds
[2024-11-18T08:42:44.823+0000] {processor.py:186} INFO - Started process (PID=2506) to work on /home/airflow/.local/lib/python3.12/site-packages/airflow/example_dags/example_bash_operator.py
[2024-11-18T08:42:44.890+0000] {processor.py:914} INFO - Processing file /home/airflow/.local/lib/python3.12/site-packages/airflow/example_dags/example_bash_operator.py for tasks to queue
[2024-11-18T08:42:44.895+0000] {logging_mixin.py:190} INFO - [2024-11-18T08:42:44.894+0000] {dagbag.py:588} INFO - Filling up the DagBag from /home/airflow/.local/lib/python3.12/site-packages/airflow/example_dags/example_bash_operator.py
[2024-11-18T08:42:45.719+0000] {processor.py:925} INFO - DAG(s) 'example_bash_operator' retrieved from /home/airflow/.local/lib/python3.12/site-packages/airflow/example_dags/example_bash_operator.py
[2024-11-18T08:42:46.502+0000] {logging_mixin.py:190} INFO - [2024-11-18T08:42:46.501+0000] {dag.py:3239} INFO - Sync 1 DAGs
[2024-11-18T08:42:47.371+0000] {logging_mixin.py:190} INFO - [2024-11-18T08:42:47.370+0000] {dag.py:4180} INFO - Setting next_dagrun for example_bash_operator to 2024-11-17 00:00:00+00:00, run_after=2024-11-18 00:00:00+00:00
[2024-11-18T08:42:47.900+0000] {processor.py:208} INFO - Processing /home/airflow/.local/lib/python3.12/site-packages/airflow/example_dags/example_bash_operator.py took 3.340 seconds
[2024-11-18T09:00:54.544+0000] {processor.py:186} INFO - Started process (PID=187) to work on /home/airflow/.local/lib/python3.12/site-packages/airflow/example_dags/example_bash_operator.py
[2024-11-18T09:00:54.581+0000] {processor.py:914} INFO - Processing file /home/airflow/.local/lib/python3.12/site-packages/airflow/example_dags/example_bash_operator.py for tasks to queue
[2024-11-18T09:00:54.651+0000] {logging_mixin.py:190} INFO - [2024-11-18T09:00:54.649+0000] {dagbag.py:588} INFO - Filling up the DagBag from /home/airflow/.local/lib/python3.12/site-packages/airflow/example_dags/example_bash_operator.py
[2024-11-18T09:00:54.991+0000] {processor.py:925} INFO - DAG(s) 'example_bash_operator' retrieved from /home/airflow/.local/lib/python3.12/site-packages/airflow/example_dags/example_bash_operator.py
[2024-11-18T09:00:56.133+0000] {logging_mixin.py:190} INFO - [2024-11-18T09:00:56.133+0000] {dag.py:3239} INFO - Sync 1 DAGs
[2024-11-18T09:00:57.561+0000] {logging_mixin.py:190} INFO - [2024-11-18T09:00:57.523+0000] {dag.py:4180} INFO - Setting next_dagrun for example_bash_operator to 2024-11-17 00:00:00+00:00, run_after=2024-11-18 00:00:00+00:00
[2024-11-18T09:00:58.638+0000] {processor.py:208} INFO - Processing /home/airflow/.local/lib/python3.12/site-packages/airflow/example_dags/example_bash_operator.py took 4.197 seconds
[2024-11-18T09:04:24.230+0000] {processor.py:186} INFO - Started process (PID=288) to work on /home/airflow/.local/lib/python3.12/site-packages/airflow/example_dags/example_bash_operator.py
[2024-11-18T09:04:24.284+0000] {processor.py:914} INFO - Processing file /home/airflow/.local/lib/python3.12/site-packages/airflow/example_dags/example_bash_operator.py for tasks to queue
[2024-11-18T09:04:24.308+0000] {logging_mixin.py:190} INFO - [2024-11-18T09:04:24.307+0000] {dagbag.py:588} INFO - Filling up the DagBag from /home/airflow/.local/lib/python3.12/site-packages/airflow/example_dags/example_bash_operator.py
[2024-11-18T09:04:24.755+0000] {processor.py:925} INFO - DAG(s) 'example_bash_operator' retrieved from /home/airflow/.local/lib/python3.12/site-packages/airflow/example_dags/example_bash_operator.py
[2024-11-18T09:04:25.284+0000] {logging_mixin.py:190} INFO - [2024-11-18T09:04:25.283+0000] {dag.py:3239} INFO - Sync 1 DAGs
[2024-11-18T09:04:25.847+0000] {logging_mixin.py:190} INFO - [2024-11-18T09:04:25.846+0000] {dag.py:4180} INFO - Setting next_dagrun for example_bash_operator to 2024-11-17 00:00:00+00:00, run_after=2024-11-18 00:00:00+00:00
[2024-11-18T09:04:26.724+0000] {processor.py:208} INFO - Processing /home/airflow/.local/lib/python3.12/site-packages/airflow/example_dags/example_bash_operator.py took 2.608 seconds
[2024-11-18T09:07:14.646+0000] {processor.py:186} INFO - Started process (PID=391) to work on /home/airflow/.local/lib/python3.12/site-packages/airflow/example_dags/example_bash_operator.py
[2024-11-18T09:07:14.680+0000] {processor.py:914} INFO - Processing file /home/airflow/.local/lib/python3.12/site-packages/airflow/example_dags/example_bash_operator.py for tasks to queue
[2024-11-18T09:07:14.701+0000] {logging_mixin.py:190} INFO - [2024-11-18T09:07:14.701+0000] {dagbag.py:588} INFO - Filling up the DagBag from /home/airflow/.local/lib/python3.12/site-packages/airflow/example_dags/example_bash_operator.py
[2024-11-18T09:07:16.399+0000] {processor.py:925} INFO - DAG(s) 'example_bash_operator' retrieved from /home/airflow/.local/lib/python3.12/site-packages/airflow/example_dags/example_bash_operator.py
[2024-11-18T09:07:18.068+0000] {logging_mixin.py:190} INFO - [2024-11-18T09:07:18.065+0000] {dag.py:3239} INFO - Sync 1 DAGs
[2024-11-18T09:07:22.581+0000] {logging_mixin.py:190} INFO - [2024-11-18T09:07:22.579+0000] {dag.py:4180} INFO - Setting next_dagrun for example_bash_operator to 2024-11-17 00:00:00+00:00, run_after=2024-11-18 00:00:00+00:00
[2024-11-18T09:07:26.496+0000] {processor.py:208} INFO - Processing /home/airflow/.local/lib/python3.12/site-packages/airflow/example_dags/example_bash_operator.py took 11.999 seconds
[2024-11-18T09:10:30.556+0000] {processor.py:186} INFO - Started process (PID=514) to work on /home/airflow/.local/lib/python3.12/site-packages/airflow/example_dags/example_bash_operator.py
[2024-11-18T09:10:30.567+0000] {processor.py:914} INFO - Processing file /home/airflow/.local/lib/python3.12/site-packages/airflow/example_dags/example_bash_operator.py for tasks to queue
[2024-11-18T09:10:30.631+0000] {logging_mixin.py:190} INFO - [2024-11-18T09:10:30.630+0000] {dagbag.py:588} INFO - Filling up the DagBag from /home/airflow/.local/lib/python3.12/site-packages/airflow/example_dags/example_bash_operator.py
[2024-11-18T09:10:31.188+0000] {processor.py:925} INFO - DAG(s) 'example_bash_operator' retrieved from /home/airflow/.local/lib/python3.12/site-packages/airflow/example_dags/example_bash_operator.py
[2024-11-18T09:10:31.971+0000] {logging_mixin.py:190} INFO - [2024-11-18T09:10:31.954+0000] {dag.py:3239} INFO - Sync 1 DAGs
[2024-11-18T09:10:32.607+0000] {logging_mixin.py:190} INFO - [2024-11-18T09:10:32.606+0000] {dag.py:4180} INFO - Setting next_dagrun for example_bash_operator to 2024-11-17 00:00:00+00:00, run_after=2024-11-18 00:00:00+00:00
[2024-11-18T09:10:33.101+0000] {processor.py:208} INFO - Processing /home/airflow/.local/lib/python3.12/site-packages/airflow/example_dags/example_bash_operator.py took 2.689 seconds
[2024-11-18T09:19:03.955+0000] {processor.py:186} INFO - Started process (PID=685) to work on /home/airflow/.local/lib/python3.12/site-packages/airflow/example_dags/example_bash_operator.py
[2024-11-18T09:19:04.049+0000] {processor.py:914} INFO - Processing file /home/airflow/.local/lib/python3.12/site-packages/airflow/example_dags/example_bash_operator.py for tasks to queue
[2024-11-18T09:19:04.087+0000] {logging_mixin.py:190} INFO - [2024-11-18T09:19:04.056+0000] {dagbag.py:588} INFO - Filling up the DagBag from /home/airflow/.local/lib/python3.12/site-packages/airflow/example_dags/example_bash_operator.py
[2024-11-18T09:19:04.591+0000] {processor.py:925} INFO - DAG(s) 'example_bash_operator' retrieved from /home/airflow/.local/lib/python3.12/site-packages/airflow/example_dags/example_bash_operator.py
[2024-11-18T09:19:05.887+0000] {logging_mixin.py:190} INFO - [2024-11-18T09:19:05.887+0000] {dag.py:3239} INFO - Sync 1 DAGs
[2024-11-18T09:19:07.316+0000] {logging_mixin.py:190} INFO - [2024-11-18T09:19:07.315+0000] {dag.py:4180} INFO - Setting next_dagrun for example_bash_operator to 2024-11-17 00:00:00+00:00, run_after=2024-11-18 00:00:00+00:00
[2024-11-18T09:19:07.859+0000] {processor.py:208} INFO - Processing /home/airflow/.local/lib/python3.12/site-packages/airflow/example_dags/example_bash_operator.py took 4.089 seconds
[2024-11-18T09:25:26.126+0000] {processor.py:186} INFO - Started process (PID=849) to work on /home/airflow/.local/lib/python3.12/site-packages/airflow/example_dags/example_bash_operator.py
[2024-11-18T09:25:26.163+0000] {processor.py:914} INFO - Processing file /home/airflow/.local/lib/python3.12/site-packages/airflow/example_dags/example_bash_operator.py for tasks to queue
[2024-11-18T09:25:26.742+0000] {logging_mixin.py:190} INFO - [2024-11-18T09:25:26.222+0000] {dagbag.py:588} INFO - Filling up the DagBag from /home/airflow/.local/lib/python3.12/site-packages/airflow/example_dags/example_bash_operator.py
[2024-11-18T09:25:26.995+0000] {processor.py:925} INFO - DAG(s) 'example_bash_operator' retrieved from /home/airflow/.local/lib/python3.12/site-packages/airflow/example_dags/example_bash_operator.py
[2024-11-18T09:25:28.673+0000] {logging_mixin.py:190} INFO - [2024-11-18T09:25:28.672+0000] {dag.py:3239} INFO - Sync 1 DAGs
[2024-11-18T09:25:29.808+0000] {logging_mixin.py:190} INFO - [2024-11-18T09:25:29.807+0000] {dag.py:4180} INFO - Setting next_dagrun for example_bash_operator to 2024-11-17 00:00:00+00:00, run_after=2024-11-18 00:00:00+00:00
[2024-11-18T09:25:31.050+0000] {processor.py:208} INFO - Processing /home/airflow/.local/lib/python3.12/site-packages/airflow/example_dags/example_bash_operator.py took 5.374 seconds
[2024-11-18T09:31:36.560+0000] {processor.py:186} INFO - Started process (PID=1005) to work on /home/airflow/.local/lib/python3.12/site-packages/airflow/example_dags/example_bash_operator.py
[2024-11-18T09:31:36.638+0000] {processor.py:914} INFO - Processing file /home/airflow/.local/lib/python3.12/site-packages/airflow/example_dags/example_bash_operator.py for tasks to queue
[2024-11-18T09:31:36.665+0000] {logging_mixin.py:190} INFO - [2024-11-18T09:31:36.664+0000] {dagbag.py:588} INFO - Filling up the DagBag from /home/airflow/.local/lib/python3.12/site-packages/airflow/example_dags/example_bash_operator.py
[2024-11-18T09:31:37.990+0000] {processor.py:925} INFO - DAG(s) 'example_bash_operator' retrieved from /home/airflow/.local/lib/python3.12/site-packages/airflow/example_dags/example_bash_operator.py
[2024-11-18T09:31:39.625+0000] {logging_mixin.py:190} INFO - [2024-11-18T09:31:39.623+0000] {dag.py:3239} INFO - Sync 1 DAGs
[2024-11-18T09:31:40.998+0000] {logging_mixin.py:190} INFO - [2024-11-18T09:31:40.997+0000] {dag.py:4180} INFO - Setting next_dagrun for example_bash_operator to 2024-11-17 00:00:00+00:00, run_after=2024-11-18 00:00:00+00:00
[2024-11-18T09:31:45.667+0000] {processor.py:208} INFO - Processing /home/airflow/.local/lib/python3.12/site-packages/airflow/example_dags/example_bash_operator.py took 9.724 seconds
[2024-11-18T09:35:12.004+0000] {processor.py:186} INFO - Started process (PID=1099) to work on /home/airflow/.local/lib/python3.12/site-packages/airflow/example_dags/example_bash_operator.py
[2024-11-18T09:35:12.045+0000] {processor.py:914} INFO - Processing file /home/airflow/.local/lib/python3.12/site-packages/airflow/example_dags/example_bash_operator.py for tasks to queue
[2024-11-18T09:35:12.071+0000] {logging_mixin.py:190} INFO - [2024-11-18T09:35:12.069+0000] {dagbag.py:588} INFO - Filling up the DagBag from /home/airflow/.local/lib/python3.12/site-packages/airflow/example_dags/example_bash_operator.py
[2024-11-18T09:35:12.360+0000] {processor.py:925} INFO - DAG(s) 'example_bash_operator' retrieved from /home/airflow/.local/lib/python3.12/site-packages/airflow/example_dags/example_bash_operator.py
[2024-11-18T09:35:13.615+0000] {logging_mixin.py:190} INFO - [2024-11-18T09:35:13.614+0000] {dag.py:3239} INFO - Sync 1 DAGs
[2024-11-18T09:35:15.784+0000] {logging_mixin.py:190} INFO - [2024-11-18T09:35:15.763+0000] {dag.py:4180} INFO - Setting next_dagrun for example_bash_operator to 2024-11-17 00:00:00+00:00, run_after=2024-11-18 00:00:00+00:00
[2024-11-18T09:35:18.579+0000] {processor.py:208} INFO - Processing /home/airflow/.local/lib/python3.12/site-packages/airflow/example_dags/example_bash_operator.py took 6.742 seconds
[2024-11-18T09:49:46.310+0000] {processor.py:186} INFO - Started process (PID=1342) to work on /home/airflow/.local/lib/python3.12/site-packages/airflow/example_dags/example_bash_operator.py
[2024-11-18T09:49:48.999+0000] {processor.py:914} INFO - Processing file /home/airflow/.local/lib/python3.12/site-packages/airflow/example_dags/example_bash_operator.py for tasks to queue
[2024-11-18T09:49:49.116+0000] {logging_mixin.py:190} INFO - [2024-11-18T09:49:49.078+0000] {dagbag.py:588} INFO - Filling up the DagBag from /home/airflow/.local/lib/python3.12/site-packages/airflow/example_dags/example_bash_operator.py
[2024-11-18T09:49:53.242+0000] {processor.py:925} INFO - DAG(s) 'example_bash_operator' retrieved from /home/airflow/.local/lib/python3.12/site-packages/airflow/example_dags/example_bash_operator.py
[2024-11-18T10:11:35.563+0000] {processor.py:186} INFO - Started process (PID=191) to work on /home/airflow/.local/lib/python3.12/site-packages/airflow/example_dags/example_bash_operator.py
[2024-11-18T10:11:35.630+0000] {processor.py:914} INFO - Processing file /home/airflow/.local/lib/python3.12/site-packages/airflow/example_dags/example_bash_operator.py for tasks to queue
[2024-11-18T10:11:35.675+0000] {logging_mixin.py:190} INFO - [2024-11-18T10:11:35.670+0000] {dagbag.py:588} INFO - Filling up the DagBag from /home/airflow/.local/lib/python3.12/site-packages/airflow/example_dags/example_bash_operator.py
[2024-11-18T10:11:37.383+0000] {processor.py:925} INFO - DAG(s) 'example_bash_operator' retrieved from /home/airflow/.local/lib/python3.12/site-packages/airflow/example_dags/example_bash_operator.py
[2024-11-18T10:11:41.693+0000] {logging_mixin.py:190} INFO - [2024-11-18T10:11:41.692+0000] {dag.py:3239} INFO - Sync 1 DAGs
[2024-11-18T10:11:42.337+0000] {logging_mixin.py:190} INFO - [2024-11-18T10:11:42.336+0000] {dag.py:4180} INFO - Setting next_dagrun for example_bash_operator to 2024-11-17 00:00:00+00:00, run_after=2024-11-18 00:00:00+00:00
[2024-11-18T10:11:42.447+0000] {processor.py:208} INFO - Processing /home/airflow/.local/lib/python3.12/site-packages/airflow/example_dags/example_bash_operator.py took 6.957 seconds
[2024-11-18T10:14:59.770+0000] {processor.py:186} INFO - Started process (PID=288) to work on /home/airflow/.local/lib/python3.12/site-packages/airflow/example_dags/example_bash_operator.py
[2024-11-18T10:14:59.804+0000] {processor.py:914} INFO - Processing file /home/airflow/.local/lib/python3.12/site-packages/airflow/example_dags/example_bash_operator.py for tasks to queue
[2024-11-18T10:14:59.817+0000] {logging_mixin.py:190} INFO - [2024-11-18T10:14:59.815+0000] {dagbag.py:588} INFO - Filling up the DagBag from /home/airflow/.local/lib/python3.12/site-packages/airflow/example_dags/example_bash_operator.py
[2024-11-18T10:15:00.153+0000] {processor.py:925} INFO - DAG(s) 'example_bash_operator' retrieved from /home/airflow/.local/lib/python3.12/site-packages/airflow/example_dags/example_bash_operator.py
[2024-11-18T10:15:00.508+0000] {logging_mixin.py:190} INFO - [2024-11-18T10:15:00.507+0000] {dag.py:3239} INFO - Sync 1 DAGs
[2024-11-18T10:15:01.433+0000] {logging_mixin.py:190} INFO - [2024-11-18T10:15:01.432+0000] {dag.py:4180} INFO - Setting next_dagrun for example_bash_operator to 2024-11-17 00:00:00+00:00, run_after=2024-11-18 00:00:00+00:00
[2024-11-18T10:15:01.519+0000] {processor.py:208} INFO - Processing /home/airflow/.local/lib/python3.12/site-packages/airflow/example_dags/example_bash_operator.py took 1.784 seconds
[2024-11-18T10:18:13.691+0000] {processor.py:186} INFO - Started process (PID=416) to work on /home/airflow/.local/lib/python3.12/site-packages/airflow/example_dags/example_bash_operator.py
[2024-11-18T10:18:13.846+0000] {processor.py:914} INFO - Processing file /home/airflow/.local/lib/python3.12/site-packages/airflow/example_dags/example_bash_operator.py for tasks to queue
[2024-11-18T10:18:13.855+0000] {logging_mixin.py:190} INFO - [2024-11-18T10:18:13.854+0000] {dagbag.py:588} INFO - Filling up the DagBag from /home/airflow/.local/lib/python3.12/site-packages/airflow/example_dags/example_bash_operator.py
[2024-11-18T10:18:14.221+0000] {processor.py:925} INFO - DAG(s) 'example_bash_operator' retrieved from /home/airflow/.local/lib/python3.12/site-packages/airflow/example_dags/example_bash_operator.py
[2024-11-18T10:18:14.514+0000] {logging_mixin.py:190} INFO - [2024-11-18T10:18:14.512+0000] {dag.py:3239} INFO - Sync 1 DAGs
[2024-11-18T10:18:15.019+0000] {logging_mixin.py:190} INFO - [2024-11-18T10:18:15.018+0000] {dag.py:4180} INFO - Setting next_dagrun for example_bash_operator to 2024-11-17 00:00:00+00:00, run_after=2024-11-18 00:00:00+00:00
[2024-11-18T10:18:15.595+0000] {processor.py:208} INFO - Processing /home/airflow/.local/lib/python3.12/site-packages/airflow/example_dags/example_bash_operator.py took 2.042 seconds
[2024-11-18T10:23:47.396+0000] {processor.py:186} INFO - Started process (PID=536) to work on /home/airflow/.local/lib/python3.12/site-packages/airflow/example_dags/example_bash_operator.py
[2024-11-18T10:23:47.404+0000] {processor.py:914} INFO - Processing file /home/airflow/.local/lib/python3.12/site-packages/airflow/example_dags/example_bash_operator.py for tasks to queue
[2024-11-18T10:23:47.524+0000] {logging_mixin.py:190} INFO - [2024-11-18T10:23:47.502+0000] {dagbag.py:588} INFO - Filling up the DagBag from /home/airflow/.local/lib/python3.12/site-packages/airflow/example_dags/example_bash_operator.py
[2024-11-18T10:23:47.780+0000] {processor.py:925} INFO - DAG(s) 'example_bash_operator' retrieved from /home/airflow/.local/lib/python3.12/site-packages/airflow/example_dags/example_bash_operator.py
[2024-11-18T10:23:48.901+0000] {logging_mixin.py:190} INFO - [2024-11-18T10:23:48.900+0000] {dag.py:3239} INFO - Sync 1 DAGs
[2024-11-18T10:23:49.555+0000] {logging_mixin.py:190} INFO - [2024-11-18T10:23:49.554+0000] {dag.py:4180} INFO - Setting next_dagrun for example_bash_operator to 2024-11-17 00:00:00+00:00, run_after=2024-11-18 00:00:00+00:00
[2024-11-18T10:23:49.839+0000] {processor.py:208} INFO - Processing /home/airflow/.local/lib/python3.12/site-packages/airflow/example_dags/example_bash_operator.py took 3.252 seconds
[2024-11-18T10:33:12.714+0000] {processor.py:186} INFO - Started process (PID=661) to work on /home/airflow/.local/lib/python3.12/site-packages/airflow/example_dags/example_bash_operator.py
[2024-11-18T10:33:12.758+0000] {processor.py:914} INFO - Processing file /home/airflow/.local/lib/python3.12/site-packages/airflow/example_dags/example_bash_operator.py for tasks to queue
[2024-11-18T10:33:12.792+0000] {logging_mixin.py:190} INFO - [2024-11-18T10:33:12.790+0000] {dagbag.py:588} INFO - Filling up the DagBag from /home/airflow/.local/lib/python3.12/site-packages/airflow/example_dags/example_bash_operator.py
[2024-11-18T10:33:13.163+0000] {processor.py:925} INFO - DAG(s) 'example_bash_operator' retrieved from /home/airflow/.local/lib/python3.12/site-packages/airflow/example_dags/example_bash_operator.py
[2024-11-18T10:33:16.305+0000] {logging_mixin.py:190} INFO - [2024-11-18T10:33:16.304+0000] {dag.py:3239} INFO - Sync 1 DAGs
[2024-11-18T10:33:19.472+0000] {logging_mixin.py:190} INFO - [2024-11-18T10:33:19.465+0000] {dag.py:4180} INFO - Setting next_dagrun for example_bash_operator to 2024-11-17 00:00:00+00:00, run_after=2024-11-18 00:00:00+00:00
[2024-11-18T10:33:20.212+0000] {processor.py:208} INFO - Processing /home/airflow/.local/lib/python3.12/site-packages/airflow/example_dags/example_bash_operator.py took 7.597 seconds
[2024-11-18T10:36:14.758+0000] {processor.py:186} INFO - Started process (PID=778) to work on /home/airflow/.local/lib/python3.12/site-packages/airflow/example_dags/example_bash_operator.py
[2024-11-18T10:36:14.837+0000] {processor.py:914} INFO - Processing file /home/airflow/.local/lib/python3.12/site-packages/airflow/example_dags/example_bash_operator.py for tasks to queue
[2024-11-18T10:36:14.842+0000] {logging_mixin.py:190} INFO - [2024-11-18T10:36:14.841+0000] {dagbag.py:588} INFO - Filling up the DagBag from /home/airflow/.local/lib/python3.12/site-packages/airflow/example_dags/example_bash_operator.py
[2024-11-18T10:36:14.994+0000] {processor.py:925} INFO - DAG(s) 'example_bash_operator' retrieved from /home/airflow/.local/lib/python3.12/site-packages/airflow/example_dags/example_bash_operator.py
[2024-11-18T10:36:15.343+0000] {logging_mixin.py:190} INFO - [2024-11-18T10:36:15.342+0000] {dag.py:3239} INFO - Sync 1 DAGs
[2024-11-18T10:36:16.467+0000] {logging_mixin.py:190} INFO - [2024-11-18T10:36:16.466+0000] {dag.py:4180} INFO - Setting next_dagrun for example_bash_operator to 2024-11-17 00:00:00+00:00, run_after=2024-11-18 00:00:00+00:00
[2024-11-18T10:36:17.076+0000] {processor.py:208} INFO - Processing /home/airflow/.local/lib/python3.12/site-packages/airflow/example_dags/example_bash_operator.py took 2.406 seconds
[2024-11-18T10:38:55.390+0000] {processor.py:186} INFO - Started process (PID=887) to work on /home/airflow/.local/lib/python3.12/site-packages/airflow/example_dags/example_bash_operator.py
[2024-11-18T10:38:55.397+0000] {processor.py:914} INFO - Processing file /home/airflow/.local/lib/python3.12/site-packages/airflow/example_dags/example_bash_operator.py for tasks to queue
[2024-11-18T10:38:55.435+0000] {logging_mixin.py:190} INFO - [2024-11-18T10:38:55.430+0000] {dagbag.py:588} INFO - Filling up the DagBag from /home/airflow/.local/lib/python3.12/site-packages/airflow/example_dags/example_bash_operator.py
[2024-11-18T10:38:55.902+0000] {processor.py:925} INFO - DAG(s) 'example_bash_operator' retrieved from /home/airflow/.local/lib/python3.12/site-packages/airflow/example_dags/example_bash_operator.py
[2024-11-18T10:38:56.839+0000] {logging_mixin.py:190} INFO - [2024-11-18T10:38:56.838+0000] {dag.py:3239} INFO - Sync 1 DAGs
[2024-11-18T10:38:57.288+0000] {logging_mixin.py:190} INFO - [2024-11-18T10:38:57.286+0000] {dag.py:4180} INFO - Setting next_dagrun for example_bash_operator to 2024-11-17 00:00:00+00:00, run_after=2024-11-18 00:00:00+00:00
[2024-11-18T10:38:57.840+0000] {processor.py:208} INFO - Processing /home/airflow/.local/lib/python3.12/site-packages/airflow/example_dags/example_bash_operator.py took 2.640 seconds
[2024-11-18T13:37:12.084+0000] {processor.py:186} INFO - Started process (PID=116) to work on /home/airflow/.local/lib/python3.12/site-packages/airflow/example_dags/example_bash_operator.py
[2024-11-18T13:37:12.086+0000] {processor.py:914} INFO - Processing file /home/airflow/.local/lib/python3.12/site-packages/airflow/example_dags/example_bash_operator.py for tasks to queue
[2024-11-18T13:37:12.090+0000] {logging_mixin.py:190} INFO - [2024-11-18T13:37:12.089+0000] {dagbag.py:588} INFO - Filling up the DagBag from /home/airflow/.local/lib/python3.12/site-packages/airflow/example_dags/example_bash_operator.py
[2024-11-18T13:37:12.127+0000] {processor.py:925} INFO - DAG(s) 'example_bash_operator' retrieved from /home/airflow/.local/lib/python3.12/site-packages/airflow/example_dags/example_bash_operator.py
[2024-11-18T13:37:12.154+0000] {logging_mixin.py:190} INFO - [2024-11-18T13:37:12.154+0000] {dag.py:3239} INFO - Sync 1 DAGs
[2024-11-18T13:37:12.179+0000] {logging_mixin.py:190} INFO - [2024-11-18T13:37:12.179+0000] {dag.py:4180} INFO - Setting next_dagrun for example_bash_operator to 2024-11-17 00:00:00+00:00, run_after=2024-11-18 00:00:00+00:00
[2024-11-18T13:37:12.199+0000] {processor.py:208} INFO - Processing /home/airflow/.local/lib/python3.12/site-packages/airflow/example_dags/example_bash_operator.py took 0.122 seconds
[2024-11-18T13:37:52.288+0000] {processor.py:186} INFO - Started process (PID=185) to work on /home/airflow/.local/lib/python3.12/site-packages/airflow/example_dags/example_bash_operator.py
[2024-11-18T13:37:52.294+0000] {processor.py:914} INFO - Processing file /home/airflow/.local/lib/python3.12/site-packages/airflow/example_dags/example_bash_operator.py for tasks to queue
[2024-11-18T13:37:52.311+0000] {logging_mixin.py:190} INFO - [2024-11-18T13:37:52.310+0000] {dagbag.py:588} INFO - Filling up the DagBag from /home/airflow/.local/lib/python3.12/site-packages/airflow/example_dags/example_bash_operator.py
[2024-11-18T13:37:52.365+0000] {processor.py:925} INFO - DAG(s) 'example_bash_operator' retrieved from /home/airflow/.local/lib/python3.12/site-packages/airflow/example_dags/example_bash_operator.py
[2024-11-18T13:37:52.539+0000] {logging_mixin.py:190} INFO - [2024-11-18T13:37:52.538+0000] {dag.py:3239} INFO - Sync 1 DAGs
[2024-11-18T13:37:52.676+0000] {logging_mixin.py:190} INFO - [2024-11-18T13:37:52.675+0000] {dag.py:4180} INFO - Setting next_dagrun for example_bash_operator to 2024-11-17 00:00:00+00:00, run_after=2024-11-18 00:00:00+00:00
[2024-11-18T13:37:52.738+0000] {processor.py:208} INFO - Processing /home/airflow/.local/lib/python3.12/site-packages/airflow/example_dags/example_bash_operator.py took 0.479 seconds
[2024-11-18T13:39:16.062+0000] {processor.py:186} INFO - Started process (PID=253) to work on /home/airflow/.local/lib/python3.12/site-packages/airflow/example_dags/example_bash_operator.py
[2024-11-18T13:39:16.077+0000] {processor.py:914} INFO - Processing file /home/airflow/.local/lib/python3.12/site-packages/airflow/example_dags/example_bash_operator.py for tasks to queue
[2024-11-18T13:39:16.247+0000] {logging_mixin.py:190} INFO - [2024-11-18T13:39:16.245+0000] {dagbag.py:588} INFO - Filling up the DagBag from /home/airflow/.local/lib/python3.12/site-packages/airflow/example_dags/example_bash_operator.py
[2024-11-18T13:39:16.562+0000] {processor.py:925} INFO - DAG(s) 'example_bash_operator' retrieved from /home/airflow/.local/lib/python3.12/site-packages/airflow/example_dags/example_bash_operator.py
[2024-11-18T13:39:16.897+0000] {logging_mixin.py:190} INFO - [2024-11-18T13:39:16.896+0000] {dag.py:3239} INFO - Sync 1 DAGs
[2024-11-18T13:39:17.346+0000] {logging_mixin.py:190} INFO - [2024-11-18T13:39:17.345+0000] {dag.py:4180} INFO - Setting next_dagrun for example_bash_operator to 2024-11-17 00:00:00+00:00, run_after=2024-11-18 00:00:00+00:00
[2024-11-18T13:39:17.574+0000] {processor.py:208} INFO - Processing /home/airflow/.local/lib/python3.12/site-packages/airflow/example_dags/example_bash_operator.py took 1.651 seconds
[2024-11-18T13:40:21.693+0000] {processor.py:186} INFO - Started process (PID=322) to work on /home/airflow/.local/lib/python3.12/site-packages/airflow/example_dags/example_bash_operator.py
[2024-11-18T13:40:21.722+0000] {processor.py:914} INFO - Processing file /home/airflow/.local/lib/python3.12/site-packages/airflow/example_dags/example_bash_operator.py for tasks to queue
[2024-11-18T13:40:21.820+0000] {logging_mixin.py:190} INFO - [2024-11-18T13:40:21.819+0000] {dagbag.py:588} INFO - Filling up the DagBag from /home/airflow/.local/lib/python3.12/site-packages/airflow/example_dags/example_bash_operator.py
[2024-11-18T13:40:22.127+0000] {processor.py:925} INFO - DAG(s) 'example_bash_operator' retrieved from /home/airflow/.local/lib/python3.12/site-packages/airflow/example_dags/example_bash_operator.py
[2024-11-18T13:40:22.893+0000] {logging_mixin.py:190} INFO - [2024-11-18T13:40:22.892+0000] {dag.py:3239} INFO - Sync 1 DAGs
[2024-11-18T13:40:24.283+0000] {logging_mixin.py:190} INFO - [2024-11-18T13:40:24.281+0000] {dag.py:4180} INFO - Setting next_dagrun for example_bash_operator to 2024-11-17 00:00:00+00:00, run_after=2024-11-18 00:00:00+00:00
[2024-11-18T13:40:25.236+0000] {processor.py:208} INFO - Processing /home/airflow/.local/lib/python3.12/site-packages/airflow/example_dags/example_bash_operator.py took 3.831 seconds
[2024-11-18T13:40:59.938+0000] {processor.py:186} INFO - Started process (PID=391) to work on /home/airflow/.local/lib/python3.12/site-packages/airflow/example_dags/example_bash_operator.py
[2024-11-18T13:40:59.966+0000] {processor.py:914} INFO - Processing file /home/airflow/.local/lib/python3.12/site-packages/airflow/example_dags/example_bash_operator.py for tasks to queue
[2024-11-18T13:41:00.008+0000] {logging_mixin.py:190} INFO - [2024-11-18T13:41:00.007+0000] {dagbag.py:588} INFO - Filling up the DagBag from /home/airflow/.local/lib/python3.12/site-packages/airflow/example_dags/example_bash_operator.py
[2024-11-18T13:41:00.133+0000] {processor.py:925} INFO - DAG(s) 'example_bash_operator' retrieved from /home/airflow/.local/lib/python3.12/site-packages/airflow/example_dags/example_bash_operator.py
[2024-11-18T13:41:00.331+0000] {logging_mixin.py:190} INFO - [2024-11-18T13:41:00.331+0000] {dag.py:3239} INFO - Sync 1 DAGs
[2024-11-18T13:41:00.489+0000] {logging_mixin.py:190} INFO - [2024-11-18T13:41:00.488+0000] {dag.py:4180} INFO - Setting next_dagrun for example_bash_operator to 2024-11-17 00:00:00+00:00, run_after=2024-11-18 00:00:00+00:00
[2024-11-18T13:41:00.587+0000] {processor.py:208} INFO - Processing /home/airflow/.local/lib/python3.12/site-packages/airflow/example_dags/example_bash_operator.py took 0.683 seconds
[2024-11-18T13:41:31.166+0000] {processor.py:186} INFO - Started process (PID=453) to work on /home/airflow/.local/lib/python3.12/site-packages/airflow/example_dags/example_bash_operator.py
[2024-11-18T13:41:31.170+0000] {processor.py:914} INFO - Processing file /home/airflow/.local/lib/python3.12/site-packages/airflow/example_dags/example_bash_operator.py for tasks to queue
[2024-11-18T13:41:31.176+0000] {logging_mixin.py:190} INFO - [2024-11-18T13:41:31.176+0000] {dagbag.py:588} INFO - Filling up the DagBag from /home/airflow/.local/lib/python3.12/site-packages/airflow/example_dags/example_bash_operator.py
[2024-11-18T13:41:31.244+0000] {processor.py:925} INFO - DAG(s) 'example_bash_operator' retrieved from /home/airflow/.local/lib/python3.12/site-packages/airflow/example_dags/example_bash_operator.py
[2024-11-18T13:41:31.311+0000] {logging_mixin.py:190} INFO - [2024-11-18T13:41:31.311+0000] {dag.py:3239} INFO - Sync 1 DAGs
[2024-11-18T13:41:31.385+0000] {logging_mixin.py:190} INFO - [2024-11-18T13:41:31.385+0000] {dag.py:4180} INFO - Setting next_dagrun for example_bash_operator to 2024-11-17 00:00:00+00:00, run_after=2024-11-18 00:00:00+00:00
[2024-11-18T13:41:31.415+0000] {processor.py:208} INFO - Processing /home/airflow/.local/lib/python3.12/site-packages/airflow/example_dags/example_bash_operator.py took 0.290 seconds
[2024-11-18T13:42:04.695+0000] {processor.py:186} INFO - Started process (PID=517) to work on /home/airflow/.local/lib/python3.12/site-packages/airflow/example_dags/example_bash_operator.py
[2024-11-18T13:42:04.709+0000] {processor.py:914} INFO - Processing file /home/airflow/.local/lib/python3.12/site-packages/airflow/example_dags/example_bash_operator.py for tasks to queue
[2024-11-18T13:42:04.722+0000] {logging_mixin.py:190} INFO - [2024-11-18T13:42:04.721+0000] {dagbag.py:588} INFO - Filling up the DagBag from /home/airflow/.local/lib/python3.12/site-packages/airflow/example_dags/example_bash_operator.py
[2024-11-18T13:42:04.795+0000] {processor.py:925} INFO - DAG(s) 'example_bash_operator' retrieved from /home/airflow/.local/lib/python3.12/site-packages/airflow/example_dags/example_bash_operator.py
[2024-11-18T13:42:04.962+0000] {logging_mixin.py:190} INFO - [2024-11-18T13:42:04.961+0000] {dag.py:3239} INFO - Sync 1 DAGs
[2024-11-18T13:42:05.045+0000] {logging_mixin.py:190} INFO - [2024-11-18T13:42:05.044+0000] {dag.py:4180} INFO - Setting next_dagrun for example_bash_operator to 2024-11-17 00:00:00+00:00, run_after=2024-11-18 00:00:00+00:00
[2024-11-18T13:42:05.096+0000] {processor.py:208} INFO - Processing /home/airflow/.local/lib/python3.12/site-packages/airflow/example_dags/example_bash_operator.py took 0.441 seconds
[2024-11-18T13:42:38.332+0000] {processor.py:186} INFO - Started process (PID=580) to work on /home/airflow/.local/lib/python3.12/site-packages/airflow/example_dags/example_bash_operator.py
[2024-11-18T13:42:38.334+0000] {processor.py:914} INFO - Processing file /home/airflow/.local/lib/python3.12/site-packages/airflow/example_dags/example_bash_operator.py for tasks to queue
[2024-11-18T13:42:38.341+0000] {logging_mixin.py:190} INFO - [2024-11-18T13:42:38.340+0000] {dagbag.py:588} INFO - Filling up the DagBag from /home/airflow/.local/lib/python3.12/site-packages/airflow/example_dags/example_bash_operator.py
[2024-11-18T13:42:38.403+0000] {processor.py:925} INFO - DAG(s) 'example_bash_operator' retrieved from /home/airflow/.local/lib/python3.12/site-packages/airflow/example_dags/example_bash_operator.py
[2024-11-18T13:42:39.002+0000] {logging_mixin.py:190} INFO - [2024-11-18T13:42:39.001+0000] {dag.py:3239} INFO - Sync 1 DAGs
[2024-11-18T13:42:39.327+0000] {logging_mixin.py:190} INFO - [2024-11-18T13:42:39.326+0000] {dag.py:4180} INFO - Setting next_dagrun for example_bash_operator to 2024-11-17 00:00:00+00:00, run_after=2024-11-18 00:00:00+00:00
[2024-11-18T13:42:39.611+0000] {processor.py:208} INFO - Processing /home/airflow/.local/lib/python3.12/site-packages/airflow/example_dags/example_bash_operator.py took 1.300 seconds
[2024-11-18T13:43:10.090+0000] {processor.py:186} INFO - Started process (PID=642) to work on /home/airflow/.local/lib/python3.12/site-packages/airflow/example_dags/example_bash_operator.py
[2024-11-18T13:43:10.092+0000] {processor.py:914} INFO - Processing file /home/airflow/.local/lib/python3.12/site-packages/airflow/example_dags/example_bash_operator.py for tasks to queue
[2024-11-18T13:43:10.096+0000] {logging_mixin.py:190} INFO - [2024-11-18T13:43:10.095+0000] {dagbag.py:588} INFO - Filling up the DagBag from /home/airflow/.local/lib/python3.12/site-packages/airflow/example_dags/example_bash_operator.py
[2024-11-18T13:43:10.113+0000] {processor.py:925} INFO - DAG(s) 'example_bash_operator' retrieved from /home/airflow/.local/lib/python3.12/site-packages/airflow/example_dags/example_bash_operator.py
[2024-11-18T13:43:10.142+0000] {logging_mixin.py:190} INFO - [2024-11-18T13:43:10.142+0000] {dag.py:3239} INFO - Sync 1 DAGs
[2024-11-18T13:43:10.174+0000] {logging_mixin.py:190} INFO - [2024-11-18T13:43:10.173+0000] {dag.py:4180} INFO - Setting next_dagrun for example_bash_operator to 2024-11-17 00:00:00+00:00, run_after=2024-11-18 00:00:00+00:00
[2024-11-18T13:43:10.200+0000] {processor.py:208} INFO - Processing /home/airflow/.local/lib/python3.12/site-packages/airflow/example_dags/example_bash_operator.py took 0.119 seconds
[2024-11-18T13:43:40.382+0000] {processor.py:186} INFO - Started process (PID=705) to work on /home/airflow/.local/lib/python3.12/site-packages/airflow/example_dags/example_bash_operator.py
[2024-11-18T13:43:40.383+0000] {processor.py:914} INFO - Processing file /home/airflow/.local/lib/python3.12/site-packages/airflow/example_dags/example_bash_operator.py for tasks to queue
[2024-11-18T13:43:40.386+0000] {logging_mixin.py:190} INFO - [2024-11-18T13:43:40.386+0000] {dagbag.py:588} INFO - Filling up the DagBag from /home/airflow/.local/lib/python3.12/site-packages/airflow/example_dags/example_bash_operator.py
[2024-11-18T13:43:40.400+0000] {processor.py:925} INFO - DAG(s) 'example_bash_operator' retrieved from /home/airflow/.local/lib/python3.12/site-packages/airflow/example_dags/example_bash_operator.py
[2024-11-18T13:43:40.429+0000] {logging_mixin.py:190} INFO - [2024-11-18T13:43:40.429+0000] {dag.py:3239} INFO - Sync 1 DAGs
[2024-11-18T13:43:40.478+0000] {logging_mixin.py:190} INFO - [2024-11-18T13:43:40.478+0000] {dag.py:4180} INFO - Setting next_dagrun for example_bash_operator to 2024-11-17 00:00:00+00:00, run_after=2024-11-18 00:00:00+00:00
[2024-11-18T13:43:40.514+0000] {processor.py:208} INFO - Processing /home/airflow/.local/lib/python3.12/site-packages/airflow/example_dags/example_bash_operator.py took 0.139 seconds
[2024-11-18T13:44:10.597+0000] {processor.py:186} INFO - Started process (PID=767) to work on /home/airflow/.local/lib/python3.12/site-packages/airflow/example_dags/example_bash_operator.py
[2024-11-18T13:44:10.598+0000] {processor.py:914} INFO - Processing file /home/airflow/.local/lib/python3.12/site-packages/airflow/example_dags/example_bash_operator.py for tasks to queue
[2024-11-18T13:44:10.601+0000] {logging_mixin.py:190} INFO - [2024-11-18T13:44:10.601+0000] {dagbag.py:588} INFO - Filling up the DagBag from /home/airflow/.local/lib/python3.12/site-packages/airflow/example_dags/example_bash_operator.py
[2024-11-18T13:44:10.616+0000] {processor.py:925} INFO - DAG(s) 'example_bash_operator' retrieved from /home/airflow/.local/lib/python3.12/site-packages/airflow/example_dags/example_bash_operator.py
[2024-11-18T13:44:10.650+0000] {logging_mixin.py:190} INFO - [2024-11-18T13:44:10.649+0000] {dag.py:3239} INFO - Sync 1 DAGs
[2024-11-18T13:44:10.680+0000] {logging_mixin.py:190} INFO - [2024-11-18T13:44:10.680+0000] {dag.py:4180} INFO - Setting next_dagrun for example_bash_operator to 2024-11-17 00:00:00+00:00, run_after=2024-11-18 00:00:00+00:00
[2024-11-18T13:44:10.703+0000] {processor.py:208} INFO - Processing /home/airflow/.local/lib/python3.12/site-packages/airflow/example_dags/example_bash_operator.py took 0.113 seconds
[2024-11-18T13:44:40.893+0000] {processor.py:186} INFO - Started process (PID=829) to work on /home/airflow/.local/lib/python3.12/site-packages/airflow/example_dags/example_bash_operator.py
[2024-11-18T13:44:40.895+0000] {processor.py:914} INFO - Processing file /home/airflow/.local/lib/python3.12/site-packages/airflow/example_dags/example_bash_operator.py for tasks to queue
[2024-11-18T13:44:40.898+0000] {logging_mixin.py:190} INFO - [2024-11-18T13:44:40.898+0000] {dagbag.py:588} INFO - Filling up the DagBag from /home/airflow/.local/lib/python3.12/site-packages/airflow/example_dags/example_bash_operator.py
[2024-11-18T13:44:40.914+0000] {processor.py:925} INFO - DAG(s) 'example_bash_operator' retrieved from /home/airflow/.local/lib/python3.12/site-packages/airflow/example_dags/example_bash_operator.py
[2024-11-18T13:44:40.942+0000] {logging_mixin.py:190} INFO - [2024-11-18T13:44:40.941+0000] {dag.py:3239} INFO - Sync 1 DAGs
[2024-11-18T13:44:40.968+0000] {logging_mixin.py:190} INFO - [2024-11-18T13:44:40.967+0000] {dag.py:4180} INFO - Setting next_dagrun for example_bash_operator to 2024-11-17 00:00:00+00:00, run_after=2024-11-18 00:00:00+00:00
[2024-11-18T13:44:41.028+0000] {processor.py:208} INFO - Processing /home/airflow/.local/lib/python3.12/site-packages/airflow/example_dags/example_bash_operator.py took 0.144 seconds
[2024-11-18T13:45:11.886+0000] {processor.py:186} INFO - Started process (PID=892) to work on /home/airflow/.local/lib/python3.12/site-packages/airflow/example_dags/example_bash_operator.py
[2024-11-18T13:45:11.887+0000] {processor.py:914} INFO - Processing file /home/airflow/.local/lib/python3.12/site-packages/airflow/example_dags/example_bash_operator.py for tasks to queue
[2024-11-18T13:45:11.890+0000] {logging_mixin.py:190} INFO - [2024-11-18T13:45:11.890+0000] {dagbag.py:588} INFO - Filling up the DagBag from /home/airflow/.local/lib/python3.12/site-packages/airflow/example_dags/example_bash_operator.py
[2024-11-18T13:45:11.907+0000] {processor.py:925} INFO - DAG(s) 'example_bash_operator' retrieved from /home/airflow/.local/lib/python3.12/site-packages/airflow/example_dags/example_bash_operator.py
[2024-11-18T13:45:11.949+0000] {logging_mixin.py:190} INFO - [2024-11-18T13:45:11.949+0000] {dag.py:3239} INFO - Sync 1 DAGs
[2024-11-18T13:45:11.985+0000] {logging_mixin.py:190} INFO - [2024-11-18T13:45:11.985+0000] {dag.py:4180} INFO - Setting next_dagrun for example_bash_operator to 2024-11-17 00:00:00+00:00, run_after=2024-11-18 00:00:00+00:00
[2024-11-18T13:45:12.018+0000] {processor.py:208} INFO - Processing /home/airflow/.local/lib/python3.12/site-packages/airflow/example_dags/example_bash_operator.py took 0.142 seconds
[2024-11-18T13:45:56.422+0000] {processor.py:186} INFO - Started process (PID=962) to work on /home/airflow/.local/lib/python3.12/site-packages/airflow/example_dags/example_bash_operator.py
[2024-11-18T13:45:56.438+0000] {processor.py:914} INFO - Processing file /home/airflow/.local/lib/python3.12/site-packages/airflow/example_dags/example_bash_operator.py for tasks to queue
[2024-11-18T13:45:56.477+0000] {logging_mixin.py:190} INFO - [2024-11-18T13:45:56.476+0000] {dagbag.py:588} INFO - Filling up the DagBag from /home/airflow/.local/lib/python3.12/site-packages/airflow/example_dags/example_bash_operator.py
[2024-11-18T13:45:56.884+0000] {processor.py:925} INFO - DAG(s) 'example_bash_operator' retrieved from /home/airflow/.local/lib/python3.12/site-packages/airflow/example_dags/example_bash_operator.py
[2024-11-18T13:45:57.800+0000] {logging_mixin.py:190} INFO - [2024-11-18T13:45:57.799+0000] {dag.py:3239} INFO - Sync 1 DAGs
[2024-11-18T13:45:58.670+0000] {logging_mixin.py:190} INFO - [2024-11-18T13:45:58.669+0000] {dag.py:4180} INFO - Setting next_dagrun for example_bash_operator to 2024-11-17 00:00:00+00:00, run_after=2024-11-18 00:00:00+00:00
[2024-11-18T13:45:59.241+0000] {processor.py:208} INFO - Processing /home/airflow/.local/lib/python3.12/site-packages/airflow/example_dags/example_bash_operator.py took 3.014 seconds
[2024-11-18T13:46:44.826+0000] {processor.py:186} INFO - Started process (PID=1024) to work on /home/airflow/.local/lib/python3.12/site-packages/airflow/example_dags/example_bash_operator.py
[2024-11-18T13:46:44.829+0000] {processor.py:914} INFO - Processing file /home/airflow/.local/lib/python3.12/site-packages/airflow/example_dags/example_bash_operator.py for tasks to queue
[2024-11-18T13:46:44.835+0000] {logging_mixin.py:190} INFO - [2024-11-18T13:46:44.834+0000] {dagbag.py:588} INFO - Filling up the DagBag from /home/airflow/.local/lib/python3.12/site-packages/airflow/example_dags/example_bash_operator.py
[2024-11-18T13:46:44.872+0000] {processor.py:925} INFO - DAG(s) 'example_bash_operator' retrieved from /home/airflow/.local/lib/python3.12/site-packages/airflow/example_dags/example_bash_operator.py
[2024-11-18T13:46:44.935+0000] {logging_mixin.py:190} INFO - [2024-11-18T13:46:44.934+0000] {dag.py:3239} INFO - Sync 1 DAGs
[2024-11-18T13:46:44.996+0000] {logging_mixin.py:190} INFO - [2024-11-18T13:46:44.996+0000] {dag.py:4180} INFO - Setting next_dagrun for example_bash_operator to 2024-11-17 00:00:00+00:00, run_after=2024-11-18 00:00:00+00:00
[2024-11-18T13:46:45.115+0000] {processor.py:208} INFO - Processing /home/airflow/.local/lib/python3.12/site-packages/airflow/example_dags/example_bash_operator.py took 0.304 seconds
