[2024-10-27T14:24:27.233+0000] {processor.py:186} INFO - Started process (PID=142) to work on /home/airflow/.local/lib/python3.12/site-packages/airflow/example_dags/example_skip_dag.py
[2024-10-27T14:24:27.236+0000] {processor.py:914} INFO - Processing file /home/airflow/.local/lib/python3.12/site-packages/airflow/example_dags/example_skip_dag.py for tasks to queue
[2024-10-27T14:24:27.251+0000] {logging_mixin.py:190} INFO - [2024-10-27T14:24:27.248+0000] {dagbag.py:588} INFO - Filling up the DagBag from /home/airflow/.local/lib/python3.12/site-packages/airflow/example_dags/example_skip_dag.py
[2024-10-27T14:24:27.380+0000] {processor.py:925} INFO - DAG(s) 'example_skip_dag' retrieved from /home/airflow/.local/lib/python3.12/site-packages/airflow/example_dags/example_skip_dag.py
[2024-10-27T14:24:27.535+0000] {logging_mixin.py:190} INFO - [2024-10-27T14:24:27.534+0000] {dag.py:3239} INFO - Sync 1 DAGs
[2024-10-27T14:24:27.759+0000] {logging_mixin.py:190} INFO - [2024-10-27T14:24:27.758+0000] {dag.py:4180} INFO - Setting next_dagrun for example_skip_dag to 2024-10-26 00:00:00+00:00, run_after=2024-10-27 00:00:00+00:00
[2024-10-27T14:24:27.874+0000] {processor.py:208} INFO - Processing /home/airflow/.local/lib/python3.12/site-packages/airflow/example_dags/example_skip_dag.py took 0.700 seconds
[2024-10-27T14:25:51.684+0000] {processor.py:186} INFO - Started process (PID=231) to work on /home/airflow/.local/lib/python3.12/site-packages/airflow/example_dags/example_skip_dag.py
[2024-10-27T14:25:51.687+0000] {processor.py:914} INFO - Processing file /home/airflow/.local/lib/python3.12/site-packages/airflow/example_dags/example_skip_dag.py for tasks to queue
[2024-10-27T14:25:51.696+0000] {logging_mixin.py:190} INFO - [2024-10-27T14:25:51.695+0000] {dagbag.py:588} INFO - Filling up the DagBag from /home/airflow/.local/lib/python3.12/site-packages/airflow/example_dags/example_skip_dag.py
[2024-10-27T14:25:51.747+0000] {processor.py:925} INFO - DAG(s) 'example_skip_dag' retrieved from /home/airflow/.local/lib/python3.12/site-packages/airflow/example_dags/example_skip_dag.py
[2024-10-27T14:25:51.883+0000] {logging_mixin.py:190} INFO - [2024-10-27T14:25:51.883+0000] {dag.py:3239} INFO - Sync 1 DAGs
[2024-10-27T14:25:52.054+0000] {logging_mixin.py:190} INFO - [2024-10-27T14:25:52.054+0000] {dag.py:4180} INFO - Setting next_dagrun for example_skip_dag to 2024-10-26 00:00:00+00:00, run_after=2024-10-27 00:00:00+00:00
[2024-10-27T14:25:52.253+0000] {processor.py:208} INFO - Processing /home/airflow/.local/lib/python3.12/site-packages/airflow/example_dags/example_skip_dag.py took 0.631 seconds
[2024-10-27T14:26:22.856+0000] {processor.py:186} INFO - Started process (PID=294) to work on /home/airflow/.local/lib/python3.12/site-packages/airflow/example_dags/example_skip_dag.py
[2024-10-27T14:26:22.884+0000] {processor.py:914} INFO - Processing file /home/airflow/.local/lib/python3.12/site-packages/airflow/example_dags/example_skip_dag.py for tasks to queue
[2024-10-27T14:26:22.899+0000] {logging_mixin.py:190} INFO - [2024-10-27T14:26:22.899+0000] {dagbag.py:588} INFO - Filling up the DagBag from /home/airflow/.local/lib/python3.12/site-packages/airflow/example_dags/example_skip_dag.py
[2024-10-27T14:26:22.961+0000] {processor.py:925} INFO - DAG(s) 'example_skip_dag' retrieved from /home/airflow/.local/lib/python3.12/site-packages/airflow/example_dags/example_skip_dag.py
[2024-10-27T14:26:23.102+0000] {logging_mixin.py:190} INFO - [2024-10-27T14:26:23.101+0000] {dag.py:3239} INFO - Sync 1 DAGs
[2024-10-27T14:26:23.190+0000] {logging_mixin.py:190} INFO - [2024-10-27T14:26:23.190+0000] {dag.py:4180} INFO - Setting next_dagrun for example_skip_dag to 2024-10-26 00:00:00+00:00, run_after=2024-10-27 00:00:00+00:00
[2024-10-27T14:26:23.242+0000] {processor.py:208} INFO - Processing /home/airflow/.local/lib/python3.12/site-packages/airflow/example_dags/example_skip_dag.py took 0.407 seconds
[2024-10-27T14:27:03.905+0000] {processor.py:186} INFO - Started process (PID=362) to work on /home/airflow/.local/lib/python3.12/site-packages/airflow/example_dags/example_skip_dag.py
[2024-10-27T14:27:03.908+0000] {processor.py:914} INFO - Processing file /home/airflow/.local/lib/python3.12/site-packages/airflow/example_dags/example_skip_dag.py for tasks to queue
[2024-10-27T14:27:03.916+0000] {logging_mixin.py:190} INFO - [2024-10-27T14:27:03.915+0000] {dagbag.py:588} INFO - Filling up the DagBag from /home/airflow/.local/lib/python3.12/site-packages/airflow/example_dags/example_skip_dag.py
[2024-10-27T14:27:04.020+0000] {processor.py:925} INFO - DAG(s) 'example_skip_dag' retrieved from /home/airflow/.local/lib/python3.12/site-packages/airflow/example_dags/example_skip_dag.py
[2024-10-27T14:27:04.092+0000] {logging_mixin.py:190} INFO - [2024-10-27T14:27:04.092+0000] {dag.py:3239} INFO - Sync 1 DAGs
[2024-10-27T14:27:04.206+0000] {logging_mixin.py:190} INFO - [2024-10-27T14:27:04.206+0000] {dag.py:4180} INFO - Setting next_dagrun for example_skip_dag to 2024-10-26 00:00:00+00:00, run_after=2024-10-27 00:00:00+00:00
[2024-10-27T14:27:04.309+0000] {processor.py:208} INFO - Processing /home/airflow/.local/lib/python3.12/site-packages/airflow/example_dags/example_skip_dag.py took 0.451 seconds
[2024-10-27T14:27:56.815+0000] {processor.py:186} INFO - Started process (PID=447) to work on /home/airflow/.local/lib/python3.12/site-packages/airflow/example_dags/example_skip_dag.py
[2024-10-27T14:27:56.830+0000] {processor.py:914} INFO - Processing file /home/airflow/.local/lib/python3.12/site-packages/airflow/example_dags/example_skip_dag.py for tasks to queue
[2024-10-27T14:27:56.850+0000] {logging_mixin.py:190} INFO - [2024-10-27T14:27:56.849+0000] {dagbag.py:588} INFO - Filling up the DagBag from /home/airflow/.local/lib/python3.12/site-packages/airflow/example_dags/example_skip_dag.py
[2024-10-27T14:27:56.902+0000] {processor.py:925} INFO - DAG(s) 'example_skip_dag' retrieved from /home/airflow/.local/lib/python3.12/site-packages/airflow/example_dags/example_skip_dag.py
[2024-10-27T14:27:57.091+0000] {logging_mixin.py:190} INFO - [2024-10-27T14:27:57.090+0000] {dag.py:3239} INFO - Sync 1 DAGs
[2024-10-27T14:27:57.291+0000] {logging_mixin.py:190} INFO - [2024-10-27T14:27:57.291+0000] {dag.py:4180} INFO - Setting next_dagrun for example_skip_dag to 2024-10-26 00:00:00+00:00, run_after=2024-10-27 00:00:00+00:00
[2024-10-27T14:27:57.426+0000] {processor.py:208} INFO - Processing /home/airflow/.local/lib/python3.12/site-packages/airflow/example_dags/example_skip_dag.py took 0.742 seconds
[2024-10-27T14:28:32.847+0000] {processor.py:186} INFO - Started process (PID=510) to work on /home/airflow/.local/lib/python3.12/site-packages/airflow/example_dags/example_skip_dag.py
[2024-10-27T14:28:32.854+0000] {processor.py:914} INFO - Processing file /home/airflow/.local/lib/python3.12/site-packages/airflow/example_dags/example_skip_dag.py for tasks to queue
[2024-10-27T14:28:32.861+0000] {logging_mixin.py:190} INFO - [2024-10-27T14:28:32.860+0000] {dagbag.py:588} INFO - Filling up the DagBag from /home/airflow/.local/lib/python3.12/site-packages/airflow/example_dags/example_skip_dag.py
[2024-10-27T14:28:32.907+0000] {processor.py:925} INFO - DAG(s) 'example_skip_dag' retrieved from /home/airflow/.local/lib/python3.12/site-packages/airflow/example_dags/example_skip_dag.py
[2024-10-27T14:28:33.047+0000] {logging_mixin.py:190} INFO - [2024-10-27T14:28:33.046+0000] {dag.py:3239} INFO - Sync 1 DAGs
[2024-10-27T14:28:33.183+0000] {logging_mixin.py:190} INFO - [2024-10-27T14:28:33.182+0000] {dag.py:4180} INFO - Setting next_dagrun for example_skip_dag to 2024-10-26 00:00:00+00:00, run_after=2024-10-27 00:00:00+00:00
[2024-10-27T14:28:33.298+0000] {processor.py:208} INFO - Processing /home/airflow/.local/lib/python3.12/site-packages/airflow/example_dags/example_skip_dag.py took 0.502 seconds
[2024-10-27T14:29:03.511+0000] {processor.py:186} INFO - Started process (PID=574) to work on /home/airflow/.local/lib/python3.12/site-packages/airflow/example_dags/example_skip_dag.py
[2024-10-27T14:29:03.513+0000] {processor.py:914} INFO - Processing file /home/airflow/.local/lib/python3.12/site-packages/airflow/example_dags/example_skip_dag.py for tasks to queue
[2024-10-27T14:29:03.554+0000] {logging_mixin.py:190} INFO - [2024-10-27T14:29:03.529+0000] {dagbag.py:588} INFO - Filling up the DagBag from /home/airflow/.local/lib/python3.12/site-packages/airflow/example_dags/example_skip_dag.py
[2024-10-27T14:29:03.580+0000] {processor.py:925} INFO - DAG(s) 'example_skip_dag' retrieved from /home/airflow/.local/lib/python3.12/site-packages/airflow/example_dags/example_skip_dag.py
[2024-10-27T14:29:03.681+0000] {logging_mixin.py:190} INFO - [2024-10-27T14:29:03.680+0000] {dag.py:3239} INFO - Sync 1 DAGs
[2024-10-27T14:29:03.746+0000] {logging_mixin.py:190} INFO - [2024-10-27T14:29:03.746+0000] {dag.py:4180} INFO - Setting next_dagrun for example_skip_dag to 2024-10-26 00:00:00+00:00, run_after=2024-10-27 00:00:00+00:00
[2024-10-27T14:29:03.817+0000] {processor.py:208} INFO - Processing /home/airflow/.local/lib/python3.12/site-packages/airflow/example_dags/example_skip_dag.py took 0.315 seconds
[2024-10-27T14:30:47.426+0000] {processor.py:186} INFO - Started process (PID=679) to work on /home/airflow/.local/lib/python3.12/site-packages/airflow/example_dags/example_skip_dag.py
[2024-10-27T14:30:47.434+0000] {processor.py:914} INFO - Processing file /home/airflow/.local/lib/python3.12/site-packages/airflow/example_dags/example_skip_dag.py for tasks to queue
[2024-10-27T14:30:47.444+0000] {logging_mixin.py:190} INFO - [2024-10-27T14:30:47.441+0000] {dagbag.py:588} INFO - Filling up the DagBag from /home/airflow/.local/lib/python3.12/site-packages/airflow/example_dags/example_skip_dag.py
[2024-10-27T14:30:47.491+0000] {processor.py:925} INFO - DAG(s) 'example_skip_dag' retrieved from /home/airflow/.local/lib/python3.12/site-packages/airflow/example_dags/example_skip_dag.py
[2024-10-27T14:30:47.615+0000] {logging_mixin.py:190} INFO - [2024-10-27T14:30:47.614+0000] {dag.py:3239} INFO - Sync 1 DAGs
[2024-10-27T14:30:47.715+0000] {logging_mixin.py:190} INFO - [2024-10-27T14:30:47.714+0000] {dag.py:4180} INFO - Setting next_dagrun for example_skip_dag to 2024-10-26 00:00:00+00:00, run_after=2024-10-27 00:00:00+00:00
[2024-10-27T14:30:47.791+0000] {processor.py:208} INFO - Processing /home/airflow/.local/lib/python3.12/site-packages/airflow/example_dags/example_skip_dag.py took 0.409 seconds
[2024-10-27T14:31:18.295+0000] {processor.py:186} INFO - Started process (PID=742) to work on /home/airflow/.local/lib/python3.12/site-packages/airflow/example_dags/example_skip_dag.py
[2024-10-27T14:31:18.297+0000] {processor.py:914} INFO - Processing file /home/airflow/.local/lib/python3.12/site-packages/airflow/example_dags/example_skip_dag.py for tasks to queue
[2024-10-27T14:31:18.300+0000] {logging_mixin.py:190} INFO - [2024-10-27T14:31:18.300+0000] {dagbag.py:588} INFO - Filling up the DagBag from /home/airflow/.local/lib/python3.12/site-packages/airflow/example_dags/example_skip_dag.py
[2024-10-27T14:31:18.310+0000] {processor.py:925} INFO - DAG(s) 'example_skip_dag' retrieved from /home/airflow/.local/lib/python3.12/site-packages/airflow/example_dags/example_skip_dag.py
[2024-10-27T14:31:18.340+0000] {logging_mixin.py:190} INFO - [2024-10-27T14:31:18.339+0000] {dag.py:3239} INFO - Sync 1 DAGs
[2024-10-27T14:31:18.366+0000] {logging_mixin.py:190} INFO - [2024-10-27T14:31:18.365+0000] {dag.py:4180} INFO - Setting next_dagrun for example_skip_dag to 2024-10-26 00:00:00+00:00, run_after=2024-10-27 00:00:00+00:00
[2024-10-27T14:31:18.387+0000] {processor.py:208} INFO - Processing /home/airflow/.local/lib/python3.12/site-packages/airflow/example_dags/example_skip_dag.py took 0.098 seconds
[2024-10-27T14:31:48.580+0000] {processor.py:186} INFO - Started process (PID=805) to work on /home/airflow/.local/lib/python3.12/site-packages/airflow/example_dags/example_skip_dag.py
[2024-10-27T14:31:48.588+0000] {processor.py:914} INFO - Processing file /home/airflow/.local/lib/python3.12/site-packages/airflow/example_dags/example_skip_dag.py for tasks to queue
[2024-10-27T14:31:48.616+0000] {logging_mixin.py:190} INFO - [2024-10-27T14:31:48.616+0000] {dagbag.py:588} INFO - Filling up the DagBag from /home/airflow/.local/lib/python3.12/site-packages/airflow/example_dags/example_skip_dag.py
[2024-10-27T14:31:48.663+0000] {processor.py:925} INFO - DAG(s) 'example_skip_dag' retrieved from /home/airflow/.local/lib/python3.12/site-packages/airflow/example_dags/example_skip_dag.py
[2024-10-27T14:31:48.852+0000] {logging_mixin.py:190} INFO - [2024-10-27T14:31:48.851+0000] {dag.py:3239} INFO - Sync 1 DAGs
[2024-10-27T14:31:49.079+0000] {logging_mixin.py:190} INFO - [2024-10-27T14:31:49.079+0000] {dag.py:4180} INFO - Setting next_dagrun for example_skip_dag to 2024-10-26 00:00:00+00:00, run_after=2024-10-27 00:00:00+00:00
[2024-10-27T14:31:49.219+0000] {processor.py:208} INFO - Processing /home/airflow/.local/lib/python3.12/site-packages/airflow/example_dags/example_skip_dag.py took 0.672 seconds
[2024-10-27T14:32:19.980+0000] {processor.py:186} INFO - Started process (PID=869) to work on /home/airflow/.local/lib/python3.12/site-packages/airflow/example_dags/example_skip_dag.py
[2024-10-27T14:32:19.981+0000] {processor.py:914} INFO - Processing file /home/airflow/.local/lib/python3.12/site-packages/airflow/example_dags/example_skip_dag.py for tasks to queue
[2024-10-27T14:32:19.993+0000] {logging_mixin.py:190} INFO - [2024-10-27T14:32:19.987+0000] {dagbag.py:588} INFO - Filling up the DagBag from /home/airflow/.local/lib/python3.12/site-packages/airflow/example_dags/example_skip_dag.py
[2024-10-27T14:32:20.004+0000] {processor.py:925} INFO - DAG(s) 'example_skip_dag' retrieved from /home/airflow/.local/lib/python3.12/site-packages/airflow/example_dags/example_skip_dag.py
[2024-10-27T14:32:20.056+0000] {logging_mixin.py:190} INFO - [2024-10-27T14:32:20.055+0000] {dag.py:3239} INFO - Sync 1 DAGs
[2024-10-27T14:32:20.089+0000] {logging_mixin.py:190} INFO - [2024-10-27T14:32:20.089+0000] {dag.py:4180} INFO - Setting next_dagrun for example_skip_dag to 2024-10-26 00:00:00+00:00, run_after=2024-10-27 00:00:00+00:00
[2024-10-27T14:32:20.110+0000] {processor.py:208} INFO - Processing /home/airflow/.local/lib/python3.12/site-packages/airflow/example_dags/example_skip_dag.py took 0.136 seconds
[2024-10-27T14:32:50.701+0000] {processor.py:186} INFO - Started process (PID=932) to work on /home/airflow/.local/lib/python3.12/site-packages/airflow/example_dags/example_skip_dag.py
[2024-10-27T14:32:50.702+0000] {processor.py:914} INFO - Processing file /home/airflow/.local/lib/python3.12/site-packages/airflow/example_dags/example_skip_dag.py for tasks to queue
[2024-10-27T14:32:50.705+0000] {logging_mixin.py:190} INFO - [2024-10-27T14:32:50.705+0000] {dagbag.py:588} INFO - Filling up the DagBag from /home/airflow/.local/lib/python3.12/site-packages/airflow/example_dags/example_skip_dag.py
[2024-10-27T14:32:50.713+0000] {processor.py:925} INFO - DAG(s) 'example_skip_dag' retrieved from /home/airflow/.local/lib/python3.12/site-packages/airflow/example_dags/example_skip_dag.py
[2024-10-27T14:32:50.751+0000] {logging_mixin.py:190} INFO - [2024-10-27T14:32:50.750+0000] {dag.py:3239} INFO - Sync 1 DAGs
[2024-10-27T14:32:50.787+0000] {logging_mixin.py:190} INFO - [2024-10-27T14:32:50.786+0000] {dag.py:4180} INFO - Setting next_dagrun for example_skip_dag to 2024-10-26 00:00:00+00:00, run_after=2024-10-27 00:00:00+00:00
[2024-10-27T14:32:50.808+0000] {processor.py:208} INFO - Processing /home/airflow/.local/lib/python3.12/site-packages/airflow/example_dags/example_skip_dag.py took 0.114 seconds
[2024-10-27T14:33:21.150+0000] {processor.py:186} INFO - Started process (PID=996) to work on /home/airflow/.local/lib/python3.12/site-packages/airflow/example_dags/example_skip_dag.py
[2024-10-27T14:33:21.156+0000] {processor.py:914} INFO - Processing file /home/airflow/.local/lib/python3.12/site-packages/airflow/example_dags/example_skip_dag.py for tasks to queue
[2024-10-27T14:33:21.159+0000] {logging_mixin.py:190} INFO - [2024-10-27T14:33:21.159+0000] {dagbag.py:588} INFO - Filling up the DagBag from /home/airflow/.local/lib/python3.12/site-packages/airflow/example_dags/example_skip_dag.py
[2024-10-27T14:33:21.169+0000] {processor.py:925} INFO - DAG(s) 'example_skip_dag' retrieved from /home/airflow/.local/lib/python3.12/site-packages/airflow/example_dags/example_skip_dag.py
[2024-10-27T14:33:21.199+0000] {logging_mixin.py:190} INFO - [2024-10-27T14:33:21.198+0000] {dag.py:3239} INFO - Sync 1 DAGs
[2024-10-27T14:33:21.229+0000] {logging_mixin.py:190} INFO - [2024-10-27T14:33:21.229+0000] {dag.py:4180} INFO - Setting next_dagrun for example_skip_dag to 2024-10-26 00:00:00+00:00, run_after=2024-10-27 00:00:00+00:00
[2024-10-27T14:33:21.269+0000] {processor.py:208} INFO - Processing /home/airflow/.local/lib/python3.12/site-packages/airflow/example_dags/example_skip_dag.py took 0.130 seconds
[2024-10-27T14:33:51.540+0000] {processor.py:186} INFO - Started process (PID=1058) to work on /home/airflow/.local/lib/python3.12/site-packages/airflow/example_dags/example_skip_dag.py
[2024-10-27T14:33:51.541+0000] {processor.py:914} INFO - Processing file /home/airflow/.local/lib/python3.12/site-packages/airflow/example_dags/example_skip_dag.py for tasks to queue
[2024-10-27T14:33:51.544+0000] {logging_mixin.py:190} INFO - [2024-10-27T14:33:51.543+0000] {dagbag.py:588} INFO - Filling up the DagBag from /home/airflow/.local/lib/python3.12/site-packages/airflow/example_dags/example_skip_dag.py
[2024-10-27T14:33:51.551+0000] {processor.py:925} INFO - DAG(s) 'example_skip_dag' retrieved from /home/airflow/.local/lib/python3.12/site-packages/airflow/example_dags/example_skip_dag.py
[2024-10-27T14:33:51.571+0000] {logging_mixin.py:190} INFO - [2024-10-27T14:33:51.570+0000] {dag.py:3239} INFO - Sync 1 DAGs
[2024-10-27T14:33:51.594+0000] {logging_mixin.py:190} INFO - [2024-10-27T14:33:51.593+0000] {dag.py:4180} INFO - Setting next_dagrun for example_skip_dag to 2024-10-26 00:00:00+00:00, run_after=2024-10-27 00:00:00+00:00
[2024-10-27T14:33:51.613+0000] {processor.py:208} INFO - Processing /home/airflow/.local/lib/python3.12/site-packages/airflow/example_dags/example_skip_dag.py took 0.079 seconds
[2024-10-27T14:34:22.075+0000] {processor.py:186} INFO - Started process (PID=1121) to work on /home/airflow/.local/lib/python3.12/site-packages/airflow/example_dags/example_skip_dag.py
[2024-10-27T14:34:22.077+0000] {processor.py:914} INFO - Processing file /home/airflow/.local/lib/python3.12/site-packages/airflow/example_dags/example_skip_dag.py for tasks to queue
[2024-10-27T14:34:22.082+0000] {logging_mixin.py:190} INFO - [2024-10-27T14:34:22.082+0000] {dagbag.py:588} INFO - Filling up the DagBag from /home/airflow/.local/lib/python3.12/site-packages/airflow/example_dags/example_skip_dag.py
[2024-10-27T14:34:22.098+0000] {processor.py:925} INFO - DAG(s) 'example_skip_dag' retrieved from /home/airflow/.local/lib/python3.12/site-packages/airflow/example_dags/example_skip_dag.py
[2024-10-27T14:34:22.137+0000] {logging_mixin.py:190} INFO - [2024-10-27T14:34:22.137+0000] {dag.py:3239} INFO - Sync 1 DAGs
[2024-10-27T14:34:22.218+0000] {logging_mixin.py:190} INFO - [2024-10-27T14:34:22.216+0000] {dag.py:4180} INFO - Setting next_dagrun for example_skip_dag to 2024-10-26 00:00:00+00:00, run_after=2024-10-27 00:00:00+00:00
[2024-10-27T14:34:22.336+0000] {processor.py:208} INFO - Processing /home/airflow/.local/lib/python3.12/site-packages/airflow/example_dags/example_skip_dag.py took 0.268 seconds
[2024-10-27T14:37:24.192+0000] {processor.py:186} INFO - Started process (PID=1229) to work on /home/airflow/.local/lib/python3.12/site-packages/airflow/example_dags/example_skip_dag.py
[2024-10-27T14:37:24.208+0000] {processor.py:914} INFO - Processing file /home/airflow/.local/lib/python3.12/site-packages/airflow/example_dags/example_skip_dag.py for tasks to queue
[2024-10-27T14:37:24.281+0000] {logging_mixin.py:190} INFO - [2024-10-27T14:37:24.262+0000] {dagbag.py:588} INFO - Filling up the DagBag from /home/airflow/.local/lib/python3.12/site-packages/airflow/example_dags/example_skip_dag.py
[2024-10-27T14:37:25.111+0000] {processor.py:925} INFO - DAG(s) 'example_skip_dag' retrieved from /home/airflow/.local/lib/python3.12/site-packages/airflow/example_dags/example_skip_dag.py
[2024-10-27T14:37:25.558+0000] {logging_mixin.py:190} INFO - [2024-10-27T14:37:25.557+0000] {dag.py:3239} INFO - Sync 1 DAGs
[2024-10-27T14:37:26.947+0000] {logging_mixin.py:190} INFO - [2024-10-27T14:37:26.940+0000] {dag.py:4180} INFO - Setting next_dagrun for example_skip_dag to 2024-10-26 00:00:00+00:00, run_after=2024-10-27 00:00:00+00:00
[2024-10-27T14:37:28.123+0000] {processor.py:208} INFO - Processing /home/airflow/.local/lib/python3.12/site-packages/airflow/example_dags/example_skip_dag.py took 4.115 seconds
[2024-10-27T14:39:06.219+0000] {processor.py:186} INFO - Started process (PID=1325) to work on /home/airflow/.local/lib/python3.12/site-packages/airflow/example_dags/example_skip_dag.py
[2024-10-27T14:39:06.224+0000] {processor.py:914} INFO - Processing file /home/airflow/.local/lib/python3.12/site-packages/airflow/example_dags/example_skip_dag.py for tasks to queue
[2024-10-27T14:39:06.253+0000] {logging_mixin.py:190} INFO - [2024-10-27T14:39:06.252+0000] {dagbag.py:588} INFO - Filling up the DagBag from /home/airflow/.local/lib/python3.12/site-packages/airflow/example_dags/example_skip_dag.py
[2024-10-27T14:39:06.346+0000] {processor.py:925} INFO - DAG(s) 'example_skip_dag' retrieved from /home/airflow/.local/lib/python3.12/site-packages/airflow/example_dags/example_skip_dag.py
[2024-10-27T14:39:06.623+0000] {logging_mixin.py:190} INFO - [2024-10-27T14:39:06.623+0000] {dag.py:3239} INFO - Sync 1 DAGs
[2024-10-27T14:39:07.138+0000] {logging_mixin.py:190} INFO - [2024-10-27T14:39:07.137+0000] {dag.py:4180} INFO - Setting next_dagrun for example_skip_dag to 2024-10-26 00:00:00+00:00, run_after=2024-10-27 00:00:00+00:00
[2024-10-27T14:39:07.512+0000] {processor.py:208} INFO - Processing /home/airflow/.local/lib/python3.12/site-packages/airflow/example_dags/example_skip_dag.py took 1.374 seconds
[2024-10-27T14:39:53.821+0000] {processor.py:186} INFO - Started process (PID=1400) to work on /home/airflow/.local/lib/python3.12/site-packages/airflow/example_dags/example_skip_dag.py
[2024-10-27T14:39:53.828+0000] {processor.py:914} INFO - Processing file /home/airflow/.local/lib/python3.12/site-packages/airflow/example_dags/example_skip_dag.py for tasks to queue
[2024-10-27T14:39:53.851+0000] {logging_mixin.py:190} INFO - [2024-10-27T14:39:53.851+0000] {dagbag.py:588} INFO - Filling up the DagBag from /home/airflow/.local/lib/python3.12/site-packages/airflow/example_dags/example_skip_dag.py
[2024-10-27T14:39:53.931+0000] {processor.py:925} INFO - DAG(s) 'example_skip_dag' retrieved from /home/airflow/.local/lib/python3.12/site-packages/airflow/example_dags/example_skip_dag.py
[2024-10-27T14:39:54.030+0000] {logging_mixin.py:190} INFO - [2024-10-27T14:39:54.029+0000] {dag.py:3239} INFO - Sync 1 DAGs
[2024-10-27T14:39:54.252+0000] {logging_mixin.py:190} INFO - [2024-10-27T14:39:54.252+0000] {dag.py:4180} INFO - Setting next_dagrun for example_skip_dag to 2024-10-26 00:00:00+00:00, run_after=2024-10-27 00:00:00+00:00
[2024-10-27T14:39:54.390+0000] {processor.py:208} INFO - Processing /home/airflow/.local/lib/python3.12/site-packages/airflow/example_dags/example_skip_dag.py took 0.619 seconds
[2024-10-27T14:40:25.287+0000] {processor.py:186} INFO - Started process (PID=1463) to work on /home/airflow/.local/lib/python3.12/site-packages/airflow/example_dags/example_skip_dag.py
[2024-10-27T14:40:25.291+0000] {processor.py:914} INFO - Processing file /home/airflow/.local/lib/python3.12/site-packages/airflow/example_dags/example_skip_dag.py for tasks to queue
[2024-10-27T14:40:25.296+0000] {logging_mixin.py:190} INFO - [2024-10-27T14:40:25.296+0000] {dagbag.py:588} INFO - Filling up the DagBag from /home/airflow/.local/lib/python3.12/site-packages/airflow/example_dags/example_skip_dag.py
[2024-10-27T14:40:25.327+0000] {processor.py:925} INFO - DAG(s) 'example_skip_dag' retrieved from /home/airflow/.local/lib/python3.12/site-packages/airflow/example_dags/example_skip_dag.py
[2024-10-27T14:40:25.399+0000] {logging_mixin.py:190} INFO - [2024-10-27T14:40:25.398+0000] {dag.py:3239} INFO - Sync 1 DAGs
[2024-10-27T14:40:25.561+0000] {logging_mixin.py:190} INFO - [2024-10-27T14:40:25.560+0000] {dag.py:4180} INFO - Setting next_dagrun for example_skip_dag to 2024-10-26 00:00:00+00:00, run_after=2024-10-27 00:00:00+00:00
[2024-10-27T14:40:25.607+0000] {processor.py:208} INFO - Processing /home/airflow/.local/lib/python3.12/site-packages/airflow/example_dags/example_skip_dag.py took 0.335 seconds
[2024-10-27T14:48:51.808+0000] {processor.py:186} INFO - Started process (PID=165) to work on /home/airflow/.local/lib/python3.12/site-packages/airflow/example_dags/example_skip_dag.py
[2024-10-27T14:48:51.859+0000] {processor.py:914} INFO - Processing file /home/airflow/.local/lib/python3.12/site-packages/airflow/example_dags/example_skip_dag.py for tasks to queue
[2024-10-27T14:48:51.881+0000] {logging_mixin.py:190} INFO - [2024-10-27T14:48:51.880+0000] {dagbag.py:588} INFO - Filling up the DagBag from /home/airflow/.local/lib/python3.12/site-packages/airflow/example_dags/example_skip_dag.py
[2024-10-27T14:48:51.976+0000] {processor.py:925} INFO - DAG(s) 'example_skip_dag' retrieved from /home/airflow/.local/lib/python3.12/site-packages/airflow/example_dags/example_skip_dag.py
[2024-10-27T14:48:53.273+0000] {logging_mixin.py:190} INFO - [2024-10-27T14:48:53.272+0000] {dag.py:3239} INFO - Sync 1 DAGs
[2024-10-27T14:48:53.680+0000] {logging_mixin.py:190} INFO - [2024-10-27T14:48:53.679+0000] {dag.py:4180} INFO - Setting next_dagrun for example_skip_dag to 2024-10-26 00:00:00+00:00, run_after=2024-10-27 00:00:00+00:00
[2024-10-27T14:48:53.950+0000] {processor.py:208} INFO - Processing /home/airflow/.local/lib/python3.12/site-packages/airflow/example_dags/example_skip_dag.py took 2.224 seconds
[2024-10-27T14:50:16.001+0000] {processor.py:186} INFO - Started process (PID=246) to work on /home/airflow/.local/lib/python3.12/site-packages/airflow/example_dags/example_skip_dag.py
[2024-10-27T14:50:16.016+0000] {processor.py:914} INFO - Processing file /home/airflow/.local/lib/python3.12/site-packages/airflow/example_dags/example_skip_dag.py for tasks to queue
[2024-10-27T14:50:16.065+0000] {logging_mixin.py:190} INFO - [2024-10-27T14:50:16.065+0000] {dagbag.py:588} INFO - Filling up the DagBag from /home/airflow/.local/lib/python3.12/site-packages/airflow/example_dags/example_skip_dag.py
[2024-10-27T14:50:16.196+0000] {processor.py:925} INFO - DAG(s) 'example_skip_dag' retrieved from /home/airflow/.local/lib/python3.12/site-packages/airflow/example_dags/example_skip_dag.py
[2024-10-27T14:50:16.463+0000] {logging_mixin.py:190} INFO - [2024-10-27T14:50:16.462+0000] {dag.py:3239} INFO - Sync 1 DAGs
[2024-10-27T14:50:16.844+0000] {logging_mixin.py:190} INFO - [2024-10-27T14:50:16.844+0000] {dag.py:4180} INFO - Setting next_dagrun for example_skip_dag to 2024-10-26 00:00:00+00:00, run_after=2024-10-27 00:00:00+00:00
[2024-10-27T14:50:17.201+0000] {processor.py:208} INFO - Processing /home/airflow/.local/lib/python3.12/site-packages/airflow/example_dags/example_skip_dag.py took 1.258 seconds
[2024-10-27T14:51:22.643+0000] {processor.py:186} INFO - Started process (PID=323) to work on /home/airflow/.local/lib/python3.12/site-packages/airflow/example_dags/example_skip_dag.py
[2024-10-27T14:51:22.705+0000] {processor.py:914} INFO - Processing file /home/airflow/.local/lib/python3.12/site-packages/airflow/example_dags/example_skip_dag.py for tasks to queue
[2024-10-27T14:51:22.735+0000] {logging_mixin.py:190} INFO - [2024-10-27T14:51:22.734+0000] {dagbag.py:588} INFO - Filling up the DagBag from /home/airflow/.local/lib/python3.12/site-packages/airflow/example_dags/example_skip_dag.py
[2024-10-27T14:51:22.900+0000] {processor.py:925} INFO - DAG(s) 'example_skip_dag' retrieved from /home/airflow/.local/lib/python3.12/site-packages/airflow/example_dags/example_skip_dag.py
[2024-10-27T14:51:23.159+0000] {logging_mixin.py:190} INFO - [2024-10-27T14:51:23.159+0000] {dag.py:3239} INFO - Sync 1 DAGs
[2024-10-27T14:51:23.400+0000] {logging_mixin.py:190} INFO - [2024-10-27T14:51:23.400+0000] {dag.py:4180} INFO - Setting next_dagrun for example_skip_dag to 2024-10-26 00:00:00+00:00, run_after=2024-10-27 00:00:00+00:00
[2024-10-27T14:51:23.622+0000] {processor.py:208} INFO - Processing /home/airflow/.local/lib/python3.12/site-packages/airflow/example_dags/example_skip_dag.py took 1.065 seconds
[2024-10-27T14:52:24.311+0000] {processor.py:186} INFO - Started process (PID=404) to work on /home/airflow/.local/lib/python3.12/site-packages/airflow/example_dags/example_skip_dag.py
[2024-10-27T14:52:24.318+0000] {processor.py:914} INFO - Processing file /home/airflow/.local/lib/python3.12/site-packages/airflow/example_dags/example_skip_dag.py for tasks to queue
[2024-10-27T14:52:24.350+0000] {logging_mixin.py:190} INFO - [2024-10-27T14:52:24.349+0000] {dagbag.py:588} INFO - Filling up the DagBag from /home/airflow/.local/lib/python3.12/site-packages/airflow/example_dags/example_skip_dag.py
[2024-10-27T14:52:24.457+0000] {processor.py:925} INFO - DAG(s) 'example_skip_dag' retrieved from /home/airflow/.local/lib/python3.12/site-packages/airflow/example_dags/example_skip_dag.py
[2024-10-27T14:52:24.642+0000] {logging_mixin.py:190} INFO - [2024-10-27T14:52:24.641+0000] {dag.py:3239} INFO - Sync 1 DAGs
[2024-10-27T14:52:24.861+0000] {logging_mixin.py:190} INFO - [2024-10-27T14:52:24.860+0000] {dag.py:4180} INFO - Setting next_dagrun for example_skip_dag to 2024-10-26 00:00:00+00:00, run_after=2024-10-27 00:00:00+00:00
[2024-10-27T14:52:25.058+0000] {processor.py:208} INFO - Processing /home/airflow/.local/lib/python3.12/site-packages/airflow/example_dags/example_skip_dag.py took 0.935 seconds
[2024-10-27T14:53:21.495+0000] {processor.py:186} INFO - Started process (PID=484) to work on /home/airflow/.local/lib/python3.12/site-packages/airflow/example_dags/example_skip_dag.py
[2024-10-27T14:53:21.509+0000] {processor.py:914} INFO - Processing file /home/airflow/.local/lib/python3.12/site-packages/airflow/example_dags/example_skip_dag.py for tasks to queue
[2024-10-27T14:53:21.536+0000] {logging_mixin.py:190} INFO - [2024-10-27T14:53:21.535+0000] {dagbag.py:588} INFO - Filling up the DagBag from /home/airflow/.local/lib/python3.12/site-packages/airflow/example_dags/example_skip_dag.py
[2024-10-27T14:53:21.621+0000] {processor.py:925} INFO - DAG(s) 'example_skip_dag' retrieved from /home/airflow/.local/lib/python3.12/site-packages/airflow/example_dags/example_skip_dag.py
[2024-10-27T14:53:21.788+0000] {logging_mixin.py:190} INFO - [2024-10-27T14:53:21.788+0000] {dag.py:3239} INFO - Sync 1 DAGs
[2024-10-27T14:53:22.093+0000] {logging_mixin.py:190} INFO - [2024-10-27T14:53:22.092+0000] {dag.py:4180} INFO - Setting next_dagrun for example_skip_dag to 2024-10-26 00:00:00+00:00, run_after=2024-10-27 00:00:00+00:00
[2024-10-27T14:53:22.312+0000] {processor.py:208} INFO - Processing /home/airflow/.local/lib/python3.12/site-packages/airflow/example_dags/example_skip_dag.py took 0.889 seconds
[2024-10-27T14:55:28.126+0000] {processor.py:186} INFO - Started process (PID=585) to work on /home/airflow/.local/lib/python3.12/site-packages/airflow/example_dags/example_skip_dag.py
[2024-10-27T14:55:28.150+0000] {processor.py:914} INFO - Processing file /home/airflow/.local/lib/python3.12/site-packages/airflow/example_dags/example_skip_dag.py for tasks to queue
[2024-10-27T14:55:28.177+0000] {logging_mixin.py:190} INFO - [2024-10-27T14:55:28.176+0000] {dagbag.py:588} INFO - Filling up the DagBag from /home/airflow/.local/lib/python3.12/site-packages/airflow/example_dags/example_skip_dag.py
[2024-10-27T14:55:28.299+0000] {processor.py:925} INFO - DAG(s) 'example_skip_dag' retrieved from /home/airflow/.local/lib/python3.12/site-packages/airflow/example_dags/example_skip_dag.py
[2024-10-27T14:55:29.341+0000] {logging_mixin.py:190} INFO - [2024-10-27T14:55:29.296+0000] {dag.py:3239} INFO - Sync 1 DAGs
[2024-10-27T14:55:29.581+0000] {logging_mixin.py:190} INFO - [2024-10-27T14:55:29.574+0000] {dag.py:4180} INFO - Setting next_dagrun for example_skip_dag to 2024-10-26 00:00:00+00:00, run_after=2024-10-27 00:00:00+00:00
[2024-10-27T14:55:29.789+0000] {processor.py:208} INFO - Processing /home/airflow/.local/lib/python3.12/site-packages/airflow/example_dags/example_skip_dag.py took 1.721 seconds
[2024-10-27T14:56:20.314+0000] {processor.py:186} INFO - Started process (PID=657) to work on /home/airflow/.local/lib/python3.12/site-packages/airflow/example_dags/example_skip_dag.py
[2024-10-27T14:56:20.323+0000] {processor.py:914} INFO - Processing file /home/airflow/.local/lib/python3.12/site-packages/airflow/example_dags/example_skip_dag.py for tasks to queue
[2024-10-27T14:56:20.330+0000] {logging_mixin.py:190} INFO - [2024-10-27T14:56:20.329+0000] {dagbag.py:588} INFO - Filling up the DagBag from /home/airflow/.local/lib/python3.12/site-packages/airflow/example_dags/example_skip_dag.py
[2024-10-27T14:56:20.380+0000] {processor.py:925} INFO - DAG(s) 'example_skip_dag' retrieved from /home/airflow/.local/lib/python3.12/site-packages/airflow/example_dags/example_skip_dag.py
[2024-10-27T14:56:20.477+0000] {logging_mixin.py:190} INFO - [2024-10-27T14:56:20.477+0000] {dag.py:3239} INFO - Sync 1 DAGs
[2024-10-27T14:56:20.552+0000] {logging_mixin.py:190} INFO - [2024-10-27T14:56:20.552+0000] {dag.py:4180} INFO - Setting next_dagrun for example_skip_dag to 2024-10-26 00:00:00+00:00, run_after=2024-10-27 00:00:00+00:00
[2024-10-27T14:56:20.611+0000] {processor.py:208} INFO - Processing /home/airflow/.local/lib/python3.12/site-packages/airflow/example_dags/example_skip_dag.py took 0.318 seconds
[2024-10-27T14:57:08.504+0000] {processor.py:186} INFO - Started process (PID=731) to work on /home/airflow/.local/lib/python3.12/site-packages/airflow/example_dags/example_skip_dag.py
[2024-10-27T14:57:08.519+0000] {processor.py:914} INFO - Processing file /home/airflow/.local/lib/python3.12/site-packages/airflow/example_dags/example_skip_dag.py for tasks to queue
[2024-10-27T14:57:08.527+0000] {logging_mixin.py:190} INFO - [2024-10-27T14:57:08.526+0000] {dagbag.py:588} INFO - Filling up the DagBag from /home/airflow/.local/lib/python3.12/site-packages/airflow/example_dags/example_skip_dag.py
[2024-10-27T14:57:08.568+0000] {processor.py:925} INFO - DAG(s) 'example_skip_dag' retrieved from /home/airflow/.local/lib/python3.12/site-packages/airflow/example_dags/example_skip_dag.py
[2024-10-27T14:57:08.642+0000] {logging_mixin.py:190} INFO - [2024-10-27T14:57:08.641+0000] {dag.py:3239} INFO - Sync 1 DAGs
[2024-10-27T14:57:08.718+0000] {logging_mixin.py:190} INFO - [2024-10-27T14:57:08.718+0000] {dag.py:4180} INFO - Setting next_dagrun for example_skip_dag to 2024-10-26 00:00:00+00:00, run_after=2024-10-27 00:00:00+00:00
[2024-10-27T14:57:08.769+0000] {processor.py:208} INFO - Processing /home/airflow/.local/lib/python3.12/site-packages/airflow/example_dags/example_skip_dag.py took 0.275 seconds
[2024-10-27T14:57:39.701+0000] {processor.py:186} INFO - Started process (PID=793) to work on /home/airflow/.local/lib/python3.12/site-packages/airflow/example_dags/example_skip_dag.py
[2024-10-27T14:57:39.703+0000] {processor.py:914} INFO - Processing file /home/airflow/.local/lib/python3.12/site-packages/airflow/example_dags/example_skip_dag.py for tasks to queue
[2024-10-27T14:57:39.705+0000] {logging_mixin.py:190} INFO - [2024-10-27T14:57:39.705+0000] {dagbag.py:588} INFO - Filling up the DagBag from /home/airflow/.local/lib/python3.12/site-packages/airflow/example_dags/example_skip_dag.py
[2024-10-27T14:57:39.713+0000] {processor.py:925} INFO - DAG(s) 'example_skip_dag' retrieved from /home/airflow/.local/lib/python3.12/site-packages/airflow/example_dags/example_skip_dag.py
[2024-10-27T14:57:39.736+0000] {logging_mixin.py:190} INFO - [2024-10-27T14:57:39.735+0000] {dag.py:3239} INFO - Sync 1 DAGs
[2024-10-27T14:57:39.759+0000] {logging_mixin.py:190} INFO - [2024-10-27T14:57:39.758+0000] {dag.py:4180} INFO - Setting next_dagrun for example_skip_dag to 2024-10-26 00:00:00+00:00, run_after=2024-10-27 00:00:00+00:00
[2024-10-27T14:57:39.783+0000] {processor.py:208} INFO - Processing /home/airflow/.local/lib/python3.12/site-packages/airflow/example_dags/example_skip_dag.py took 0.087 seconds
[2024-10-27T14:58:10.572+0000] {processor.py:186} INFO - Started process (PID=857) to work on /home/airflow/.local/lib/python3.12/site-packages/airflow/example_dags/example_skip_dag.py
[2024-10-27T14:58:10.574+0000] {processor.py:914} INFO - Processing file /home/airflow/.local/lib/python3.12/site-packages/airflow/example_dags/example_skip_dag.py for tasks to queue
[2024-10-27T14:58:10.577+0000] {logging_mixin.py:190} INFO - [2024-10-27T14:58:10.576+0000] {dagbag.py:588} INFO - Filling up the DagBag from /home/airflow/.local/lib/python3.12/site-packages/airflow/example_dags/example_skip_dag.py
[2024-10-27T14:58:10.585+0000] {processor.py:925} INFO - DAG(s) 'example_skip_dag' retrieved from /home/airflow/.local/lib/python3.12/site-packages/airflow/example_dags/example_skip_dag.py
[2024-10-27T14:58:10.611+0000] {logging_mixin.py:190} INFO - [2024-10-27T14:58:10.611+0000] {dag.py:3239} INFO - Sync 1 DAGs
[2024-10-27T14:58:10.633+0000] {logging_mixin.py:190} INFO - [2024-10-27T14:58:10.633+0000] {dag.py:4180} INFO - Setting next_dagrun for example_skip_dag to 2024-10-26 00:00:00+00:00, run_after=2024-10-27 00:00:00+00:00
[2024-10-27T14:58:10.652+0000] {processor.py:208} INFO - Processing /home/airflow/.local/lib/python3.12/site-packages/airflow/example_dags/example_skip_dag.py took 0.092 seconds
[2024-10-27T14:58:41.344+0000] {processor.py:186} INFO - Started process (PID=921) to work on /home/airflow/.local/lib/python3.12/site-packages/airflow/example_dags/example_skip_dag.py
[2024-10-27T14:58:41.345+0000] {processor.py:914} INFO - Processing file /home/airflow/.local/lib/python3.12/site-packages/airflow/example_dags/example_skip_dag.py for tasks to queue
[2024-10-27T14:58:41.349+0000] {logging_mixin.py:190} INFO - [2024-10-27T14:58:41.349+0000] {dagbag.py:588} INFO - Filling up the DagBag from /home/airflow/.local/lib/python3.12/site-packages/airflow/example_dags/example_skip_dag.py
[2024-10-27T14:58:41.362+0000] {processor.py:925} INFO - DAG(s) 'example_skip_dag' retrieved from /home/airflow/.local/lib/python3.12/site-packages/airflow/example_dags/example_skip_dag.py
[2024-10-27T14:58:41.404+0000] {logging_mixin.py:190} INFO - [2024-10-27T14:58:41.404+0000] {dag.py:3239} INFO - Sync 1 DAGs
[2024-10-27T14:58:41.443+0000] {logging_mixin.py:190} INFO - [2024-10-27T14:58:41.443+0000] {dag.py:4180} INFO - Setting next_dagrun for example_skip_dag to 2024-10-26 00:00:00+00:00, run_after=2024-10-27 00:00:00+00:00
[2024-10-27T14:58:41.473+0000] {processor.py:208} INFO - Processing /home/airflow/.local/lib/python3.12/site-packages/airflow/example_dags/example_skip_dag.py took 0.140 seconds
[2024-10-27T15:06:53.678+0000] {processor.py:186} INFO - Started process (PID=140) to work on /home/airflow/.local/lib/python3.12/site-packages/airflow/example_dags/example_skip_dag.py
[2024-10-27T15:06:53.727+0000] {processor.py:914} INFO - Processing file /home/airflow/.local/lib/python3.12/site-packages/airflow/example_dags/example_skip_dag.py for tasks to queue
[2024-10-27T15:06:53.747+0000] {logging_mixin.py:190} INFO - [2024-10-27T15:06:53.746+0000] {dagbag.py:588} INFO - Filling up the DagBag from /home/airflow/.local/lib/python3.12/site-packages/airflow/example_dags/example_skip_dag.py
[2024-10-27T15:06:53.923+0000] {processor.py:925} INFO - DAG(s) 'example_skip_dag' retrieved from /home/airflow/.local/lib/python3.12/site-packages/airflow/example_dags/example_skip_dag.py
[2024-10-27T15:06:54.146+0000] {logging_mixin.py:190} INFO - [2024-10-27T15:06:54.145+0000] {dag.py:3239} INFO - Sync 1 DAGs
[2024-10-27T15:06:54.402+0000] {logging_mixin.py:190} INFO - [2024-10-27T15:06:54.402+0000] {dag.py:4180} INFO - Setting next_dagrun for example_skip_dag to 2024-10-26 00:00:00+00:00, run_after=2024-10-27 00:00:00+00:00
[2024-10-27T15:06:54.649+0000] {processor.py:208} INFO - Processing /home/airflow/.local/lib/python3.12/site-packages/airflow/example_dags/example_skip_dag.py took 1.146 seconds
[2024-10-27T15:07:41.138+0000] {processor.py:186} INFO - Started process (PID=213) to work on /home/airflow/.local/lib/python3.12/site-packages/airflow/example_dags/example_skip_dag.py
[2024-10-27T15:07:41.161+0000] {processor.py:914} INFO - Processing file /home/airflow/.local/lib/python3.12/site-packages/airflow/example_dags/example_skip_dag.py for tasks to queue
[2024-10-27T15:07:41.167+0000] {logging_mixin.py:190} INFO - [2024-10-27T15:07:41.166+0000] {dagbag.py:588} INFO - Filling up the DagBag from /home/airflow/.local/lib/python3.12/site-packages/airflow/example_dags/example_skip_dag.py
[2024-10-27T15:07:41.248+0000] {processor.py:925} INFO - DAG(s) 'example_skip_dag' retrieved from /home/airflow/.local/lib/python3.12/site-packages/airflow/example_dags/example_skip_dag.py
[2024-10-27T15:07:41.486+0000] {logging_mixin.py:190} INFO - [2024-10-27T15:07:41.486+0000] {dag.py:3239} INFO - Sync 1 DAGs
[2024-10-27T15:07:42.072+0000] {logging_mixin.py:190} INFO - [2024-10-27T15:07:42.072+0000] {dag.py:4180} INFO - Setting next_dagrun for example_skip_dag to 2024-10-26 00:00:00+00:00, run_after=2024-10-27 00:00:00+00:00
[2024-10-27T15:07:42.261+0000] {processor.py:208} INFO - Processing /home/airflow/.local/lib/python3.12/site-packages/airflow/example_dags/example_skip_dag.py took 1.167 seconds
[2024-10-27T15:08:21.494+0000] {processor.py:186} INFO - Started process (PID=280) to work on /home/airflow/.local/lib/python3.12/site-packages/airflow/example_dags/example_skip_dag.py
[2024-10-27T15:08:21.504+0000] {processor.py:914} INFO - Processing file /home/airflow/.local/lib/python3.12/site-packages/airflow/example_dags/example_skip_dag.py for tasks to queue
[2024-10-27T15:08:21.511+0000] {logging_mixin.py:190} INFO - [2024-10-27T15:08:21.511+0000] {dagbag.py:588} INFO - Filling up the DagBag from /home/airflow/.local/lib/python3.12/site-packages/airflow/example_dags/example_skip_dag.py
[2024-10-27T15:08:21.571+0000] {processor.py:925} INFO - DAG(s) 'example_skip_dag' retrieved from /home/airflow/.local/lib/python3.12/site-packages/airflow/example_dags/example_skip_dag.py
[2024-10-27T15:08:21.755+0000] {logging_mixin.py:190} INFO - [2024-10-27T15:08:21.754+0000] {dag.py:3239} INFO - Sync 1 DAGs
[2024-10-27T15:08:21.956+0000] {logging_mixin.py:190} INFO - [2024-10-27T15:08:21.954+0000] {dag.py:4180} INFO - Setting next_dagrun for example_skip_dag to 2024-10-26 00:00:00+00:00, run_after=2024-10-27 00:00:00+00:00
[2024-10-27T15:08:22.114+0000] {processor.py:208} INFO - Processing /home/airflow/.local/lib/python3.12/site-packages/airflow/example_dags/example_skip_dag.py took 0.666 seconds
[2024-10-27T15:09:30.523+0000] {processor.py:186} INFO - Started process (PID=355) to work on /home/airflow/.local/lib/python3.12/site-packages/airflow/example_dags/example_skip_dag.py
[2024-10-27T15:09:30.556+0000] {processor.py:914} INFO - Processing file /home/airflow/.local/lib/python3.12/site-packages/airflow/example_dags/example_skip_dag.py for tasks to queue
[2024-10-27T15:09:30.569+0000] {logging_mixin.py:190} INFO - [2024-10-27T15:09:30.568+0000] {dagbag.py:588} INFO - Filling up the DagBag from /home/airflow/.local/lib/python3.12/site-packages/airflow/example_dags/example_skip_dag.py
[2024-10-27T15:09:30.687+0000] {processor.py:925} INFO - DAG(s) 'example_skip_dag' retrieved from /home/airflow/.local/lib/python3.12/site-packages/airflow/example_dags/example_skip_dag.py
[2024-10-27T15:09:30.790+0000] {logging_mixin.py:190} INFO - [2024-10-27T15:09:30.789+0000] {dag.py:3239} INFO - Sync 1 DAGs
[2024-10-27T15:09:30.929+0000] {logging_mixin.py:190} INFO - [2024-10-27T15:09:30.929+0000] {dag.py:4180} INFO - Setting next_dagrun for example_skip_dag to 2024-10-26 00:00:00+00:00, run_after=2024-10-27 00:00:00+00:00
[2024-10-27T15:09:31.022+0000] {processor.py:208} INFO - Processing /home/airflow/.local/lib/python3.12/site-packages/airflow/example_dags/example_skip_dag.py took 0.537 seconds
[2024-10-27T15:10:01.690+0000] {processor.py:186} INFO - Started process (PID=424) to work on /home/airflow/.local/lib/python3.12/site-packages/airflow/example_dags/example_skip_dag.py
[2024-10-27T15:10:01.706+0000] {processor.py:914} INFO - Processing file /home/airflow/.local/lib/python3.12/site-packages/airflow/example_dags/example_skip_dag.py for tasks to queue
[2024-10-27T15:10:01.713+0000] {logging_mixin.py:190} INFO - [2024-10-27T15:10:01.712+0000] {dagbag.py:588} INFO - Filling up the DagBag from /home/airflow/.local/lib/python3.12/site-packages/airflow/example_dags/example_skip_dag.py
[2024-10-27T15:10:01.740+0000] {processor.py:925} INFO - DAG(s) 'example_skip_dag' retrieved from /home/airflow/.local/lib/python3.12/site-packages/airflow/example_dags/example_skip_dag.py
[2024-10-27T15:10:01.800+0000] {logging_mixin.py:190} INFO - [2024-10-27T15:10:01.800+0000] {dag.py:3239} INFO - Sync 1 DAGs
[2024-10-27T15:10:01.867+0000] {logging_mixin.py:190} INFO - [2024-10-27T15:10:01.866+0000] {dag.py:4180} INFO - Setting next_dagrun for example_skip_dag to 2024-10-26 00:00:00+00:00, run_after=2024-10-27 00:00:00+00:00
[2024-10-27T15:10:01.950+0000] {processor.py:208} INFO - Processing /home/airflow/.local/lib/python3.12/site-packages/airflow/example_dags/example_skip_dag.py took 0.280 seconds
[2024-10-27T15:10:33.071+0000] {processor.py:186} INFO - Started process (PID=487) to work on /home/airflow/.local/lib/python3.12/site-packages/airflow/example_dags/example_skip_dag.py
[2024-10-27T15:10:33.081+0000] {processor.py:914} INFO - Processing file /home/airflow/.local/lib/python3.12/site-packages/airflow/example_dags/example_skip_dag.py for tasks to queue
[2024-10-27T15:10:33.093+0000] {logging_mixin.py:190} INFO - [2024-10-27T15:10:33.092+0000] {dagbag.py:588} INFO - Filling up the DagBag from /home/airflow/.local/lib/python3.12/site-packages/airflow/example_dags/example_skip_dag.py
[2024-10-27T15:10:33.253+0000] {processor.py:925} INFO - DAG(s) 'example_skip_dag' retrieved from /home/airflow/.local/lib/python3.12/site-packages/airflow/example_dags/example_skip_dag.py
[2024-10-27T15:10:33.435+0000] {logging_mixin.py:190} INFO - [2024-10-27T15:10:33.435+0000] {dag.py:3239} INFO - Sync 1 DAGs
[2024-10-27T15:10:33.517+0000] {logging_mixin.py:190} INFO - [2024-10-27T15:10:33.516+0000] {dag.py:4180} INFO - Setting next_dagrun for example_skip_dag to 2024-10-26 00:00:00+00:00, run_after=2024-10-27 00:00:00+00:00
[2024-10-27T15:10:33.655+0000] {processor.py:208} INFO - Processing /home/airflow/.local/lib/python3.12/site-packages/airflow/example_dags/example_skip_dag.py took 0.683 seconds
[2024-10-27T15:11:03.994+0000] {processor.py:186} INFO - Started process (PID=550) to work on /home/airflow/.local/lib/python3.12/site-packages/airflow/example_dags/example_skip_dag.py
[2024-10-27T15:11:03.995+0000] {processor.py:914} INFO - Processing file /home/airflow/.local/lib/python3.12/site-packages/airflow/example_dags/example_skip_dag.py for tasks to queue
[2024-10-27T15:11:03.997+0000] {logging_mixin.py:190} INFO - [2024-10-27T15:11:03.997+0000] {dagbag.py:588} INFO - Filling up the DagBag from /home/airflow/.local/lib/python3.12/site-packages/airflow/example_dags/example_skip_dag.py
[2024-10-27T15:11:04.005+0000] {processor.py:925} INFO - DAG(s) 'example_skip_dag' retrieved from /home/airflow/.local/lib/python3.12/site-packages/airflow/example_dags/example_skip_dag.py
[2024-10-27T15:11:04.025+0000] {logging_mixin.py:190} INFO - [2024-10-27T15:11:04.024+0000] {dag.py:3239} INFO - Sync 1 DAGs
[2024-10-27T15:11:04.046+0000] {logging_mixin.py:190} INFO - [2024-10-27T15:11:04.046+0000] {dag.py:4180} INFO - Setting next_dagrun for example_skip_dag to 2024-10-26 00:00:00+00:00, run_after=2024-10-27 00:00:00+00:00
[2024-10-27T15:11:04.072+0000] {processor.py:208} INFO - Processing /home/airflow/.local/lib/python3.12/site-packages/airflow/example_dags/example_skip_dag.py took 0.084 seconds
[2024-10-27T15:11:34.960+0000] {processor.py:186} INFO - Started process (PID=613) to work on /home/airflow/.local/lib/python3.12/site-packages/airflow/example_dags/example_skip_dag.py
[2024-10-27T15:11:34.962+0000] {processor.py:914} INFO - Processing file /home/airflow/.local/lib/python3.12/site-packages/airflow/example_dags/example_skip_dag.py for tasks to queue
[2024-10-27T15:11:34.966+0000] {logging_mixin.py:190} INFO - [2024-10-27T15:11:34.966+0000] {dagbag.py:588} INFO - Filling up the DagBag from /home/airflow/.local/lib/python3.12/site-packages/airflow/example_dags/example_skip_dag.py
[2024-10-27T15:11:34.981+0000] {processor.py:925} INFO - DAG(s) 'example_skip_dag' retrieved from /home/airflow/.local/lib/python3.12/site-packages/airflow/example_dags/example_skip_dag.py
[2024-10-27T15:11:35.030+0000] {logging_mixin.py:190} INFO - [2024-10-27T15:11:35.029+0000] {dag.py:3239} INFO - Sync 1 DAGs
[2024-10-27T15:11:35.076+0000] {logging_mixin.py:190} INFO - [2024-10-27T15:11:35.076+0000] {dag.py:4180} INFO - Setting next_dagrun for example_skip_dag to 2024-10-26 00:00:00+00:00, run_after=2024-10-27 00:00:00+00:00
[2024-10-27T15:11:35.114+0000] {processor.py:208} INFO - Processing /home/airflow/.local/lib/python3.12/site-packages/airflow/example_dags/example_skip_dag.py took 0.165 seconds
[2024-10-27T15:17:15.505+0000] {processor.py:186} INFO - Started process (PID=747) to work on /home/airflow/.local/lib/python3.12/site-packages/airflow/example_dags/example_skip_dag.py
[2024-10-27T15:17:15.521+0000] {processor.py:914} INFO - Processing file /home/airflow/.local/lib/python3.12/site-packages/airflow/example_dags/example_skip_dag.py for tasks to queue
[2024-10-27T15:17:15.691+0000] {logging_mixin.py:190} INFO - [2024-10-27T15:17:15.646+0000] {dagbag.py:588} INFO - Filling up the DagBag from /home/airflow/.local/lib/python3.12/site-packages/airflow/example_dags/example_skip_dag.py
[2024-10-27T15:17:16.064+0000] {processor.py:925} INFO - DAG(s) 'example_skip_dag' retrieved from /home/airflow/.local/lib/python3.12/site-packages/airflow/example_dags/example_skip_dag.py
[2024-10-27T15:17:18.076+0000] {logging_mixin.py:190} INFO - [2024-10-27T15:17:18.073+0000] {dag.py:3239} INFO - Sync 1 DAGs
[2024-10-27T15:17:19.501+0000] {logging_mixin.py:190} INFO - [2024-10-27T15:17:19.487+0000] {dag.py:4180} INFO - Setting next_dagrun for example_skip_dag to 2024-10-26 00:00:00+00:00, run_after=2024-10-27 00:00:00+00:00
[2024-10-27T15:17:20.790+0000] {processor.py:208} INFO - Processing /home/airflow/.local/lib/python3.12/site-packages/airflow/example_dags/example_skip_dag.py took 5.830 seconds
[2024-10-27T15:28:51.118+0000] {processor.py:186} INFO - Started process (PID=968) to work on /home/airflow/.local/lib/python3.12/site-packages/airflow/example_dags/example_skip_dag.py
[2024-10-27T15:28:51.132+0000] {processor.py:914} INFO - Processing file /home/airflow/.local/lib/python3.12/site-packages/airflow/example_dags/example_skip_dag.py for tasks to queue
[2024-10-27T15:28:51.149+0000] {logging_mixin.py:190} INFO - [2024-10-27T15:28:51.149+0000] {dagbag.py:588} INFO - Filling up the DagBag from /home/airflow/.local/lib/python3.12/site-packages/airflow/example_dags/example_skip_dag.py
[2024-10-27T15:28:51.498+0000] {processor.py:925} INFO - DAG(s) 'example_skip_dag' retrieved from /home/airflow/.local/lib/python3.12/site-packages/airflow/example_dags/example_skip_dag.py
[2024-10-27T15:28:51.965+0000] {logging_mixin.py:190} INFO - [2024-10-27T15:28:51.965+0000] {dag.py:3239} INFO - Sync 1 DAGs
[2024-10-27T15:28:52.963+0000] {logging_mixin.py:190} INFO - [2024-10-27T15:28:52.963+0000] {dag.py:4180} INFO - Setting next_dagrun for example_skip_dag to 2024-10-26 00:00:00+00:00, run_after=2024-10-27 00:00:00+00:00
[2024-10-27T15:28:53.804+0000] {processor.py:208} INFO - Processing /home/airflow/.local/lib/python3.12/site-packages/airflow/example_dags/example_skip_dag.py took 2.736 seconds
[2024-10-27T15:30:59.582+0000] {processor.py:186} INFO - Started process (PID=1065) to work on /home/airflow/.local/lib/python3.12/site-packages/airflow/example_dags/example_skip_dag.py
[2024-10-27T15:30:59.597+0000] {processor.py:914} INFO - Processing file /home/airflow/.local/lib/python3.12/site-packages/airflow/example_dags/example_skip_dag.py for tasks to queue
[2024-10-27T15:30:59.603+0000] {logging_mixin.py:190} INFO - [2024-10-27T15:30:59.601+0000] {dagbag.py:588} INFO - Filling up the DagBag from /home/airflow/.local/lib/python3.12/site-packages/airflow/example_dags/example_skip_dag.py
[2024-10-27T15:30:59.890+0000] {processor.py:925} INFO - DAG(s) 'example_skip_dag' retrieved from /home/airflow/.local/lib/python3.12/site-packages/airflow/example_dags/example_skip_dag.py
[2024-10-27T15:31:00.689+0000] {logging_mixin.py:190} INFO - [2024-10-27T15:31:00.688+0000] {dag.py:3239} INFO - Sync 1 DAGs
[2024-10-27T15:31:01.241+0000] {logging_mixin.py:190} INFO - [2024-10-27T15:31:01.224+0000] {dag.py:4180} INFO - Setting next_dagrun for example_skip_dag to 2024-10-26 00:00:00+00:00, run_after=2024-10-27 00:00:00+00:00
[2024-10-27T15:31:01.692+0000] {processor.py:208} INFO - Processing /home/airflow/.local/lib/python3.12/site-packages/airflow/example_dags/example_skip_dag.py took 2.311 seconds
[2024-10-27T16:10:59.905+0000] {processor.py:186} INFO - Started process (PID=532) to work on /home/airflow/.local/lib/python3.12/site-packages/airflow/example_dags/example_skip_dag.py
[2024-10-27T16:10:59.968+0000] {processor.py:914} INFO - Processing file /home/airflow/.local/lib/python3.12/site-packages/airflow/example_dags/example_skip_dag.py for tasks to queue
[2024-10-27T16:10:59.999+0000] {logging_mixin.py:190} INFO - [2024-10-27T16:10:59.997+0000] {dagbag.py:588} INFO - Filling up the DagBag from /home/airflow/.local/lib/python3.12/site-packages/airflow/example_dags/example_skip_dag.py
[2024-10-27T16:11:00.135+0000] {processor.py:925} INFO - DAG(s) 'example_skip_dag' retrieved from /home/airflow/.local/lib/python3.12/site-packages/airflow/example_dags/example_skip_dag.py
[2024-10-27T16:11:00.510+0000] {logging_mixin.py:190} INFO - [2024-10-27T16:11:00.509+0000] {dag.py:3239} INFO - Sync 1 DAGs
[2024-10-27T16:11:01.086+0000] {logging_mixin.py:190} INFO - [2024-10-27T16:11:01.086+0000] {dag.py:4180} INFO - Setting next_dagrun for example_skip_dag to 2024-10-26 00:00:00+00:00, run_after=2024-10-27 00:00:00+00:00
[2024-10-27T16:11:01.284+0000] {processor.py:208} INFO - Processing /home/airflow/.local/lib/python3.12/site-packages/airflow/example_dags/example_skip_dag.py took 1.397 seconds
