[2024-10-27T14:24:22.494+0000] {processor.py:186} INFO - Started process (PID=132) to work on /home/airflow/.local/lib/python3.12/site-packages/airflow/example_dags/example_bash_operator.py
[2024-10-27T14:24:22.498+0000] {processor.py:914} INFO - Processing file /home/airflow/.local/lib/python3.12/site-packages/airflow/example_dags/example_bash_operator.py for tasks to queue
[2024-10-27T14:24:22.528+0000] {logging_mixin.py:190} INFO - [2024-10-27T14:24:22.527+0000] {dagbag.py:588} INFO - Filling up the DagBag from /home/airflow/.local/lib/python3.12/site-packages/airflow/example_dags/example_bash_operator.py
[2024-10-27T14:24:22.711+0000] {processor.py:925} INFO - DAG(s) 'example_bash_operator' retrieved from /home/airflow/.local/lib/python3.12/site-packages/airflow/example_dags/example_bash_operator.py
[2024-10-27T14:24:22.984+0000] {logging_mixin.py:190} INFO - [2024-10-27T14:24:22.983+0000] {dag.py:3239} INFO - Sync 1 DAGs
[2024-10-27T14:24:23.214+0000] {logging_mixin.py:190} INFO - [2024-10-27T14:24:23.213+0000] {dag.py:4180} INFO - Setting next_dagrun for example_bash_operator to 2024-10-26 00:00:00+00:00, run_after=2024-10-27 00:00:00+00:00
[2024-10-27T14:24:23.383+0000] {processor.py:208} INFO - Processing /home/airflow/.local/lib/python3.12/site-packages/airflow/example_dags/example_bash_operator.py took 1.036 seconds
[2024-10-27T14:25:40.106+0000] {processor.py:186} INFO - Started process (PID=221) to work on /home/airflow/.local/lib/python3.12/site-packages/airflow/example_dags/example_bash_operator.py
[2024-10-27T14:25:40.110+0000] {processor.py:914} INFO - Processing file /home/airflow/.local/lib/python3.12/site-packages/airflow/example_dags/example_bash_operator.py for tasks to queue
[2024-10-27T14:25:40.136+0000] {logging_mixin.py:190} INFO - [2024-10-27T14:25:40.135+0000] {dagbag.py:588} INFO - Filling up the DagBag from /home/airflow/.local/lib/python3.12/site-packages/airflow/example_dags/example_bash_operator.py
[2024-10-27T14:25:40.378+0000] {processor.py:925} INFO - DAG(s) 'example_bash_operator' retrieved from /home/airflow/.local/lib/python3.12/site-packages/airflow/example_dags/example_bash_operator.py
[2024-10-27T14:25:41.418+0000] {logging_mixin.py:190} INFO - [2024-10-27T14:25:41.417+0000] {dag.py:3239} INFO - Sync 1 DAGs
[2024-10-27T14:25:41.691+0000] {logging_mixin.py:190} INFO - [2024-10-27T14:25:41.689+0000] {dag.py:4180} INFO - Setting next_dagrun for example_bash_operator to 2024-10-26 00:00:00+00:00, run_after=2024-10-27 00:00:00+00:00
[2024-10-27T14:25:41.778+0000] {processor.py:208} INFO - Processing /home/airflow/.local/lib/python3.12/site-packages/airflow/example_dags/example_bash_operator.py took 1.715 seconds
[2024-10-27T14:26:17.455+0000] {processor.py:186} INFO - Started process (PID=284) to work on /home/airflow/.local/lib/python3.12/site-packages/airflow/example_dags/example_bash_operator.py
[2024-10-27T14:26:17.461+0000] {processor.py:914} INFO - Processing file /home/airflow/.local/lib/python3.12/site-packages/airflow/example_dags/example_bash_operator.py for tasks to queue
[2024-10-27T14:26:17.493+0000] {logging_mixin.py:190} INFO - [2024-10-27T14:26:17.492+0000] {dagbag.py:588} INFO - Filling up the DagBag from /home/airflow/.local/lib/python3.12/site-packages/airflow/example_dags/example_bash_operator.py
[2024-10-27T14:26:17.570+0000] {processor.py:925} INFO - DAG(s) 'example_bash_operator' retrieved from /home/airflow/.local/lib/python3.12/site-packages/airflow/example_dags/example_bash_operator.py
[2024-10-27T14:26:17.686+0000] {logging_mixin.py:190} INFO - [2024-10-27T14:26:17.685+0000] {dag.py:3239} INFO - Sync 1 DAGs
[2024-10-27T14:26:17.843+0000] {logging_mixin.py:190} INFO - [2024-10-27T14:26:17.842+0000] {dag.py:4180} INFO - Setting next_dagrun for example_bash_operator to 2024-10-26 00:00:00+00:00, run_after=2024-10-27 00:00:00+00:00
[2024-10-27T14:26:18.037+0000] {processor.py:208} INFO - Processing /home/airflow/.local/lib/python3.12/site-packages/airflow/example_dags/example_bash_operator.py took 0.604 seconds
[2024-10-27T14:26:58.112+0000] {processor.py:186} INFO - Started process (PID=347) to work on /home/airflow/.local/lib/python3.12/site-packages/airflow/example_dags/example_bash_operator.py
[2024-10-27T14:26:58.133+0000] {processor.py:914} INFO - Processing file /home/airflow/.local/lib/python3.12/site-packages/airflow/example_dags/example_bash_operator.py for tasks to queue
[2024-10-27T14:26:58.155+0000] {logging_mixin.py:190} INFO - [2024-10-27T14:26:58.154+0000] {dagbag.py:588} INFO - Filling up the DagBag from /home/airflow/.local/lib/python3.12/site-packages/airflow/example_dags/example_bash_operator.py
[2024-10-27T14:26:58.262+0000] {processor.py:925} INFO - DAG(s) 'example_bash_operator' retrieved from /home/airflow/.local/lib/python3.12/site-packages/airflow/example_dags/example_bash_operator.py
[2024-10-27T14:26:58.525+0000] {logging_mixin.py:190} INFO - [2024-10-27T14:26:58.525+0000] {dag.py:3239} INFO - Sync 1 DAGs
[2024-10-27T14:26:58.653+0000] {logging_mixin.py:190} INFO - [2024-10-27T14:26:58.653+0000] {dag.py:4180} INFO - Setting next_dagrun for example_bash_operator to 2024-10-26 00:00:00+00:00, run_after=2024-10-27 00:00:00+00:00
[2024-10-27T14:26:58.763+0000] {processor.py:208} INFO - Processing /home/airflow/.local/lib/python3.12/site-packages/airflow/example_dags/example_bash_operator.py took 0.691 seconds
[2024-10-27T14:27:33.106+0000] {processor.py:186} INFO - Started process (PID=411) to work on /home/airflow/.local/lib/python3.12/site-packages/airflow/example_dags/example_bash_operator.py
[2024-10-27T14:27:33.119+0000] {processor.py:914} INFO - Processing file /home/airflow/.local/lib/python3.12/site-packages/airflow/example_dags/example_bash_operator.py for tasks to queue
[2024-10-27T14:27:33.131+0000] {logging_mixin.py:190} INFO - [2024-10-27T14:27:33.130+0000] {dagbag.py:588} INFO - Filling up the DagBag from /home/airflow/.local/lib/python3.12/site-packages/airflow/example_dags/example_bash_operator.py
[2024-10-27T14:27:33.354+0000] {processor.py:925} INFO - DAG(s) 'example_bash_operator' retrieved from /home/airflow/.local/lib/python3.12/site-packages/airflow/example_dags/example_bash_operator.py
[2024-10-27T14:27:33.705+0000] {logging_mixin.py:190} INFO - [2024-10-27T14:27:33.704+0000] {dag.py:3239} INFO - Sync 1 DAGs
[2024-10-27T14:27:33.949+0000] {logging_mixin.py:190} INFO - [2024-10-27T14:27:33.948+0000] {dag.py:4180} INFO - Setting next_dagrun for example_bash_operator to 2024-10-26 00:00:00+00:00, run_after=2024-10-27 00:00:00+00:00
[2024-10-27T14:27:34.121+0000] {processor.py:208} INFO - Processing /home/airflow/.local/lib/python3.12/site-packages/airflow/example_dags/example_bash_operator.py took 1.060 seconds
[2024-10-27T14:28:09.666+0000] {processor.py:186} INFO - Started process (PID=484) to work on /home/airflow/.local/lib/python3.12/site-packages/airflow/example_dags/example_bash_operator.py
[2024-10-27T14:28:09.685+0000] {processor.py:914} INFO - Processing file /home/airflow/.local/lib/python3.12/site-packages/airflow/example_dags/example_bash_operator.py for tasks to queue
[2024-10-27T14:28:09.701+0000] {logging_mixin.py:190} INFO - [2024-10-27T14:28:09.700+0000] {dagbag.py:588} INFO - Filling up the DagBag from /home/airflow/.local/lib/python3.12/site-packages/airflow/example_dags/example_bash_operator.py
[2024-10-27T14:28:09.952+0000] {processor.py:925} INFO - DAG(s) 'example_bash_operator' retrieved from /home/airflow/.local/lib/python3.12/site-packages/airflow/example_dags/example_bash_operator.py
[2024-10-27T14:28:10.015+0000] {logging_mixin.py:190} INFO - [2024-10-27T14:28:10.015+0000] {dag.py:3239} INFO - Sync 1 DAGs
[2024-10-27T14:28:10.124+0000] {logging_mixin.py:190} INFO - [2024-10-27T14:28:10.123+0000] {dag.py:4180} INFO - Setting next_dagrun for example_bash_operator to 2024-10-26 00:00:00+00:00, run_after=2024-10-27 00:00:00+00:00
[2024-10-27T14:28:10.502+0000] {processor.py:208} INFO - Processing /home/airflow/.local/lib/python3.12/site-packages/airflow/example_dags/example_bash_operator.py took 0.865 seconds
[2024-10-27T14:28:56.072+0000] {processor.py:186} INFO - Started process (PID=549) to work on /home/airflow/.local/lib/python3.12/site-packages/airflow/example_dags/example_bash_operator.py
[2024-10-27T14:28:56.089+0000] {processor.py:914} INFO - Processing file /home/airflow/.local/lib/python3.12/site-packages/airflow/example_dags/example_bash_operator.py for tasks to queue
[2024-10-27T14:28:56.096+0000] {logging_mixin.py:190} INFO - [2024-10-27T14:28:56.096+0000] {dagbag.py:588} INFO - Filling up the DagBag from /home/airflow/.local/lib/python3.12/site-packages/airflow/example_dags/example_bash_operator.py
[2024-10-27T14:28:56.140+0000] {processor.py:925} INFO - DAG(s) 'example_bash_operator' retrieved from /home/airflow/.local/lib/python3.12/site-packages/airflow/example_dags/example_bash_operator.py
[2024-10-27T14:28:56.231+0000] {logging_mixin.py:190} INFO - [2024-10-27T14:28:56.231+0000] {dag.py:3239} INFO - Sync 1 DAGs
[2024-10-27T14:28:56.351+0000] {logging_mixin.py:190} INFO - [2024-10-27T14:28:56.342+0000] {dag.py:4180} INFO - Setting next_dagrun for example_bash_operator to 2024-10-26 00:00:00+00:00, run_after=2024-10-27 00:00:00+00:00
[2024-10-27T14:28:56.456+0000] {processor.py:208} INFO - Processing /home/airflow/.local/lib/python3.12/site-packages/airflow/example_dags/example_bash_operator.py took 0.408 seconds
[2024-10-27T14:30:12.623+0000] {processor.py:186} INFO - Started process (PID=632) to work on /home/airflow/.local/lib/python3.12/site-packages/airflow/example_dags/example_bash_operator.py
[2024-10-27T14:30:12.629+0000] {processor.py:914} INFO - Processing file /home/airflow/.local/lib/python3.12/site-packages/airflow/example_dags/example_bash_operator.py for tasks to queue
[2024-10-27T14:30:12.656+0000] {logging_mixin.py:190} INFO - [2024-10-27T14:30:12.655+0000] {dagbag.py:588} INFO - Filling up the DagBag from /home/airflow/.local/lib/python3.12/site-packages/airflow/example_dags/example_bash_operator.py
[2024-10-27T14:30:12.738+0000] {processor.py:925} INFO - DAG(s) 'example_bash_operator' retrieved from /home/airflow/.local/lib/python3.12/site-packages/airflow/example_dags/example_bash_operator.py
[2024-10-27T14:30:12.999+0000] {logging_mixin.py:190} INFO - [2024-10-27T14:30:12.981+0000] {dag.py:3239} INFO - Sync 1 DAGs
[2024-10-27T14:30:13.187+0000] {logging_mixin.py:190} INFO - [2024-10-27T14:30:13.186+0000] {dag.py:4180} INFO - Setting next_dagrun for example_bash_operator to 2024-10-26 00:00:00+00:00, run_after=2024-10-27 00:00:00+00:00
[2024-10-27T14:30:13.414+0000] {processor.py:208} INFO - Processing /home/airflow/.local/lib/python3.12/site-packages/airflow/example_dags/example_bash_operator.py took 0.951 seconds
[2024-10-27T14:30:52.733+0000] {processor.py:186} INFO - Started process (PID=695) to work on /home/airflow/.local/lib/python3.12/site-packages/airflow/example_dags/example_bash_operator.py
[2024-10-27T14:30:52.738+0000] {processor.py:914} INFO - Processing file /home/airflow/.local/lib/python3.12/site-packages/airflow/example_dags/example_bash_operator.py for tasks to queue
[2024-10-27T14:30:52.746+0000] {logging_mixin.py:190} INFO - [2024-10-27T14:30:52.745+0000] {dagbag.py:588} INFO - Filling up the DagBag from /home/airflow/.local/lib/python3.12/site-packages/airflow/example_dags/example_bash_operator.py
[2024-10-27T14:30:52.789+0000] {processor.py:925} INFO - DAG(s) 'example_bash_operator' retrieved from /home/airflow/.local/lib/python3.12/site-packages/airflow/example_dags/example_bash_operator.py
[2024-10-27T14:30:52.909+0000] {logging_mixin.py:190} INFO - [2024-10-27T14:30:52.908+0000] {dag.py:3239} INFO - Sync 1 DAGs
[2024-10-27T14:30:52.998+0000] {logging_mixin.py:190} INFO - [2024-10-27T14:30:52.998+0000] {dag.py:4180} INFO - Setting next_dagrun for example_bash_operator to 2024-10-26 00:00:00+00:00, run_after=2024-10-27 00:00:00+00:00
[2024-10-27T14:30:53.058+0000] {processor.py:208} INFO - Processing /home/airflow/.local/lib/python3.12/site-packages/airflow/example_dags/example_bash_operator.py took 0.343 seconds
[2024-10-27T14:31:23.923+0000] {processor.py:186} INFO - Started process (PID=758) to work on /home/airflow/.local/lib/python3.12/site-packages/airflow/example_dags/example_bash_operator.py
[2024-10-27T14:31:23.926+0000] {processor.py:914} INFO - Processing file /home/airflow/.local/lib/python3.12/site-packages/airflow/example_dags/example_bash_operator.py for tasks to queue
[2024-10-27T14:31:23.929+0000] {logging_mixin.py:190} INFO - [2024-10-27T14:31:23.929+0000] {dagbag.py:588} INFO - Filling up the DagBag from /home/airflow/.local/lib/python3.12/site-packages/airflow/example_dags/example_bash_operator.py
[2024-10-27T14:31:23.945+0000] {processor.py:925} INFO - DAG(s) 'example_bash_operator' retrieved from /home/airflow/.local/lib/python3.12/site-packages/airflow/example_dags/example_bash_operator.py
[2024-10-27T14:31:23.976+0000] {logging_mixin.py:190} INFO - [2024-10-27T14:31:23.976+0000] {dag.py:3239} INFO - Sync 1 DAGs
[2024-10-27T14:31:24.015+0000] {logging_mixin.py:190} INFO - [2024-10-27T14:31:24.015+0000] {dag.py:4180} INFO - Setting next_dagrun for example_bash_operator to 2024-10-26 00:00:00+00:00, run_after=2024-10-27 00:00:00+00:00
[2024-10-27T14:31:24.038+0000] {processor.py:208} INFO - Processing /home/airflow/.local/lib/python3.12/site-packages/airflow/example_dags/example_bash_operator.py took 0.122 seconds
[2024-10-27T14:31:55.018+0000] {processor.py:186} INFO - Started process (PID=821) to work on /home/airflow/.local/lib/python3.12/site-packages/airflow/example_dags/example_bash_operator.py
[2024-10-27T14:31:55.021+0000] {processor.py:914} INFO - Processing file /home/airflow/.local/lib/python3.12/site-packages/airflow/example_dags/example_bash_operator.py for tasks to queue
[2024-10-27T14:31:55.037+0000] {logging_mixin.py:190} INFO - [2024-10-27T14:31:55.036+0000] {dagbag.py:588} INFO - Filling up the DagBag from /home/airflow/.local/lib/python3.12/site-packages/airflow/example_dags/example_bash_operator.py
[2024-10-27T14:31:55.116+0000] {processor.py:925} INFO - DAG(s) 'example_bash_operator' retrieved from /home/airflow/.local/lib/python3.12/site-packages/airflow/example_dags/example_bash_operator.py
[2024-10-27T14:31:55.286+0000] {logging_mixin.py:190} INFO - [2024-10-27T14:31:55.284+0000] {dag.py:3239} INFO - Sync 1 DAGs
[2024-10-27T14:31:55.533+0000] {logging_mixin.py:190} INFO - [2024-10-27T14:31:55.532+0000] {dag.py:4180} INFO - Setting next_dagrun for example_bash_operator to 2024-10-26 00:00:00+00:00, run_after=2024-10-27 00:00:00+00:00
[2024-10-27T14:31:55.734+0000] {processor.py:208} INFO - Processing /home/airflow/.local/lib/python3.12/site-packages/airflow/example_dags/example_bash_operator.py took 0.774 seconds
[2024-10-27T14:32:29.218+0000] {processor.py:186} INFO - Started process (PID=885) to work on /home/airflow/.local/lib/python3.12/site-packages/airflow/example_dags/example_bash_operator.py
[2024-10-27T14:32:29.221+0000] {processor.py:914} INFO - Processing file /home/airflow/.local/lib/python3.12/site-packages/airflow/example_dags/example_bash_operator.py for tasks to queue
[2024-10-27T14:32:29.229+0000] {logging_mixin.py:190} INFO - [2024-10-27T14:32:29.228+0000] {dagbag.py:588} INFO - Filling up the DagBag from /home/airflow/.local/lib/python3.12/site-packages/airflow/example_dags/example_bash_operator.py
[2024-10-27T14:32:29.373+0000] {processor.py:925} INFO - DAG(s) 'example_bash_operator' retrieved from /home/airflow/.local/lib/python3.12/site-packages/airflow/example_dags/example_bash_operator.py
[2024-10-27T14:32:29.825+0000] {logging_mixin.py:190} INFO - [2024-10-27T14:32:29.824+0000] {dag.py:3239} INFO - Sync 1 DAGs
[2024-10-27T14:32:29.948+0000] {logging_mixin.py:190} INFO - [2024-10-27T14:32:29.947+0000] {dag.py:4180} INFO - Setting next_dagrun for example_bash_operator to 2024-10-26 00:00:00+00:00, run_after=2024-10-27 00:00:00+00:00
[2024-10-27T14:32:30.069+0000] {processor.py:208} INFO - Processing /home/airflow/.local/lib/python3.12/site-packages/airflow/example_dags/example_bash_operator.py took 0.895 seconds
[2024-10-27T14:33:00.900+0000] {processor.py:186} INFO - Started process (PID=949) to work on /home/airflow/.local/lib/python3.12/site-packages/airflow/example_dags/example_bash_operator.py
[2024-10-27T14:33:00.905+0000] {processor.py:914} INFO - Processing file /home/airflow/.local/lib/python3.12/site-packages/airflow/example_dags/example_bash_operator.py for tasks to queue
[2024-10-27T14:33:00.913+0000] {logging_mixin.py:190} INFO - [2024-10-27T14:33:00.912+0000] {dagbag.py:588} INFO - Filling up the DagBag from /home/airflow/.local/lib/python3.12/site-packages/airflow/example_dags/example_bash_operator.py
[2024-10-27T14:33:00.946+0000] {processor.py:925} INFO - DAG(s) 'example_bash_operator' retrieved from /home/airflow/.local/lib/python3.12/site-packages/airflow/example_dags/example_bash_operator.py
[2024-10-27T14:33:01.025+0000] {logging_mixin.py:190} INFO - [2024-10-27T14:33:01.025+0000] {dag.py:3239} INFO - Sync 1 DAGs
[2024-10-27T14:33:01.096+0000] {logging_mixin.py:190} INFO - [2024-10-27T14:33:01.095+0000] {dag.py:4180} INFO - Setting next_dagrun for example_bash_operator to 2024-10-26 00:00:00+00:00, run_after=2024-10-27 00:00:00+00:00
[2024-10-27T14:33:01.162+0000] {processor.py:208} INFO - Processing /home/airflow/.local/lib/python3.12/site-packages/airflow/example_dags/example_bash_operator.py took 0.278 seconds
[2024-10-27T14:33:31.361+0000] {processor.py:186} INFO - Started process (PID=1013) to work on /home/airflow/.local/lib/python3.12/site-packages/airflow/example_dags/example_bash_operator.py
[2024-10-27T14:33:31.363+0000] {processor.py:914} INFO - Processing file /home/airflow/.local/lib/python3.12/site-packages/airflow/example_dags/example_bash_operator.py for tasks to queue
[2024-10-27T14:33:31.367+0000] {logging_mixin.py:190} INFO - [2024-10-27T14:33:31.366+0000] {dagbag.py:588} INFO - Filling up the DagBag from /home/airflow/.local/lib/python3.12/site-packages/airflow/example_dags/example_bash_operator.py
[2024-10-27T14:33:31.386+0000] {processor.py:925} INFO - DAG(s) 'example_bash_operator' retrieved from /home/airflow/.local/lib/python3.12/site-packages/airflow/example_dags/example_bash_operator.py
[2024-10-27T14:33:31.443+0000] {logging_mixin.py:190} INFO - [2024-10-27T14:33:31.440+0000] {dag.py:3239} INFO - Sync 1 DAGs
[2024-10-27T14:33:31.543+0000] {logging_mixin.py:190} INFO - [2024-10-27T14:33:31.543+0000] {dag.py:4180} INFO - Setting next_dagrun for example_bash_operator to 2024-10-26 00:00:00+00:00, run_after=2024-10-27 00:00:00+00:00
[2024-10-27T14:33:31.683+0000] {processor.py:208} INFO - Processing /home/airflow/.local/lib/python3.12/site-packages/airflow/example_dags/example_bash_operator.py took 0.329 seconds
[2024-10-27T14:34:01.764+0000] {processor.py:186} INFO - Started process (PID=1075) to work on /home/airflow/.local/lib/python3.12/site-packages/airflow/example_dags/example_bash_operator.py
[2024-10-27T14:34:01.765+0000] {processor.py:914} INFO - Processing file /home/airflow/.local/lib/python3.12/site-packages/airflow/example_dags/example_bash_operator.py for tasks to queue
[2024-10-27T14:34:01.769+0000] {logging_mixin.py:190} INFO - [2024-10-27T14:34:01.768+0000] {dagbag.py:588} INFO - Filling up the DagBag from /home/airflow/.local/lib/python3.12/site-packages/airflow/example_dags/example_bash_operator.py
[2024-10-27T14:34:01.792+0000] {processor.py:925} INFO - DAG(s) 'example_bash_operator' retrieved from /home/airflow/.local/lib/python3.12/site-packages/airflow/example_dags/example_bash_operator.py
[2024-10-27T14:34:01.840+0000] {logging_mixin.py:190} INFO - [2024-10-27T14:34:01.840+0000] {dag.py:3239} INFO - Sync 1 DAGs
[2024-10-27T14:34:01.870+0000] {logging_mixin.py:190} INFO - [2024-10-27T14:34:01.870+0000] {dag.py:4180} INFO - Setting next_dagrun for example_bash_operator to 2024-10-26 00:00:00+00:00, run_after=2024-10-27 00:00:00+00:00
[2024-10-27T14:34:01.897+0000] {processor.py:208} INFO - Processing /home/airflow/.local/lib/python3.12/site-packages/airflow/example_dags/example_bash_operator.py took 0.141 seconds
[2024-10-27T14:34:32.198+0000] {processor.py:186} INFO - Started process (PID=1138) to work on /home/airflow/.local/lib/python3.12/site-packages/airflow/example_dags/example_bash_operator.py
[2024-10-27T14:34:32.201+0000] {processor.py:914} INFO - Processing file /home/airflow/.local/lib/python3.12/site-packages/airflow/example_dags/example_bash_operator.py for tasks to queue
[2024-10-27T14:34:32.204+0000] {logging_mixin.py:190} INFO - [2024-10-27T14:34:32.203+0000] {dagbag.py:588} INFO - Filling up the DagBag from /home/airflow/.local/lib/python3.12/site-packages/airflow/example_dags/example_bash_operator.py
[2024-10-27T14:34:32.224+0000] {processor.py:925} INFO - DAG(s) 'example_bash_operator' retrieved from /home/airflow/.local/lib/python3.12/site-packages/airflow/example_dags/example_bash_operator.py
[2024-10-27T14:34:32.253+0000] {logging_mixin.py:190} INFO - [2024-10-27T14:34:32.253+0000] {dag.py:3239} INFO - Sync 1 DAGs
[2024-10-27T14:34:32.283+0000] {logging_mixin.py:190} INFO - [2024-10-27T14:34:32.282+0000] {dag.py:4180} INFO - Setting next_dagrun for example_bash_operator to 2024-10-26 00:00:00+00:00, run_after=2024-10-27 00:00:00+00:00
[2024-10-27T14:34:32.316+0000] {processor.py:208} INFO - Processing /home/airflow/.local/lib/python3.12/site-packages/airflow/example_dags/example_bash_operator.py took 0.125 seconds
[2024-10-27T14:37:10.580+0000] {processor.py:186} INFO - Started process (PID=1223) to work on /home/airflow/.local/lib/python3.12/site-packages/airflow/example_dags/example_bash_operator.py
[2024-10-27T14:37:10.591+0000] {processor.py:914} INFO - Processing file /home/airflow/.local/lib/python3.12/site-packages/airflow/example_dags/example_bash_operator.py for tasks to queue
[2024-10-27T14:37:10.606+0000] {logging_mixin.py:190} INFO - [2024-10-27T14:37:10.605+0000] {dagbag.py:588} INFO - Filling up the DagBag from /home/airflow/.local/lib/python3.12/site-packages/airflow/example_dags/example_bash_operator.py
[2024-10-27T14:37:11.062+0000] {processor.py:925} INFO - DAG(s) 'example_bash_operator' retrieved from /home/airflow/.local/lib/python3.12/site-packages/airflow/example_dags/example_bash_operator.py
[2024-10-27T14:37:11.909+0000] {logging_mixin.py:190} INFO - [2024-10-27T14:37:11.908+0000] {dag.py:3239} INFO - Sync 1 DAGs
[2024-10-27T14:37:13.155+0000] {logging_mixin.py:190} INFO - [2024-10-27T14:37:13.154+0000] {dag.py:4180} INFO - Setting next_dagrun for example_bash_operator to 2024-10-26 00:00:00+00:00, run_after=2024-10-27 00:00:00+00:00
[2024-10-27T14:37:14.167+0000] {processor.py:208} INFO - Processing /home/airflow/.local/lib/python3.12/site-packages/airflow/example_dags/example_bash_operator.py took 3.709 seconds
[2024-10-27T14:39:00.763+0000] {processor.py:186} INFO - Started process (PID=1319) to work on /home/airflow/.local/lib/python3.12/site-packages/airflow/example_dags/example_bash_operator.py
[2024-10-27T14:39:00.781+0000] {processor.py:914} INFO - Processing file /home/airflow/.local/lib/python3.12/site-packages/airflow/example_dags/example_bash_operator.py for tasks to queue
[2024-10-27T14:39:00.817+0000] {logging_mixin.py:190} INFO - [2024-10-27T14:39:00.816+0000] {dagbag.py:588} INFO - Filling up the DagBag from /home/airflow/.local/lib/python3.12/site-packages/airflow/example_dags/example_bash_operator.py
[2024-10-27T14:39:01.051+0000] {processor.py:925} INFO - DAG(s) 'example_bash_operator' retrieved from /home/airflow/.local/lib/python3.12/site-packages/airflow/example_dags/example_bash_operator.py
[2024-10-27T14:39:01.295+0000] {logging_mixin.py:190} INFO - [2024-10-27T14:39:01.294+0000] {dag.py:3239} INFO - Sync 1 DAGs
[2024-10-27T14:39:01.541+0000] {logging_mixin.py:190} INFO - [2024-10-27T14:39:01.540+0000] {dag.py:4180} INFO - Setting next_dagrun for example_bash_operator to 2024-10-26 00:00:00+00:00, run_after=2024-10-27 00:00:00+00:00
[2024-10-27T14:39:01.831+0000] {processor.py:208} INFO - Processing /home/airflow/.local/lib/python3.12/site-packages/airflow/example_dags/example_bash_operator.py took 1.146 seconds
[2024-10-27T14:39:46.666+0000] {processor.py:186} INFO - Started process (PID=1388) to work on /home/airflow/.local/lib/python3.12/site-packages/airflow/example_dags/example_bash_operator.py
[2024-10-27T14:39:46.684+0000] {processor.py:914} INFO - Processing file /home/airflow/.local/lib/python3.12/site-packages/airflow/example_dags/example_bash_operator.py for tasks to queue
[2024-10-27T14:39:46.706+0000] {logging_mixin.py:190} INFO - [2024-10-27T14:39:46.705+0000] {dagbag.py:588} INFO - Filling up the DagBag from /home/airflow/.local/lib/python3.12/site-packages/airflow/example_dags/example_bash_operator.py
[2024-10-27T14:39:46.866+0000] {processor.py:925} INFO - DAG(s) 'example_bash_operator' retrieved from /home/airflow/.local/lib/python3.12/site-packages/airflow/example_dags/example_bash_operator.py
[2024-10-27T14:39:47.333+0000] {logging_mixin.py:190} INFO - [2024-10-27T14:39:47.333+0000] {dag.py:3239} INFO - Sync 1 DAGs
[2024-10-27T14:39:47.642+0000] {logging_mixin.py:190} INFO - [2024-10-27T14:39:47.641+0000] {dag.py:4180} INFO - Setting next_dagrun for example_bash_operator to 2024-10-26 00:00:00+00:00, run_after=2024-10-27 00:00:00+00:00
[2024-10-27T14:39:47.829+0000] {processor.py:208} INFO - Processing /home/airflow/.local/lib/python3.12/site-packages/airflow/example_dags/example_bash_operator.py took 1.210 seconds
[2024-10-27T14:40:18.876+0000] {processor.py:186} INFO - Started process (PID=1451) to work on /home/airflow/.local/lib/python3.12/site-packages/airflow/example_dags/example_bash_operator.py
[2024-10-27T14:40:18.878+0000] {processor.py:914} INFO - Processing file /home/airflow/.local/lib/python3.12/site-packages/airflow/example_dags/example_bash_operator.py for tasks to queue
[2024-10-27T14:40:18.892+0000] {logging_mixin.py:190} INFO - [2024-10-27T14:40:18.891+0000] {dagbag.py:588} INFO - Filling up the DagBag from /home/airflow/.local/lib/python3.12/site-packages/airflow/example_dags/example_bash_operator.py
[2024-10-27T14:40:18.920+0000] {processor.py:925} INFO - DAG(s) 'example_bash_operator' retrieved from /home/airflow/.local/lib/python3.12/site-packages/airflow/example_dags/example_bash_operator.py
[2024-10-27T14:40:18.985+0000] {logging_mixin.py:190} INFO - [2024-10-27T14:40:18.985+0000] {dag.py:3239} INFO - Sync 1 DAGs
[2024-10-27T14:40:19.063+0000] {logging_mixin.py:190} INFO - [2024-10-27T14:40:19.063+0000] {dag.py:4180} INFO - Setting next_dagrun for example_bash_operator to 2024-10-26 00:00:00+00:00, run_after=2024-10-27 00:00:00+00:00
[2024-10-27T14:40:19.104+0000] {processor.py:208} INFO - Processing /home/airflow/.local/lib/python3.12/site-packages/airflow/example_dags/example_bash_operator.py took 0.244 seconds
[2024-10-27T14:48:37.724+0000] {processor.py:186} INFO - Started process (PID=155) to work on /home/airflow/.local/lib/python3.12/site-packages/airflow/example_dags/example_bash_operator.py
[2024-10-27T14:48:37.729+0000] {processor.py:914} INFO - Processing file /home/airflow/.local/lib/python3.12/site-packages/airflow/example_dags/example_bash_operator.py for tasks to queue
[2024-10-27T14:48:37.761+0000] {logging_mixin.py:190} INFO - [2024-10-27T14:48:37.760+0000] {dagbag.py:588} INFO - Filling up the DagBag from /home/airflow/.local/lib/python3.12/site-packages/airflow/example_dags/example_bash_operator.py
[2024-10-27T14:48:37.899+0000] {processor.py:925} INFO - DAG(s) 'example_bash_operator' retrieved from /home/airflow/.local/lib/python3.12/site-packages/airflow/example_dags/example_bash_operator.py
[2024-10-27T14:48:38.144+0000] {logging_mixin.py:190} INFO - [2024-10-27T14:48:38.143+0000] {dag.py:3239} INFO - Sync 1 DAGs
[2024-10-27T14:48:38.498+0000] {logging_mixin.py:190} INFO - [2024-10-27T14:48:38.497+0000] {dag.py:4180} INFO - Setting next_dagrun for example_bash_operator to 2024-10-26 00:00:00+00:00, run_after=2024-10-27 00:00:00+00:00
[2024-10-27T14:48:38.783+0000] {processor.py:208} INFO - Processing /home/airflow/.local/lib/python3.12/site-packages/airflow/example_dags/example_bash_operator.py took 1.146 seconds
[2024-10-27T14:50:05.457+0000] {processor.py:186} INFO - Started process (PID=236) to work on /home/airflow/.local/lib/python3.12/site-packages/airflow/example_dags/example_bash_operator.py
[2024-10-27T14:50:05.509+0000] {processor.py:914} INFO - Processing file /home/airflow/.local/lib/python3.12/site-packages/airflow/example_dags/example_bash_operator.py for tasks to queue
[2024-10-27T14:50:05.564+0000] {logging_mixin.py:190} INFO - [2024-10-27T14:50:05.548+0000] {dagbag.py:588} INFO - Filling up the DagBag from /home/airflow/.local/lib/python3.12/site-packages/airflow/example_dags/example_bash_operator.py
[2024-10-27T14:50:05.902+0000] {processor.py:925} INFO - DAG(s) 'example_bash_operator' retrieved from /home/airflow/.local/lib/python3.12/site-packages/airflow/example_dags/example_bash_operator.py
[2024-10-27T14:50:06.808+0000] {logging_mixin.py:190} INFO - [2024-10-27T14:50:06.807+0000] {dag.py:3239} INFO - Sync 1 DAGs
[2024-10-27T14:50:07.389+0000] {logging_mixin.py:190} INFO - [2024-10-27T14:50:07.388+0000] {dag.py:4180} INFO - Setting next_dagrun for example_bash_operator to 2024-10-26 00:00:00+00:00, run_after=2024-10-27 00:00:00+00:00
[2024-10-27T14:50:07.640+0000] {processor.py:208} INFO - Processing /home/airflow/.local/lib/python3.12/site-packages/airflow/example_dags/example_bash_operator.py took 2.332 seconds
[2024-10-27T14:51:15.712+0000] {processor.py:186} INFO - Started process (PID=313) to work on /home/airflow/.local/lib/python3.12/site-packages/airflow/example_dags/example_bash_operator.py
[2024-10-27T14:51:15.761+0000] {processor.py:914} INFO - Processing file /home/airflow/.local/lib/python3.12/site-packages/airflow/example_dags/example_bash_operator.py for tasks to queue
[2024-10-27T14:51:15.773+0000] {logging_mixin.py:190} INFO - [2024-10-27T14:51:15.772+0000] {dagbag.py:588} INFO - Filling up the DagBag from /home/airflow/.local/lib/python3.12/site-packages/airflow/example_dags/example_bash_operator.py
[2024-10-27T14:51:15.955+0000] {processor.py:925} INFO - DAG(s) 'example_bash_operator' retrieved from /home/airflow/.local/lib/python3.12/site-packages/airflow/example_dags/example_bash_operator.py
[2024-10-27T14:51:16.245+0000] {logging_mixin.py:190} INFO - [2024-10-27T14:51:16.244+0000] {dag.py:3239} INFO - Sync 1 DAGs
[2024-10-27T14:51:16.571+0000] {logging_mixin.py:190} INFO - [2024-10-27T14:51:16.570+0000] {dag.py:4180} INFO - Setting next_dagrun for example_bash_operator to 2024-10-26 00:00:00+00:00, run_after=2024-10-27 00:00:00+00:00
[2024-10-27T14:51:16.865+0000] {processor.py:208} INFO - Processing /home/airflow/.local/lib/python3.12/site-packages/airflow/example_dags/example_bash_operator.py took 1.240 seconds
[2024-10-27T14:52:07.941+0000] {processor.py:186} INFO - Started process (PID=382) to work on /home/airflow/.local/lib/python3.12/site-packages/airflow/example_dags/example_bash_operator.py
[2024-10-27T14:52:07.957+0000] {processor.py:914} INFO - Processing file /home/airflow/.local/lib/python3.12/site-packages/airflow/example_dags/example_bash_operator.py for tasks to queue
[2024-10-27T14:52:07.969+0000] {logging_mixin.py:190} INFO - [2024-10-27T14:52:07.968+0000] {dagbag.py:588} INFO - Filling up the DagBag from /home/airflow/.local/lib/python3.12/site-packages/airflow/example_dags/example_bash_operator.py
[2024-10-27T14:52:08.061+0000] {processor.py:925} INFO - DAG(s) 'example_bash_operator' retrieved from /home/airflow/.local/lib/python3.12/site-packages/airflow/example_dags/example_bash_operator.py
[2024-10-27T14:52:08.384+0000] {logging_mixin.py:190} INFO - [2024-10-27T14:52:08.384+0000] {dag.py:3239} INFO - Sync 1 DAGs
[2024-10-27T14:52:08.820+0000] {logging_mixin.py:190} INFO - [2024-10-27T14:52:08.819+0000] {dag.py:4180} INFO - Setting next_dagrun for example_bash_operator to 2024-10-26 00:00:00+00:00, run_after=2024-10-27 00:00:00+00:00
[2024-10-27T14:52:09.069+0000] {processor.py:208} INFO - Processing /home/airflow/.local/lib/python3.12/site-packages/airflow/example_dags/example_bash_operator.py took 1.182 seconds
[2024-10-27T14:52:51.834+0000] {processor.py:186} INFO - Started process (PID=445) to work on /home/airflow/.local/lib/python3.12/site-packages/airflow/example_dags/example_bash_operator.py
[2024-10-27T14:52:51.837+0000] {processor.py:914} INFO - Processing file /home/airflow/.local/lib/python3.12/site-packages/airflow/example_dags/example_bash_operator.py for tasks to queue
[2024-10-27T14:52:51.858+0000] {logging_mixin.py:190} INFO - [2024-10-27T14:52:51.856+0000] {dagbag.py:588} INFO - Filling up the DagBag from /home/airflow/.local/lib/python3.12/site-packages/airflow/example_dags/example_bash_operator.py
[2024-10-27T14:52:51.950+0000] {processor.py:925} INFO - DAG(s) 'example_bash_operator' retrieved from /home/airflow/.local/lib/python3.12/site-packages/airflow/example_dags/example_bash_operator.py
[2024-10-27T14:52:52.087+0000] {logging_mixin.py:190} INFO - [2024-10-27T14:52:52.086+0000] {dag.py:3239} INFO - Sync 1 DAGs
[2024-10-27T14:52:52.385+0000] {logging_mixin.py:190} INFO - [2024-10-27T14:52:52.361+0000] {dag.py:4180} INFO - Setting next_dagrun for example_bash_operator to 2024-10-26 00:00:00+00:00, run_after=2024-10-27 00:00:00+00:00
[2024-10-27T14:52:52.712+0000] {processor.py:208} INFO - Processing /home/airflow/.local/lib/python3.12/site-packages/airflow/example_dags/example_bash_operator.py took 0.927 seconds
[2024-10-27T14:53:40.369+0000] {processor.py:186} INFO - Started process (PID=516) to work on /home/airflow/.local/lib/python3.12/site-packages/airflow/example_dags/example_bash_operator.py
[2024-10-27T14:53:40.378+0000] {processor.py:914} INFO - Processing file /home/airflow/.local/lib/python3.12/site-packages/airflow/example_dags/example_bash_operator.py for tasks to queue
[2024-10-27T14:53:40.393+0000] {logging_mixin.py:190} INFO - [2024-10-27T14:53:40.392+0000] {dagbag.py:588} INFO - Filling up the DagBag from /home/airflow/.local/lib/python3.12/site-packages/airflow/example_dags/example_bash_operator.py
[2024-10-27T14:53:40.483+0000] {processor.py:925} INFO - DAG(s) 'example_bash_operator' retrieved from /home/airflow/.local/lib/python3.12/site-packages/airflow/example_dags/example_bash_operator.py
[2024-10-27T14:53:40.658+0000] {logging_mixin.py:190} INFO - [2024-10-27T14:53:40.657+0000] {dag.py:3239} INFO - Sync 1 DAGs
[2024-10-27T14:53:40.840+0000] {logging_mixin.py:190} INFO - [2024-10-27T14:53:40.839+0000] {dag.py:4180} INFO - Setting next_dagrun for example_bash_operator to 2024-10-26 00:00:00+00:00, run_after=2024-10-27 00:00:00+00:00
[2024-10-27T14:53:41.113+0000] {processor.py:208} INFO - Processing /home/airflow/.local/lib/python3.12/site-packages/airflow/example_dags/example_bash_operator.py took 0.775 seconds
[2024-10-27T14:56:10.353+0000] {processor.py:186} INFO - Started process (PID=630) to work on /home/airflow/.local/lib/python3.12/site-packages/airflow/example_dags/example_bash_operator.py
[2024-10-27T14:56:10.366+0000] {processor.py:914} INFO - Processing file /home/airflow/.local/lib/python3.12/site-packages/airflow/example_dags/example_bash_operator.py for tasks to queue
[2024-10-27T14:56:10.374+0000] {logging_mixin.py:190} INFO - [2024-10-27T14:56:10.373+0000] {dagbag.py:588} INFO - Filling up the DagBag from /home/airflow/.local/lib/python3.12/site-packages/airflow/example_dags/example_bash_operator.py
[2024-10-27T14:56:10.522+0000] {processor.py:925} INFO - DAG(s) 'example_bash_operator' retrieved from /home/airflow/.local/lib/python3.12/site-packages/airflow/example_dags/example_bash_operator.py
[2024-10-27T14:56:10.807+0000] {logging_mixin.py:190} INFO - [2024-10-27T14:56:10.807+0000] {dag.py:3239} INFO - Sync 1 DAGs
[2024-10-27T14:56:11.028+0000] {logging_mixin.py:190} INFO - [2024-10-27T14:56:11.027+0000] {dag.py:4180} INFO - Setting next_dagrun for example_bash_operator to 2024-10-26 00:00:00+00:00, run_after=2024-10-27 00:00:00+00:00
[2024-10-27T14:56:11.140+0000] {processor.py:208} INFO - Processing /home/airflow/.local/lib/python3.12/site-packages/airflow/example_dags/example_bash_operator.py took 0.836 seconds
[2024-10-27T14:56:56.416+0000] {processor.py:186} INFO - Started process (PID=698) to work on /home/airflow/.local/lib/python3.12/site-packages/airflow/example_dags/example_bash_operator.py
[2024-10-27T14:56:56.446+0000] {processor.py:914} INFO - Processing file /home/airflow/.local/lib/python3.12/site-packages/airflow/example_dags/example_bash_operator.py for tasks to queue
[2024-10-27T14:56:56.467+0000] {logging_mixin.py:190} INFO - [2024-10-27T14:56:56.467+0000] {dagbag.py:588} INFO - Filling up the DagBag from /home/airflow/.local/lib/python3.12/site-packages/airflow/example_dags/example_bash_operator.py
[2024-10-27T14:56:56.603+0000] {processor.py:925} INFO - DAG(s) 'example_bash_operator' retrieved from /home/airflow/.local/lib/python3.12/site-packages/airflow/example_dags/example_bash_operator.py
[2024-10-27T14:56:56.758+0000] {logging_mixin.py:190} INFO - [2024-10-27T14:56:56.758+0000] {dag.py:3239} INFO - Sync 1 DAGs
[2024-10-27T14:56:57.176+0000] {logging_mixin.py:190} INFO - [2024-10-27T14:56:57.162+0000] {dag.py:4180} INFO - Setting next_dagrun for example_bash_operator to 2024-10-26 00:00:00+00:00, run_after=2024-10-27 00:00:00+00:00
[2024-10-27T14:56:57.440+0000] {processor.py:208} INFO - Processing /home/airflow/.local/lib/python3.12/site-packages/airflow/example_dags/example_bash_operator.py took 1.067 seconds
[2024-10-27T14:57:27.641+0000] {processor.py:186} INFO - Started process (PID=760) to work on /home/airflow/.local/lib/python3.12/site-packages/airflow/example_dags/example_bash_operator.py
[2024-10-27T14:57:27.644+0000] {processor.py:914} INFO - Processing file /home/airflow/.local/lib/python3.12/site-packages/airflow/example_dags/example_bash_operator.py for tasks to queue
[2024-10-27T14:57:27.649+0000] {logging_mixin.py:190} INFO - [2024-10-27T14:57:27.648+0000] {dagbag.py:588} INFO - Filling up the DagBag from /home/airflow/.local/lib/python3.12/site-packages/airflow/example_dags/example_bash_operator.py
[2024-10-27T14:57:27.682+0000] {processor.py:925} INFO - DAG(s) 'example_bash_operator' retrieved from /home/airflow/.local/lib/python3.12/site-packages/airflow/example_dags/example_bash_operator.py
[2024-10-27T14:57:27.742+0000] {logging_mixin.py:190} INFO - [2024-10-27T14:57:27.742+0000] {dag.py:3239} INFO - Sync 1 DAGs
[2024-10-27T14:57:27.799+0000] {logging_mixin.py:190} INFO - [2024-10-27T14:57:27.799+0000] {dag.py:4180} INFO - Setting next_dagrun for example_bash_operator to 2024-10-26 00:00:00+00:00, run_after=2024-10-27 00:00:00+00:00
[2024-10-27T14:57:27.843+0000] {processor.py:208} INFO - Processing /home/airflow/.local/lib/python3.12/site-packages/airflow/example_dags/example_bash_operator.py took 0.211 seconds
[2024-10-27T14:57:58.346+0000] {processor.py:186} INFO - Started process (PID=824) to work on /home/airflow/.local/lib/python3.12/site-packages/airflow/example_dags/example_bash_operator.py
[2024-10-27T14:57:58.353+0000] {processor.py:914} INFO - Processing file /home/airflow/.local/lib/python3.12/site-packages/airflow/example_dags/example_bash_operator.py for tasks to queue
[2024-10-27T14:57:58.356+0000] {logging_mixin.py:190} INFO - [2024-10-27T14:57:58.356+0000] {dagbag.py:588} INFO - Filling up the DagBag from /home/airflow/.local/lib/python3.12/site-packages/airflow/example_dags/example_bash_operator.py
[2024-10-27T14:57:58.381+0000] {processor.py:925} INFO - DAG(s) 'example_bash_operator' retrieved from /home/airflow/.local/lib/python3.12/site-packages/airflow/example_dags/example_bash_operator.py
[2024-10-27T14:57:58.417+0000] {logging_mixin.py:190} INFO - [2024-10-27T14:57:58.417+0000] {dag.py:3239} INFO - Sync 1 DAGs
[2024-10-27T14:57:58.449+0000] {logging_mixin.py:190} INFO - [2024-10-27T14:57:58.449+0000] {dag.py:4180} INFO - Setting next_dagrun for example_bash_operator to 2024-10-26 00:00:00+00:00, run_after=2024-10-27 00:00:00+00:00
[2024-10-27T14:57:58.477+0000] {processor.py:208} INFO - Processing /home/airflow/.local/lib/python3.12/site-packages/airflow/example_dags/example_bash_operator.py took 0.138 seconds
[2024-10-27T14:58:28.743+0000] {processor.py:186} INFO - Started process (PID=888) to work on /home/airflow/.local/lib/python3.12/site-packages/airflow/example_dags/example_bash_operator.py
[2024-10-27T14:58:28.752+0000] {processor.py:914} INFO - Processing file /home/airflow/.local/lib/python3.12/site-packages/airflow/example_dags/example_bash_operator.py for tasks to queue
[2024-10-27T14:58:28.769+0000] {logging_mixin.py:190} INFO - [2024-10-27T14:58:28.766+0000] {dagbag.py:588} INFO - Filling up the DagBag from /home/airflow/.local/lib/python3.12/site-packages/airflow/example_dags/example_bash_operator.py
[2024-10-27T14:58:28.808+0000] {processor.py:925} INFO - DAG(s) 'example_bash_operator' retrieved from /home/airflow/.local/lib/python3.12/site-packages/airflow/example_dags/example_bash_operator.py
[2024-10-27T14:58:28.871+0000] {logging_mixin.py:190} INFO - [2024-10-27T14:58:28.870+0000] {dag.py:3239} INFO - Sync 1 DAGs
[2024-10-27T14:58:28.922+0000] {logging_mixin.py:190} INFO - [2024-10-27T14:58:28.922+0000] {dag.py:4180} INFO - Setting next_dagrun for example_bash_operator to 2024-10-26 00:00:00+00:00, run_after=2024-10-27 00:00:00+00:00
[2024-10-27T14:58:29.008+0000] {processor.py:208} INFO - Processing /home/airflow/.local/lib/python3.12/site-packages/airflow/example_dags/example_bash_operator.py took 0.277 seconds
[2024-10-27T14:59:00.337+0000] {processor.py:186} INFO - Started process (PID=951) to work on /home/airflow/.local/lib/python3.12/site-packages/airflow/example_dags/example_bash_operator.py
[2024-10-27T14:59:00.354+0000] {processor.py:914} INFO - Processing file /home/airflow/.local/lib/python3.12/site-packages/airflow/example_dags/example_bash_operator.py for tasks to queue
[2024-10-27T14:59:00.390+0000] {logging_mixin.py:190} INFO - [2024-10-27T14:59:00.377+0000] {dagbag.py:588} INFO - Filling up the DagBag from /home/airflow/.local/lib/python3.12/site-packages/airflow/example_dags/example_bash_operator.py
[2024-10-27T14:59:00.514+0000] {processor.py:925} INFO - DAG(s) 'example_bash_operator' retrieved from /home/airflow/.local/lib/python3.12/site-packages/airflow/example_dags/example_bash_operator.py
[2024-10-27T14:59:00.744+0000] {logging_mixin.py:190} INFO - [2024-10-27T14:59:00.744+0000] {dag.py:3239} INFO - Sync 1 DAGs
[2024-10-27T14:59:00.962+0000] {logging_mixin.py:190} INFO - [2024-10-27T14:59:00.953+0000] {dag.py:4180} INFO - Setting next_dagrun for example_bash_operator to 2024-10-26 00:00:00+00:00, run_after=2024-10-27 00:00:00+00:00
[2024-10-27T14:59:01.240+0000] {processor.py:208} INFO - Processing /home/airflow/.local/lib/python3.12/site-packages/airflow/example_dags/example_bash_operator.py took 0.951 seconds
[2024-10-27T15:06:44.771+0000] {processor.py:186} INFO - Started process (PID=130) to work on /home/airflow/.local/lib/python3.12/site-packages/airflow/example_dags/example_bash_operator.py
[2024-10-27T15:06:44.784+0000] {processor.py:914} INFO - Processing file /home/airflow/.local/lib/python3.12/site-packages/airflow/example_dags/example_bash_operator.py for tasks to queue
[2024-10-27T15:06:44.837+0000] {logging_mixin.py:190} INFO - [2024-10-27T15:06:44.836+0000] {dagbag.py:588} INFO - Filling up the DagBag from /home/airflow/.local/lib/python3.12/site-packages/airflow/example_dags/example_bash_operator.py
[2024-10-27T15:06:45.141+0000] {processor.py:925} INFO - DAG(s) 'example_bash_operator' retrieved from /home/airflow/.local/lib/python3.12/site-packages/airflow/example_dags/example_bash_operator.py
[2024-10-27T15:06:45.679+0000] {logging_mixin.py:190} INFO - [2024-10-27T15:06:45.679+0000] {dag.py:3239} INFO - Sync 1 DAGs
[2024-10-27T15:06:45.957+0000] {logging_mixin.py:190} INFO - [2024-10-27T15:06:45.956+0000] {dag.py:4180} INFO - Setting next_dagrun for example_bash_operator to 2024-10-26 00:00:00+00:00, run_after=2024-10-27 00:00:00+00:00
[2024-10-27T15:06:46.201+0000] {processor.py:208} INFO - Processing /home/airflow/.local/lib/python3.12/site-packages/airflow/example_dags/example_bash_operator.py took 1.487 seconds
[2024-10-27T15:07:32.157+0000] {processor.py:186} INFO - Started process (PID=198) to work on /home/airflow/.local/lib/python3.12/site-packages/airflow/example_dags/example_bash_operator.py
[2024-10-27T15:07:32.189+0000] {processor.py:914} INFO - Processing file /home/airflow/.local/lib/python3.12/site-packages/airflow/example_dags/example_bash_operator.py for tasks to queue
[2024-10-27T15:07:32.217+0000] {logging_mixin.py:190} INFO - [2024-10-27T15:07:32.215+0000] {dagbag.py:588} INFO - Filling up the DagBag from /home/airflow/.local/lib/python3.12/site-packages/airflow/example_dags/example_bash_operator.py
[2024-10-27T15:07:32.460+0000] {processor.py:925} INFO - DAG(s) 'example_bash_operator' retrieved from /home/airflow/.local/lib/python3.12/site-packages/airflow/example_dags/example_bash_operator.py
[2024-10-27T15:07:32.697+0000] {logging_mixin.py:190} INFO - [2024-10-27T15:07:32.697+0000] {dag.py:3239} INFO - Sync 1 DAGs
[2024-10-27T15:07:32.950+0000] {logging_mixin.py:190} INFO - [2024-10-27T15:07:32.950+0000] {dag.py:4180} INFO - Setting next_dagrun for example_bash_operator to 2024-10-26 00:00:00+00:00, run_after=2024-10-27 00:00:00+00:00
[2024-10-27T15:07:33.168+0000] {processor.py:208} INFO - Processing /home/airflow/.local/lib/python3.12/site-packages/airflow/example_dags/example_bash_operator.py took 1.070 seconds
[2024-10-27T15:08:14.265+0000] {processor.py:186} INFO - Started process (PID=266) to work on /home/airflow/.local/lib/python3.12/site-packages/airflow/example_dags/example_bash_operator.py
[2024-10-27T15:08:14.298+0000] {processor.py:914} INFO - Processing file /home/airflow/.local/lib/python3.12/site-packages/airflow/example_dags/example_bash_operator.py for tasks to queue
[2024-10-27T15:08:14.318+0000] {logging_mixin.py:190} INFO - [2024-10-27T15:08:14.317+0000] {dagbag.py:588} INFO - Filling up the DagBag from /home/airflow/.local/lib/python3.12/site-packages/airflow/example_dags/example_bash_operator.py
[2024-10-27T15:08:14.421+0000] {processor.py:925} INFO - DAG(s) 'example_bash_operator' retrieved from /home/airflow/.local/lib/python3.12/site-packages/airflow/example_dags/example_bash_operator.py
[2024-10-27T15:08:14.549+0000] {logging_mixin.py:190} INFO - [2024-10-27T15:08:14.549+0000] {dag.py:3239} INFO - Sync 1 DAGs
[2024-10-27T15:08:14.769+0000] {logging_mixin.py:190} INFO - [2024-10-27T15:08:14.769+0000] {dag.py:4180} INFO - Setting next_dagrun for example_bash_operator to 2024-10-26 00:00:00+00:00, run_after=2024-10-27 00:00:00+00:00
[2024-10-27T15:08:14.892+0000] {processor.py:208} INFO - Processing /home/airflow/.local/lib/python3.12/site-packages/airflow/example_dags/example_bash_operator.py took 0.716 seconds
[2024-10-27T15:09:25.311+0000] {processor.py:186} INFO - Started process (PID=345) to work on /home/airflow/.local/lib/python3.12/site-packages/airflow/example_dags/example_bash_operator.py
[2024-10-27T15:09:25.326+0000] {processor.py:914} INFO - Processing file /home/airflow/.local/lib/python3.12/site-packages/airflow/example_dags/example_bash_operator.py for tasks to queue
[2024-10-27T15:09:25.359+0000] {logging_mixin.py:190} INFO - [2024-10-27T15:09:25.357+0000] {dagbag.py:588} INFO - Filling up the DagBag from /home/airflow/.local/lib/python3.12/site-packages/airflow/example_dags/example_bash_operator.py
[2024-10-27T15:09:25.590+0000] {processor.py:925} INFO - DAG(s) 'example_bash_operator' retrieved from /home/airflow/.local/lib/python3.12/site-packages/airflow/example_dags/example_bash_operator.py
[2024-10-27T15:09:25.895+0000] {logging_mixin.py:190} INFO - [2024-10-27T15:09:25.894+0000] {dag.py:3239} INFO - Sync 1 DAGs
[2024-10-27T15:09:26.123+0000] {logging_mixin.py:190} INFO - [2024-10-27T15:09:26.122+0000] {dag.py:4180} INFO - Setting next_dagrun for example_bash_operator to 2024-10-26 00:00:00+00:00, run_after=2024-10-27 00:00:00+00:00
[2024-10-27T15:09:26.376+0000] {processor.py:208} INFO - Processing /home/airflow/.local/lib/python3.12/site-packages/airflow/example_dags/example_bash_operator.py took 1.315 seconds
[2024-10-27T15:09:56.831+0000] {processor.py:186} INFO - Started process (PID=408) to work on /home/airflow/.local/lib/python3.12/site-packages/airflow/example_dags/example_bash_operator.py
[2024-10-27T15:09:56.834+0000] {processor.py:914} INFO - Processing file /home/airflow/.local/lib/python3.12/site-packages/airflow/example_dags/example_bash_operator.py for tasks to queue
[2024-10-27T15:09:56.850+0000] {logging_mixin.py:190} INFO - [2024-10-27T15:09:56.849+0000] {dagbag.py:588} INFO - Filling up the DagBag from /home/airflow/.local/lib/python3.12/site-packages/airflow/example_dags/example_bash_operator.py
[2024-10-27T15:09:56.923+0000] {processor.py:925} INFO - DAG(s) 'example_bash_operator' retrieved from /home/airflow/.local/lib/python3.12/site-packages/airflow/example_dags/example_bash_operator.py
[2024-10-27T15:09:57.054+0000] {logging_mixin.py:190} INFO - [2024-10-27T15:09:57.053+0000] {dag.py:3239} INFO - Sync 1 DAGs
[2024-10-27T15:09:57.217+0000] {logging_mixin.py:190} INFO - [2024-10-27T15:09:57.216+0000] {dag.py:4180} INFO - Setting next_dagrun for example_bash_operator to 2024-10-26 00:00:00+00:00, run_after=2024-10-27 00:00:00+00:00
[2024-10-27T15:09:57.271+0000] {processor.py:208} INFO - Processing /home/airflow/.local/lib/python3.12/site-packages/airflow/example_dags/example_bash_operator.py took 0.490 seconds
[2024-10-27T15:10:28.094+0000] {processor.py:186} INFO - Started process (PID=471) to work on /home/airflow/.local/lib/python3.12/site-packages/airflow/example_dags/example_bash_operator.py
[2024-10-27T15:10:28.108+0000] {processor.py:914} INFO - Processing file /home/airflow/.local/lib/python3.12/site-packages/airflow/example_dags/example_bash_operator.py for tasks to queue
[2024-10-27T15:10:28.121+0000] {logging_mixin.py:190} INFO - [2024-10-27T15:10:28.120+0000] {dagbag.py:588} INFO - Filling up the DagBag from /home/airflow/.local/lib/python3.12/site-packages/airflow/example_dags/example_bash_operator.py
[2024-10-27T15:10:28.234+0000] {processor.py:925} INFO - DAG(s) 'example_bash_operator' retrieved from /home/airflow/.local/lib/python3.12/site-packages/airflow/example_dags/example_bash_operator.py
[2024-10-27T15:10:28.516+0000] {logging_mixin.py:190} INFO - [2024-10-27T15:10:28.506+0000] {dag.py:3239} INFO - Sync 1 DAGs
[2024-10-27T15:10:28.692+0000] {logging_mixin.py:190} INFO - [2024-10-27T15:10:28.691+0000] {dag.py:4180} INFO - Setting next_dagrun for example_bash_operator to 2024-10-26 00:00:00+00:00, run_after=2024-10-27 00:00:00+00:00
[2024-10-27T15:10:28.820+0000] {processor.py:208} INFO - Processing /home/airflow/.local/lib/python3.12/site-packages/airflow/example_dags/example_bash_operator.py took 0.741 seconds
[2024-10-27T15:10:59.330+0000] {processor.py:186} INFO - Started process (PID=534) to work on /home/airflow/.local/lib/python3.12/site-packages/airflow/example_dags/example_bash_operator.py
[2024-10-27T15:10:59.331+0000] {processor.py:914} INFO - Processing file /home/airflow/.local/lib/python3.12/site-packages/airflow/example_dags/example_bash_operator.py for tasks to queue
[2024-10-27T15:10:59.333+0000] {logging_mixin.py:190} INFO - [2024-10-27T15:10:59.333+0000] {dagbag.py:588} INFO - Filling up the DagBag from /home/airflow/.local/lib/python3.12/site-packages/airflow/example_dags/example_bash_operator.py
[2024-10-27T15:10:59.345+0000] {processor.py:925} INFO - DAG(s) 'example_bash_operator' retrieved from /home/airflow/.local/lib/python3.12/site-packages/airflow/example_dags/example_bash_operator.py
[2024-10-27T15:10:59.368+0000] {logging_mixin.py:190} INFO - [2024-10-27T15:10:59.368+0000] {dag.py:3239} INFO - Sync 1 DAGs
[2024-10-27T15:10:59.390+0000] {logging_mixin.py:190} INFO - [2024-10-27T15:10:59.390+0000] {dag.py:4180} INFO - Setting next_dagrun for example_bash_operator to 2024-10-26 00:00:00+00:00, run_after=2024-10-27 00:00:00+00:00
[2024-10-27T15:10:59.413+0000] {processor.py:208} INFO - Processing /home/airflow/.local/lib/python3.12/site-packages/airflow/example_dags/example_bash_operator.py took 0.088 seconds
[2024-10-27T15:11:29.994+0000] {processor.py:186} INFO - Started process (PID=597) to work on /home/airflow/.local/lib/python3.12/site-packages/airflow/example_dags/example_bash_operator.py
[2024-10-27T15:11:29.995+0000] {processor.py:914} INFO - Processing file /home/airflow/.local/lib/python3.12/site-packages/airflow/example_dags/example_bash_operator.py for tasks to queue
[2024-10-27T15:11:29.999+0000] {logging_mixin.py:190} INFO - [2024-10-27T15:11:29.998+0000] {dagbag.py:588} INFO - Filling up the DagBag from /home/airflow/.local/lib/python3.12/site-packages/airflow/example_dags/example_bash_operator.py
[2024-10-27T15:11:30.018+0000] {processor.py:925} INFO - DAG(s) 'example_bash_operator' retrieved from /home/airflow/.local/lib/python3.12/site-packages/airflow/example_dags/example_bash_operator.py
[2024-10-27T15:11:30.067+0000] {logging_mixin.py:190} INFO - [2024-10-27T15:11:30.067+0000] {dag.py:3239} INFO - Sync 1 DAGs
[2024-10-27T15:11:30.109+0000] {logging_mixin.py:190} INFO - [2024-10-27T15:11:30.109+0000] {dag.py:4180} INFO - Setting next_dagrun for example_bash_operator to 2024-10-26 00:00:00+00:00, run_after=2024-10-27 00:00:00+00:00
[2024-10-27T15:11:30.136+0000] {processor.py:208} INFO - Processing /home/airflow/.local/lib/python3.12/site-packages/airflow/example_dags/example_bash_operator.py took 0.150 seconds
[2024-10-27T15:16:20.788+0000] {processor.py:186} INFO - Started process (PID=725) to work on /home/airflow/.local/lib/python3.12/site-packages/airflow/example_dags/example_bash_operator.py
[2024-10-27T15:16:20.856+0000] {processor.py:914} INFO - Processing file /home/airflow/.local/lib/python3.12/site-packages/airflow/example_dags/example_bash_operator.py for tasks to queue
[2024-10-27T15:16:21.371+0000] {logging_mixin.py:190} INFO - [2024-10-27T15:16:21.353+0000] {dagbag.py:588} INFO - Filling up the DagBag from /home/airflow/.local/lib/python3.12/site-packages/airflow/example_dags/example_bash_operator.py
[2024-10-27T15:16:23.817+0000] {processor.py:925} INFO - DAG(s) 'example_bash_operator' retrieved from /home/airflow/.local/lib/python3.12/site-packages/airflow/example_dags/example_bash_operator.py
[2024-10-27T15:16:26.788+0000] {logging_mixin.py:190} INFO - [2024-10-27T15:16:26.786+0000] {dag.py:3239} INFO - Sync 1 DAGs
[2024-10-27T15:16:29.328+0000] {logging_mixin.py:190} INFO - [2024-10-27T15:16:29.326+0000] {dag.py:4180} INFO - Setting next_dagrun for example_bash_operator to 2024-10-26 00:00:00+00:00, run_after=2024-10-27 00:00:00+00:00
[2024-10-27T15:16:30.867+0000] {processor.py:208} INFO - Processing /home/airflow/.local/lib/python3.12/site-packages/airflow/example_dags/example_bash_operator.py took 10.807 seconds
[2024-10-27T15:22:26.115+0000] {processor.py:186} INFO - Started process (PID=850) to work on /home/airflow/.local/lib/python3.12/site-packages/airflow/example_dags/example_bash_operator.py
[2024-10-27T15:22:26.266+0000] {processor.py:914} INFO - Processing file /home/airflow/.local/lib/python3.12/site-packages/airflow/example_dags/example_bash_operator.py for tasks to queue
[2024-10-27T15:22:26.602+0000] {logging_mixin.py:190} INFO - [2024-10-27T15:22:26.566+0000] {dagbag.py:588} INFO - Filling up the DagBag from /home/airflow/.local/lib/python3.12/site-packages/airflow/example_dags/example_bash_operator.py
[2024-10-27T15:22:29.308+0000] {processor.py:925} INFO - DAG(s) 'example_bash_operator' retrieved from /home/airflow/.local/lib/python3.12/site-packages/airflow/example_dags/example_bash_operator.py
[2024-10-27T15:22:32.540+0000] {logging_mixin.py:190} INFO - [2024-10-27T15:22:32.521+0000] {dag.py:3239} INFO - Sync 1 DAGs
[2024-10-27T15:22:43.182+0000] {logging_mixin.py:190} INFO - [2024-10-27T15:22:43.179+0000] {dag.py:4180} INFO - Setting next_dagrun for example_bash_operator to 2024-10-26 00:00:00+00:00, run_after=2024-10-27 00:00:00+00:00
[2024-10-27T15:22:49.930+0000] {processor.py:208} INFO - Processing /home/airflow/.local/lib/python3.12/site-packages/airflow/example_dags/example_bash_operator.py took 24.258 seconds
[2024-10-27T15:28:43.241+0000] {processor.py:186} INFO - Started process (PID=964) to work on /home/airflow/.local/lib/python3.12/site-packages/airflow/example_dags/example_bash_operator.py
[2024-10-27T15:28:43.249+0000] {processor.py:914} INFO - Processing file /home/airflow/.local/lib/python3.12/site-packages/airflow/example_dags/example_bash_operator.py for tasks to queue
[2024-10-27T15:28:43.255+0000] {logging_mixin.py:190} INFO - [2024-10-27T15:28:43.254+0000] {dagbag.py:588} INFO - Filling up the DagBag from /home/airflow/.local/lib/python3.12/site-packages/airflow/example_dags/example_bash_operator.py
[2024-10-27T15:28:43.330+0000] {processor.py:925} INFO - DAG(s) 'example_bash_operator' retrieved from /home/airflow/.local/lib/python3.12/site-packages/airflow/example_dags/example_bash_operator.py
[2024-10-27T15:28:43.672+0000] {logging_mixin.py:190} INFO - [2024-10-27T15:28:43.672+0000] {dag.py:3239} INFO - Sync 1 DAGs
[2024-10-27T15:28:44.724+0000] {logging_mixin.py:190} INFO - [2024-10-27T15:28:44.724+0000] {dag.py:4180} INFO - Setting next_dagrun for example_bash_operator to 2024-10-26 00:00:00+00:00, run_after=2024-10-27 00:00:00+00:00
[2024-10-27T15:28:45.204+0000] {processor.py:208} INFO - Processing /home/airflow/.local/lib/python3.12/site-packages/airflow/example_dags/example_bash_operator.py took 2.009 seconds
[2024-10-27T15:30:29.134+0000] {processor.py:186} INFO - Started process (PID=1055) to work on /home/airflow/.local/lib/python3.12/site-packages/airflow/example_dags/example_bash_operator.py
[2024-10-27T15:30:29.155+0000] {processor.py:914} INFO - Processing file /home/airflow/.local/lib/python3.12/site-packages/airflow/example_dags/example_bash_operator.py for tasks to queue
[2024-10-27T15:30:29.200+0000] {logging_mixin.py:190} INFO - [2024-10-27T15:30:29.182+0000] {dagbag.py:588} INFO - Filling up the DagBag from /home/airflow/.local/lib/python3.12/site-packages/airflow/example_dags/example_bash_operator.py
[2024-10-27T15:30:29.425+0000] {processor.py:925} INFO - DAG(s) 'example_bash_operator' retrieved from /home/airflow/.local/lib/python3.12/site-packages/airflow/example_dags/example_bash_operator.py
[2024-10-27T15:30:35.927+0000] {logging_mixin.py:190} INFO - [2024-10-27T15:30:35.770+0000] {dag.py:3239} INFO - Sync 1 DAGs
[2024-10-27T15:30:38.432+0000] {logging_mixin.py:190} INFO - [2024-10-27T15:30:38.431+0000] {dag.py:4180} INFO - Setting next_dagrun for example_bash_operator to 2024-10-26 00:00:00+00:00, run_after=2024-10-27 00:00:00+00:00
[2024-10-27T15:30:39.150+0000] {processor.py:208} INFO - Processing /home/airflow/.local/lib/python3.12/site-packages/airflow/example_dags/example_bash_operator.py took 10.164 seconds
[2024-10-27T16:10:42.826+0000] {processor.py:186} INFO - Started process (PID=522) to work on /home/airflow/.local/lib/python3.12/site-packages/airflow/example_dags/example_bash_operator.py
[2024-10-27T16:10:42.837+0000] {processor.py:914} INFO - Processing file /home/airflow/.local/lib/python3.12/site-packages/airflow/example_dags/example_bash_operator.py for tasks to queue
[2024-10-27T16:10:42.870+0000] {logging_mixin.py:190} INFO - [2024-10-27T16:10:42.869+0000] {dagbag.py:588} INFO - Filling up the DagBag from /home/airflow/.local/lib/python3.12/site-packages/airflow/example_dags/example_bash_operator.py
[2024-10-27T16:10:43.735+0000] {processor.py:925} INFO - DAG(s) 'example_bash_operator' retrieved from /home/airflow/.local/lib/python3.12/site-packages/airflow/example_dags/example_bash_operator.py
[2024-10-27T16:10:44.001+0000] {logging_mixin.py:190} INFO - [2024-10-27T16:10:44.000+0000] {dag.py:3239} INFO - Sync 1 DAGs
[2024-10-27T16:10:44.322+0000] {logging_mixin.py:190} INFO - [2024-10-27T16:10:44.321+0000] {dag.py:4180} INFO - Setting next_dagrun for example_bash_operator to 2024-10-26 00:00:00+00:00, run_after=2024-10-27 00:00:00+00:00
[2024-10-27T16:10:44.467+0000] {processor.py:208} INFO - Processing /home/airflow/.local/lib/python3.12/site-packages/airflow/example_dags/example_bash_operator.py took 1.722 seconds
