[2024-10-27T14:23:47.619+0000] {processor.py:186} INFO - Started process (PID=89) to work on /home/airflow/.local/lib/python3.12/site-packages/airflow/example_dags/example_display_name.py
[2024-10-27T14:23:47.644+0000] {processor.py:914} INFO - Processing file /home/airflow/.local/lib/python3.12/site-packages/airflow/example_dags/example_display_name.py for tasks to queue
[2024-10-27T14:23:47.709+0000] {logging_mixin.py:190} INFO - [2024-10-27T14:23:47.692+0000] {dagbag.py:588} INFO - Filling up the DagBag from /home/airflow/.local/lib/python3.12/site-packages/airflow/example_dags/example_display_name.py
[2024-10-27T14:23:47.905+0000] {processor.py:925} INFO - DAG(s) 'example_display_name' retrieved from /home/airflow/.local/lib/python3.12/site-packages/airflow/example_dags/example_display_name.py
[2024-10-27T14:23:48.378+0000] {logging_mixin.py:190} INFO - [2024-10-27T14:23:48.377+0000] {dag.py:3239} INFO - Sync 1 DAGs
[2024-10-27T14:23:48.689+0000] {logging_mixin.py:190} INFO - [2024-10-27T14:23:48.689+0000] {dag.py:4180} INFO - Setting next_dagrun for example_display_name to None, run_after=None
[2024-10-27T14:23:48.989+0000] {processor.py:208} INFO - Processing /home/airflow/.local/lib/python3.12/site-packages/airflow/example_dags/example_display_name.py took 1.633 seconds
[2024-10-27T14:24:31.407+0000] {processor.py:186} INFO - Started process (PID=159) to work on /home/airflow/.local/lib/python3.12/site-packages/airflow/example_dags/example_display_name.py
[2024-10-27T14:24:31.425+0000] {processor.py:914} INFO - Processing file /home/airflow/.local/lib/python3.12/site-packages/airflow/example_dags/example_display_name.py for tasks to queue
[2024-10-27T14:24:31.464+0000] {logging_mixin.py:190} INFO - [2024-10-27T14:24:31.464+0000] {dagbag.py:588} INFO - Filling up the DagBag from /home/airflow/.local/lib/python3.12/site-packages/airflow/example_dags/example_display_name.py
[2024-10-27T14:24:31.514+0000] {processor.py:925} INFO - DAG(s) 'example_display_name' retrieved from /home/airflow/.local/lib/python3.12/site-packages/airflow/example_dags/example_display_name.py
[2024-10-27T14:24:31.683+0000] {logging_mixin.py:190} INFO - [2024-10-27T14:24:31.682+0000] {dag.py:3239} INFO - Sync 1 DAGs
[2024-10-27T14:24:31.851+0000] {logging_mixin.py:190} INFO - [2024-10-27T14:24:31.850+0000] {dag.py:4180} INFO - Setting next_dagrun for example_display_name to None, run_after=None
[2024-10-27T14:24:32.065+0000] {processor.py:208} INFO - Processing /home/airflow/.local/lib/python3.12/site-packages/airflow/example_dags/example_display_name.py took 0.728 seconds
[2024-10-27T14:25:19.331+0000] {processor.py:186} INFO - Started process (PID=195) to work on /home/airflow/.local/lib/python3.12/site-packages/airflow/example_dags/example_display_name.py
[2024-10-27T14:25:19.337+0000] {processor.py:914} INFO - Processing file /home/airflow/.local/lib/python3.12/site-packages/airflow/example_dags/example_display_name.py for tasks to queue
[2024-10-27T14:25:19.367+0000] {logging_mixin.py:190} INFO - [2024-10-27T14:25:19.367+0000] {dagbag.py:588} INFO - Filling up the DagBag from /home/airflow/.local/lib/python3.12/site-packages/airflow/example_dags/example_display_name.py
[2024-10-27T14:25:19.431+0000] {processor.py:925} INFO - DAG(s) 'example_display_name' retrieved from /home/airflow/.local/lib/python3.12/site-packages/airflow/example_dags/example_display_name.py
[2024-10-27T14:25:19.567+0000] {logging_mixin.py:190} INFO - [2024-10-27T14:25:19.566+0000] {dag.py:3239} INFO - Sync 1 DAGs
[2024-10-27T14:25:19.653+0000] {logging_mixin.py:190} INFO - [2024-10-27T14:25:19.653+0000] {dag.py:4180} INFO - Setting next_dagrun for example_display_name to None, run_after=None
[2024-10-27T14:25:19.941+0000] {processor.py:208} INFO - Processing /home/airflow/.local/lib/python3.12/site-packages/airflow/example_dags/example_display_name.py took 0.644 seconds
[2024-10-27T14:25:56.178+0000] {processor.py:186} INFO - Started process (PID=242) to work on /home/airflow/.local/lib/python3.12/site-packages/airflow/example_dags/example_display_name.py
[2024-10-27T14:25:56.197+0000] {processor.py:914} INFO - Processing file /home/airflow/.local/lib/python3.12/site-packages/airflow/example_dags/example_display_name.py for tasks to queue
[2024-10-27T14:25:56.204+0000] {logging_mixin.py:190} INFO - [2024-10-27T14:25:56.203+0000] {dagbag.py:588} INFO - Filling up the DagBag from /home/airflow/.local/lib/python3.12/site-packages/airflow/example_dags/example_display_name.py
[2024-10-27T14:25:56.271+0000] {processor.py:925} INFO - DAG(s) 'example_display_name' retrieved from /home/airflow/.local/lib/python3.12/site-packages/airflow/example_dags/example_display_name.py
[2024-10-27T14:25:56.424+0000] {logging_mixin.py:190} INFO - [2024-10-27T14:25:56.423+0000] {dag.py:3239} INFO - Sync 1 DAGs
[2024-10-27T14:25:56.545+0000] {logging_mixin.py:190} INFO - [2024-10-27T14:25:56.542+0000] {dag.py:4180} INFO - Setting next_dagrun for example_display_name to None, run_after=None
[2024-10-27T14:25:56.685+0000] {processor.py:208} INFO - Processing /home/airflow/.local/lib/python3.12/site-packages/airflow/example_dags/example_display_name.py took 0.572 seconds
[2024-10-27T14:26:27.455+0000] {processor.py:186} INFO - Started process (PID=305) to work on /home/airflow/.local/lib/python3.12/site-packages/airflow/example_dags/example_display_name.py
[2024-10-27T14:26:27.458+0000] {processor.py:914} INFO - Processing file /home/airflow/.local/lib/python3.12/site-packages/airflow/example_dags/example_display_name.py for tasks to queue
[2024-10-27T14:26:27.483+0000] {logging_mixin.py:190} INFO - [2024-10-27T14:26:27.483+0000] {dagbag.py:588} INFO - Filling up the DagBag from /home/airflow/.local/lib/python3.12/site-packages/airflow/example_dags/example_display_name.py
[2024-10-27T14:26:27.523+0000] {processor.py:925} INFO - DAG(s) 'example_display_name' retrieved from /home/airflow/.local/lib/python3.12/site-packages/airflow/example_dags/example_display_name.py
[2024-10-27T14:26:27.632+0000] {logging_mixin.py:190} INFO - [2024-10-27T14:26:27.631+0000] {dag.py:3239} INFO - Sync 1 DAGs
[2024-10-27T14:26:27.710+0000] {logging_mixin.py:190} INFO - [2024-10-27T14:26:27.710+0000] {dag.py:4180} INFO - Setting next_dagrun for example_display_name to None, run_after=None
[2024-10-27T14:26:27.866+0000] {processor.py:208} INFO - Processing /home/airflow/.local/lib/python3.12/site-packages/airflow/example_dags/example_display_name.py took 0.435 seconds
[2024-10-27T14:26:59.872+0000] {processor.py:186} INFO - Started process (PID=352) to work on /home/airflow/.local/lib/python3.12/site-packages/airflow/example_dags/example_display_name.py
[2024-10-27T14:26:59.892+0000] {processor.py:914} INFO - Processing file /home/airflow/.local/lib/python3.12/site-packages/airflow/example_dags/example_display_name.py for tasks to queue
[2024-10-27T14:26:59.907+0000] {logging_mixin.py:190} INFO - [2024-10-27T14:26:59.906+0000] {dagbag.py:588} INFO - Filling up the DagBag from /home/airflow/.local/lib/python3.12/site-packages/airflow/example_dags/example_display_name.py
[2024-10-27T14:26:59.968+0000] {processor.py:925} INFO - DAG(s) 'example_display_name' retrieved from /home/airflow/.local/lib/python3.12/site-packages/airflow/example_dags/example_display_name.py
[2024-10-27T14:27:00.186+0000] {logging_mixin.py:190} INFO - [2024-10-27T14:27:00.186+0000] {dag.py:3239} INFO - Sync 1 DAGs
[2024-10-27T14:27:00.335+0000] {logging_mixin.py:190} INFO - [2024-10-27T14:27:00.335+0000] {dag.py:4180} INFO - Setting next_dagrun for example_display_name to None, run_after=None
[2024-10-27T14:27:00.519+0000] {processor.py:208} INFO - Processing /home/airflow/.local/lib/python3.12/site-packages/airflow/example_dags/example_display_name.py took 0.693 seconds
[2024-10-27T14:27:36.097+0000] {processor.py:186} INFO - Started process (PID=421) to work on /home/airflow/.local/lib/python3.12/site-packages/airflow/example_dags/example_display_name.py
[2024-10-27T14:27:36.116+0000] {processor.py:914} INFO - Processing file /home/airflow/.local/lib/python3.12/site-packages/airflow/example_dags/example_display_name.py for tasks to queue
[2024-10-27T14:27:36.162+0000] {logging_mixin.py:190} INFO - [2024-10-27T14:27:36.150+0000] {dagbag.py:588} INFO - Filling up the DagBag from /home/airflow/.local/lib/python3.12/site-packages/airflow/example_dags/example_display_name.py
[2024-10-27T14:27:36.322+0000] {processor.py:925} INFO - DAG(s) 'example_display_name' retrieved from /home/airflow/.local/lib/python3.12/site-packages/airflow/example_dags/example_display_name.py
[2024-10-27T14:27:36.576+0000] {logging_mixin.py:190} INFO - [2024-10-27T14:27:36.575+0000] {dag.py:3239} INFO - Sync 1 DAGs
[2024-10-27T14:27:36.740+0000] {logging_mixin.py:190} INFO - [2024-10-27T14:27:36.740+0000] {dag.py:4180} INFO - Setting next_dagrun for example_display_name to None, run_after=None
[2024-10-27T14:27:37.197+0000] {processor.py:208} INFO - Processing /home/airflow/.local/lib/python3.12/site-packages/airflow/example_dags/example_display_name.py took 1.217 seconds
[2024-10-27T14:28:09.190+0000] {processor.py:186} INFO - Started process (PID=483) to work on /home/airflow/.local/lib/python3.12/site-packages/airflow/example_dags/example_display_name.py
[2024-10-27T14:28:09.193+0000] {processor.py:914} INFO - Processing file /home/airflow/.local/lib/python3.12/site-packages/airflow/example_dags/example_display_name.py for tasks to queue
[2024-10-27T14:28:09.201+0000] {logging_mixin.py:190} INFO - [2024-10-27T14:28:09.200+0000] {dagbag.py:588} INFO - Filling up the DagBag from /home/airflow/.local/lib/python3.12/site-packages/airflow/example_dags/example_display_name.py
[2024-10-27T14:28:09.234+0000] {processor.py:925} INFO - DAG(s) 'example_display_name' retrieved from /home/airflow/.local/lib/python3.12/site-packages/airflow/example_dags/example_display_name.py
[2024-10-27T14:28:09.282+0000] {logging_mixin.py:190} INFO - [2024-10-27T14:28:09.282+0000] {dag.py:3239} INFO - Sync 1 DAGs
[2024-10-27T14:28:09.347+0000] {logging_mixin.py:190} INFO - [2024-10-27T14:28:09.347+0000] {dag.py:4180} INFO - Setting next_dagrun for example_display_name to None, run_after=None
[2024-10-27T14:28:09.668+0000] {processor.py:208} INFO - Processing /home/airflow/.local/lib/python3.12/site-packages/airflow/example_dags/example_display_name.py took 0.517 seconds
[2024-10-27T14:28:51.317+0000] {processor.py:186} INFO - Started process (PID=538) to work on /home/airflow/.local/lib/python3.12/site-packages/airflow/example_dags/example_display_name.py
[2024-10-27T14:28:51.337+0000] {processor.py:914} INFO - Processing file /home/airflow/.local/lib/python3.12/site-packages/airflow/example_dags/example_display_name.py for tasks to queue
[2024-10-27T14:28:51.412+0000] {logging_mixin.py:190} INFO - [2024-10-27T14:28:51.411+0000] {dagbag.py:588} INFO - Filling up the DagBag from /home/airflow/.local/lib/python3.12/site-packages/airflow/example_dags/example_display_name.py
[2024-10-27T14:28:51.456+0000] {processor.py:925} INFO - DAG(s) 'example_display_name' retrieved from /home/airflow/.local/lib/python3.12/site-packages/airflow/example_dags/example_display_name.py
[2024-10-27T14:28:51.534+0000] {logging_mixin.py:190} INFO - [2024-10-27T14:28:51.533+0000] {dag.py:3239} INFO - Sync 1 DAGs
[2024-10-27T14:28:51.665+0000] {logging_mixin.py:190} INFO - [2024-10-27T14:28:51.663+0000] {dag.py:4180} INFO - Setting next_dagrun for example_display_name to None, run_after=None
[2024-10-27T14:28:51.794+0000] {processor.py:208} INFO - Processing /home/airflow/.local/lib/python3.12/site-packages/airflow/example_dags/example_display_name.py took 0.556 seconds
[2024-10-27T14:29:25.404+0000] {processor.py:186} INFO - Started process (PID=601) to work on /home/airflow/.local/lib/python3.12/site-packages/airflow/example_dags/example_display_name.py
[2024-10-27T14:29:25.406+0000] {processor.py:914} INFO - Processing file /home/airflow/.local/lib/python3.12/site-packages/airflow/example_dags/example_display_name.py for tasks to queue
[2024-10-27T14:29:25.425+0000] {logging_mixin.py:190} INFO - [2024-10-27T14:29:25.424+0000] {dagbag.py:588} INFO - Filling up the DagBag from /home/airflow/.local/lib/python3.12/site-packages/airflow/example_dags/example_display_name.py
[2024-10-27T14:29:25.655+0000] {processor.py:925} INFO - DAG(s) 'example_display_name' retrieved from /home/airflow/.local/lib/python3.12/site-packages/airflow/example_dags/example_display_name.py
[2024-10-27T14:29:25.997+0000] {logging_mixin.py:190} INFO - [2024-10-27T14:29:25.996+0000] {dag.py:3239} INFO - Sync 1 DAGs
[2024-10-27T14:29:26.223+0000] {logging_mixin.py:190} INFO - [2024-10-27T14:29:26.222+0000] {dag.py:4180} INFO - Setting next_dagrun for example_display_name to None, run_after=None
[2024-10-27T14:29:26.414+0000] {processor.py:208} INFO - Processing /home/airflow/.local/lib/python3.12/site-packages/airflow/example_dags/example_display_name.py took 1.070 seconds
[2024-10-27T14:30:22.558+0000] {processor.py:186} INFO - Started process (PID=645) to work on /home/airflow/.local/lib/python3.12/site-packages/airflow/example_dags/example_display_name.py
[2024-10-27T14:30:22.592+0000] {processor.py:914} INFO - Processing file /home/airflow/.local/lib/python3.12/site-packages/airflow/example_dags/example_display_name.py for tasks to queue
[2024-10-27T14:30:22.615+0000] {logging_mixin.py:190} INFO - [2024-10-27T14:30:22.613+0000] {dagbag.py:588} INFO - Filling up the DagBag from /home/airflow/.local/lib/python3.12/site-packages/airflow/example_dags/example_display_name.py
[2024-10-27T14:30:22.761+0000] {processor.py:925} INFO - DAG(s) 'example_display_name' retrieved from /home/airflow/.local/lib/python3.12/site-packages/airflow/example_dags/example_display_name.py
[2024-10-27T14:30:22.852+0000] {logging_mixin.py:190} INFO - [2024-10-27T14:30:22.849+0000] {dag.py:3239} INFO - Sync 1 DAGs
[2024-10-27T14:30:23.184+0000] {logging_mixin.py:190} INFO - [2024-10-27T14:30:23.184+0000] {dag.py:4180} INFO - Setting next_dagrun for example_display_name to None, run_after=None
[2024-10-27T14:30:23.456+0000] {processor.py:208} INFO - Processing /home/airflow/.local/lib/python3.12/site-packages/airflow/example_dags/example_display_name.py took 1.009 seconds
[2024-10-27T14:30:55.631+0000] {processor.py:186} INFO - Started process (PID=707) to work on /home/airflow/.local/lib/python3.12/site-packages/airflow/example_dags/example_display_name.py
[2024-10-27T14:30:55.637+0000] {processor.py:914} INFO - Processing file /home/airflow/.local/lib/python3.12/site-packages/airflow/example_dags/example_display_name.py for tasks to queue
[2024-10-27T14:30:55.658+0000] {logging_mixin.py:190} INFO - [2024-10-27T14:30:55.657+0000] {dagbag.py:588} INFO - Filling up the DagBag from /home/airflow/.local/lib/python3.12/site-packages/airflow/example_dags/example_display_name.py
[2024-10-27T14:30:55.708+0000] {processor.py:925} INFO - DAG(s) 'example_display_name' retrieved from /home/airflow/.local/lib/python3.12/site-packages/airflow/example_dags/example_display_name.py
[2024-10-27T14:30:55.987+0000] {logging_mixin.py:190} INFO - [2024-10-27T14:30:55.984+0000] {dag.py:3239} INFO - Sync 1 DAGs
[2024-10-27T14:30:56.064+0000] {logging_mixin.py:190} INFO - [2024-10-27T14:30:56.063+0000] {dag.py:4180} INFO - Setting next_dagrun for example_display_name to None, run_after=None
[2024-10-27T14:30:56.158+0000] {processor.py:208} INFO - Processing /home/airflow/.local/lib/python3.12/site-packages/airflow/example_dags/example_display_name.py took 0.551 seconds
[2024-10-27T14:31:26.880+0000] {processor.py:186} INFO - Started process (PID=770) to work on /home/airflow/.local/lib/python3.12/site-packages/airflow/example_dags/example_display_name.py
[2024-10-27T14:31:26.881+0000] {processor.py:914} INFO - Processing file /home/airflow/.local/lib/python3.12/site-packages/airflow/example_dags/example_display_name.py for tasks to queue
[2024-10-27T14:31:26.886+0000] {logging_mixin.py:190} INFO - [2024-10-27T14:31:26.886+0000] {dagbag.py:588} INFO - Filling up the DagBag from /home/airflow/.local/lib/python3.12/site-packages/airflow/example_dags/example_display_name.py
[2024-10-27T14:31:26.903+0000] {processor.py:925} INFO - DAG(s) 'example_display_name' retrieved from /home/airflow/.local/lib/python3.12/site-packages/airflow/example_dags/example_display_name.py
[2024-10-27T14:31:26.934+0000] {logging_mixin.py:190} INFO - [2024-10-27T14:31:26.934+0000] {dag.py:3239} INFO - Sync 1 DAGs
[2024-10-27T14:31:26.968+0000] {logging_mixin.py:190} INFO - [2024-10-27T14:31:26.967+0000] {dag.py:4180} INFO - Setting next_dagrun for example_display_name to None, run_after=None
[2024-10-27T14:31:27.002+0000] {processor.py:208} INFO - Processing /home/airflow/.local/lib/python3.12/site-packages/airflow/example_dags/example_display_name.py took 0.128 seconds
[2024-10-27T14:31:58.485+0000] {processor.py:186} INFO - Started process (PID=831) to work on /home/airflow/.local/lib/python3.12/site-packages/airflow/example_dags/example_display_name.py
[2024-10-27T14:31:58.500+0000] {processor.py:914} INFO - Processing file /home/airflow/.local/lib/python3.12/site-packages/airflow/example_dags/example_display_name.py for tasks to queue
[2024-10-27T14:31:58.510+0000] {logging_mixin.py:190} INFO - [2024-10-27T14:31:58.509+0000] {dagbag.py:588} INFO - Filling up the DagBag from /home/airflow/.local/lib/python3.12/site-packages/airflow/example_dags/example_display_name.py
[2024-10-27T14:31:58.552+0000] {processor.py:925} INFO - DAG(s) 'example_display_name' retrieved from /home/airflow/.local/lib/python3.12/site-packages/airflow/example_dags/example_display_name.py
[2024-10-27T14:31:58.615+0000] {logging_mixin.py:190} INFO - [2024-10-27T14:31:58.615+0000] {dag.py:3239} INFO - Sync 1 DAGs
[2024-10-27T14:31:58.685+0000] {logging_mixin.py:190} INFO - [2024-10-27T14:31:58.685+0000] {dag.py:4180} INFO - Setting next_dagrun for example_display_name to None, run_after=None
[2024-10-27T14:31:58.759+0000] {processor.py:208} INFO - Processing /home/airflow/.local/lib/python3.12/site-packages/airflow/example_dags/example_display_name.py took 0.301 seconds
[2024-10-27T14:32:31.337+0000] {processor.py:186} INFO - Started process (PID=892) to work on /home/airflow/.local/lib/python3.12/site-packages/airflow/example_dags/example_display_name.py
[2024-10-27T14:32:31.347+0000] {processor.py:914} INFO - Processing file /home/airflow/.local/lib/python3.12/site-packages/airflow/example_dags/example_display_name.py for tasks to queue
[2024-10-27T14:32:31.363+0000] {logging_mixin.py:190} INFO - [2024-10-27T14:32:31.362+0000] {dagbag.py:588} INFO - Filling up the DagBag from /home/airflow/.local/lib/python3.12/site-packages/airflow/example_dags/example_display_name.py
[2024-10-27T14:32:31.417+0000] {processor.py:925} INFO - DAG(s) 'example_display_name' retrieved from /home/airflow/.local/lib/python3.12/site-packages/airflow/example_dags/example_display_name.py
[2024-10-27T14:32:31.514+0000] {logging_mixin.py:190} INFO - [2024-10-27T14:32:31.513+0000] {dag.py:3239} INFO - Sync 1 DAGs
[2024-10-27T14:32:31.594+0000] {logging_mixin.py:190} INFO - [2024-10-27T14:32:31.593+0000] {dag.py:4180} INFO - Setting next_dagrun for example_display_name to None, run_after=None
[2024-10-27T14:32:31.696+0000] {processor.py:208} INFO - Processing /home/airflow/.local/lib/python3.12/site-packages/airflow/example_dags/example_display_name.py took 0.404 seconds
[2024-10-27T14:33:02.228+0000] {processor.py:186} INFO - Started process (PID=955) to work on /home/airflow/.local/lib/python3.12/site-packages/airflow/example_dags/example_display_name.py
[2024-10-27T14:33:02.235+0000] {processor.py:914} INFO - Processing file /home/airflow/.local/lib/python3.12/site-packages/airflow/example_dags/example_display_name.py for tasks to queue
[2024-10-27T14:33:02.248+0000] {logging_mixin.py:190} INFO - [2024-10-27T14:33:02.247+0000] {dagbag.py:588} INFO - Filling up the DagBag from /home/airflow/.local/lib/python3.12/site-packages/airflow/example_dags/example_display_name.py
[2024-10-27T14:33:02.292+0000] {processor.py:925} INFO - DAG(s) 'example_display_name' retrieved from /home/airflow/.local/lib/python3.12/site-packages/airflow/example_dags/example_display_name.py
[2024-10-27T14:33:02.391+0000] {logging_mixin.py:190} INFO - [2024-10-27T14:33:02.390+0000] {dag.py:3239} INFO - Sync 1 DAGs
[2024-10-27T14:33:02.464+0000] {logging_mixin.py:190} INFO - [2024-10-27T14:33:02.464+0000] {dag.py:4180} INFO - Setting next_dagrun for example_display_name to None, run_after=None
[2024-10-27T14:33:02.649+0000] {processor.py:208} INFO - Processing /home/airflow/.local/lib/python3.12/site-packages/airflow/example_dags/example_display_name.py took 0.478 seconds
[2024-10-27T14:33:33.304+0000] {processor.py:186} INFO - Started process (PID=1019) to work on /home/airflow/.local/lib/python3.12/site-packages/airflow/example_dags/example_display_name.py
[2024-10-27T14:33:33.305+0000] {processor.py:914} INFO - Processing file /home/airflow/.local/lib/python3.12/site-packages/airflow/example_dags/example_display_name.py for tasks to queue
[2024-10-27T14:33:33.310+0000] {logging_mixin.py:190} INFO - [2024-10-27T14:33:33.309+0000] {dagbag.py:588} INFO - Filling up the DagBag from /home/airflow/.local/lib/python3.12/site-packages/airflow/example_dags/example_display_name.py
[2024-10-27T14:33:33.321+0000] {processor.py:925} INFO - DAG(s) 'example_display_name' retrieved from /home/airflow/.local/lib/python3.12/site-packages/airflow/example_dags/example_display_name.py
[2024-10-27T14:33:33.348+0000] {logging_mixin.py:190} INFO - [2024-10-27T14:33:33.347+0000] {dag.py:3239} INFO - Sync 1 DAGs
[2024-10-27T14:33:33.369+0000] {logging_mixin.py:190} INFO - [2024-10-27T14:33:33.369+0000] {dag.py:4180} INFO - Setting next_dagrun for example_display_name to None, run_after=None
[2024-10-27T14:33:33.399+0000] {processor.py:208} INFO - Processing /home/airflow/.local/lib/python3.12/site-packages/airflow/example_dags/example_display_name.py took 0.104 seconds
[2024-10-27T14:34:04.280+0000] {processor.py:186} INFO - Started process (PID=1081) to work on /home/airflow/.local/lib/python3.12/site-packages/airflow/example_dags/example_display_name.py
[2024-10-27T14:34:04.282+0000] {processor.py:914} INFO - Processing file /home/airflow/.local/lib/python3.12/site-packages/airflow/example_dags/example_display_name.py for tasks to queue
[2024-10-27T14:34:04.285+0000] {logging_mixin.py:190} INFO - [2024-10-27T14:34:04.285+0000] {dagbag.py:588} INFO - Filling up the DagBag from /home/airflow/.local/lib/python3.12/site-packages/airflow/example_dags/example_display_name.py
[2024-10-27T14:34:04.294+0000] {processor.py:925} INFO - DAG(s) 'example_display_name' retrieved from /home/airflow/.local/lib/python3.12/site-packages/airflow/example_dags/example_display_name.py
[2024-10-27T14:34:04.314+0000] {logging_mixin.py:190} INFO - [2024-10-27T14:34:04.314+0000] {dag.py:3239} INFO - Sync 1 DAGs
[2024-10-27T14:34:04.330+0000] {logging_mixin.py:190} INFO - [2024-10-27T14:34:04.330+0000] {dag.py:4180} INFO - Setting next_dagrun for example_display_name to None, run_after=None
[2024-10-27T14:34:04.376+0000] {processor.py:208} INFO - Processing /home/airflow/.local/lib/python3.12/site-packages/airflow/example_dags/example_display_name.py took 0.102 seconds
[2024-10-27T14:34:34.702+0000] {processor.py:186} INFO - Started process (PID=1144) to work on /home/airflow/.local/lib/python3.12/site-packages/airflow/example_dags/example_display_name.py
[2024-10-27T14:34:34.704+0000] {processor.py:914} INFO - Processing file /home/airflow/.local/lib/python3.12/site-packages/airflow/example_dags/example_display_name.py for tasks to queue
[2024-10-27T14:34:34.708+0000] {logging_mixin.py:190} INFO - [2024-10-27T14:34:34.708+0000] {dagbag.py:588} INFO - Filling up the DagBag from /home/airflow/.local/lib/python3.12/site-packages/airflow/example_dags/example_display_name.py
[2024-10-27T14:34:34.719+0000] {processor.py:925} INFO - DAG(s) 'example_display_name' retrieved from /home/airflow/.local/lib/python3.12/site-packages/airflow/example_dags/example_display_name.py
[2024-10-27T14:34:34.744+0000] {logging_mixin.py:190} INFO - [2024-10-27T14:34:34.744+0000] {dag.py:3239} INFO - Sync 1 DAGs
[2024-10-27T14:34:34.764+0000] {logging_mixin.py:190} INFO - [2024-10-27T14:34:34.763+0000] {dag.py:4180} INFO - Setting next_dagrun for example_display_name to None, run_after=None
[2024-10-27T14:34:34.814+0000] {processor.py:208} INFO - Processing /home/airflow/.local/lib/python3.12/site-packages/airflow/example_dags/example_display_name.py took 0.118 seconds
[2024-10-27T14:35:16.163+0000] {processor.py:186} INFO - Started process (PID=1183) to work on /home/airflow/.local/lib/python3.12/site-packages/airflow/example_dags/example_display_name.py
[2024-10-27T14:35:16.213+0000] {processor.py:914} INFO - Processing file /home/airflow/.local/lib/python3.12/site-packages/airflow/example_dags/example_display_name.py for tasks to queue
[2024-10-27T14:35:16.356+0000] {logging_mixin.py:190} INFO - [2024-10-27T14:35:16.283+0000] {dagbag.py:588} INFO - Filling up the DagBag from /home/airflow/.local/lib/python3.12/site-packages/airflow/example_dags/example_display_name.py
[2024-10-27T14:35:17.538+0000] {processor.py:925} INFO - DAG(s) 'example_display_name' retrieved from /home/airflow/.local/lib/python3.12/site-packages/airflow/example_dags/example_display_name.py
[2024-10-27T14:35:18.862+0000] {logging_mixin.py:190} INFO - [2024-10-27T14:35:18.844+0000] {dag.py:3239} INFO - Sync 1 DAGs
[2024-10-27T14:35:19.959+0000] {logging_mixin.py:190} INFO - [2024-10-27T14:35:19.958+0000] {dag.py:4180} INFO - Setting next_dagrun for example_display_name to None, run_after=None
[2024-10-27T14:35:21.465+0000] {processor.py:208} INFO - Processing /home/airflow/.local/lib/python3.12/site-packages/airflow/example_dags/example_display_name.py took 5.523 seconds
[2024-10-27T14:37:42.697+0000] {processor.py:186} INFO - Started process (PID=1245) to work on /home/airflow/.local/lib/python3.12/site-packages/airflow/example_dags/example_display_name.py
[2024-10-27T14:37:42.710+0000] {processor.py:914} INFO - Processing file /home/airflow/.local/lib/python3.12/site-packages/airflow/example_dags/example_display_name.py for tasks to queue
[2024-10-27T14:37:42.912+0000] {logging_mixin.py:190} INFO - [2024-10-27T14:37:42.900+0000] {dagbag.py:588} INFO - Filling up the DagBag from /home/airflow/.local/lib/python3.12/site-packages/airflow/example_dags/example_display_name.py
[2024-10-27T14:37:42.993+0000] {processor.py:925} INFO - DAG(s) 'example_display_name' retrieved from /home/airflow/.local/lib/python3.12/site-packages/airflow/example_dags/example_display_name.py
[2024-10-27T14:37:43.614+0000] {logging_mixin.py:190} INFO - [2024-10-27T14:37:43.614+0000] {dag.py:3239} INFO - Sync 1 DAGs
[2024-10-27T14:37:43.768+0000] {logging_mixin.py:190} INFO - [2024-10-27T14:37:43.767+0000] {dag.py:4180} INFO - Setting next_dagrun for example_display_name to None, run_after=None
[2024-10-27T14:37:43.965+0000] {processor.py:208} INFO - Processing /home/airflow/.local/lib/python3.12/site-packages/airflow/example_dags/example_display_name.py took 1.382 seconds
[2024-10-27T14:38:40.558+0000] {processor.py:186} INFO - Started process (PID=1292) to work on /home/airflow/.local/lib/python3.12/site-packages/airflow/example_dags/example_display_name.py
[2024-10-27T14:38:40.560+0000] {processor.py:914} INFO - Processing file /home/airflow/.local/lib/python3.12/site-packages/airflow/example_dags/example_display_name.py for tasks to queue
[2024-10-27T14:38:40.578+0000] {logging_mixin.py:190} INFO - [2024-10-27T14:38:40.577+0000] {dagbag.py:588} INFO - Filling up the DagBag from /home/airflow/.local/lib/python3.12/site-packages/airflow/example_dags/example_display_name.py
[2024-10-27T14:38:40.644+0000] {processor.py:925} INFO - DAG(s) 'example_display_name' retrieved from /home/airflow/.local/lib/python3.12/site-packages/airflow/example_dags/example_display_name.py
[2024-10-27T14:38:40.758+0000] {logging_mixin.py:190} INFO - [2024-10-27T14:38:40.757+0000] {dag.py:3239} INFO - Sync 1 DAGs
[2024-10-27T14:38:40.883+0000] {logging_mixin.py:190} INFO - [2024-10-27T14:38:40.883+0000] {dag.py:4180} INFO - Setting next_dagrun for example_display_name to None, run_after=None
[2024-10-27T14:38:41.007+0000] {processor.py:208} INFO - Processing /home/airflow/.local/lib/python3.12/site-packages/airflow/example_dags/example_display_name.py took 0.494 seconds
[2024-10-27T14:39:14.879+0000] {processor.py:186} INFO - Started process (PID=1342) to work on /home/airflow/.local/lib/python3.12/site-packages/airflow/example_dags/example_display_name.py
[2024-10-27T14:39:14.891+0000] {processor.py:914} INFO - Processing file /home/airflow/.local/lib/python3.12/site-packages/airflow/example_dags/example_display_name.py for tasks to queue
[2024-10-27T14:39:14.924+0000] {logging_mixin.py:190} INFO - [2024-10-27T14:39:14.923+0000] {dagbag.py:588} INFO - Filling up the DagBag from /home/airflow/.local/lib/python3.12/site-packages/airflow/example_dags/example_display_name.py
[2024-10-27T14:39:15.054+0000] {processor.py:925} INFO - DAG(s) 'example_display_name' retrieved from /home/airflow/.local/lib/python3.12/site-packages/airflow/example_dags/example_display_name.py
[2024-10-27T14:39:15.344+0000] {logging_mixin.py:190} INFO - [2024-10-27T14:39:15.343+0000] {dag.py:3239} INFO - Sync 1 DAGs
[2024-10-27T14:39:15.539+0000] {logging_mixin.py:190} INFO - [2024-10-27T14:39:15.538+0000] {dag.py:4180} INFO - Setting next_dagrun for example_display_name to None, run_after=None
[2024-10-27T14:39:15.874+0000] {processor.py:208} INFO - Processing /home/airflow/.local/lib/python3.12/site-packages/airflow/example_dags/example_display_name.py took 1.048 seconds
[2024-10-27T14:39:51.573+0000] {processor.py:186} INFO - Started process (PID=1395) to work on /home/airflow/.local/lib/python3.12/site-packages/airflow/example_dags/example_display_name.py
[2024-10-27T14:39:51.607+0000] {processor.py:914} INFO - Processing file /home/airflow/.local/lib/python3.12/site-packages/airflow/example_dags/example_display_name.py for tasks to queue
[2024-10-27T14:39:51.651+0000] {logging_mixin.py:190} INFO - [2024-10-27T14:39:51.650+0000] {dagbag.py:588} INFO - Filling up the DagBag from /home/airflow/.local/lib/python3.12/site-packages/airflow/example_dags/example_display_name.py
[2024-10-27T14:39:51.754+0000] {processor.py:925} INFO - DAG(s) 'example_display_name' retrieved from /home/airflow/.local/lib/python3.12/site-packages/airflow/example_dags/example_display_name.py
[2024-10-27T14:39:51.931+0000] {logging_mixin.py:190} INFO - [2024-10-27T14:39:51.930+0000] {dag.py:3239} INFO - Sync 1 DAGs
[2024-10-27T14:39:52.138+0000] {logging_mixin.py:190} INFO - [2024-10-27T14:39:52.129+0000] {dag.py:4180} INFO - Setting next_dagrun for example_display_name to None, run_after=None
[2024-10-27T14:39:52.504+0000] {processor.py:208} INFO - Processing /home/airflow/.local/lib/python3.12/site-packages/airflow/example_dags/example_display_name.py took 1.012 seconds
[2024-10-27T14:40:22.798+0000] {processor.py:186} INFO - Started process (PID=1458) to work on /home/airflow/.local/lib/python3.12/site-packages/airflow/example_dags/example_display_name.py
[2024-10-27T14:40:22.800+0000] {processor.py:914} INFO - Processing file /home/airflow/.local/lib/python3.12/site-packages/airflow/example_dags/example_display_name.py for tasks to queue
[2024-10-27T14:40:22.816+0000] {logging_mixin.py:190} INFO - [2024-10-27T14:40:22.815+0000] {dagbag.py:588} INFO - Filling up the DagBag from /home/airflow/.local/lib/python3.12/site-packages/airflow/example_dags/example_display_name.py
[2024-10-27T14:40:22.854+0000] {processor.py:925} INFO - DAG(s) 'example_display_name' retrieved from /home/airflow/.local/lib/python3.12/site-packages/airflow/example_dags/example_display_name.py
[2024-10-27T14:40:22.961+0000] {logging_mixin.py:190} INFO - [2024-10-27T14:40:22.960+0000] {dag.py:3239} INFO - Sync 1 DAGs
[2024-10-27T14:40:23.024+0000] {logging_mixin.py:190} INFO - [2024-10-27T14:40:23.024+0000] {dag.py:4180} INFO - Setting next_dagrun for example_display_name to None, run_after=None
[2024-10-27T14:40:23.102+0000] {processor.py:208} INFO - Processing /home/airflow/.local/lib/python3.12/site-packages/airflow/example_dags/example_display_name.py took 0.330 seconds
[2024-10-27T14:47:41.840+0000] {processor.py:186} INFO - Started process (PID=108) to work on /home/airflow/.local/lib/python3.12/site-packages/airflow/example_dags/example_display_name.py
[2024-10-27T14:47:41.859+0000] {processor.py:914} INFO - Processing file /home/airflow/.local/lib/python3.12/site-packages/airflow/example_dags/example_display_name.py for tasks to queue
[2024-10-27T14:47:41.902+0000] {logging_mixin.py:190} INFO - [2024-10-27T14:47:41.900+0000] {dagbag.py:588} INFO - Filling up the DagBag from /home/airflow/.local/lib/python3.12/site-packages/airflow/example_dags/example_display_name.py
[2024-10-27T14:47:42.017+0000] {processor.py:925} INFO - DAG(s) 'example_display_name' retrieved from /home/airflow/.local/lib/python3.12/site-packages/airflow/example_dags/example_display_name.py
[2024-10-27T14:47:42.834+0000] {logging_mixin.py:190} INFO - [2024-10-27T14:47:42.834+0000] {dag.py:3239} INFO - Sync 1 DAGs
[2024-10-27T14:47:43.004+0000] {logging_mixin.py:190} INFO - [2024-10-27T14:47:43.003+0000] {dag.py:4180} INFO - Setting next_dagrun for example_display_name to None, run_after=None
[2024-10-27T14:47:43.289+0000] {processor.py:208} INFO - Processing /home/airflow/.local/lib/python3.12/site-packages/airflow/example_dags/example_display_name.py took 1.552 seconds
[2024-10-27T14:49:02.777+0000] {processor.py:186} INFO - Started process (PID=183) to work on /home/airflow/.local/lib/python3.12/site-packages/airflow/example_dags/example_display_name.py
[2024-10-27T14:49:02.799+0000] {processor.py:914} INFO - Processing file /home/airflow/.local/lib/python3.12/site-packages/airflow/example_dags/example_display_name.py for tasks to queue
[2024-10-27T14:49:02.826+0000] {logging_mixin.py:190} INFO - [2024-10-27T14:49:02.825+0000] {dagbag.py:588} INFO - Filling up the DagBag from /home/airflow/.local/lib/python3.12/site-packages/airflow/example_dags/example_display_name.py
[2024-10-27T14:49:03.005+0000] {processor.py:925} INFO - DAG(s) 'example_display_name' retrieved from /home/airflow/.local/lib/python3.12/site-packages/airflow/example_dags/example_display_name.py
[2024-10-27T14:49:03.763+0000] {logging_mixin.py:190} INFO - [2024-10-27T14:49:03.762+0000] {dag.py:3239} INFO - Sync 1 DAGs
[2024-10-27T14:49:04.005+0000] {logging_mixin.py:190} INFO - [2024-10-27T14:49:04.004+0000] {dag.py:4180} INFO - Setting next_dagrun for example_display_name to None, run_after=None
[2024-10-27T14:49:04.228+0000] {processor.py:208} INFO - Processing /home/airflow/.local/lib/python3.12/site-packages/airflow/example_dags/example_display_name.py took 1.509 seconds
[2024-10-27T14:50:28.692+0000] {processor.py:186} INFO - Started process (PID=257) to work on /home/airflow/.local/lib/python3.12/site-packages/airflow/example_dags/example_display_name.py
[2024-10-27T14:50:28.699+0000] {processor.py:914} INFO - Processing file /home/airflow/.local/lib/python3.12/site-packages/airflow/example_dags/example_display_name.py for tasks to queue
[2024-10-27T14:50:28.777+0000] {logging_mixin.py:190} INFO - [2024-10-27T14:50:28.776+0000] {dagbag.py:588} INFO - Filling up the DagBag from /home/airflow/.local/lib/python3.12/site-packages/airflow/example_dags/example_display_name.py
[2024-10-27T14:50:29.188+0000] {processor.py:925} INFO - DAG(s) 'example_display_name' retrieved from /home/airflow/.local/lib/python3.12/site-packages/airflow/example_dags/example_display_name.py
[2024-10-27T14:50:29.489+0000] {logging_mixin.py:190} INFO - [2024-10-27T14:50:29.488+0000] {dag.py:3239} INFO - Sync 1 DAGs
[2024-10-27T14:50:29.723+0000] {logging_mixin.py:190} INFO - [2024-10-27T14:50:29.722+0000] {dag.py:4180} INFO - Setting next_dagrun for example_display_name to None, run_after=None
[2024-10-27T14:50:30.130+0000] {processor.py:208} INFO - Processing /home/airflow/.local/lib/python3.12/site-packages/airflow/example_dags/example_display_name.py took 1.500 seconds
[2024-10-27T14:51:08.277+0000] {processor.py:186} INFO - Started process (PID=305) to work on /home/airflow/.local/lib/python3.12/site-packages/airflow/example_dags/example_display_name.py
[2024-10-27T14:51:08.294+0000] {processor.py:914} INFO - Processing file /home/airflow/.local/lib/python3.12/site-packages/airflow/example_dags/example_display_name.py for tasks to queue
[2024-10-27T14:51:08.334+0000] {logging_mixin.py:190} INFO - [2024-10-27T14:51:08.315+0000] {dagbag.py:588} INFO - Filling up the DagBag from /home/airflow/.local/lib/python3.12/site-packages/airflow/example_dags/example_display_name.py
[2024-10-27T14:51:08.410+0000] {processor.py:925} INFO - DAG(s) 'example_display_name' retrieved from /home/airflow/.local/lib/python3.12/site-packages/airflow/example_dags/example_display_name.py
[2024-10-27T14:51:08.873+0000] {logging_mixin.py:190} INFO - [2024-10-27T14:51:08.872+0000] {dag.py:3239} INFO - Sync 1 DAGs
[2024-10-27T14:51:09.209+0000] {logging_mixin.py:190} INFO - [2024-10-27T14:51:09.208+0000] {dag.py:4180} INFO - Setting next_dagrun for example_display_name to None, run_after=None
[2024-10-27T14:51:09.434+0000] {processor.py:208} INFO - Processing /home/airflow/.local/lib/python3.12/site-packages/airflow/example_dags/example_display_name.py took 1.235 seconds
[2024-10-27T14:51:54.258+0000] {processor.py:186} INFO - Started process (PID=361) to work on /home/airflow/.local/lib/python3.12/site-packages/airflow/example_dags/example_display_name.py
[2024-10-27T14:51:54.294+0000] {processor.py:914} INFO - Processing file /home/airflow/.local/lib/python3.12/site-packages/airflow/example_dags/example_display_name.py for tasks to queue
[2024-10-27T14:51:54.332+0000] {logging_mixin.py:190} INFO - [2024-10-27T14:51:54.331+0000] {dagbag.py:588} INFO - Filling up the DagBag from /home/airflow/.local/lib/python3.12/site-packages/airflow/example_dags/example_display_name.py
[2024-10-27T14:51:54.398+0000] {processor.py:925} INFO - DAG(s) 'example_display_name' retrieved from /home/airflow/.local/lib/python3.12/site-packages/airflow/example_dags/example_display_name.py
[2024-10-27T14:51:54.630+0000] {logging_mixin.py:190} INFO - [2024-10-27T14:51:54.629+0000] {dag.py:3239} INFO - Sync 1 DAGs
[2024-10-27T14:51:54.855+0000] {logging_mixin.py:190} INFO - [2024-10-27T14:51:54.854+0000] {dag.py:4180} INFO - Setting next_dagrun for example_display_name to None, run_after=None
[2024-10-27T14:51:55.202+0000] {processor.py:208} INFO - Processing /home/airflow/.local/lib/python3.12/site-packages/airflow/example_dags/example_display_name.py took 0.968 seconds
[2024-10-27T14:52:29.292+0000] {processor.py:186} INFO - Started process (PID=415) to work on /home/airflow/.local/lib/python3.12/site-packages/airflow/example_dags/example_display_name.py
[2024-10-27T14:52:29.308+0000] {processor.py:914} INFO - Processing file /home/airflow/.local/lib/python3.12/site-packages/airflow/example_dags/example_display_name.py for tasks to queue
[2024-10-27T14:52:29.340+0000] {logging_mixin.py:190} INFO - [2024-10-27T14:52:29.339+0000] {dagbag.py:588} INFO - Filling up the DagBag from /home/airflow/.local/lib/python3.12/site-packages/airflow/example_dags/example_display_name.py
[2024-10-27T14:52:29.410+0000] {processor.py:925} INFO - DAG(s) 'example_display_name' retrieved from /home/airflow/.local/lib/python3.12/site-packages/airflow/example_dags/example_display_name.py
[2024-10-27T14:52:29.562+0000] {logging_mixin.py:190} INFO - [2024-10-27T14:52:29.561+0000] {dag.py:3239} INFO - Sync 1 DAGs
[2024-10-27T14:52:29.730+0000] {logging_mixin.py:190} INFO - [2024-10-27T14:52:29.729+0000] {dag.py:4180} INFO - Setting next_dagrun for example_display_name to None, run_after=None
[2024-10-27T14:52:29.891+0000] {processor.py:208} INFO - Processing /home/airflow/.local/lib/python3.12/site-packages/airflow/example_dags/example_display_name.py took 0.650 seconds
[2024-10-27T14:53:09.367+0000] {processor.py:186} INFO - Started process (PID=473) to work on /home/airflow/.local/lib/python3.12/site-packages/airflow/example_dags/example_display_name.py
[2024-10-27T14:53:09.385+0000] {processor.py:914} INFO - Processing file /home/airflow/.local/lib/python3.12/site-packages/airflow/example_dags/example_display_name.py for tasks to queue
[2024-10-27T14:53:09.401+0000] {logging_mixin.py:190} INFO - [2024-10-27T14:53:09.399+0000] {dagbag.py:588} INFO - Filling up the DagBag from /home/airflow/.local/lib/python3.12/site-packages/airflow/example_dags/example_display_name.py
[2024-10-27T14:53:09.502+0000] {processor.py:925} INFO - DAG(s) 'example_display_name' retrieved from /home/airflow/.local/lib/python3.12/site-packages/airflow/example_dags/example_display_name.py
[2024-10-27T14:53:09.811+0000] {logging_mixin.py:190} INFO - [2024-10-27T14:53:09.810+0000] {dag.py:3239} INFO - Sync 1 DAGs
[2024-10-27T14:53:09.999+0000] {logging_mixin.py:190} INFO - [2024-10-27T14:53:09.998+0000] {dag.py:4180} INFO - Setting next_dagrun for example_display_name to None, run_after=None
[2024-10-27T14:53:10.391+0000] {processor.py:208} INFO - Processing /home/airflow/.local/lib/python3.12/site-packages/airflow/example_dags/example_display_name.py took 1.073 seconds
[2024-10-27T14:53:43.119+0000] {processor.py:186} INFO - Started process (PID=521) to work on /home/airflow/.local/lib/python3.12/site-packages/airflow/example_dags/example_display_name.py
[2024-10-27T14:53:43.128+0000] {processor.py:914} INFO - Processing file /home/airflow/.local/lib/python3.12/site-packages/airflow/example_dags/example_display_name.py for tasks to queue
[2024-10-27T14:53:43.140+0000] {logging_mixin.py:190} INFO - [2024-10-27T14:53:43.139+0000] {dagbag.py:588} INFO - Filling up the DagBag from /home/airflow/.local/lib/python3.12/site-packages/airflow/example_dags/example_display_name.py
[2024-10-27T14:53:43.209+0000] {processor.py:925} INFO - DAG(s) 'example_display_name' retrieved from /home/airflow/.local/lib/python3.12/site-packages/airflow/example_dags/example_display_name.py
[2024-10-27T14:53:43.450+0000] {logging_mixin.py:190} INFO - [2024-10-27T14:53:43.449+0000] {dag.py:3239} INFO - Sync 1 DAGs
[2024-10-27T14:53:43.663+0000] {logging_mixin.py:190} INFO - [2024-10-27T14:53:43.662+0000] {dag.py:4180} INFO - Setting next_dagrun for example_display_name to None, run_after=None
[2024-10-27T14:53:43.833+0000] {processor.py:208} INFO - Processing /home/airflow/.local/lib/python3.12/site-packages/airflow/example_dags/example_display_name.py took 0.789 seconds
[2024-10-27T14:55:39.742+0000] {processor.py:186} INFO - Started process (PID=596) to work on /home/airflow/.local/lib/python3.12/site-packages/airflow/example_dags/example_display_name.py
[2024-10-27T14:55:39.748+0000] {processor.py:914} INFO - Processing file /home/airflow/.local/lib/python3.12/site-packages/airflow/example_dags/example_display_name.py for tasks to queue
[2024-10-27T14:55:39.776+0000] {logging_mixin.py:190} INFO - [2024-10-27T14:55:39.775+0000] {dagbag.py:588} INFO - Filling up the DagBag from /home/airflow/.local/lib/python3.12/site-packages/airflow/example_dags/example_display_name.py
[2024-10-27T14:55:40.772+0000] {processor.py:925} INFO - DAG(s) 'example_display_name' retrieved from /home/airflow/.local/lib/python3.12/site-packages/airflow/example_dags/example_display_name.py
[2024-10-27T14:55:41.219+0000] {logging_mixin.py:190} INFO - [2024-10-27T14:55:41.218+0000] {dag.py:3239} INFO - Sync 1 DAGs
[2024-10-27T14:55:43.778+0000] {logging_mixin.py:190} INFO - [2024-10-27T14:55:43.767+0000] {dag.py:4180} INFO - Setting next_dagrun for example_display_name to None, run_after=None
[2024-10-27T14:55:44.214+0000] {processor.py:208} INFO - Processing /home/airflow/.local/lib/python3.12/site-packages/airflow/example_dags/example_display_name.py took 4.552 seconds
[2024-10-27T14:56:21.644+0000] {processor.py:186} INFO - Started process (PID=664) to work on /home/airflow/.local/lib/python3.12/site-packages/airflow/example_dags/example_display_name.py
[2024-10-27T14:56:21.647+0000] {processor.py:914} INFO - Processing file /home/airflow/.local/lib/python3.12/site-packages/airflow/example_dags/example_display_name.py for tasks to queue
[2024-10-27T14:56:21.654+0000] {logging_mixin.py:190} INFO - [2024-10-27T14:56:21.653+0000] {dagbag.py:588} INFO - Filling up the DagBag from /home/airflow/.local/lib/python3.12/site-packages/airflow/example_dags/example_display_name.py
[2024-10-27T14:56:21.674+0000] {processor.py:925} INFO - DAG(s) 'example_display_name' retrieved from /home/airflow/.local/lib/python3.12/site-packages/airflow/example_dags/example_display_name.py
[2024-10-27T14:56:21.724+0000] {logging_mixin.py:190} INFO - [2024-10-27T14:56:21.723+0000] {dag.py:3239} INFO - Sync 1 DAGs
[2024-10-27T14:56:21.760+0000] {logging_mixin.py:190} INFO - [2024-10-27T14:56:21.760+0000] {dag.py:4180} INFO - Setting next_dagrun for example_display_name to None, run_after=None
[2024-10-27T14:56:21.816+0000] {processor.py:208} INFO - Processing /home/airflow/.local/lib/python3.12/site-packages/airflow/example_dags/example_display_name.py took 0.189 seconds
[2024-10-27T14:57:00.068+0000] {processor.py:186} INFO - Started process (PID=706) to work on /home/airflow/.local/lib/python3.12/site-packages/airflow/example_dags/example_display_name.py
[2024-10-27T14:57:00.072+0000] {processor.py:914} INFO - Processing file /home/airflow/.local/lib/python3.12/site-packages/airflow/example_dags/example_display_name.py for tasks to queue
[2024-10-27T14:57:00.079+0000] {logging_mixin.py:190} INFO - [2024-10-27T14:57:00.078+0000] {dagbag.py:588} INFO - Filling up the DagBag from /home/airflow/.local/lib/python3.12/site-packages/airflow/example_dags/example_display_name.py
[2024-10-27T14:57:00.138+0000] {processor.py:925} INFO - DAG(s) 'example_display_name' retrieved from /home/airflow/.local/lib/python3.12/site-packages/airflow/example_dags/example_display_name.py
[2024-10-27T14:57:00.247+0000] {logging_mixin.py:190} INFO - [2024-10-27T14:57:00.246+0000] {dag.py:3239} INFO - Sync 1 DAGs
[2024-10-27T14:57:00.290+0000] {logging_mixin.py:190} INFO - [2024-10-27T14:57:00.289+0000] {dag.py:4180} INFO - Setting next_dagrun for example_display_name to None, run_after=None
[2024-10-27T14:57:00.373+0000] {processor.py:208} INFO - Processing /home/airflow/.local/lib/python3.12/site-packages/airflow/example_dags/example_display_name.py took 0.343 seconds
[2024-10-27T14:57:31.133+0000] {processor.py:186} INFO - Started process (PID=768) to work on /home/airflow/.local/lib/python3.12/site-packages/airflow/example_dags/example_display_name.py
[2024-10-27T14:57:31.134+0000] {processor.py:914} INFO - Processing file /home/airflow/.local/lib/python3.12/site-packages/airflow/example_dags/example_display_name.py for tasks to queue
[2024-10-27T14:57:31.144+0000] {logging_mixin.py:190} INFO - [2024-10-27T14:57:31.143+0000] {dagbag.py:588} INFO - Filling up the DagBag from /home/airflow/.local/lib/python3.12/site-packages/airflow/example_dags/example_display_name.py
[2024-10-27T14:57:31.153+0000] {processor.py:925} INFO - DAG(s) 'example_display_name' retrieved from /home/airflow/.local/lib/python3.12/site-packages/airflow/example_dags/example_display_name.py
[2024-10-27T14:57:31.193+0000] {logging_mixin.py:190} INFO - [2024-10-27T14:57:31.193+0000] {dag.py:3239} INFO - Sync 1 DAGs
[2024-10-27T14:57:31.211+0000] {logging_mixin.py:190} INFO - [2024-10-27T14:57:31.210+0000] {dag.py:4180} INFO - Setting next_dagrun for example_display_name to None, run_after=None
[2024-10-27T14:57:31.249+0000] {processor.py:208} INFO - Processing /home/airflow/.local/lib/python3.12/site-packages/airflow/example_dags/example_display_name.py took 0.124 seconds
[2024-10-27T14:58:01.917+0000] {processor.py:186} INFO - Started process (PID=832) to work on /home/airflow/.local/lib/python3.12/site-packages/airflow/example_dags/example_display_name.py
[2024-10-27T14:58:01.918+0000] {processor.py:914} INFO - Processing file /home/airflow/.local/lib/python3.12/site-packages/airflow/example_dags/example_display_name.py for tasks to queue
[2024-10-27T14:58:01.921+0000] {logging_mixin.py:190} INFO - [2024-10-27T14:58:01.920+0000] {dagbag.py:588} INFO - Filling up the DagBag from /home/airflow/.local/lib/python3.12/site-packages/airflow/example_dags/example_display_name.py
[2024-10-27T14:58:01.928+0000] {processor.py:925} INFO - DAG(s) 'example_display_name' retrieved from /home/airflow/.local/lib/python3.12/site-packages/airflow/example_dags/example_display_name.py
[2024-10-27T14:58:01.946+0000] {logging_mixin.py:190} INFO - [2024-10-27T14:58:01.945+0000] {dag.py:3239} INFO - Sync 1 DAGs
[2024-10-27T14:58:01.959+0000] {logging_mixin.py:190} INFO - [2024-10-27T14:58:01.958+0000] {dag.py:4180} INFO - Setting next_dagrun for example_display_name to None, run_after=None
[2024-10-27T14:58:01.976+0000] {processor.py:208} INFO - Processing /home/airflow/.local/lib/python3.12/site-packages/airflow/example_dags/example_display_name.py took 0.066 seconds
[2024-10-27T14:58:32.682+0000] {processor.py:186} INFO - Started process (PID=896) to work on /home/airflow/.local/lib/python3.12/site-packages/airflow/example_dags/example_display_name.py
[2024-10-27T14:58:32.685+0000] {processor.py:914} INFO - Processing file /home/airflow/.local/lib/python3.12/site-packages/airflow/example_dags/example_display_name.py for tasks to queue
[2024-10-27T14:58:32.698+0000] {logging_mixin.py:190} INFO - [2024-10-27T14:58:32.698+0000] {dagbag.py:588} INFO - Filling up the DagBag from /home/airflow/.local/lib/python3.12/site-packages/airflow/example_dags/example_display_name.py
[2024-10-27T14:58:32.746+0000] {processor.py:925} INFO - DAG(s) 'example_display_name' retrieved from /home/airflow/.local/lib/python3.12/site-packages/airflow/example_dags/example_display_name.py
[2024-10-27T14:58:32.840+0000] {logging_mixin.py:190} INFO - [2024-10-27T14:58:32.840+0000] {dag.py:3239} INFO - Sync 1 DAGs
[2024-10-27T14:58:32.883+0000] {logging_mixin.py:190} INFO - [2024-10-27T14:58:32.882+0000] {dag.py:4180} INFO - Setting next_dagrun for example_display_name to None, run_after=None
[2024-10-27T14:58:32.924+0000] {processor.py:208} INFO - Processing /home/airflow/.local/lib/python3.12/site-packages/airflow/example_dags/example_display_name.py took 0.266 seconds
[2024-10-27T14:59:06.693+0000] {processor.py:186} INFO - Started process (PID=959) to work on /home/airflow/.local/lib/python3.12/site-packages/airflow/example_dags/example_display_name.py
[2024-10-27T14:59:06.699+0000] {processor.py:914} INFO - Processing file /home/airflow/.local/lib/python3.12/site-packages/airflow/example_dags/example_display_name.py for tasks to queue
[2024-10-27T14:59:06.731+0000] {logging_mixin.py:190} INFO - [2024-10-27T14:59:06.723+0000] {dagbag.py:588} INFO - Filling up the DagBag from /home/airflow/.local/lib/python3.12/site-packages/airflow/example_dags/example_display_name.py
[2024-10-27T14:59:06.912+0000] {processor.py:925} INFO - DAG(s) 'example_display_name' retrieved from /home/airflow/.local/lib/python3.12/site-packages/airflow/example_dags/example_display_name.py
[2024-10-27T14:59:07.182+0000] {logging_mixin.py:190} INFO - [2024-10-27T14:59:07.181+0000] {dag.py:3239} INFO - Sync 1 DAGs
[2024-10-27T14:59:08.254+0000] {logging_mixin.py:190} INFO - [2024-10-27T14:59:08.249+0000] {dag.py:4180} INFO - Setting next_dagrun for example_display_name to None, run_after=None
[2024-10-27T14:59:08.592+0000] {processor.py:208} INFO - Processing /home/airflow/.local/lib/python3.12/site-packages/airflow/example_dags/example_display_name.py took 1.982 seconds
[2024-10-27T15:06:00.309+0000] {processor.py:186} INFO - Started process (PID=88) to work on /home/airflow/.local/lib/python3.12/site-packages/airflow/example_dags/example_display_name.py
[2024-10-27T15:06:00.346+0000] {processor.py:914} INFO - Processing file /home/airflow/.local/lib/python3.12/site-packages/airflow/example_dags/example_display_name.py for tasks to queue
[2024-10-27T15:06:00.374+0000] {logging_mixin.py:190} INFO - [2024-10-27T15:06:00.373+0000] {dagbag.py:588} INFO - Filling up the DagBag from /home/airflow/.local/lib/python3.12/site-packages/airflow/example_dags/example_display_name.py
[2024-10-27T15:06:00.546+0000] {processor.py:925} INFO - DAG(s) 'example_display_name' retrieved from /home/airflow/.local/lib/python3.12/site-packages/airflow/example_dags/example_display_name.py
[2024-10-27T15:06:00.871+0000] {logging_mixin.py:190} INFO - [2024-10-27T15:06:00.870+0000] {dag.py:3239} INFO - Sync 1 DAGs
[2024-10-27T15:06:01.126+0000] {logging_mixin.py:190} INFO - [2024-10-27T15:06:01.125+0000] {dag.py:4180} INFO - Setting next_dagrun for example_display_name to None, run_after=None
[2024-10-27T15:06:01.417+0000] {processor.py:208} INFO - Processing /home/airflow/.local/lib/python3.12/site-packages/airflow/example_dags/example_display_name.py took 1.165 seconds
[2024-10-27T15:07:01.687+0000] {processor.py:186} INFO - Started process (PID=157) to work on /home/airflow/.local/lib/python3.12/site-packages/airflow/example_dags/example_display_name.py
[2024-10-27T15:07:01.713+0000] {processor.py:914} INFO - Processing file /home/airflow/.local/lib/python3.12/site-packages/airflow/example_dags/example_display_name.py for tasks to queue
[2024-10-27T15:07:01.733+0000] {logging_mixin.py:190} INFO - [2024-10-27T15:07:01.732+0000] {dagbag.py:588} INFO - Filling up the DagBag from /home/airflow/.local/lib/python3.12/site-packages/airflow/example_dags/example_display_name.py
[2024-10-27T15:07:01.818+0000] {processor.py:925} INFO - DAG(s) 'example_display_name' retrieved from /home/airflow/.local/lib/python3.12/site-packages/airflow/example_dags/example_display_name.py
[2024-10-27T15:07:02.062+0000] {logging_mixin.py:190} INFO - [2024-10-27T15:07:02.053+0000] {dag.py:3239} INFO - Sync 1 DAGs
[2024-10-27T15:07:02.178+0000] {logging_mixin.py:190} INFO - [2024-10-27T15:07:02.177+0000] {dag.py:4180} INFO - Setting next_dagrun for example_display_name to None, run_after=None
[2024-10-27T15:07:02.341+0000] {processor.py:208} INFO - Processing /home/airflow/.local/lib/python3.12/site-packages/airflow/example_dags/example_display_name.py took 0.732 seconds
[2024-10-27T15:07:35.730+0000] {processor.py:186} INFO - Started process (PID=204) to work on /home/airflow/.local/lib/python3.12/site-packages/airflow/example_dags/example_display_name.py
[2024-10-27T15:07:35.741+0000] {processor.py:914} INFO - Processing file /home/airflow/.local/lib/python3.12/site-packages/airflow/example_dags/example_display_name.py for tasks to queue
[2024-10-27T15:07:35.819+0000] {logging_mixin.py:190} INFO - [2024-10-27T15:07:35.812+0000] {dagbag.py:588} INFO - Filling up the DagBag from /home/airflow/.local/lib/python3.12/site-packages/airflow/example_dags/example_display_name.py
[2024-10-27T15:07:35.944+0000] {processor.py:925} INFO - DAG(s) 'example_display_name' retrieved from /home/airflow/.local/lib/python3.12/site-packages/airflow/example_dags/example_display_name.py
[2024-10-27T15:07:36.365+0000] {logging_mixin.py:190} INFO - [2024-10-27T15:07:36.364+0000] {dag.py:3239} INFO - Sync 1 DAGs
[2024-10-27T15:07:36.692+0000] {logging_mixin.py:190} INFO - [2024-10-27T15:07:36.690+0000] {dag.py:4180} INFO - Setting next_dagrun for example_display_name to None, run_after=None
[2024-10-27T15:07:37.074+0000] {processor.py:208} INFO - Processing /home/airflow/.local/lib/python3.12/site-packages/airflow/example_dags/example_display_name.py took 1.438 seconds
[2024-10-27T15:08:13.872+0000] {processor.py:186} INFO - Started process (PID=265) to work on /home/airflow/.local/lib/python3.12/site-packages/airflow/example_dags/example_display_name.py
[2024-10-27T15:08:13.886+0000] {processor.py:914} INFO - Processing file /home/airflow/.local/lib/python3.12/site-packages/airflow/example_dags/example_display_name.py for tasks to queue
[2024-10-27T15:08:13.911+0000] {logging_mixin.py:190} INFO - [2024-10-27T15:08:13.910+0000] {dagbag.py:588} INFO - Filling up the DagBag from /home/airflow/.local/lib/python3.12/site-packages/airflow/example_dags/example_display_name.py
[2024-10-27T15:08:13.970+0000] {processor.py:925} INFO - DAG(s) 'example_display_name' retrieved from /home/airflow/.local/lib/python3.12/site-packages/airflow/example_dags/example_display_name.py
[2024-10-27T15:08:14.073+0000] {logging_mixin.py:190} INFO - [2024-10-27T15:08:14.073+0000] {dag.py:3239} INFO - Sync 1 DAGs
[2024-10-27T15:08:14.165+0000] {logging_mixin.py:190} INFO - [2024-10-27T15:08:14.163+0000] {dag.py:4180} INFO - Setting next_dagrun for example_display_name to None, run_after=None
[2024-10-27T15:08:14.372+0000] {processor.py:208} INFO - Processing /home/airflow/.local/lib/python3.12/site-packages/airflow/example_dags/example_display_name.py took 0.546 seconds
[2024-10-27T15:09:08.395+0000] {processor.py:186} INFO - Started process (PID=328) to work on /home/airflow/.local/lib/python3.12/site-packages/airflow/example_dags/example_display_name.py
[2024-10-27T15:09:08.418+0000] {processor.py:914} INFO - Processing file /home/airflow/.local/lib/python3.12/site-packages/airflow/example_dags/example_display_name.py for tasks to queue
[2024-10-27T15:09:08.441+0000] {logging_mixin.py:190} INFO - [2024-10-27T15:09:08.440+0000] {dagbag.py:588} INFO - Filling up the DagBag from /home/airflow/.local/lib/python3.12/site-packages/airflow/example_dags/example_display_name.py
[2024-10-27T15:09:08.544+0000] {processor.py:925} INFO - DAG(s) 'example_display_name' retrieved from /home/airflow/.local/lib/python3.12/site-packages/airflow/example_dags/example_display_name.py
[2024-10-27T15:09:08.739+0000] {logging_mixin.py:190} INFO - [2024-10-27T15:09:08.738+0000] {dag.py:3239} INFO - Sync 1 DAGs
[2024-10-27T15:09:08.897+0000] {logging_mixin.py:190} INFO - [2024-10-27T15:09:08.896+0000] {dag.py:4180} INFO - Setting next_dagrun for example_display_name to None, run_after=None
[2024-10-27T15:09:09.143+0000] {processor.py:208} INFO - Processing /home/airflow/.local/lib/python3.12/site-packages/airflow/example_dags/example_display_name.py took 0.772 seconds
[2024-10-27T15:09:39.828+0000] {processor.py:186} INFO - Started process (PID=391) to work on /home/airflow/.local/lib/python3.12/site-packages/airflow/example_dags/example_display_name.py
[2024-10-27T15:09:39.830+0000] {processor.py:914} INFO - Processing file /home/airflow/.local/lib/python3.12/site-packages/airflow/example_dags/example_display_name.py for tasks to queue
[2024-10-27T15:09:39.835+0000] {logging_mixin.py:190} INFO - [2024-10-27T15:09:39.834+0000] {dagbag.py:588} INFO - Filling up the DagBag from /home/airflow/.local/lib/python3.12/site-packages/airflow/example_dags/example_display_name.py
[2024-10-27T15:09:39.852+0000] {processor.py:925} INFO - DAG(s) 'example_display_name' retrieved from /home/airflow/.local/lib/python3.12/site-packages/airflow/example_dags/example_display_name.py
[2024-10-27T15:09:39.896+0000] {logging_mixin.py:190} INFO - [2024-10-27T15:09:39.896+0000] {dag.py:3239} INFO - Sync 1 DAGs
[2024-10-27T15:09:39.919+0000] {logging_mixin.py:190} INFO - [2024-10-27T15:09:39.919+0000] {dag.py:4180} INFO - Setting next_dagrun for example_display_name to None, run_after=None
[2024-10-27T15:09:39.951+0000] {processor.py:208} INFO - Processing /home/airflow/.local/lib/python3.12/site-packages/airflow/example_dags/example_display_name.py took 0.138 seconds
[2024-10-27T15:10:11.242+0000] {processor.py:186} INFO - Started process (PID=454) to work on /home/airflow/.local/lib/python3.12/site-packages/airflow/example_dags/example_display_name.py
[2024-10-27T15:10:11.245+0000] {processor.py:914} INFO - Processing file /home/airflow/.local/lib/python3.12/site-packages/airflow/example_dags/example_display_name.py for tasks to queue
[2024-10-27T15:10:11.255+0000] {logging_mixin.py:190} INFO - [2024-10-27T15:10:11.254+0000] {dagbag.py:588} INFO - Filling up the DagBag from /home/airflow/.local/lib/python3.12/site-packages/airflow/example_dags/example_display_name.py
[2024-10-27T15:10:11.275+0000] {processor.py:925} INFO - DAG(s) 'example_display_name' retrieved from /home/airflow/.local/lib/python3.12/site-packages/airflow/example_dags/example_display_name.py
[2024-10-27T15:10:11.328+0000] {logging_mixin.py:190} INFO - [2024-10-27T15:10:11.327+0000] {dag.py:3239} INFO - Sync 1 DAGs
[2024-10-27T15:10:11.365+0000] {logging_mixin.py:190} INFO - [2024-10-27T15:10:11.365+0000] {dag.py:4180} INFO - Setting next_dagrun for example_display_name to None, run_after=None
[2024-10-27T15:10:11.424+0000] {processor.py:208} INFO - Processing /home/airflow/.local/lib/python3.12/site-packages/airflow/example_dags/example_display_name.py took 0.201 seconds
[2024-10-27T15:10:42.279+0000] {processor.py:186} INFO - Started process (PID=516) to work on /home/airflow/.local/lib/python3.12/site-packages/airflow/example_dags/example_display_name.py
[2024-10-27T15:10:42.282+0000] {processor.py:914} INFO - Processing file /home/airflow/.local/lib/python3.12/site-packages/airflow/example_dags/example_display_name.py for tasks to queue
[2024-10-27T15:10:42.288+0000] {logging_mixin.py:190} INFO - [2024-10-27T15:10:42.287+0000] {dagbag.py:588} INFO - Filling up the DagBag from /home/airflow/.local/lib/python3.12/site-packages/airflow/example_dags/example_display_name.py
[2024-10-27T15:10:42.306+0000] {processor.py:925} INFO - DAG(s) 'example_display_name' retrieved from /home/airflow/.local/lib/python3.12/site-packages/airflow/example_dags/example_display_name.py
[2024-10-27T15:10:42.350+0000] {logging_mixin.py:190} INFO - [2024-10-27T15:10:42.349+0000] {dag.py:3239} INFO - Sync 1 DAGs
[2024-10-27T15:10:42.382+0000] {logging_mixin.py:190} INFO - [2024-10-27T15:10:42.382+0000] {dag.py:4180} INFO - Setting next_dagrun for example_display_name to None, run_after=None
[2024-10-27T15:10:42.422+0000] {processor.py:208} INFO - Processing /home/airflow/.local/lib/python3.12/site-packages/airflow/example_dags/example_display_name.py took 0.159 seconds
[2024-10-27T15:11:14.544+0000] {processor.py:186} INFO - Started process (PID=574) to work on /home/airflow/.local/lib/python3.12/site-packages/airflow/example_dags/example_display_name.py
[2024-10-27T15:11:14.546+0000] {processor.py:914} INFO - Processing file /home/airflow/.local/lib/python3.12/site-packages/airflow/example_dags/example_display_name.py for tasks to queue
[2024-10-27T15:11:14.554+0000] {logging_mixin.py:190} INFO - [2024-10-27T15:11:14.553+0000] {dagbag.py:588} INFO - Filling up the DagBag from /home/airflow/.local/lib/python3.12/site-packages/airflow/example_dags/example_display_name.py
[2024-10-27T15:11:14.574+0000] {processor.py:925} INFO - DAG(s) 'example_display_name' retrieved from /home/airflow/.local/lib/python3.12/site-packages/airflow/example_dags/example_display_name.py
[2024-10-27T15:11:14.659+0000] {logging_mixin.py:190} INFO - [2024-10-27T15:11:14.658+0000] {dag.py:3239} INFO - Sync 1 DAGs
[2024-10-27T15:11:14.753+0000] {logging_mixin.py:190} INFO - [2024-10-27T15:11:14.744+0000] {dag.py:4180} INFO - Setting next_dagrun for example_display_name to None, run_after=None
[2024-10-27T15:11:14.826+0000] {processor.py:208} INFO - Processing /home/airflow/.local/lib/python3.12/site-packages/airflow/example_dags/example_display_name.py took 0.314 seconds
[2024-10-27T15:12:08.781+0000] {processor.py:186} INFO - Started process (PID=645) to work on /home/airflow/.local/lib/python3.12/site-packages/airflow/example_dags/example_display_name.py
[2024-10-27T15:12:08.877+0000] {processor.py:914} INFO - Processing file /home/airflow/.local/lib/python3.12/site-packages/airflow/example_dags/example_display_name.py for tasks to queue
[2024-10-27T15:12:09.333+0000] {logging_mixin.py:190} INFO - [2024-10-27T15:12:09.278+0000] {dagbag.py:588} INFO - Filling up the DagBag from /home/airflow/.local/lib/python3.12/site-packages/airflow/example_dags/example_display_name.py
[2024-10-27T15:12:09.839+0000] {processor.py:925} INFO - DAG(s) 'example_display_name' retrieved from /home/airflow/.local/lib/python3.12/site-packages/airflow/example_dags/example_display_name.py
[2024-10-27T15:12:13.083+0000] {logging_mixin.py:190} INFO - [2024-10-27T15:12:13.081+0000] {dag.py:3239} INFO - Sync 1 DAGs
[2024-10-27T15:12:16.298+0000] {logging_mixin.py:190} INFO - [2024-10-27T15:12:16.285+0000] {dag.py:4180} INFO - Setting next_dagrun for example_display_name to None, run_after=None
[2024-10-27T15:12:18.504+0000] {processor.py:208} INFO - Processing /home/airflow/.local/lib/python3.12/site-packages/airflow/example_dags/example_display_name.py took 10.676 seconds
[2024-10-27T15:18:00.242+0000] {processor.py:186} INFO - Started process (PID=764) to work on /home/airflow/.local/lib/python3.12/site-packages/airflow/example_dags/example_display_name.py
[2024-10-27T15:18:00.280+0000] {processor.py:914} INFO - Processing file /home/airflow/.local/lib/python3.12/site-packages/airflow/example_dags/example_display_name.py for tasks to queue
[2024-10-27T15:18:00.622+0000] {logging_mixin.py:190} INFO - [2024-10-27T15:18:00.603+0000] {dagbag.py:588} INFO - Filling up the DagBag from /home/airflow/.local/lib/python3.12/site-packages/airflow/example_dags/example_display_name.py
[2024-10-27T15:18:02.030+0000] {processor.py:925} INFO - DAG(s) 'example_display_name' retrieved from /home/airflow/.local/lib/python3.12/site-packages/airflow/example_dags/example_display_name.py
[2024-10-27T15:18:03.342+0000] {logging_mixin.py:190} INFO - [2024-10-27T15:18:03.340+0000] {dag.py:3239} INFO - Sync 1 DAGs
[2024-10-27T15:18:05.185+0000] {logging_mixin.py:190} INFO - [2024-10-27T15:18:05.183+0000] {dag.py:4180} INFO - Setting next_dagrun for example_display_name to None, run_after=None
[2024-10-27T15:18:06.184+0000] {processor.py:208} INFO - Processing /home/airflow/.local/lib/python3.12/site-packages/airflow/example_dags/example_display_name.py took 6.829 seconds
[2024-10-27T15:24:09.861+0000] {processor.py:186} INFO - Started process (PID=879) to work on /home/airflow/.local/lib/python3.12/site-packages/airflow/example_dags/example_display_name.py
[2024-10-27T15:24:10.077+0000] {processor.py:914} INFO - Processing file /home/airflow/.local/lib/python3.12/site-packages/airflow/example_dags/example_display_name.py for tasks to queue
[2024-10-27T15:24:10.250+0000] {logging_mixin.py:190} INFO - [2024-10-27T15:24:10.247+0000] {dagbag.py:588} INFO - Filling up the DagBag from /home/airflow/.local/lib/python3.12/site-packages/airflow/example_dags/example_display_name.py
[2024-10-27T15:24:11.639+0000] {processor.py:925} INFO - DAG(s) 'example_display_name' retrieved from /home/airflow/.local/lib/python3.12/site-packages/airflow/example_dags/example_display_name.py
[2024-10-27T15:24:17.566+0000] {logging_mixin.py:190} INFO - [2024-10-27T15:24:17.528+0000] {dag.py:3239} INFO - Sync 1 DAGs
[2024-10-27T15:24:19.129+0000] {logging_mixin.py:190} INFO - [2024-10-27T15:24:19.127+0000] {dag.py:4180} INFO - Setting next_dagrun for example_display_name to None, run_after=None
[2024-10-27T15:24:21.427+0000] {processor.py:208} INFO - Processing /home/airflow/.local/lib/python3.12/site-packages/airflow/example_dags/example_display_name.py took 12.051 seconds
[2024-10-27T15:29:06.081+0000] {processor.py:186} INFO - Started process (PID=986) to work on /home/airflow/.local/lib/python3.12/site-packages/airflow/example_dags/example_display_name.py
[2024-10-27T15:29:06.098+0000] {processor.py:914} INFO - Processing file /home/airflow/.local/lib/python3.12/site-packages/airflow/example_dags/example_display_name.py for tasks to queue
[2024-10-27T15:29:06.101+0000] {logging_mixin.py:190} INFO - [2024-10-27T15:29:06.100+0000] {dagbag.py:588} INFO - Filling up the DagBag from /home/airflow/.local/lib/python3.12/site-packages/airflow/example_dags/example_display_name.py
[2024-10-27T15:29:06.191+0000] {processor.py:925} INFO - DAG(s) 'example_display_name' retrieved from /home/airflow/.local/lib/python3.12/site-packages/airflow/example_dags/example_display_name.py
[2024-10-27T15:29:06.457+0000] {logging_mixin.py:190} INFO - [2024-10-27T15:29:06.456+0000] {dag.py:3239} INFO - Sync 1 DAGs
[2024-10-27T15:29:06.658+0000] {logging_mixin.py:190} INFO - [2024-10-27T15:29:06.658+0000] {dag.py:4180} INFO - Setting next_dagrun for example_display_name to None, run_after=None
[2024-10-27T15:29:06.792+0000] {processor.py:208} INFO - Processing /home/airflow/.local/lib/python3.12/site-packages/airflow/example_dags/example_display_name.py took 0.784 seconds
[2024-10-27T15:29:52.663+0000] {processor.py:186} INFO - Started process (PID=1034) to work on /home/airflow/.local/lib/python3.12/site-packages/airflow/example_dags/example_display_name.py
[2024-10-27T15:29:52.695+0000] {processor.py:914} INFO - Processing file /home/airflow/.local/lib/python3.12/site-packages/airflow/example_dags/example_display_name.py for tasks to queue
[2024-10-27T15:29:52.731+0000] {logging_mixin.py:190} INFO - [2024-10-27T15:29:52.729+0000] {dagbag.py:588} INFO - Filling up the DagBag from /home/airflow/.local/lib/python3.12/site-packages/airflow/example_dags/example_display_name.py
[2024-10-27T15:29:52.858+0000] {processor.py:925} INFO - DAG(s) 'example_display_name' retrieved from /home/airflow/.local/lib/python3.12/site-packages/airflow/example_dags/example_display_name.py
[2024-10-27T15:29:52.995+0000] {logging_mixin.py:190} INFO - [2024-10-27T15:29:52.987+0000] {dag.py:3239} INFO - Sync 1 DAGs
[2024-10-27T15:29:53.108+0000] {logging_mixin.py:190} INFO - [2024-10-27T15:29:53.107+0000] {dag.py:4180} INFO - Setting next_dagrun for example_display_name to None, run_after=None
[2024-10-27T15:29:53.224+0000] {processor.py:208} INFO - Processing /home/airflow/.local/lib/python3.12/site-packages/airflow/example_dags/example_display_name.py took 1.011 seconds
[2024-10-27T16:08:50.743+0000] {processor.py:186} INFO - Started process (PID=462) to work on /home/airflow/.local/lib/python3.12/site-packages/airflow/example_dags/example_display_name.py
[2024-10-27T16:08:50.777+0000] {processor.py:914} INFO - Processing file /home/airflow/.local/lib/python3.12/site-packages/airflow/example_dags/example_display_name.py for tasks to queue
[2024-10-27T16:08:50.908+0000] {logging_mixin.py:190} INFO - [2024-10-27T16:08:50.866+0000] {dagbag.py:588} INFO - Filling up the DagBag from /home/airflow/.local/lib/python3.12/site-packages/airflow/example_dags/example_display_name.py
[2024-10-27T16:08:51.190+0000] {processor.py:925} INFO - DAG(s) 'example_display_name' retrieved from /home/airflow/.local/lib/python3.12/site-packages/airflow/example_dags/example_display_name.py
[2024-10-27T16:08:51.510+0000] {logging_mixin.py:190} INFO - [2024-10-27T16:08:51.510+0000] {dag.py:3239} INFO - Sync 1 DAGs
[2024-10-27T16:08:51.950+0000] {logging_mixin.py:190} INFO - [2024-10-27T16:08:51.929+0000] {dag.py:4180} INFO - Setting next_dagrun for example_display_name to None, run_after=None
[2024-10-27T16:08:52.162+0000] {processor.py:208} INFO - Processing /home/airflow/.local/lib/python3.12/site-packages/airflow/example_dags/example_display_name.py took 1.486 seconds
[2024-10-27T16:11:15.209+0000] {processor.py:186} INFO - Started process (PID=549) to work on /home/airflow/.local/lib/python3.12/site-packages/airflow/example_dags/example_display_name.py
[2024-10-27T16:11:15.226+0000] {processor.py:914} INFO - Processing file /home/airflow/.local/lib/python3.12/site-packages/airflow/example_dags/example_display_name.py for tasks to queue
[2024-10-27T16:11:15.263+0000] {logging_mixin.py:190} INFO - [2024-10-27T16:11:15.261+0000] {dagbag.py:588} INFO - Filling up the DagBag from /home/airflow/.local/lib/python3.12/site-packages/airflow/example_dags/example_display_name.py
[2024-10-27T16:11:15.439+0000] {processor.py:925} INFO - DAG(s) 'example_display_name' retrieved from /home/airflow/.local/lib/python3.12/site-packages/airflow/example_dags/example_display_name.py
[2024-10-27T16:11:16.259+0000] {logging_mixin.py:190} INFO - [2024-10-27T16:11:16.230+0000] {dag.py:3239} INFO - Sync 1 DAGs
[2024-10-27T16:11:17.372+0000] {logging_mixin.py:190} INFO - [2024-10-27T16:11:17.371+0000] {dag.py:4180} INFO - Setting next_dagrun for example_display_name to None, run_after=None
[2024-10-27T16:11:19.169+0000] {processor.py:208} INFO - Processing /home/airflow/.local/lib/python3.12/site-packages/airflow/example_dags/example_display_name.py took 4.181 seconds
