[2024-10-27T14:23:43.821+0000] {processor.py:186} INFO - Started process (PID=86) to work on /home/airflow/.local/lib/python3.12/site-packages/airflow/example_dags/example_local_kubernetes_executor.py
[2024-10-27T14:23:43.854+0000] {processor.py:914} INFO - Processing file /home/airflow/.local/lib/python3.12/site-packages/airflow/example_dags/example_local_kubernetes_executor.py for tasks to queue
[2024-10-27T14:23:43.901+0000] {logging_mixin.py:190} INFO - [2024-10-27T14:23:43.900+0000] {dagbag.py:588} INFO - Filling up the DagBag from /home/airflow/.local/lib/python3.12/site-packages/airflow/example_dags/example_local_kubernetes_executor.py
[2024-10-27T14:23:44.120+0000] {processor.py:925} INFO - DAG(s) 'example_local_kubernetes_executor' retrieved from /home/airflow/.local/lib/python3.12/site-packages/airflow/example_dags/example_local_kubernetes_executor.py
[2024-10-27T14:23:44.789+0000] {logging_mixin.py:190} INFO - [2024-10-27T14:23:44.788+0000] {dag.py:3239} INFO - Sync 1 DAGs
[2024-10-27T14:23:45.004+0000] {logging_mixin.py:190} INFO - [2024-10-27T14:23:45.003+0000] {dag.py:4180} INFO - Setting next_dagrun for example_local_kubernetes_executor to None, run_after=None
[2024-10-27T14:23:45.415+0000] {processor.py:208} INFO - Processing /home/airflow/.local/lib/python3.12/site-packages/airflow/example_dags/example_local_kubernetes_executor.py took 1.724 seconds
[2024-10-27T14:24:30.096+0000] {processor.py:186} INFO - Started process (PID=150) to work on /home/airflow/.local/lib/python3.12/site-packages/airflow/example_dags/example_local_kubernetes_executor.py
[2024-10-27T14:24:30.113+0000] {processor.py:914} INFO - Processing file /home/airflow/.local/lib/python3.12/site-packages/airflow/example_dags/example_local_kubernetes_executor.py for tasks to queue
[2024-10-27T14:24:30.124+0000] {logging_mixin.py:190} INFO - [2024-10-27T14:24:30.123+0000] {dagbag.py:588} INFO - Filling up the DagBag from /home/airflow/.local/lib/python3.12/site-packages/airflow/example_dags/example_local_kubernetes_executor.py
[2024-10-27T14:24:30.177+0000] {processor.py:925} INFO - DAG(s) 'example_local_kubernetes_executor' retrieved from /home/airflow/.local/lib/python3.12/site-packages/airflow/example_dags/example_local_kubernetes_executor.py
[2024-10-27T14:24:30.362+0000] {logging_mixin.py:190} INFO - [2024-10-27T14:24:30.361+0000] {dag.py:3239} INFO - Sync 1 DAGs
[2024-10-27T14:24:30.454+0000] {logging_mixin.py:190} INFO - [2024-10-27T14:24:30.453+0000] {dag.py:4180} INFO - Setting next_dagrun for example_local_kubernetes_executor to None, run_after=None
[2024-10-27T14:24:30.553+0000] {processor.py:208} INFO - Processing /home/airflow/.local/lib/python3.12/site-packages/airflow/example_dags/example_local_kubernetes_executor.py took 0.509 seconds
[2024-10-27T14:25:17.765+0000] {processor.py:186} INFO - Started process (PID=192) to work on /home/airflow/.local/lib/python3.12/site-packages/airflow/example_dags/example_local_kubernetes_executor.py
[2024-10-27T14:25:17.781+0000] {processor.py:914} INFO - Processing file /home/airflow/.local/lib/python3.12/site-packages/airflow/example_dags/example_local_kubernetes_executor.py for tasks to queue
[2024-10-27T14:25:17.803+0000] {logging_mixin.py:190} INFO - [2024-10-27T14:25:17.793+0000] {dagbag.py:588} INFO - Filling up the DagBag from /home/airflow/.local/lib/python3.12/site-packages/airflow/example_dags/example_local_kubernetes_executor.py
[2024-10-27T14:25:17.980+0000] {processor.py:925} INFO - DAG(s) 'example_local_kubernetes_executor' retrieved from /home/airflow/.local/lib/python3.12/site-packages/airflow/example_dags/example_local_kubernetes_executor.py
[2024-10-27T14:25:18.306+0000] {logging_mixin.py:190} INFO - [2024-10-27T14:25:18.305+0000] {dag.py:3239} INFO - Sync 1 DAGs
[2024-10-27T14:25:18.433+0000] {logging_mixin.py:190} INFO - [2024-10-27T14:25:18.432+0000] {dag.py:4180} INFO - Setting next_dagrun for example_local_kubernetes_executor to None, run_after=None
[2024-10-27T14:25:18.667+0000] {processor.py:208} INFO - Processing /home/airflow/.local/lib/python3.12/site-packages/airflow/example_dags/example_local_kubernetes_executor.py took 1.000 seconds
[2024-10-27T14:25:54.993+0000] {processor.py:186} INFO - Started process (PID=239) to work on /home/airflow/.local/lib/python3.12/site-packages/airflow/example_dags/example_local_kubernetes_executor.py
[2024-10-27T14:25:55.003+0000] {processor.py:914} INFO - Processing file /home/airflow/.local/lib/python3.12/site-packages/airflow/example_dags/example_local_kubernetes_executor.py for tasks to queue
[2024-10-27T14:25:55.025+0000] {logging_mixin.py:190} INFO - [2024-10-27T14:25:55.024+0000] {dagbag.py:588} INFO - Filling up the DagBag from /home/airflow/.local/lib/python3.12/site-packages/airflow/example_dags/example_local_kubernetes_executor.py
[2024-10-27T14:25:55.101+0000] {processor.py:925} INFO - DAG(s) 'example_local_kubernetes_executor' retrieved from /home/airflow/.local/lib/python3.12/site-packages/airflow/example_dags/example_local_kubernetes_executor.py
[2024-10-27T14:25:55.306+0000] {logging_mixin.py:190} INFO - [2024-10-27T14:25:55.306+0000] {dag.py:3239} INFO - Sync 1 DAGs
[2024-10-27T14:25:55.419+0000] {logging_mixin.py:190} INFO - [2024-10-27T14:25:55.419+0000] {dag.py:4180} INFO - Setting next_dagrun for example_local_kubernetes_executor to None, run_after=None
[2024-10-27T14:25:55.523+0000] {processor.py:208} INFO - Processing /home/airflow/.local/lib/python3.12/site-packages/airflow/example_dags/example_local_kubernetes_executor.py took 0.583 seconds
[2024-10-27T14:26:26.118+0000] {processor.py:186} INFO - Started process (PID=302) to work on /home/airflow/.local/lib/python3.12/site-packages/airflow/example_dags/example_local_kubernetes_executor.py
[2024-10-27T14:26:26.128+0000] {processor.py:914} INFO - Processing file /home/airflow/.local/lib/python3.12/site-packages/airflow/example_dags/example_local_kubernetes_executor.py for tasks to queue
[2024-10-27T14:26:26.139+0000] {logging_mixin.py:190} INFO - [2024-10-27T14:26:26.138+0000] {dagbag.py:588} INFO - Filling up the DagBag from /home/airflow/.local/lib/python3.12/site-packages/airflow/example_dags/example_local_kubernetes_executor.py
[2024-10-27T14:26:26.174+0000] {processor.py:925} INFO - DAG(s) 'example_local_kubernetes_executor' retrieved from /home/airflow/.local/lib/python3.12/site-packages/airflow/example_dags/example_local_kubernetes_executor.py
[2024-10-27T14:26:26.382+0000] {logging_mixin.py:190} INFO - [2024-10-27T14:26:26.382+0000] {dag.py:3239} INFO - Sync 1 DAGs
[2024-10-27T14:26:26.467+0000] {logging_mixin.py:190} INFO - [2024-10-27T14:26:26.467+0000] {dag.py:4180} INFO - Setting next_dagrun for example_local_kubernetes_executor to None, run_after=None
[2024-10-27T14:26:26.759+0000] {processor.py:208} INFO - Processing /home/airflow/.local/lib/python3.12/site-packages/airflow/example_dags/example_local_kubernetes_executor.py took 0.665 seconds
[2024-10-27T14:26:58.687+0000] {processor.py:186} INFO - Started process (PID=349) to work on /home/airflow/.local/lib/python3.12/site-packages/airflow/example_dags/example_local_kubernetes_executor.py
[2024-10-27T14:26:58.690+0000] {processor.py:914} INFO - Processing file /home/airflow/.local/lib/python3.12/site-packages/airflow/example_dags/example_local_kubernetes_executor.py for tasks to queue
[2024-10-27T14:26:58.702+0000] {logging_mixin.py:190} INFO - [2024-10-27T14:26:58.702+0000] {dagbag.py:588} INFO - Filling up the DagBag from /home/airflow/.local/lib/python3.12/site-packages/airflow/example_dags/example_local_kubernetes_executor.py
[2024-10-27T14:26:58.755+0000] {processor.py:925} INFO - DAG(s) 'example_local_kubernetes_executor' retrieved from /home/airflow/.local/lib/python3.12/site-packages/airflow/example_dags/example_local_kubernetes_executor.py
[2024-10-27T14:26:59.057+0000] {logging_mixin.py:190} INFO - [2024-10-27T14:26:59.053+0000] {dag.py:3239} INFO - Sync 1 DAGs
[2024-10-27T14:26:59.181+0000] {logging_mixin.py:190} INFO - [2024-10-27T14:26:59.180+0000] {dag.py:4180} INFO - Setting next_dagrun for example_local_kubernetes_executor to None, run_after=None
[2024-10-27T14:26:59.295+0000] {processor.py:208} INFO - Processing /home/airflow/.local/lib/python3.12/site-packages/airflow/example_dags/example_local_kubernetes_executor.py took 0.645 seconds
[2024-10-27T14:27:34.056+0000] {processor.py:186} INFO - Started process (PID=412) to work on /home/airflow/.local/lib/python3.12/site-packages/airflow/example_dags/example_local_kubernetes_executor.py
[2024-10-27T14:27:34.071+0000] {processor.py:914} INFO - Processing file /home/airflow/.local/lib/python3.12/site-packages/airflow/example_dags/example_local_kubernetes_executor.py for tasks to queue
[2024-10-27T14:27:34.091+0000] {logging_mixin.py:190} INFO - [2024-10-27T14:27:34.090+0000] {dagbag.py:588} INFO - Filling up the DagBag from /home/airflow/.local/lib/python3.12/site-packages/airflow/example_dags/example_local_kubernetes_executor.py
[2024-10-27T14:27:34.209+0000] {processor.py:925} INFO - DAG(s) 'example_local_kubernetes_executor' retrieved from /home/airflow/.local/lib/python3.12/site-packages/airflow/example_dags/example_local_kubernetes_executor.py
[2024-10-27T14:27:34.483+0000] {logging_mixin.py:190} INFO - [2024-10-27T14:27:34.482+0000] {dag.py:3239} INFO - Sync 1 DAGs
[2024-10-27T14:27:34.636+0000] {logging_mixin.py:190} INFO - [2024-10-27T14:27:34.636+0000] {dag.py:4180} INFO - Setting next_dagrun for example_local_kubernetes_executor to None, run_after=None
[2024-10-27T14:27:34.874+0000] {processor.py:208} INFO - Processing /home/airflow/.local/lib/python3.12/site-packages/airflow/example_dags/example_local_kubernetes_executor.py took 0.879 seconds
[2024-10-27T14:28:08.211+0000] {processor.py:186} INFO - Started process (PID=480) to work on /home/airflow/.local/lib/python3.12/site-packages/airflow/example_dags/example_local_kubernetes_executor.py
[2024-10-27T14:28:08.213+0000] {processor.py:914} INFO - Processing file /home/airflow/.local/lib/python3.12/site-packages/airflow/example_dags/example_local_kubernetes_executor.py for tasks to queue
[2024-10-27T14:28:08.218+0000] {logging_mixin.py:190} INFO - [2024-10-27T14:28:08.217+0000] {dagbag.py:588} INFO - Filling up the DagBag from /home/airflow/.local/lib/python3.12/site-packages/airflow/example_dags/example_local_kubernetes_executor.py
[2024-10-27T14:28:08.247+0000] {processor.py:925} INFO - DAG(s) 'example_local_kubernetes_executor' retrieved from /home/airflow/.local/lib/python3.12/site-packages/airflow/example_dags/example_local_kubernetes_executor.py
[2024-10-27T14:28:08.330+0000] {logging_mixin.py:190} INFO - [2024-10-27T14:28:08.330+0000] {dag.py:3239} INFO - Sync 1 DAGs
[2024-10-27T14:28:08.387+0000] {logging_mixin.py:190} INFO - [2024-10-27T14:28:08.386+0000] {dag.py:4180} INFO - Setting next_dagrun for example_local_kubernetes_executor to None, run_after=None
[2024-10-27T14:28:08.467+0000] {processor.py:208} INFO - Processing /home/airflow/.local/lib/python3.12/site-packages/airflow/example_dags/example_local_kubernetes_executor.py took 0.280 seconds
[2024-10-27T14:28:49.445+0000] {processor.py:186} INFO - Started process (PID=535) to work on /home/airflow/.local/lib/python3.12/site-packages/airflow/example_dags/example_local_kubernetes_executor.py
[2024-10-27T14:28:49.455+0000] {processor.py:914} INFO - Processing file /home/airflow/.local/lib/python3.12/site-packages/airflow/example_dags/example_local_kubernetes_executor.py for tasks to queue
[2024-10-27T14:28:49.477+0000] {logging_mixin.py:190} INFO - [2024-10-27T14:28:49.475+0000] {dagbag.py:588} INFO - Filling up the DagBag from /home/airflow/.local/lib/python3.12/site-packages/airflow/example_dags/example_local_kubernetes_executor.py
[2024-10-27T14:28:49.559+0000] {processor.py:925} INFO - DAG(s) 'example_local_kubernetes_executor' retrieved from /home/airflow/.local/lib/python3.12/site-packages/airflow/example_dags/example_local_kubernetes_executor.py
[2024-10-27T14:28:50.103+0000] {logging_mixin.py:190} INFO - [2024-10-27T14:28:50.102+0000] {dag.py:3239} INFO - Sync 1 DAGs
[2024-10-27T14:28:50.286+0000] {logging_mixin.py:190} INFO - [2024-10-27T14:28:50.285+0000] {dag.py:4180} INFO - Setting next_dagrun for example_local_kubernetes_executor to None, run_after=None
[2024-10-27T14:28:50.424+0000] {processor.py:208} INFO - Processing /home/airflow/.local/lib/python3.12/site-packages/airflow/example_dags/example_local_kubernetes_executor.py took 1.031 seconds
[2024-10-27T14:29:22.030+0000] {processor.py:186} INFO - Started process (PID=597) to work on /home/airflow/.local/lib/python3.12/site-packages/airflow/example_dags/example_local_kubernetes_executor.py
[2024-10-27T14:29:22.040+0000] {processor.py:914} INFO - Processing file /home/airflow/.local/lib/python3.12/site-packages/airflow/example_dags/example_local_kubernetes_executor.py for tasks to queue
[2024-10-27T14:29:22.163+0000] {logging_mixin.py:190} INFO - [2024-10-27T14:29:22.135+0000] {dagbag.py:588} INFO - Filling up the DagBag from /home/airflow/.local/lib/python3.12/site-packages/airflow/example_dags/example_local_kubernetes_executor.py
[2024-10-27T14:29:22.228+0000] {processor.py:925} INFO - DAG(s) 'example_local_kubernetes_executor' retrieved from /home/airflow/.local/lib/python3.12/site-packages/airflow/example_dags/example_local_kubernetes_executor.py
[2024-10-27T14:29:22.853+0000] {logging_mixin.py:190} INFO - [2024-10-27T14:29:22.852+0000] {dag.py:3239} INFO - Sync 1 DAGs
[2024-10-27T14:29:23.423+0000] {logging_mixin.py:190} INFO - [2024-10-27T14:29:23.422+0000] {dag.py:4180} INFO - Setting next_dagrun for example_local_kubernetes_executor to None, run_after=None
[2024-10-27T14:29:23.662+0000] {processor.py:208} INFO - Processing /home/airflow/.local/lib/python3.12/site-packages/airflow/example_dags/example_local_kubernetes_executor.py took 1.960 seconds
[2024-10-27T14:30:20.230+0000] {processor.py:186} INFO - Started process (PID=642) to work on /home/airflow/.local/lib/python3.12/site-packages/airflow/example_dags/example_local_kubernetes_executor.py
[2024-10-27T14:30:20.240+0000] {processor.py:914} INFO - Processing file /home/airflow/.local/lib/python3.12/site-packages/airflow/example_dags/example_local_kubernetes_executor.py for tasks to queue
[2024-10-27T14:30:20.278+0000] {logging_mixin.py:190} INFO - [2024-10-27T14:30:20.277+0000] {dagbag.py:588} INFO - Filling up the DagBag from /home/airflow/.local/lib/python3.12/site-packages/airflow/example_dags/example_local_kubernetes_executor.py
[2024-10-27T14:30:20.569+0000] {processor.py:925} INFO - DAG(s) 'example_local_kubernetes_executor' retrieved from /home/airflow/.local/lib/python3.12/site-packages/airflow/example_dags/example_local_kubernetes_executor.py
[2024-10-27T14:30:21.150+0000] {logging_mixin.py:190} INFO - [2024-10-27T14:30:21.148+0000] {dag.py:3239} INFO - Sync 1 DAGs
[2024-10-27T14:30:21.764+0000] {logging_mixin.py:190} INFO - [2024-10-27T14:30:21.764+0000] {dag.py:4180} INFO - Setting next_dagrun for example_local_kubernetes_executor to None, run_after=None
[2024-10-27T14:30:22.204+0000] {processor.py:208} INFO - Processing /home/airflow/.local/lib/python3.12/site-packages/airflow/example_dags/example_local_kubernetes_executor.py took 2.029 seconds
[2024-10-27T14:30:54.934+0000] {processor.py:186} INFO - Started process (PID=704) to work on /home/airflow/.local/lib/python3.12/site-packages/airflow/example_dags/example_local_kubernetes_executor.py
[2024-10-27T14:30:54.946+0000] {processor.py:914} INFO - Processing file /home/airflow/.local/lib/python3.12/site-packages/airflow/example_dags/example_local_kubernetes_executor.py for tasks to queue
[2024-10-27T14:30:54.960+0000] {logging_mixin.py:190} INFO - [2024-10-27T14:30:54.954+0000] {dagbag.py:588} INFO - Filling up the DagBag from /home/airflow/.local/lib/python3.12/site-packages/airflow/example_dags/example_local_kubernetes_executor.py
[2024-10-27T14:30:55.015+0000] {processor.py:925} INFO - DAG(s) 'example_local_kubernetes_executor' retrieved from /home/airflow/.local/lib/python3.12/site-packages/airflow/example_dags/example_local_kubernetes_executor.py
[2024-10-27T14:30:55.152+0000] {logging_mixin.py:190} INFO - [2024-10-27T14:30:55.151+0000] {dag.py:3239} INFO - Sync 1 DAGs
[2024-10-27T14:30:55.286+0000] {logging_mixin.py:190} INFO - [2024-10-27T14:30:55.285+0000] {dag.py:4180} INFO - Setting next_dagrun for example_local_kubernetes_executor to None, run_after=None
[2024-10-27T14:30:55.357+0000] {processor.py:208} INFO - Processing /home/airflow/.local/lib/python3.12/site-packages/airflow/example_dags/example_local_kubernetes_executor.py took 0.461 seconds
[2024-10-27T14:31:25.600+0000] {processor.py:186} INFO - Started process (PID=767) to work on /home/airflow/.local/lib/python3.12/site-packages/airflow/example_dags/example_local_kubernetes_executor.py
[2024-10-27T14:31:25.602+0000] {processor.py:914} INFO - Processing file /home/airflow/.local/lib/python3.12/site-packages/airflow/example_dags/example_local_kubernetes_executor.py for tasks to queue
[2024-10-27T14:31:25.606+0000] {logging_mixin.py:190} INFO - [2024-10-27T14:31:25.605+0000] {dagbag.py:588} INFO - Filling up the DagBag from /home/airflow/.local/lib/python3.12/site-packages/airflow/example_dags/example_local_kubernetes_executor.py
[2024-10-27T14:31:25.625+0000] {processor.py:925} INFO - DAG(s) 'example_local_kubernetes_executor' retrieved from /home/airflow/.local/lib/python3.12/site-packages/airflow/example_dags/example_local_kubernetes_executor.py
[2024-10-27T14:31:25.684+0000] {logging_mixin.py:190} INFO - [2024-10-27T14:31:25.683+0000] {dag.py:3239} INFO - Sync 1 DAGs
[2024-10-27T14:31:25.722+0000] {logging_mixin.py:190} INFO - [2024-10-27T14:31:25.721+0000] {dag.py:4180} INFO - Setting next_dagrun for example_local_kubernetes_executor to None, run_after=None
[2024-10-27T14:31:25.766+0000] {processor.py:208} INFO - Processing /home/airflow/.local/lib/python3.12/site-packages/airflow/example_dags/example_local_kubernetes_executor.py took 0.180 seconds
[2024-10-27T14:31:57.869+0000] {processor.py:186} INFO - Started process (PID=828) to work on /home/airflow/.local/lib/python3.12/site-packages/airflow/example_dags/example_local_kubernetes_executor.py
[2024-10-27T14:31:57.876+0000] {processor.py:914} INFO - Processing file /home/airflow/.local/lib/python3.12/site-packages/airflow/example_dags/example_local_kubernetes_executor.py for tasks to queue
[2024-10-27T14:31:57.888+0000] {logging_mixin.py:190} INFO - [2024-10-27T14:31:57.887+0000] {dagbag.py:588} INFO - Filling up the DagBag from /home/airflow/.local/lib/python3.12/site-packages/airflow/example_dags/example_local_kubernetes_executor.py
[2024-10-27T14:31:57.927+0000] {processor.py:925} INFO - DAG(s) 'example_local_kubernetes_executor' retrieved from /home/airflow/.local/lib/python3.12/site-packages/airflow/example_dags/example_local_kubernetes_executor.py
[2024-10-27T14:31:58.100+0000] {logging_mixin.py:190} INFO - [2024-10-27T14:31:58.099+0000] {dag.py:3239} INFO - Sync 1 DAGs
[2024-10-27T14:31:58.163+0000] {logging_mixin.py:190} INFO - [2024-10-27T14:31:58.162+0000] {dag.py:4180} INFO - Setting next_dagrun for example_local_kubernetes_executor to None, run_after=None
[2024-10-27T14:31:58.219+0000] {processor.py:208} INFO - Processing /home/airflow/.local/lib/python3.12/site-packages/airflow/example_dags/example_local_kubernetes_executor.py took 0.387 seconds
[2024-10-27T14:32:30.670+0000] {processor.py:186} INFO - Started process (PID=889) to work on /home/airflow/.local/lib/python3.12/site-packages/airflow/example_dags/example_local_kubernetes_executor.py
[2024-10-27T14:32:30.672+0000] {processor.py:914} INFO - Processing file /home/airflow/.local/lib/python3.12/site-packages/airflow/example_dags/example_local_kubernetes_executor.py for tasks to queue
[2024-10-27T14:32:30.690+0000] {logging_mixin.py:190} INFO - [2024-10-27T14:32:30.689+0000] {dagbag.py:588} INFO - Filling up the DagBag from /home/airflow/.local/lib/python3.12/site-packages/airflow/example_dags/example_local_kubernetes_executor.py
[2024-10-27T14:32:30.754+0000] {processor.py:925} INFO - DAG(s) 'example_local_kubernetes_executor' retrieved from /home/airflow/.local/lib/python3.12/site-packages/airflow/example_dags/example_local_kubernetes_executor.py
[2024-10-27T14:32:30.862+0000] {logging_mixin.py:190} INFO - [2024-10-27T14:32:30.861+0000] {dag.py:3239} INFO - Sync 1 DAGs
[2024-10-27T14:32:30.958+0000] {logging_mixin.py:190} INFO - [2024-10-27T14:32:30.957+0000] {dag.py:4180} INFO - Setting next_dagrun for example_local_kubernetes_executor to None, run_after=None
[2024-10-27T14:32:31.095+0000] {processor.py:208} INFO - Processing /home/airflow/.local/lib/python3.12/site-packages/airflow/example_dags/example_local_kubernetes_executor.py took 0.443 seconds
[2024-10-27T14:33:01.630+0000] {processor.py:186} INFO - Started process (PID=952) to work on /home/airflow/.local/lib/python3.12/site-packages/airflow/example_dags/example_local_kubernetes_executor.py
[2024-10-27T14:33:01.632+0000] {processor.py:914} INFO - Processing file /home/airflow/.local/lib/python3.12/site-packages/airflow/example_dags/example_local_kubernetes_executor.py for tasks to queue
[2024-10-27T14:33:01.636+0000] {logging_mixin.py:190} INFO - [2024-10-27T14:33:01.636+0000] {dagbag.py:588} INFO - Filling up the DagBag from /home/airflow/.local/lib/python3.12/site-packages/airflow/example_dags/example_local_kubernetes_executor.py
[2024-10-27T14:33:01.652+0000] {processor.py:925} INFO - DAG(s) 'example_local_kubernetes_executor' retrieved from /home/airflow/.local/lib/python3.12/site-packages/airflow/example_dags/example_local_kubernetes_executor.py
[2024-10-27T14:33:01.703+0000] {logging_mixin.py:190} INFO - [2024-10-27T14:33:01.703+0000] {dag.py:3239} INFO - Sync 1 DAGs
[2024-10-27T14:33:01.729+0000] {logging_mixin.py:190} INFO - [2024-10-27T14:33:01.729+0000] {dag.py:4180} INFO - Setting next_dagrun for example_local_kubernetes_executor to None, run_after=None
[2024-10-27T14:33:01.758+0000] {processor.py:208} INFO - Processing /home/airflow/.local/lib/python3.12/site-packages/airflow/example_dags/example_local_kubernetes_executor.py took 0.138 seconds
[2024-10-27T14:33:32.051+0000] {processor.py:186} INFO - Started process (PID=1016) to work on /home/airflow/.local/lib/python3.12/site-packages/airflow/example_dags/example_local_kubernetes_executor.py
[2024-10-27T14:33:32.054+0000] {processor.py:914} INFO - Processing file /home/airflow/.local/lib/python3.12/site-packages/airflow/example_dags/example_local_kubernetes_executor.py for tasks to queue
[2024-10-27T14:33:32.061+0000] {logging_mixin.py:190} INFO - [2024-10-27T14:33:32.060+0000] {dagbag.py:588} INFO - Filling up the DagBag from /home/airflow/.local/lib/python3.12/site-packages/airflow/example_dags/example_local_kubernetes_executor.py
[2024-10-27T14:33:32.083+0000] {processor.py:925} INFO - DAG(s) 'example_local_kubernetes_executor' retrieved from /home/airflow/.local/lib/python3.12/site-packages/airflow/example_dags/example_local_kubernetes_executor.py
[2024-10-27T14:33:32.151+0000] {logging_mixin.py:190} INFO - [2024-10-27T14:33:32.150+0000] {dag.py:3239} INFO - Sync 1 DAGs
[2024-10-27T14:33:32.181+0000] {logging_mixin.py:190} INFO - [2024-10-27T14:33:32.180+0000] {dag.py:4180} INFO - Setting next_dagrun for example_local_kubernetes_executor to None, run_after=None
[2024-10-27T14:33:32.222+0000] {processor.py:208} INFO - Processing /home/airflow/.local/lib/python3.12/site-packages/airflow/example_dags/example_local_kubernetes_executor.py took 0.189 seconds
[2024-10-27T14:34:02.863+0000] {processor.py:186} INFO - Started process (PID=1076) to work on /home/airflow/.local/lib/python3.12/site-packages/airflow/example_dags/example_local_kubernetes_executor.py
[2024-10-27T14:34:02.864+0000] {processor.py:914} INFO - Processing file /home/airflow/.local/lib/python3.12/site-packages/airflow/example_dags/example_local_kubernetes_executor.py for tasks to queue
[2024-10-27T14:34:02.868+0000] {logging_mixin.py:190} INFO - [2024-10-27T14:34:02.868+0000] {dagbag.py:588} INFO - Filling up the DagBag from /home/airflow/.local/lib/python3.12/site-packages/airflow/example_dags/example_local_kubernetes_executor.py
[2024-10-27T14:34:02.878+0000] {processor.py:925} INFO - DAG(s) 'example_local_kubernetes_executor' retrieved from /home/airflow/.local/lib/python3.12/site-packages/airflow/example_dags/example_local_kubernetes_executor.py
[2024-10-27T14:34:02.938+0000] {logging_mixin.py:190} INFO - [2024-10-27T14:34:02.937+0000] {dag.py:3239} INFO - Sync 1 DAGs
[2024-10-27T14:34:02.955+0000] {logging_mixin.py:190} INFO - [2024-10-27T14:34:02.955+0000] {dag.py:4180} INFO - Setting next_dagrun for example_local_kubernetes_executor to None, run_after=None
[2024-10-27T14:34:02.994+0000] {processor.py:208} INFO - Processing /home/airflow/.local/lib/python3.12/site-packages/airflow/example_dags/example_local_kubernetes_executor.py took 0.139 seconds
[2024-10-27T14:34:33.321+0000] {processor.py:186} INFO - Started process (PID=1139) to work on /home/airflow/.local/lib/python3.12/site-packages/airflow/example_dags/example_local_kubernetes_executor.py
[2024-10-27T14:34:33.322+0000] {processor.py:914} INFO - Processing file /home/airflow/.local/lib/python3.12/site-packages/airflow/example_dags/example_local_kubernetes_executor.py for tasks to queue
[2024-10-27T14:34:33.329+0000] {logging_mixin.py:190} INFO - [2024-10-27T14:34:33.328+0000] {dagbag.py:588} INFO - Filling up the DagBag from /home/airflow/.local/lib/python3.12/site-packages/airflow/example_dags/example_local_kubernetes_executor.py
[2024-10-27T14:34:33.341+0000] {processor.py:925} INFO - DAG(s) 'example_local_kubernetes_executor' retrieved from /home/airflow/.local/lib/python3.12/site-packages/airflow/example_dags/example_local_kubernetes_executor.py
[2024-10-27T14:34:33.376+0000] {logging_mixin.py:190} INFO - [2024-10-27T14:34:33.376+0000] {dag.py:3239} INFO - Sync 1 DAGs
[2024-10-27T14:34:33.401+0000] {logging_mixin.py:190} INFO - [2024-10-27T14:34:33.401+0000] {dag.py:4180} INFO - Setting next_dagrun for example_local_kubernetes_executor to None, run_after=None
[2024-10-27T14:34:33.450+0000] {processor.py:208} INFO - Processing /home/airflow/.local/lib/python3.12/site-packages/airflow/example_dags/example_local_kubernetes_executor.py took 0.136 seconds
[2024-10-27T14:35:10.035+0000] {processor.py:186} INFO - Started process (PID=1174) to work on /home/airflow/.local/lib/python3.12/site-packages/airflow/example_dags/example_local_kubernetes_executor.py
[2024-10-27T14:35:10.069+0000] {processor.py:914} INFO - Processing file /home/airflow/.local/lib/python3.12/site-packages/airflow/example_dags/example_local_kubernetes_executor.py for tasks to queue
[2024-10-27T14:35:10.163+0000] {logging_mixin.py:190} INFO - [2024-10-27T14:35:10.112+0000] {dagbag.py:588} INFO - Filling up the DagBag from /home/airflow/.local/lib/python3.12/site-packages/airflow/example_dags/example_local_kubernetes_executor.py
[2024-10-27T14:35:10.625+0000] {processor.py:925} INFO - DAG(s) 'example_local_kubernetes_executor' retrieved from /home/airflow/.local/lib/python3.12/site-packages/airflow/example_dags/example_local_kubernetes_executor.py
[2024-10-27T14:35:12.164+0000] {logging_mixin.py:190} INFO - [2024-10-27T14:35:12.128+0000] {dag.py:3239} INFO - Sync 1 DAGs
[2024-10-27T14:35:13.660+0000] {logging_mixin.py:190} INFO - [2024-10-27T14:35:13.659+0000] {dag.py:4180} INFO - Setting next_dagrun for example_local_kubernetes_executor to None, run_after=None
[2024-10-27T14:35:14.619+0000] {processor.py:208} INFO - Processing /home/airflow/.local/lib/python3.12/site-packages/airflow/example_dags/example_local_kubernetes_executor.py took 4.842 seconds
[2024-10-27T14:37:38.425+0000] {processor.py:186} INFO - Started process (PID=1237) to work on /home/airflow/.local/lib/python3.12/site-packages/airflow/example_dags/example_local_kubernetes_executor.py
[2024-10-27T14:37:38.436+0000] {processor.py:914} INFO - Processing file /home/airflow/.local/lib/python3.12/site-packages/airflow/example_dags/example_local_kubernetes_executor.py for tasks to queue
[2024-10-27T14:37:38.464+0000] {logging_mixin.py:190} INFO - [2024-10-27T14:37:38.459+0000] {dagbag.py:588} INFO - Filling up the DagBag from /home/airflow/.local/lib/python3.12/site-packages/airflow/example_dags/example_local_kubernetes_executor.py
[2024-10-27T14:37:38.620+0000] {processor.py:925} INFO - DAG(s) 'example_local_kubernetes_executor' retrieved from /home/airflow/.local/lib/python3.12/site-packages/airflow/example_dags/example_local_kubernetes_executor.py
[2024-10-27T14:37:39.413+0000] {logging_mixin.py:190} INFO - [2024-10-27T14:37:39.412+0000] {dag.py:3239} INFO - Sync 1 DAGs
[2024-10-27T14:37:39.804+0000] {logging_mixin.py:190} INFO - [2024-10-27T14:37:39.803+0000] {dag.py:4180} INFO - Setting next_dagrun for example_local_kubernetes_executor to None, run_after=None
[2024-10-27T14:37:40.121+0000] {processor.py:208} INFO - Processing /home/airflow/.local/lib/python3.12/site-packages/airflow/example_dags/example_local_kubernetes_executor.py took 1.753 seconds
[2024-10-27T14:38:39.107+0000] {processor.py:186} INFO - Started process (PID=1289) to work on /home/airflow/.local/lib/python3.12/site-packages/airflow/example_dags/example_local_kubernetes_executor.py
[2024-10-27T14:38:39.125+0000] {processor.py:914} INFO - Processing file /home/airflow/.local/lib/python3.12/site-packages/airflow/example_dags/example_local_kubernetes_executor.py for tasks to queue
[2024-10-27T14:38:39.153+0000] {logging_mixin.py:190} INFO - [2024-10-27T14:38:39.152+0000] {dagbag.py:588} INFO - Filling up the DagBag from /home/airflow/.local/lib/python3.12/site-packages/airflow/example_dags/example_local_kubernetes_executor.py
[2024-10-27T14:38:39.281+0000] {processor.py:925} INFO - DAG(s) 'example_local_kubernetes_executor' retrieved from /home/airflow/.local/lib/python3.12/site-packages/airflow/example_dags/example_local_kubernetes_executor.py
[2024-10-27T14:38:39.559+0000] {logging_mixin.py:190} INFO - [2024-10-27T14:38:39.559+0000] {dag.py:3239} INFO - Sync 1 DAGs
[2024-10-27T14:38:39.725+0000] {logging_mixin.py:190} INFO - [2024-10-27T14:38:39.724+0000] {dag.py:4180} INFO - Setting next_dagrun for example_local_kubernetes_executor to None, run_after=None
[2024-10-27T14:38:39.905+0000] {processor.py:208} INFO - Processing /home/airflow/.local/lib/python3.12/site-packages/airflow/example_dags/example_local_kubernetes_executor.py took 0.864 seconds
[2024-10-27T14:39:12.388+0000] {processor.py:186} INFO - Started process (PID=1339) to work on /home/airflow/.local/lib/python3.12/site-packages/airflow/example_dags/example_local_kubernetes_executor.py
[2024-10-27T14:39:12.403+0000] {processor.py:914} INFO - Processing file /home/airflow/.local/lib/python3.12/site-packages/airflow/example_dags/example_local_kubernetes_executor.py for tasks to queue
[2024-10-27T14:39:12.445+0000] {logging_mixin.py:190} INFO - [2024-10-27T14:39:12.442+0000] {dagbag.py:588} INFO - Filling up the DagBag from /home/airflow/.local/lib/python3.12/site-packages/airflow/example_dags/example_local_kubernetes_executor.py
[2024-10-27T14:39:12.648+0000] {processor.py:925} INFO - DAG(s) 'example_local_kubernetes_executor' retrieved from /home/airflow/.local/lib/python3.12/site-packages/airflow/example_dags/example_local_kubernetes_executor.py
[2024-10-27T14:39:13.169+0000] {logging_mixin.py:190} INFO - [2024-10-27T14:39:13.169+0000] {dag.py:3239} INFO - Sync 1 DAGs
[2024-10-27T14:39:13.396+0000] {logging_mixin.py:190} INFO - [2024-10-27T14:39:13.396+0000] {dag.py:4180} INFO - Setting next_dagrun for example_local_kubernetes_executor to None, run_after=None
[2024-10-27T14:39:13.612+0000] {processor.py:208} INFO - Processing /home/airflow/.local/lib/python3.12/site-packages/airflow/example_dags/example_local_kubernetes_executor.py took 1.328 seconds
[2024-10-27T14:39:49.552+0000] {processor.py:186} INFO - Started process (PID=1392) to work on /home/airflow/.local/lib/python3.12/site-packages/airflow/example_dags/example_local_kubernetes_executor.py
[2024-10-27T14:39:49.574+0000] {processor.py:914} INFO - Processing file /home/airflow/.local/lib/python3.12/site-packages/airflow/example_dags/example_local_kubernetes_executor.py for tasks to queue
[2024-10-27T14:39:49.598+0000] {logging_mixin.py:190} INFO - [2024-10-27T14:39:49.597+0000] {dagbag.py:588} INFO - Filling up the DagBag from /home/airflow/.local/lib/python3.12/site-packages/airflow/example_dags/example_local_kubernetes_executor.py
[2024-10-27T14:39:49.790+0000] {processor.py:925} INFO - DAG(s) 'example_local_kubernetes_executor' retrieved from /home/airflow/.local/lib/python3.12/site-packages/airflow/example_dags/example_local_kubernetes_executor.py
[2024-10-27T14:39:50.216+0000] {logging_mixin.py:190} INFO - [2024-10-27T14:39:50.215+0000] {dag.py:3239} INFO - Sync 1 DAGs
[2024-10-27T14:39:50.366+0000] {logging_mixin.py:190} INFO - [2024-10-27T14:39:50.365+0000] {dag.py:4180} INFO - Setting next_dagrun for example_local_kubernetes_executor to None, run_after=None
[2024-10-27T14:39:50.584+0000] {processor.py:208} INFO - Processing /home/airflow/.local/lib/python3.12/site-packages/airflow/example_dags/example_local_kubernetes_executor.py took 1.089 seconds
[2024-10-27T14:40:20.860+0000] {processor.py:186} INFO - Started process (PID=1455) to work on /home/airflow/.local/lib/python3.12/site-packages/airflow/example_dags/example_local_kubernetes_executor.py
[2024-10-27T14:40:20.872+0000] {processor.py:914} INFO - Processing file /home/airflow/.local/lib/python3.12/site-packages/airflow/example_dags/example_local_kubernetes_executor.py for tasks to queue
[2024-10-27T14:40:20.878+0000] {logging_mixin.py:190} INFO - [2024-10-27T14:40:20.878+0000] {dagbag.py:588} INFO - Filling up the DagBag from /home/airflow/.local/lib/python3.12/site-packages/airflow/example_dags/example_local_kubernetes_executor.py
[2024-10-27T14:40:20.932+0000] {processor.py:925} INFO - DAG(s) 'example_local_kubernetes_executor' retrieved from /home/airflow/.local/lib/python3.12/site-packages/airflow/example_dags/example_local_kubernetes_executor.py
[2024-10-27T14:40:21.090+0000] {logging_mixin.py:190} INFO - [2024-10-27T14:40:21.089+0000] {dag.py:3239} INFO - Sync 1 DAGs
[2024-10-27T14:40:21.170+0000] {logging_mixin.py:190} INFO - [2024-10-27T14:40:21.169+0000] {dag.py:4180} INFO - Setting next_dagrun for example_local_kubernetes_executor to None, run_after=None
[2024-10-27T14:40:21.429+0000] {processor.py:208} INFO - Processing /home/airflow/.local/lib/python3.12/site-packages/airflow/example_dags/example_local_kubernetes_executor.py took 0.588 seconds
[2024-10-27T14:47:39.168+0000] {processor.py:186} INFO - Started process (PID=105) to work on /home/airflow/.local/lib/python3.12/site-packages/airflow/example_dags/example_local_kubernetes_executor.py
[2024-10-27T14:47:39.177+0000] {processor.py:914} INFO - Processing file /home/airflow/.local/lib/python3.12/site-packages/airflow/example_dags/example_local_kubernetes_executor.py for tasks to queue
[2024-10-27T14:47:39.213+0000] {logging_mixin.py:190} INFO - [2024-10-27T14:47:39.211+0000] {dagbag.py:588} INFO - Filling up the DagBag from /home/airflow/.local/lib/python3.12/site-packages/airflow/example_dags/example_local_kubernetes_executor.py
[2024-10-27T14:47:39.378+0000] {processor.py:925} INFO - DAG(s) 'example_local_kubernetes_executor' retrieved from /home/airflow/.local/lib/python3.12/site-packages/airflow/example_dags/example_local_kubernetes_executor.py
[2024-10-27T14:47:40.327+0000] {logging_mixin.py:190} INFO - [2024-10-27T14:47:40.326+0000] {dag.py:3239} INFO - Sync 1 DAGs
[2024-10-27T14:47:40.522+0000] {logging_mixin.py:190} INFO - [2024-10-27T14:47:40.521+0000] {dag.py:4180} INFO - Setting next_dagrun for example_local_kubernetes_executor to None, run_after=None
[2024-10-27T14:47:40.906+0000] {processor.py:208} INFO - Processing /home/airflow/.local/lib/python3.12/site-packages/airflow/example_dags/example_local_kubernetes_executor.py took 1.786 seconds
[2024-10-27T14:49:00.371+0000] {processor.py:186} INFO - Started process (PID=180) to work on /home/airflow/.local/lib/python3.12/site-packages/airflow/example_dags/example_local_kubernetes_executor.py
[2024-10-27T14:49:00.397+0000] {processor.py:914} INFO - Processing file /home/airflow/.local/lib/python3.12/site-packages/airflow/example_dags/example_local_kubernetes_executor.py for tasks to queue
[2024-10-27T14:49:00.403+0000] {logging_mixin.py:190} INFO - [2024-10-27T14:49:00.402+0000] {dagbag.py:588} INFO - Filling up the DagBag from /home/airflow/.local/lib/python3.12/site-packages/airflow/example_dags/example_local_kubernetes_executor.py
[2024-10-27T14:49:00.588+0000] {processor.py:925} INFO - DAG(s) 'example_local_kubernetes_executor' retrieved from /home/airflow/.local/lib/python3.12/site-packages/airflow/example_dags/example_local_kubernetes_executor.py
[2024-10-27T14:49:01.621+0000] {logging_mixin.py:190} INFO - [2024-10-27T14:49:01.620+0000] {dag.py:3239} INFO - Sync 1 DAGs
[2024-10-27T14:49:01.807+0000] {logging_mixin.py:190} INFO - [2024-10-27T14:49:01.806+0000] {dag.py:4180} INFO - Setting next_dagrun for example_local_kubernetes_executor to None, run_after=None
[2024-10-27T14:49:02.054+0000] {processor.py:208} INFO - Processing /home/airflow/.local/lib/python3.12/site-packages/airflow/example_dags/example_local_kubernetes_executor.py took 1.763 seconds
[2024-10-27T14:49:36.316+0000] {processor.py:186} INFO - Started process (PID=220) to work on /home/airflow/.local/lib/python3.12/site-packages/airflow/example_dags/example_local_kubernetes_executor.py
[2024-10-27T14:49:36.323+0000] {processor.py:914} INFO - Processing file /home/airflow/.local/lib/python3.12/site-packages/airflow/example_dags/example_local_kubernetes_executor.py for tasks to queue
[2024-10-27T14:49:36.454+0000] {logging_mixin.py:190} INFO - [2024-10-27T14:49:36.405+0000] {dagbag.py:588} INFO - Filling up the DagBag from /home/airflow/.local/lib/python3.12/site-packages/airflow/example_dags/example_local_kubernetes_executor.py
[2024-10-27T14:49:36.822+0000] {processor.py:925} INFO - DAG(s) 'example_local_kubernetes_executor' retrieved from /home/airflow/.local/lib/python3.12/site-packages/airflow/example_dags/example_local_kubernetes_executor.py
[2024-10-27T14:49:42.407+0000] {logging_mixin.py:190} INFO - [2024-10-27T14:49:42.374+0000] {dag.py:3239} INFO - Sync 1 DAGs
[2024-10-27T14:49:43.281+0000] {logging_mixin.py:190} INFO - [2024-10-27T14:49:43.280+0000] {dag.py:4180} INFO - Setting next_dagrun for example_local_kubernetes_executor to None, run_after=None
[2024-10-27T14:49:43.947+0000] {processor.py:208} INFO - Processing /home/airflow/.local/lib/python3.12/site-packages/airflow/example_dags/example_local_kubernetes_executor.py took 7.950 seconds
[2024-10-27T14:50:22.343+0000] {processor.py:186} INFO - Started process (PID=254) to work on /home/airflow/.local/lib/python3.12/site-packages/airflow/example_dags/example_local_kubernetes_executor.py
[2024-10-27T14:50:22.388+0000] {processor.py:914} INFO - Processing file /home/airflow/.local/lib/python3.12/site-packages/airflow/example_dags/example_local_kubernetes_executor.py for tasks to queue
[2024-10-27T14:50:22.484+0000] {logging_mixin.py:190} INFO - [2024-10-27T14:50:22.474+0000] {dagbag.py:588} INFO - Filling up the DagBag from /home/airflow/.local/lib/python3.12/site-packages/airflow/example_dags/example_local_kubernetes_executor.py
[2024-10-27T14:50:22.633+0000] {processor.py:925} INFO - DAG(s) 'example_local_kubernetes_executor' retrieved from /home/airflow/.local/lib/python3.12/site-packages/airflow/example_dags/example_local_kubernetes_executor.py
[2024-10-27T14:50:23.451+0000] {logging_mixin.py:190} INFO - [2024-10-27T14:50:23.450+0000] {dag.py:3239} INFO - Sync 1 DAGs
[2024-10-27T14:50:23.827+0000] {logging_mixin.py:190} INFO - [2024-10-27T14:50:23.803+0000] {dag.py:4180} INFO - Setting next_dagrun for example_local_kubernetes_executor to None, run_after=None
[2024-10-27T14:50:24.506+0000] {processor.py:208} INFO - Processing /home/airflow/.local/lib/python3.12/site-packages/airflow/example_dags/example_local_kubernetes_executor.py took 2.463 seconds
[2024-10-27T14:51:05.641+0000] {processor.py:186} INFO - Started process (PID=302) to work on /home/airflow/.local/lib/python3.12/site-packages/airflow/example_dags/example_local_kubernetes_executor.py
[2024-10-27T14:51:05.663+0000] {processor.py:914} INFO - Processing file /home/airflow/.local/lib/python3.12/site-packages/airflow/example_dags/example_local_kubernetes_executor.py for tasks to queue
[2024-10-27T14:51:05.696+0000] {logging_mixin.py:190} INFO - [2024-10-27T14:51:05.695+0000] {dagbag.py:588} INFO - Filling up the DagBag from /home/airflow/.local/lib/python3.12/site-packages/airflow/example_dags/example_local_kubernetes_executor.py
[2024-10-27T14:51:05.861+0000] {processor.py:925} INFO - DAG(s) 'example_local_kubernetes_executor' retrieved from /home/airflow/.local/lib/python3.12/site-packages/airflow/example_dags/example_local_kubernetes_executor.py
[2024-10-27T14:51:06.199+0000] {logging_mixin.py:190} INFO - [2024-10-27T14:51:06.194+0000] {dag.py:3239} INFO - Sync 1 DAGs
[2024-10-27T14:51:06.495+0000] {logging_mixin.py:190} INFO - [2024-10-27T14:51:06.495+0000] {dag.py:4180} INFO - Setting next_dagrun for example_local_kubernetes_executor to None, run_after=None
[2024-10-27T14:51:06.733+0000] {processor.py:208} INFO - Processing /home/airflow/.local/lib/python3.12/site-packages/airflow/example_dags/example_local_kubernetes_executor.py took 1.159 seconds
[2024-10-27T14:51:52.299+0000] {processor.py:186} INFO - Started process (PID=358) to work on /home/airflow/.local/lib/python3.12/site-packages/airflow/example_dags/example_local_kubernetes_executor.py
[2024-10-27T14:51:52.309+0000] {processor.py:914} INFO - Processing file /home/airflow/.local/lib/python3.12/site-packages/airflow/example_dags/example_local_kubernetes_executor.py for tasks to queue
[2024-10-27T14:51:52.361+0000] {logging_mixin.py:190} INFO - [2024-10-27T14:51:52.360+0000] {dagbag.py:588} INFO - Filling up the DagBag from /home/airflow/.local/lib/python3.12/site-packages/airflow/example_dags/example_local_kubernetes_executor.py
[2024-10-27T14:51:52.640+0000] {processor.py:925} INFO - DAG(s) 'example_local_kubernetes_executor' retrieved from /home/airflow/.local/lib/python3.12/site-packages/airflow/example_dags/example_local_kubernetes_executor.py
[2024-10-27T14:51:53.111+0000] {logging_mixin.py:190} INFO - [2024-10-27T14:51:53.110+0000] {dag.py:3239} INFO - Sync 1 DAGs
[2024-10-27T14:51:53.259+0000] {logging_mixin.py:190} INFO - [2024-10-27T14:51:53.258+0000] {dag.py:4180} INFO - Setting next_dagrun for example_local_kubernetes_executor to None, run_after=None
[2024-10-27T14:51:53.479+0000] {processor.py:208} INFO - Processing /home/airflow/.local/lib/python3.12/site-packages/airflow/example_dags/example_local_kubernetes_executor.py took 1.260 seconds
[2024-10-27T14:52:27.980+0000] {processor.py:186} INFO - Started process (PID=412) to work on /home/airflow/.local/lib/python3.12/site-packages/airflow/example_dags/example_local_kubernetes_executor.py
[2024-10-27T14:52:27.986+0000] {processor.py:914} INFO - Processing file /home/airflow/.local/lib/python3.12/site-packages/airflow/example_dags/example_local_kubernetes_executor.py for tasks to queue
[2024-10-27T14:52:28.051+0000] {logging_mixin.py:190} INFO - [2024-10-27T14:52:28.050+0000] {dagbag.py:588} INFO - Filling up the DagBag from /home/airflow/.local/lib/python3.12/site-packages/airflow/example_dags/example_local_kubernetes_executor.py
[2024-10-27T14:52:28.161+0000] {processor.py:925} INFO - DAG(s) 'example_local_kubernetes_executor' retrieved from /home/airflow/.local/lib/python3.12/site-packages/airflow/example_dags/example_local_kubernetes_executor.py
[2024-10-27T14:52:28.419+0000] {logging_mixin.py:190} INFO - [2024-10-27T14:52:28.418+0000] {dag.py:3239} INFO - Sync 1 DAGs
[2024-10-27T14:52:28.559+0000] {logging_mixin.py:190} INFO - [2024-10-27T14:52:28.559+0000] {dag.py:4180} INFO - Setting next_dagrun for example_local_kubernetes_executor to None, run_after=None
[2024-10-27T14:52:28.769+0000] {processor.py:208} INFO - Processing /home/airflow/.local/lib/python3.12/site-packages/airflow/example_dags/example_local_kubernetes_executor.py took 0.865 seconds
[2024-10-27T14:53:06.697+0000] {processor.py:186} INFO - Started process (PID=470) to work on /home/airflow/.local/lib/python3.12/site-packages/airflow/example_dags/example_local_kubernetes_executor.py
[2024-10-27T14:53:06.714+0000] {processor.py:914} INFO - Processing file /home/airflow/.local/lib/python3.12/site-packages/airflow/example_dags/example_local_kubernetes_executor.py for tasks to queue
[2024-10-27T14:53:06.737+0000] {logging_mixin.py:190} INFO - [2024-10-27T14:53:06.736+0000] {dagbag.py:588} INFO - Filling up the DagBag from /home/airflow/.local/lib/python3.12/site-packages/airflow/example_dags/example_local_kubernetes_executor.py
[2024-10-27T14:53:06.857+0000] {processor.py:925} INFO - DAG(s) 'example_local_kubernetes_executor' retrieved from /home/airflow/.local/lib/python3.12/site-packages/airflow/example_dags/example_local_kubernetes_executor.py
[2024-10-27T14:53:07.116+0000] {logging_mixin.py:190} INFO - [2024-10-27T14:53:07.115+0000] {dag.py:3239} INFO - Sync 1 DAGs
[2024-10-27T14:53:07.491+0000] {logging_mixin.py:190} INFO - [2024-10-27T14:53:07.474+0000] {dag.py:4180} INFO - Setting next_dagrun for example_local_kubernetes_executor to None, run_after=None
[2024-10-27T14:53:07.862+0000] {processor.py:208} INFO - Processing /home/airflow/.local/lib/python3.12/site-packages/airflow/example_dags/example_local_kubernetes_executor.py took 1.261 seconds
[2024-10-27T14:53:41.315+0000] {processor.py:186} INFO - Started process (PID=518) to work on /home/airflow/.local/lib/python3.12/site-packages/airflow/example_dags/example_local_kubernetes_executor.py
[2024-10-27T14:53:41.323+0000] {processor.py:914} INFO - Processing file /home/airflow/.local/lib/python3.12/site-packages/airflow/example_dags/example_local_kubernetes_executor.py for tasks to queue
[2024-10-27T14:53:41.341+0000] {logging_mixin.py:190} INFO - [2024-10-27T14:53:41.340+0000] {dagbag.py:588} INFO - Filling up the DagBag from /home/airflow/.local/lib/python3.12/site-packages/airflow/example_dags/example_local_kubernetes_executor.py
[2024-10-27T14:53:41.427+0000] {processor.py:925} INFO - DAG(s) 'example_local_kubernetes_executor' retrieved from /home/airflow/.local/lib/python3.12/site-packages/airflow/example_dags/example_local_kubernetes_executor.py
[2024-10-27T14:53:41.602+0000] {logging_mixin.py:190} INFO - [2024-10-27T14:53:41.601+0000] {dag.py:3239} INFO - Sync 1 DAGs
[2024-10-27T14:53:41.683+0000] {logging_mixin.py:190} INFO - [2024-10-27T14:53:41.683+0000] {dag.py:4180} INFO - Setting next_dagrun for example_local_kubernetes_executor to None, run_after=None
[2024-10-27T14:53:41.779+0000] {processor.py:208} INFO - Processing /home/airflow/.local/lib/python3.12/site-packages/airflow/example_dags/example_local_kubernetes_executor.py took 0.529 seconds
[2024-10-27T14:55:35.620+0000] {processor.py:186} INFO - Started process (PID=593) to work on /home/airflow/.local/lib/python3.12/site-packages/airflow/example_dags/example_local_kubernetes_executor.py
[2024-10-27T14:55:35.745+0000] {processor.py:914} INFO - Processing file /home/airflow/.local/lib/python3.12/site-packages/airflow/example_dags/example_local_kubernetes_executor.py for tasks to queue
[2024-10-27T14:55:35.812+0000] {logging_mixin.py:190} INFO - [2024-10-27T14:55:35.811+0000] {dagbag.py:588} INFO - Filling up the DagBag from /home/airflow/.local/lib/python3.12/site-packages/airflow/example_dags/example_local_kubernetes_executor.py
[2024-10-27T14:55:35.944+0000] {processor.py:925} INFO - DAG(s) 'example_local_kubernetes_executor' retrieved from /home/airflow/.local/lib/python3.12/site-packages/airflow/example_dags/example_local_kubernetes_executor.py
[2024-10-27T14:55:36.302+0000] {logging_mixin.py:190} INFO - [2024-10-27T14:55:36.301+0000] {dag.py:3239} INFO - Sync 1 DAGs
[2024-10-27T14:55:37.415+0000] {logging_mixin.py:190} INFO - [2024-10-27T14:55:37.414+0000] {dag.py:4180} INFO - Setting next_dagrun for example_local_kubernetes_executor to None, run_after=None
[2024-10-27T14:55:38.221+0000] {processor.py:208} INFO - Processing /home/airflow/.local/lib/python3.12/site-packages/airflow/example_dags/example_local_kubernetes_executor.py took 2.713 seconds
[2024-10-27T14:56:14.019+0000] {processor.py:186} INFO - Started process (PID=643) to work on /home/airflow/.local/lib/python3.12/site-packages/airflow/example_dags/example_local_kubernetes_executor.py
[2024-10-27T14:56:14.022+0000] {processor.py:914} INFO - Processing file /home/airflow/.local/lib/python3.12/site-packages/airflow/example_dags/example_local_kubernetes_executor.py for tasks to queue
[2024-10-27T14:56:14.044+0000] {logging_mixin.py:190} INFO - [2024-10-27T14:56:14.043+0000] {dagbag.py:588} INFO - Filling up the DagBag from /home/airflow/.local/lib/python3.12/site-packages/airflow/example_dags/example_local_kubernetes_executor.py
[2024-10-27T14:56:14.197+0000] {processor.py:925} INFO - DAG(s) 'example_local_kubernetes_executor' retrieved from /home/airflow/.local/lib/python3.12/site-packages/airflow/example_dags/example_local_kubernetes_executor.py
[2024-10-27T14:56:14.598+0000] {logging_mixin.py:190} INFO - [2024-10-27T14:56:14.597+0000] {dag.py:3239} INFO - Sync 1 DAGs
[2024-10-27T14:56:14.651+0000] {logging_mixin.py:190} INFO - [2024-10-27T14:56:14.651+0000] {dag.py:4180} INFO - Setting next_dagrun for example_local_kubernetes_executor to None, run_after=None
[2024-10-27T14:56:14.806+0000] {processor.py:208} INFO - Processing /home/airflow/.local/lib/python3.12/site-packages/airflow/example_dags/example_local_kubernetes_executor.py took 0.852 seconds
[2024-10-27T14:56:58.893+0000] {processor.py:186} INFO - Started process (PID=703) to work on /home/airflow/.local/lib/python3.12/site-packages/airflow/example_dags/example_local_kubernetes_executor.py
[2024-10-27T14:56:58.897+0000] {processor.py:914} INFO - Processing file /home/airflow/.local/lib/python3.12/site-packages/airflow/example_dags/example_local_kubernetes_executor.py for tasks to queue
[2024-10-27T14:56:58.905+0000] {logging_mixin.py:190} INFO - [2024-10-27T14:56:58.904+0000] {dagbag.py:588} INFO - Filling up the DagBag from /home/airflow/.local/lib/python3.12/site-packages/airflow/example_dags/example_local_kubernetes_executor.py
[2024-10-27T14:56:58.935+0000] {processor.py:925} INFO - DAG(s) 'example_local_kubernetes_executor' retrieved from /home/airflow/.local/lib/python3.12/site-packages/airflow/example_dags/example_local_kubernetes_executor.py
[2024-10-27T14:56:59.034+0000] {logging_mixin.py:190} INFO - [2024-10-27T14:56:59.034+0000] {dag.py:3239} INFO - Sync 1 DAGs
[2024-10-27T14:56:59.080+0000] {logging_mixin.py:190} INFO - [2024-10-27T14:56:59.080+0000] {dag.py:4180} INFO - Setting next_dagrun for example_local_kubernetes_executor to None, run_after=None
[2024-10-27T14:56:59.134+0000] {processor.py:208} INFO - Processing /home/airflow/.local/lib/python3.12/site-packages/airflow/example_dags/example_local_kubernetes_executor.py took 0.270 seconds
[2024-10-27T14:57:29.438+0000] {processor.py:186} INFO - Started process (PID=765) to work on /home/airflow/.local/lib/python3.12/site-packages/airflow/example_dags/example_local_kubernetes_executor.py
[2024-10-27T14:57:29.444+0000] {processor.py:914} INFO - Processing file /home/airflow/.local/lib/python3.12/site-packages/airflow/example_dags/example_local_kubernetes_executor.py for tasks to queue
[2024-10-27T14:57:29.457+0000] {logging_mixin.py:190} INFO - [2024-10-27T14:57:29.456+0000] {dagbag.py:588} INFO - Filling up the DagBag from /home/airflow/.local/lib/python3.12/site-packages/airflow/example_dags/example_local_kubernetes_executor.py
[2024-10-27T14:57:29.511+0000] {processor.py:925} INFO - DAG(s) 'example_local_kubernetes_executor' retrieved from /home/airflow/.local/lib/python3.12/site-packages/airflow/example_dags/example_local_kubernetes_executor.py
[2024-10-27T14:57:29.693+0000] {logging_mixin.py:190} INFO - [2024-10-27T14:57:29.691+0000] {dag.py:3239} INFO - Sync 1 DAGs
[2024-10-27T14:57:29.729+0000] {logging_mixin.py:190} INFO - [2024-10-27T14:57:29.729+0000] {dag.py:4180} INFO - Setting next_dagrun for example_local_kubernetes_executor to None, run_after=None
[2024-10-27T14:57:29.769+0000] {processor.py:208} INFO - Processing /home/airflow/.local/lib/python3.12/site-packages/airflow/example_dags/example_local_kubernetes_executor.py took 0.397 seconds
[2024-10-27T14:57:59.885+0000] {processor.py:186} INFO - Started process (PID=829) to work on /home/airflow/.local/lib/python3.12/site-packages/airflow/example_dags/example_local_kubernetes_executor.py
[2024-10-27T14:57:59.887+0000] {processor.py:914} INFO - Processing file /home/airflow/.local/lib/python3.12/site-packages/airflow/example_dags/example_local_kubernetes_executor.py for tasks to queue
[2024-10-27T14:57:59.891+0000] {logging_mixin.py:190} INFO - [2024-10-27T14:57:59.890+0000] {dagbag.py:588} INFO - Filling up the DagBag from /home/airflow/.local/lib/python3.12/site-packages/airflow/example_dags/example_local_kubernetes_executor.py
[2024-10-27T14:57:59.906+0000] {processor.py:925} INFO - DAG(s) 'example_local_kubernetes_executor' retrieved from /home/airflow/.local/lib/python3.12/site-packages/airflow/example_dags/example_local_kubernetes_executor.py
[2024-10-27T14:57:59.958+0000] {logging_mixin.py:190} INFO - [2024-10-27T14:57:59.958+0000] {dag.py:3239} INFO - Sync 1 DAGs
[2024-10-27T14:57:59.978+0000] {logging_mixin.py:190} INFO - [2024-10-27T14:57:59.978+0000] {dag.py:4180} INFO - Setting next_dagrun for example_local_kubernetes_executor to None, run_after=None
[2024-10-27T14:58:00.014+0000] {processor.py:208} INFO - Processing /home/airflow/.local/lib/python3.12/site-packages/airflow/example_dags/example_local_kubernetes_executor.py took 0.138 seconds
[2024-10-27T14:58:30.296+0000] {processor.py:186} INFO - Started process (PID=892) to work on /home/airflow/.local/lib/python3.12/site-packages/airflow/example_dags/example_local_kubernetes_executor.py
[2024-10-27T14:58:30.299+0000] {processor.py:914} INFO - Processing file /home/airflow/.local/lib/python3.12/site-packages/airflow/example_dags/example_local_kubernetes_executor.py for tasks to queue
[2024-10-27T14:58:30.303+0000] {logging_mixin.py:190} INFO - [2024-10-27T14:58:30.303+0000] {dagbag.py:588} INFO - Filling up the DagBag from /home/airflow/.local/lib/python3.12/site-packages/airflow/example_dags/example_local_kubernetes_executor.py
[2024-10-27T14:58:30.325+0000] {processor.py:925} INFO - DAG(s) 'example_local_kubernetes_executor' retrieved from /home/airflow/.local/lib/python3.12/site-packages/airflow/example_dags/example_local_kubernetes_executor.py
[2024-10-27T14:58:30.388+0000] {logging_mixin.py:190} INFO - [2024-10-27T14:58:30.388+0000] {dag.py:3239} INFO - Sync 1 DAGs
[2024-10-27T14:58:30.428+0000] {logging_mixin.py:190} INFO - [2024-10-27T14:58:30.428+0000] {dag.py:4180} INFO - Setting next_dagrun for example_local_kubernetes_executor to None, run_after=None
[2024-10-27T14:58:30.468+0000] {processor.py:208} INFO - Processing /home/airflow/.local/lib/python3.12/site-packages/airflow/example_dags/example_local_kubernetes_executor.py took 0.184 seconds
[2024-10-27T14:59:03.098+0000] {processor.py:186} INFO - Started process (PID=955) to work on /home/airflow/.local/lib/python3.12/site-packages/airflow/example_dags/example_local_kubernetes_executor.py
[2024-10-27T14:59:03.104+0000] {processor.py:914} INFO - Processing file /home/airflow/.local/lib/python3.12/site-packages/airflow/example_dags/example_local_kubernetes_executor.py for tasks to queue
[2024-10-27T14:59:03.126+0000] {logging_mixin.py:190} INFO - [2024-10-27T14:59:03.125+0000] {dagbag.py:588} INFO - Filling up the DagBag from /home/airflow/.local/lib/python3.12/site-packages/airflow/example_dags/example_local_kubernetes_executor.py
[2024-10-27T14:59:03.180+0000] {processor.py:925} INFO - DAG(s) 'example_local_kubernetes_executor' retrieved from /home/airflow/.local/lib/python3.12/site-packages/airflow/example_dags/example_local_kubernetes_executor.py
[2024-10-27T14:59:03.496+0000] {logging_mixin.py:190} INFO - [2024-10-27T14:59:03.495+0000] {dag.py:3239} INFO - Sync 1 DAGs
[2024-10-27T14:59:03.603+0000] {logging_mixin.py:190} INFO - [2024-10-27T14:59:03.603+0000] {dag.py:4180} INFO - Setting next_dagrun for example_local_kubernetes_executor to None, run_after=None
[2024-10-27T14:59:04.347+0000] {processor.py:208} INFO - Processing /home/airflow/.local/lib/python3.12/site-packages/airflow/example_dags/example_local_kubernetes_executor.py took 1.302 seconds
[2024-10-27T15:05:55.564+0000] {processor.py:186} INFO - Started process (PID=79) to work on /home/airflow/.local/lib/python3.12/site-packages/airflow/example_dags/example_local_kubernetes_executor.py
[2024-10-27T15:05:55.571+0000] {processor.py:914} INFO - Processing file /home/airflow/.local/lib/python3.12/site-packages/airflow/example_dags/example_local_kubernetes_executor.py for tasks to queue
[2024-10-27T15:05:55.608+0000] {logging_mixin.py:190} INFO - [2024-10-27T15:05:55.607+0000] {dagbag.py:588} INFO - Filling up the DagBag from /home/airflow/.local/lib/python3.12/site-packages/airflow/example_dags/example_local_kubernetes_executor.py
[2024-10-27T15:05:55.902+0000] {processor.py:925} INFO - DAG(s) 'example_local_kubernetes_executor' retrieved from /home/airflow/.local/lib/python3.12/site-packages/airflow/example_dags/example_local_kubernetes_executor.py
[2024-10-27T15:05:58.546+0000] {logging_mixin.py:190} INFO - [2024-10-27T15:05:58.545+0000] {dag.py:3239} INFO - Sync 1 DAGs
[2024-10-27T15:05:58.852+0000] {logging_mixin.py:190} INFO - [2024-10-27T15:05:58.851+0000] {dag.py:4180} INFO - Setting next_dagrun for example_local_kubernetes_executor to None, run_after=None
[2024-10-27T15:05:59.100+0000] {processor.py:208} INFO - Processing /home/airflow/.local/lib/python3.12/site-packages/airflow/example_dags/example_local_kubernetes_executor.py took 3.646 seconds
[2024-10-27T15:06:59.575+0000] {processor.py:186} INFO - Started process (PID=154) to work on /home/airflow/.local/lib/python3.12/site-packages/airflow/example_dags/example_local_kubernetes_executor.py
[2024-10-27T15:06:59.585+0000] {processor.py:914} INFO - Processing file /home/airflow/.local/lib/python3.12/site-packages/airflow/example_dags/example_local_kubernetes_executor.py for tasks to queue
[2024-10-27T15:06:59.605+0000] {logging_mixin.py:190} INFO - [2024-10-27T15:06:59.604+0000] {dagbag.py:588} INFO - Filling up the DagBag from /home/airflow/.local/lib/python3.12/site-packages/airflow/example_dags/example_local_kubernetes_executor.py
[2024-10-27T15:06:59.744+0000] {processor.py:925} INFO - DAG(s) 'example_local_kubernetes_executor' retrieved from /home/airflow/.local/lib/python3.12/site-packages/airflow/example_dags/example_local_kubernetes_executor.py
[2024-10-27T15:07:00.437+0000] {logging_mixin.py:190} INFO - [2024-10-27T15:07:00.436+0000] {dag.py:3239} INFO - Sync 1 DAGs
[2024-10-27T15:07:00.597+0000] {logging_mixin.py:190} INFO - [2024-10-27T15:07:00.596+0000] {dag.py:4180} INFO - Setting next_dagrun for example_local_kubernetes_executor to None, run_after=None
[2024-10-27T15:07:00.806+0000] {processor.py:208} INFO - Processing /home/airflow/.local/lib/python3.12/site-packages/airflow/example_dags/example_local_kubernetes_executor.py took 1.286 seconds
[2024-10-27T15:07:34.032+0000] {processor.py:186} INFO - Started process (PID=201) to work on /home/airflow/.local/lib/python3.12/site-packages/airflow/example_dags/example_local_kubernetes_executor.py
[2024-10-27T15:07:34.045+0000] {processor.py:914} INFO - Processing file /home/airflow/.local/lib/python3.12/site-packages/airflow/example_dags/example_local_kubernetes_executor.py for tasks to queue
[2024-10-27T15:07:34.091+0000] {logging_mixin.py:190} INFO - [2024-10-27T15:07:34.090+0000] {dagbag.py:588} INFO - Filling up the DagBag from /home/airflow/.local/lib/python3.12/site-packages/airflow/example_dags/example_local_kubernetes_executor.py
[2024-10-27T15:07:34.177+0000] {processor.py:925} INFO - DAG(s) 'example_local_kubernetes_executor' retrieved from /home/airflow/.local/lib/python3.12/site-packages/airflow/example_dags/example_local_kubernetes_executor.py
[2024-10-27T15:07:34.491+0000] {logging_mixin.py:190} INFO - [2024-10-27T15:07:34.490+0000] {dag.py:3239} INFO - Sync 1 DAGs
[2024-10-27T15:07:34.665+0000] {logging_mixin.py:190} INFO - [2024-10-27T15:07:34.664+0000] {dag.py:4180} INFO - Setting next_dagrun for example_local_kubernetes_executor to None, run_after=None
[2024-10-27T15:07:34.880+0000] {processor.py:208} INFO - Processing /home/airflow/.local/lib/python3.12/site-packages/airflow/example_dags/example_local_kubernetes_executor.py took 0.920 seconds
[2024-10-27T15:08:12.127+0000] {processor.py:186} INFO - Started process (PID=262) to work on /home/airflow/.local/lib/python3.12/site-packages/airflow/example_dags/example_local_kubernetes_executor.py
[2024-10-27T15:08:12.130+0000] {processor.py:914} INFO - Processing file /home/airflow/.local/lib/python3.12/site-packages/airflow/example_dags/example_local_kubernetes_executor.py for tasks to queue
[2024-10-27T15:08:12.145+0000] {logging_mixin.py:190} INFO - [2024-10-27T15:08:12.144+0000] {dagbag.py:588} INFO - Filling up the DagBag from /home/airflow/.local/lib/python3.12/site-packages/airflow/example_dags/example_local_kubernetes_executor.py
[2024-10-27T15:08:12.235+0000] {processor.py:925} INFO - DAG(s) 'example_local_kubernetes_executor' retrieved from /home/airflow/.local/lib/python3.12/site-packages/airflow/example_dags/example_local_kubernetes_executor.py
[2024-10-27T15:08:12.439+0000] {logging_mixin.py:190} INFO - [2024-10-27T15:08:12.439+0000] {dag.py:3239} INFO - Sync 1 DAGs
[2024-10-27T15:08:12.554+0000] {logging_mixin.py:190} INFO - [2024-10-27T15:08:12.554+0000] {dag.py:4180} INFO - Setting next_dagrun for example_local_kubernetes_executor to None, run_after=None
[2024-10-27T15:08:12.787+0000] {processor.py:208} INFO - Processing /home/airflow/.local/lib/python3.12/site-packages/airflow/example_dags/example_local_kubernetes_executor.py took 0.734 seconds
[2024-10-27T15:09:05.712+0000] {processor.py:186} INFO - Started process (PID=325) to work on /home/airflow/.local/lib/python3.12/site-packages/airflow/example_dags/example_local_kubernetes_executor.py
[2024-10-27T15:09:05.738+0000] {processor.py:914} INFO - Processing file /home/airflow/.local/lib/python3.12/site-packages/airflow/example_dags/example_local_kubernetes_executor.py for tasks to queue
[2024-10-27T15:09:05.780+0000] {logging_mixin.py:190} INFO - [2024-10-27T15:09:05.778+0000] {dagbag.py:588} INFO - Filling up the DagBag from /home/airflow/.local/lib/python3.12/site-packages/airflow/example_dags/example_local_kubernetes_executor.py
[2024-10-27T15:09:06.008+0000] {processor.py:925} INFO - DAG(s) 'example_local_kubernetes_executor' retrieved from /home/airflow/.local/lib/python3.12/site-packages/airflow/example_dags/example_local_kubernetes_executor.py
[2024-10-27T15:09:06.475+0000] {logging_mixin.py:190} INFO - [2024-10-27T15:09:06.475+0000] {dag.py:3239} INFO - Sync 1 DAGs
[2024-10-27T15:09:06.767+0000] {logging_mixin.py:190} INFO - [2024-10-27T15:09:06.766+0000] {dag.py:4180} INFO - Setting next_dagrun for example_local_kubernetes_executor to None, run_after=None
[2024-10-27T15:09:07.064+0000] {processor.py:208} INFO - Processing /home/airflow/.local/lib/python3.12/site-packages/airflow/example_dags/example_local_kubernetes_executor.py took 1.398 seconds
[2024-10-27T15:09:37.487+0000] {processor.py:186} INFO - Started process (PID=387) to work on /home/airflow/.local/lib/python3.12/site-packages/airflow/example_dags/example_local_kubernetes_executor.py
[2024-10-27T15:09:37.489+0000] {processor.py:914} INFO - Processing file /home/airflow/.local/lib/python3.12/site-packages/airflow/example_dags/example_local_kubernetes_executor.py for tasks to queue
[2024-10-27T15:09:37.494+0000] {logging_mixin.py:190} INFO - [2024-10-27T15:09:37.493+0000] {dagbag.py:588} INFO - Filling up the DagBag from /home/airflow/.local/lib/python3.12/site-packages/airflow/example_dags/example_local_kubernetes_executor.py
[2024-10-27T15:09:37.512+0000] {processor.py:925} INFO - DAG(s) 'example_local_kubernetes_executor' retrieved from /home/airflow/.local/lib/python3.12/site-packages/airflow/example_dags/example_local_kubernetes_executor.py
[2024-10-27T15:09:37.601+0000] {logging_mixin.py:190} INFO - [2024-10-27T15:09:37.601+0000] {dag.py:3239} INFO - Sync 1 DAGs
[2024-10-27T15:09:37.628+0000] {logging_mixin.py:190} INFO - [2024-10-27T15:09:37.628+0000] {dag.py:4180} INFO - Setting next_dagrun for example_local_kubernetes_executor to None, run_after=None
[2024-10-27T15:09:37.680+0000] {processor.py:208} INFO - Processing /home/airflow/.local/lib/python3.12/site-packages/airflow/example_dags/example_local_kubernetes_executor.py took 0.205 seconds
[2024-10-27T15:10:08.923+0000] {processor.py:186} INFO - Started process (PID=447) to work on /home/airflow/.local/lib/python3.12/site-packages/airflow/example_dags/example_local_kubernetes_executor.py
[2024-10-27T15:10:08.927+0000] {processor.py:914} INFO - Processing file /home/airflow/.local/lib/python3.12/site-packages/airflow/example_dags/example_local_kubernetes_executor.py for tasks to queue
[2024-10-27T15:10:08.936+0000] {logging_mixin.py:190} INFO - [2024-10-27T15:10:08.935+0000] {dagbag.py:588} INFO - Filling up the DagBag from /home/airflow/.local/lib/python3.12/site-packages/airflow/example_dags/example_local_kubernetes_executor.py
[2024-10-27T15:10:08.966+0000] {processor.py:925} INFO - DAG(s) 'example_local_kubernetes_executor' retrieved from /home/airflow/.local/lib/python3.12/site-packages/airflow/example_dags/example_local_kubernetes_executor.py
[2024-10-27T15:10:09.054+0000] {logging_mixin.py:190} INFO - [2024-10-27T15:10:09.054+0000] {dag.py:3239} INFO - Sync 1 DAGs
[2024-10-27T15:10:09.096+0000] {logging_mixin.py:190} INFO - [2024-10-27T15:10:09.096+0000] {dag.py:4180} INFO - Setting next_dagrun for example_local_kubernetes_executor to None, run_after=None
[2024-10-27T15:10:09.157+0000] {processor.py:208} INFO - Processing /home/airflow/.local/lib/python3.12/site-packages/airflow/example_dags/example_local_kubernetes_executor.py took 0.261 seconds
[2024-10-27T15:10:40.495+0000] {processor.py:186} INFO - Started process (PID=508) to work on /home/airflow/.local/lib/python3.12/site-packages/airflow/example_dags/example_local_kubernetes_executor.py
[2024-10-27T15:10:40.498+0000] {processor.py:914} INFO - Processing file /home/airflow/.local/lib/python3.12/site-packages/airflow/example_dags/example_local_kubernetes_executor.py for tasks to queue
[2024-10-27T15:10:40.505+0000] {logging_mixin.py:190} INFO - [2024-10-27T15:10:40.504+0000] {dagbag.py:588} INFO - Filling up the DagBag from /home/airflow/.local/lib/python3.12/site-packages/airflow/example_dags/example_local_kubernetes_executor.py
[2024-10-27T15:10:40.529+0000] {processor.py:925} INFO - DAG(s) 'example_local_kubernetes_executor' retrieved from /home/airflow/.local/lib/python3.12/site-packages/airflow/example_dags/example_local_kubernetes_executor.py
[2024-10-27T15:10:40.612+0000] {logging_mixin.py:190} INFO - [2024-10-27T15:10:40.611+0000] {dag.py:3239} INFO - Sync 1 DAGs
[2024-10-27T15:10:40.652+0000] {logging_mixin.py:190} INFO - [2024-10-27T15:10:40.651+0000] {dag.py:4180} INFO - Setting next_dagrun for example_local_kubernetes_executor to None, run_after=None
[2024-10-27T15:10:40.713+0000] {processor.py:208} INFO - Processing /home/airflow/.local/lib/python3.12/site-packages/airflow/example_dags/example_local_kubernetes_executor.py took 0.238 seconds
[2024-10-27T15:11:13.560+0000] {processor.py:186} INFO - Started process (PID=571) to work on /home/airflow/.local/lib/python3.12/site-packages/airflow/example_dags/example_local_kubernetes_executor.py
[2024-10-27T15:11:13.565+0000] {processor.py:914} INFO - Processing file /home/airflow/.local/lib/python3.12/site-packages/airflow/example_dags/example_local_kubernetes_executor.py for tasks to queue
[2024-10-27T15:11:13.574+0000] {logging_mixin.py:190} INFO - [2024-10-27T15:11:13.574+0000] {dagbag.py:588} INFO - Filling up the DagBag from /home/airflow/.local/lib/python3.12/site-packages/airflow/example_dags/example_local_kubernetes_executor.py
[2024-10-27T15:11:13.606+0000] {processor.py:925} INFO - DAG(s) 'example_local_kubernetes_executor' retrieved from /home/airflow/.local/lib/python3.12/site-packages/airflow/example_dags/example_local_kubernetes_executor.py
[2024-10-27T15:11:13.717+0000] {logging_mixin.py:190} INFO - [2024-10-27T15:11:13.717+0000] {dag.py:3239} INFO - Sync 1 DAGs
[2024-10-27T15:11:13.808+0000] {logging_mixin.py:190} INFO - [2024-10-27T15:11:13.808+0000] {dag.py:4180} INFO - Setting next_dagrun for example_local_kubernetes_executor to None, run_after=None
[2024-10-27T15:11:13.912+0000] {processor.py:208} INFO - Processing /home/airflow/.local/lib/python3.12/site-packages/airflow/example_dags/example_local_kubernetes_executor.py took 0.368 seconds
[2024-10-27T15:11:45.655+0000] {processor.py:186} INFO - Started process (PID=633) to work on /home/airflow/.local/lib/python3.12/site-packages/airflow/example_dags/example_local_kubernetes_executor.py
[2024-10-27T15:11:45.680+0000] {processor.py:914} INFO - Processing file /home/airflow/.local/lib/python3.12/site-packages/airflow/example_dags/example_local_kubernetes_executor.py for tasks to queue
[2024-10-27T15:11:45.710+0000] {logging_mixin.py:190} INFO - [2024-10-27T15:11:45.708+0000] {dagbag.py:588} INFO - Filling up the DagBag from /home/airflow/.local/lib/python3.12/site-packages/airflow/example_dags/example_local_kubernetes_executor.py
[2024-10-27T15:11:45.905+0000] {processor.py:925} INFO - DAG(s) 'example_local_kubernetes_executor' retrieved from /home/airflow/.local/lib/python3.12/site-packages/airflow/example_dags/example_local_kubernetes_executor.py
[2024-10-27T15:11:47.116+0000] {logging_mixin.py:190} INFO - [2024-10-27T15:11:47.115+0000] {dag.py:3239} INFO - Sync 1 DAGs
[2024-10-27T15:11:49.337+0000] {logging_mixin.py:190} INFO - [2024-10-27T15:11:49.320+0000] {dag.py:4180} INFO - Setting next_dagrun for example_local_kubernetes_executor to None, run_after=None
[2024-10-27T15:11:53.036+0000] {processor.py:208} INFO - Processing /home/airflow/.local/lib/python3.12/site-packages/airflow/example_dags/example_local_kubernetes_executor.py took 7.558 seconds
[2024-10-27T15:12:53.538+0000] {processor.py:186} INFO - Started process (PID=657) to work on /home/airflow/.local/lib/python3.12/site-packages/airflow/example_dags/example_local_kubernetes_executor.py
[2024-10-27T15:12:53.636+0000] {processor.py:914} INFO - Processing file /home/airflow/.local/lib/python3.12/site-packages/airflow/example_dags/example_local_kubernetes_executor.py for tasks to queue
[2024-10-27T15:12:53.867+0000] {logging_mixin.py:190} INFO - [2024-10-27T15:12:53.864+0000] {dagbag.py:588} INFO - Filling up the DagBag from /home/airflow/.local/lib/python3.12/site-packages/airflow/example_dags/example_local_kubernetes_executor.py
[2024-10-27T15:12:54.687+0000] {processor.py:925} INFO - DAG(s) 'example_local_kubernetes_executor' retrieved from /home/airflow/.local/lib/python3.12/site-packages/airflow/example_dags/example_local_kubernetes_executor.py
[2024-10-27T15:12:57.432+0000] {logging_mixin.py:190} INFO - [2024-10-27T15:12:57.403+0000] {dag.py:3239} INFO - Sync 1 DAGs
[2024-10-27T15:12:59.242+0000] {logging_mixin.py:190} INFO - [2024-10-27T15:12:59.240+0000] {dag.py:4180} INFO - Setting next_dagrun for example_local_kubernetes_executor to None, run_after=None
[2024-10-27T15:13:00.437+0000] {processor.py:208} INFO - Processing /home/airflow/.local/lib/python3.12/site-packages/airflow/example_dags/example_local_kubernetes_executor.py took 7.492 seconds
[2024-10-27T15:17:46.262+0000] {processor.py:186} INFO - Started process (PID=761) to work on /home/airflow/.local/lib/python3.12/site-packages/airflow/example_dags/example_local_kubernetes_executor.py
[2024-10-27T15:17:46.324+0000] {processor.py:914} INFO - Processing file /home/airflow/.local/lib/python3.12/site-packages/airflow/example_dags/example_local_kubernetes_executor.py for tasks to queue
[2024-10-27T15:17:46.592+0000] {logging_mixin.py:190} INFO - [2024-10-27T15:17:46.566+0000] {dagbag.py:588} INFO - Filling up the DagBag from /home/airflow/.local/lib/python3.12/site-packages/airflow/example_dags/example_local_kubernetes_executor.py
[2024-10-27T15:17:47.466+0000] {processor.py:925} INFO - DAG(s) 'example_local_kubernetes_executor' retrieved from /home/airflow/.local/lib/python3.12/site-packages/airflow/example_dags/example_local_kubernetes_executor.py
[2024-10-27T15:17:50.597+0000] {logging_mixin.py:190} INFO - [2024-10-27T15:17:50.575+0000] {dag.py:3239} INFO - Sync 1 DAGs
[2024-10-27T15:17:51.616+0000] {logging_mixin.py:190} INFO - [2024-10-27T15:17:51.604+0000] {dag.py:4180} INFO - Setting next_dagrun for example_local_kubernetes_executor to None, run_after=None
[2024-10-27T15:17:52.882+0000] {processor.py:208} INFO - Processing /home/airflow/.local/lib/python3.12/site-packages/airflow/example_dags/example_local_kubernetes_executor.py took 7.349 seconds
[2024-10-27T15:23:42.993+0000] {processor.py:186} INFO - Started process (PID=869) to work on /home/airflow/.local/lib/python3.12/site-packages/airflow/example_dags/example_local_kubernetes_executor.py
[2024-10-27T15:23:43.090+0000] {processor.py:914} INFO - Processing file /home/airflow/.local/lib/python3.12/site-packages/airflow/example_dags/example_local_kubernetes_executor.py for tasks to queue
[2024-10-27T15:23:43.234+0000] {logging_mixin.py:190} INFO - [2024-10-27T15:23:43.231+0000] {dagbag.py:588} INFO - Filling up the DagBag from /home/airflow/.local/lib/python3.12/site-packages/airflow/example_dags/example_local_kubernetes_executor.py
[2024-10-27T15:23:45.127+0000] {processor.py:925} INFO - DAG(s) 'example_local_kubernetes_executor' retrieved from /home/airflow/.local/lib/python3.12/site-packages/airflow/example_dags/example_local_kubernetes_executor.py
[2024-10-27T15:23:49.832+0000] {logging_mixin.py:190} INFO - [2024-10-27T15:23:49.785+0000] {dag.py:3239} INFO - Sync 1 DAGs
[2024-10-27T15:23:55.135+0000] {logging_mixin.py:190} INFO - [2024-10-27T15:23:55.133+0000] {dag.py:4180} INFO - Setting next_dagrun for example_local_kubernetes_executor to None, run_after=None
[2024-10-27T15:24:01.171+0000] {processor.py:208} INFO - Processing /home/airflow/.local/lib/python3.12/site-packages/airflow/example_dags/example_local_kubernetes_executor.py took 18.419 seconds
[2024-10-27T15:29:04.097+0000] {processor.py:186} INFO - Started process (PID=983) to work on /home/airflow/.local/lib/python3.12/site-packages/airflow/example_dags/example_local_kubernetes_executor.py
[2024-10-27T15:29:04.121+0000] {processor.py:914} INFO - Processing file /home/airflow/.local/lib/python3.12/site-packages/airflow/example_dags/example_local_kubernetes_executor.py for tasks to queue
[2024-10-27T15:29:04.128+0000] {logging_mixin.py:190} INFO - [2024-10-27T15:29:04.127+0000] {dagbag.py:588} INFO - Filling up the DagBag from /home/airflow/.local/lib/python3.12/site-packages/airflow/example_dags/example_local_kubernetes_executor.py
[2024-10-27T15:29:04.274+0000] {processor.py:925} INFO - DAG(s) 'example_local_kubernetes_executor' retrieved from /home/airflow/.local/lib/python3.12/site-packages/airflow/example_dags/example_local_kubernetes_executor.py
[2024-10-27T15:29:04.583+0000] {logging_mixin.py:190} INFO - [2024-10-27T15:29:04.582+0000] {dag.py:3239} INFO - Sync 1 DAGs
[2024-10-27T15:29:04.837+0000] {logging_mixin.py:190} INFO - [2024-10-27T15:29:04.837+0000] {dag.py:4180} INFO - Setting next_dagrun for example_local_kubernetes_executor to None, run_after=None
[2024-10-27T15:29:05.017+0000] {processor.py:208} INFO - Processing /home/airflow/.local/lib/python3.12/site-packages/airflow/example_dags/example_local_kubernetes_executor.py took 0.984 seconds
[2024-10-27T15:29:47.724+0000] {processor.py:186} INFO - Started process (PID=1031) to work on /home/airflow/.local/lib/python3.12/site-packages/airflow/example_dags/example_local_kubernetes_executor.py
[2024-10-27T15:29:47.767+0000] {processor.py:914} INFO - Processing file /home/airflow/.local/lib/python3.12/site-packages/airflow/example_dags/example_local_kubernetes_executor.py for tasks to queue
[2024-10-27T15:29:47.771+0000] {logging_mixin.py:190} INFO - [2024-10-27T15:29:47.770+0000] {dagbag.py:588} INFO - Filling up the DagBag from /home/airflow/.local/lib/python3.12/site-packages/airflow/example_dags/example_local_kubernetes_executor.py
[2024-10-27T15:29:49.406+0000] {processor.py:925} INFO - DAG(s) 'example_local_kubernetes_executor' retrieved from /home/airflow/.local/lib/python3.12/site-packages/airflow/example_dags/example_local_kubernetes_executor.py
[2024-10-27T15:29:50.234+0000] {logging_mixin.py:190} INFO - [2024-10-27T15:29:50.234+0000] {dag.py:3239} INFO - Sync 1 DAGs
[2024-10-27T15:29:50.520+0000] {logging_mixin.py:190} INFO - [2024-10-27T15:29:50.519+0000] {dag.py:4180} INFO - Setting next_dagrun for example_local_kubernetes_executor to None, run_after=None
[2024-10-27T15:29:50.879+0000] {processor.py:208} INFO - Processing /home/airflow/.local/lib/python3.12/site-packages/airflow/example_dags/example_local_kubernetes_executor.py took 3.194 seconds
[2024-10-27T16:08:31.270+0000] {processor.py:186} INFO - Started process (PID=459) to work on /home/airflow/.local/lib/python3.12/site-packages/airflow/example_dags/example_local_kubernetes_executor.py
[2024-10-27T16:08:31.523+0000] {processor.py:914} INFO - Processing file /home/airflow/.local/lib/python3.12/site-packages/airflow/example_dags/example_local_kubernetes_executor.py for tasks to queue
[2024-10-27T16:08:32.226+0000] {logging_mixin.py:190} INFO - [2024-10-27T16:08:32.176+0000] {dagbag.py:588} INFO - Filling up the DagBag from /home/airflow/.local/lib/python3.12/site-packages/airflow/example_dags/example_local_kubernetes_executor.py
[2024-10-27T16:08:36.587+0000] {processor.py:925} INFO - DAG(s) 'example_local_kubernetes_executor' retrieved from /home/airflow/.local/lib/python3.12/site-packages/airflow/example_dags/example_local_kubernetes_executor.py
[2024-10-27T16:08:41.908+0000] {logging_mixin.py:190} INFO - [2024-10-27T16:08:41.907+0000] {dag.py:3239} INFO - Sync 1 DAGs
[2024-10-27T16:08:42.410+0000] {logging_mixin.py:190} INFO - [2024-10-27T16:08:42.409+0000] {dag.py:4180} INFO - Setting next_dagrun for example_local_kubernetes_executor to None, run_after=None
[2024-10-27T16:08:42.799+0000] {processor.py:208} INFO - Processing /home/airflow/.local/lib/python3.12/site-packages/airflow/example_dags/example_local_kubernetes_executor.py took 14.442 seconds
[2024-10-27T16:11:05.034+0000] {processor.py:186} INFO - Started process (PID=540) to work on /home/airflow/.local/lib/python3.12/site-packages/airflow/example_dags/example_local_kubernetes_executor.py
[2024-10-27T16:11:05.087+0000] {processor.py:914} INFO - Processing file /home/airflow/.local/lib/python3.12/site-packages/airflow/example_dags/example_local_kubernetes_executor.py for tasks to queue
[2024-10-27T16:11:05.125+0000] {logging_mixin.py:190} INFO - [2024-10-27T16:11:05.096+0000] {dagbag.py:588} INFO - Filling up the DagBag from /home/airflow/.local/lib/python3.12/site-packages/airflow/example_dags/example_local_kubernetes_executor.py
[2024-10-27T16:11:05.330+0000] {processor.py:925} INFO - DAG(s) 'example_local_kubernetes_executor' retrieved from /home/airflow/.local/lib/python3.12/site-packages/airflow/example_dags/example_local_kubernetes_executor.py
[2024-10-27T16:11:06.098+0000] {logging_mixin.py:190} INFO - [2024-10-27T16:11:06.097+0000] {dag.py:3239} INFO - Sync 1 DAGs
[2024-10-27T16:11:06.878+0000] {logging_mixin.py:190} INFO - [2024-10-27T16:11:06.877+0000] {dag.py:4180} INFO - Setting next_dagrun for example_local_kubernetes_executor to None, run_after=None
[2024-10-27T16:11:07.217+0000] {processor.py:208} INFO - Processing /home/airflow/.local/lib/python3.12/site-packages/airflow/example_dags/example_local_kubernetes_executor.py took 2.195 seconds
