[2024-10-27T14:24:06.018+0000] {processor.py:186} INFO - Started process (PID=113) to work on /home/airflow/.local/lib/python3.12/site-packages/airflow/example_dags/tutorial.py
[2024-10-27T14:24:06.024+0000] {processor.py:914} INFO - Processing file /home/airflow/.local/lib/python3.12/site-packages/airflow/example_dags/tutorial.py for tasks to queue
[2024-10-27T14:24:06.041+0000] {logging_mixin.py:190} INFO - [2024-10-27T14:24:06.040+0000] {dagbag.py:588} INFO - Filling up the DagBag from /home/airflow/.local/lib/python3.12/site-packages/airflow/example_dags/tutorial.py
[2024-10-27T14:24:06.122+0000] {processor.py:925} INFO - DAG(s) 'tutorial' retrieved from /home/airflow/.local/lib/python3.12/site-packages/airflow/example_dags/tutorial.py
[2024-10-27T14:24:06.399+0000] {logging_mixin.py:190} INFO - [2024-10-27T14:24:06.398+0000] {dag.py:3239} INFO - Sync 1 DAGs
[2024-10-27T14:24:06.701+0000] {logging_mixin.py:190} INFO - [2024-10-27T14:24:06.700+0000] {dag.py:4180} INFO - Setting next_dagrun for tutorial to 2024-10-26 00:00:00+00:00, run_after=2024-10-27 00:00:00+00:00
[2024-10-27T14:24:06.965+0000] {processor.py:208} INFO - Processing /home/airflow/.local/lib/python3.12/site-packages/airflow/example_dags/tutorial.py took 1.031 seconds
[2024-10-27T14:25:04.411+0000] {processor.py:186} INFO - Started process (PID=182) to work on /home/airflow/.local/lib/python3.12/site-packages/airflow/example_dags/tutorial.py
[2024-10-27T14:25:04.458+0000] {processor.py:914} INFO - Processing file /home/airflow/.local/lib/python3.12/site-packages/airflow/example_dags/tutorial.py for tasks to queue
[2024-10-27T14:25:04.574+0000] {logging_mixin.py:190} INFO - [2024-10-27T14:25:04.568+0000] {dagbag.py:588} INFO - Filling up the DagBag from /home/airflow/.local/lib/python3.12/site-packages/airflow/example_dags/tutorial.py
[2024-10-27T14:25:05.205+0000] {processor.py:925} INFO - DAG(s) 'tutorial' retrieved from /home/airflow/.local/lib/python3.12/site-packages/airflow/example_dags/tutorial.py
[2024-10-27T14:25:05.923+0000] {logging_mixin.py:190} INFO - [2024-10-27T14:25:05.923+0000] {dag.py:3239} INFO - Sync 1 DAGs
[2024-10-27T14:25:06.579+0000] {logging_mixin.py:190} INFO - [2024-10-27T14:25:06.578+0000] {dag.py:4180} INFO - Setting next_dagrun for tutorial to 2024-10-26 00:00:00+00:00, run_after=2024-10-27 00:00:00+00:00
[2024-10-27T14:25:06.728+0000] {processor.py:208} INFO - Processing /home/airflow/.local/lib/python3.12/site-packages/airflow/example_dags/tutorial.py took 2.413 seconds
[2024-10-27T14:26:02.999+0000] {processor.py:186} INFO - Started process (PID=258) to work on /home/airflow/.local/lib/python3.12/site-packages/airflow/example_dags/tutorial.py
[2024-10-27T14:26:03.003+0000] {processor.py:914} INFO - Processing file /home/airflow/.local/lib/python3.12/site-packages/airflow/example_dags/tutorial.py for tasks to queue
[2024-10-27T14:26:03.015+0000] {logging_mixin.py:190} INFO - [2024-10-27T14:26:03.015+0000] {dagbag.py:588} INFO - Filling up the DagBag from /home/airflow/.local/lib/python3.12/site-packages/airflow/example_dags/tutorial.py
[2024-10-27T14:26:03.149+0000] {processor.py:925} INFO - DAG(s) 'tutorial' retrieved from /home/airflow/.local/lib/python3.12/site-packages/airflow/example_dags/tutorial.py
[2024-10-27T14:26:03.360+0000] {logging_mixin.py:190} INFO - [2024-10-27T14:26:03.352+0000] {dag.py:3239} INFO - Sync 1 DAGs
[2024-10-27T14:26:03.515+0000] {logging_mixin.py:190} INFO - [2024-10-27T14:26:03.514+0000] {dag.py:4180} INFO - Setting next_dagrun for tutorial to 2024-10-26 00:00:00+00:00, run_after=2024-10-27 00:00:00+00:00
[2024-10-27T14:26:03.656+0000] {processor.py:208} INFO - Processing /home/airflow/.local/lib/python3.12/site-packages/airflow/example_dags/tutorial.py took 0.701 seconds
[2024-10-27T14:26:38.645+0000] {processor.py:186} INFO - Started process (PID=327) to work on /home/airflow/.local/lib/python3.12/site-packages/airflow/example_dags/tutorial.py
[2024-10-27T14:26:38.657+0000] {processor.py:914} INFO - Processing file /home/airflow/.local/lib/python3.12/site-packages/airflow/example_dags/tutorial.py for tasks to queue
[2024-10-27T14:26:38.668+0000] {logging_mixin.py:190} INFO - [2024-10-27T14:26:38.668+0000] {dagbag.py:588} INFO - Filling up the DagBag from /home/airflow/.local/lib/python3.12/site-packages/airflow/example_dags/tutorial.py
[2024-10-27T14:26:38.723+0000] {processor.py:925} INFO - DAG(s) 'tutorial' retrieved from /home/airflow/.local/lib/python3.12/site-packages/airflow/example_dags/tutorial.py
[2024-10-27T14:26:38.908+0000] {logging_mixin.py:190} INFO - [2024-10-27T14:26:38.908+0000] {dag.py:3239} INFO - Sync 1 DAGs
[2024-10-27T14:26:39.103+0000] {logging_mixin.py:190} INFO - [2024-10-27T14:26:39.102+0000] {dag.py:4180} INFO - Setting next_dagrun for tutorial to 2024-10-26 00:00:00+00:00, run_after=2024-10-27 00:00:00+00:00
[2024-10-27T14:26:39.333+0000] {processor.py:208} INFO - Processing /home/airflow/.local/lib/python3.12/site-packages/airflow/example_dags/tutorial.py took 0.715 seconds
[2024-10-27T14:27:14.011+0000] {processor.py:186} INFO - Started process (PID=390) to work on /home/airflow/.local/lib/python3.12/site-packages/airflow/example_dags/tutorial.py
[2024-10-27T14:27:14.019+0000] {processor.py:914} INFO - Processing file /home/airflow/.local/lib/python3.12/site-packages/airflow/example_dags/tutorial.py for tasks to queue
[2024-10-27T14:27:14.043+0000] {logging_mixin.py:190} INFO - [2024-10-27T14:27:14.042+0000] {dagbag.py:588} INFO - Filling up the DagBag from /home/airflow/.local/lib/python3.12/site-packages/airflow/example_dags/tutorial.py
[2024-10-27T14:27:14.079+0000] {processor.py:925} INFO - DAG(s) 'tutorial' retrieved from /home/airflow/.local/lib/python3.12/site-packages/airflow/example_dags/tutorial.py
[2024-10-27T14:27:14.264+0000] {logging_mixin.py:190} INFO - [2024-10-27T14:27:14.263+0000] {dag.py:3239} INFO - Sync 1 DAGs
[2024-10-27T14:27:14.431+0000] {logging_mixin.py:190} INFO - [2024-10-27T14:27:14.431+0000] {dag.py:4180} INFO - Setting next_dagrun for tutorial to 2024-10-26 00:00:00+00:00, run_after=2024-10-27 00:00:00+00:00
[2024-10-27T14:27:14.554+0000] {processor.py:208} INFO - Processing /home/airflow/.local/lib/python3.12/site-packages/airflow/example_dags/tutorial.py took 0.622 seconds
[2024-10-27T14:27:55.806+0000] {processor.py:186} INFO - Started process (PID=445) to work on /home/airflow/.local/lib/python3.12/site-packages/airflow/example_dags/tutorial.py
[2024-10-27T14:27:55.819+0000] {processor.py:914} INFO - Processing file /home/airflow/.local/lib/python3.12/site-packages/airflow/example_dags/tutorial.py for tasks to queue
[2024-10-27T14:27:55.834+0000] {logging_mixin.py:190} INFO - [2024-10-27T14:27:55.833+0000] {dagbag.py:588} INFO - Filling up the DagBag from /home/airflow/.local/lib/python3.12/site-packages/airflow/example_dags/tutorial.py
[2024-10-27T14:27:55.913+0000] {processor.py:925} INFO - DAG(s) 'tutorial' retrieved from /home/airflow/.local/lib/python3.12/site-packages/airflow/example_dags/tutorial.py
[2024-10-27T14:27:56.080+0000] {logging_mixin.py:190} INFO - [2024-10-27T14:27:56.080+0000] {dag.py:3239} INFO - Sync 1 DAGs
[2024-10-27T14:27:56.311+0000] {logging_mixin.py:190} INFO - [2024-10-27T14:27:56.311+0000] {dag.py:4180} INFO - Setting next_dagrun for tutorial to 2024-10-26 00:00:00+00:00, run_after=2024-10-27 00:00:00+00:00
[2024-10-27T14:27:56.459+0000] {processor.py:208} INFO - Processing /home/airflow/.local/lib/python3.12/site-packages/airflow/example_dags/tutorial.py took 0.688 seconds
[2024-10-27T14:28:31.743+0000] {processor.py:186} INFO - Started process (PID=508) to work on /home/airflow/.local/lib/python3.12/site-packages/airflow/example_dags/tutorial.py
[2024-10-27T14:28:31.777+0000] {processor.py:914} INFO - Processing file /home/airflow/.local/lib/python3.12/site-packages/airflow/example_dags/tutorial.py for tasks to queue
[2024-10-27T14:28:31.789+0000] {logging_mixin.py:190} INFO - [2024-10-27T14:28:31.788+0000] {dagbag.py:588} INFO - Filling up the DagBag from /home/airflow/.local/lib/python3.12/site-packages/airflow/example_dags/tutorial.py
[2024-10-27T14:28:31.845+0000] {processor.py:925} INFO - DAG(s) 'tutorial' retrieved from /home/airflow/.local/lib/python3.12/site-packages/airflow/example_dags/tutorial.py
[2024-10-27T14:28:31.998+0000] {logging_mixin.py:190} INFO - [2024-10-27T14:28:31.998+0000] {dag.py:3239} INFO - Sync 1 DAGs
[2024-10-27T14:28:32.172+0000] {logging_mixin.py:190} INFO - [2024-10-27T14:28:32.172+0000] {dag.py:4180} INFO - Setting next_dagrun for tutorial to 2024-10-26 00:00:00+00:00, run_after=2024-10-27 00:00:00+00:00
[2024-10-27T14:28:32.272+0000] {processor.py:208} INFO - Processing /home/airflow/.local/lib/python3.12/site-packages/airflow/example_dags/tutorial.py took 0.564 seconds
[2024-10-27T14:29:02.748+0000] {processor.py:186} INFO - Started process (PID=571) to work on /home/airflow/.local/lib/python3.12/site-packages/airflow/example_dags/tutorial.py
[2024-10-27T14:29:02.750+0000] {processor.py:914} INFO - Processing file /home/airflow/.local/lib/python3.12/site-packages/airflow/example_dags/tutorial.py for tasks to queue
[2024-10-27T14:29:02.756+0000] {logging_mixin.py:190} INFO - [2024-10-27T14:29:02.755+0000] {dagbag.py:588} INFO - Filling up the DagBag from /home/airflow/.local/lib/python3.12/site-packages/airflow/example_dags/tutorial.py
[2024-10-27T14:29:02.780+0000] {processor.py:925} INFO - DAG(s) 'tutorial' retrieved from /home/airflow/.local/lib/python3.12/site-packages/airflow/example_dags/tutorial.py
[2024-10-27T14:29:02.887+0000] {logging_mixin.py:190} INFO - [2024-10-27T14:29:02.887+0000] {dag.py:3239} INFO - Sync 1 DAGs
[2024-10-27T14:29:02.986+0000] {logging_mixin.py:190} INFO - [2024-10-27T14:29:02.986+0000] {dag.py:4180} INFO - Setting next_dagrun for tutorial to 2024-10-26 00:00:00+00:00, run_after=2024-10-27 00:00:00+00:00
[2024-10-27T14:29:03.073+0000] {processor.py:208} INFO - Processing /home/airflow/.local/lib/python3.12/site-packages/airflow/example_dags/tutorial.py took 0.355 seconds
[2024-10-27T14:30:32.675+0000] {processor.py:186} INFO - Started process (PID=660) to work on /home/airflow/.local/lib/python3.12/site-packages/airflow/example_dags/tutorial.py
[2024-10-27T14:30:32.680+0000] {processor.py:914} INFO - Processing file /home/airflow/.local/lib/python3.12/site-packages/airflow/example_dags/tutorial.py for tasks to queue
[2024-10-27T14:30:32.705+0000] {logging_mixin.py:190} INFO - [2024-10-27T14:30:32.705+0000] {dagbag.py:588} INFO - Filling up the DagBag from /home/airflow/.local/lib/python3.12/site-packages/airflow/example_dags/tutorial.py
[2024-10-27T14:30:32.747+0000] {processor.py:925} INFO - DAG(s) 'tutorial' retrieved from /home/airflow/.local/lib/python3.12/site-packages/airflow/example_dags/tutorial.py
[2024-10-27T14:30:32.865+0000] {logging_mixin.py:190} INFO - [2024-10-27T14:30:32.864+0000] {dag.py:3239} INFO - Sync 1 DAGs
[2024-10-27T14:30:33.086+0000] {logging_mixin.py:190} INFO - [2024-10-27T14:30:33.085+0000] {dag.py:4180} INFO - Setting next_dagrun for tutorial to 2024-10-26 00:00:00+00:00, run_after=2024-10-27 00:00:00+00:00
[2024-10-27T14:30:33.205+0000] {processor.py:208} INFO - Processing /home/airflow/.local/lib/python3.12/site-packages/airflow/example_dags/tutorial.py took 0.578 seconds
[2024-10-27T14:31:03.576+0000] {processor.py:186} INFO - Started process (PID=723) to work on /home/airflow/.local/lib/python3.12/site-packages/airflow/example_dags/tutorial.py
[2024-10-27T14:31:03.579+0000] {processor.py:914} INFO - Processing file /home/airflow/.local/lib/python3.12/site-packages/airflow/example_dags/tutorial.py for tasks to queue
[2024-10-27T14:31:03.583+0000] {logging_mixin.py:190} INFO - [2024-10-27T14:31:03.582+0000] {dagbag.py:588} INFO - Filling up the DagBag from /home/airflow/.local/lib/python3.12/site-packages/airflow/example_dags/tutorial.py
[2024-10-27T14:31:03.599+0000] {processor.py:925} INFO - DAG(s) 'tutorial' retrieved from /home/airflow/.local/lib/python3.12/site-packages/airflow/example_dags/tutorial.py
[2024-10-27T14:31:03.633+0000] {logging_mixin.py:190} INFO - [2024-10-27T14:31:03.633+0000] {dag.py:3239} INFO - Sync 1 DAGs
[2024-10-27T14:31:03.667+0000] {logging_mixin.py:190} INFO - [2024-10-27T14:31:03.667+0000] {dag.py:4180} INFO - Setting next_dagrun for tutorial to 2024-10-26 00:00:00+00:00, run_after=2024-10-27 00:00:00+00:00
[2024-10-27T14:31:03.695+0000] {processor.py:208} INFO - Processing /home/airflow/.local/lib/python3.12/site-packages/airflow/example_dags/tutorial.py took 0.128 seconds
[2024-10-27T14:31:34.407+0000] {processor.py:186} INFO - Started process (PID=786) to work on /home/airflow/.local/lib/python3.12/site-packages/airflow/example_dags/tutorial.py
[2024-10-27T14:31:34.409+0000] {processor.py:914} INFO - Processing file /home/airflow/.local/lib/python3.12/site-packages/airflow/example_dags/tutorial.py for tasks to queue
[2024-10-27T14:31:34.412+0000] {logging_mixin.py:190} INFO - [2024-10-27T14:31:34.411+0000] {dagbag.py:588} INFO - Filling up the DagBag from /home/airflow/.local/lib/python3.12/site-packages/airflow/example_dags/tutorial.py
[2024-10-27T14:31:34.420+0000] {processor.py:925} INFO - DAG(s) 'tutorial' retrieved from /home/airflow/.local/lib/python3.12/site-packages/airflow/example_dags/tutorial.py
[2024-10-27T14:31:34.442+0000] {logging_mixin.py:190} INFO - [2024-10-27T14:31:34.441+0000] {dag.py:3239} INFO - Sync 1 DAGs
[2024-10-27T14:31:34.468+0000] {logging_mixin.py:190} INFO - [2024-10-27T14:31:34.467+0000] {dag.py:4180} INFO - Setting next_dagrun for tutorial to 2024-10-26 00:00:00+00:00, run_after=2024-10-27 00:00:00+00:00
[2024-10-27T14:31:34.490+0000] {processor.py:208} INFO - Processing /home/airflow/.local/lib/python3.12/site-packages/airflow/example_dags/tutorial.py took 0.089 seconds
[2024-10-27T14:32:04.915+0000] {processor.py:186} INFO - Started process (PID=849) to work on /home/airflow/.local/lib/python3.12/site-packages/airflow/example_dags/tutorial.py
[2024-10-27T14:32:04.920+0000] {processor.py:914} INFO - Processing file /home/airflow/.local/lib/python3.12/site-packages/airflow/example_dags/tutorial.py for tasks to queue
[2024-10-27T14:32:04.925+0000] {logging_mixin.py:190} INFO - [2024-10-27T14:32:04.925+0000] {dagbag.py:588} INFO - Filling up the DagBag from /home/airflow/.local/lib/python3.12/site-packages/airflow/example_dags/tutorial.py
[2024-10-27T14:32:04.936+0000] {processor.py:925} INFO - DAG(s) 'tutorial' retrieved from /home/airflow/.local/lib/python3.12/site-packages/airflow/example_dags/tutorial.py
[2024-10-27T14:32:04.966+0000] {logging_mixin.py:190} INFO - [2024-10-27T14:32:04.966+0000] {dag.py:3239} INFO - Sync 1 DAGs
[2024-10-27T14:32:05.025+0000] {logging_mixin.py:190} INFO - [2024-10-27T14:32:05.025+0000] {dag.py:4180} INFO - Setting next_dagrun for tutorial to 2024-10-26 00:00:00+00:00, run_after=2024-10-27 00:00:00+00:00
[2024-10-27T14:32:05.059+0000] {processor.py:208} INFO - Processing /home/airflow/.local/lib/python3.12/site-packages/airflow/example_dags/tutorial.py took 0.152 seconds
[2024-10-27T14:32:36.251+0000] {processor.py:186} INFO - Started process (PID=913) to work on /home/airflow/.local/lib/python3.12/site-packages/airflow/example_dags/tutorial.py
[2024-10-27T14:32:36.253+0000] {processor.py:914} INFO - Processing file /home/airflow/.local/lib/python3.12/site-packages/airflow/example_dags/tutorial.py for tasks to queue
[2024-10-27T14:32:36.259+0000] {logging_mixin.py:190} INFO - [2024-10-27T14:32:36.258+0000] {dagbag.py:588} INFO - Filling up the DagBag from /home/airflow/.local/lib/python3.12/site-packages/airflow/example_dags/tutorial.py
[2024-10-27T14:32:36.276+0000] {processor.py:925} INFO - DAG(s) 'tutorial' retrieved from /home/airflow/.local/lib/python3.12/site-packages/airflow/example_dags/tutorial.py
[2024-10-27T14:32:36.314+0000] {logging_mixin.py:190} INFO - [2024-10-27T14:32:36.313+0000] {dag.py:3239} INFO - Sync 1 DAGs
[2024-10-27T14:32:36.361+0000] {logging_mixin.py:190} INFO - [2024-10-27T14:32:36.361+0000] {dag.py:4180} INFO - Setting next_dagrun for tutorial to 2024-10-26 00:00:00+00:00, run_after=2024-10-27 00:00:00+00:00
[2024-10-27T14:32:36.406+0000] {processor.py:208} INFO - Processing /home/airflow/.local/lib/python3.12/site-packages/airflow/example_dags/tutorial.py took 0.169 seconds
[2024-10-27T14:33:10.678+0000] {processor.py:186} INFO - Started process (PID=976) to work on /home/airflow/.local/lib/python3.12/site-packages/airflow/example_dags/tutorial.py
[2024-10-27T14:33:10.682+0000] {processor.py:914} INFO - Processing file /home/airflow/.local/lib/python3.12/site-packages/airflow/example_dags/tutorial.py for tasks to queue
[2024-10-27T14:33:10.703+0000] {logging_mixin.py:190} INFO - [2024-10-27T14:33:10.702+0000] {dagbag.py:588} INFO - Filling up the DagBag from /home/airflow/.local/lib/python3.12/site-packages/airflow/example_dags/tutorial.py
[2024-10-27T14:33:10.740+0000] {processor.py:925} INFO - DAG(s) 'tutorial' retrieved from /home/airflow/.local/lib/python3.12/site-packages/airflow/example_dags/tutorial.py
[2024-10-27T14:33:11.071+0000] {logging_mixin.py:190} INFO - [2024-10-27T14:33:11.066+0000] {dag.py:3239} INFO - Sync 1 DAGs
[2024-10-27T14:33:11.719+0000] {logging_mixin.py:190} INFO - [2024-10-27T14:33:11.707+0000] {dag.py:4180} INFO - Setting next_dagrun for tutorial to 2024-10-26 00:00:00+00:00, run_after=2024-10-27 00:00:00+00:00
[2024-10-27T14:33:11.901+0000] {processor.py:208} INFO - Processing /home/airflow/.local/lib/python3.12/site-packages/airflow/example_dags/tutorial.py took 1.257 seconds
[2024-10-27T14:33:42.124+0000] {processor.py:186} INFO - Started process (PID=1045) to work on /home/airflow/.local/lib/python3.12/site-packages/airflow/example_dags/tutorial.py
[2024-10-27T14:33:42.149+0000] {processor.py:914} INFO - Processing file /home/airflow/.local/lib/python3.12/site-packages/airflow/example_dags/tutorial.py for tasks to queue
[2024-10-27T14:33:42.162+0000] {logging_mixin.py:190} INFO - [2024-10-27T14:33:42.161+0000] {dagbag.py:588} INFO - Filling up the DagBag from /home/airflow/.local/lib/python3.12/site-packages/airflow/example_dags/tutorial.py
[2024-10-27T14:33:42.214+0000] {processor.py:925} INFO - DAG(s) 'tutorial' retrieved from /home/airflow/.local/lib/python3.12/site-packages/airflow/example_dags/tutorial.py
[2024-10-27T14:33:42.437+0000] {logging_mixin.py:190} INFO - [2024-10-27T14:33:42.436+0000] {dag.py:3239} INFO - Sync 1 DAGs
[2024-10-27T14:33:42.589+0000] {logging_mixin.py:190} INFO - [2024-10-27T14:33:42.589+0000] {dag.py:4180} INFO - Setting next_dagrun for tutorial to 2024-10-26 00:00:00+00:00, run_after=2024-10-27 00:00:00+00:00
[2024-10-27T14:33:42.662+0000] {processor.py:208} INFO - Processing /home/airflow/.local/lib/python3.12/site-packages/airflow/example_dags/tutorial.py took 0.554 seconds
[2024-10-27T14:34:12.922+0000] {processor.py:186} INFO - Started process (PID=1107) to work on /home/airflow/.local/lib/python3.12/site-packages/airflow/example_dags/tutorial.py
[2024-10-27T14:34:12.925+0000] {processor.py:914} INFO - Processing file /home/airflow/.local/lib/python3.12/site-packages/airflow/example_dags/tutorial.py for tasks to queue
[2024-10-27T14:34:12.930+0000] {logging_mixin.py:190} INFO - [2024-10-27T14:34:12.929+0000] {dagbag.py:588} INFO - Filling up the DagBag from /home/airflow/.local/lib/python3.12/site-packages/airflow/example_dags/tutorial.py
[2024-10-27T14:34:12.949+0000] {processor.py:925} INFO - DAG(s) 'tutorial' retrieved from /home/airflow/.local/lib/python3.12/site-packages/airflow/example_dags/tutorial.py
[2024-10-27T14:34:12.990+0000] {logging_mixin.py:190} INFO - [2024-10-27T14:34:12.990+0000] {dag.py:3239} INFO - Sync 1 DAGs
[2024-10-27T14:34:13.023+0000] {logging_mixin.py:190} INFO - [2024-10-27T14:34:13.023+0000] {dag.py:4180} INFO - Setting next_dagrun for tutorial to 2024-10-26 00:00:00+00:00, run_after=2024-10-27 00:00:00+00:00
[2024-10-27T14:34:13.049+0000] {processor.py:208} INFO - Processing /home/airflow/.local/lib/python3.12/site-packages/airflow/example_dags/tutorial.py took 0.136 seconds
[2024-10-27T14:34:55.134+0000] {processor.py:186} INFO - Started process (PID=1169) to work on /home/airflow/.local/lib/python3.12/site-packages/airflow/example_dags/tutorial.py
[2024-10-27T14:34:55.163+0000] {processor.py:914} INFO - Processing file /home/airflow/.local/lib/python3.12/site-packages/airflow/example_dags/tutorial.py for tasks to queue
[2024-10-27T14:34:55.260+0000] {logging_mixin.py:190} INFO - [2024-10-27T14:34:55.252+0000] {dagbag.py:588} INFO - Filling up the DagBag from /home/airflow/.local/lib/python3.12/site-packages/airflow/example_dags/tutorial.py
[2024-10-27T14:34:55.653+0000] {processor.py:925} INFO - DAG(s) 'tutorial' retrieved from /home/airflow/.local/lib/python3.12/site-packages/airflow/example_dags/tutorial.py
[2024-10-27T14:34:56.464+0000] {logging_mixin.py:190} INFO - [2024-10-27T14:34:56.463+0000] {dag.py:3239} INFO - Sync 1 DAGs
[2024-10-27T14:34:59.339+0000] {logging_mixin.py:190} INFO - [2024-10-27T14:34:59.338+0000] {dag.py:4180} INFO - Setting next_dagrun for tutorial to 2024-10-26 00:00:00+00:00, run_after=2024-10-27 00:00:00+00:00
[2024-10-27T14:35:01.170+0000] {processor.py:208} INFO - Processing /home/airflow/.local/lib/python3.12/site-packages/airflow/example_dags/tutorial.py took 6.096 seconds
[2024-10-27T14:38:02.384+0000] {processor.py:186} INFO - Started process (PID=1262) to work on /home/airflow/.local/lib/python3.12/site-packages/airflow/example_dags/tutorial.py
[2024-10-27T14:38:02.431+0000] {processor.py:914} INFO - Processing file /home/airflow/.local/lib/python3.12/site-packages/airflow/example_dags/tutorial.py for tasks to queue
[2024-10-27T14:38:02.489+0000] {logging_mixin.py:190} INFO - [2024-10-27T14:38:02.488+0000] {dagbag.py:588} INFO - Filling up the DagBag from /home/airflow/.local/lib/python3.12/site-packages/airflow/example_dags/tutorial.py
[2024-10-27T14:38:02.626+0000] {processor.py:925} INFO - DAG(s) 'tutorial' retrieved from /home/airflow/.local/lib/python3.12/site-packages/airflow/example_dags/tutorial.py
[2024-10-27T14:38:04.166+0000] {logging_mixin.py:190} INFO - [2024-10-27T14:38:04.166+0000] {dag.py:3239} INFO - Sync 1 DAGs
[2024-10-27T14:38:04.921+0000] {logging_mixin.py:190} INFO - [2024-10-27T14:38:04.920+0000] {dag.py:4180} INFO - Setting next_dagrun for tutorial to 2024-10-26 00:00:00+00:00, run_after=2024-10-27 00:00:00+00:00
[2024-10-27T14:38:05.811+0000] {processor.py:208} INFO - Processing /home/airflow/.local/lib/python3.12/site-packages/airflow/example_dags/tutorial.py took 3.550 seconds
[2024-10-27T14:38:56.829+0000] {processor.py:186} INFO - Started process (PID=1315) to work on /home/airflow/.local/lib/python3.12/site-packages/airflow/example_dags/tutorial.py
[2024-10-27T14:38:56.852+0000] {processor.py:914} INFO - Processing file /home/airflow/.local/lib/python3.12/site-packages/airflow/example_dags/tutorial.py for tasks to queue
[2024-10-27T14:38:56.924+0000] {logging_mixin.py:190} INFO - [2024-10-27T14:38:56.922+0000] {dagbag.py:588} INFO - Filling up the DagBag from /home/airflow/.local/lib/python3.12/site-packages/airflow/example_dags/tutorial.py
[2024-10-27T14:38:57.031+0000] {processor.py:925} INFO - DAG(s) 'tutorial' retrieved from /home/airflow/.local/lib/python3.12/site-packages/airflow/example_dags/tutorial.py
[2024-10-27T14:38:57.370+0000] {logging_mixin.py:190} INFO - [2024-10-27T14:38:57.369+0000] {dag.py:3239} INFO - Sync 1 DAGs
[2024-10-27T14:38:57.867+0000] {logging_mixin.py:190} INFO - [2024-10-27T14:38:57.866+0000] {dag.py:4180} INFO - Setting next_dagrun for tutorial to 2024-10-26 00:00:00+00:00, run_after=2024-10-27 00:00:00+00:00
[2024-10-27T14:38:58.430+0000] {processor.py:208} INFO - Processing /home/airflow/.local/lib/python3.12/site-packages/airflow/example_dags/tutorial.py took 1.701 seconds
[2024-10-27T14:39:44.448+0000] {processor.py:186} INFO - Started process (PID=1384) to work on /home/airflow/.local/lib/python3.12/site-packages/airflow/example_dags/tutorial.py
[2024-10-27T14:39:44.470+0000] {processor.py:914} INFO - Processing file /home/airflow/.local/lib/python3.12/site-packages/airflow/example_dags/tutorial.py for tasks to queue
[2024-10-27T14:39:44.484+0000] {logging_mixin.py:190} INFO - [2024-10-27T14:39:44.483+0000] {dagbag.py:588} INFO - Filling up the DagBag from /home/airflow/.local/lib/python3.12/site-packages/airflow/example_dags/tutorial.py
[2024-10-27T14:39:44.560+0000] {processor.py:925} INFO - DAG(s) 'tutorial' retrieved from /home/airflow/.local/lib/python3.12/site-packages/airflow/example_dags/tutorial.py
[2024-10-27T14:39:44.830+0000] {logging_mixin.py:190} INFO - [2024-10-27T14:39:44.830+0000] {dag.py:3239} INFO - Sync 1 DAGs
[2024-10-27T14:39:45.166+0000] {logging_mixin.py:190} INFO - [2024-10-27T14:39:45.166+0000] {dag.py:4180} INFO - Setting next_dagrun for tutorial to 2024-10-26 00:00:00+00:00, run_after=2024-10-27 00:00:00+00:00
[2024-10-27T14:39:45.344+0000] {processor.py:208} INFO - Processing /home/airflow/.local/lib/python3.12/site-packages/airflow/example_dags/tutorial.py took 0.929 seconds
[2024-10-27T14:40:15.745+0000] {processor.py:186} INFO - Started process (PID=1447) to work on /home/airflow/.local/lib/python3.12/site-packages/airflow/example_dags/tutorial.py
[2024-10-27T14:40:15.749+0000] {processor.py:914} INFO - Processing file /home/airflow/.local/lib/python3.12/site-packages/airflow/example_dags/tutorial.py for tasks to queue
[2024-10-27T14:40:15.767+0000] {logging_mixin.py:190} INFO - [2024-10-27T14:40:15.767+0000] {dagbag.py:588} INFO - Filling up the DagBag from /home/airflow/.local/lib/python3.12/site-packages/airflow/example_dags/tutorial.py
[2024-10-27T14:40:15.805+0000] {processor.py:925} INFO - DAG(s) 'tutorial' retrieved from /home/airflow/.local/lib/python3.12/site-packages/airflow/example_dags/tutorial.py
[2024-10-27T14:40:15.938+0000] {logging_mixin.py:190} INFO - [2024-10-27T14:40:15.938+0000] {dag.py:3239} INFO - Sync 1 DAGs
[2024-10-27T14:40:16.051+0000] {logging_mixin.py:190} INFO - [2024-10-27T14:40:16.051+0000] {dag.py:4180} INFO - Setting next_dagrun for tutorial to 2024-10-26 00:00:00+00:00, run_after=2024-10-27 00:00:00+00:00
[2024-10-27T14:40:16.189+0000] {processor.py:208} INFO - Processing /home/airflow/.local/lib/python3.12/site-packages/airflow/example_dags/tutorial.py took 0.480 seconds
[2024-10-27T14:48:14.536+0000] {processor.py:186} INFO - Started process (PID=131) to work on /home/airflow/.local/lib/python3.12/site-packages/airflow/example_dags/tutorial.py
[2024-10-27T14:48:14.540+0000] {processor.py:914} INFO - Processing file /home/airflow/.local/lib/python3.12/site-packages/airflow/example_dags/tutorial.py for tasks to queue
[2024-10-27T14:48:14.649+0000] {logging_mixin.py:190} INFO - [2024-10-27T14:48:14.647+0000] {dagbag.py:588} INFO - Filling up the DagBag from /home/airflow/.local/lib/python3.12/site-packages/airflow/example_dags/tutorial.py
[2024-10-27T14:48:14.827+0000] {processor.py:925} INFO - DAG(s) 'tutorial' retrieved from /home/airflow/.local/lib/python3.12/site-packages/airflow/example_dags/tutorial.py
[2024-10-27T14:48:15.080+0000] {logging_mixin.py:190} INFO - [2024-10-27T14:48:15.079+0000] {dag.py:3239} INFO - Sync 1 DAGs
[2024-10-27T14:48:15.344+0000] {logging_mixin.py:190} INFO - [2024-10-27T14:48:15.343+0000] {dag.py:4180} INFO - Setting next_dagrun for tutorial to 2024-10-26 00:00:00+00:00, run_after=2024-10-27 00:00:00+00:00
[2024-10-27T14:48:15.692+0000] {processor.py:208} INFO - Processing /home/airflow/.local/lib/python3.12/site-packages/airflow/example_dags/tutorial.py took 1.241 seconds
[2024-10-27T14:49:20.267+0000] {processor.py:186} INFO - Started process (PID=200) to work on /home/airflow/.local/lib/python3.12/site-packages/airflow/example_dags/tutorial.py
[2024-10-27T14:49:20.280+0000] {processor.py:914} INFO - Processing file /home/airflow/.local/lib/python3.12/site-packages/airflow/example_dags/tutorial.py for tasks to queue
[2024-10-27T14:49:20.314+0000] {logging_mixin.py:190} INFO - [2024-10-27T14:49:20.305+0000] {dagbag.py:588} INFO - Filling up the DagBag from /home/airflow/.local/lib/python3.12/site-packages/airflow/example_dags/tutorial.py
[2024-10-27T14:49:20.460+0000] {processor.py:925} INFO - DAG(s) 'tutorial' retrieved from /home/airflow/.local/lib/python3.12/site-packages/airflow/example_dags/tutorial.py
[2024-10-27T14:49:20.847+0000] {logging_mixin.py:190} INFO - [2024-10-27T14:49:20.846+0000] {dag.py:3239} INFO - Sync 1 DAGs
[2024-10-27T14:49:21.152+0000] {logging_mixin.py:190} INFO - [2024-10-27T14:49:21.151+0000] {dag.py:4180} INFO - Setting next_dagrun for tutorial to 2024-10-26 00:00:00+00:00, run_after=2024-10-27 00:00:00+00:00
[2024-10-27T14:49:21.493+0000] {processor.py:208} INFO - Processing /home/airflow/.local/lib/python3.12/site-packages/airflow/example_dags/tutorial.py took 1.436 seconds
[2024-10-27T14:50:51.301+0000] {processor.py:186} INFO - Started process (PID=280) to work on /home/airflow/.local/lib/python3.12/site-packages/airflow/example_dags/tutorial.py
[2024-10-27T14:50:51.317+0000] {processor.py:914} INFO - Processing file /home/airflow/.local/lib/python3.12/site-packages/airflow/example_dags/tutorial.py for tasks to queue
[2024-10-27T14:50:51.348+0000] {logging_mixin.py:190} INFO - [2024-10-27T14:50:51.347+0000] {dagbag.py:588} INFO - Filling up the DagBag from /home/airflow/.local/lib/python3.12/site-packages/airflow/example_dags/tutorial.py
[2024-10-27T14:50:51.484+0000] {processor.py:925} INFO - DAG(s) 'tutorial' retrieved from /home/airflow/.local/lib/python3.12/site-packages/airflow/example_dags/tutorial.py
[2024-10-27T14:50:51.746+0000] {logging_mixin.py:190} INFO - [2024-10-27T14:50:51.745+0000] {dag.py:3239} INFO - Sync 1 DAGs
[2024-10-27T14:50:52.175+0000] {logging_mixin.py:190} INFO - [2024-10-27T14:50:52.174+0000] {dag.py:4180} INFO - Setting next_dagrun for tutorial to 2024-10-26 00:00:00+00:00, run_after=2024-10-27 00:00:00+00:00
[2024-10-27T14:50:52.412+0000] {processor.py:208} INFO - Processing /home/airflow/.local/lib/python3.12/site-packages/airflow/example_dags/tutorial.py took 1.275 seconds
[2024-10-27T14:51:44.858+0000] {processor.py:186} INFO - Started process (PID=351) to work on /home/airflow/.local/lib/python3.12/site-packages/airflow/example_dags/tutorial.py
[2024-10-27T14:51:44.882+0000] {processor.py:914} INFO - Processing file /home/airflow/.local/lib/python3.12/site-packages/airflow/example_dags/tutorial.py for tasks to queue
[2024-10-27T14:51:44.899+0000] {logging_mixin.py:190} INFO - [2024-10-27T14:51:44.898+0000] {dagbag.py:588} INFO - Filling up the DagBag from /home/airflow/.local/lib/python3.12/site-packages/airflow/example_dags/tutorial.py
[2024-10-27T14:51:45.012+0000] {processor.py:925} INFO - DAG(s) 'tutorial' retrieved from /home/airflow/.local/lib/python3.12/site-packages/airflow/example_dags/tutorial.py
[2024-10-27T14:51:45.624+0000] {logging_mixin.py:190} INFO - [2024-10-27T14:51:45.623+0000] {dag.py:3239} INFO - Sync 1 DAGs
[2024-10-27T14:51:45.933+0000] {logging_mixin.py:190} INFO - [2024-10-27T14:51:45.932+0000] {dag.py:4180} INFO - Setting next_dagrun for tutorial to 2024-10-26 00:00:00+00:00, run_after=2024-10-27 00:00:00+00:00
[2024-10-27T14:51:46.191+0000] {processor.py:208} INFO - Processing /home/airflow/.local/lib/python3.12/site-packages/airflow/example_dags/tutorial.py took 1.399 seconds
[2024-10-27T14:52:32.658+0000] {processor.py:186} INFO - Started process (PID=420) to work on /home/airflow/.local/lib/python3.12/site-packages/airflow/example_dags/tutorial.py
[2024-10-27T14:52:32.688+0000] {processor.py:914} INFO - Processing file /home/airflow/.local/lib/python3.12/site-packages/airflow/example_dags/tutorial.py for tasks to queue
[2024-10-27T14:52:32.701+0000] {logging_mixin.py:190} INFO - [2024-10-27T14:52:32.699+0000] {dagbag.py:588} INFO - Filling up the DagBag from /home/airflow/.local/lib/python3.12/site-packages/airflow/example_dags/tutorial.py
[2024-10-27T14:52:32.809+0000] {processor.py:925} INFO - DAG(s) 'tutorial' retrieved from /home/airflow/.local/lib/python3.12/site-packages/airflow/example_dags/tutorial.py
[2024-10-27T14:52:33.024+0000] {logging_mixin.py:190} INFO - [2024-10-27T14:52:33.024+0000] {dag.py:3239} INFO - Sync 1 DAGs
[2024-10-27T14:52:33.571+0000] {logging_mixin.py:190} INFO - [2024-10-27T14:52:33.570+0000] {dag.py:4180} INFO - Setting next_dagrun for tutorial to 2024-10-26 00:00:00+00:00, run_after=2024-10-27 00:00:00+00:00
[2024-10-27T14:52:34.012+0000] {processor.py:208} INFO - Processing /home/airflow/.local/lib/python3.12/site-packages/airflow/example_dags/tutorial.py took 1.479 seconds
[2024-10-27T14:53:14.288+0000] {processor.py:186} INFO - Started process (PID=479) to work on /home/airflow/.local/lib/python3.12/site-packages/airflow/example_dags/tutorial.py
[2024-10-27T14:53:14.316+0000] {processor.py:914} INFO - Processing file /home/airflow/.local/lib/python3.12/site-packages/airflow/example_dags/tutorial.py for tasks to queue
[2024-10-27T14:53:14.539+0000] {logging_mixin.py:190} INFO - [2024-10-27T14:53:14.496+0000] {dagbag.py:588} INFO - Filling up the DagBag from /home/airflow/.local/lib/python3.12/site-packages/airflow/example_dags/tutorial.py
[2024-10-27T14:53:14.905+0000] {processor.py:925} INFO - DAG(s) 'tutorial' retrieved from /home/airflow/.local/lib/python3.12/site-packages/airflow/example_dags/tutorial.py
[2024-10-27T14:53:15.620+0000] {logging_mixin.py:190} INFO - [2024-10-27T14:53:15.619+0000] {dag.py:3239} INFO - Sync 1 DAGs
[2024-10-27T14:53:16.290+0000] {logging_mixin.py:190} INFO - [2024-10-27T14:53:16.289+0000] {dag.py:4180} INFO - Setting next_dagrun for tutorial to 2024-10-26 00:00:00+00:00, run_after=2024-10-27 00:00:00+00:00
[2024-10-27T14:53:16.677+0000] {processor.py:208} INFO - Processing /home/airflow/.local/lib/python3.12/site-packages/airflow/example_dags/tutorial.py took 2.635 seconds
[2024-10-27T14:54:30.344+0000] {processor.py:186} INFO - Started process (PID=550) to work on /home/airflow/.local/lib/python3.12/site-packages/airflow/example_dags/tutorial.py
[2024-10-27T14:54:30.377+0000] {processor.py:914} INFO - Processing file /home/airflow/.local/lib/python3.12/site-packages/airflow/example_dags/tutorial.py for tasks to queue
[2024-10-27T14:54:30.447+0000] {logging_mixin.py:190} INFO - [2024-10-27T14:54:30.424+0000] {dagbag.py:588} INFO - Filling up the DagBag from /home/airflow/.local/lib/python3.12/site-packages/airflow/example_dags/tutorial.py
[2024-10-27T14:54:30.668+0000] {processor.py:925} INFO - DAG(s) 'tutorial' retrieved from /home/airflow/.local/lib/python3.12/site-packages/airflow/example_dags/tutorial.py
[2024-10-27T14:54:31.259+0000] {logging_mixin.py:190} INFO - [2024-10-27T14:54:31.258+0000] {dag.py:3239} INFO - Sync 1 DAGs
[2024-10-27T14:54:31.651+0000] {logging_mixin.py:190} INFO - [2024-10-27T14:54:31.650+0000] {dag.py:4180} INFO - Setting next_dagrun for tutorial to 2024-10-26 00:00:00+00:00, run_after=2024-10-27 00:00:00+00:00
[2024-10-27T14:54:32.130+0000] {processor.py:208} INFO - Processing /home/airflow/.local/lib/python3.12/site-packages/airflow/example_dags/tutorial.py took 1.837 seconds
[2024-10-27T14:56:04.120+0000] {processor.py:186} INFO - Started process (PID=619) to work on /home/airflow/.local/lib/python3.12/site-packages/airflow/example_dags/tutorial.py
[2024-10-27T14:56:04.154+0000] {processor.py:914} INFO - Processing file /home/airflow/.local/lib/python3.12/site-packages/airflow/example_dags/tutorial.py for tasks to queue
[2024-10-27T14:56:04.184+0000] {logging_mixin.py:190} INFO - [2024-10-27T14:56:04.183+0000] {dagbag.py:588} INFO - Filling up the DagBag from /home/airflow/.local/lib/python3.12/site-packages/airflow/example_dags/tutorial.py
[2024-10-27T14:56:04.328+0000] {processor.py:925} INFO - DAG(s) 'tutorial' retrieved from /home/airflow/.local/lib/python3.12/site-packages/airflow/example_dags/tutorial.py
[2024-10-27T14:56:04.581+0000] {logging_mixin.py:190} INFO - [2024-10-27T14:56:04.580+0000] {dag.py:3239} INFO - Sync 1 DAGs
[2024-10-27T14:56:04.772+0000] {logging_mixin.py:190} INFO - [2024-10-27T14:56:04.772+0000] {dag.py:4180} INFO - Setting next_dagrun for tutorial to 2024-10-26 00:00:00+00:00, run_after=2024-10-27 00:00:00+00:00
[2024-10-27T14:56:04.967+0000] {processor.py:208} INFO - Processing /home/airflow/.local/lib/python3.12/site-packages/airflow/example_dags/tutorial.py took 1.015 seconds
[2024-10-27T14:56:35.627+0000] {processor.py:186} INFO - Started process (PID=681) to work on /home/airflow/.local/lib/python3.12/site-packages/airflow/example_dags/tutorial.py
[2024-10-27T14:56:35.643+0000] {processor.py:914} INFO - Processing file /home/airflow/.local/lib/python3.12/site-packages/airflow/example_dags/tutorial.py for tasks to queue
[2024-10-27T14:56:35.692+0000] {logging_mixin.py:190} INFO - [2024-10-27T14:56:35.679+0000] {dagbag.py:588} INFO - Filling up the DagBag from /home/airflow/.local/lib/python3.12/site-packages/airflow/example_dags/tutorial.py
[2024-10-27T14:56:35.914+0000] {processor.py:925} INFO - DAG(s) 'tutorial' retrieved from /home/airflow/.local/lib/python3.12/site-packages/airflow/example_dags/tutorial.py
[2024-10-27T14:56:36.198+0000] {logging_mixin.py:190} INFO - [2024-10-27T14:56:36.197+0000] {dag.py:3239} INFO - Sync 1 DAGs
[2024-10-27T14:56:36.440+0000] {logging_mixin.py:190} INFO - [2024-10-27T14:56:36.439+0000] {dag.py:4180} INFO - Setting next_dagrun for tutorial to 2024-10-26 00:00:00+00:00, run_after=2024-10-27 00:00:00+00:00
[2024-10-27T14:56:36.674+0000] {processor.py:208} INFO - Processing /home/airflow/.local/lib/python3.12/site-packages/airflow/example_dags/tutorial.py took 1.100 seconds
[2024-10-27T14:57:13.601+0000] {processor.py:186} INFO - Started process (PID=744) to work on /home/airflow/.local/lib/python3.12/site-packages/airflow/example_dags/tutorial.py
[2024-10-27T14:57:13.605+0000] {processor.py:914} INFO - Processing file /home/airflow/.local/lib/python3.12/site-packages/airflow/example_dags/tutorial.py for tasks to queue
[2024-10-27T14:57:13.639+0000] {logging_mixin.py:190} INFO - [2024-10-27T14:57:13.638+0000] {dagbag.py:588} INFO - Filling up the DagBag from /home/airflow/.local/lib/python3.12/site-packages/airflow/example_dags/tutorial.py
[2024-10-27T14:57:13.699+0000] {processor.py:925} INFO - DAG(s) 'tutorial' retrieved from /home/airflow/.local/lib/python3.12/site-packages/airflow/example_dags/tutorial.py
[2024-10-27T14:57:13.800+0000] {logging_mixin.py:190} INFO - [2024-10-27T14:57:13.799+0000] {dag.py:3239} INFO - Sync 1 DAGs
[2024-10-27T14:57:13.952+0000] {logging_mixin.py:190} INFO - [2024-10-27T14:57:13.952+0000] {dag.py:4180} INFO - Setting next_dagrun for tutorial to 2024-10-26 00:00:00+00:00, run_after=2024-10-27 00:00:00+00:00
[2024-10-27T14:57:14.062+0000] {processor.py:208} INFO - Processing /home/airflow/.local/lib/python3.12/site-packages/airflow/example_dags/tutorial.py took 0.503 seconds
[2024-10-27T14:57:44.783+0000] {processor.py:186} INFO - Started process (PID=806) to work on /home/airflow/.local/lib/python3.12/site-packages/airflow/example_dags/tutorial.py
[2024-10-27T14:57:44.784+0000] {processor.py:914} INFO - Processing file /home/airflow/.local/lib/python3.12/site-packages/airflow/example_dags/tutorial.py for tasks to queue
[2024-10-27T14:57:44.787+0000] {logging_mixin.py:190} INFO - [2024-10-27T14:57:44.786+0000] {dagbag.py:588} INFO - Filling up the DagBag from /home/airflow/.local/lib/python3.12/site-packages/airflow/example_dags/tutorial.py
[2024-10-27T14:57:44.794+0000] {processor.py:925} INFO - DAG(s) 'tutorial' retrieved from /home/airflow/.local/lib/python3.12/site-packages/airflow/example_dags/tutorial.py
[2024-10-27T14:57:44.814+0000] {logging_mixin.py:190} INFO - [2024-10-27T14:57:44.813+0000] {dag.py:3239} INFO - Sync 1 DAGs
[2024-10-27T14:57:44.839+0000] {logging_mixin.py:190} INFO - [2024-10-27T14:57:44.839+0000] {dag.py:4180} INFO - Setting next_dagrun for tutorial to 2024-10-26 00:00:00+00:00, run_after=2024-10-27 00:00:00+00:00
[2024-10-27T14:57:44.859+0000] {processor.py:208} INFO - Processing /home/airflow/.local/lib/python3.12/site-packages/airflow/example_dags/tutorial.py took 0.082 seconds
[2024-10-27T14:58:15.381+0000] {processor.py:186} INFO - Started process (PID=870) to work on /home/airflow/.local/lib/python3.12/site-packages/airflow/example_dags/tutorial.py
[2024-10-27T14:58:15.382+0000] {processor.py:914} INFO - Processing file /home/airflow/.local/lib/python3.12/site-packages/airflow/example_dags/tutorial.py for tasks to queue
[2024-10-27T14:58:15.385+0000] {logging_mixin.py:190} INFO - [2024-10-27T14:58:15.385+0000] {dagbag.py:588} INFO - Filling up the DagBag from /home/airflow/.local/lib/python3.12/site-packages/airflow/example_dags/tutorial.py
[2024-10-27T14:58:15.396+0000] {processor.py:925} INFO - DAG(s) 'tutorial' retrieved from /home/airflow/.local/lib/python3.12/site-packages/airflow/example_dags/tutorial.py
[2024-10-27T14:58:15.418+0000] {logging_mixin.py:190} INFO - [2024-10-27T14:58:15.418+0000] {dag.py:3239} INFO - Sync 1 DAGs
[2024-10-27T14:58:15.446+0000] {logging_mixin.py:190} INFO - [2024-10-27T14:58:15.445+0000] {dag.py:4180} INFO - Setting next_dagrun for tutorial to 2024-10-26 00:00:00+00:00, run_after=2024-10-27 00:00:00+00:00
[2024-10-27T14:58:15.469+0000] {processor.py:208} INFO - Processing /home/airflow/.local/lib/python3.12/site-packages/airflow/example_dags/tutorial.py took 0.095 seconds
[2024-10-27T14:58:45.669+0000] {processor.py:186} INFO - Started process (PID=934) to work on /home/airflow/.local/lib/python3.12/site-packages/airflow/example_dags/tutorial.py
[2024-10-27T14:58:45.671+0000] {processor.py:914} INFO - Processing file /home/airflow/.local/lib/python3.12/site-packages/airflow/example_dags/tutorial.py for tasks to queue
[2024-10-27T14:58:45.678+0000] {logging_mixin.py:190} INFO - [2024-10-27T14:58:45.677+0000] {dagbag.py:588} INFO - Filling up the DagBag from /home/airflow/.local/lib/python3.12/site-packages/airflow/example_dags/tutorial.py
[2024-10-27T14:58:45.712+0000] {processor.py:925} INFO - DAG(s) 'tutorial' retrieved from /home/airflow/.local/lib/python3.12/site-packages/airflow/example_dags/tutorial.py
[2024-10-27T14:58:45.869+0000] {logging_mixin.py:190} INFO - [2024-10-27T14:58:45.869+0000] {dag.py:3239} INFO - Sync 1 DAGs
[2024-10-27T14:58:45.979+0000] {logging_mixin.py:190} INFO - [2024-10-27T14:58:45.978+0000] {dag.py:4180} INFO - Setting next_dagrun for tutorial to 2024-10-26 00:00:00+00:00, run_after=2024-10-27 00:00:00+00:00
[2024-10-27T14:58:46.062+0000] {processor.py:208} INFO - Processing /home/airflow/.local/lib/python3.12/site-packages/airflow/example_dags/tutorial.py took 0.414 seconds
[2024-10-27T15:06:25.683+0000] {processor.py:186} INFO - Started process (PID=105) to work on /home/airflow/.local/lib/python3.12/site-packages/airflow/example_dags/tutorial.py
[2024-10-27T15:06:25.711+0000] {processor.py:914} INFO - Processing file /home/airflow/.local/lib/python3.12/site-packages/airflow/example_dags/tutorial.py for tasks to queue
[2024-10-27T15:06:25.719+0000] {logging_mixin.py:190} INFO - [2024-10-27T15:06:25.718+0000] {dagbag.py:588} INFO - Filling up the DagBag from /home/airflow/.local/lib/python3.12/site-packages/airflow/example_dags/tutorial.py
[2024-10-27T15:06:25.858+0000] {processor.py:925} INFO - DAG(s) 'tutorial' retrieved from /home/airflow/.local/lib/python3.12/site-packages/airflow/example_dags/tutorial.py
[2024-10-27T15:06:26.145+0000] {logging_mixin.py:190} INFO - [2024-10-27T15:06:26.144+0000] {dag.py:3239} INFO - Sync 1 DAGs
[2024-10-27T15:06:26.487+0000] {logging_mixin.py:190} INFO - [2024-10-27T15:06:26.476+0000] {dag.py:4180} INFO - Setting next_dagrun for tutorial to 2024-10-26 00:00:00+00:00, run_after=2024-10-27 00:00:00+00:00
[2024-10-27T15:06:26.838+0000] {processor.py:208} INFO - Processing /home/airflow/.local/lib/python3.12/site-packages/airflow/example_dags/tutorial.py took 1.226 seconds
[2024-10-27T15:07:16.999+0000] {processor.py:186} INFO - Started process (PID=174) to work on /home/airflow/.local/lib/python3.12/site-packages/airflow/example_dags/tutorial.py
[2024-10-27T15:07:17.026+0000] {processor.py:914} INFO - Processing file /home/airflow/.local/lib/python3.12/site-packages/airflow/example_dags/tutorial.py for tasks to queue
[2024-10-27T15:07:17.064+0000] {logging_mixin.py:190} INFO - [2024-10-27T15:07:17.063+0000] {dagbag.py:588} INFO - Filling up the DagBag from /home/airflow/.local/lib/python3.12/site-packages/airflow/example_dags/tutorial.py
[2024-10-27T15:07:17.151+0000] {processor.py:925} INFO - DAG(s) 'tutorial' retrieved from /home/airflow/.local/lib/python3.12/site-packages/airflow/example_dags/tutorial.py
[2024-10-27T15:07:17.369+0000] {logging_mixin.py:190} INFO - [2024-10-27T15:07:17.368+0000] {dag.py:3239} INFO - Sync 1 DAGs
[2024-10-27T15:07:17.681+0000] {logging_mixin.py:190} INFO - [2024-10-27T15:07:17.680+0000] {dag.py:4180} INFO - Setting next_dagrun for tutorial to 2024-10-26 00:00:00+00:00, run_after=2024-10-27 00:00:00+00:00
[2024-10-27T15:07:18.134+0000] {processor.py:208} INFO - Processing /home/airflow/.local/lib/python3.12/site-packages/airflow/example_dags/tutorial.py took 1.185 seconds
[2024-10-27T15:07:57.954+0000] {processor.py:186} INFO - Started process (PID=236) to work on /home/airflow/.local/lib/python3.12/site-packages/airflow/example_dags/tutorial.py
[2024-10-27T15:07:57.962+0000] {processor.py:914} INFO - Processing file /home/airflow/.local/lib/python3.12/site-packages/airflow/example_dags/tutorial.py for tasks to queue
[2024-10-27T15:07:57.977+0000] {logging_mixin.py:190} INFO - [2024-10-27T15:07:57.975+0000] {dagbag.py:588} INFO - Filling up the DagBag from /home/airflow/.local/lib/python3.12/site-packages/airflow/example_dags/tutorial.py
[2024-10-27T15:07:58.020+0000] {processor.py:925} INFO - DAG(s) 'tutorial' retrieved from /home/airflow/.local/lib/python3.12/site-packages/airflow/example_dags/tutorial.py
[2024-10-27T15:07:58.095+0000] {logging_mixin.py:190} INFO - [2024-10-27T15:07:58.094+0000] {dag.py:3239} INFO - Sync 1 DAGs
[2024-10-27T15:07:58.201+0000] {logging_mixin.py:190} INFO - [2024-10-27T15:07:58.201+0000] {dag.py:4180} INFO - Setting next_dagrun for tutorial to 2024-10-26 00:00:00+00:00, run_after=2024-10-27 00:00:00+00:00
[2024-10-27T15:07:58.286+0000] {processor.py:208} INFO - Processing /home/airflow/.local/lib/python3.12/site-packages/airflow/example_dags/tutorial.py took 0.373 seconds
[2024-10-27T15:08:42.306+0000] {processor.py:186} INFO - Started process (PID=305) to work on /home/airflow/.local/lib/python3.12/site-packages/airflow/example_dags/tutorial.py
[2024-10-27T15:08:42.317+0000] {processor.py:914} INFO - Processing file /home/airflow/.local/lib/python3.12/site-packages/airflow/example_dags/tutorial.py for tasks to queue
[2024-10-27T15:08:42.347+0000] {logging_mixin.py:190} INFO - [2024-10-27T15:08:42.346+0000] {dagbag.py:588} INFO - Filling up the DagBag from /home/airflow/.local/lib/python3.12/site-packages/airflow/example_dags/tutorial.py
[2024-10-27T15:08:42.458+0000] {processor.py:925} INFO - DAG(s) 'tutorial' retrieved from /home/airflow/.local/lib/python3.12/site-packages/airflow/example_dags/tutorial.py
[2024-10-27T15:08:42.677+0000] {logging_mixin.py:190} INFO - [2024-10-27T15:08:42.675+0000] {dag.py:3239} INFO - Sync 1 DAGs
[2024-10-27T15:08:43.183+0000] {logging_mixin.py:190} INFO - [2024-10-27T15:08:43.176+0000] {dag.py:4180} INFO - Setting next_dagrun for tutorial to 2024-10-26 00:00:00+00:00, run_after=2024-10-27 00:00:00+00:00
[2024-10-27T15:08:43.527+0000] {processor.py:208} INFO - Processing /home/airflow/.local/lib/python3.12/site-packages/airflow/example_dags/tutorial.py took 1.328 seconds
[2024-10-27T15:09:34.056+0000] {processor.py:186} INFO - Started process (PID=374) to work on /home/airflow/.local/lib/python3.12/site-packages/airflow/example_dags/tutorial.py
[2024-10-27T15:09:34.059+0000] {processor.py:914} INFO - Processing file /home/airflow/.local/lib/python3.12/site-packages/airflow/example_dags/tutorial.py for tasks to queue
[2024-10-27T15:09:34.067+0000] {logging_mixin.py:190} INFO - [2024-10-27T15:09:34.066+0000] {dagbag.py:588} INFO - Filling up the DagBag from /home/airflow/.local/lib/python3.12/site-packages/airflow/example_dags/tutorial.py
[2024-10-27T15:09:34.089+0000] {processor.py:925} INFO - DAG(s) 'tutorial' retrieved from /home/airflow/.local/lib/python3.12/site-packages/airflow/example_dags/tutorial.py
[2024-10-27T15:09:34.140+0000] {logging_mixin.py:190} INFO - [2024-10-27T15:09:34.140+0000] {dag.py:3239} INFO - Sync 1 DAGs
[2024-10-27T15:09:34.198+0000] {logging_mixin.py:190} INFO - [2024-10-27T15:09:34.197+0000] {dag.py:4180} INFO - Setting next_dagrun for tutorial to 2024-10-26 00:00:00+00:00, run_after=2024-10-27 00:00:00+00:00
[2024-10-27T15:09:34.240+0000] {processor.py:208} INFO - Processing /home/airflow/.local/lib/python3.12/site-packages/airflow/example_dags/tutorial.py took 0.199 seconds
[2024-10-27T15:10:06.235+0000] {processor.py:186} INFO - Started process (PID=437) to work on /home/airflow/.local/lib/python3.12/site-packages/airflow/example_dags/tutorial.py
[2024-10-27T15:10:06.244+0000] {processor.py:914} INFO - Processing file /home/airflow/.local/lib/python3.12/site-packages/airflow/example_dags/tutorial.py for tasks to queue
[2024-10-27T15:10:06.252+0000] {logging_mixin.py:190} INFO - [2024-10-27T15:10:06.251+0000] {dagbag.py:588} INFO - Filling up the DagBag from /home/airflow/.local/lib/python3.12/site-packages/airflow/example_dags/tutorial.py
[2024-10-27T15:10:06.277+0000] {processor.py:925} INFO - DAG(s) 'tutorial' retrieved from /home/airflow/.local/lib/python3.12/site-packages/airflow/example_dags/tutorial.py
[2024-10-27T15:10:06.327+0000] {logging_mixin.py:190} INFO - [2024-10-27T15:10:06.326+0000] {dag.py:3239} INFO - Sync 1 DAGs
[2024-10-27T15:10:06.421+0000] {logging_mixin.py:190} INFO - [2024-10-27T15:10:06.420+0000] {dag.py:4180} INFO - Setting next_dagrun for tutorial to 2024-10-26 00:00:00+00:00, run_after=2024-10-27 00:00:00+00:00
[2024-10-27T15:10:06.570+0000] {processor.py:208} INFO - Processing /home/airflow/.local/lib/python3.12/site-packages/airflow/example_dags/tutorial.py took 0.358 seconds
[2024-10-27T15:10:38.066+0000] {processor.py:186} INFO - Started process (PID=500) to work on /home/airflow/.local/lib/python3.12/site-packages/airflow/example_dags/tutorial.py
[2024-10-27T15:10:38.071+0000] {processor.py:914} INFO - Processing file /home/airflow/.local/lib/python3.12/site-packages/airflow/example_dags/tutorial.py for tasks to queue
[2024-10-27T15:10:38.082+0000] {logging_mixin.py:190} INFO - [2024-10-27T15:10:38.081+0000] {dagbag.py:588} INFO - Filling up the DagBag from /home/airflow/.local/lib/python3.12/site-packages/airflow/example_dags/tutorial.py
[2024-10-27T15:10:38.125+0000] {processor.py:925} INFO - DAG(s) 'tutorial' retrieved from /home/airflow/.local/lib/python3.12/site-packages/airflow/example_dags/tutorial.py
[2024-10-27T15:10:38.245+0000] {logging_mixin.py:190} INFO - [2024-10-27T15:10:38.244+0000] {dag.py:3239} INFO - Sync 1 DAGs
[2024-10-27T15:10:38.348+0000] {logging_mixin.py:190} INFO - [2024-10-27T15:10:38.348+0000] {dag.py:4180} INFO - Setting next_dagrun for tutorial to 2024-10-26 00:00:00+00:00, run_after=2024-10-27 00:00:00+00:00
[2024-10-27T15:10:38.423+0000] {processor.py:208} INFO - Processing /home/airflow/.local/lib/python3.12/site-packages/airflow/example_dags/tutorial.py took 0.384 seconds
[2024-10-27T15:11:10.143+0000] {processor.py:186} INFO - Started process (PID=563) to work on /home/airflow/.local/lib/python3.12/site-packages/airflow/example_dags/tutorial.py
[2024-10-27T15:11:10.164+0000] {processor.py:914} INFO - Processing file /home/airflow/.local/lib/python3.12/site-packages/airflow/example_dags/tutorial.py for tasks to queue
[2024-10-27T15:11:10.213+0000] {logging_mixin.py:190} INFO - [2024-10-27T15:11:10.187+0000] {dagbag.py:588} INFO - Filling up the DagBag from /home/airflow/.local/lib/python3.12/site-packages/airflow/example_dags/tutorial.py
[2024-10-27T15:11:10.261+0000] {processor.py:925} INFO - DAG(s) 'tutorial' retrieved from /home/airflow/.local/lib/python3.12/site-packages/airflow/example_dags/tutorial.py
[2024-10-27T15:11:10.401+0000] {logging_mixin.py:190} INFO - [2024-10-27T15:11:10.401+0000] {dag.py:3239} INFO - Sync 1 DAGs
[2024-10-27T15:11:10.605+0000] {logging_mixin.py:190} INFO - [2024-10-27T15:11:10.604+0000] {dag.py:4180} INFO - Setting next_dagrun for tutorial to 2024-10-26 00:00:00+00:00, run_after=2024-10-27 00:00:00+00:00
[2024-10-27T15:11:10.737+0000] {processor.py:208} INFO - Processing /home/airflow/.local/lib/python3.12/site-packages/airflow/example_dags/tutorial.py took 0.633 seconds
[2024-10-27T15:11:41.130+0000] {processor.py:186} INFO - Started process (PID=626) to work on /home/airflow/.local/lib/python3.12/site-packages/airflow/example_dags/tutorial.py
[2024-10-27T15:11:41.132+0000] {processor.py:914} INFO - Processing file /home/airflow/.local/lib/python3.12/site-packages/airflow/example_dags/tutorial.py for tasks to queue
[2024-10-27T15:11:41.136+0000] {logging_mixin.py:190} INFO - [2024-10-27T15:11:41.136+0000] {dagbag.py:588} INFO - Filling up the DagBag from /home/airflow/.local/lib/python3.12/site-packages/airflow/example_dags/tutorial.py
[2024-10-27T15:11:41.150+0000] {processor.py:925} INFO - DAG(s) 'tutorial' retrieved from /home/airflow/.local/lib/python3.12/site-packages/airflow/example_dags/tutorial.py
[2024-10-27T15:11:41.183+0000] {logging_mixin.py:190} INFO - [2024-10-27T15:11:41.183+0000] {dag.py:3239} INFO - Sync 1 DAGs
[2024-10-27T15:11:41.236+0000] {logging_mixin.py:190} INFO - [2024-10-27T15:11:41.236+0000] {dag.py:4180} INFO - Setting next_dagrun for tutorial to 2024-10-26 00:00:00+00:00, run_after=2024-10-27 00:00:00+00:00
[2024-10-27T15:11:41.285+0000] {processor.py:208} INFO - Processing /home/airflow/.local/lib/python3.12/site-packages/airflow/example_dags/tutorial.py took 0.165 seconds
[2024-10-27T15:14:14.751+0000] {processor.py:186} INFO - Started process (PID=684) to work on /home/airflow/.local/lib/python3.12/site-packages/airflow/example_dags/tutorial.py
[2024-10-27T15:14:14.809+0000] {processor.py:914} INFO - Processing file /home/airflow/.local/lib/python3.12/site-packages/airflow/example_dags/tutorial.py for tasks to queue
[2024-10-27T15:14:15.104+0000] {logging_mixin.py:190} INFO - [2024-10-27T15:14:15.065+0000] {dagbag.py:588} INFO - Filling up the DagBag from /home/airflow/.local/lib/python3.12/site-packages/airflow/example_dags/tutorial.py
[2024-10-27T15:14:16.288+0000] {processor.py:925} INFO - DAG(s) 'tutorial' retrieved from /home/airflow/.local/lib/python3.12/site-packages/airflow/example_dags/tutorial.py
[2024-10-27T15:14:17.717+0000] {logging_mixin.py:190} INFO - [2024-10-27T15:14:17.715+0000] {dag.py:3239} INFO - Sync 1 DAGs
[2024-10-27T15:14:20.202+0000] {logging_mixin.py:190} INFO - [2024-10-27T15:14:20.199+0000] {dag.py:4180} INFO - Setting next_dagrun for tutorial to 2024-10-26 00:00:00+00:00, run_after=2024-10-27 00:00:00+00:00
[2024-10-27T15:14:21.492+0000] {processor.py:208} INFO - Processing /home/airflow/.local/lib/python3.12/site-packages/airflow/example_dags/tutorial.py took 7.604 seconds
[2024-10-27T15:19:36.017+0000] {processor.py:186} INFO - Started process (PID=800) to work on /home/airflow/.local/lib/python3.12/site-packages/airflow/example_dags/tutorial.py
[2024-10-27T15:19:36.073+0000] {processor.py:914} INFO - Processing file /home/airflow/.local/lib/python3.12/site-packages/airflow/example_dags/tutorial.py for tasks to queue
[2024-10-27T15:19:36.238+0000] {logging_mixin.py:190} INFO - [2024-10-27T15:19:36.235+0000] {dagbag.py:588} INFO - Filling up the DagBag from /home/airflow/.local/lib/python3.12/site-packages/airflow/example_dags/tutorial.py
[2024-10-27T15:19:37.232+0000] {processor.py:925} INFO - DAG(s) 'tutorial' retrieved from /home/airflow/.local/lib/python3.12/site-packages/airflow/example_dags/tutorial.py
[2024-10-27T15:19:38.627+0000] {logging_mixin.py:190} INFO - [2024-10-27T15:19:38.625+0000] {dag.py:3239} INFO - Sync 1 DAGs
[2024-10-27T15:19:41.055+0000] {logging_mixin.py:190} INFO - [2024-10-27T15:19:41.052+0000] {dag.py:4180} INFO - Setting next_dagrun for tutorial to 2024-10-26 00:00:00+00:00, run_after=2024-10-27 00:00:00+00:00
[2024-10-27T15:19:42.332+0000] {processor.py:208} INFO - Processing /home/airflow/.local/lib/python3.12/site-packages/airflow/example_dags/tutorial.py took 7.205 seconds
[2024-10-27T15:26:37.217+0000] {processor.py:186} INFO - Started process (PID=922) to work on /home/airflow/.local/lib/python3.12/site-packages/airflow/example_dags/tutorial.py
[2024-10-27T15:26:37.253+0000] {processor.py:914} INFO - Processing file /home/airflow/.local/lib/python3.12/site-packages/airflow/example_dags/tutorial.py for tasks to queue
[2024-10-27T15:26:37.488+0000] {logging_mixin.py:190} INFO - [2024-10-27T15:26:37.358+0000] {dagbag.py:588} INFO - Filling up the DagBag from /home/airflow/.local/lib/python3.12/site-packages/airflow/example_dags/tutorial.py
[2024-10-27T15:26:38.291+0000] {processor.py:925} INFO - DAG(s) 'tutorial' retrieved from /home/airflow/.local/lib/python3.12/site-packages/airflow/example_dags/tutorial.py
[2024-10-27T15:26:39.955+0000] {logging_mixin.py:190} INFO - [2024-10-27T15:26:39.953+0000] {dag.py:3239} INFO - Sync 1 DAGs
[2024-10-27T15:26:44.417+0000] {logging_mixin.py:190} INFO - [2024-10-27T15:26:44.415+0000] {dag.py:4180} INFO - Setting next_dagrun for tutorial to 2024-10-26 00:00:00+00:00, run_after=2024-10-27 00:00:00+00:00
[2024-10-27T15:26:46.833+0000] {processor.py:208} INFO - Processing /home/airflow/.local/lib/python3.12/site-packages/airflow/example_dags/tutorial.py took 9.879 seconds
[2024-10-27T15:29:21.896+0000] {processor.py:186} INFO - Started process (PID=1003) to work on /home/airflow/.local/lib/python3.12/site-packages/airflow/example_dags/tutorial.py
[2024-10-27T15:29:21.903+0000] {processor.py:914} INFO - Processing file /home/airflow/.local/lib/python3.12/site-packages/airflow/example_dags/tutorial.py for tasks to queue
[2024-10-27T15:29:21.927+0000] {logging_mixin.py:190} INFO - [2024-10-27T15:29:21.926+0000] {dagbag.py:588} INFO - Filling up the DagBag from /home/airflow/.local/lib/python3.12/site-packages/airflow/example_dags/tutorial.py
[2024-10-27T15:29:22.086+0000] {processor.py:925} INFO - DAG(s) 'tutorial' retrieved from /home/airflow/.local/lib/python3.12/site-packages/airflow/example_dags/tutorial.py
[2024-10-27T15:29:22.872+0000] {logging_mixin.py:190} INFO - [2024-10-27T15:29:22.837+0000] {dag.py:3239} INFO - Sync 1 DAGs
[2024-10-27T15:29:23.234+0000] {logging_mixin.py:190} INFO - [2024-10-27T15:29:23.233+0000] {dag.py:4180} INFO - Setting next_dagrun for tutorial to 2024-10-26 00:00:00+00:00, run_after=2024-10-27 00:00:00+00:00
[2024-10-27T15:29:23.333+0000] {processor.py:208} INFO - Processing /home/airflow/.local/lib/python3.12/site-packages/airflow/example_dags/tutorial.py took 1.495 seconds
[2024-10-27T16:09:29.391+0000] {processor.py:186} INFO - Started process (PID=492) to work on /home/airflow/.local/lib/python3.12/site-packages/airflow/example_dags/tutorial.py
[2024-10-27T16:09:29.423+0000] {processor.py:914} INFO - Processing file /home/airflow/.local/lib/python3.12/site-packages/airflow/example_dags/tutorial.py for tasks to queue
[2024-10-27T16:09:29.477+0000] {logging_mixin.py:190} INFO - [2024-10-27T16:09:29.476+0000] {dagbag.py:588} INFO - Filling up the DagBag from /home/airflow/.local/lib/python3.12/site-packages/airflow/example_dags/tutorial.py
[2024-10-27T16:09:30.060+0000] {processor.py:925} INFO - DAG(s) 'tutorial' retrieved from /home/airflow/.local/lib/python3.12/site-packages/airflow/example_dags/tutorial.py
[2024-10-27T16:09:31.250+0000] {logging_mixin.py:190} INFO - [2024-10-27T16:09:31.249+0000] {dag.py:3239} INFO - Sync 1 DAGs
[2024-10-27T16:09:32.086+0000] {logging_mixin.py:190} INFO - [2024-10-27T16:09:32.085+0000] {dag.py:4180} INFO - Setting next_dagrun for tutorial to 2024-10-26 00:00:00+00:00, run_after=2024-10-27 00:00:00+00:00
[2024-10-27T16:09:33.253+0000] {processor.py:208} INFO - Processing /home/airflow/.local/lib/python3.12/site-packages/airflow/example_dags/tutorial.py took 3.944 seconds
