[2024-11-02T13:13:18.779+0000] {processor.py:186} INFO - Started process (PID=148) to work on /home/airflow/.local/lib/python3.12/site-packages/airflow/example_dags/example_task_group_decorator.py
[2024-11-02T13:13:18.800+0000] {processor.py:914} INFO - Processing file /home/airflow/.local/lib/python3.12/site-packages/airflow/example_dags/example_task_group_decorator.py for tasks to queue
[2024-11-02T13:13:18.922+0000] {logging_mixin.py:190} INFO - [2024-11-02T13:13:18.921+0000] {dagbag.py:588} INFO - Filling up the DagBag from /home/airflow/.local/lib/python3.12/site-packages/airflow/example_dags/example_task_group_decorator.py
[2024-11-02T13:13:19.428+0000] {processor.py:925} INFO - DAG(s) 'example_task_group_decorator' retrieved from /home/airflow/.local/lib/python3.12/site-packages/airflow/example_dags/example_task_group_decorator.py
[2024-11-02T13:13:20.456+0000] {logging_mixin.py:190} INFO - [2024-11-02T13:13:20.455+0000] {dag.py:3239} INFO - Sync 1 DAGs
[2024-11-02T13:13:21.253+0000] {logging_mixin.py:190} INFO - [2024-11-02T13:13:21.101+0000] {dag.py:4180} INFO - Setting next_dagrun for example_task_group_decorator to None, run_after=None
[2024-11-02T13:13:21.691+0000] {processor.py:208} INFO - Processing /home/airflow/.local/lib/python3.12/site-packages/airflow/example_dags/example_task_group_decorator.py took 4.134 seconds
[2024-11-02T13:15:20.156+0000] {processor.py:186} INFO - Started process (PID=228) to work on /home/airflow/.local/lib/python3.12/site-packages/airflow/example_dags/example_task_group_decorator.py
[2024-11-02T13:15:20.161+0000] {processor.py:914} INFO - Processing file /home/airflow/.local/lib/python3.12/site-packages/airflow/example_dags/example_task_group_decorator.py for tasks to queue
[2024-11-02T13:15:20.213+0000] {logging_mixin.py:190} INFO - [2024-11-02T13:15:20.211+0000] {dagbag.py:588} INFO - Filling up the DagBag from /home/airflow/.local/lib/python3.12/site-packages/airflow/example_dags/example_task_group_decorator.py
[2024-11-02T13:15:20.703+0000] {processor.py:925} INFO - DAG(s) 'example_task_group_decorator' retrieved from /home/airflow/.local/lib/python3.12/site-packages/airflow/example_dags/example_task_group_decorator.py
[2024-11-02T13:15:21.767+0000] {logging_mixin.py:190} INFO - [2024-11-02T13:15:21.766+0000] {dag.py:3239} INFO - Sync 1 DAGs
[2024-11-02T13:15:22.059+0000] {logging_mixin.py:190} INFO - [2024-11-02T13:15:22.058+0000] {dag.py:4180} INFO - Setting next_dagrun for example_task_group_decorator to None, run_after=None
[2024-11-02T13:15:22.425+0000] {processor.py:208} INFO - Processing /home/airflow/.local/lib/python3.12/site-packages/airflow/example_dags/example_task_group_decorator.py took 2.379 seconds
[2024-11-02T13:18:55.829+0000] {processor.py:186} INFO - Started process (PID=303) to work on /home/airflow/.local/lib/python3.12/site-packages/airflow/example_dags/example_task_group_decorator.py
[2024-11-02T13:18:55.848+0000] {processor.py:914} INFO - Processing file /home/airflow/.local/lib/python3.12/site-packages/airflow/example_dags/example_task_group_decorator.py for tasks to queue
[2024-11-02T13:18:55.853+0000] {logging_mixin.py:190} INFO - [2024-11-02T13:18:55.852+0000] {dagbag.py:588} INFO - Filling up the DagBag from /home/airflow/.local/lib/python3.12/site-packages/airflow/example_dags/example_task_group_decorator.py
[2024-11-02T13:18:56.599+0000] {processor.py:925} INFO - DAG(s) 'example_task_group_decorator' retrieved from /home/airflow/.local/lib/python3.12/site-packages/airflow/example_dags/example_task_group_decorator.py
[2024-11-02T13:18:57.294+0000] {logging_mixin.py:190} INFO - [2024-11-02T13:18:57.294+0000] {dag.py:3239} INFO - Sync 1 DAGs
[2024-11-02T13:18:57.579+0000] {logging_mixin.py:190} INFO - [2024-11-02T13:18:57.545+0000] {dag.py:4180} INFO - Setting next_dagrun for example_task_group_decorator to None, run_after=None
[2024-11-02T13:18:58.254+0000] {processor.py:208} INFO - Processing /home/airflow/.local/lib/python3.12/site-packages/airflow/example_dags/example_task_group_decorator.py took 2.543 seconds
[2024-11-02T13:20:54.272+0000] {processor.py:186} INFO - Started process (PID=380) to work on /home/airflow/.local/lib/python3.12/site-packages/airflow/example_dags/example_task_group_decorator.py
[2024-11-02T13:20:54.295+0000] {processor.py:914} INFO - Processing file /home/airflow/.local/lib/python3.12/site-packages/airflow/example_dags/example_task_group_decorator.py for tasks to queue
[2024-11-02T13:20:54.302+0000] {logging_mixin.py:190} INFO - [2024-11-02T13:20:54.301+0000] {dagbag.py:588} INFO - Filling up the DagBag from /home/airflow/.local/lib/python3.12/site-packages/airflow/example_dags/example_task_group_decorator.py
[2024-11-02T13:20:54.470+0000] {processor.py:925} INFO - DAG(s) 'example_task_group_decorator' retrieved from /home/airflow/.local/lib/python3.12/site-packages/airflow/example_dags/example_task_group_decorator.py
[2024-11-02T13:20:56.038+0000] {logging_mixin.py:190} INFO - [2024-11-02T13:20:56.035+0000] {dag.py:3239} INFO - Sync 1 DAGs
[2024-11-02T13:20:56.594+0000] {logging_mixin.py:190} INFO - [2024-11-02T13:20:56.593+0000] {dag.py:4180} INFO - Setting next_dagrun for example_task_group_decorator to None, run_after=None
[2024-11-02T13:20:56.968+0000] {processor.py:208} INFO - Processing /home/airflow/.local/lib/python3.12/site-packages/airflow/example_dags/example_task_group_decorator.py took 2.808 seconds
[2024-11-02T13:22:05.084+0000] {processor.py:186} INFO - Started process (PID=432) to work on /home/airflow/.local/lib/python3.12/site-packages/airflow/example_dags/example_task_group_decorator.py
[2024-11-02T13:22:05.102+0000] {processor.py:914} INFO - Processing file /home/airflow/.local/lib/python3.12/site-packages/airflow/example_dags/example_task_group_decorator.py for tasks to queue
[2024-11-02T13:22:05.107+0000] {logging_mixin.py:190} INFO - [2024-11-02T13:22:05.106+0000] {dagbag.py:588} INFO - Filling up the DagBag from /home/airflow/.local/lib/python3.12/site-packages/airflow/example_dags/example_task_group_decorator.py
[2024-11-02T13:22:05.641+0000] {processor.py:925} INFO - DAG(s) 'example_task_group_decorator' retrieved from /home/airflow/.local/lib/python3.12/site-packages/airflow/example_dags/example_task_group_decorator.py
[2024-11-02T13:22:05.900+0000] {logging_mixin.py:190} INFO - [2024-11-02T13:22:05.900+0000] {dag.py:3239} INFO - Sync 1 DAGs
[2024-11-02T13:22:06.107+0000] {logging_mixin.py:190} INFO - [2024-11-02T13:22:06.106+0000] {dag.py:4180} INFO - Setting next_dagrun for example_task_group_decorator to None, run_after=None
[2024-11-02T13:22:06.307+0000] {processor.py:208} INFO - Processing /home/airflow/.local/lib/python3.12/site-packages/airflow/example_dags/example_task_group_decorator.py took 1.346 seconds
[2024-11-02T13:23:43.404+0000] {processor.py:186} INFO - Started process (PID=494) to work on /home/airflow/.local/lib/python3.12/site-packages/airflow/example_dags/example_task_group_decorator.py
[2024-11-02T13:23:43.413+0000] {processor.py:914} INFO - Processing file /home/airflow/.local/lib/python3.12/site-packages/airflow/example_dags/example_task_group_decorator.py for tasks to queue
[2024-11-02T13:23:43.418+0000] {logging_mixin.py:190} INFO - [2024-11-02T13:23:43.417+0000] {dagbag.py:588} INFO - Filling up the DagBag from /home/airflow/.local/lib/python3.12/site-packages/airflow/example_dags/example_task_group_decorator.py
[2024-11-02T13:23:43.800+0000] {processor.py:925} INFO - DAG(s) 'example_task_group_decorator' retrieved from /home/airflow/.local/lib/python3.12/site-packages/airflow/example_dags/example_task_group_decorator.py
[2024-11-02T13:23:44.428+0000] {logging_mixin.py:190} INFO - [2024-11-02T13:23:44.427+0000] {dag.py:3239} INFO - Sync 1 DAGs
[2024-11-02T13:23:45.631+0000] {logging_mixin.py:190} INFO - [2024-11-02T13:23:45.630+0000] {dag.py:4180} INFO - Setting next_dagrun for example_task_group_decorator to None, run_after=None
[2024-11-02T13:23:46.106+0000] {processor.py:208} INFO - Processing /home/airflow/.local/lib/python3.12/site-packages/airflow/example_dags/example_task_group_decorator.py took 2.791 seconds
[2024-11-02T13:27:19.349+0000] {processor.py:186} INFO - Started process (PID=561) to work on /home/airflow/.local/lib/python3.12/site-packages/airflow/example_dags/example_task_group_decorator.py
[2024-11-02T13:27:19.539+0000] {processor.py:914} INFO - Processing file /home/airflow/.local/lib/python3.12/site-packages/airflow/example_dags/example_task_group_decorator.py for tasks to queue
[2024-11-02T13:27:19.683+0000] {logging_mixin.py:190} INFO - [2024-11-02T13:27:19.650+0000] {dagbag.py:588} INFO - Filling up the DagBag from /home/airflow/.local/lib/python3.12/site-packages/airflow/example_dags/example_task_group_decorator.py
[2024-11-02T13:27:24.768+0000] {processor.py:925} INFO - DAG(s) 'example_task_group_decorator' retrieved from /home/airflow/.local/lib/python3.12/site-packages/airflow/example_dags/example_task_group_decorator.py
[2024-11-02T13:27:31.186+0000] {logging_mixin.py:190} INFO - [2024-11-02T13:27:31.185+0000] {dag.py:3239} INFO - Sync 1 DAGs
[2024-11-02T13:27:32.116+0000] {logging_mixin.py:190} INFO - [2024-11-02T13:27:32.115+0000] {dag.py:4180} INFO - Setting next_dagrun for example_task_group_decorator to None, run_after=None
[2024-11-02T13:27:34.174+0000] {processor.py:208} INFO - Processing /home/airflow/.local/lib/python3.12/site-packages/airflow/example_dags/example_task_group_decorator.py took 15.303 seconds
[2024-11-02T13:30:46.163+0000] {processor.py:186} INFO - Started process (PID=637) to work on /home/airflow/.local/lib/python3.12/site-packages/airflow/example_dags/example_task_group_decorator.py
[2024-11-02T13:30:46.197+0000] {processor.py:914} INFO - Processing file /home/airflow/.local/lib/python3.12/site-packages/airflow/example_dags/example_task_group_decorator.py for tasks to queue
[2024-11-02T13:30:46.210+0000] {logging_mixin.py:190} INFO - [2024-11-02T13:30:46.209+0000] {dagbag.py:588} INFO - Filling up the DagBag from /home/airflow/.local/lib/python3.12/site-packages/airflow/example_dags/example_task_group_decorator.py
[2024-11-02T13:30:47.543+0000] {processor.py:925} INFO - DAG(s) 'example_task_group_decorator' retrieved from /home/airflow/.local/lib/python3.12/site-packages/airflow/example_dags/example_task_group_decorator.py
[2024-11-02T13:30:50.249+0000] {logging_mixin.py:190} INFO - [2024-11-02T13:30:50.215+0000] {dag.py:3239} INFO - Sync 1 DAGs
[2024-11-02T13:30:51.945+0000] {logging_mixin.py:190} INFO - [2024-11-02T13:30:51.935+0000] {dag.py:4180} INFO - Setting next_dagrun for example_task_group_decorator to None, run_after=None
[2024-11-02T13:30:52.897+0000] {processor.py:208} INFO - Processing /home/airflow/.local/lib/python3.12/site-packages/airflow/example_dags/example_task_group_decorator.py took 6.848 seconds
[2024-11-02T13:34:35.711+0000] {processor.py:186} INFO - Started process (PID=721) to work on /home/airflow/.local/lib/python3.12/site-packages/airflow/example_dags/example_task_group_decorator.py
[2024-11-02T13:34:35.715+0000] {processor.py:914} INFO - Processing file /home/airflow/.local/lib/python3.12/site-packages/airflow/example_dags/example_task_group_decorator.py for tasks to queue
[2024-11-02T13:34:35.723+0000] {logging_mixin.py:190} INFO - [2024-11-02T13:34:35.722+0000] {dagbag.py:588} INFO - Filling up the DagBag from /home/airflow/.local/lib/python3.12/site-packages/airflow/example_dags/example_task_group_decorator.py
[2024-11-02T13:34:37.240+0000] {processor.py:925} INFO - DAG(s) 'example_task_group_decorator' retrieved from /home/airflow/.local/lib/python3.12/site-packages/airflow/example_dags/example_task_group_decorator.py
[2024-11-02T13:34:38.734+0000] {logging_mixin.py:190} INFO - [2024-11-02T13:34:38.733+0000] {dag.py:3239} INFO - Sync 1 DAGs
[2024-11-02T13:34:39.276+0000] {logging_mixin.py:190} INFO - [2024-11-02T13:34:39.276+0000] {dag.py:4180} INFO - Setting next_dagrun for example_task_group_decorator to None, run_after=None
[2024-11-02T13:34:40.118+0000] {processor.py:208} INFO - Processing /home/airflow/.local/lib/python3.12/site-packages/airflow/example_dags/example_task_group_decorator.py took 4.549 seconds
[2024-11-02T13:39:32.350+0000] {processor.py:186} INFO - Started process (PID=819) to work on /home/airflow/.local/lib/python3.12/site-packages/airflow/example_dags/example_task_group_decorator.py
[2024-11-02T13:39:32.431+0000] {processor.py:914} INFO - Processing file /home/airflow/.local/lib/python3.12/site-packages/airflow/example_dags/example_task_group_decorator.py for tasks to queue
[2024-11-02T13:39:32.489+0000] {logging_mixin.py:190} INFO - [2024-11-02T13:39:32.484+0000] {dagbag.py:588} INFO - Filling up the DagBag from /home/airflow/.local/lib/python3.12/site-packages/airflow/example_dags/example_task_group_decorator.py
[2024-11-02T13:39:33.669+0000] {processor.py:925} INFO - DAG(s) 'example_task_group_decorator' retrieved from /home/airflow/.local/lib/python3.12/site-packages/airflow/example_dags/example_task_group_decorator.py
[2024-11-02T13:39:34.710+0000] {logging_mixin.py:190} INFO - [2024-11-02T13:39:34.694+0000] {dag.py:3239} INFO - Sync 1 DAGs
[2024-11-02T13:39:35.210+0000] {logging_mixin.py:190} INFO - [2024-11-02T13:39:35.210+0000] {dag.py:4180} INFO - Setting next_dagrun for example_task_group_decorator to None, run_after=None
[2024-11-02T13:39:36.026+0000] {processor.py:208} INFO - Processing /home/airflow/.local/lib/python3.12/site-packages/airflow/example_dags/example_task_group_decorator.py took 3.825 seconds
[2024-11-02T13:40:59.137+0000] {processor.py:186} INFO - Started process (PID=887) to work on /home/airflow/.local/lib/python3.12/site-packages/airflow/example_dags/example_task_group_decorator.py
[2024-11-02T13:40:59.171+0000] {processor.py:914} INFO - Processing file /home/airflow/.local/lib/python3.12/site-packages/airflow/example_dags/example_task_group_decorator.py for tasks to queue
[2024-11-02T13:40:59.195+0000] {logging_mixin.py:190} INFO - [2024-11-02T13:40:59.183+0000] {dagbag.py:588} INFO - Filling up the DagBag from /home/airflow/.local/lib/python3.12/site-packages/airflow/example_dags/example_task_group_decorator.py
[2024-11-02T13:40:59.386+0000] {processor.py:925} INFO - DAG(s) 'example_task_group_decorator' retrieved from /home/airflow/.local/lib/python3.12/site-packages/airflow/example_dags/example_task_group_decorator.py
[2024-11-02T13:40:59.766+0000] {logging_mixin.py:190} INFO - [2024-11-02T13:40:59.765+0000] {dag.py:3239} INFO - Sync 1 DAGs
[2024-11-02T13:41:00.048+0000] {logging_mixin.py:190} INFO - [2024-11-02T13:41:00.047+0000] {dag.py:4180} INFO - Setting next_dagrun for example_task_group_decorator to None, run_after=None
[2024-11-02T13:41:00.363+0000] {processor.py:208} INFO - Processing /home/airflow/.local/lib/python3.12/site-packages/airflow/example_dags/example_task_group_decorator.py took 1.393 seconds
[2024-11-02T13:43:12.639+0000] {processor.py:186} INFO - Started process (PID=975) to work on /home/airflow/.local/lib/python3.12/site-packages/airflow/example_dags/example_task_group_decorator.py
[2024-11-02T13:43:12.666+0000] {processor.py:914} INFO - Processing file /home/airflow/.local/lib/python3.12/site-packages/airflow/example_dags/example_task_group_decorator.py for tasks to queue
[2024-11-02T13:43:12.683+0000] {logging_mixin.py:190} INFO - [2024-11-02T13:43:12.682+0000] {dagbag.py:588} INFO - Filling up the DagBag from /home/airflow/.local/lib/python3.12/site-packages/airflow/example_dags/example_task_group_decorator.py
[2024-11-02T13:43:13.569+0000] {processor.py:925} INFO - DAG(s) 'example_task_group_decorator' retrieved from /home/airflow/.local/lib/python3.12/site-packages/airflow/example_dags/example_task_group_decorator.py
[2024-11-02T13:43:13.836+0000] {logging_mixin.py:190} INFO - [2024-11-02T13:43:13.835+0000] {dag.py:3239} INFO - Sync 1 DAGs
[2024-11-02T13:43:14.270+0000] {logging_mixin.py:190} INFO - [2024-11-02T13:43:14.253+0000] {dag.py:4180} INFO - Setting next_dagrun for example_task_group_decorator to None, run_after=None
[2024-11-02T13:43:15.176+0000] {processor.py:208} INFO - Processing /home/airflow/.local/lib/python3.12/site-packages/airflow/example_dags/example_task_group_decorator.py took 2.618 seconds
[2024-11-02T13:44:45.225+0000] {processor.py:186} INFO - Started process (PID=1036) to work on /home/airflow/.local/lib/python3.12/site-packages/airflow/example_dags/example_task_group_decorator.py
[2024-11-02T13:44:45.323+0000] {processor.py:914} INFO - Processing file /home/airflow/.local/lib/python3.12/site-packages/airflow/example_dags/example_task_group_decorator.py for tasks to queue
[2024-11-02T13:44:45.343+0000] {logging_mixin.py:190} INFO - [2024-11-02T13:44:45.332+0000] {dagbag.py:588} INFO - Filling up the DagBag from /home/airflow/.local/lib/python3.12/site-packages/airflow/example_dags/example_task_group_decorator.py
[2024-11-02T13:44:45.744+0000] {processor.py:925} INFO - DAG(s) 'example_task_group_decorator' retrieved from /home/airflow/.local/lib/python3.12/site-packages/airflow/example_dags/example_task_group_decorator.py
[2024-11-02T13:44:46.102+0000] {logging_mixin.py:190} INFO - [2024-11-02T13:44:46.102+0000] {dag.py:3239} INFO - Sync 1 DAGs
[2024-11-02T13:44:46.335+0000] {logging_mixin.py:190} INFO - [2024-11-02T13:44:46.298+0000] {dag.py:4180} INFO - Setting next_dagrun for example_task_group_decorator to None, run_after=None
[2024-11-02T13:44:46.608+0000] {processor.py:208} INFO - Processing /home/airflow/.local/lib/python3.12/site-packages/airflow/example_dags/example_task_group_decorator.py took 1.503 seconds
[2024-11-02T13:48:21.884+0000] {processor.py:186} INFO - Started process (PID=1109) to work on /home/airflow/.local/lib/python3.12/site-packages/airflow/example_dags/example_task_group_decorator.py
[2024-11-02T13:48:21.924+0000] {processor.py:914} INFO - Processing file /home/airflow/.local/lib/python3.12/site-packages/airflow/example_dags/example_task_group_decorator.py for tasks to queue
[2024-11-02T13:48:21.935+0000] {logging_mixin.py:190} INFO - [2024-11-02T13:48:21.934+0000] {dagbag.py:588} INFO - Filling up the DagBag from /home/airflow/.local/lib/python3.12/site-packages/airflow/example_dags/example_task_group_decorator.py
[2024-11-02T13:48:22.776+0000] {processor.py:925} INFO - DAG(s) 'example_task_group_decorator' retrieved from /home/airflow/.local/lib/python3.12/site-packages/airflow/example_dags/example_task_group_decorator.py
[2024-11-02T13:48:24.341+0000] {logging_mixin.py:190} INFO - [2024-11-02T13:48:24.340+0000] {dag.py:3239} INFO - Sync 1 DAGs
[2024-11-02T13:48:25.045+0000] {logging_mixin.py:190} INFO - [2024-11-02T13:48:25.044+0000] {dag.py:4180} INFO - Setting next_dagrun for example_task_group_decorator to None, run_after=None
[2024-11-02T13:48:25.469+0000] {processor.py:208} INFO - Processing /home/airflow/.local/lib/python3.12/site-packages/airflow/example_dags/example_task_group_decorator.py took 3.700 seconds
[2024-11-02T13:49:23.087+0000] {processor.py:186} INFO - Started process (PID=1154) to work on /home/airflow/.local/lib/python3.12/site-packages/airflow/example_dags/example_task_group_decorator.py
[2024-11-02T13:49:23.105+0000] {processor.py:914} INFO - Processing file /home/airflow/.local/lib/python3.12/site-packages/airflow/example_dags/example_task_group_decorator.py for tasks to queue
[2024-11-02T13:49:23.111+0000] {logging_mixin.py:190} INFO - [2024-11-02T13:49:23.109+0000] {dagbag.py:588} INFO - Filling up the DagBag from /home/airflow/.local/lib/python3.12/site-packages/airflow/example_dags/example_task_group_decorator.py
[2024-11-02T13:49:23.465+0000] {processor.py:925} INFO - DAG(s) 'example_task_group_decorator' retrieved from /home/airflow/.local/lib/python3.12/site-packages/airflow/example_dags/example_task_group_decorator.py
[2024-11-02T13:49:24.373+0000] {logging_mixin.py:190} INFO - [2024-11-02T13:49:24.373+0000] {dag.py:3239} INFO - Sync 1 DAGs
[2024-11-02T13:49:24.749+0000] {logging_mixin.py:190} INFO - [2024-11-02T13:49:24.748+0000] {dag.py:4180} INFO - Setting next_dagrun for example_task_group_decorator to None, run_after=None
[2024-11-02T13:49:25.216+0000] {processor.py:208} INFO - Processing /home/airflow/.local/lib/python3.12/site-packages/airflow/example_dags/example_task_group_decorator.py took 2.249 seconds
[2024-11-02T13:50:24.423+0000] {processor.py:186} INFO - Started process (PID=1205) to work on /home/airflow/.local/lib/python3.12/site-packages/airflow/example_dags/example_task_group_decorator.py
[2024-11-02T13:50:24.468+0000] {processor.py:914} INFO - Processing file /home/airflow/.local/lib/python3.12/site-packages/airflow/example_dags/example_task_group_decorator.py for tasks to queue
[2024-11-02T13:50:24.484+0000] {logging_mixin.py:190} INFO - [2024-11-02T13:50:24.476+0000] {dagbag.py:588} INFO - Filling up the DagBag from /home/airflow/.local/lib/python3.12/site-packages/airflow/example_dags/example_task_group_decorator.py
[2024-11-02T13:50:24.721+0000] {processor.py:925} INFO - DAG(s) 'example_task_group_decorator' retrieved from /home/airflow/.local/lib/python3.12/site-packages/airflow/example_dags/example_task_group_decorator.py
[2024-11-02T13:50:24.969+0000] {logging_mixin.py:190} INFO - [2024-11-02T13:50:24.968+0000] {dag.py:3239} INFO - Sync 1 DAGs
[2024-11-02T13:50:25.168+0000] {logging_mixin.py:190} INFO - [2024-11-02T13:50:25.167+0000] {dag.py:4180} INFO - Setting next_dagrun for example_task_group_decorator to None, run_after=None
[2024-11-02T13:50:25.354+0000] {processor.py:208} INFO - Processing /home/airflow/.local/lib/python3.12/site-packages/airflow/example_dags/example_task_group_decorator.py took 1.012 seconds
[2024-11-02T13:51:39.243+0000] {processor.py:186} INFO - Started process (PID=1260) to work on /home/airflow/.local/lib/python3.12/site-packages/airflow/example_dags/example_task_group_decorator.py
[2024-11-02T13:51:39.393+0000] {processor.py:914} INFO - Processing file /home/airflow/.local/lib/python3.12/site-packages/airflow/example_dags/example_task_group_decorator.py for tasks to queue
[2024-11-02T13:51:39.525+0000] {logging_mixin.py:190} INFO - [2024-11-02T13:51:39.443+0000] {dagbag.py:588} INFO - Filling up the DagBag from /home/airflow/.local/lib/python3.12/site-packages/airflow/example_dags/example_task_group_decorator.py
[2024-11-02T13:51:42.081+0000] {processor.py:925} INFO - DAG(s) 'example_task_group_decorator' retrieved from /home/airflow/.local/lib/python3.12/site-packages/airflow/example_dags/example_task_group_decorator.py
[2024-11-02T13:51:50.045+0000] {logging_mixin.py:190} INFO - [2024-11-02T13:51:50.043+0000] {dag.py:3239} INFO - Sync 1 DAGs
[2024-11-02T13:51:50.516+0000] {logging_mixin.py:190} INFO - [2024-11-02T13:51:50.515+0000] {dag.py:4180} INFO - Setting next_dagrun for example_task_group_decorator to None, run_after=None
[2024-11-02T13:51:50.810+0000] {processor.py:208} INFO - Processing /home/airflow/.local/lib/python3.12/site-packages/airflow/example_dags/example_task_group_decorator.py took 11.852 seconds
[2024-11-02T13:53:58.518+0000] {processor.py:186} INFO - Started process (PID=1316) to work on /home/airflow/.local/lib/python3.12/site-packages/airflow/example_dags/example_task_group_decorator.py
[2024-11-02T13:53:58.563+0000] {processor.py:914} INFO - Processing file /home/airflow/.local/lib/python3.12/site-packages/airflow/example_dags/example_task_group_decorator.py for tasks to queue
[2024-11-02T13:53:58.570+0000] {logging_mixin.py:190} INFO - [2024-11-02T13:53:58.568+0000] {dagbag.py:588} INFO - Filling up the DagBag from /home/airflow/.local/lib/python3.12/site-packages/airflow/example_dags/example_task_group_decorator.py
[2024-11-02T13:53:59.035+0000] {processor.py:925} INFO - DAG(s) 'example_task_group_decorator' retrieved from /home/airflow/.local/lib/python3.12/site-packages/airflow/example_dags/example_task_group_decorator.py
[2024-11-02T13:53:59.679+0000] {logging_mixin.py:190} INFO - [2024-11-02T13:53:59.678+0000] {dag.py:3239} INFO - Sync 1 DAGs
[2024-11-02T13:54:00.053+0000] {logging_mixin.py:190} INFO - [2024-11-02T13:54:00.052+0000] {dag.py:4180} INFO - Setting next_dagrun for example_task_group_decorator to None, run_after=None
[2024-11-02T13:54:00.924+0000] {processor.py:208} INFO - Processing /home/airflow/.local/lib/python3.12/site-packages/airflow/example_dags/example_task_group_decorator.py took 2.966 seconds
[2024-11-02T13:55:10.347+0000] {processor.py:186} INFO - Started process (PID=1381) to work on /home/airflow/.local/lib/python3.12/site-packages/airflow/example_dags/example_task_group_decorator.py
[2024-11-02T13:55:10.364+0000] {processor.py:914} INFO - Processing file /home/airflow/.local/lib/python3.12/site-packages/airflow/example_dags/example_task_group_decorator.py for tasks to queue
[2024-11-02T13:55:10.379+0000] {logging_mixin.py:190} INFO - [2024-11-02T13:55:10.378+0000] {dagbag.py:588} INFO - Filling up the DagBag from /home/airflow/.local/lib/python3.12/site-packages/airflow/example_dags/example_task_group_decorator.py
[2024-11-02T13:55:11.126+0000] {processor.py:925} INFO - DAG(s) 'example_task_group_decorator' retrieved from /home/airflow/.local/lib/python3.12/site-packages/airflow/example_dags/example_task_group_decorator.py
[2024-11-02T13:55:11.280+0000] {logging_mixin.py:190} INFO - [2024-11-02T13:55:11.279+0000] {dag.py:3239} INFO - Sync 1 DAGs
[2024-11-02T13:55:11.747+0000] {logging_mixin.py:190} INFO - [2024-11-02T13:55:11.746+0000] {dag.py:4180} INFO - Setting next_dagrun for example_task_group_decorator to None, run_after=None
[2024-11-02T13:55:12.215+0000] {processor.py:208} INFO - Processing /home/airflow/.local/lib/python3.12/site-packages/airflow/example_dags/example_task_group_decorator.py took 1.964 seconds
[2024-11-02T13:57:32.510+0000] {processor.py:186} INFO - Started process (PID=1474) to work on /home/airflow/.local/lib/python3.12/site-packages/airflow/example_dags/example_task_group_decorator.py
[2024-11-02T13:57:32.543+0000] {processor.py:914} INFO - Processing file /home/airflow/.local/lib/python3.12/site-packages/airflow/example_dags/example_task_group_decorator.py for tasks to queue
[2024-11-02T13:57:32.730+0000] {logging_mixin.py:190} INFO - [2024-11-02T13:57:32.645+0000] {dagbag.py:588} INFO - Filling up the DagBag from /home/airflow/.local/lib/python3.12/site-packages/airflow/example_dags/example_task_group_decorator.py
[2024-11-02T13:57:34.115+0000] {processor.py:925} INFO - DAG(s) 'example_task_group_decorator' retrieved from /home/airflow/.local/lib/python3.12/site-packages/airflow/example_dags/example_task_group_decorator.py
[2024-11-02T13:57:34.593+0000] {logging_mixin.py:190} INFO - [2024-11-02T13:57:34.592+0000] {dag.py:3239} INFO - Sync 1 DAGs
[2024-11-02T13:57:34.951+0000] {logging_mixin.py:190} INFO - [2024-11-02T13:57:34.950+0000] {dag.py:4180} INFO - Setting next_dagrun for example_task_group_decorator to None, run_after=None
[2024-11-02T13:57:35.247+0000] {processor.py:208} INFO - Processing /home/airflow/.local/lib/python3.12/site-packages/airflow/example_dags/example_task_group_decorator.py took 2.978 seconds
[2024-11-02T13:59:08.343+0000] {processor.py:186} INFO - Started process (PID=1535) to work on /home/airflow/.local/lib/python3.12/site-packages/airflow/example_dags/example_task_group_decorator.py
[2024-11-02T13:59:08.404+0000] {processor.py:914} INFO - Processing file /home/airflow/.local/lib/python3.12/site-packages/airflow/example_dags/example_task_group_decorator.py for tasks to queue
[2024-11-02T13:59:08.421+0000] {logging_mixin.py:190} INFO - [2024-11-02T13:59:08.420+0000] {dagbag.py:588} INFO - Filling up the DagBag from /home/airflow/.local/lib/python3.12/site-packages/airflow/example_dags/example_task_group_decorator.py
[2024-11-02T13:59:08.968+0000] {processor.py:925} INFO - DAG(s) 'example_task_group_decorator' retrieved from /home/airflow/.local/lib/python3.12/site-packages/airflow/example_dags/example_task_group_decorator.py
[2024-11-02T13:59:09.572+0000] {logging_mixin.py:190} INFO - [2024-11-02T13:59:09.571+0000] {dag.py:3239} INFO - Sync 1 DAGs
[2024-11-02T13:59:10.047+0000] {logging_mixin.py:190} INFO - [2024-11-02T13:59:10.046+0000] {dag.py:4180} INFO - Setting next_dagrun for example_task_group_decorator to None, run_after=None
[2024-11-02T13:59:10.415+0000] {processor.py:208} INFO - Processing /home/airflow/.local/lib/python3.12/site-packages/airflow/example_dags/example_task_group_decorator.py took 2.204 seconds
[2024-11-02T14:01:06.964+0000] {processor.py:186} INFO - Started process (PID=1598) to work on /home/airflow/.local/lib/python3.12/site-packages/airflow/example_dags/example_task_group_decorator.py
[2024-11-02T14:01:06.990+0000] {processor.py:914} INFO - Processing file /home/airflow/.local/lib/python3.12/site-packages/airflow/example_dags/example_task_group_decorator.py for tasks to queue
[2024-11-02T14:01:07.018+0000] {logging_mixin.py:190} INFO - [2024-11-02T14:01:07.017+0000] {dagbag.py:588} INFO - Filling up the DagBag from /home/airflow/.local/lib/python3.12/site-packages/airflow/example_dags/example_task_group_decorator.py
[2024-11-02T14:01:07.336+0000] {processor.py:925} INFO - DAG(s) 'example_task_group_decorator' retrieved from /home/airflow/.local/lib/python3.12/site-packages/airflow/example_dags/example_task_group_decorator.py
[2024-11-02T14:01:08.266+0000] {logging_mixin.py:190} INFO - [2024-11-02T14:01:08.266+0000] {dag.py:3239} INFO - Sync 1 DAGs
[2024-11-02T14:01:08.626+0000] {logging_mixin.py:190} INFO - [2024-11-02T14:01:08.625+0000] {dag.py:4180} INFO - Setting next_dagrun for example_task_group_decorator to None, run_after=None
[2024-11-02T14:01:09.192+0000] {processor.py:208} INFO - Processing /home/airflow/.local/lib/python3.12/site-packages/airflow/example_dags/example_task_group_decorator.py took 2.298 seconds
[2024-11-02T14:02:22.611+0000] {processor.py:186} INFO - Started process (PID=1654) to work on /home/airflow/.local/lib/python3.12/site-packages/airflow/example_dags/example_task_group_decorator.py
[2024-11-02T14:02:22.622+0000] {processor.py:914} INFO - Processing file /home/airflow/.local/lib/python3.12/site-packages/airflow/example_dags/example_task_group_decorator.py for tasks to queue
[2024-11-02T14:02:22.634+0000] {logging_mixin.py:190} INFO - [2024-11-02T14:02:22.633+0000] {dagbag.py:588} INFO - Filling up the DagBag from /home/airflow/.local/lib/python3.12/site-packages/airflow/example_dags/example_task_group_decorator.py
[2024-11-02T14:02:22.968+0000] {processor.py:925} INFO - DAG(s) 'example_task_group_decorator' retrieved from /home/airflow/.local/lib/python3.12/site-packages/airflow/example_dags/example_task_group_decorator.py
[2024-11-02T14:02:23.479+0000] {logging_mixin.py:190} INFO - [2024-11-02T14:02:23.478+0000] {dag.py:3239} INFO - Sync 1 DAGs
[2024-11-02T14:02:23.705+0000] {logging_mixin.py:190} INFO - [2024-11-02T14:02:23.705+0000] {dag.py:4180} INFO - Setting next_dagrun for example_task_group_decorator to None, run_after=None
[2024-11-02T14:02:24.419+0000] {processor.py:208} INFO - Processing /home/airflow/.local/lib/python3.12/site-packages/airflow/example_dags/example_task_group_decorator.py took 1.910 seconds
[2024-11-02T14:05:29.687+0000] {processor.py:186} INFO - Started process (PID=1730) to work on /home/airflow/.local/lib/python3.12/site-packages/airflow/example_dags/example_task_group_decorator.py
[2024-11-02T14:05:29.968+0000] {processor.py:914} INFO - Processing file /home/airflow/.local/lib/python3.12/site-packages/airflow/example_dags/example_task_group_decorator.py for tasks to queue
[2024-11-02T14:05:30.174+0000] {logging_mixin.py:190} INFO - [2024-11-02T14:05:29.978+0000] {dagbag.py:588} INFO - Filling up the DagBag from /home/airflow/.local/lib/python3.12/site-packages/airflow/example_dags/example_task_group_decorator.py
[2024-11-02T14:05:36.268+0000] {processor.py:925} INFO - DAG(s) 'example_task_group_decorator' retrieved from /home/airflow/.local/lib/python3.12/site-packages/airflow/example_dags/example_task_group_decorator.py
[2024-11-02T14:05:37.738+0000] {logging_mixin.py:190} INFO - [2024-11-02T14:05:37.738+0000] {dag.py:3239} INFO - Sync 1 DAGs
[2024-11-02T14:05:38.219+0000] {logging_mixin.py:190} INFO - [2024-11-02T14:05:38.219+0000] {dag.py:4180} INFO - Setting next_dagrun for example_task_group_decorator to None, run_after=None
[2024-11-02T14:05:39.146+0000] {processor.py:208} INFO - Processing /home/airflow/.local/lib/python3.12/site-packages/airflow/example_dags/example_task_group_decorator.py took 10.248 seconds
[2024-11-02T14:13:10.362+0000] {processor.py:186} INFO - Started process (PID=1843) to work on /home/airflow/.local/lib/python3.12/site-packages/airflow/example_dags/example_task_group_decorator.py
[2024-11-02T14:13:10.502+0000] {processor.py:914} INFO - Processing file /home/airflow/.local/lib/python3.12/site-packages/airflow/example_dags/example_task_group_decorator.py for tasks to queue
[2024-11-02T14:13:10.606+0000] {logging_mixin.py:190} INFO - [2024-11-02T14:13:10.592+0000] {dagbag.py:588} INFO - Filling up the DagBag from /home/airflow/.local/lib/python3.12/site-packages/airflow/example_dags/example_task_group_decorator.py
[2024-11-02T14:13:12.625+0000] {processor.py:925} INFO - DAG(s) 'example_task_group_decorator' retrieved from /home/airflow/.local/lib/python3.12/site-packages/airflow/example_dags/example_task_group_decorator.py
[2024-11-02T14:13:14.147+0000] {logging_mixin.py:190} INFO - [2024-11-02T14:13:14.146+0000] {dag.py:3239} INFO - Sync 1 DAGs
[2024-11-02T14:13:15.461+0000] {logging_mixin.py:190} INFO - [2024-11-02T14:13:15.460+0000] {dag.py:4180} INFO - Setting next_dagrun for example_task_group_decorator to None, run_after=None
[2024-11-02T14:13:16.377+0000] {processor.py:208} INFO - Processing /home/airflow/.local/lib/python3.12/site-packages/airflow/example_dags/example_task_group_decorator.py took 6.559 seconds
[2024-11-02T14:20:06.828+0000] {processor.py:186} INFO - Started process (PID=1969) to work on /home/airflow/.local/lib/python3.12/site-packages/airflow/example_dags/example_task_group_decorator.py
[2024-11-02T14:20:06.917+0000] {processor.py:914} INFO - Processing file /home/airflow/.local/lib/python3.12/site-packages/airflow/example_dags/example_task_group_decorator.py for tasks to queue
[2024-11-02T14:20:06.935+0000] {logging_mixin.py:190} INFO - [2024-11-02T14:20:06.933+0000] {dagbag.py:588} INFO - Filling up the DagBag from /home/airflow/.local/lib/python3.12/site-packages/airflow/example_dags/example_task_group_decorator.py
[2024-11-02T14:20:07.970+0000] {processor.py:925} INFO - DAG(s) 'example_task_group_decorator' retrieved from /home/airflow/.local/lib/python3.12/site-packages/airflow/example_dags/example_task_group_decorator.py
[2024-11-02T14:20:09.063+0000] {logging_mixin.py:190} INFO - [2024-11-02T14:20:09.054+0000] {dag.py:3239} INFO - Sync 1 DAGs
[2024-11-02T14:20:09.550+0000] {logging_mixin.py:190} INFO - [2024-11-02T14:20:09.549+0000] {dag.py:4180} INFO - Setting next_dagrun for example_task_group_decorator to None, run_after=None
[2024-11-02T14:20:10.004+0000] {processor.py:208} INFO - Processing /home/airflow/.local/lib/python3.12/site-packages/airflow/example_dags/example_task_group_decorator.py took 3.639 seconds
[2024-11-02T14:25:08.579+0000] {processor.py:186} INFO - Started process (PID=2071) to work on /home/airflow/.local/lib/python3.12/site-packages/airflow/example_dags/example_task_group_decorator.py
[2024-11-02T14:25:08.599+0000] {processor.py:914} INFO - Processing file /home/airflow/.local/lib/python3.12/site-packages/airflow/example_dags/example_task_group_decorator.py for tasks to queue
[2024-11-02T14:25:08.705+0000] {logging_mixin.py:190} INFO - [2024-11-02T14:25:08.703+0000] {dagbag.py:588} INFO - Filling up the DagBag from /home/airflow/.local/lib/python3.12/site-packages/airflow/example_dags/example_task_group_decorator.py
[2024-11-02T14:25:09.538+0000] {processor.py:925} INFO - DAG(s) 'example_task_group_decorator' retrieved from /home/airflow/.local/lib/python3.12/site-packages/airflow/example_dags/example_task_group_decorator.py
[2024-11-02T14:25:11.790+0000] {logging_mixin.py:190} INFO - [2024-11-02T14:25:11.789+0000] {dag.py:3239} INFO - Sync 1 DAGs
[2024-11-02T14:25:11.956+0000] {logging_mixin.py:190} INFO - [2024-11-02T14:25:11.956+0000] {dag.py:4180} INFO - Setting next_dagrun for example_task_group_decorator to None, run_after=None
[2024-11-02T14:25:12.069+0000] {processor.py:208} INFO - Processing /home/airflow/.local/lib/python3.12/site-packages/airflow/example_dags/example_task_group_decorator.py took 3.809 seconds
[2024-11-02T14:30:51.743+0000] {processor.py:186} INFO - Started process (PID=2163) to work on /home/airflow/.local/lib/python3.12/site-packages/airflow/example_dags/example_task_group_decorator.py
[2024-11-02T14:30:52.005+0000] {processor.py:914} INFO - Processing file /home/airflow/.local/lib/python3.12/site-packages/airflow/example_dags/example_task_group_decorator.py for tasks to queue
[2024-11-02T14:30:52.080+0000] {logging_mixin.py:190} INFO - [2024-11-02T14:30:52.078+0000] {dagbag.py:588} INFO - Filling up the DagBag from /home/airflow/.local/lib/python3.12/site-packages/airflow/example_dags/example_task_group_decorator.py
[2024-11-02T14:30:53.548+0000] {processor.py:925} INFO - DAG(s) 'example_task_group_decorator' retrieved from /home/airflow/.local/lib/python3.12/site-packages/airflow/example_dags/example_task_group_decorator.py
[2024-11-02T14:30:55.528+0000] {logging_mixin.py:190} INFO - [2024-11-02T14:30:55.433+0000] {dag.py:3239} INFO - Sync 1 DAGs
[2024-11-02T14:30:58.067+0000] {logging_mixin.py:190} INFO - [2024-11-02T14:30:58.066+0000] {dag.py:4180} INFO - Setting next_dagrun for example_task_group_decorator to None, run_after=None
[2024-11-02T14:30:58.337+0000] {processor.py:208} INFO - Processing /home/airflow/.local/lib/python3.12/site-packages/airflow/example_dags/example_task_group_decorator.py took 6.885 seconds
[2024-11-02T14:36:50.360+0000] {processor.py:186} INFO - Started process (PID=2274) to work on /home/airflow/.local/lib/python3.12/site-packages/airflow/example_dags/example_task_group_decorator.py
[2024-11-02T14:36:50.607+0000] {processor.py:914} INFO - Processing file /home/airflow/.local/lib/python3.12/site-packages/airflow/example_dags/example_task_group_decorator.py for tasks to queue
[2024-11-02T14:36:50.720+0000] {logging_mixin.py:190} INFO - [2024-11-02T14:36:50.716+0000] {dagbag.py:588} INFO - Filling up the DagBag from /home/airflow/.local/lib/python3.12/site-packages/airflow/example_dags/example_task_group_decorator.py
[2024-11-02T14:36:53.232+0000] {processor.py:925} INFO - DAG(s) 'example_task_group_decorator' retrieved from /home/airflow/.local/lib/python3.12/site-packages/airflow/example_dags/example_task_group_decorator.py
[2024-11-02T14:36:58.842+0000] {logging_mixin.py:190} INFO - [2024-11-02T14:36:58.841+0000] {dag.py:3239} INFO - Sync 1 DAGs
[2024-11-02T14:37:01.813+0000] {logging_mixin.py:190} INFO - [2024-11-02T14:37:01.741+0000] {dag.py:4180} INFO - Setting next_dagrun for example_task_group_decorator to None, run_after=None
[2024-11-02T14:37:16.132+0000] {processor.py:208} INFO - Processing /home/airflow/.local/lib/python3.12/site-packages/airflow/example_dags/example_task_group_decorator.py took 30.232 seconds
[2024-11-02T14:44:26.459+0000] {processor.py:186} INFO - Started process (PID=2402) to work on /home/airflow/.local/lib/python3.12/site-packages/airflow/example_dags/example_task_group_decorator.py
[2024-11-02T14:44:26.505+0000] {processor.py:914} INFO - Processing file /home/airflow/.local/lib/python3.12/site-packages/airflow/example_dags/example_task_group_decorator.py for tasks to queue
[2024-11-02T14:44:26.510+0000] {logging_mixin.py:190} INFO - [2024-11-02T14:44:26.509+0000] {dagbag.py:588} INFO - Filling up the DagBag from /home/airflow/.local/lib/python3.12/site-packages/airflow/example_dags/example_task_group_decorator.py
[2024-11-02T14:44:26.951+0000] {processor.py:925} INFO - DAG(s) 'example_task_group_decorator' retrieved from /home/airflow/.local/lib/python3.12/site-packages/airflow/example_dags/example_task_group_decorator.py
[2024-11-02T14:44:27.454+0000] {logging_mixin.py:190} INFO - [2024-11-02T14:44:27.453+0000] {dag.py:3239} INFO - Sync 1 DAGs
[2024-11-02T14:44:27.916+0000] {logging_mixin.py:190} INFO - [2024-11-02T14:44:27.915+0000] {dag.py:4180} INFO - Setting next_dagrun for example_task_group_decorator to None, run_after=None
[2024-11-02T14:44:28.604+0000] {processor.py:208} INFO - Processing /home/airflow/.local/lib/python3.12/site-packages/airflow/example_dags/example_task_group_decorator.py took 2.267 seconds
[2024-11-02T14:51:03.868+0000] {processor.py:186} INFO - Started process (PID=2523) to work on /home/airflow/.local/lib/python3.12/site-packages/airflow/example_dags/example_task_group_decorator.py
[2024-11-02T14:51:03.895+0000] {processor.py:914} INFO - Processing file /home/airflow/.local/lib/python3.12/site-packages/airflow/example_dags/example_task_group_decorator.py for tasks to queue
[2024-11-02T14:51:03.925+0000] {logging_mixin.py:190} INFO - [2024-11-02T14:51:03.911+0000] {dagbag.py:588} INFO - Filling up the DagBag from /home/airflow/.local/lib/python3.12/site-packages/airflow/example_dags/example_task_group_decorator.py
[2024-11-02T14:51:04.729+0000] {processor.py:925} INFO - DAG(s) 'example_task_group_decorator' retrieved from /home/airflow/.local/lib/python3.12/site-packages/airflow/example_dags/example_task_group_decorator.py
[2024-11-02T14:51:05.392+0000] {logging_mixin.py:190} INFO - [2024-11-02T14:51:05.391+0000] {dag.py:3239} INFO - Sync 1 DAGs
[2024-11-02T14:51:06.327+0000] {logging_mixin.py:190} INFO - [2024-11-02T14:51:06.327+0000] {dag.py:4180} INFO - Setting next_dagrun for example_task_group_decorator to None, run_after=None
[2024-11-02T14:51:07.246+0000] {processor.py:208} INFO - Processing /home/airflow/.local/lib/python3.12/site-packages/airflow/example_dags/example_task_group_decorator.py took 3.503 seconds
[2024-11-02T14:55:16.049+0000] {processor.py:186} INFO - Started process (PID=2618) to work on /home/airflow/.local/lib/python3.12/site-packages/airflow/example_dags/example_task_group_decorator.py
[2024-11-02T14:55:16.061+0000] {processor.py:914} INFO - Processing file /home/airflow/.local/lib/python3.12/site-packages/airflow/example_dags/example_task_group_decorator.py for tasks to queue
[2024-11-02T14:55:16.101+0000] {logging_mixin.py:190} INFO - [2024-11-02T14:55:16.093+0000] {dagbag.py:588} INFO - Filling up the DagBag from /home/airflow/.local/lib/python3.12/site-packages/airflow/example_dags/example_task_group_decorator.py
[2024-11-02T14:55:17.253+0000] {processor.py:925} INFO - DAG(s) 'example_task_group_decorator' retrieved from /home/airflow/.local/lib/python3.12/site-packages/airflow/example_dags/example_task_group_decorator.py
[2024-11-02T14:55:24.982+0000] {logging_mixin.py:190} INFO - [2024-11-02T14:55:24.951+0000] {dag.py:3239} INFO - Sync 1 DAGs
[2024-11-02T14:55:29.496+0000] {logging_mixin.py:190} INFO - [2024-11-02T14:55:29.495+0000] {dag.py:4180} INFO - Setting next_dagrun for example_task_group_decorator to None, run_after=None
[2024-11-02T14:55:32.114+0000] {processor.py:208} INFO - Processing /home/airflow/.local/lib/python3.12/site-packages/airflow/example_dags/example_task_group_decorator.py took 16.271 seconds
[2024-11-02T15:01:16.644+0000] {processor.py:186} INFO - Started process (PID=2718) to work on /home/airflow/.local/lib/python3.12/site-packages/airflow/example_dags/example_task_group_decorator.py
[2024-11-02T15:01:16.674+0000] {processor.py:914} INFO - Processing file /home/airflow/.local/lib/python3.12/site-packages/airflow/example_dags/example_task_group_decorator.py for tasks to queue
[2024-11-02T15:01:16.759+0000] {logging_mixin.py:190} INFO - [2024-11-02T15:01:16.709+0000] {dagbag.py:588} INFO - Filling up the DagBag from /home/airflow/.local/lib/python3.12/site-packages/airflow/example_dags/example_task_group_decorator.py
[2024-11-02T15:01:19.620+0000] {processor.py:925} INFO - DAG(s) 'example_task_group_decorator' retrieved from /home/airflow/.local/lib/python3.12/site-packages/airflow/example_dags/example_task_group_decorator.py
[2024-11-02T15:01:21.881+0000] {logging_mixin.py:190} INFO - [2024-11-02T15:01:21.878+0000] {dag.py:3239} INFO - Sync 1 DAGs
[2024-11-02T15:01:23.854+0000] {logging_mixin.py:190} INFO - [2024-11-02T15:01:23.853+0000] {dag.py:4180} INFO - Setting next_dagrun for example_task_group_decorator to None, run_after=None
[2024-11-02T15:01:25.148+0000] {processor.py:208} INFO - Processing /home/airflow/.local/lib/python3.12/site-packages/airflow/example_dags/example_task_group_decorator.py took 8.993 seconds
[2024-11-02T15:05:28.295+0000] {processor.py:186} INFO - Started process (PID=2791) to work on /home/airflow/.local/lib/python3.12/site-packages/airflow/example_dags/example_task_group_decorator.py
[2024-11-02T15:05:28.432+0000] {processor.py:914} INFO - Processing file /home/airflow/.local/lib/python3.12/site-packages/airflow/example_dags/example_task_group_decorator.py for tasks to queue
[2024-11-02T15:05:28.613+0000] {logging_mixin.py:190} INFO - [2024-11-02T15:05:28.611+0000] {dagbag.py:588} INFO - Filling up the DagBag from /home/airflow/.local/lib/python3.12/site-packages/airflow/example_dags/example_task_group_decorator.py
[2024-11-02T15:05:29.475+0000] {processor.py:925} INFO - DAG(s) 'example_task_group_decorator' retrieved from /home/airflow/.local/lib/python3.12/site-packages/airflow/example_dags/example_task_group_decorator.py
[2024-11-02T15:05:31.162+0000] {logging_mixin.py:190} INFO - [2024-11-02T15:05:31.161+0000] {dag.py:3239} INFO - Sync 1 DAGs
[2024-11-02T15:05:31.680+0000] {logging_mixin.py:190} INFO - [2024-11-02T15:05:31.679+0000] {dag.py:4180} INFO - Setting next_dagrun for example_task_group_decorator to None, run_after=None
[2024-11-02T15:05:32.421+0000] {processor.py:208} INFO - Processing /home/airflow/.local/lib/python3.12/site-packages/airflow/example_dags/example_task_group_decorator.py took 4.325 seconds
[2024-11-02T15:09:48.991+0000] {processor.py:186} INFO - Started process (PID=2905) to work on /home/airflow/.local/lib/python3.12/site-packages/airflow/example_dags/example_task_group_decorator.py
[2024-11-02T15:09:49.090+0000] {processor.py:914} INFO - Processing file /home/airflow/.local/lib/python3.12/site-packages/airflow/example_dags/example_task_group_decorator.py for tasks to queue
[2024-11-02T15:09:49.203+0000] {logging_mixin.py:190} INFO - [2024-11-02T15:09:49.201+0000] {dagbag.py:588} INFO - Filling up the DagBag from /home/airflow/.local/lib/python3.12/site-packages/airflow/example_dags/example_task_group_decorator.py
[2024-11-02T15:09:49.861+0000] {processor.py:925} INFO - DAG(s) 'example_task_group_decorator' retrieved from /home/airflow/.local/lib/python3.12/site-packages/airflow/example_dags/example_task_group_decorator.py
[2024-11-02T15:09:50.925+0000] {logging_mixin.py:190} INFO - [2024-11-02T15:09:50.924+0000] {dag.py:3239} INFO - Sync 1 DAGs
[2024-11-02T15:09:51.603+0000] {logging_mixin.py:190} INFO - [2024-11-02T15:09:51.542+0000] {dag.py:4180} INFO - Setting next_dagrun for example_task_group_decorator to None, run_after=None
[2024-11-02T15:09:51.996+0000] {processor.py:208} INFO - Processing /home/airflow/.local/lib/python3.12/site-packages/airflow/example_dags/example_task_group_decorator.py took 3.223 seconds
[2024-11-02T15:12:01.213+0000] {processor.py:186} INFO - Started process (PID=2973) to work on /home/airflow/.local/lib/python3.12/site-packages/airflow/example_dags/example_task_group_decorator.py
[2024-11-02T15:12:01.238+0000] {processor.py:914} INFO - Processing file /home/airflow/.local/lib/python3.12/site-packages/airflow/example_dags/example_task_group_decorator.py for tasks to queue
[2024-11-02T15:12:01.260+0000] {logging_mixin.py:190} INFO - [2024-11-02T15:12:01.258+0000] {dagbag.py:588} INFO - Filling up the DagBag from /home/airflow/.local/lib/python3.12/site-packages/airflow/example_dags/example_task_group_decorator.py
[2024-11-02T15:12:01.749+0000] {processor.py:925} INFO - DAG(s) 'example_task_group_decorator' retrieved from /home/airflow/.local/lib/python3.12/site-packages/airflow/example_dags/example_task_group_decorator.py
[2024-11-02T15:12:02.548+0000] {logging_mixin.py:190} INFO - [2024-11-02T15:12:02.547+0000] {dag.py:3239} INFO - Sync 1 DAGs
[2024-11-02T15:12:03.459+0000] {logging_mixin.py:190} INFO - [2024-11-02T15:12:03.457+0000] {dag.py:4180} INFO - Setting next_dagrun for example_task_group_decorator to None, run_after=None
[2024-11-02T15:12:04.239+0000] {processor.py:208} INFO - Processing /home/airflow/.local/lib/python3.12/site-packages/airflow/example_dags/example_task_group_decorator.py took 3.105 seconds
[2024-11-02T15:13:47.807+0000] {processor.py:186} INFO - Started process (PID=3036) to work on /home/airflow/.local/lib/python3.12/site-packages/airflow/example_dags/example_task_group_decorator.py
[2024-11-02T15:13:47.821+0000] {processor.py:914} INFO - Processing file /home/airflow/.local/lib/python3.12/site-packages/airflow/example_dags/example_task_group_decorator.py for tasks to queue
[2024-11-02T15:13:47.904+0000] {logging_mixin.py:190} INFO - [2024-11-02T15:13:47.902+0000] {dagbag.py:588} INFO - Filling up the DagBag from /home/airflow/.local/lib/python3.12/site-packages/airflow/example_dags/example_task_group_decorator.py
[2024-11-02T15:13:48.498+0000] {processor.py:925} INFO - DAG(s) 'example_task_group_decorator' retrieved from /home/airflow/.local/lib/python3.12/site-packages/airflow/example_dags/example_task_group_decorator.py
[2024-11-02T15:13:49.307+0000] {logging_mixin.py:190} INFO - [2024-11-02T15:13:49.305+0000] {dag.py:3239} INFO - Sync 1 DAGs
[2024-11-02T15:13:49.647+0000] {logging_mixin.py:190} INFO - [2024-11-02T15:13:49.646+0000] {dag.py:4180} INFO - Setting next_dagrun for example_task_group_decorator to None, run_after=None
[2024-11-02T15:13:50.197+0000] {processor.py:208} INFO - Processing /home/airflow/.local/lib/python3.12/site-packages/airflow/example_dags/example_task_group_decorator.py took 2.614 seconds
[2024-11-02T15:16:12.896+0000] {processor.py:186} INFO - Started process (PID=3112) to work on /home/airflow/.local/lib/python3.12/site-packages/airflow/example_dags/example_task_group_decorator.py
[2024-11-02T15:16:12.955+0000] {processor.py:914} INFO - Processing file /home/airflow/.local/lib/python3.12/site-packages/airflow/example_dags/example_task_group_decorator.py for tasks to queue
[2024-11-02T15:16:13.157+0000] {logging_mixin.py:190} INFO - [2024-11-02T15:16:13.155+0000] {dagbag.py:588} INFO - Filling up the DagBag from /home/airflow/.local/lib/python3.12/site-packages/airflow/example_dags/example_task_group_decorator.py
[2024-11-02T15:16:15.117+0000] {processor.py:925} INFO - DAG(s) 'example_task_group_decorator' retrieved from /home/airflow/.local/lib/python3.12/site-packages/airflow/example_dags/example_task_group_decorator.py
[2024-11-02T15:16:17.813+0000] {logging_mixin.py:190} INFO - [2024-11-02T15:16:17.811+0000] {dag.py:3239} INFO - Sync 1 DAGs
[2024-11-02T15:16:18.707+0000] {logging_mixin.py:190} INFO - [2024-11-02T15:16:18.705+0000] {dag.py:4180} INFO - Setting next_dagrun for example_task_group_decorator to None, run_after=None
[2024-11-02T15:16:20.127+0000] {processor.py:208} INFO - Processing /home/airflow/.local/lib/python3.12/site-packages/airflow/example_dags/example_task_group_decorator.py took 7.983 seconds
[2024-11-02T15:19:38.953+0000] {processor.py:186} INFO - Started process (PID=3196) to work on /home/airflow/.local/lib/python3.12/site-packages/airflow/example_dags/example_task_group_decorator.py
[2024-11-02T15:19:39.019+0000] {processor.py:914} INFO - Processing file /home/airflow/.local/lib/python3.12/site-packages/airflow/example_dags/example_task_group_decorator.py for tasks to queue
[2024-11-02T15:19:39.171+0000] {logging_mixin.py:190} INFO - [2024-11-02T15:19:39.081+0000] {dagbag.py:588} INFO - Filling up the DagBag from /home/airflow/.local/lib/python3.12/site-packages/airflow/example_dags/example_task_group_decorator.py
[2024-11-02T15:19:44.727+0000] {processor.py:925} INFO - DAG(s) 'example_task_group_decorator' retrieved from /home/airflow/.local/lib/python3.12/site-packages/airflow/example_dags/example_task_group_decorator.py
[2024-11-02T15:19:49.325+0000] {logging_mixin.py:190} INFO - [2024-11-02T15:19:49.287+0000] {dag.py:3239} INFO - Sync 1 DAGs
[2024-11-02T15:19:52.219+0000] {logging_mixin.py:190} INFO - [2024-11-02T15:19:52.217+0000] {dag.py:4180} INFO - Setting next_dagrun for example_task_group_decorator to None, run_after=None
[2024-11-02T15:19:54.401+0000] {processor.py:208} INFO - Processing /home/airflow/.local/lib/python3.12/site-packages/airflow/example_dags/example_task_group_decorator.py took 15.480 seconds
[2024-11-02T15:20:51.962+0000] {processor.py:186} INFO - Started process (PID=3253) to work on /home/airflow/.local/lib/python3.12/site-packages/airflow/example_dags/example_task_group_decorator.py
[2024-11-02T15:20:51.994+0000] {processor.py:914} INFO - Processing file /home/airflow/.local/lib/python3.12/site-packages/airflow/example_dags/example_task_group_decorator.py for tasks to queue
[2024-11-02T15:20:52.025+0000] {logging_mixin.py:190} INFO - [2024-11-02T15:20:52.019+0000] {dagbag.py:588} INFO - Filling up the DagBag from /home/airflow/.local/lib/python3.12/site-packages/airflow/example_dags/example_task_group_decorator.py
[2024-11-02T15:20:52.257+0000] {processor.py:925} INFO - DAG(s) 'example_task_group_decorator' retrieved from /home/airflow/.local/lib/python3.12/site-packages/airflow/example_dags/example_task_group_decorator.py
[2024-11-02T15:20:52.607+0000] {logging_mixin.py:190} INFO - [2024-11-02T15:20:52.606+0000] {dag.py:3239} INFO - Sync 1 DAGs
[2024-11-02T15:20:52.782+0000] {logging_mixin.py:190} INFO - [2024-11-02T15:20:52.782+0000] {dag.py:4180} INFO - Setting next_dagrun for example_task_group_decorator to None, run_after=None
[2024-11-02T15:20:53.034+0000] {processor.py:208} INFO - Processing /home/airflow/.local/lib/python3.12/site-packages/airflow/example_dags/example_task_group_decorator.py took 1.182 seconds
[2024-11-02T15:22:29.504+0000] {processor.py:186} INFO - Started process (PID=3301) to work on /home/airflow/.local/lib/python3.12/site-packages/airflow/example_dags/example_task_group_decorator.py
[2024-11-02T15:22:29.523+0000] {processor.py:914} INFO - Processing file /home/airflow/.local/lib/python3.12/site-packages/airflow/example_dags/example_task_group_decorator.py for tasks to queue
[2024-11-02T15:22:29.585+0000] {logging_mixin.py:190} INFO - [2024-11-02T15:22:29.565+0000] {dagbag.py:588} INFO - Filling up the DagBag from /home/airflow/.local/lib/python3.12/site-packages/airflow/example_dags/example_task_group_decorator.py
[2024-11-02T15:22:30.019+0000] {processor.py:925} INFO - DAG(s) 'example_task_group_decorator' retrieved from /home/airflow/.local/lib/python3.12/site-packages/airflow/example_dags/example_task_group_decorator.py
[2024-11-02T15:22:30.594+0000] {logging_mixin.py:190} INFO - [2024-11-02T15:22:30.593+0000] {dag.py:3239} INFO - Sync 1 DAGs
[2024-11-02T15:22:31.261+0000] {logging_mixin.py:190} INFO - [2024-11-02T15:22:31.246+0000] {dag.py:4180} INFO - Setting next_dagrun for example_task_group_decorator to None, run_after=None
[2024-11-02T15:22:31.969+0000] {processor.py:208} INFO - Processing /home/airflow/.local/lib/python3.12/site-packages/airflow/example_dags/example_task_group_decorator.py took 2.634 seconds
[2024-11-02T15:24:18.076+0000] {processor.py:186} INFO - Started process (PID=3371) to work on /home/airflow/.local/lib/python3.12/site-packages/airflow/example_dags/example_task_group_decorator.py
[2024-11-02T15:24:18.114+0000] {processor.py:914} INFO - Processing file /home/airflow/.local/lib/python3.12/site-packages/airflow/example_dags/example_task_group_decorator.py for tasks to queue
[2024-11-02T15:24:18.135+0000] {logging_mixin.py:190} INFO - [2024-11-02T15:24:18.134+0000] {dagbag.py:588} INFO - Filling up the DagBag from /home/airflow/.local/lib/python3.12/site-packages/airflow/example_dags/example_task_group_decorator.py
[2024-11-02T15:24:18.650+0000] {processor.py:925} INFO - DAG(s) 'example_task_group_decorator' retrieved from /home/airflow/.local/lib/python3.12/site-packages/airflow/example_dags/example_task_group_decorator.py
[2024-11-02T15:24:20.316+0000] {logging_mixin.py:190} INFO - [2024-11-02T15:24:20.315+0000] {dag.py:3239} INFO - Sync 1 DAGs
[2024-11-02T15:24:21.208+0000] {logging_mixin.py:190} INFO - [2024-11-02T15:24:21.199+0000] {dag.py:4180} INFO - Setting next_dagrun for example_task_group_decorator to None, run_after=None
[2024-11-02T15:24:22.829+0000] {processor.py:208} INFO - Processing /home/airflow/.local/lib/python3.12/site-packages/airflow/example_dags/example_task_group_decorator.py took 4.898 seconds
[2024-11-02T15:25:43.236+0000] {processor.py:186} INFO - Started process (PID=3425) to work on /home/airflow/.local/lib/python3.12/site-packages/airflow/example_dags/example_task_group_decorator.py
[2024-11-02T15:25:43.253+0000] {processor.py:914} INFO - Processing file /home/airflow/.local/lib/python3.12/site-packages/airflow/example_dags/example_task_group_decorator.py for tasks to queue
[2024-11-02T15:25:43.317+0000] {logging_mixin.py:190} INFO - [2024-11-02T15:25:43.316+0000] {dagbag.py:588} INFO - Filling up the DagBag from /home/airflow/.local/lib/python3.12/site-packages/airflow/example_dags/example_task_group_decorator.py
[2024-11-02T15:25:44.924+0000] {processor.py:925} INFO - DAG(s) 'example_task_group_decorator' retrieved from /home/airflow/.local/lib/python3.12/site-packages/airflow/example_dags/example_task_group_decorator.py
[2024-11-02T15:25:45.790+0000] {logging_mixin.py:190} INFO - [2024-11-02T15:25:45.788+0000] {dag.py:3239} INFO - Sync 1 DAGs
[2024-11-02T15:25:47.626+0000] {logging_mixin.py:190} INFO - [2024-11-02T15:25:47.625+0000] {dag.py:4180} INFO - Setting next_dagrun for example_task_group_decorator to None, run_after=None
[2024-11-02T15:25:48.722+0000] {processor.py:208} INFO - Processing /home/airflow/.local/lib/python3.12/site-packages/airflow/example_dags/example_task_group_decorator.py took 5.716 seconds
[2024-11-02T15:30:53.629+0000] {processor.py:186} INFO - Started process (PID=3509) to work on /home/airflow/.local/lib/python3.12/site-packages/airflow/example_dags/example_task_group_decorator.py
[2024-11-02T15:30:53.665+0000] {processor.py:914} INFO - Processing file /home/airflow/.local/lib/python3.12/site-packages/airflow/example_dags/example_task_group_decorator.py for tasks to queue
[2024-11-02T15:30:53.691+0000] {logging_mixin.py:190} INFO - [2024-11-02T15:30:53.671+0000] {dagbag.py:588} INFO - Filling up the DagBag from /home/airflow/.local/lib/python3.12/site-packages/airflow/example_dags/example_task_group_decorator.py
[2024-11-02T15:30:54.846+0000] {processor.py:925} INFO - DAG(s) 'example_task_group_decorator' retrieved from /home/airflow/.local/lib/python3.12/site-packages/airflow/example_dags/example_task_group_decorator.py
[2024-11-02T15:30:55.226+0000] {logging_mixin.py:190} INFO - [2024-11-02T15:30:55.216+0000] {dag.py:3239} INFO - Sync 1 DAGs
[2024-11-02T15:30:55.400+0000] {logging_mixin.py:190} INFO - [2024-11-02T15:30:55.400+0000] {dag.py:4180} INFO - Setting next_dagrun for example_task_group_decorator to None, run_after=None
[2024-11-02T15:30:55.660+0000] {processor.py:208} INFO - Processing /home/airflow/.local/lib/python3.12/site-packages/airflow/example_dags/example_task_group_decorator.py took 2.386 seconds
[2024-11-02T15:32:51.363+0000] {processor.py:186} INFO - Started process (PID=3584) to work on /home/airflow/.local/lib/python3.12/site-packages/airflow/example_dags/example_task_group_decorator.py
[2024-11-02T15:32:51.554+0000] {processor.py:914} INFO - Processing file /home/airflow/.local/lib/python3.12/site-packages/airflow/example_dags/example_task_group_decorator.py for tasks to queue
[2024-11-02T15:32:51.560+0000] {logging_mixin.py:190} INFO - [2024-11-02T15:32:51.559+0000] {dagbag.py:588} INFO - Filling up the DagBag from /home/airflow/.local/lib/python3.12/site-packages/airflow/example_dags/example_task_group_decorator.py
[2024-11-02T15:32:51.983+0000] {processor.py:925} INFO - DAG(s) 'example_task_group_decorator' retrieved from /home/airflow/.local/lib/python3.12/site-packages/airflow/example_dags/example_task_group_decorator.py
[2024-11-02T15:32:52.305+0000] {logging_mixin.py:190} INFO - [2024-11-02T15:32:52.304+0000] {dag.py:3239} INFO - Sync 1 DAGs
[2024-11-02T15:32:52.460+0000] {logging_mixin.py:190} INFO - [2024-11-02T15:32:52.459+0000] {dag.py:4180} INFO - Setting next_dagrun for example_task_group_decorator to None, run_after=None
[2024-11-02T15:32:52.997+0000] {processor.py:208} INFO - Processing /home/airflow/.local/lib/python3.12/site-packages/airflow/example_dags/example_task_group_decorator.py took 2.489 seconds
[2024-11-02T15:35:17.372+0000] {processor.py:186} INFO - Started process (PID=3651) to work on /home/airflow/.local/lib/python3.12/site-packages/airflow/example_dags/example_task_group_decorator.py
[2024-11-02T15:35:17.657+0000] {processor.py:914} INFO - Processing file /home/airflow/.local/lib/python3.12/site-packages/airflow/example_dags/example_task_group_decorator.py for tasks to queue
[2024-11-02T15:35:18.349+0000] {logging_mixin.py:190} INFO - [2024-11-02T15:35:18.348+0000] {dagbag.py:588} INFO - Filling up the DagBag from /home/airflow/.local/lib/python3.12/site-packages/airflow/example_dags/example_task_group_decorator.py
[2024-11-02T15:35:24.270+0000] {processor.py:925} INFO - DAG(s) 'example_task_group_decorator' retrieved from /home/airflow/.local/lib/python3.12/site-packages/airflow/example_dags/example_task_group_decorator.py
[2024-11-02T15:35:26.658+0000] {logging_mixin.py:190} INFO - [2024-11-02T15:35:26.657+0000] {dag.py:3239} INFO - Sync 1 DAGs
[2024-11-02T15:35:27.788+0000] {logging_mixin.py:190} INFO - [2024-11-02T15:35:27.787+0000] {dag.py:4180} INFO - Setting next_dagrun for example_task_group_decorator to None, run_after=None
[2024-11-02T15:35:31.425+0000] {processor.py:208} INFO - Processing /home/airflow/.local/lib/python3.12/site-packages/airflow/example_dags/example_task_group_decorator.py took 14.965 seconds
[2024-11-02T15:43:20.320+0000] {processor.py:186} INFO - Started process (PID=3790) to work on /home/airflow/.local/lib/python3.12/site-packages/airflow/example_dags/example_task_group_decorator.py
[2024-11-02T15:43:20.447+0000] {processor.py:914} INFO - Processing file /home/airflow/.local/lib/python3.12/site-packages/airflow/example_dags/example_task_group_decorator.py for tasks to queue
[2024-11-02T15:43:20.507+0000] {logging_mixin.py:190} INFO - [2024-11-02T15:43:20.503+0000] {dagbag.py:588} INFO - Filling up the DagBag from /home/airflow/.local/lib/python3.12/site-packages/airflow/example_dags/example_task_group_decorator.py
[2024-11-02T15:43:21.894+0000] {processor.py:925} INFO - DAG(s) 'example_task_group_decorator' retrieved from /home/airflow/.local/lib/python3.12/site-packages/airflow/example_dags/example_task_group_decorator.py
[2024-11-02T15:43:22.729+0000] {logging_mixin.py:190} INFO - [2024-11-02T15:43:22.717+0000] {dag.py:3239} INFO - Sync 1 DAGs
[2024-11-02T15:43:23.388+0000] {logging_mixin.py:190} INFO - [2024-11-02T15:43:23.353+0000] {dag.py:4180} INFO - Setting next_dagrun for example_task_group_decorator to None, run_after=None
[2024-11-02T15:43:24.030+0000] {processor.py:208} INFO - Processing /home/airflow/.local/lib/python3.12/site-packages/airflow/example_dags/example_task_group_decorator.py took 4.002 seconds
[2024-11-02T15:48:34.171+0000] {processor.py:186} INFO - Started process (PID=3901) to work on /home/airflow/.local/lib/python3.12/site-packages/airflow/example_dags/example_task_group_decorator.py
[2024-11-02T15:48:34.300+0000] {processor.py:914} INFO - Processing file /home/airflow/.local/lib/python3.12/site-packages/airflow/example_dags/example_task_group_decorator.py for tasks to queue
[2024-11-02T15:48:34.740+0000] {logging_mixin.py:190} INFO - [2024-11-02T15:48:34.718+0000] {dagbag.py:588} INFO - Filling up the DagBag from /home/airflow/.local/lib/python3.12/site-packages/airflow/example_dags/example_task_group_decorator.py
[2024-11-02T15:48:36.229+0000] {processor.py:925} INFO - DAG(s) 'example_task_group_decorator' retrieved from /home/airflow/.local/lib/python3.12/site-packages/airflow/example_dags/example_task_group_decorator.py
[2024-11-02T15:48:40.547+0000] {logging_mixin.py:190} INFO - [2024-11-02T15:48:39.816+0000] {dag.py:3239} INFO - Sync 1 DAGs
[2024-11-02T15:48:42.973+0000] {logging_mixin.py:190} INFO - [2024-11-02T15:48:42.970+0000] {dag.py:4180} INFO - Setting next_dagrun for example_task_group_decorator to None, run_after=None
[2024-11-02T15:48:48.173+0000] {processor.py:208} INFO - Processing /home/airflow/.local/lib/python3.12/site-packages/airflow/example_dags/example_task_group_decorator.py took 15.931 seconds
[2024-11-02T15:51:50.514+0000] {processor.py:186} INFO - Started process (PID=3986) to work on /home/airflow/.local/lib/python3.12/site-packages/airflow/example_dags/example_task_group_decorator.py
[2024-11-02T15:51:50.553+0000] {processor.py:914} INFO - Processing file /home/airflow/.local/lib/python3.12/site-packages/airflow/example_dags/example_task_group_decorator.py for tasks to queue
[2024-11-02T15:51:50.594+0000] {logging_mixin.py:190} INFO - [2024-11-02T15:51:50.592+0000] {dagbag.py:588} INFO - Filling up the DagBag from /home/airflow/.local/lib/python3.12/site-packages/airflow/example_dags/example_task_group_decorator.py
[2024-11-02T15:51:52.896+0000] {processor.py:925} INFO - DAG(s) 'example_task_group_decorator' retrieved from /home/airflow/.local/lib/python3.12/site-packages/airflow/example_dags/example_task_group_decorator.py
[2024-11-02T15:51:54.560+0000] {logging_mixin.py:190} INFO - [2024-11-02T15:51:54.558+0000] {dag.py:3239} INFO - Sync 1 DAGs
[2024-11-02T15:51:54.999+0000] {logging_mixin.py:190} INFO - [2024-11-02T15:51:54.998+0000] {dag.py:4180} INFO - Setting next_dagrun for example_task_group_decorator to None, run_after=None
[2024-11-02T15:51:55.982+0000] {processor.py:208} INFO - Processing /home/airflow/.local/lib/python3.12/site-packages/airflow/example_dags/example_task_group_decorator.py took 5.682 seconds
[2024-11-02T15:54:25.786+0000] {processor.py:186} INFO - Started process (PID=4061) to work on /home/airflow/.local/lib/python3.12/site-packages/airflow/example_dags/example_task_group_decorator.py
[2024-11-02T15:54:25.815+0000] {processor.py:914} INFO - Processing file /home/airflow/.local/lib/python3.12/site-packages/airflow/example_dags/example_task_group_decorator.py for tasks to queue
[2024-11-02T15:54:25.862+0000] {logging_mixin.py:190} INFO - [2024-11-02T15:54:25.860+0000] {dagbag.py:588} INFO - Filling up the DagBag from /home/airflow/.local/lib/python3.12/site-packages/airflow/example_dags/example_task_group_decorator.py
[2024-11-02T15:54:26.246+0000] {processor.py:925} INFO - DAG(s) 'example_task_group_decorator' retrieved from /home/airflow/.local/lib/python3.12/site-packages/airflow/example_dags/example_task_group_decorator.py
[2024-11-02T15:54:26.913+0000] {logging_mixin.py:190} INFO - [2024-11-02T15:54:26.911+0000] {dag.py:3239} INFO - Sync 1 DAGs
[2024-11-02T15:54:27.285+0000] {logging_mixin.py:190} INFO - [2024-11-02T15:54:27.284+0000] {dag.py:4180} INFO - Setting next_dagrun for example_task_group_decorator to None, run_after=None
[2024-11-02T15:54:27.802+0000] {processor.py:208} INFO - Processing /home/airflow/.local/lib/python3.12/site-packages/airflow/example_dags/example_task_group_decorator.py took 2.155 seconds
[2024-11-02T15:58:12.326+0000] {processor.py:186} INFO - Started process (PID=4153) to work on /home/airflow/.local/lib/python3.12/site-packages/airflow/example_dags/example_task_group_decorator.py
[2024-11-02T15:58:12.385+0000] {processor.py:914} INFO - Processing file /home/airflow/.local/lib/python3.12/site-packages/airflow/example_dags/example_task_group_decorator.py for tasks to queue
[2024-11-02T15:58:12.488+0000] {logging_mixin.py:190} INFO - [2024-11-02T15:58:12.470+0000] {dagbag.py:588} INFO - Filling up the DagBag from /home/airflow/.local/lib/python3.12/site-packages/airflow/example_dags/example_task_group_decorator.py
[2024-11-02T15:58:13.765+0000] {processor.py:925} INFO - DAG(s) 'example_task_group_decorator' retrieved from /home/airflow/.local/lib/python3.12/site-packages/airflow/example_dags/example_task_group_decorator.py
[2024-11-02T15:58:14.638+0000] {logging_mixin.py:190} INFO - [2024-11-02T15:58:14.637+0000] {dag.py:3239} INFO - Sync 1 DAGs
[2024-11-02T15:58:15.388+0000] {logging_mixin.py:190} INFO - [2024-11-02T15:58:15.387+0000] {dag.py:4180} INFO - Setting next_dagrun for example_task_group_decorator to None, run_after=None
[2024-11-02T15:58:16.508+0000] {processor.py:208} INFO - Processing /home/airflow/.local/lib/python3.12/site-packages/airflow/example_dags/example_task_group_decorator.py took 4.523 seconds
[2024-11-02T16:05:25.065+0000] {processor.py:186} INFO - Started process (PID=4225) to work on /home/airflow/.local/lib/python3.12/site-packages/airflow/example_dags/example_task_group_decorator.py
[2024-11-02T16:05:25.096+0000] {processor.py:914} INFO - Processing file /home/airflow/.local/lib/python3.12/site-packages/airflow/example_dags/example_task_group_decorator.py for tasks to queue
[2024-11-02T16:05:25.204+0000] {logging_mixin.py:190} INFO - [2024-11-02T16:05:25.191+0000] {dagbag.py:588} INFO - Filling up the DagBag from /home/airflow/.local/lib/python3.12/site-packages/airflow/example_dags/example_task_group_decorator.py
[2024-11-02T16:05:25.932+0000] {processor.py:925} INFO - DAG(s) 'example_task_group_decorator' retrieved from /home/airflow/.local/lib/python3.12/site-packages/airflow/example_dags/example_task_group_decorator.py
[2024-11-02T16:05:26.869+0000] {logging_mixin.py:190} INFO - [2024-11-02T16:05:26.858+0000] {dag.py:3239} INFO - Sync 1 DAGs
[2024-11-02T16:05:27.120+0000] {logging_mixin.py:190} INFO - [2024-11-02T16:05:27.109+0000] {dag.py:4180} INFO - Setting next_dagrun for example_task_group_decorator to None, run_after=None
[2024-11-02T16:05:27.596+0000] {processor.py:208} INFO - Processing /home/airflow/.local/lib/python3.12/site-packages/airflow/example_dags/example_task_group_decorator.py took 2.846 seconds
[2024-11-02T16:12:23.357+0000] {processor.py:186} INFO - Started process (PID=4326) to work on /home/airflow/.local/lib/python3.12/site-packages/airflow/example_dags/example_task_group_decorator.py
[2024-11-02T16:12:23.406+0000] {processor.py:914} INFO - Processing file /home/airflow/.local/lib/python3.12/site-packages/airflow/example_dags/example_task_group_decorator.py for tasks to queue
[2024-11-02T16:12:23.417+0000] {logging_mixin.py:190} INFO - [2024-11-02T16:12:23.416+0000] {dagbag.py:588} INFO - Filling up the DagBag from /home/airflow/.local/lib/python3.12/site-packages/airflow/example_dags/example_task_group_decorator.py
[2024-11-02T16:12:24.006+0000] {processor.py:925} INFO - DAG(s) 'example_task_group_decorator' retrieved from /home/airflow/.local/lib/python3.12/site-packages/airflow/example_dags/example_task_group_decorator.py
[2024-11-02T16:12:24.861+0000] {logging_mixin.py:190} INFO - [2024-11-02T16:12:24.861+0000] {dag.py:3239} INFO - Sync 1 DAGs
[2024-11-02T16:12:25.118+0000] {logging_mixin.py:190} INFO - [2024-11-02T16:12:25.117+0000] {dag.py:4180} INFO - Setting next_dagrun for example_task_group_decorator to None, run_after=None
[2024-11-02T16:12:25.526+0000] {processor.py:208} INFO - Processing /home/airflow/.local/lib/python3.12/site-packages/airflow/example_dags/example_task_group_decorator.py took 2.255 seconds
