[2024-11-02T13:13:26.094+0000] {processor.py:186} INFO - Started process (PID=151) to work on /home/airflow/.local/lib/python3.12/site-packages/airflow/example_dags/example_trigger_target_dag.py
[2024-11-02T13:13:26.137+0000] {processor.py:914} INFO - Processing file /home/airflow/.local/lib/python3.12/site-packages/airflow/example_dags/example_trigger_target_dag.py for tasks to queue
[2024-11-02T13:13:26.166+0000] {logging_mixin.py:190} INFO - [2024-11-02T13:13:26.165+0000] {dagbag.py:588} INFO - Filling up the DagBag from /home/airflow/.local/lib/python3.12/site-packages/airflow/example_dags/example_trigger_target_dag.py
[2024-11-02T13:13:26.316+0000] {processor.py:925} INFO - DAG(s) 'example_trigger_target_dag' retrieved from /home/airflow/.local/lib/python3.12/site-packages/airflow/example_dags/example_trigger_target_dag.py
[2024-11-02T13:13:26.776+0000] {logging_mixin.py:190} INFO - [2024-11-02T13:13:26.775+0000] {dag.py:3239} INFO - Sync 1 DAGs
[2024-11-02T13:13:27.143+0000] {logging_mixin.py:190} INFO - [2024-11-02T13:13:27.121+0000] {dag.py:4180} INFO - Setting next_dagrun for example_trigger_target_dag to None, run_after=None
[2024-11-02T13:13:27.375+0000] {processor.py:208} INFO - Processing /home/airflow/.local/lib/python3.12/site-packages/airflow/example_dags/example_trigger_target_dag.py took 1.388 seconds
[2024-11-02T13:15:28.094+0000] {processor.py:186} INFO - Started process (PID=231) to work on /home/airflow/.local/lib/python3.12/site-packages/airflow/example_dags/example_trigger_target_dag.py
[2024-11-02T13:15:28.587+0000] {processor.py:914} INFO - Processing file /home/airflow/.local/lib/python3.12/site-packages/airflow/example_dags/example_trigger_target_dag.py for tasks to queue
[2024-11-02T13:15:29.364+0000] {logging_mixin.py:190} INFO - [2024-11-02T13:15:29.347+0000] {dagbag.py:588} INFO - Filling up the DagBag from /home/airflow/.local/lib/python3.12/site-packages/airflow/example_dags/example_trigger_target_dag.py
[2024-11-02T13:15:31.070+0000] {processor.py:925} INFO - DAG(s) 'example_trigger_target_dag' retrieved from /home/airflow/.local/lib/python3.12/site-packages/airflow/example_dags/example_trigger_target_dag.py
[2024-11-02T13:15:33.466+0000] {logging_mixin.py:190} INFO - [2024-11-02T13:15:33.465+0000] {dag.py:3239} INFO - Sync 1 DAGs
[2024-11-02T13:15:34.033+0000] {logging_mixin.py:190} INFO - [2024-11-02T13:15:34.032+0000] {dag.py:4180} INFO - Setting next_dagrun for example_trigger_target_dag to None, run_after=None
[2024-11-02T13:15:34.553+0000] {processor.py:208} INFO - Processing /home/airflow/.local/lib/python3.12/site-packages/airflow/example_dags/example_trigger_target_dag.py took 6.667 seconds
[2024-11-02T13:19:04.028+0000] {processor.py:186} INFO - Started process (PID=306) to work on /home/airflow/.local/lib/python3.12/site-packages/airflow/example_dags/example_trigger_target_dag.py
[2024-11-02T13:19:04.063+0000] {processor.py:914} INFO - Processing file /home/airflow/.local/lib/python3.12/site-packages/airflow/example_dags/example_trigger_target_dag.py for tasks to queue
[2024-11-02T13:19:04.092+0000] {logging_mixin.py:190} INFO - [2024-11-02T13:19:04.091+0000] {dagbag.py:588} INFO - Filling up the DagBag from /home/airflow/.local/lib/python3.12/site-packages/airflow/example_dags/example_trigger_target_dag.py
[2024-11-02T13:19:04.234+0000] {processor.py:925} INFO - DAG(s) 'example_trigger_target_dag' retrieved from /home/airflow/.local/lib/python3.12/site-packages/airflow/example_dags/example_trigger_target_dag.py
[2024-11-02T13:19:04.469+0000] {logging_mixin.py:190} INFO - [2024-11-02T13:19:04.468+0000] {dag.py:3239} INFO - Sync 1 DAGs
[2024-11-02T13:19:05.035+0000] {logging_mixin.py:190} INFO - [2024-11-02T13:19:04.976+0000] {dag.py:4180} INFO - Setting next_dagrun for example_trigger_target_dag to None, run_after=None
[2024-11-02T13:19:05.880+0000] {processor.py:208} INFO - Processing /home/airflow/.local/lib/python3.12/site-packages/airflow/example_dags/example_trigger_target_dag.py took 2.046 seconds
[2024-11-02T13:20:59.594+0000] {processor.py:186} INFO - Started process (PID=383) to work on /home/airflow/.local/lib/python3.12/site-packages/airflow/example_dags/example_trigger_target_dag.py
[2024-11-02T13:20:59.610+0000] {processor.py:914} INFO - Processing file /home/airflow/.local/lib/python3.12/site-packages/airflow/example_dags/example_trigger_target_dag.py for tasks to queue
[2024-11-02T13:20:59.635+0000] {logging_mixin.py:190} INFO - [2024-11-02T13:20:59.634+0000] {dagbag.py:588} INFO - Filling up the DagBag from /home/airflow/.local/lib/python3.12/site-packages/airflow/example_dags/example_trigger_target_dag.py
[2024-11-02T13:20:59.780+0000] {processor.py:925} INFO - DAG(s) 'example_trigger_target_dag' retrieved from /home/airflow/.local/lib/python3.12/site-packages/airflow/example_dags/example_trigger_target_dag.py
[2024-11-02T13:20:59.997+0000] {logging_mixin.py:190} INFO - [2024-11-02T13:20:59.996+0000] {dag.py:3239} INFO - Sync 1 DAGs
[2024-11-02T13:21:00.406+0000] {logging_mixin.py:190} INFO - [2024-11-02T13:21:00.405+0000] {dag.py:4180} INFO - Setting next_dagrun for example_trigger_target_dag to None, run_after=None
[2024-11-02T13:21:01.125+0000] {processor.py:208} INFO - Processing /home/airflow/.local/lib/python3.12/site-packages/airflow/example_dags/example_trigger_target_dag.py took 1.618 seconds
[2024-11-02T13:22:08.683+0000] {processor.py:186} INFO - Started process (PID=435) to work on /home/airflow/.local/lib/python3.12/site-packages/airflow/example_dags/example_trigger_target_dag.py
[2024-11-02T13:22:08.717+0000] {processor.py:914} INFO - Processing file /home/airflow/.local/lib/python3.12/site-packages/airflow/example_dags/example_trigger_target_dag.py for tasks to queue
[2024-11-02T13:22:08.722+0000] {logging_mixin.py:190} INFO - [2024-11-02T13:22:08.721+0000] {dagbag.py:588} INFO - Filling up the DagBag from /home/airflow/.local/lib/python3.12/site-packages/airflow/example_dags/example_trigger_target_dag.py
[2024-11-02T13:22:08.924+0000] {processor.py:925} INFO - DAG(s) 'example_trigger_target_dag' retrieved from /home/airflow/.local/lib/python3.12/site-packages/airflow/example_dags/example_trigger_target_dag.py
[2024-11-02T13:22:09.260+0000] {logging_mixin.py:190} INFO - [2024-11-02T13:22:09.260+0000] {dag.py:3239} INFO - Sync 1 DAGs
[2024-11-02T13:22:09.414+0000] {logging_mixin.py:190} INFO - [2024-11-02T13:22:09.413+0000] {dag.py:4180} INFO - Setting next_dagrun for example_trigger_target_dag to None, run_after=None
[2024-11-02T13:22:09.720+0000] {processor.py:208} INFO - Processing /home/airflow/.local/lib/python3.12/site-packages/airflow/example_dags/example_trigger_target_dag.py took 1.187 seconds
[2024-11-02T13:23:49.561+0000] {processor.py:186} INFO - Started process (PID=497) to work on /home/airflow/.local/lib/python3.12/site-packages/airflow/example_dags/example_trigger_target_dag.py
[2024-11-02T13:23:49.624+0000] {processor.py:914} INFO - Processing file /home/airflow/.local/lib/python3.12/site-packages/airflow/example_dags/example_trigger_target_dag.py for tasks to queue
[2024-11-02T13:23:49.647+0000] {logging_mixin.py:190} INFO - [2024-11-02T13:23:49.645+0000] {dagbag.py:588} INFO - Filling up the DagBag from /home/airflow/.local/lib/python3.12/site-packages/airflow/example_dags/example_trigger_target_dag.py
[2024-11-02T13:23:49.840+0000] {processor.py:925} INFO - DAG(s) 'example_trigger_target_dag' retrieved from /home/airflow/.local/lib/python3.12/site-packages/airflow/example_dags/example_trigger_target_dag.py
[2024-11-02T13:23:50.105+0000] {logging_mixin.py:190} INFO - [2024-11-02T13:23:50.104+0000] {dag.py:3239} INFO - Sync 1 DAGs
[2024-11-02T13:23:50.292+0000] {logging_mixin.py:190} INFO - [2024-11-02T13:23:50.263+0000] {dag.py:4180} INFO - Setting next_dagrun for example_trigger_target_dag to None, run_after=None
[2024-11-02T13:23:50.841+0000] {processor.py:208} INFO - Processing /home/airflow/.local/lib/python3.12/site-packages/airflow/example_dags/example_trigger_target_dag.py took 1.347 seconds
[2024-11-02T13:27:49.736+0000] {processor.py:186} INFO - Started process (PID=570) to work on /home/airflow/.local/lib/python3.12/site-packages/airflow/example_dags/example_trigger_target_dag.py
[2024-11-02T13:27:49.785+0000] {processor.py:914} INFO - Processing file /home/airflow/.local/lib/python3.12/site-packages/airflow/example_dags/example_trigger_target_dag.py for tasks to queue
[2024-11-02T13:27:49.806+0000] {logging_mixin.py:190} INFO - [2024-11-02T13:27:49.804+0000] {dagbag.py:588} INFO - Filling up the DagBag from /home/airflow/.local/lib/python3.12/site-packages/airflow/example_dags/example_trigger_target_dag.py
[2024-11-02T13:27:54.234+0000] {processor.py:925} INFO - DAG(s) 'example_trigger_target_dag' retrieved from /home/airflow/.local/lib/python3.12/site-packages/airflow/example_dags/example_trigger_target_dag.py
[2024-11-02T13:27:56.478+0000] {logging_mixin.py:190} INFO - [2024-11-02T13:27:56.330+0000] {dag.py:3239} INFO - Sync 1 DAGs
[2024-11-02T13:27:58.305+0000] {logging_mixin.py:190} INFO - [2024-11-02T13:27:58.304+0000] {dag.py:4180} INFO - Setting next_dagrun for example_trigger_target_dag to None, run_after=None
[2024-11-02T13:28:00.641+0000] {processor.py:208} INFO - Processing /home/airflow/.local/lib/python3.12/site-packages/airflow/example_dags/example_trigger_target_dag.py took 11.454 seconds
[2024-11-02T13:31:01.133+0000] {processor.py:186} INFO - Started process (PID=646) to work on /home/airflow/.local/lib/python3.12/site-packages/airflow/example_dags/example_trigger_target_dag.py
[2024-11-02T13:31:01.177+0000] {processor.py:914} INFO - Processing file /home/airflow/.local/lib/python3.12/site-packages/airflow/example_dags/example_trigger_target_dag.py for tasks to queue
[2024-11-02T13:31:01.196+0000] {logging_mixin.py:190} INFO - [2024-11-02T13:31:01.194+0000] {dagbag.py:588} INFO - Filling up the DagBag from /home/airflow/.local/lib/python3.12/site-packages/airflow/example_dags/example_trigger_target_dag.py
[2024-11-02T13:31:02.385+0000] {processor.py:925} INFO - DAG(s) 'example_trigger_target_dag' retrieved from /home/airflow/.local/lib/python3.12/site-packages/airflow/example_dags/example_trigger_target_dag.py
[2024-11-02T13:31:03.502+0000] {logging_mixin.py:190} INFO - [2024-11-02T13:31:03.501+0000] {dag.py:3239} INFO - Sync 1 DAGs
[2024-11-02T13:31:06.568+0000] {logging_mixin.py:190} INFO - [2024-11-02T13:31:06.567+0000] {dag.py:4180} INFO - Setting next_dagrun for example_trigger_target_dag to None, run_after=None
[2024-11-02T13:31:07.128+0000] {processor.py:208} INFO - Processing /home/airflow/.local/lib/python3.12/site-packages/airflow/example_dags/example_trigger_target_dag.py took 6.184 seconds
[2024-11-02T13:34:45.701+0000] {processor.py:186} INFO - Started process (PID=724) to work on /home/airflow/.local/lib/python3.12/site-packages/airflow/example_dags/example_trigger_target_dag.py
[2024-11-02T13:34:45.758+0000] {processor.py:914} INFO - Processing file /home/airflow/.local/lib/python3.12/site-packages/airflow/example_dags/example_trigger_target_dag.py for tasks to queue
[2024-11-02T13:34:45.820+0000] {logging_mixin.py:190} INFO - [2024-11-02T13:34:45.818+0000] {dagbag.py:588} INFO - Filling up the DagBag from /home/airflow/.local/lib/python3.12/site-packages/airflow/example_dags/example_trigger_target_dag.py
[2024-11-02T13:34:46.207+0000] {processor.py:925} INFO - DAG(s) 'example_trigger_target_dag' retrieved from /home/airflow/.local/lib/python3.12/site-packages/airflow/example_dags/example_trigger_target_dag.py
[2024-11-02T13:34:46.945+0000] {logging_mixin.py:190} INFO - [2024-11-02T13:34:46.935+0000] {dag.py:3239} INFO - Sync 1 DAGs
[2024-11-02T13:34:48.194+0000] {logging_mixin.py:190} INFO - [2024-11-02T13:34:48.193+0000] {dag.py:4180} INFO - Setting next_dagrun for example_trigger_target_dag to None, run_after=None
[2024-11-02T13:34:49.360+0000] {processor.py:208} INFO - Processing /home/airflow/.local/lib/python3.12/site-packages/airflow/example_dags/example_trigger_target_dag.py took 3.851 seconds
[2024-11-02T13:39:40.151+0000] {processor.py:186} INFO - Started process (PID=822) to work on /home/airflow/.local/lib/python3.12/site-packages/airflow/example_dags/example_trigger_target_dag.py
[2024-11-02T13:39:40.165+0000] {processor.py:914} INFO - Processing file /home/airflow/.local/lib/python3.12/site-packages/airflow/example_dags/example_trigger_target_dag.py for tasks to queue
[2024-11-02T13:39:40.184+0000] {logging_mixin.py:190} INFO - [2024-11-02T13:39:40.182+0000] {dagbag.py:588} INFO - Filling up the DagBag from /home/airflow/.local/lib/python3.12/site-packages/airflow/example_dags/example_trigger_target_dag.py
[2024-11-02T13:39:40.881+0000] {processor.py:925} INFO - DAG(s) 'example_trigger_target_dag' retrieved from /home/airflow/.local/lib/python3.12/site-packages/airflow/example_dags/example_trigger_target_dag.py
[2024-11-02T13:39:42.013+0000] {logging_mixin.py:190} INFO - [2024-11-02T13:39:42.012+0000] {dag.py:3239} INFO - Sync 1 DAGs
[2024-11-02T13:39:42.195+0000] {logging_mixin.py:190} INFO - [2024-11-02T13:39:42.195+0000] {dag.py:4180} INFO - Setting next_dagrun for example_trigger_target_dag to None, run_after=None
[2024-11-02T13:39:42.437+0000] {processor.py:208} INFO - Processing /home/airflow/.local/lib/python3.12/site-packages/airflow/example_dags/example_trigger_target_dag.py took 2.362 seconds
[2024-11-02T13:41:03.095+0000] {processor.py:186} INFO - Started process (PID=890) to work on /home/airflow/.local/lib/python3.12/site-packages/airflow/example_dags/example_trigger_target_dag.py
[2024-11-02T13:41:03.103+0000] {processor.py:914} INFO - Processing file /home/airflow/.local/lib/python3.12/site-packages/airflow/example_dags/example_trigger_target_dag.py for tasks to queue
[2024-11-02T13:41:03.122+0000] {logging_mixin.py:190} INFO - [2024-11-02T13:41:03.122+0000] {dagbag.py:588} INFO - Filling up the DagBag from /home/airflow/.local/lib/python3.12/site-packages/airflow/example_dags/example_trigger_target_dag.py
[2024-11-02T13:41:03.197+0000] {processor.py:925} INFO - DAG(s) 'example_trigger_target_dag' retrieved from /home/airflow/.local/lib/python3.12/site-packages/airflow/example_dags/example_trigger_target_dag.py
[2024-11-02T13:41:03.457+0000] {logging_mixin.py:190} INFO - [2024-11-02T13:41:03.456+0000] {dag.py:3239} INFO - Sync 1 DAGs
[2024-11-02T13:41:03.630+0000] {logging_mixin.py:190} INFO - [2024-11-02T13:41:03.629+0000] {dag.py:4180} INFO - Setting next_dagrun for example_trigger_target_dag to None, run_after=None
[2024-11-02T13:41:04.042+0000] {processor.py:208} INFO - Processing /home/airflow/.local/lib/python3.12/site-packages/airflow/example_dags/example_trigger_target_dag.py took 0.991 seconds
[2024-11-02T13:43:24.715+0000] {processor.py:186} INFO - Started process (PID=978) to work on /home/airflow/.local/lib/python3.12/site-packages/airflow/example_dags/example_trigger_target_dag.py
[2024-11-02T13:43:24.783+0000] {processor.py:914} INFO - Processing file /home/airflow/.local/lib/python3.12/site-packages/airflow/example_dags/example_trigger_target_dag.py for tasks to queue
[2024-11-02T13:43:24.804+0000] {logging_mixin.py:190} INFO - [2024-11-02T13:43:24.802+0000] {dagbag.py:588} INFO - Filling up the DagBag from /home/airflow/.local/lib/python3.12/site-packages/airflow/example_dags/example_trigger_target_dag.py
[2024-11-02T13:43:25.911+0000] {processor.py:925} INFO - DAG(s) 'example_trigger_target_dag' retrieved from /home/airflow/.local/lib/python3.12/site-packages/airflow/example_dags/example_trigger_target_dag.py
[2024-11-02T13:43:33.122+0000] {logging_mixin.py:190} INFO - [2024-11-02T13:43:33.113+0000] {dag.py:3239} INFO - Sync 1 DAGs
[2024-11-02T13:43:33.655+0000] {logging_mixin.py:190} INFO - [2024-11-02T13:43:33.654+0000] {dag.py:4180} INFO - Setting next_dagrun for example_trigger_target_dag to None, run_after=None
[2024-11-02T13:43:35.426+0000] {processor.py:208} INFO - Processing /home/airflow/.local/lib/python3.12/site-packages/airflow/example_dags/example_trigger_target_dag.py took 10.928 seconds
[2024-11-02T13:44:49.636+0000] {processor.py:186} INFO - Started process (PID=1039) to work on /home/airflow/.local/lib/python3.12/site-packages/airflow/example_dags/example_trigger_target_dag.py
[2024-11-02T13:44:49.651+0000] {processor.py:914} INFO - Processing file /home/airflow/.local/lib/python3.12/site-packages/airflow/example_dags/example_trigger_target_dag.py for tasks to queue
[2024-11-02T13:44:49.662+0000] {logging_mixin.py:190} INFO - [2024-11-02T13:44:49.661+0000] {dagbag.py:588} INFO - Filling up the DagBag from /home/airflow/.local/lib/python3.12/site-packages/airflow/example_dags/example_trigger_target_dag.py
[2024-11-02T13:44:49.809+0000] {processor.py:925} INFO - DAG(s) 'example_trigger_target_dag' retrieved from /home/airflow/.local/lib/python3.12/site-packages/airflow/example_dags/example_trigger_target_dag.py
[2024-11-02T13:44:50.111+0000] {logging_mixin.py:190} INFO - [2024-11-02T13:44:50.110+0000] {dag.py:3239} INFO - Sync 1 DAGs
[2024-11-02T13:44:50.417+0000] {logging_mixin.py:190} INFO - [2024-11-02T13:44:50.416+0000] {dag.py:4180} INFO - Setting next_dagrun for example_trigger_target_dag to None, run_after=None
[2024-11-02T13:44:50.746+0000] {processor.py:208} INFO - Processing /home/airflow/.local/lib/python3.12/site-packages/airflow/example_dags/example_trigger_target_dag.py took 1.217 seconds
[2024-11-02T13:49:30.423+0000] {processor.py:186} INFO - Started process (PID=1163) to work on /home/airflow/.local/lib/python3.12/site-packages/airflow/example_dags/example_trigger_target_dag.py
[2024-11-02T13:49:30.485+0000] {processor.py:914} INFO - Processing file /home/airflow/.local/lib/python3.12/site-packages/airflow/example_dags/example_trigger_target_dag.py for tasks to queue
[2024-11-02T13:49:30.561+0000] {logging_mixin.py:190} INFO - [2024-11-02T13:49:30.560+0000] {dagbag.py:588} INFO - Filling up the DagBag from /home/airflow/.local/lib/python3.12/site-packages/airflow/example_dags/example_trigger_target_dag.py
[2024-11-02T13:49:30.898+0000] {processor.py:925} INFO - DAG(s) 'example_trigger_target_dag' retrieved from /home/airflow/.local/lib/python3.12/site-packages/airflow/example_dags/example_trigger_target_dag.py
[2024-11-02T13:49:31.224+0000] {logging_mixin.py:190} INFO - [2024-11-02T13:49:31.223+0000] {dag.py:3239} INFO - Sync 1 DAGs
[2024-11-02T13:49:31.436+0000] {logging_mixin.py:190} INFO - [2024-11-02T13:49:31.435+0000] {dag.py:4180} INFO - Setting next_dagrun for example_trigger_target_dag to None, run_after=None
[2024-11-02T13:49:31.865+0000] {processor.py:208} INFO - Processing /home/airflow/.local/lib/python3.12/site-packages/airflow/example_dags/example_trigger_target_dag.py took 1.708 seconds
[2024-11-02T13:50:28.289+0000] {processor.py:186} INFO - Started process (PID=1208) to work on /home/airflow/.local/lib/python3.12/site-packages/airflow/example_dags/example_trigger_target_dag.py
[2024-11-02T13:50:28.303+0000] {processor.py:914} INFO - Processing file /home/airflow/.local/lib/python3.12/site-packages/airflow/example_dags/example_trigger_target_dag.py for tasks to queue
[2024-11-02T13:50:28.326+0000] {logging_mixin.py:190} INFO - [2024-11-02T13:50:28.324+0000] {dagbag.py:588} INFO - Filling up the DagBag from /home/airflow/.local/lib/python3.12/site-packages/airflow/example_dags/example_trigger_target_dag.py
[2024-11-02T13:50:28.567+0000] {processor.py:925} INFO - DAG(s) 'example_trigger_target_dag' retrieved from /home/airflow/.local/lib/python3.12/site-packages/airflow/example_dags/example_trigger_target_dag.py
[2024-11-02T13:50:29.238+0000] {logging_mixin.py:190} INFO - [2024-11-02T13:50:29.236+0000] {dag.py:3239} INFO - Sync 1 DAGs
[2024-11-02T13:50:29.915+0000] {logging_mixin.py:190} INFO - [2024-11-02T13:50:29.888+0000] {dag.py:4180} INFO - Setting next_dagrun for example_trigger_target_dag to None, run_after=None
[2024-11-02T13:50:30.455+0000] {processor.py:208} INFO - Processing /home/airflow/.local/lib/python3.12/site-packages/airflow/example_dags/example_trigger_target_dag.py took 2.299 seconds
[2024-11-02T13:54:04.388+0000] {processor.py:186} INFO - Started process (PID=1319) to work on /home/airflow/.local/lib/python3.12/site-packages/airflow/example_dags/example_trigger_target_dag.py
[2024-11-02T13:54:04.463+0000] {processor.py:914} INFO - Processing file /home/airflow/.local/lib/python3.12/site-packages/airflow/example_dags/example_trigger_target_dag.py for tasks to queue
[2024-11-02T13:54:04.469+0000] {logging_mixin.py:190} INFO - [2024-11-02T13:54:04.468+0000] {dagbag.py:588} INFO - Filling up the DagBag from /home/airflow/.local/lib/python3.12/site-packages/airflow/example_dags/example_trigger_target_dag.py
[2024-11-02T13:54:04.806+0000] {processor.py:925} INFO - DAG(s) 'example_trigger_target_dag' retrieved from /home/airflow/.local/lib/python3.12/site-packages/airflow/example_dags/example_trigger_target_dag.py
[2024-11-02T13:54:05.426+0000] {logging_mixin.py:190} INFO - [2024-11-02T13:54:05.425+0000] {dag.py:3239} INFO - Sync 1 DAGs
[2024-11-02T13:54:05.848+0000] {logging_mixin.py:190} INFO - [2024-11-02T13:54:05.848+0000] {dag.py:4180} INFO - Setting next_dagrun for example_trigger_target_dag to None, run_after=None
[2024-11-02T13:54:06.217+0000] {processor.py:208} INFO - Processing /home/airflow/.local/lib/python3.12/site-packages/airflow/example_dags/example_trigger_target_dag.py took 2.213 seconds
[2024-11-02T13:55:15.145+0000] {processor.py:186} INFO - Started process (PID=1384) to work on /home/airflow/.local/lib/python3.12/site-packages/airflow/example_dags/example_trigger_target_dag.py
[2024-11-02T13:55:15.163+0000] {processor.py:914} INFO - Processing file /home/airflow/.local/lib/python3.12/site-packages/airflow/example_dags/example_trigger_target_dag.py for tasks to queue
[2024-11-02T13:55:15.174+0000] {logging_mixin.py:190} INFO - [2024-11-02T13:55:15.166+0000] {dagbag.py:588} INFO - Filling up the DagBag from /home/airflow/.local/lib/python3.12/site-packages/airflow/example_dags/example_trigger_target_dag.py
[2024-11-02T13:55:15.352+0000] {processor.py:925} INFO - DAG(s) 'example_trigger_target_dag' retrieved from /home/airflow/.local/lib/python3.12/site-packages/airflow/example_dags/example_trigger_target_dag.py
[2024-11-02T13:55:15.736+0000] {logging_mixin.py:190} INFO - [2024-11-02T13:55:15.735+0000] {dag.py:3239} INFO - Sync 1 DAGs
[2024-11-02T13:55:16.126+0000] {logging_mixin.py:190} INFO - [2024-11-02T13:55:16.124+0000] {dag.py:4180} INFO - Setting next_dagrun for example_trigger_target_dag to None, run_after=None
[2024-11-02T13:55:16.430+0000] {processor.py:208} INFO - Processing /home/airflow/.local/lib/python3.12/site-packages/airflow/example_dags/example_trigger_target_dag.py took 1.373 seconds
[2024-11-02T13:57:39.185+0000] {processor.py:186} INFO - Started process (PID=1477) to work on /home/airflow/.local/lib/python3.12/site-packages/airflow/example_dags/example_trigger_target_dag.py
[2024-11-02T13:57:39.266+0000] {processor.py:914} INFO - Processing file /home/airflow/.local/lib/python3.12/site-packages/airflow/example_dags/example_trigger_target_dag.py for tasks to queue
[2024-11-02T13:57:39.271+0000] {logging_mixin.py:190} INFO - [2024-11-02T13:57:39.270+0000] {dagbag.py:588} INFO - Filling up the DagBag from /home/airflow/.local/lib/python3.12/site-packages/airflow/example_dags/example_trigger_target_dag.py
[2024-11-02T13:57:39.601+0000] {processor.py:925} INFO - DAG(s) 'example_trigger_target_dag' retrieved from /home/airflow/.local/lib/python3.12/site-packages/airflow/example_dags/example_trigger_target_dag.py
[2024-11-02T13:57:39.921+0000] {logging_mixin.py:190} INFO - [2024-11-02T13:57:39.921+0000] {dag.py:3239} INFO - Sync 1 DAGs
[2024-11-02T13:57:40.096+0000] {logging_mixin.py:190} INFO - [2024-11-02T13:57:40.095+0000] {dag.py:4180} INFO - Setting next_dagrun for example_trigger_target_dag to None, run_after=None
[2024-11-02T13:57:40.259+0000] {processor.py:208} INFO - Processing /home/airflow/.local/lib/python3.12/site-packages/airflow/example_dags/example_trigger_target_dag.py took 1.093 seconds
[2024-11-02T13:59:14.892+0000] {processor.py:186} INFO - Started process (PID=1538) to work on /home/airflow/.local/lib/python3.12/site-packages/airflow/example_dags/example_trigger_target_dag.py
[2024-11-02T13:59:14.993+0000] {processor.py:914} INFO - Processing file /home/airflow/.local/lib/python3.12/site-packages/airflow/example_dags/example_trigger_target_dag.py for tasks to queue
[2024-11-02T13:59:15.068+0000] {logging_mixin.py:190} INFO - [2024-11-02T13:59:15.067+0000] {dagbag.py:588} INFO - Filling up the DagBag from /home/airflow/.local/lib/python3.12/site-packages/airflow/example_dags/example_trigger_target_dag.py
[2024-11-02T13:59:15.608+0000] {processor.py:925} INFO - DAG(s) 'example_trigger_target_dag' retrieved from /home/airflow/.local/lib/python3.12/site-packages/airflow/example_dags/example_trigger_target_dag.py
[2024-11-02T13:59:17.510+0000] {logging_mixin.py:190} INFO - [2024-11-02T13:59:17.509+0000] {dag.py:3239} INFO - Sync 1 DAGs
[2024-11-02T13:59:18.813+0000] {logging_mixin.py:190} INFO - [2024-11-02T13:59:18.736+0000] {dag.py:4180} INFO - Setting next_dagrun for example_trigger_target_dag to None, run_after=None
[2024-11-02T13:59:19.457+0000] {processor.py:208} INFO - Processing /home/airflow/.local/lib/python3.12/site-packages/airflow/example_dags/example_trigger_target_dag.py took 4.784 seconds
[2024-11-02T14:01:11.481+0000] {processor.py:186} INFO - Started process (PID=1601) to work on /home/airflow/.local/lib/python3.12/site-packages/airflow/example_dags/example_trigger_target_dag.py
[2024-11-02T14:01:11.492+0000] {processor.py:914} INFO - Processing file /home/airflow/.local/lib/python3.12/site-packages/airflow/example_dags/example_trigger_target_dag.py for tasks to queue
[2024-11-02T14:01:11.495+0000] {logging_mixin.py:190} INFO - [2024-11-02T14:01:11.495+0000] {dagbag.py:588} INFO - Filling up the DagBag from /home/airflow/.local/lib/python3.12/site-packages/airflow/example_dags/example_trigger_target_dag.py
[2024-11-02T14:01:11.525+0000] {processor.py:925} INFO - DAG(s) 'example_trigger_target_dag' retrieved from /home/airflow/.local/lib/python3.12/site-packages/airflow/example_dags/example_trigger_target_dag.py
[2024-11-02T14:01:11.830+0000] {logging_mixin.py:190} INFO - [2024-11-02T14:01:11.829+0000] {dag.py:3239} INFO - Sync 1 DAGs
[2024-11-02T14:01:12.021+0000] {logging_mixin.py:190} INFO - [2024-11-02T14:01:12.021+0000] {dag.py:4180} INFO - Setting next_dagrun for example_trigger_target_dag to None, run_after=None
[2024-11-02T14:01:12.216+0000] {processor.py:208} INFO - Processing /home/airflow/.local/lib/python3.12/site-packages/airflow/example_dags/example_trigger_target_dag.py took 0.767 seconds
[2024-11-02T14:02:27.997+0000] {processor.py:186} INFO - Started process (PID=1657) to work on /home/airflow/.local/lib/python3.12/site-packages/airflow/example_dags/example_trigger_target_dag.py
[2024-11-02T14:02:28.024+0000] {processor.py:914} INFO - Processing file /home/airflow/.local/lib/python3.12/site-packages/airflow/example_dags/example_trigger_target_dag.py for tasks to queue
[2024-11-02T14:02:28.030+0000] {logging_mixin.py:190} INFO - [2024-11-02T14:02:28.029+0000] {dagbag.py:588} INFO - Filling up the DagBag from /home/airflow/.local/lib/python3.12/site-packages/airflow/example_dags/example_trigger_target_dag.py
[2024-11-02T14:02:28.478+0000] {processor.py:925} INFO - DAG(s) 'example_trigger_target_dag' retrieved from /home/airflow/.local/lib/python3.12/site-packages/airflow/example_dags/example_trigger_target_dag.py
[2024-11-02T14:02:28.852+0000] {logging_mixin.py:190} INFO - [2024-11-02T14:02:28.851+0000] {dag.py:3239} INFO - Sync 1 DAGs
[2024-11-02T14:02:29.076+0000] {logging_mixin.py:190} INFO - [2024-11-02T14:02:29.075+0000] {dag.py:4180} INFO - Setting next_dagrun for example_trigger_target_dag to None, run_after=None
[2024-11-02T14:02:29.495+0000] {processor.py:208} INFO - Processing /home/airflow/.local/lib/python3.12/site-packages/airflow/example_dags/example_trigger_target_dag.py took 1.689 seconds
[2024-11-02T14:05:59.683+0000] {processor.py:186} INFO - Started process (PID=1733) to work on /home/airflow/.local/lib/python3.12/site-packages/airflow/example_dags/example_trigger_target_dag.py
[2024-11-02T14:05:59.746+0000] {processor.py:914} INFO - Processing file /home/airflow/.local/lib/python3.12/site-packages/airflow/example_dags/example_trigger_target_dag.py for tasks to queue
[2024-11-02T14:05:59.831+0000] {logging_mixin.py:190} INFO - [2024-11-02T14:05:59.812+0000] {dagbag.py:588} INFO - Filling up the DagBag from /home/airflow/.local/lib/python3.12/site-packages/airflow/example_dags/example_trigger_target_dag.py
[2024-11-02T14:06:01.842+0000] {processor.py:925} INFO - DAG(s) 'example_trigger_target_dag' retrieved from /home/airflow/.local/lib/python3.12/site-packages/airflow/example_dags/example_trigger_target_dag.py
[2024-11-02T14:06:15.035+0000] {logging_mixin.py:190} INFO - [2024-11-02T14:06:14.688+0000] {dag.py:3239} INFO - Sync 1 DAGs
[2024-11-02T14:06:41.152+0000] {logging_mixin.py:190} INFO - [2024-11-02T14:06:40.459+0000] {dag.py:4180} INFO - Setting next_dagrun for example_trigger_target_dag to None, run_after=None
[2024-11-02T14:06:53.227+0000] {processor.py:208} INFO - Processing /home/airflow/.local/lib/python3.12/site-packages/airflow/example_dags/example_trigger_target_dag.py took 54.922 seconds
[2024-11-02T14:13:22.427+0000] {processor.py:186} INFO - Started process (PID=1852) to work on /home/airflow/.local/lib/python3.12/site-packages/airflow/example_dags/example_trigger_target_dag.py
[2024-11-02T14:13:22.464+0000] {processor.py:914} INFO - Processing file /home/airflow/.local/lib/python3.12/site-packages/airflow/example_dags/example_trigger_target_dag.py for tasks to queue
[2024-11-02T14:13:22.472+0000] {logging_mixin.py:190} INFO - [2024-11-02T14:13:22.471+0000] {dagbag.py:588} INFO - Filling up the DagBag from /home/airflow/.local/lib/python3.12/site-packages/airflow/example_dags/example_trigger_target_dag.py
[2024-11-02T14:13:22.756+0000] {processor.py:925} INFO - DAG(s) 'example_trigger_target_dag' retrieved from /home/airflow/.local/lib/python3.12/site-packages/airflow/example_dags/example_trigger_target_dag.py
[2024-11-02T14:13:24.072+0000] {logging_mixin.py:190} INFO - [2024-11-02T14:13:24.071+0000] {dag.py:3239} INFO - Sync 1 DAGs
[2024-11-02T14:13:24.540+0000] {logging_mixin.py:190} INFO - [2024-11-02T14:13:24.540+0000] {dag.py:4180} INFO - Setting next_dagrun for example_trigger_target_dag to None, run_after=None
[2024-11-02T14:13:25.165+0000] {processor.py:208} INFO - Processing /home/airflow/.local/lib/python3.12/site-packages/airflow/example_dags/example_trigger_target_dag.py took 2.817 seconds
[2024-11-02T14:20:17.205+0000] {processor.py:186} INFO - Started process (PID=1972) to work on /home/airflow/.local/lib/python3.12/site-packages/airflow/example_dags/example_trigger_target_dag.py
[2024-11-02T14:20:17.214+0000] {processor.py:914} INFO - Processing file /home/airflow/.local/lib/python3.12/site-packages/airflow/example_dags/example_trigger_target_dag.py for tasks to queue
[2024-11-02T14:20:17.244+0000] {logging_mixin.py:190} INFO - [2024-11-02T14:20:17.222+0000] {dagbag.py:588} INFO - Filling up the DagBag from /home/airflow/.local/lib/python3.12/site-packages/airflow/example_dags/example_trigger_target_dag.py
[2024-11-02T14:20:17.371+0000] {processor.py:925} INFO - DAG(s) 'example_trigger_target_dag' retrieved from /home/airflow/.local/lib/python3.12/site-packages/airflow/example_dags/example_trigger_target_dag.py
[2024-11-02T14:20:17.768+0000] {logging_mixin.py:190} INFO - [2024-11-02T14:20:17.767+0000] {dag.py:3239} INFO - Sync 1 DAGs
[2024-11-02T14:20:18.256+0000] {logging_mixin.py:190} INFO - [2024-11-02T14:20:18.255+0000] {dag.py:4180} INFO - Setting next_dagrun for example_trigger_target_dag to None, run_after=None
[2024-11-02T14:20:18.689+0000] {processor.py:208} INFO - Processing /home/airflow/.local/lib/python3.12/site-packages/airflow/example_dags/example_trigger_target_dag.py took 1.567 seconds
[2024-11-02T14:25:16.370+0000] {processor.py:186} INFO - Started process (PID=2074) to work on /home/airflow/.local/lib/python3.12/site-packages/airflow/example_dags/example_trigger_target_dag.py
[2024-11-02T14:25:16.460+0000] {processor.py:914} INFO - Processing file /home/airflow/.local/lib/python3.12/site-packages/airflow/example_dags/example_trigger_target_dag.py for tasks to queue
[2024-11-02T14:25:16.478+0000] {logging_mixin.py:190} INFO - [2024-11-02T14:25:16.477+0000] {dagbag.py:588} INFO - Filling up the DagBag from /home/airflow/.local/lib/python3.12/site-packages/airflow/example_dags/example_trigger_target_dag.py
[2024-11-02T14:25:16.820+0000] {processor.py:925} INFO - DAG(s) 'example_trigger_target_dag' retrieved from /home/airflow/.local/lib/python3.12/site-packages/airflow/example_dags/example_trigger_target_dag.py
[2024-11-02T14:25:18.589+0000] {logging_mixin.py:190} INFO - [2024-11-02T14:25:18.589+0000] {dag.py:3239} INFO - Sync 1 DAGs
[2024-11-02T14:25:19.129+0000] {logging_mixin.py:190} INFO - [2024-11-02T14:25:19.088+0000] {dag.py:4180} INFO - Setting next_dagrun for example_trigger_target_dag to None, run_after=None
[2024-11-02T14:25:20.503+0000] {processor.py:208} INFO - Processing /home/airflow/.local/lib/python3.12/site-packages/airflow/example_dags/example_trigger_target_dag.py took 4.472 seconds
[2024-11-02T14:31:08.622+0000] {processor.py:186} INFO - Started process (PID=2166) to work on /home/airflow/.local/lib/python3.12/site-packages/airflow/example_dags/example_trigger_target_dag.py
[2024-11-02T14:31:09.358+0000] {processor.py:914} INFO - Processing file /home/airflow/.local/lib/python3.12/site-packages/airflow/example_dags/example_trigger_target_dag.py for tasks to queue
[2024-11-02T14:31:09.363+0000] {logging_mixin.py:190} INFO - [2024-11-02T14:31:09.362+0000] {dagbag.py:588} INFO - Filling up the DagBag from /home/airflow/.local/lib/python3.12/site-packages/airflow/example_dags/example_trigger_target_dag.py
[2024-11-02T14:31:09.873+0000] {processor.py:925} INFO - DAG(s) 'example_trigger_target_dag' retrieved from /home/airflow/.local/lib/python3.12/site-packages/airflow/example_dags/example_trigger_target_dag.py
[2024-11-02T14:31:11.322+0000] {logging_mixin.py:190} INFO - [2024-11-02T14:31:11.312+0000] {dag.py:3239} INFO - Sync 1 DAGs
[2024-11-02T14:31:12.759+0000] {logging_mixin.py:190} INFO - [2024-11-02T14:31:12.707+0000] {dag.py:4180} INFO - Setting next_dagrun for example_trigger_target_dag to None, run_after=None
[2024-11-02T14:31:13.536+0000] {processor.py:208} INFO - Processing /home/airflow/.local/lib/python3.12/site-packages/airflow/example_dags/example_trigger_target_dag.py took 5.646 seconds
[2024-11-02T14:37:32.908+0000] {processor.py:186} INFO - Started process (PID=2289) to work on /home/airflow/.local/lib/python3.12/site-packages/airflow/example_dags/example_trigger_target_dag.py
[2024-11-02T14:37:32.949+0000] {processor.py:914} INFO - Processing file /home/airflow/.local/lib/python3.12/site-packages/airflow/example_dags/example_trigger_target_dag.py for tasks to queue
[2024-11-02T14:37:33.084+0000] {logging_mixin.py:190} INFO - [2024-11-02T14:37:33.034+0000] {dagbag.py:588} INFO - Filling up the DagBag from /home/airflow/.local/lib/python3.12/site-packages/airflow/example_dags/example_trigger_target_dag.py
[2024-11-02T14:37:33.390+0000] {processor.py:925} INFO - DAG(s) 'example_trigger_target_dag' retrieved from /home/airflow/.local/lib/python3.12/site-packages/airflow/example_dags/example_trigger_target_dag.py
[2024-11-02T14:37:34.016+0000] {logging_mixin.py:190} INFO - [2024-11-02T14:37:34.011+0000] {dag.py:3239} INFO - Sync 1 DAGs
[2024-11-02T14:37:34.951+0000] {logging_mixin.py:190} INFO - [2024-11-02T14:37:34.945+0000] {dag.py:4180} INFO - Setting next_dagrun for example_trigger_target_dag to None, run_after=None
[2024-11-02T14:37:37.268+0000] {processor.py:208} INFO - Processing /home/airflow/.local/lib/python3.12/site-packages/airflow/example_dags/example_trigger_target_dag.py took 4.733 seconds
[2024-11-02T14:44:33.607+0000] {processor.py:186} INFO - Started process (PID=2411) to work on /home/airflow/.local/lib/python3.12/site-packages/airflow/example_dags/example_trigger_target_dag.py
[2024-11-02T14:44:33.645+0000] {processor.py:914} INFO - Processing file /home/airflow/.local/lib/python3.12/site-packages/airflow/example_dags/example_trigger_target_dag.py for tasks to queue
[2024-11-02T14:44:33.683+0000] {logging_mixin.py:190} INFO - [2024-11-02T14:44:33.681+0000] {dagbag.py:588} INFO - Filling up the DagBag from /home/airflow/.local/lib/python3.12/site-packages/airflow/example_dags/example_trigger_target_dag.py
[2024-11-02T14:44:33.995+0000] {processor.py:925} INFO - DAG(s) 'example_trigger_target_dag' retrieved from /home/airflow/.local/lib/python3.12/site-packages/airflow/example_dags/example_trigger_target_dag.py
[2024-11-02T14:44:34.919+0000] {logging_mixin.py:190} INFO - [2024-11-02T14:44:34.918+0000] {dag.py:3239} INFO - Sync 1 DAGs
[2024-11-02T14:44:35.440+0000] {logging_mixin.py:190} INFO - [2024-11-02T14:44:35.425+0000] {dag.py:4180} INFO - Setting next_dagrun for example_trigger_target_dag to None, run_after=None
[2024-11-02T14:44:36.399+0000] {processor.py:208} INFO - Processing /home/airflow/.local/lib/python3.12/site-packages/airflow/example_dags/example_trigger_target_dag.py took 3.631 seconds
[2024-11-02T14:51:14.992+0000] {processor.py:186} INFO - Started process (PID=2526) to work on /home/airflow/.local/lib/python3.12/site-packages/airflow/example_dags/example_trigger_target_dag.py
[2024-11-02T14:51:15.010+0000] {processor.py:914} INFO - Processing file /home/airflow/.local/lib/python3.12/site-packages/airflow/example_dags/example_trigger_target_dag.py for tasks to queue
[2024-11-02T14:51:15.024+0000] {logging_mixin.py:190} INFO - [2024-11-02T14:51:15.023+0000] {dagbag.py:588} INFO - Filling up the DagBag from /home/airflow/.local/lib/python3.12/site-packages/airflow/example_dags/example_trigger_target_dag.py
[2024-11-02T14:51:15.423+0000] {processor.py:925} INFO - DAG(s) 'example_trigger_target_dag' retrieved from /home/airflow/.local/lib/python3.12/site-packages/airflow/example_dags/example_trigger_target_dag.py
[2024-11-02T14:51:16.718+0000] {logging_mixin.py:190} INFO - [2024-11-02T14:51:16.677+0000] {dag.py:3239} INFO - Sync 1 DAGs
[2024-11-02T14:51:17.317+0000] {logging_mixin.py:190} INFO - [2024-11-02T14:51:17.316+0000] {dag.py:4180} INFO - Setting next_dagrun for example_trigger_target_dag to None, run_after=None
[2024-11-02T14:51:18.893+0000] {processor.py:208} INFO - Processing /home/airflow/.local/lib/python3.12/site-packages/airflow/example_dags/example_trigger_target_dag.py took 4.243 seconds
[2024-11-02T14:56:05.563+0000] {processor.py:186} INFO - Started process (PID=2635) to work on /home/airflow/.local/lib/python3.12/site-packages/airflow/example_dags/example_trigger_target_dag.py
[2024-11-02T14:56:05.756+0000] {processor.py:914} INFO - Processing file /home/airflow/.local/lib/python3.12/site-packages/airflow/example_dags/example_trigger_target_dag.py for tasks to queue
[2024-11-02T14:56:06.059+0000] {logging_mixin.py:190} INFO - [2024-11-02T14:56:05.906+0000] {dagbag.py:588} INFO - Filling up the DagBag from /home/airflow/.local/lib/python3.12/site-packages/airflow/example_dags/example_trigger_target_dag.py
[2024-11-02T14:56:08.292+0000] {processor.py:925} INFO - DAG(s) 'example_trigger_target_dag' retrieved from /home/airflow/.local/lib/python3.12/site-packages/airflow/example_dags/example_trigger_target_dag.py
[2024-11-02T14:56:12.166+0000] {logging_mixin.py:190} INFO - [2024-11-02T14:56:12.164+0000] {dag.py:3239} INFO - Sync 1 DAGs
[2024-11-02T14:56:15.655+0000] {logging_mixin.py:190} INFO - [2024-11-02T14:56:15.653+0000] {dag.py:4180} INFO - Setting next_dagrun for example_trigger_target_dag to None, run_after=None
[2024-11-02T14:56:20.859+0000] {processor.py:208} INFO - Processing /home/airflow/.local/lib/python3.12/site-packages/airflow/example_dags/example_trigger_target_dag.py took 19.555 seconds
[2024-11-02T15:01:38.234+0000] {processor.py:186} INFO - Started process (PID=2727) to work on /home/airflow/.local/lib/python3.12/site-packages/airflow/example_dags/example_trigger_target_dag.py
[2024-11-02T15:01:38.345+0000] {processor.py:914} INFO - Processing file /home/airflow/.local/lib/python3.12/site-packages/airflow/example_dags/example_trigger_target_dag.py for tasks to queue
[2024-11-02T15:01:38.516+0000] {logging_mixin.py:190} INFO - [2024-11-02T15:01:38.389+0000] {dagbag.py:588} INFO - Filling up the DagBag from /home/airflow/.local/lib/python3.12/site-packages/airflow/example_dags/example_trigger_target_dag.py
[2024-11-02T15:01:40.584+0000] {processor.py:925} INFO - DAG(s) 'example_trigger_target_dag' retrieved from /home/airflow/.local/lib/python3.12/site-packages/airflow/example_dags/example_trigger_target_dag.py
[2024-11-02T15:01:42.375+0000] {logging_mixin.py:190} INFO - [2024-11-02T15:01:42.302+0000] {dag.py:3239} INFO - Sync 1 DAGs
[2024-11-02T15:01:44.614+0000] {logging_mixin.py:190} INFO - [2024-11-02T15:01:44.612+0000] {dag.py:4180} INFO - Setting next_dagrun for example_trigger_target_dag to None, run_after=None
[2024-11-02T15:01:46.009+0000] {processor.py:208} INFO - Processing /home/airflow/.local/lib/python3.12/site-packages/airflow/example_dags/example_trigger_target_dag.py took 8.614 seconds
[2024-11-02T15:05:44.538+0000] {processor.py:186} INFO - Started process (PID=2800) to work on /home/airflow/.local/lib/python3.12/site-packages/airflow/example_dags/example_trigger_target_dag.py
[2024-11-02T15:05:44.549+0000] {processor.py:914} INFO - Processing file /home/airflow/.local/lib/python3.12/site-packages/airflow/example_dags/example_trigger_target_dag.py for tasks to queue
[2024-11-02T15:05:44.614+0000] {logging_mixin.py:190} INFO - [2024-11-02T15:05:44.602+0000] {dagbag.py:588} INFO - Filling up the DagBag from /home/airflow/.local/lib/python3.12/site-packages/airflow/example_dags/example_trigger_target_dag.py
[2024-11-02T15:05:44.894+0000] {processor.py:925} INFO - DAG(s) 'example_trigger_target_dag' retrieved from /home/airflow/.local/lib/python3.12/site-packages/airflow/example_dags/example_trigger_target_dag.py
[2024-11-02T15:05:45.718+0000] {logging_mixin.py:190} INFO - [2024-11-02T15:05:45.706+0000] {dag.py:3239} INFO - Sync 1 DAGs
[2024-11-02T15:05:46.954+0000] {logging_mixin.py:190} INFO - [2024-11-02T15:05:46.952+0000] {dag.py:4180} INFO - Setting next_dagrun for example_trigger_target_dag to None, run_after=None
[2024-11-02T15:05:47.476+0000] {processor.py:208} INFO - Processing /home/airflow/.local/lib/python3.12/site-packages/airflow/example_dags/example_trigger_target_dag.py took 3.694 seconds
[2024-11-02T15:10:00.763+0000] {processor.py:186} INFO - Started process (PID=2908) to work on /home/airflow/.local/lib/python3.12/site-packages/airflow/example_dags/example_trigger_target_dag.py
[2024-11-02T15:10:00.795+0000] {processor.py:914} INFO - Processing file /home/airflow/.local/lib/python3.12/site-packages/airflow/example_dags/example_trigger_target_dag.py for tasks to queue
[2024-11-02T15:10:00.854+0000] {logging_mixin.py:190} INFO - [2024-11-02T15:10:00.849+0000] {dagbag.py:588} INFO - Filling up the DagBag from /home/airflow/.local/lib/python3.12/site-packages/airflow/example_dags/example_trigger_target_dag.py
[2024-11-02T15:10:01.095+0000] {processor.py:925} INFO - DAG(s) 'example_trigger_target_dag' retrieved from /home/airflow/.local/lib/python3.12/site-packages/airflow/example_dags/example_trigger_target_dag.py
[2024-11-02T15:10:02.137+0000] {logging_mixin.py:190} INFO - [2024-11-02T15:10:02.097+0000] {dag.py:3239} INFO - Sync 1 DAGs
[2024-11-02T15:10:02.501+0000] {logging_mixin.py:190} INFO - [2024-11-02T15:10:02.499+0000] {dag.py:4180} INFO - Setting next_dagrun for example_trigger_target_dag to None, run_after=None
[2024-11-02T15:10:03.051+0000] {processor.py:208} INFO - Processing /home/airflow/.local/lib/python3.12/site-packages/airflow/example_dags/example_trigger_target_dag.py took 2.557 seconds
[2024-11-02T15:12:11.102+0000] {processor.py:186} INFO - Started process (PID=2976) to work on /home/airflow/.local/lib/python3.12/site-packages/airflow/example_dags/example_trigger_target_dag.py
[2024-11-02T15:12:11.222+0000] {processor.py:914} INFO - Processing file /home/airflow/.local/lib/python3.12/site-packages/airflow/example_dags/example_trigger_target_dag.py for tasks to queue
[2024-11-02T15:12:11.468+0000] {logging_mixin.py:190} INFO - [2024-11-02T15:12:11.465+0000] {dagbag.py:588} INFO - Filling up the DagBag from /home/airflow/.local/lib/python3.12/site-packages/airflow/example_dags/example_trigger_target_dag.py
[2024-11-02T15:12:12.193+0000] {processor.py:925} INFO - DAG(s) 'example_trigger_target_dag' retrieved from /home/airflow/.local/lib/python3.12/site-packages/airflow/example_dags/example_trigger_target_dag.py
[2024-11-02T15:12:12.548+0000] {logging_mixin.py:190} INFO - [2024-11-02T15:12:12.547+0000] {dag.py:3239} INFO - Sync 1 DAGs
[2024-11-02T15:12:12.959+0000] {logging_mixin.py:190} INFO - [2024-11-02T15:12:12.842+0000] {dag.py:4180} INFO - Setting next_dagrun for example_trigger_target_dag to None, run_after=None
[2024-11-02T15:12:13.339+0000] {processor.py:208} INFO - Processing /home/airflow/.local/lib/python3.12/site-packages/airflow/example_dags/example_trigger_target_dag.py took 2.691 seconds
[2024-11-02T15:13:57.767+0000] {processor.py:186} INFO - Started process (PID=3039) to work on /home/airflow/.local/lib/python3.12/site-packages/airflow/example_dags/example_trigger_target_dag.py
[2024-11-02T15:13:57.780+0000] {processor.py:914} INFO - Processing file /home/airflow/.local/lib/python3.12/site-packages/airflow/example_dags/example_trigger_target_dag.py for tasks to queue
[2024-11-02T15:13:57.831+0000] {logging_mixin.py:190} INFO - [2024-11-02T15:13:57.829+0000] {dagbag.py:588} INFO - Filling up the DagBag from /home/airflow/.local/lib/python3.12/site-packages/airflow/example_dags/example_trigger_target_dag.py
[2024-11-02T15:13:57.953+0000] {processor.py:925} INFO - DAG(s) 'example_trigger_target_dag' retrieved from /home/airflow/.local/lib/python3.12/site-packages/airflow/example_dags/example_trigger_target_dag.py
[2024-11-02T15:13:58.353+0000] {logging_mixin.py:190} INFO - [2024-11-02T15:13:58.352+0000] {dag.py:3239} INFO - Sync 1 DAGs
[2024-11-02T15:13:58.712+0000] {logging_mixin.py:190} INFO - [2024-11-02T15:13:58.711+0000] {dag.py:4180} INFO - Setting next_dagrun for example_trigger_target_dag to None, run_after=None
[2024-11-02T15:13:59.086+0000] {processor.py:208} INFO - Processing /home/airflow/.local/lib/python3.12/site-packages/airflow/example_dags/example_trigger_target_dag.py took 1.495 seconds
[2024-11-02T15:16:37.144+0000] {processor.py:186} INFO - Started process (PID=3115) to work on /home/airflow/.local/lib/python3.12/site-packages/airflow/example_dags/example_trigger_target_dag.py
[2024-11-02T15:16:37.225+0000] {processor.py:914} INFO - Processing file /home/airflow/.local/lib/python3.12/site-packages/airflow/example_dags/example_trigger_target_dag.py for tasks to queue
[2024-11-02T15:16:37.391+0000] {logging_mixin.py:190} INFO - [2024-11-02T15:16:37.387+0000] {dagbag.py:588} INFO - Filling up the DagBag from /home/airflow/.local/lib/python3.12/site-packages/airflow/example_dags/example_trigger_target_dag.py
[2024-11-02T15:16:38.022+0000] {processor.py:925} INFO - DAG(s) 'example_trigger_target_dag' retrieved from /home/airflow/.local/lib/python3.12/site-packages/airflow/example_dags/example_trigger_target_dag.py
[2024-11-02T15:16:38.913+0000] {logging_mixin.py:190} INFO - [2024-11-02T15:16:38.911+0000] {dag.py:3239} INFO - Sync 1 DAGs
[2024-11-02T15:16:40.098+0000] {logging_mixin.py:190} INFO - [2024-11-02T15:16:40.072+0000] {dag.py:4180} INFO - Setting next_dagrun for example_trigger_target_dag to None, run_after=None
[2024-11-02T15:16:41.906+0000] {processor.py:208} INFO - Processing /home/airflow/.local/lib/python3.12/site-packages/airflow/example_dags/example_trigger_target_dag.py took 5.798 seconds
[2024-11-02T15:20:09.732+0000] {processor.py:186} INFO - Started process (PID=3206) to work on /home/airflow/.local/lib/python3.12/site-packages/airflow/example_dags/example_trigger_target_dag.py
[2024-11-02T15:20:09.742+0000] {processor.py:914} INFO - Processing file /home/airflow/.local/lib/python3.12/site-packages/airflow/example_dags/example_trigger_target_dag.py for tasks to queue
[2024-11-02T15:20:09.795+0000] {logging_mixin.py:190} INFO - [2024-11-02T15:20:09.794+0000] {dagbag.py:588} INFO - Filling up the DagBag from /home/airflow/.local/lib/python3.12/site-packages/airflow/example_dags/example_trigger_target_dag.py
[2024-11-02T15:20:09.926+0000] {processor.py:925} INFO - DAG(s) 'example_trigger_target_dag' retrieved from /home/airflow/.local/lib/python3.12/site-packages/airflow/example_dags/example_trigger_target_dag.py
[2024-11-02T15:20:10.252+0000] {logging_mixin.py:190} INFO - [2024-11-02T15:20:10.252+0000] {dag.py:3239} INFO - Sync 1 DAGs
[2024-11-02T15:20:10.382+0000] {logging_mixin.py:190} INFO - [2024-11-02T15:20:10.382+0000] {dag.py:4180} INFO - Setting next_dagrun for example_trigger_target_dag to None, run_after=None
[2024-11-02T15:20:10.952+0000] {processor.py:208} INFO - Processing /home/airflow/.local/lib/python3.12/site-packages/airflow/example_dags/example_trigger_target_dag.py took 1.348 seconds
[2024-11-02T15:22:38.670+0000] {processor.py:186} INFO - Started process (PID=3304) to work on /home/airflow/.local/lib/python3.12/site-packages/airflow/example_dags/example_trigger_target_dag.py
[2024-11-02T15:22:38.695+0000] {processor.py:914} INFO - Processing file /home/airflow/.local/lib/python3.12/site-packages/airflow/example_dags/example_trigger_target_dag.py for tasks to queue
[2024-11-02T15:22:38.728+0000] {logging_mixin.py:190} INFO - [2024-11-02T15:22:38.726+0000] {dagbag.py:588} INFO - Filling up the DagBag from /home/airflow/.local/lib/python3.12/site-packages/airflow/example_dags/example_trigger_target_dag.py
[2024-11-02T15:22:38.888+0000] {processor.py:925} INFO - DAG(s) 'example_trigger_target_dag' retrieved from /home/airflow/.local/lib/python3.12/site-packages/airflow/example_dags/example_trigger_target_dag.py
[2024-11-02T15:22:39.590+0000] {logging_mixin.py:190} INFO - [2024-11-02T15:22:39.589+0000] {dag.py:3239} INFO - Sync 1 DAGs
[2024-11-02T15:22:40.001+0000] {logging_mixin.py:190} INFO - [2024-11-02T15:22:40.000+0000] {dag.py:4180} INFO - Setting next_dagrun for example_trigger_target_dag to None, run_after=None
[2024-11-02T15:22:40.655+0000] {processor.py:208} INFO - Processing /home/airflow/.local/lib/python3.12/site-packages/airflow/example_dags/example_trigger_target_dag.py took 2.036 seconds
[2024-11-02T15:24:40.154+0000] {processor.py:186} INFO - Started process (PID=3381) to work on /home/airflow/.local/lib/python3.12/site-packages/airflow/example_dags/example_trigger_target_dag.py
[2024-11-02T15:24:40.185+0000] {processor.py:914} INFO - Processing file /home/airflow/.local/lib/python3.12/site-packages/airflow/example_dags/example_trigger_target_dag.py for tasks to queue
[2024-11-02T15:24:40.291+0000] {logging_mixin.py:190} INFO - [2024-11-02T15:24:40.256+0000] {dagbag.py:588} INFO - Filling up the DagBag from /home/airflow/.local/lib/python3.12/site-packages/airflow/example_dags/example_trigger_target_dag.py
[2024-11-02T15:24:40.771+0000] {processor.py:925} INFO - DAG(s) 'example_trigger_target_dag' retrieved from /home/airflow/.local/lib/python3.12/site-packages/airflow/example_dags/example_trigger_target_dag.py
[2024-11-02T15:24:41.608+0000] {logging_mixin.py:190} INFO - [2024-11-02T15:24:41.607+0000] {dag.py:3239} INFO - Sync 1 DAGs
[2024-11-02T15:24:41.978+0000] {logging_mixin.py:190} INFO - [2024-11-02T15:24:41.977+0000] {dag.py:4180} INFO - Setting next_dagrun for example_trigger_target_dag to None, run_after=None
[2024-11-02T15:24:42.539+0000] {processor.py:208} INFO - Processing /home/airflow/.local/lib/python3.12/site-packages/airflow/example_dags/example_trigger_target_dag.py took 2.751 seconds
[2024-11-02T15:26:10.171+0000] {processor.py:186} INFO - Started process (PID=3434) to work on /home/airflow/.local/lib/python3.12/site-packages/airflow/example_dags/example_trigger_target_dag.py
[2024-11-02T15:26:10.232+0000] {processor.py:914} INFO - Processing file /home/airflow/.local/lib/python3.12/site-packages/airflow/example_dags/example_trigger_target_dag.py for tasks to queue
[2024-11-02T15:26:10.335+0000] {logging_mixin.py:190} INFO - [2024-11-02T15:26:10.305+0000] {dagbag.py:588} INFO - Filling up the DagBag from /home/airflow/.local/lib/python3.12/site-packages/airflow/example_dags/example_trigger_target_dag.py
[2024-11-02T15:26:13.762+0000] {processor.py:925} INFO - DAG(s) 'example_trigger_target_dag' retrieved from /home/airflow/.local/lib/python3.12/site-packages/airflow/example_dags/example_trigger_target_dag.py
[2024-11-02T15:26:15.674+0000] {logging_mixin.py:190} INFO - [2024-11-02T15:26:15.673+0000] {dag.py:3239} INFO - Sync 1 DAGs
[2024-11-02T15:26:16.504+0000] {logging_mixin.py:190} INFO - [2024-11-02T15:26:16.501+0000] {dag.py:4180} INFO - Setting next_dagrun for example_trigger_target_dag to None, run_after=None
[2024-11-02T15:26:17.312+0000] {processor.py:208} INFO - Processing /home/airflow/.local/lib/python3.12/site-packages/airflow/example_dags/example_trigger_target_dag.py took 8.478 seconds
[2024-11-02T15:30:58.782+0000] {processor.py:186} INFO - Started process (PID=3512) to work on /home/airflow/.local/lib/python3.12/site-packages/airflow/example_dags/example_trigger_target_dag.py
[2024-11-02T15:30:58.796+0000] {processor.py:914} INFO - Processing file /home/airflow/.local/lib/python3.12/site-packages/airflow/example_dags/example_trigger_target_dag.py for tasks to queue
[2024-11-02T15:30:58.810+0000] {logging_mixin.py:190} INFO - [2024-11-02T15:30:58.809+0000] {dagbag.py:588} INFO - Filling up the DagBag from /home/airflow/.local/lib/python3.12/site-packages/airflow/example_dags/example_trigger_target_dag.py
[2024-11-02T15:30:58.914+0000] {processor.py:925} INFO - DAG(s) 'example_trigger_target_dag' retrieved from /home/airflow/.local/lib/python3.12/site-packages/airflow/example_dags/example_trigger_target_dag.py
[2024-11-02T15:30:59.353+0000] {logging_mixin.py:190} INFO - [2024-11-02T15:30:59.343+0000] {dag.py:3239} INFO - Sync 1 DAGs
[2024-11-02T15:30:59.591+0000] {logging_mixin.py:190} INFO - [2024-11-02T15:30:59.590+0000] {dag.py:4180} INFO - Setting next_dagrun for example_trigger_target_dag to None, run_after=None
[2024-11-02T15:31:01.787+0000] {processor.py:208} INFO - Processing /home/airflow/.local/lib/python3.12/site-packages/airflow/example_dags/example_trigger_target_dag.py took 3.118 seconds
[2024-11-02T15:32:58.105+0000] {processor.py:186} INFO - Started process (PID=3587) to work on /home/airflow/.local/lib/python3.12/site-packages/airflow/example_dags/example_trigger_target_dag.py
[2024-11-02T15:32:58.179+0000] {processor.py:914} INFO - Processing file /home/airflow/.local/lib/python3.12/site-packages/airflow/example_dags/example_trigger_target_dag.py for tasks to queue
[2024-11-02T15:32:58.196+0000] {logging_mixin.py:190} INFO - [2024-11-02T15:32:58.194+0000] {dagbag.py:588} INFO - Filling up the DagBag from /home/airflow/.local/lib/python3.12/site-packages/airflow/example_dags/example_trigger_target_dag.py
[2024-11-02T15:32:58.354+0000] {processor.py:925} INFO - DAG(s) 'example_trigger_target_dag' retrieved from /home/airflow/.local/lib/python3.12/site-packages/airflow/example_dags/example_trigger_target_dag.py
[2024-11-02T15:32:58.954+0000] {logging_mixin.py:190} INFO - [2024-11-02T15:32:58.953+0000] {dag.py:3239} INFO - Sync 1 DAGs
[2024-11-02T15:32:59.352+0000] {logging_mixin.py:190} INFO - [2024-11-02T15:32:59.292+0000] {dag.py:4180} INFO - Setting next_dagrun for example_trigger_target_dag to None, run_after=None
[2024-11-02T15:32:59.769+0000] {processor.py:208} INFO - Processing /home/airflow/.local/lib/python3.12/site-packages/airflow/example_dags/example_trigger_target_dag.py took 1.780 seconds
[2024-11-02T15:36:00.303+0000] {processor.py:186} INFO - Started process (PID=3661) to work on /home/airflow/.local/lib/python3.12/site-packages/airflow/example_dags/example_trigger_target_dag.py
[2024-11-02T15:36:00.387+0000] {processor.py:914} INFO - Processing file /home/airflow/.local/lib/python3.12/site-packages/airflow/example_dags/example_trigger_target_dag.py for tasks to queue
[2024-11-02T15:36:00.553+0000] {logging_mixin.py:190} INFO - [2024-11-02T15:36:00.551+0000] {dagbag.py:588} INFO - Filling up the DagBag from /home/airflow/.local/lib/python3.12/site-packages/airflow/example_dags/example_trigger_target_dag.py
[2024-11-02T15:36:03.560+0000] {processor.py:925} INFO - DAG(s) 'example_trigger_target_dag' retrieved from /home/airflow/.local/lib/python3.12/site-packages/airflow/example_dags/example_trigger_target_dag.py
[2024-11-02T15:36:08.572+0000] {logging_mixin.py:190} INFO - [2024-11-02T15:36:08.571+0000] {dag.py:3239} INFO - Sync 1 DAGs
[2024-11-02T15:36:13.084+0000] {logging_mixin.py:190} INFO - [2024-11-02T15:36:13.083+0000] {dag.py:4180} INFO - Setting next_dagrun for example_trigger_target_dag to None, run_after=None
[2024-11-02T15:36:17.385+0000] {processor.py:208} INFO - Processing /home/airflow/.local/lib/python3.12/site-packages/airflow/example_dags/example_trigger_target_dag.py took 18.771 seconds
[2024-11-02T15:43:44.946+0000] {processor.py:186} INFO - Started process (PID=3799) to work on /home/airflow/.local/lib/python3.12/site-packages/airflow/example_dags/example_trigger_target_dag.py
[2024-11-02T15:43:45.424+0000] {processor.py:914} INFO - Processing file /home/airflow/.local/lib/python3.12/site-packages/airflow/example_dags/example_trigger_target_dag.py for tasks to queue
[2024-11-02T15:43:45.514+0000] {logging_mixin.py:190} INFO - [2024-11-02T15:43:45.512+0000] {dagbag.py:588} INFO - Filling up the DagBag from /home/airflow/.local/lib/python3.12/site-packages/airflow/example_dags/example_trigger_target_dag.py
[2024-11-02T15:43:46.127+0000] {processor.py:925} INFO - DAG(s) 'example_trigger_target_dag' retrieved from /home/airflow/.local/lib/python3.12/site-packages/airflow/example_dags/example_trigger_target_dag.py
[2024-11-02T15:43:51.866+0000] {logging_mixin.py:190} INFO - [2024-11-02T15:43:51.864+0000] {dag.py:3239} INFO - Sync 1 DAGs
[2024-11-02T15:43:53.770+0000] {logging_mixin.py:190} INFO - [2024-11-02T15:43:53.769+0000] {dag.py:4180} INFO - Setting next_dagrun for example_trigger_target_dag to None, run_after=None
[2024-11-02T15:43:54.731+0000] {processor.py:208} INFO - Processing /home/airflow/.local/lib/python3.12/site-packages/airflow/example_dags/example_trigger_target_dag.py took 11.954 seconds
[2024-11-02T15:49:03.146+0000] {processor.py:186} INFO - Started process (PID=3911) to work on /home/airflow/.local/lib/python3.12/site-packages/airflow/example_dags/example_trigger_target_dag.py
[2024-11-02T15:49:03.185+0000] {processor.py:914} INFO - Processing file /home/airflow/.local/lib/python3.12/site-packages/airflow/example_dags/example_trigger_target_dag.py for tasks to queue
[2024-11-02T15:49:03.235+0000] {logging_mixin.py:190} INFO - [2024-11-02T15:49:03.234+0000] {dagbag.py:588} INFO - Filling up the DagBag from /home/airflow/.local/lib/python3.12/site-packages/airflow/example_dags/example_trigger_target_dag.py
[2024-11-02T15:49:03.580+0000] {processor.py:925} INFO - DAG(s) 'example_trigger_target_dag' retrieved from /home/airflow/.local/lib/python3.12/site-packages/airflow/example_dags/example_trigger_target_dag.py
[2024-11-02T15:49:09.466+0000] {logging_mixin.py:190} INFO - [2024-11-02T15:49:09.464+0000] {dag.py:3239} INFO - Sync 1 DAGs
[2024-11-02T15:49:09.806+0000] {logging_mixin.py:190} INFO - [2024-11-02T15:49:09.805+0000] {dag.py:4180} INFO - Setting next_dagrun for example_trigger_target_dag to None, run_after=None
[2024-11-02T15:49:10.076+0000] {processor.py:208} INFO - Processing /home/airflow/.local/lib/python3.12/site-packages/airflow/example_dags/example_trigger_target_dag.py took 12.647 seconds
[2024-11-02T15:52:06.709+0000] {processor.py:186} INFO - Started process (PID=3995) to work on /home/airflow/.local/lib/python3.12/site-packages/airflow/example_dags/example_trigger_target_dag.py
[2024-11-02T15:52:06.720+0000] {processor.py:914} INFO - Processing file /home/airflow/.local/lib/python3.12/site-packages/airflow/example_dags/example_trigger_target_dag.py for tasks to queue
[2024-11-02T15:52:06.875+0000] {logging_mixin.py:190} INFO - [2024-11-02T15:52:06.872+0000] {dagbag.py:588} INFO - Filling up the DagBag from /home/airflow/.local/lib/python3.12/site-packages/airflow/example_dags/example_trigger_target_dag.py
[2024-11-02T15:52:07.205+0000] {processor.py:925} INFO - DAG(s) 'example_trigger_target_dag' retrieved from /home/airflow/.local/lib/python3.12/site-packages/airflow/example_dags/example_trigger_target_dag.py
[2024-11-02T15:52:08.644+0000] {logging_mixin.py:190} INFO - [2024-11-02T15:52:08.643+0000] {dag.py:3239} INFO - Sync 1 DAGs
[2024-11-02T15:52:11.375+0000] {logging_mixin.py:190} INFO - [2024-11-02T15:52:11.374+0000] {dag.py:4180} INFO - Setting next_dagrun for example_trigger_target_dag to None, run_after=None
[2024-11-02T15:52:14.019+0000] {processor.py:208} INFO - Processing /home/airflow/.local/lib/python3.12/site-packages/airflow/example_dags/example_trigger_target_dag.py took 7.500 seconds
[2024-11-02T15:54:39.973+0000] {processor.py:186} INFO - Started process (PID=4064) to work on /home/airflow/.local/lib/python3.12/site-packages/airflow/example_dags/example_trigger_target_dag.py
[2024-11-02T15:54:39.990+0000] {processor.py:914} INFO - Processing file /home/airflow/.local/lib/python3.12/site-packages/airflow/example_dags/example_trigger_target_dag.py for tasks to queue
[2024-11-02T15:54:40.070+0000] {logging_mixin.py:190} INFO - [2024-11-02T15:54:40.067+0000] {dagbag.py:588} INFO - Filling up the DagBag from /home/airflow/.local/lib/python3.12/site-packages/airflow/example_dags/example_trigger_target_dag.py
[2024-11-02T15:54:40.659+0000] {processor.py:925} INFO - DAG(s) 'example_trigger_target_dag' retrieved from /home/airflow/.local/lib/python3.12/site-packages/airflow/example_dags/example_trigger_target_dag.py
[2024-11-02T15:54:42.047+0000] {logging_mixin.py:190} INFO - [2024-11-02T15:54:42.046+0000] {dag.py:3239} INFO - Sync 1 DAGs
[2024-11-02T15:54:42.424+0000] {logging_mixin.py:190} INFO - [2024-11-02T15:54:42.400+0000] {dag.py:4180} INFO - Setting next_dagrun for example_trigger_target_dag to None, run_after=None
[2024-11-02T15:54:42.744+0000] {processor.py:208} INFO - Processing /home/airflow/.local/lib/python3.12/site-packages/airflow/example_dags/example_trigger_target_dag.py took 2.988 seconds
[2024-11-02T15:58:23.378+0000] {processor.py:186} INFO - Started process (PID=4156) to work on /home/airflow/.local/lib/python3.12/site-packages/airflow/example_dags/example_trigger_target_dag.py
[2024-11-02T15:58:23.383+0000] {processor.py:914} INFO - Processing file /home/airflow/.local/lib/python3.12/site-packages/airflow/example_dags/example_trigger_target_dag.py for tasks to queue
[2024-11-02T15:58:23.396+0000] {logging_mixin.py:190} INFO - [2024-11-02T15:58:23.395+0000] {dagbag.py:588} INFO - Filling up the DagBag from /home/airflow/.local/lib/python3.12/site-packages/airflow/example_dags/example_trigger_target_dag.py
[2024-11-02T15:58:23.583+0000] {processor.py:925} INFO - DAG(s) 'example_trigger_target_dag' retrieved from /home/airflow/.local/lib/python3.12/site-packages/airflow/example_dags/example_trigger_target_dag.py
[2024-11-02T15:58:23.888+0000] {logging_mixin.py:190} INFO - [2024-11-02T15:58:23.866+0000] {dag.py:3239} INFO - Sync 1 DAGs
[2024-11-02T15:58:24.115+0000] {logging_mixin.py:190} INFO - [2024-11-02T15:58:24.114+0000] {dag.py:4180} INFO - Setting next_dagrun for example_trigger_target_dag to None, run_after=None
[2024-11-02T15:58:24.531+0000] {processor.py:208} INFO - Processing /home/airflow/.local/lib/python3.12/site-packages/airflow/example_dags/example_trigger_target_dag.py took 1.242 seconds
[2024-11-02T16:05:31.490+0000] {processor.py:186} INFO - Started process (PID=4228) to work on /home/airflow/.local/lib/python3.12/site-packages/airflow/example_dags/example_trigger_target_dag.py
[2024-11-02T16:05:31.587+0000] {processor.py:914} INFO - Processing file /home/airflow/.local/lib/python3.12/site-packages/airflow/example_dags/example_trigger_target_dag.py for tasks to queue
[2024-11-02T16:05:31.633+0000] {logging_mixin.py:190} INFO - [2024-11-02T16:05:31.632+0000] {dagbag.py:588} INFO - Filling up the DagBag from /home/airflow/.local/lib/python3.12/site-packages/airflow/example_dags/example_trigger_target_dag.py
[2024-11-02T16:05:31.773+0000] {processor.py:925} INFO - DAG(s) 'example_trigger_target_dag' retrieved from /home/airflow/.local/lib/python3.12/site-packages/airflow/example_dags/example_trigger_target_dag.py
[2024-11-02T16:05:32.000+0000] {logging_mixin.py:190} INFO - [2024-11-02T16:05:31.986+0000] {dag.py:3239} INFO - Sync 1 DAGs
[2024-11-02T16:05:32.216+0000] {logging_mixin.py:190} INFO - [2024-11-02T16:05:32.215+0000] {dag.py:4180} INFO - Setting next_dagrun for example_trigger_target_dag to None, run_after=None
[2024-11-02T16:05:33.015+0000] {processor.py:208} INFO - Processing /home/airflow/.local/lib/python3.12/site-packages/airflow/example_dags/example_trigger_target_dag.py took 1.560 seconds
[2024-11-02T16:12:30.188+0000] {processor.py:186} INFO - Started process (PID=4329) to work on /home/airflow/.local/lib/python3.12/site-packages/airflow/example_dags/example_trigger_target_dag.py
[2024-11-02T16:12:30.281+0000] {processor.py:914} INFO - Processing file /home/airflow/.local/lib/python3.12/site-packages/airflow/example_dags/example_trigger_target_dag.py for tasks to queue
[2024-11-02T16:12:30.293+0000] {logging_mixin.py:190} INFO - [2024-11-02T16:12:30.290+0000] {dagbag.py:588} INFO - Filling up the DagBag from /home/airflow/.local/lib/python3.12/site-packages/airflow/example_dags/example_trigger_target_dag.py
[2024-11-02T16:12:30.508+0000] {processor.py:925} INFO - DAG(s) 'example_trigger_target_dag' retrieved from /home/airflow/.local/lib/python3.12/site-packages/airflow/example_dags/example_trigger_target_dag.py
[2024-11-02T16:12:34.494+0000] {logging_mixin.py:190} INFO - [2024-11-02T16:12:34.493+0000] {dag.py:3239} INFO - Sync 1 DAGs
[2024-11-02T16:12:35.282+0000] {logging_mixin.py:190} INFO - [2024-11-02T16:12:35.157+0000] {dag.py:4180} INFO - Setting next_dagrun for example_trigger_target_dag to None, run_after=None
[2024-11-02T16:12:36.210+0000] {processor.py:208} INFO - Processing /home/airflow/.local/lib/python3.12/site-packages/airflow/example_dags/example_trigger_target_dag.py took 6.335 seconds
