[2024-11-02T13:14:19.023+0000] {processor.py:186} INFO - Started process (PID=189) to work on /home/airflow/.local/lib/python3.12/site-packages/airflow/example_dags/example_python_operator.py
[2024-11-02T13:14:19.051+0000] {processor.py:914} INFO - Processing file /home/airflow/.local/lib/python3.12/site-packages/airflow/example_dags/example_python_operator.py for tasks to queue
[2024-11-02T13:14:19.069+0000] {logging_mixin.py:190} INFO - [2024-11-02T13:14:19.068+0000] {dagbag.py:588} INFO - Filling up the DagBag from /home/airflow/.local/lib/python3.12/site-packages/airflow/example_dags/example_python_operator.py
[2024-11-02T13:14:19.198+0000] {processor.py:925} INFO - DAG(s) 'example_python_operator' retrieved from /home/airflow/.local/lib/python3.12/site-packages/airflow/example_dags/example_python_operator.py
[2024-11-02T13:14:21.120+0000] {logging_mixin.py:190} INFO - [2024-11-02T13:14:21.119+0000] {dag.py:3239} INFO - Sync 1 DAGs
[2024-11-02T13:14:21.329+0000] {logging_mixin.py:190} INFO - [2024-11-02T13:14:21.329+0000] {dag.py:4180} INFO - Setting next_dagrun for example_python_operator to None, run_after=None
[2024-11-02T13:14:21.695+0000] {processor.py:208} INFO - Processing /home/airflow/.local/lib/python3.12/site-packages/airflow/example_dags/example_python_operator.py took 2.754 seconds
[2024-11-02T13:20:04.644+0000] {processor.py:186} INFO - Started process (PID=341) to work on /home/airflow/.local/lib/python3.12/site-packages/airflow/example_dags/example_python_operator.py
[2024-11-02T13:20:04.690+0000] {processor.py:914} INFO - Processing file /home/airflow/.local/lib/python3.12/site-packages/airflow/example_dags/example_python_operator.py for tasks to queue
[2024-11-02T13:20:04.718+0000] {logging_mixin.py:190} INFO - [2024-11-02T13:20:04.696+0000] {dagbag.py:588} INFO - Filling up the DagBag from /home/airflow/.local/lib/python3.12/site-packages/airflow/example_dags/example_python_operator.py
[2024-11-02T13:20:05.746+0000] {processor.py:925} INFO - DAG(s) 'example_python_operator' retrieved from /home/airflow/.local/lib/python3.12/site-packages/airflow/example_dags/example_python_operator.py
[2024-11-02T13:20:06.699+0000] {logging_mixin.py:190} INFO - [2024-11-02T13:20:06.696+0000] {dag.py:3239} INFO - Sync 1 DAGs
[2024-11-02T13:20:07.661+0000] {logging_mixin.py:190} INFO - [2024-11-02T13:20:07.660+0000] {dag.py:4180} INFO - Setting next_dagrun for example_python_operator to None, run_after=None
[2024-11-02T13:20:09.023+0000] {processor.py:208} INFO - Processing /home/airflow/.local/lib/python3.12/site-packages/airflow/example_dags/example_python_operator.py took 4.773 seconds
[2024-11-02T13:22:36.189+0000] {processor.py:186} INFO - Started process (PID=454) to work on /home/airflow/.local/lib/python3.12/site-packages/airflow/example_dags/example_python_operator.py
[2024-11-02T13:22:36.216+0000] {processor.py:914} INFO - Processing file /home/airflow/.local/lib/python3.12/site-packages/airflow/example_dags/example_python_operator.py for tasks to queue
[2024-11-02T13:22:36.220+0000] {logging_mixin.py:190} INFO - [2024-11-02T13:22:36.219+0000] {dagbag.py:588} INFO - Filling up the DagBag from /home/airflow/.local/lib/python3.12/site-packages/airflow/example_dags/example_python_operator.py
[2024-11-02T13:22:36.517+0000] {processor.py:925} INFO - DAG(s) 'example_python_operator' retrieved from /home/airflow/.local/lib/python3.12/site-packages/airflow/example_dags/example_python_operator.py
[2024-11-02T13:22:36.947+0000] {logging_mixin.py:190} INFO - [2024-11-02T13:22:36.946+0000] {dag.py:3239} INFO - Sync 1 DAGs
[2024-11-02T13:22:37.123+0000] {logging_mixin.py:190} INFO - [2024-11-02T13:22:37.122+0000] {dag.py:4180} INFO - Setting next_dagrun for example_python_operator to None, run_after=None
[2024-11-02T13:22:37.407+0000] {processor.py:208} INFO - Processing /home/airflow/.local/lib/python3.12/site-packages/airflow/example_dags/example_python_operator.py took 1.300 seconds
[2024-11-02T13:29:08.584+0000] {processor.py:186} INFO - Started process (PID=592) to work on /home/airflow/.local/lib/python3.12/site-packages/airflow/example_dags/example_python_operator.py
[2024-11-02T13:29:08.619+0000] {processor.py:914} INFO - Processing file /home/airflow/.local/lib/python3.12/site-packages/airflow/example_dags/example_python_operator.py for tasks to queue
[2024-11-02T13:29:08.626+0000] {logging_mixin.py:190} INFO - [2024-11-02T13:29:08.624+0000] {dagbag.py:588} INFO - Filling up the DagBag from /home/airflow/.local/lib/python3.12/site-packages/airflow/example_dags/example_python_operator.py
[2024-11-02T13:29:09.059+0000] {processor.py:925} INFO - DAG(s) 'example_python_operator' retrieved from /home/airflow/.local/lib/python3.12/site-packages/airflow/example_dags/example_python_operator.py
[2024-11-02T13:29:09.873+0000] {logging_mixin.py:190} INFO - [2024-11-02T13:29:09.872+0000] {dag.py:3239} INFO - Sync 1 DAGs
[2024-11-02T13:29:10.705+0000] {logging_mixin.py:190} INFO - [2024-11-02T13:29:10.698+0000] {dag.py:4180} INFO - Setting next_dagrun for example_python_operator to None, run_after=None
[2024-11-02T13:29:11.198+0000] {processor.py:208} INFO - Processing /home/airflow/.local/lib/python3.12/site-packages/airflow/example_dags/example_python_operator.py took 2.835 seconds
[2024-11-02T13:37:18.078+0000] {processor.py:186} INFO - Started process (PID=765) to work on /home/airflow/.local/lib/python3.12/site-packages/airflow/example_dags/example_python_operator.py
[2024-11-02T13:37:18.182+0000] {processor.py:914} INFO - Processing file /home/airflow/.local/lib/python3.12/site-packages/airflow/example_dags/example_python_operator.py for tasks to queue
[2024-11-02T13:37:18.281+0000] {logging_mixin.py:190} INFO - [2024-11-02T13:37:18.277+0000] {dagbag.py:588} INFO - Filling up the DagBag from /home/airflow/.local/lib/python3.12/site-packages/airflow/example_dags/example_python_operator.py
[2024-11-02T13:37:19.618+0000] {processor.py:925} INFO - DAG(s) 'example_python_operator' retrieved from /home/airflow/.local/lib/python3.12/site-packages/airflow/example_dags/example_python_operator.py
[2024-11-02T13:37:20.906+0000] {logging_mixin.py:190} INFO - [2024-11-02T13:37:20.857+0000] {dag.py:3239} INFO - Sync 1 DAGs
[2024-11-02T13:37:22.451+0000] {logging_mixin.py:190} INFO - [2024-11-02T13:37:22.450+0000] {dag.py:4180} INFO - Setting next_dagrun for example_python_operator to None, run_after=None
[2024-11-02T13:37:23.730+0000] {processor.py:208} INFO - Processing /home/airflow/.local/lib/python3.12/site-packages/airflow/example_dags/example_python_operator.py took 6.906 seconds
[2024-11-02T13:40:27.788+0000] {processor.py:186} INFO - Started process (PID=860) to work on /home/airflow/.local/lib/python3.12/site-packages/airflow/example_dags/example_python_operator.py
[2024-11-02T13:40:27.796+0000] {processor.py:914} INFO - Processing file /home/airflow/.local/lib/python3.12/site-packages/airflow/example_dags/example_python_operator.py for tasks to queue
[2024-11-02T13:40:27.800+0000] {logging_mixin.py:190} INFO - [2024-11-02T13:40:27.798+0000] {dagbag.py:588} INFO - Filling up the DagBag from /home/airflow/.local/lib/python3.12/site-packages/airflow/example_dags/example_python_operator.py
[2024-11-02T13:40:27.950+0000] {processor.py:925} INFO - DAG(s) 'example_python_operator' retrieved from /home/airflow/.local/lib/python3.12/site-packages/airflow/example_dags/example_python_operator.py
[2024-11-02T13:40:28.069+0000] {logging_mixin.py:190} INFO - [2024-11-02T13:40:28.069+0000] {dag.py:3239} INFO - Sync 1 DAGs
[2024-11-02T13:40:28.149+0000] {logging_mixin.py:190} INFO - [2024-11-02T13:40:28.149+0000] {dag.py:4180} INFO - Setting next_dagrun for example_python_operator to None, run_after=None
[2024-11-02T13:40:28.869+0000] {processor.py:208} INFO - Processing /home/airflow/.local/lib/python3.12/site-packages/airflow/example_dags/example_python_operator.py took 1.139 seconds
[2024-11-02T13:42:35.089+0000] {processor.py:186} INFO - Started process (PID=948) to work on /home/airflow/.local/lib/python3.12/site-packages/airflow/example_dags/example_python_operator.py
[2024-11-02T13:42:35.118+0000] {processor.py:914} INFO - Processing file /home/airflow/.local/lib/python3.12/site-packages/airflow/example_dags/example_python_operator.py for tasks to queue
[2024-11-02T13:42:35.124+0000] {logging_mixin.py:190} INFO - [2024-11-02T13:42:35.123+0000] {dagbag.py:588} INFO - Filling up the DagBag from /home/airflow/.local/lib/python3.12/site-packages/airflow/example_dags/example_python_operator.py
[2024-11-02T13:42:35.519+0000] {processor.py:925} INFO - DAG(s) 'example_python_operator' retrieved from /home/airflow/.local/lib/python3.12/site-packages/airflow/example_dags/example_python_operator.py
[2024-11-02T13:42:36.192+0000] {logging_mixin.py:190} INFO - [2024-11-02T13:42:36.149+0000] {dag.py:3239} INFO - Sync 1 DAGs
[2024-11-02T13:42:37.402+0000] {logging_mixin.py:190} INFO - [2024-11-02T13:42:37.401+0000] {dag.py:4180} INFO - Setting next_dagrun for example_python_operator to None, run_after=None
[2024-11-02T13:42:38.102+0000] {processor.py:208} INFO - Processing /home/airflow/.local/lib/python3.12/site-packages/airflow/example_dags/example_python_operator.py took 3.144 seconds
[2024-11-02T13:45:05.706+0000] {processor.py:186} INFO - Started process (PID=1054) to work on /home/airflow/.local/lib/python3.12/site-packages/airflow/example_dags/example_python_operator.py
[2024-11-02T13:45:06.004+0000] {processor.py:914} INFO - Processing file /home/airflow/.local/lib/python3.12/site-packages/airflow/example_dags/example_python_operator.py for tasks to queue
[2024-11-02T13:45:06.047+0000] {logging_mixin.py:190} INFO - [2024-11-02T13:45:06.030+0000] {dagbag.py:588} INFO - Filling up the DagBag from /home/airflow/.local/lib/python3.12/site-packages/airflow/example_dags/example_python_operator.py
[2024-11-02T13:45:06.615+0000] {processor.py:925} INFO - DAG(s) 'example_python_operator' retrieved from /home/airflow/.local/lib/python3.12/site-packages/airflow/example_dags/example_python_operator.py
[2024-11-02T13:45:09.299+0000] {logging_mixin.py:190} INFO - [2024-11-02T13:45:09.214+0000] {dag.py:3239} INFO - Sync 1 DAGs
[2024-11-02T13:45:10.389+0000] {logging_mixin.py:190} INFO - [2024-11-02T13:45:10.388+0000] {dag.py:4180} INFO - Setting next_dagrun for example_python_operator to None, run_after=None
[2024-11-02T13:45:10.500+0000] {processor.py:208} INFO - Processing /home/airflow/.local/lib/python3.12/site-packages/airflow/example_dags/example_python_operator.py took 5.605 seconds
[2024-11-02T13:49:57.977+0000] {processor.py:186} INFO - Started process (PID=1178) to work on /home/airflow/.local/lib/python3.12/site-packages/airflow/example_dags/example_python_operator.py
[2024-11-02T13:49:58.038+0000] {processor.py:914} INFO - Processing file /home/airflow/.local/lib/python3.12/site-packages/airflow/example_dags/example_python_operator.py for tasks to queue
[2024-11-02T13:49:58.051+0000] {logging_mixin.py:190} INFO - [2024-11-02T13:49:58.050+0000] {dagbag.py:588} INFO - Filling up the DagBag from /home/airflow/.local/lib/python3.12/site-packages/airflow/example_dags/example_python_operator.py
[2024-11-02T13:49:58.519+0000] {processor.py:925} INFO - DAG(s) 'example_python_operator' retrieved from /home/airflow/.local/lib/python3.12/site-packages/airflow/example_dags/example_python_operator.py
[2024-11-02T13:49:59.037+0000] {logging_mixin.py:190} INFO - [2024-11-02T13:49:59.032+0000] {dag.py:3239} INFO - Sync 1 DAGs
[2024-11-02T13:49:59.206+0000] {logging_mixin.py:190} INFO - [2024-11-02T13:49:59.206+0000] {dag.py:4180} INFO - Setting next_dagrun for example_python_operator to None, run_after=None
[2024-11-02T13:49:59.539+0000] {processor.py:208} INFO - Processing /home/airflow/.local/lib/python3.12/site-packages/airflow/example_dags/example_python_operator.py took 1.671 seconds
[2024-11-02T13:53:00.328+0000] {processor.py:186} INFO - Started process (PID=1289) to work on /home/airflow/.local/lib/python3.12/site-packages/airflow/example_dags/example_python_operator.py
[2024-11-02T13:53:00.557+0000] {processor.py:914} INFO - Processing file /home/airflow/.local/lib/python3.12/site-packages/airflow/example_dags/example_python_operator.py for tasks to queue
[2024-11-02T13:53:00.744+0000] {logging_mixin.py:190} INFO - [2024-11-02T13:53:00.742+0000] {dagbag.py:588} INFO - Filling up the DagBag from /home/airflow/.local/lib/python3.12/site-packages/airflow/example_dags/example_python_operator.py
[2024-11-02T13:53:02.530+0000] {processor.py:925} INFO - DAG(s) 'example_python_operator' retrieved from /home/airflow/.local/lib/python3.12/site-packages/airflow/example_dags/example_python_operator.py
[2024-11-02T13:53:03.569+0000] {logging_mixin.py:190} INFO - [2024-11-02T13:53:03.568+0000] {dag.py:3239} INFO - Sync 1 DAGs
[2024-11-02T13:53:03.943+0000] {logging_mixin.py:190} INFO - [2024-11-02T13:53:03.942+0000] {dag.py:4180} INFO - Setting next_dagrun for example_python_operator to None, run_after=None
[2024-11-02T13:53:04.463+0000] {processor.py:208} INFO - Processing /home/airflow/.local/lib/python3.12/site-packages/airflow/example_dags/example_python_operator.py took 4.678 seconds
[2024-11-02T13:55:34.137+0000] {processor.py:186} INFO - Started process (PID=1394) to work on /home/airflow/.local/lib/python3.12/site-packages/airflow/example_dags/example_python_operator.py
[2024-11-02T13:55:34.141+0000] {processor.py:914} INFO - Processing file /home/airflow/.local/lib/python3.12/site-packages/airflow/example_dags/example_python_operator.py for tasks to queue
[2024-11-02T13:55:34.144+0000] {logging_mixin.py:190} INFO - [2024-11-02T13:55:34.144+0000] {dagbag.py:588} INFO - Filling up the DagBag from /home/airflow/.local/lib/python3.12/site-packages/airflow/example_dags/example_python_operator.py
[2024-11-02T13:55:34.255+0000] {processor.py:925} INFO - DAG(s) 'example_python_operator' retrieved from /home/airflow/.local/lib/python3.12/site-packages/airflow/example_dags/example_python_operator.py
[2024-11-02T13:55:34.398+0000] {logging_mixin.py:190} INFO - [2024-11-02T13:55:34.397+0000] {dag.py:3239} INFO - Sync 1 DAGs
[2024-11-02T13:55:34.618+0000] {logging_mixin.py:190} INFO - [2024-11-02T13:55:34.617+0000] {dag.py:4180} INFO - Setting next_dagrun for example_python_operator to None, run_after=None
[2024-11-02T13:55:34.755+0000] {processor.py:208} INFO - Processing /home/airflow/.local/lib/python3.12/site-packages/airflow/example_dags/example_python_operator.py took 0.651 seconds
[2024-11-02T13:58:17.886+0000] {processor.py:186} INFO - Started process (PID=1508) to work on /home/airflow/.local/lib/python3.12/site-packages/airflow/example_dags/example_python_operator.py
[2024-11-02T13:58:17.898+0000] {processor.py:914} INFO - Processing file /home/airflow/.local/lib/python3.12/site-packages/airflow/example_dags/example_python_operator.py for tasks to queue
[2024-11-02T13:58:17.913+0000] {logging_mixin.py:190} INFO - [2024-11-02T13:58:17.911+0000] {dagbag.py:588} INFO - Filling up the DagBag from /home/airflow/.local/lib/python3.12/site-packages/airflow/example_dags/example_python_operator.py
[2024-11-02T13:58:19.048+0000] {processor.py:925} INFO - DAG(s) 'example_python_operator' retrieved from /home/airflow/.local/lib/python3.12/site-packages/airflow/example_dags/example_python_operator.py
[2024-11-02T13:58:20.061+0000] {logging_mixin.py:190} INFO - [2024-11-02T13:58:20.060+0000] {dag.py:3239} INFO - Sync 1 DAGs
[2024-11-02T13:58:20.484+0000] {logging_mixin.py:190} INFO - [2024-11-02T13:58:20.483+0000] {dag.py:4180} INFO - Setting next_dagrun for example_python_operator to None, run_after=None
[2024-11-02T13:58:20.803+0000] {processor.py:208} INFO - Processing /home/airflow/.local/lib/python3.12/site-packages/airflow/example_dags/example_python_operator.py took 3.286 seconds
[2024-11-02T14:01:53.239+0000] {processor.py:186} INFO - Started process (PID=1626) to work on /home/airflow/.local/lib/python3.12/site-packages/airflow/example_dags/example_python_operator.py
[2024-11-02T14:01:53.260+0000] {processor.py:914} INFO - Processing file /home/airflow/.local/lib/python3.12/site-packages/airflow/example_dags/example_python_operator.py for tasks to queue
[2024-11-02T14:01:53.266+0000] {logging_mixin.py:190} INFO - [2024-11-02T14:01:53.265+0000] {dagbag.py:588} INFO - Filling up the DagBag from /home/airflow/.local/lib/python3.12/site-packages/airflow/example_dags/example_python_operator.py
[2024-11-02T14:01:53.514+0000] {processor.py:925} INFO - DAG(s) 'example_python_operator' retrieved from /home/airflow/.local/lib/python3.12/site-packages/airflow/example_dags/example_python_operator.py
[2024-11-02T14:01:54.040+0000] {logging_mixin.py:190} INFO - [2024-11-02T14:01:54.039+0000] {dag.py:3239} INFO - Sync 1 DAGs
[2024-11-02T14:01:54.403+0000] {logging_mixin.py:190} INFO - [2024-11-02T14:01:54.402+0000] {dag.py:4180} INFO - Setting next_dagrun for example_python_operator to None, run_after=None
[2024-11-02T14:01:54.817+0000] {processor.py:208} INFO - Processing /home/airflow/.local/lib/python3.12/site-packages/airflow/example_dags/example_python_operator.py took 1.683 seconds
[2024-11-02T14:10:11.288+0000] {processor.py:186} INFO - Started process (PID=1795) to work on /home/airflow/.local/lib/python3.12/site-packages/airflow/example_dags/example_python_operator.py
[2024-11-02T14:10:11.695+0000] {processor.py:914} INFO - Processing file /home/airflow/.local/lib/python3.12/site-packages/airflow/example_dags/example_python_operator.py for tasks to queue
[2024-11-02T14:10:12.473+0000] {logging_mixin.py:190} INFO - [2024-11-02T14:10:12.468+0000] {dagbag.py:588} INFO - Filling up the DagBag from /home/airflow/.local/lib/python3.12/site-packages/airflow/example_dags/example_python_operator.py
[2024-11-02T14:10:23.208+0000] {processor.py:925} INFO - DAG(s) 'example_python_operator' retrieved from /home/airflow/.local/lib/python3.12/site-packages/airflow/example_dags/example_python_operator.py
[2024-11-02T14:10:29.389+0000] {logging_mixin.py:190} INFO - [2024-11-02T14:10:29.388+0000] {dag.py:3239} INFO - Sync 1 DAGs
[2024-11-02T14:10:31.769+0000] {logging_mixin.py:190} INFO - [2024-11-02T14:10:31.768+0000] {dag.py:4180} INFO - Setting next_dagrun for example_python_operator to None, run_after=None
[2024-11-02T14:10:32.748+0000] {processor.py:208} INFO - Processing /home/airflow/.local/lib/python3.12/site-packages/airflow/example_dags/example_python_operator.py took 22.438 seconds
[2024-11-02T14:18:30.343+0000] {processor.py:186} INFO - Started process (PID=1929) to work on /home/airflow/.local/lib/python3.12/site-packages/airflow/example_dags/example_python_operator.py
[2024-11-02T14:18:30.513+0000] {processor.py:914} INFO - Processing file /home/airflow/.local/lib/python3.12/site-packages/airflow/example_dags/example_python_operator.py for tasks to queue
[2024-11-02T14:18:30.609+0000] {logging_mixin.py:190} INFO - [2024-11-02T14:18:30.607+0000] {dagbag.py:588} INFO - Filling up the DagBag from /home/airflow/.local/lib/python3.12/site-packages/airflow/example_dags/example_python_operator.py
[2024-11-02T14:18:33.903+0000] {processor.py:925} INFO - DAG(s) 'example_python_operator' retrieved from /home/airflow/.local/lib/python3.12/site-packages/airflow/example_dags/example_python_operator.py
[2024-11-02T14:18:38.010+0000] {logging_mixin.py:190} INFO - [2024-11-02T14:18:38.009+0000] {dag.py:3239} INFO - Sync 1 DAGs
[2024-11-02T14:18:38.736+0000] {logging_mixin.py:190} INFO - [2024-11-02T14:18:38.735+0000] {dag.py:4180} INFO - Setting next_dagrun for example_python_operator to None, run_after=None
[2024-11-02T14:18:39.296+0000] {processor.py:208} INFO - Processing /home/airflow/.local/lib/python3.12/site-packages/airflow/example_dags/example_python_operator.py took 9.357 seconds
[2024-11-02T14:28:48.396+0000] {processor.py:186} INFO - Started process (PID=2120) to work on /home/airflow/.local/lib/python3.12/site-packages/airflow/example_dags/example_python_operator.py
[2024-11-02T14:28:48.410+0000] {processor.py:914} INFO - Processing file /home/airflow/.local/lib/python3.12/site-packages/airflow/example_dags/example_python_operator.py for tasks to queue
[2024-11-02T14:28:48.460+0000] {logging_mixin.py:190} INFO - [2024-11-02T14:28:48.418+0000] {dagbag.py:588} INFO - Filling up the DagBag from /home/airflow/.local/lib/python3.12/site-packages/airflow/example_dags/example_python_operator.py
[2024-11-02T14:28:48.971+0000] {processor.py:925} INFO - DAG(s) 'example_python_operator' retrieved from /home/airflow/.local/lib/python3.12/site-packages/airflow/example_dags/example_python_operator.py
[2024-11-02T14:28:49.881+0000] {logging_mixin.py:190} INFO - [2024-11-02T14:28:49.880+0000] {dag.py:3239} INFO - Sync 1 DAGs
[2024-11-02T14:28:50.135+0000] {logging_mixin.py:190} INFO - [2024-11-02T14:28:50.134+0000] {dag.py:4180} INFO - Setting next_dagrun for example_python_operator to None, run_after=None
[2024-11-02T14:28:51.381+0000] {processor.py:208} INFO - Processing /home/airflow/.local/lib/python3.12/site-packages/airflow/example_dags/example_python_operator.py took 3.185 seconds
[2024-11-02T14:42:36.975+0000] {processor.py:186} INFO - Started process (PID=2360) to work on /home/airflow/.local/lib/python3.12/site-packages/airflow/example_dags/example_python_operator.py
[2024-11-02T14:42:37.140+0000] {processor.py:914} INFO - Processing file /home/airflow/.local/lib/python3.12/site-packages/airflow/example_dags/example_python_operator.py for tasks to queue
[2024-11-02T14:42:37.285+0000] {logging_mixin.py:190} INFO - [2024-11-02T14:42:37.270+0000] {dagbag.py:588} INFO - Filling up the DagBag from /home/airflow/.local/lib/python3.12/site-packages/airflow/example_dags/example_python_operator.py
[2024-11-02T14:42:41.288+0000] {processor.py:925} INFO - DAG(s) 'example_python_operator' retrieved from /home/airflow/.local/lib/python3.12/site-packages/airflow/example_dags/example_python_operator.py
[2024-11-02T14:42:44.302+0000] {logging_mixin.py:190} INFO - [2024-11-02T14:42:44.301+0000] {dag.py:3239} INFO - Sync 1 DAGs
[2024-11-02T14:42:46.948+0000] {logging_mixin.py:190} INFO - [2024-11-02T14:42:46.947+0000] {dag.py:4180} INFO - Setting next_dagrun for example_python_operator to None, run_after=None
[2024-11-02T14:42:48.418+0000] {processor.py:208} INFO - Processing /home/airflow/.local/lib/python3.12/site-packages/airflow/example_dags/example_python_operator.py took 16.489 seconds
[2024-11-02T14:53:46.891+0000] {processor.py:186} INFO - Started process (PID=2582) to work on /home/airflow/.local/lib/python3.12/site-packages/airflow/example_dags/example_python_operator.py
[2024-11-02T14:53:46.938+0000] {processor.py:914} INFO - Processing file /home/airflow/.local/lib/python3.12/site-packages/airflow/example_dags/example_python_operator.py for tasks to queue
[2024-11-02T14:53:46.972+0000] {logging_mixin.py:190} INFO - [2024-11-02T14:53:46.946+0000] {dagbag.py:588} INFO - Filling up the DagBag from /home/airflow/.local/lib/python3.12/site-packages/airflow/example_dags/example_python_operator.py
[2024-11-02T14:53:47.448+0000] {processor.py:925} INFO - DAG(s) 'example_python_operator' retrieved from /home/airflow/.local/lib/python3.12/site-packages/airflow/example_dags/example_python_operator.py
[2024-11-02T14:53:49.388+0000] {logging_mixin.py:190} INFO - [2024-11-02T14:53:49.375+0000] {dag.py:3239} INFO - Sync 1 DAGs
[2024-11-02T14:53:50.495+0000] {logging_mixin.py:190} INFO - [2024-11-02T14:53:50.492+0000] {dag.py:4180} INFO - Setting next_dagrun for example_python_operator to None, run_after=None
[2024-11-02T14:53:51.016+0000] {processor.py:208} INFO - Processing /home/airflow/.local/lib/python3.12/site-packages/airflow/example_dags/example_python_operator.py took 4.262 seconds
[2024-11-02T15:08:09.297+0000] {processor.py:186} INFO - Started process (PID=2852) to work on /home/airflow/.local/lib/python3.12/site-packages/airflow/example_dags/example_python_operator.py
[2024-11-02T15:08:09.336+0000] {processor.py:914} INFO - Processing file /home/airflow/.local/lib/python3.12/site-packages/airflow/example_dags/example_python_operator.py for tasks to queue
[2024-11-02T15:08:09.450+0000] {logging_mixin.py:190} INFO - [2024-11-02T15:08:09.447+0000] {dagbag.py:588} INFO - Filling up the DagBag from /home/airflow/.local/lib/python3.12/site-packages/airflow/example_dags/example_python_operator.py
[2024-11-02T15:08:10.067+0000] {processor.py:925} INFO - DAG(s) 'example_python_operator' retrieved from /home/airflow/.local/lib/python3.12/site-packages/airflow/example_dags/example_python_operator.py
[2024-11-02T15:08:13.048+0000] {logging_mixin.py:190} INFO - [2024-11-02T15:08:13.029+0000] {dag.py:3239} INFO - Sync 1 DAGs
[2024-11-02T15:08:14.493+0000] {logging_mixin.py:190} INFO - [2024-11-02T15:08:14.434+0000] {dag.py:4180} INFO - Setting next_dagrun for example_python_operator to None, run_after=None
[2024-11-02T15:08:15.862+0000] {processor.py:208} INFO - Processing /home/airflow/.local/lib/python3.12/site-packages/airflow/example_dags/example_python_operator.py took 7.257 seconds
[2024-11-02T15:11:17.366+0000] {processor.py:186} INFO - Started process (PID=2946) to work on /home/airflow/.local/lib/python3.12/site-packages/airflow/example_dags/example_python_operator.py
[2024-11-02T15:11:17.415+0000] {processor.py:914} INFO - Processing file /home/airflow/.local/lib/python3.12/site-packages/airflow/example_dags/example_python_operator.py for tasks to queue
[2024-11-02T15:11:17.508+0000] {logging_mixin.py:190} INFO - [2024-11-02T15:11:17.506+0000] {dagbag.py:588} INFO - Filling up the DagBag from /home/airflow/.local/lib/python3.12/site-packages/airflow/example_dags/example_python_operator.py
[2024-11-02T15:11:17.700+0000] {processor.py:925} INFO - DAG(s) 'example_python_operator' retrieved from /home/airflow/.local/lib/python3.12/site-packages/airflow/example_dags/example_python_operator.py
[2024-11-02T15:11:18.126+0000] {logging_mixin.py:190} INFO - [2024-11-02T15:11:18.116+0000] {dag.py:3239} INFO - Sync 1 DAGs
[2024-11-02T15:11:18.793+0000] {logging_mixin.py:190} INFO - [2024-11-02T15:11:18.792+0000] {dag.py:4180} INFO - Setting next_dagrun for example_python_operator to None, run_after=None
[2024-11-02T15:11:19.482+0000] {processor.py:208} INFO - Processing /home/airflow/.local/lib/python3.12/site-packages/airflow/example_dags/example_python_operator.py took 2.491 seconds
[2024-11-02T15:15:11.815+0000] {processor.py:186} INFO - Started process (PID=3084) to work on /home/airflow/.local/lib/python3.12/site-packages/airflow/example_dags/example_python_operator.py
[2024-11-02T15:15:11.882+0000] {processor.py:914} INFO - Processing file /home/airflow/.local/lib/python3.12/site-packages/airflow/example_dags/example_python_operator.py for tasks to queue
[2024-11-02T15:15:12.019+0000] {logging_mixin.py:190} INFO - [2024-11-02T15:15:11.976+0000] {dagbag.py:588} INFO - Filling up the DagBag from /home/airflow/.local/lib/python3.12/site-packages/airflow/example_dags/example_python_operator.py
[2024-11-02T15:15:12.728+0000] {processor.py:925} INFO - DAG(s) 'example_python_operator' retrieved from /home/airflow/.local/lib/python3.12/site-packages/airflow/example_dags/example_python_operator.py
[2024-11-02T15:15:13.058+0000] {logging_mixin.py:190} INFO - [2024-11-02T15:15:13.052+0000] {dag.py:3239} INFO - Sync 1 DAGs
[2024-11-02T15:15:13.467+0000] {logging_mixin.py:190} INFO - [2024-11-02T15:15:13.466+0000] {dag.py:4180} INFO - Setting next_dagrun for example_python_operator to None, run_after=None
[2024-11-02T15:15:14.301+0000] {processor.py:208} INFO - Processing /home/airflow/.local/lib/python3.12/site-packages/airflow/example_dags/example_python_operator.py took 2.818 seconds
[2024-11-02T15:20:33.713+0000] {processor.py:186} INFO - Started process (PID=3237) to work on /home/airflow/.local/lib/python3.12/site-packages/airflow/example_dags/example_python_operator.py
[2024-11-02T15:20:33.733+0000] {processor.py:914} INFO - Processing file /home/airflow/.local/lib/python3.12/site-packages/airflow/example_dags/example_python_operator.py for tasks to queue
[2024-11-02T15:20:33.740+0000] {logging_mixin.py:190} INFO - [2024-11-02T15:20:33.739+0000] {dagbag.py:588} INFO - Filling up the DagBag from /home/airflow/.local/lib/python3.12/site-packages/airflow/example_dags/example_python_operator.py
[2024-11-02T15:20:33.833+0000] {processor.py:925} INFO - DAG(s) 'example_python_operator' retrieved from /home/airflow/.local/lib/python3.12/site-packages/airflow/example_dags/example_python_operator.py
[2024-11-02T15:20:34.116+0000] {logging_mixin.py:190} INFO - [2024-11-02T15:20:34.116+0000] {dag.py:3239} INFO - Sync 1 DAGs
[2024-11-02T15:20:34.297+0000] {logging_mixin.py:190} INFO - [2024-11-02T15:20:34.296+0000] {dag.py:4180} INFO - Setting next_dagrun for example_python_operator to None, run_after=None
[2024-11-02T15:20:34.553+0000] {processor.py:208} INFO - Processing /home/airflow/.local/lib/python3.12/site-packages/airflow/example_dags/example_python_operator.py took 0.920 seconds
[2024-11-02T15:23:28.192+0000] {processor.py:186} INFO - Started process (PID=3342) to work on /home/airflow/.local/lib/python3.12/site-packages/airflow/example_dags/example_python_operator.py
[2024-11-02T15:23:28.228+0000] {processor.py:914} INFO - Processing file /home/airflow/.local/lib/python3.12/site-packages/airflow/example_dags/example_python_operator.py for tasks to queue
[2024-11-02T15:23:28.232+0000] {logging_mixin.py:190} INFO - [2024-11-02T15:23:28.231+0000] {dagbag.py:588} INFO - Filling up the DagBag from /home/airflow/.local/lib/python3.12/site-packages/airflow/example_dags/example_python_operator.py
[2024-11-02T15:23:28.268+0000] {processor.py:925} INFO - DAG(s) 'example_python_operator' retrieved from /home/airflow/.local/lib/python3.12/site-packages/airflow/example_dags/example_python_operator.py
[2024-11-02T15:23:28.480+0000] {logging_mixin.py:190} INFO - [2024-11-02T15:23:28.479+0000] {dag.py:3239} INFO - Sync 1 DAGs
[2024-11-02T15:23:28.602+0000] {logging_mixin.py:190} INFO - [2024-11-02T15:23:28.602+0000] {dag.py:4180} INFO - Setting next_dagrun for example_python_operator to None, run_after=None
[2024-11-02T15:23:28.763+0000] {processor.py:208} INFO - Processing /home/airflow/.local/lib/python3.12/site-packages/airflow/example_dags/example_python_operator.py took 0.588 seconds
[2024-11-02T15:28:22.437+0000] {processor.py:186} INFO - Started process (PID=3474) to work on /home/airflow/.local/lib/python3.12/site-packages/airflow/example_dags/example_python_operator.py
[2024-11-02T15:28:22.471+0000] {processor.py:914} INFO - Processing file /home/airflow/.local/lib/python3.12/site-packages/airflow/example_dags/example_python_operator.py for tasks to queue
[2024-11-02T15:28:23.114+0000] {logging_mixin.py:190} INFO - [2024-11-02T15:28:22.872+0000] {dagbag.py:588} INFO - Filling up the DagBag from /home/airflow/.local/lib/python3.12/site-packages/airflow/example_dags/example_python_operator.py
[2024-11-02T15:28:24.302+0000] {processor.py:925} INFO - DAG(s) 'example_python_operator' retrieved from /home/airflow/.local/lib/python3.12/site-packages/airflow/example_dags/example_python_operator.py
[2024-11-02T15:28:28.815+0000] {logging_mixin.py:190} INFO - [2024-11-02T15:28:28.722+0000] {dag.py:3239} INFO - Sync 1 DAGs
[2024-11-02T15:28:32.369+0000] {logging_mixin.py:190} INFO - [2024-11-02T15:28:32.368+0000] {dag.py:4180} INFO - Setting next_dagrun for example_python_operator to None, run_after=None
[2024-11-02T15:28:33.173+0000] {processor.py:208} INFO - Processing /home/airflow/.local/lib/python3.12/site-packages/airflow/example_dags/example_python_operator.py took 11.321 seconds
[2024-11-02T15:32:02.000+0000] {processor.py:186} INFO - Started process (PID=3550) to work on /home/airflow/.local/lib/python3.12/site-packages/airflow/example_dags/example_python_operator.py
[2024-11-02T15:32:02.105+0000] {processor.py:914} INFO - Processing file /home/airflow/.local/lib/python3.12/site-packages/airflow/example_dags/example_python_operator.py for tasks to queue
[2024-11-02T15:32:02.118+0000] {logging_mixin.py:190} INFO - [2024-11-02T15:32:02.116+0000] {dagbag.py:588} INFO - Filling up the DagBag from /home/airflow/.local/lib/python3.12/site-packages/airflow/example_dags/example_python_operator.py
[2024-11-02T15:32:03.076+0000] {processor.py:925} INFO - DAG(s) 'example_python_operator' retrieved from /home/airflow/.local/lib/python3.12/site-packages/airflow/example_dags/example_python_operator.py
[2024-11-02T15:32:03.757+0000] {logging_mixin.py:190} INFO - [2024-11-02T15:32:03.725+0000] {dag.py:3239} INFO - Sync 1 DAGs
[2024-11-02T15:32:04.183+0000] {logging_mixin.py:190} INFO - [2024-11-02T15:32:04.182+0000] {dag.py:4180} INFO - Setting next_dagrun for example_python_operator to None, run_after=None
[2024-11-02T15:32:05.465+0000] {processor.py:208} INFO - Processing /home/airflow/.local/lib/python3.12/site-packages/airflow/example_dags/example_python_operator.py took 3.670 seconds
[2024-11-02T15:38:23.577+0000] {processor.py:186} INFO - Started process (PID=3707) to work on /home/airflow/.local/lib/python3.12/site-packages/airflow/example_dags/example_python_operator.py
[2024-11-02T15:38:23.654+0000] {processor.py:914} INFO - Processing file /home/airflow/.local/lib/python3.12/site-packages/airflow/example_dags/example_python_operator.py for tasks to queue
[2024-11-02T15:38:23.712+0000] {logging_mixin.py:190} INFO - [2024-11-02T15:38:23.687+0000] {dagbag.py:588} INFO - Filling up the DagBag from /home/airflow/.local/lib/python3.12/site-packages/airflow/example_dags/example_python_operator.py
[2024-11-02T15:38:24.870+0000] {processor.py:925} INFO - DAG(s) 'example_python_operator' retrieved from /home/airflow/.local/lib/python3.12/site-packages/airflow/example_dags/example_python_operator.py
[2024-11-02T15:38:26.230+0000] {logging_mixin.py:190} INFO - [2024-11-02T15:38:26.206+0000] {dag.py:3239} INFO - Sync 1 DAGs
[2024-11-02T15:38:28.013+0000] {logging_mixin.py:190} INFO - [2024-11-02T15:38:28.012+0000] {dag.py:4180} INFO - Setting next_dagrun for example_python_operator to None, run_after=None
[2024-11-02T15:38:32.170+0000] {processor.py:208} INFO - Processing /home/airflow/.local/lib/python3.12/site-packages/airflow/example_dags/example_python_operator.py took 9.366 seconds
[2024-11-02T15:45:58.081+0000] {processor.py:186} INFO - Started process (PID=3849) to work on /home/airflow/.local/lib/python3.12/site-packages/airflow/example_dags/example_python_operator.py
[2024-11-02T15:45:58.104+0000] {processor.py:914} INFO - Processing file /home/airflow/.local/lib/python3.12/site-packages/airflow/example_dags/example_python_operator.py for tasks to queue
[2024-11-02T15:45:58.122+0000] {logging_mixin.py:190} INFO - [2024-11-02T15:45:58.120+0000] {dagbag.py:588} INFO - Filling up the DagBag from /home/airflow/.local/lib/python3.12/site-packages/airflow/example_dags/example_python_operator.py
[2024-11-02T15:45:58.330+0000] {processor.py:925} INFO - DAG(s) 'example_python_operator' retrieved from /home/airflow/.local/lib/python3.12/site-packages/airflow/example_dags/example_python_operator.py
[2024-11-02T15:45:58.597+0000] {logging_mixin.py:190} INFO - [2024-11-02T15:45:58.596+0000] {dag.py:3239} INFO - Sync 1 DAGs
[2024-11-02T15:45:58.827+0000] {logging_mixin.py:190} INFO - [2024-11-02T15:45:58.826+0000] {dag.py:4180} INFO - Setting next_dagrun for example_python_operator to None, run_after=None
[2024-11-02T15:45:59.406+0000] {processor.py:208} INFO - Processing /home/airflow/.local/lib/python3.12/site-packages/airflow/example_dags/example_python_operator.py took 1.445 seconds
[2024-11-02T15:50:09.865+0000] {processor.py:186} INFO - Started process (PID=3949) to work on /home/airflow/.local/lib/python3.12/site-packages/airflow/example_dags/example_python_operator.py
[2024-11-02T15:50:09.910+0000] {processor.py:914} INFO - Processing file /home/airflow/.local/lib/python3.12/site-packages/airflow/example_dags/example_python_operator.py for tasks to queue
[2024-11-02T15:50:10.006+0000] {logging_mixin.py:190} INFO - [2024-11-02T15:50:09.963+0000] {dagbag.py:588} INFO - Filling up the DagBag from /home/airflow/.local/lib/python3.12/site-packages/airflow/example_dags/example_python_operator.py
[2024-11-02T15:50:10.490+0000] {processor.py:925} INFO - DAG(s) 'example_python_operator' retrieved from /home/airflow/.local/lib/python3.12/site-packages/airflow/example_dags/example_python_operator.py
[2024-11-02T15:50:11.261+0000] {logging_mixin.py:190} INFO - [2024-11-02T15:50:11.260+0000] {dag.py:3239} INFO - Sync 1 DAGs
[2024-11-02T15:50:12.469+0000] {logging_mixin.py:190} INFO - [2024-11-02T15:50:12.466+0000] {dag.py:4180} INFO - Setting next_dagrun for example_python_operator to None, run_after=None
[2024-11-02T15:50:13.368+0000] {processor.py:208} INFO - Processing /home/airflow/.local/lib/python3.12/site-packages/airflow/example_dags/example_python_operator.py took 3.798 seconds
[2024-11-02T15:55:43.270+0000] {processor.py:186} INFO - Started process (PID=4100) to work on /home/airflow/.local/lib/python3.12/site-packages/airflow/example_dags/example_python_operator.py
[2024-11-02T15:55:43.488+0000] {processor.py:914} INFO - Processing file /home/airflow/.local/lib/python3.12/site-packages/airflow/example_dags/example_python_operator.py for tasks to queue
[2024-11-02T15:55:43.633+0000] {logging_mixin.py:190} INFO - [2024-11-02T15:55:43.562+0000] {dagbag.py:588} INFO - Filling up the DagBag from /home/airflow/.local/lib/python3.12/site-packages/airflow/example_dags/example_python_operator.py
[2024-11-02T15:55:44.156+0000] {processor.py:925} INFO - DAG(s) 'example_python_operator' retrieved from /home/airflow/.local/lib/python3.12/site-packages/airflow/example_dags/example_python_operator.py
[2024-11-02T15:55:44.714+0000] {logging_mixin.py:190} INFO - [2024-11-02T15:55:44.713+0000] {dag.py:3239} INFO - Sync 1 DAGs
[2024-11-02T15:55:45.367+0000] {logging_mixin.py:190} INFO - [2024-11-02T15:55:45.357+0000] {dag.py:4180} INFO - Setting next_dagrun for example_python_operator to None, run_after=None
[2024-11-02T15:55:46.218+0000] {processor.py:208} INFO - Processing /home/airflow/.local/lib/python3.12/site-packages/airflow/example_dags/example_python_operator.py took 3.141 seconds
[2024-11-02T16:08:29.716+0000] {processor.py:186} INFO - Started process (PID=4284) to work on /home/airflow/.local/lib/python3.12/site-packages/airflow/example_dags/example_python_operator.py
[2024-11-02T16:08:29.862+0000] {processor.py:914} INFO - Processing file /home/airflow/.local/lib/python3.12/site-packages/airflow/example_dags/example_python_operator.py for tasks to queue
[2024-11-02T16:08:29.956+0000] {logging_mixin.py:190} INFO - [2024-11-02T16:08:29.872+0000] {dagbag.py:588} INFO - Filling up the DagBag from /home/airflow/.local/lib/python3.12/site-packages/airflow/example_dags/example_python_operator.py
[2024-11-02T16:08:31.139+0000] {processor.py:925} INFO - DAG(s) 'example_python_operator' retrieved from /home/airflow/.local/lib/python3.12/site-packages/airflow/example_dags/example_python_operator.py
[2024-11-02T16:08:32.516+0000] {logging_mixin.py:190} INFO - [2024-11-02T16:08:32.514+0000] {dag.py:3239} INFO - Sync 1 DAGs
[2024-11-02T16:08:33.663+0000] {logging_mixin.py:190} INFO - [2024-11-02T16:08:33.663+0000] {dag.py:4180} INFO - Setting next_dagrun for example_python_operator to None, run_after=None
[2024-11-02T16:08:34.452+0000] {processor.py:208} INFO - Processing /home/airflow/.local/lib/python3.12/site-packages/airflow/example_dags/example_python_operator.py took 5.039 seconds
