[2024-11-02T13:13:58.473+0000] {processor.py:186} INFO - Started process (PID=172) to work on /home/airflow/.local/lib/python3.12/site-packages/airflow/example_dags/example_bash_decorator.py
[2024-11-02T13:13:58.481+0000] {processor.py:914} INFO - Processing file /home/airflow/.local/lib/python3.12/site-packages/airflow/example_dags/example_bash_decorator.py for tasks to queue
[2024-11-02T13:13:58.512+0000] {logging_mixin.py:190} INFO - [2024-11-02T13:13:58.511+0000] {dagbag.py:588} INFO - Filling up the DagBag from /home/airflow/.local/lib/python3.12/site-packages/airflow/example_dags/example_bash_decorator.py
[2024-11-02T13:13:58.996+0000] {processor.py:925} INFO - DAG(s) 'example_bash_decorator' retrieved from /home/airflow/.local/lib/python3.12/site-packages/airflow/example_dags/example_bash_decorator.py
[2024-11-02T13:14:03.585+0000] {logging_mixin.py:190} INFO - [2024-11-02T13:14:03.584+0000] {dag.py:3239} INFO - Sync 1 DAGs
[2024-11-02T13:14:03.663+0000] {logging_mixin.py:190} INFO - [2024-11-02T13:14:03.663+0000] {dag.py:4180} INFO - Setting next_dagrun for example_bash_decorator to None, run_after=None
[2024-11-02T13:14:03.870+0000] {processor.py:208} INFO - Processing /home/airflow/.local/lib/python3.12/site-packages/airflow/example_dags/example_bash_decorator.py took 5.511 seconds
[2024-11-02T13:16:33.288+0000] {processor.py:186} INFO - Started process (PID=258) to work on /home/airflow/.local/lib/python3.12/site-packages/airflow/example_dags/example_bash_decorator.py
[2024-11-02T13:16:33.292+0000] {processor.py:914} INFO - Processing file /home/airflow/.local/lib/python3.12/site-packages/airflow/example_dags/example_bash_decorator.py for tasks to queue
[2024-11-02T13:16:33.304+0000] {logging_mixin.py:190} INFO - [2024-11-02T13:16:33.303+0000] {dagbag.py:588} INFO - Filling up the DagBag from /home/airflow/.local/lib/python3.12/site-packages/airflow/example_dags/example_bash_decorator.py
[2024-11-02T13:16:34.601+0000] {processor.py:925} INFO - DAG(s) 'example_bash_decorator' retrieved from /home/airflow/.local/lib/python3.12/site-packages/airflow/example_dags/example_bash_decorator.py
[2024-11-02T13:16:46.994+0000] {logging_mixin.py:190} INFO - [2024-11-02T13:16:46.993+0000] {dag.py:3239} INFO - Sync 1 DAGs
[2024-11-02T13:16:54.363+0000] {logging_mixin.py:190} INFO - [2024-11-02T13:16:54.362+0000] {dag.py:4180} INFO - Setting next_dagrun for example_bash_decorator to None, run_after=None
[2024-11-02T13:16:56.649+0000] {processor.py:208} INFO - Processing /home/airflow/.local/lib/python3.12/site-packages/airflow/example_dags/example_bash_decorator.py took 23.425 seconds
[2024-11-02T13:19:30.176+0000] {processor.py:186} INFO - Started process (PID=327) to work on /home/airflow/.local/lib/python3.12/site-packages/airflow/example_dags/example_bash_decorator.py
[2024-11-02T13:19:30.181+0000] {processor.py:914} INFO - Processing file /home/airflow/.local/lib/python3.12/site-packages/airflow/example_dags/example_bash_decorator.py for tasks to queue
[2024-11-02T13:19:30.195+0000] {logging_mixin.py:190} INFO - [2024-11-02T13:19:30.194+0000] {dagbag.py:588} INFO - Filling up the DagBag from /home/airflow/.local/lib/python3.12/site-packages/airflow/example_dags/example_bash_decorator.py
[2024-11-02T13:19:30.332+0000] {processor.py:925} INFO - DAG(s) 'example_bash_decorator' retrieved from /home/airflow/.local/lib/python3.12/site-packages/airflow/example_dags/example_bash_decorator.py
[2024-11-02T13:19:30.555+0000] {logging_mixin.py:190} INFO - [2024-11-02T13:19:30.554+0000] {dag.py:3239} INFO - Sync 1 DAGs
[2024-11-02T13:19:30.827+0000] {logging_mixin.py:190} INFO - [2024-11-02T13:19:30.826+0000] {dag.py:4180} INFO - Setting next_dagrun for example_bash_decorator to None, run_after=None
[2024-11-02T13:19:31.497+0000] {processor.py:208} INFO - Processing /home/airflow/.local/lib/python3.12/site-packages/airflow/example_dags/example_bash_decorator.py took 1.367 seconds
[2024-11-02T13:21:22.214+0000] {processor.py:186} INFO - Started process (PID=398) to work on /home/airflow/.local/lib/python3.12/site-packages/airflow/example_dags/example_bash_decorator.py
[2024-11-02T13:21:22.244+0000] {processor.py:914} INFO - Processing file /home/airflow/.local/lib/python3.12/site-packages/airflow/example_dags/example_bash_decorator.py for tasks to queue
[2024-11-02T13:21:22.280+0000] {logging_mixin.py:190} INFO - [2024-11-02T13:21:22.279+0000] {dagbag.py:588} INFO - Filling up the DagBag from /home/airflow/.local/lib/python3.12/site-packages/airflow/example_dags/example_bash_decorator.py
[2024-11-02T13:21:22.541+0000] {processor.py:925} INFO - DAG(s) 'example_bash_decorator' retrieved from /home/airflow/.local/lib/python3.12/site-packages/airflow/example_dags/example_bash_decorator.py
[2024-11-02T13:21:23.016+0000] {logging_mixin.py:190} INFO - [2024-11-02T13:21:23.014+0000] {dag.py:3239} INFO - Sync 1 DAGs
[2024-11-02T13:21:23.462+0000] {logging_mixin.py:190} INFO - [2024-11-02T13:21:23.414+0000] {dag.py:4180} INFO - Setting next_dagrun for example_bash_decorator to None, run_after=None
[2024-11-02T13:21:23.879+0000] {processor.py:208} INFO - Processing /home/airflow/.local/lib/python3.12/site-packages/airflow/example_dags/example_bash_decorator.py took 1.724 seconds
[2024-11-02T13:24:05.151+0000] {processor.py:186} INFO - Started process (PID=508) to work on /home/airflow/.local/lib/python3.12/site-packages/airflow/example_dags/example_bash_decorator.py
[2024-11-02T13:24:05.155+0000] {processor.py:914} INFO - Processing file /home/airflow/.local/lib/python3.12/site-packages/airflow/example_dags/example_bash_decorator.py for tasks to queue
[2024-11-02T13:24:05.159+0000] {logging_mixin.py:190} INFO - [2024-11-02T13:24:05.158+0000] {dagbag.py:588} INFO - Filling up the DagBag from /home/airflow/.local/lib/python3.12/site-packages/airflow/example_dags/example_bash_decorator.py
[2024-11-02T13:24:05.275+0000] {processor.py:925} INFO - DAG(s) 'example_bash_decorator' retrieved from /home/airflow/.local/lib/python3.12/site-packages/airflow/example_dags/example_bash_decorator.py
[2024-11-02T13:24:05.374+0000] {logging_mixin.py:190} INFO - [2024-11-02T13:24:05.373+0000] {dag.py:3239} INFO - Sync 1 DAGs
[2024-11-02T13:24:05.430+0000] {logging_mixin.py:190} INFO - [2024-11-02T13:24:05.429+0000] {dag.py:4180} INFO - Setting next_dagrun for example_bash_decorator to None, run_after=None
[2024-11-02T13:24:05.505+0000] {processor.py:208} INFO - Processing /home/airflow/.local/lib/python3.12/site-packages/airflow/example_dags/example_bash_decorator.py took 0.403 seconds
[2024-11-02T13:33:23.225+0000] {processor.py:186} INFO - Started process (PID=680) to work on /home/airflow/.local/lib/python3.12/site-packages/airflow/example_dags/example_bash_decorator.py
[2024-11-02T13:33:23.235+0000] {processor.py:914} INFO - Processing file /home/airflow/.local/lib/python3.12/site-packages/airflow/example_dags/example_bash_decorator.py for tasks to queue
[2024-11-02T13:33:23.377+0000] {logging_mixin.py:190} INFO - [2024-11-02T13:33:23.360+0000] {dagbag.py:588} INFO - Filling up the DagBag from /home/airflow/.local/lib/python3.12/site-packages/airflow/example_dags/example_bash_decorator.py
[2024-11-02T13:33:24.252+0000] {processor.py:925} INFO - DAG(s) 'example_bash_decorator' retrieved from /home/airflow/.local/lib/python3.12/site-packages/airflow/example_dags/example_bash_decorator.py
[2024-11-02T13:33:25.285+0000] {logging_mixin.py:190} INFO - [2024-11-02T13:33:25.276+0000] {dag.py:3239} INFO - Sync 1 DAGs
[2024-11-02T13:33:25.682+0000] {logging_mixin.py:190} INFO - [2024-11-02T13:33:25.682+0000] {dag.py:4180} INFO - Setting next_dagrun for example_bash_decorator to None, run_after=None
[2024-11-02T13:33:26.141+0000] {processor.py:208} INFO - Processing /home/airflow/.local/lib/python3.12/site-packages/airflow/example_dags/example_bash_decorator.py took 3.401 seconds
[2024-11-02T13:40:11.509+0000] {processor.py:186} INFO - Started process (PID=843) to work on /home/airflow/.local/lib/python3.12/site-packages/airflow/example_dags/example_bash_decorator.py
[2024-11-02T13:40:11.524+0000] {processor.py:914} INFO - Processing file /home/airflow/.local/lib/python3.12/site-packages/airflow/example_dags/example_bash_decorator.py for tasks to queue
[2024-11-02T13:40:11.546+0000] {logging_mixin.py:190} INFO - [2024-11-02T13:40:11.546+0000] {dagbag.py:588} INFO - Filling up the DagBag from /home/airflow/.local/lib/python3.12/site-packages/airflow/example_dags/example_bash_decorator.py
[2024-11-02T13:40:11.819+0000] {processor.py:925} INFO - DAG(s) 'example_bash_decorator' retrieved from /home/airflow/.local/lib/python3.12/site-packages/airflow/example_dags/example_bash_decorator.py
[2024-11-02T13:40:12.028+0000] {logging_mixin.py:190} INFO - [2024-11-02T13:40:12.027+0000] {dag.py:3239} INFO - Sync 1 DAGs
[2024-11-02T13:40:12.215+0000] {logging_mixin.py:190} INFO - [2024-11-02T13:40:12.215+0000] {dag.py:4180} INFO - Setting next_dagrun for example_bash_decorator to None, run_after=None
[2024-11-02T13:40:12.523+0000] {processor.py:208} INFO - Processing /home/airflow/.local/lib/python3.12/site-packages/airflow/example_dags/example_bash_decorator.py took 1.023 seconds
[2024-11-02T13:41:56.184+0000] {processor.py:186} INFO - Started process (PID=925) to work on /home/airflow/.local/lib/python3.12/site-packages/airflow/example_dags/example_bash_decorator.py
[2024-11-02T13:41:56.195+0000] {processor.py:914} INFO - Processing file /home/airflow/.local/lib/python3.12/site-packages/airflow/example_dags/example_bash_decorator.py for tasks to queue
[2024-11-02T13:41:56.211+0000] {logging_mixin.py:190} INFO - [2024-11-02T13:41:56.210+0000] {dagbag.py:588} INFO - Filling up the DagBag from /home/airflow/.local/lib/python3.12/site-packages/airflow/example_dags/example_bash_decorator.py
[2024-11-02T13:41:56.677+0000] {processor.py:925} INFO - DAG(s) 'example_bash_decorator' retrieved from /home/airflow/.local/lib/python3.12/site-packages/airflow/example_dags/example_bash_decorator.py
[2024-11-02T13:41:57.152+0000] {logging_mixin.py:190} INFO - [2024-11-02T13:41:57.151+0000] {dag.py:3239} INFO - Sync 1 DAGs
[2024-11-02T13:41:57.587+0000] {logging_mixin.py:190} INFO - [2024-11-02T13:41:57.553+0000] {dag.py:4180} INFO - Setting next_dagrun for example_bash_decorator to None, run_after=None
[2024-11-02T13:41:58.971+0000] {processor.py:208} INFO - Processing /home/airflow/.local/lib/python3.12/site-packages/airflow/example_dags/example_bash_decorator.py took 2.902 seconds
[2024-11-02T13:44:10.358+0000] {processor.py:186} INFO - Started process (PID=1006) to work on /home/airflow/.local/lib/python3.12/site-packages/airflow/example_dags/example_bash_decorator.py
[2024-11-02T13:44:10.405+0000] {processor.py:914} INFO - Processing file /home/airflow/.local/lib/python3.12/site-packages/airflow/example_dags/example_bash_decorator.py for tasks to queue
[2024-11-02T13:44:10.444+0000] {logging_mixin.py:190} INFO - [2024-11-02T13:44:10.442+0000] {dagbag.py:588} INFO - Filling up the DagBag from /home/airflow/.local/lib/python3.12/site-packages/airflow/example_dags/example_bash_decorator.py
[2024-11-02T13:44:11.940+0000] {processor.py:925} INFO - DAG(s) 'example_bash_decorator' retrieved from /home/airflow/.local/lib/python3.12/site-packages/airflow/example_dags/example_bash_decorator.py
[2024-11-02T13:44:13.742+0000] {logging_mixin.py:190} INFO - [2024-11-02T13:44:13.741+0000] {dag.py:3239} INFO - Sync 1 DAGs
[2024-11-02T13:44:15.446+0000] {logging_mixin.py:190} INFO - [2024-11-02T13:44:15.406+0000] {dag.py:4180} INFO - Setting next_dagrun for example_bash_decorator to None, run_after=None
[2024-11-02T13:44:16.490+0000] {processor.py:208} INFO - Processing /home/airflow/.local/lib/python3.12/site-packages/airflow/example_dags/example_bash_decorator.py took 6.302 seconds
[2024-11-02T13:48:46.456+0000] {processor.py:186} INFO - Started process (PID=1125) to work on /home/airflow/.local/lib/python3.12/site-packages/airflow/example_dags/example_bash_decorator.py
[2024-11-02T13:48:46.468+0000] {processor.py:914} INFO - Processing file /home/airflow/.local/lib/python3.12/site-packages/airflow/example_dags/example_bash_decorator.py for tasks to queue
[2024-11-02T13:48:46.496+0000] {logging_mixin.py:190} INFO - [2024-11-02T13:48:46.490+0000] {dagbag.py:588} INFO - Filling up the DagBag from /home/airflow/.local/lib/python3.12/site-packages/airflow/example_dags/example_bash_decorator.py
[2024-11-02T13:48:46.975+0000] {processor.py:925} INFO - DAG(s) 'example_bash_decorator' retrieved from /home/airflow/.local/lib/python3.12/site-packages/airflow/example_dags/example_bash_decorator.py
[2024-11-02T13:48:47.550+0000] {logging_mixin.py:190} INFO - [2024-11-02T13:48:47.549+0000] {dag.py:3239} INFO - Sync 1 DAGs
[2024-11-02T13:48:47.837+0000] {logging_mixin.py:190} INFO - [2024-11-02T13:48:47.827+0000] {dag.py:4180} INFO - Setting next_dagrun for example_bash_decorator to None, run_after=None
[2024-11-02T13:48:48.495+0000] {processor.py:208} INFO - Processing /home/airflow/.local/lib/python3.12/site-packages/airflow/example_dags/example_bash_decorator.py took 2.120 seconds
[2024-11-02T13:50:44.033+0000] {processor.py:186} INFO - Started process (PID=1225) to work on /home/airflow/.local/lib/python3.12/site-packages/airflow/example_dags/example_bash_decorator.py
[2024-11-02T13:50:44.125+0000] {processor.py:914} INFO - Processing file /home/airflow/.local/lib/python3.12/site-packages/airflow/example_dags/example_bash_decorator.py for tasks to queue
[2024-11-02T13:50:44.185+0000] {logging_mixin.py:190} INFO - [2024-11-02T13:50:44.162+0000] {dagbag.py:588} INFO - Filling up the DagBag from /home/airflow/.local/lib/python3.12/site-packages/airflow/example_dags/example_bash_decorator.py
[2024-11-02T13:50:44.564+0000] {processor.py:925} INFO - DAG(s) 'example_bash_decorator' retrieved from /home/airflow/.local/lib/python3.12/site-packages/airflow/example_dags/example_bash_decorator.py
[2024-11-02T13:50:44.956+0000] {logging_mixin.py:190} INFO - [2024-11-02T13:50:44.955+0000] {dag.py:3239} INFO - Sync 1 DAGs
[2024-11-02T13:50:45.185+0000] {logging_mixin.py:190} INFO - [2024-11-02T13:50:45.184+0000] {dag.py:4180} INFO - Setting next_dagrun for example_bash_decorator to None, run_after=None
[2024-11-02T13:50:45.584+0000] {processor.py:208} INFO - Processing /home/airflow/.local/lib/python3.12/site-packages/airflow/example_dags/example_bash_decorator.py took 1.671 seconds
[2024-11-02T13:54:23.808+0000] {processor.py:186} INFO - Started process (PID=1340) to work on /home/airflow/.local/lib/python3.12/site-packages/airflow/example_dags/example_bash_decorator.py
[2024-11-02T13:54:23.889+0000] {processor.py:914} INFO - Processing file /home/airflow/.local/lib/python3.12/site-packages/airflow/example_dags/example_bash_decorator.py for tasks to queue
[2024-11-02T13:54:23.929+0000] {logging_mixin.py:190} INFO - [2024-11-02T13:54:23.928+0000] {dagbag.py:588} INFO - Filling up the DagBag from /home/airflow/.local/lib/python3.12/site-packages/airflow/example_dags/example_bash_decorator.py
[2024-11-02T13:54:24.112+0000] {processor.py:925} INFO - DAG(s) 'example_bash_decorator' retrieved from /home/airflow/.local/lib/python3.12/site-packages/airflow/example_dags/example_bash_decorator.py
[2024-11-02T13:54:24.257+0000] {logging_mixin.py:190} INFO - [2024-11-02T13:54:24.256+0000] {dag.py:3239} INFO - Sync 1 DAGs
[2024-11-02T13:54:24.411+0000] {logging_mixin.py:190} INFO - [2024-11-02T13:54:24.410+0000] {dag.py:4180} INFO - Setting next_dagrun for example_bash_decorator to None, run_after=None
[2024-11-02T13:54:24.852+0000] {processor.py:208} INFO - Processing /home/airflow/.local/lib/python3.12/site-packages/airflow/example_dags/example_bash_decorator.py took 1.089 seconds
[2024-11-02T13:56:22.554+0000] {processor.py:186} INFO - Started process (PID=1432) to work on /home/airflow/.local/lib/python3.12/site-packages/airflow/example_dags/example_bash_decorator.py
[2024-11-02T13:56:22.596+0000] {processor.py:914} INFO - Processing file /home/airflow/.local/lib/python3.12/site-packages/airflow/example_dags/example_bash_decorator.py for tasks to queue
[2024-11-02T13:56:22.611+0000] {logging_mixin.py:190} INFO - [2024-11-02T13:56:22.610+0000] {dagbag.py:588} INFO - Filling up the DagBag from /home/airflow/.local/lib/python3.12/site-packages/airflow/example_dags/example_bash_decorator.py
[2024-11-02T13:56:23.383+0000] {processor.py:925} INFO - DAG(s) 'example_bash_decorator' retrieved from /home/airflow/.local/lib/python3.12/site-packages/airflow/example_dags/example_bash_decorator.py
[2024-11-02T13:56:24.604+0000] {logging_mixin.py:190} INFO - [2024-11-02T13:56:24.603+0000] {dag.py:3239} INFO - Sync 1 DAGs
[2024-11-02T13:56:25.049+0000] {logging_mixin.py:190} INFO - [2024-11-02T13:56:25.048+0000] {dag.py:4180} INFO - Setting next_dagrun for example_bash_decorator to None, run_after=None
[2024-11-02T13:56:25.362+0000] {processor.py:208} INFO - Processing /home/airflow/.local/lib/python3.12/site-packages/airflow/example_dags/example_bash_decorator.py took 3.377 seconds
[2024-11-02T13:58:11.237+0000] {processor.py:186} INFO - Started process (PID=1499) to work on /home/airflow/.local/lib/python3.12/site-packages/airflow/example_dags/example_bash_decorator.py
[2024-11-02T13:58:11.281+0000] {processor.py:914} INFO - Processing file /home/airflow/.local/lib/python3.12/site-packages/airflow/example_dags/example_bash_decorator.py for tasks to queue
[2024-11-02T13:58:11.289+0000] {logging_mixin.py:190} INFO - [2024-11-02T13:58:11.288+0000] {dagbag.py:588} INFO - Filling up the DagBag from /home/airflow/.local/lib/python3.12/site-packages/airflow/example_dags/example_bash_decorator.py
[2024-11-02T13:58:11.684+0000] {processor.py:925} INFO - DAG(s) 'example_bash_decorator' retrieved from /home/airflow/.local/lib/python3.12/site-packages/airflow/example_dags/example_bash_decorator.py
[2024-11-02T13:58:12.209+0000] {logging_mixin.py:190} INFO - [2024-11-02T13:58:12.208+0000] {dag.py:3239} INFO - Sync 1 DAGs
[2024-11-02T13:58:12.613+0000] {logging_mixin.py:190} INFO - [2024-11-02T13:58:12.612+0000] {dag.py:4180} INFO - Setting next_dagrun for example_bash_decorator to None, run_after=None
[2024-11-02T13:58:12.863+0000] {processor.py:208} INFO - Processing /home/airflow/.local/lib/python3.12/site-packages/airflow/example_dags/example_bash_decorator.py took 1.689 seconds
[2024-11-02T14:01:34.170+0000] {processor.py:186} INFO - Started process (PID=1621) to work on /home/airflow/.local/lib/python3.12/site-packages/airflow/example_dags/example_bash_decorator.py
[2024-11-02T14:01:34.245+0000] {processor.py:914} INFO - Processing file /home/airflow/.local/lib/python3.12/site-packages/airflow/example_dags/example_bash_decorator.py for tasks to queue
[2024-11-02T14:01:34.287+0000] {logging_mixin.py:190} INFO - [2024-11-02T14:01:34.286+0000] {dagbag.py:588} INFO - Filling up the DagBag from /home/airflow/.local/lib/python3.12/site-packages/airflow/example_dags/example_bash_decorator.py
[2024-11-02T14:01:35.010+0000] {processor.py:925} INFO - DAG(s) 'example_bash_decorator' retrieved from /home/airflow/.local/lib/python3.12/site-packages/airflow/example_dags/example_bash_decorator.py
[2024-11-02T14:01:35.209+0000] {logging_mixin.py:190} INFO - [2024-11-02T14:01:35.209+0000] {dag.py:3239} INFO - Sync 1 DAGs
[2024-11-02T14:01:37.507+0000] {logging_mixin.py:190} INFO - [2024-11-02T14:01:37.506+0000] {dag.py:4180} INFO - Setting next_dagrun for example_bash_decorator to None, run_after=None
[2024-11-02T14:01:39.272+0000] {processor.py:208} INFO - Processing /home/airflow/.local/lib/python3.12/site-packages/airflow/example_dags/example_bash_decorator.py took 5.369 seconds
[2024-11-02T14:09:14.252+0000] {processor.py:186} INFO - Started process (PID=1778) to work on /home/airflow/.local/lib/python3.12/site-packages/airflow/example_dags/example_bash_decorator.py
[2024-11-02T14:09:14.298+0000] {processor.py:914} INFO - Processing file /home/airflow/.local/lib/python3.12/site-packages/airflow/example_dags/example_bash_decorator.py for tasks to queue
[2024-11-02T14:09:14.347+0000] {logging_mixin.py:190} INFO - [2024-11-02T14:09:14.345+0000] {dagbag.py:588} INFO - Filling up the DagBag from /home/airflow/.local/lib/python3.12/site-packages/airflow/example_dags/example_bash_decorator.py
[2024-11-02T14:09:16.625+0000] {processor.py:925} INFO - DAG(s) 'example_bash_decorator' retrieved from /home/airflow/.local/lib/python3.12/site-packages/airflow/example_dags/example_bash_decorator.py
[2024-11-02T14:09:18.550+0000] {logging_mixin.py:190} INFO - [2024-11-02T14:09:18.543+0000] {dag.py:3239} INFO - Sync 1 DAGs
[2024-11-02T14:09:20.408+0000] {logging_mixin.py:190} INFO - [2024-11-02T14:09:20.406+0000] {dag.py:4180} INFO - Setting next_dagrun for example_bash_decorator to None, run_after=None
[2024-11-02T14:09:21.912+0000] {processor.py:208} INFO - Processing /home/airflow/.local/lib/python3.12/site-packages/airflow/example_dags/example_bash_decorator.py took 8.878 seconds
[2024-11-02T14:16:54.870+0000] {processor.py:186} INFO - Started process (PID=1900) to work on /home/airflow/.local/lib/python3.12/site-packages/airflow/example_dags/example_bash_decorator.py
[2024-11-02T14:16:54.929+0000] {processor.py:914} INFO - Processing file /home/airflow/.local/lib/python3.12/site-packages/airflow/example_dags/example_bash_decorator.py for tasks to queue
[2024-11-02T14:16:55.225+0000] {logging_mixin.py:190} INFO - [2024-11-02T14:16:55.210+0000] {dagbag.py:588} INFO - Filling up the DagBag from /home/airflow/.local/lib/python3.12/site-packages/airflow/example_dags/example_bash_decorator.py
[2024-11-02T14:16:58.504+0000] {processor.py:925} INFO - DAG(s) 'example_bash_decorator' retrieved from /home/airflow/.local/lib/python3.12/site-packages/airflow/example_dags/example_bash_decorator.py
[2024-11-02T14:17:01.275+0000] {logging_mixin.py:190} INFO - [2024-11-02T14:17:01.254+0000] {dag.py:3239} INFO - Sync 1 DAGs
[2024-11-02T14:17:02.030+0000] {logging_mixin.py:190} INFO - [2024-11-02T14:17:02.029+0000] {dag.py:4180} INFO - Setting next_dagrun for example_bash_decorator to None, run_after=None
[2024-11-02T14:17:03.554+0000] {processor.py:208} INFO - Processing /home/airflow/.local/lib/python3.12/site-packages/airflow/example_dags/example_bash_decorator.py took 9.817 seconds
[2024-11-02T14:22:49.598+0000] {processor.py:186} INFO - Started process (PID=2011) to work on /home/airflow/.local/lib/python3.12/site-packages/airflow/example_dags/example_bash_decorator.py
[2024-11-02T14:22:49.633+0000] {processor.py:914} INFO - Processing file /home/airflow/.local/lib/python3.12/site-packages/airflow/example_dags/example_bash_decorator.py for tasks to queue
[2024-11-02T14:22:49.646+0000] {logging_mixin.py:190} INFO - [2024-11-02T14:22:49.644+0000] {dagbag.py:588} INFO - Filling up the DagBag from /home/airflow/.local/lib/python3.12/site-packages/airflow/example_dags/example_bash_decorator.py
[2024-11-02T14:22:50.136+0000] {processor.py:925} INFO - DAG(s) 'example_bash_decorator' retrieved from /home/airflow/.local/lib/python3.12/site-packages/airflow/example_dags/example_bash_decorator.py
[2024-11-02T14:22:50.774+0000] {logging_mixin.py:190} INFO - [2024-11-02T14:22:50.773+0000] {dag.py:3239} INFO - Sync 1 DAGs
[2024-11-02T14:22:51.051+0000] {logging_mixin.py:190} INFO - [2024-11-02T14:22:51.050+0000] {dag.py:4180} INFO - Setting next_dagrun for example_bash_decorator to None, run_after=None
[2024-11-02T14:22:51.414+0000] {processor.py:208} INFO - Processing /home/airflow/.local/lib/python3.12/site-packages/airflow/example_dags/example_bash_decorator.py took 2.511 seconds
[2024-11-02T14:28:42.496+0000] {processor.py:186} INFO - Started process (PID=2118) to work on /home/airflow/.local/lib/python3.12/site-packages/airflow/example_dags/example_bash_decorator.py
[2024-11-02T14:28:42.552+0000] {processor.py:914} INFO - Processing file /home/airflow/.local/lib/python3.12/site-packages/airflow/example_dags/example_bash_decorator.py for tasks to queue
[2024-11-02T14:28:42.576+0000] {logging_mixin.py:190} INFO - [2024-11-02T14:28:42.575+0000] {dagbag.py:588} INFO - Filling up the DagBag from /home/airflow/.local/lib/python3.12/site-packages/airflow/example_dags/example_bash_decorator.py
[2024-11-02T14:28:43.493+0000] {processor.py:925} INFO - DAG(s) 'example_bash_decorator' retrieved from /home/airflow/.local/lib/python3.12/site-packages/airflow/example_dags/example_bash_decorator.py
[2024-11-02T14:28:45.773+0000] {logging_mixin.py:190} INFO - [2024-11-02T14:28:45.770+0000] {dag.py:3239} INFO - Sync 1 DAGs
[2024-11-02T14:28:46.012+0000] {logging_mixin.py:190} INFO - [2024-11-02T14:28:46.011+0000] {dag.py:4180} INFO - Setting next_dagrun for example_bash_decorator to None, run_after=None
[2024-11-02T14:28:47.190+0000] {processor.py:208} INFO - Processing /home/airflow/.local/lib/python3.12/site-packages/airflow/example_dags/example_bash_decorator.py took 4.791 seconds
[2024-11-02T14:39:01.896+0000] {processor.py:186} INFO - Started process (PID=2317) to work on /home/airflow/.local/lib/python3.12/site-packages/airflow/example_dags/example_bash_decorator.py
[2024-11-02T14:39:01.947+0000] {processor.py:914} INFO - Processing file /home/airflow/.local/lib/python3.12/site-packages/airflow/example_dags/example_bash_decorator.py for tasks to queue
[2024-11-02T14:39:02.119+0000] {logging_mixin.py:190} INFO - [2024-11-02T14:39:02.118+0000] {dagbag.py:588} INFO - Filling up the DagBag from /home/airflow/.local/lib/python3.12/site-packages/airflow/example_dags/example_bash_decorator.py
[2024-11-02T14:39:17.360+0000] {processor.py:925} INFO - DAG(s) 'example_bash_decorator' retrieved from /home/airflow/.local/lib/python3.12/site-packages/airflow/example_dags/example_bash_decorator.py
[2024-11-02T14:39:28.328+0000] {logging_mixin.py:190} INFO - [2024-11-02T14:39:28.189+0000] {dag.py:3239} INFO - Sync 1 DAGs
[2024-11-02T14:39:36.754+0000] {logging_mixin.py:190} INFO - [2024-11-02T14:39:36.600+0000] {dag.py:4180} INFO - Setting next_dagrun for example_bash_decorator to None, run_after=None
[2024-11-02T14:46:50.965+0000] {processor.py:186} INFO - Started process (PID=2444) to work on /home/airflow/.local/lib/python3.12/site-packages/airflow/example_dags/example_bash_decorator.py
[2024-11-02T14:46:51.025+0000] {processor.py:914} INFO - Processing file /home/airflow/.local/lib/python3.12/site-packages/airflow/example_dags/example_bash_decorator.py for tasks to queue
[2024-11-02T14:46:51.069+0000] {logging_mixin.py:190} INFO - [2024-11-02T14:46:51.068+0000] {dagbag.py:588} INFO - Filling up the DagBag from /home/airflow/.local/lib/python3.12/site-packages/airflow/example_dags/example_bash_decorator.py
[2024-11-02T14:46:56.730+0000] {processor.py:925} INFO - DAG(s) 'example_bash_decorator' retrieved from /home/airflow/.local/lib/python3.12/site-packages/airflow/example_dags/example_bash_decorator.py
[2024-11-02T14:46:58.519+0000] {logging_mixin.py:190} INFO - [2024-11-02T14:46:58.518+0000] {dag.py:3239} INFO - Sync 1 DAGs
[2024-11-02T14:46:59.449+0000] {logging_mixin.py:190} INFO - [2024-11-02T14:46:59.448+0000] {dag.py:4180} INFO - Setting next_dagrun for example_bash_decorator to None, run_after=None
[2024-11-02T14:47:00.414+0000] {processor.py:208} INFO - Processing /home/airflow/.local/lib/python3.12/site-packages/airflow/example_dags/example_bash_decorator.py took 10.661 seconds
[2024-11-02T14:52:42.523+0000] {processor.py:186} INFO - Started process (PID=2562) to work on /home/airflow/.local/lib/python3.12/site-packages/airflow/example_dags/example_bash_decorator.py
[2024-11-02T14:52:42.570+0000] {processor.py:914} INFO - Processing file /home/airflow/.local/lib/python3.12/site-packages/airflow/example_dags/example_bash_decorator.py for tasks to queue
[2024-11-02T14:52:42.582+0000] {logging_mixin.py:190} INFO - [2024-11-02T14:52:42.581+0000] {dagbag.py:588} INFO - Filling up the DagBag from /home/airflow/.local/lib/python3.12/site-packages/airflow/example_dags/example_bash_decorator.py
[2024-11-02T14:52:43.098+0000] {processor.py:925} INFO - DAG(s) 'example_bash_decorator' retrieved from /home/airflow/.local/lib/python3.12/site-packages/airflow/example_dags/example_bash_decorator.py
[2024-11-02T14:52:43.762+0000] {logging_mixin.py:190} INFO - [2024-11-02T14:52:43.752+0000] {dag.py:3239} INFO - Sync 1 DAGs
[2024-11-02T14:52:44.157+0000] {logging_mixin.py:190} INFO - [2024-11-02T14:52:44.156+0000] {dag.py:4180} INFO - Setting next_dagrun for example_bash_decorator to None, run_after=None
[2024-11-02T14:52:45.001+0000] {processor.py:208} INFO - Processing /home/airflow/.local/lib/python3.12/site-packages/airflow/example_dags/example_bash_decorator.py took 2.717 seconds
[2024-11-02T14:59:28.577+0000] {processor.py:186} INFO - Started process (PID=2675) to work on /home/airflow/.local/lib/python3.12/site-packages/airflow/example_dags/example_bash_decorator.py
[2024-11-02T14:59:28.595+0000] {processor.py:914} INFO - Processing file /home/airflow/.local/lib/python3.12/site-packages/airflow/example_dags/example_bash_decorator.py for tasks to queue
[2024-11-02T14:59:28.622+0000] {logging_mixin.py:190} INFO - [2024-11-02T14:59:28.610+0000] {dagbag.py:588} INFO - Filling up the DagBag from /home/airflow/.local/lib/python3.12/site-packages/airflow/example_dags/example_bash_decorator.py
[2024-11-02T14:59:29.748+0000] {processor.py:925} INFO - DAG(s) 'example_bash_decorator' retrieved from /home/airflow/.local/lib/python3.12/site-packages/airflow/example_dags/example_bash_decorator.py
[2024-11-02T14:59:30.580+0000] {logging_mixin.py:190} INFO - [2024-11-02T14:59:30.579+0000] {dag.py:3239} INFO - Sync 1 DAGs
[2024-11-02T14:59:30.849+0000] {logging_mixin.py:190} INFO - [2024-11-02T14:59:30.848+0000] {dag.py:4180} INFO - Setting next_dagrun for example_bash_decorator to None, run_after=None
[2024-11-02T14:59:31.212+0000] {processor.py:208} INFO - Processing /home/airflow/.local/lib/python3.12/site-packages/airflow/example_dags/example_bash_decorator.py took 2.738 seconds
[2024-11-02T15:07:03.212+0000] {processor.py:186} INFO - Started process (PID=2828) to work on /home/airflow/.local/lib/python3.12/site-packages/airflow/example_dags/example_bash_decorator.py
[2024-11-02T15:07:03.255+0000] {processor.py:914} INFO - Processing file /home/airflow/.local/lib/python3.12/site-packages/airflow/example_dags/example_bash_decorator.py for tasks to queue
[2024-11-02T15:07:03.406+0000] {logging_mixin.py:190} INFO - [2024-11-02T15:07:03.341+0000] {dagbag.py:588} INFO - Filling up the DagBag from /home/airflow/.local/lib/python3.12/site-packages/airflow/example_dags/example_bash_decorator.py
[2024-11-02T15:07:04.487+0000] {processor.py:925} INFO - DAG(s) 'example_bash_decorator' retrieved from /home/airflow/.local/lib/python3.12/site-packages/airflow/example_dags/example_bash_decorator.py
[2024-11-02T15:07:05.189+0000] {logging_mixin.py:190} INFO - [2024-11-02T15:07:05.187+0000] {dag.py:3239} INFO - Sync 1 DAGs
[2024-11-02T15:07:06.315+0000] {logging_mixin.py:190} INFO - [2024-11-02T15:07:06.313+0000] {dag.py:4180} INFO - Setting next_dagrun for example_bash_decorator to None, run_after=None
[2024-11-02T15:07:07.345+0000] {processor.py:208} INFO - Processing /home/airflow/.local/lib/python3.12/site-packages/airflow/example_dags/example_bash_decorator.py took 4.439 seconds
[2024-11-02T15:10:43.055+0000] {processor.py:186} INFO - Started process (PID=2930) to work on /home/airflow/.local/lib/python3.12/site-packages/airflow/example_dags/example_bash_decorator.py
[2024-11-02T15:10:43.063+0000] {processor.py:914} INFO - Processing file /home/airflow/.local/lib/python3.12/site-packages/airflow/example_dags/example_bash_decorator.py for tasks to queue
[2024-11-02T15:10:43.136+0000] {logging_mixin.py:190} INFO - [2024-11-02T15:10:43.134+0000] {dagbag.py:588} INFO - Filling up the DagBag from /home/airflow/.local/lib/python3.12/site-packages/airflow/example_dags/example_bash_decorator.py
[2024-11-02T15:10:43.868+0000] {processor.py:925} INFO - DAG(s) 'example_bash_decorator' retrieved from /home/airflow/.local/lib/python3.12/site-packages/airflow/example_dags/example_bash_decorator.py
[2024-11-02T15:10:44.596+0000] {logging_mixin.py:190} INFO - [2024-11-02T15:10:44.594+0000] {dag.py:3239} INFO - Sync 1 DAGs
[2024-11-02T15:10:46.744+0000] {logging_mixin.py:190} INFO - [2024-11-02T15:10:46.742+0000] {dag.py:4180} INFO - Setting next_dagrun for example_bash_decorator to None, run_after=None
[2024-11-02T15:10:48.675+0000] {processor.py:208} INFO - Processing /home/airflow/.local/lib/python3.12/site-packages/airflow/example_dags/example_bash_decorator.py took 5.859 seconds
[2024-11-02T15:14:35.964+0000] {processor.py:186} INFO - Started process (PID=3067) to work on /home/airflow/.local/lib/python3.12/site-packages/airflow/example_dags/example_bash_decorator.py
[2024-11-02T15:14:36.016+0000] {processor.py:914} INFO - Processing file /home/airflow/.local/lib/python3.12/site-packages/airflow/example_dags/example_bash_decorator.py for tasks to queue
[2024-11-02T15:14:36.103+0000] {logging_mixin.py:190} INFO - [2024-11-02T15:14:36.066+0000] {dagbag.py:588} INFO - Filling up the DagBag from /home/airflow/.local/lib/python3.12/site-packages/airflow/example_dags/example_bash_decorator.py
[2024-11-02T15:14:37.242+0000] {processor.py:925} INFO - DAG(s) 'example_bash_decorator' retrieved from /home/airflow/.local/lib/python3.12/site-packages/airflow/example_dags/example_bash_decorator.py
[2024-11-02T15:14:38.144+0000] {logging_mixin.py:190} INFO - [2024-11-02T15:14:38.123+0000] {dag.py:3239} INFO - Sync 1 DAGs
[2024-11-02T15:14:39.200+0000] {logging_mixin.py:190} INFO - [2024-11-02T15:14:39.199+0000] {dag.py:4180} INFO - Setting next_dagrun for example_bash_decorator to None, run_after=None
[2024-11-02T15:14:40.099+0000] {processor.py:208} INFO - Processing /home/airflow/.local/lib/python3.12/site-packages/airflow/example_dags/example_bash_decorator.py took 4.489 seconds
[2024-11-02T15:17:34.074+0000] {processor.py:186} INFO - Started process (PID=3142) to work on /home/airflow/.local/lib/python3.12/site-packages/airflow/example_dags/example_bash_decorator.py
[2024-11-02T15:17:34.127+0000] {processor.py:914} INFO - Processing file /home/airflow/.local/lib/python3.12/site-packages/airflow/example_dags/example_bash_decorator.py for tasks to queue
[2024-11-02T15:17:34.242+0000] {logging_mixin.py:190} INFO - [2024-11-02T15:17:34.240+0000] {dagbag.py:588} INFO - Filling up the DagBag from /home/airflow/.local/lib/python3.12/site-packages/airflow/example_dags/example_bash_decorator.py
[2024-11-02T15:17:36.285+0000] {processor.py:925} INFO - DAG(s) 'example_bash_decorator' retrieved from /home/airflow/.local/lib/python3.12/site-packages/airflow/example_dags/example_bash_decorator.py
[2024-11-02T15:17:39.062+0000] {logging_mixin.py:190} INFO - [2024-11-02T15:17:39.061+0000] {dag.py:3239} INFO - Sync 1 DAGs
[2024-11-02T15:17:41.069+0000] {logging_mixin.py:190} INFO - [2024-11-02T15:17:41.067+0000] {dag.py:4180} INFO - Setting next_dagrun for example_bash_decorator to None, run_after=None
[2024-11-02T15:17:41.808+0000] {processor.py:208} INFO - Processing /home/airflow/.local/lib/python3.12/site-packages/airflow/example_dags/example_bash_decorator.py took 7.996 seconds
[2024-11-02T15:20:25.395+0000] {processor.py:186} INFO - Started process (PID=3221) to work on /home/airflow/.local/lib/python3.12/site-packages/airflow/example_dags/example_bash_decorator.py
[2024-11-02T15:20:25.398+0000] {processor.py:914} INFO - Processing file /home/airflow/.local/lib/python3.12/site-packages/airflow/example_dags/example_bash_decorator.py for tasks to queue
[2024-11-02T15:20:25.410+0000] {logging_mixin.py:190} INFO - [2024-11-02T15:20:25.409+0000] {dagbag.py:588} INFO - Filling up the DagBag from /home/airflow/.local/lib/python3.12/site-packages/airflow/example_dags/example_bash_decorator.py
[2024-11-02T15:20:25.579+0000] {processor.py:925} INFO - DAG(s) 'example_bash_decorator' retrieved from /home/airflow/.local/lib/python3.12/site-packages/airflow/example_dags/example_bash_decorator.py
[2024-11-02T15:20:25.810+0000] {logging_mixin.py:190} INFO - [2024-11-02T15:20:25.810+0000] {dag.py:3239} INFO - Sync 1 DAGs
[2024-11-02T15:20:25.936+0000] {logging_mixin.py:190} INFO - [2024-11-02T15:20:25.935+0000] {dag.py:4180} INFO - Setting next_dagrun for example_bash_decorator to None, run_after=None
[2024-11-02T15:20:26.092+0000] {processor.py:208} INFO - Processing /home/airflow/.local/lib/python3.12/site-packages/airflow/example_dags/example_bash_decorator.py took 0.711 seconds
[2024-11-02T15:23:07.823+0000] {processor.py:186} INFO - Started process (PID=3325) to work on /home/airflow/.local/lib/python3.12/site-packages/airflow/example_dags/example_bash_decorator.py
[2024-11-02T15:23:07.871+0000] {processor.py:914} INFO - Processing file /home/airflow/.local/lib/python3.12/site-packages/airflow/example_dags/example_bash_decorator.py for tasks to queue
[2024-11-02T15:23:07.883+0000] {logging_mixin.py:190} INFO - [2024-11-02T15:23:07.882+0000] {dagbag.py:588} INFO - Filling up the DagBag from /home/airflow/.local/lib/python3.12/site-packages/airflow/example_dags/example_bash_decorator.py
[2024-11-02T15:23:08.070+0000] {processor.py:925} INFO - DAG(s) 'example_bash_decorator' retrieved from /home/airflow/.local/lib/python3.12/site-packages/airflow/example_dags/example_bash_decorator.py
[2024-11-02T15:23:08.882+0000] {logging_mixin.py:190} INFO - [2024-11-02T15:23:08.881+0000] {dag.py:3239} INFO - Sync 1 DAGs
[2024-11-02T15:23:09.037+0000] {logging_mixin.py:190} INFO - [2024-11-02T15:23:09.036+0000] {dag.py:4180} INFO - Setting next_dagrun for example_bash_decorator to None, run_after=None
[2024-11-02T15:23:09.122+0000] {processor.py:208} INFO - Processing /home/airflow/.local/lib/python3.12/site-packages/airflow/example_dags/example_bash_decorator.py took 1.357 seconds
[2024-11-02T15:26:38.835+0000] {processor.py:186} INFO - Started process (PID=3444) to work on /home/airflow/.local/lib/python3.12/site-packages/airflow/example_dags/example_bash_decorator.py
[2024-11-02T15:26:38.924+0000] {processor.py:914} INFO - Processing file /home/airflow/.local/lib/python3.12/site-packages/airflow/example_dags/example_bash_decorator.py for tasks to queue
[2024-11-02T15:26:38.998+0000] {logging_mixin.py:190} INFO - [2024-11-02T15:26:38.997+0000] {dagbag.py:588} INFO - Filling up the DagBag from /home/airflow/.local/lib/python3.12/site-packages/airflow/example_dags/example_bash_decorator.py
[2024-11-02T15:26:40.236+0000] {processor.py:925} INFO - DAG(s) 'example_bash_decorator' retrieved from /home/airflow/.local/lib/python3.12/site-packages/airflow/example_dags/example_bash_decorator.py
[2024-11-02T15:26:49.816+0000] {logging_mixin.py:190} INFO - [2024-11-02T15:26:49.814+0000] {dag.py:3239} INFO - Sync 1 DAGs
[2024-11-02T15:26:53.305+0000] {logging_mixin.py:190} INFO - [2024-11-02T15:26:53.279+0000] {dag.py:4180} INFO - Setting next_dagrun for example_bash_decorator to None, run_after=None
[2024-11-02T15:26:54.793+0000] {processor.py:208} INFO - Processing /home/airflow/.local/lib/python3.12/site-packages/airflow/example_dags/example_bash_decorator.py took 16.894 seconds
[2024-11-02T15:31:31.812+0000] {processor.py:186} INFO - Started process (PID=3533) to work on /home/airflow/.local/lib/python3.12/site-packages/airflow/example_dags/example_bash_decorator.py
[2024-11-02T15:31:31.828+0000] {processor.py:914} INFO - Processing file /home/airflow/.local/lib/python3.12/site-packages/airflow/example_dags/example_bash_decorator.py for tasks to queue
[2024-11-02T15:31:31.851+0000] {logging_mixin.py:190} INFO - [2024-11-02T15:31:31.849+0000] {dagbag.py:588} INFO - Filling up the DagBag from /home/airflow/.local/lib/python3.12/site-packages/airflow/example_dags/example_bash_decorator.py
[2024-11-02T15:31:32.262+0000] {processor.py:925} INFO - DAG(s) 'example_bash_decorator' retrieved from /home/airflow/.local/lib/python3.12/site-packages/airflow/example_dags/example_bash_decorator.py
[2024-11-02T15:31:32.534+0000] {logging_mixin.py:190} INFO - [2024-11-02T15:31:32.533+0000] {dag.py:3239} INFO - Sync 1 DAGs
[2024-11-02T15:31:32.783+0000] {logging_mixin.py:190} INFO - [2024-11-02T15:31:32.782+0000] {dag.py:4180} INFO - Setting next_dagrun for example_bash_decorator to None, run_after=None
[2024-11-02T15:31:33.020+0000] {processor.py:208} INFO - Processing /home/airflow/.local/lib/python3.12/site-packages/airflow/example_dags/example_bash_decorator.py took 1.329 seconds
[2024-11-02T15:33:26.732+0000] {processor.py:186} INFO - Started process (PID=3608) to work on /home/airflow/.local/lib/python3.12/site-packages/airflow/example_dags/example_bash_decorator.py
[2024-11-02T15:33:26.749+0000] {processor.py:914} INFO - Processing file /home/airflow/.local/lib/python3.12/site-packages/airflow/example_dags/example_bash_decorator.py for tasks to queue
[2024-11-02T15:33:26.779+0000] {logging_mixin.py:190} INFO - [2024-11-02T15:33:26.771+0000] {dagbag.py:588} INFO - Filling up the DagBag from /home/airflow/.local/lib/python3.12/site-packages/airflow/example_dags/example_bash_decorator.py
[2024-11-02T15:33:28.703+0000] {processor.py:925} INFO - DAG(s) 'example_bash_decorator' retrieved from /home/airflow/.local/lib/python3.12/site-packages/airflow/example_dags/example_bash_decorator.py
[2024-11-02T15:33:29.791+0000] {logging_mixin.py:190} INFO - [2024-11-02T15:33:29.790+0000] {dag.py:3239} INFO - Sync 1 DAGs
[2024-11-02T15:33:30.089+0000] {logging_mixin.py:190} INFO - [2024-11-02T15:33:30.078+0000] {dag.py:4180} INFO - Setting next_dagrun for example_bash_decorator to None, run_after=None
[2024-11-02T15:33:30.319+0000] {processor.py:208} INFO - Processing /home/airflow/.local/lib/python3.12/site-packages/airflow/example_dags/example_bash_decorator.py took 3.669 seconds
[2024-11-02T15:44:50.252+0000] {processor.py:186} INFO - Started process (PID=3825) to work on /home/airflow/.local/lib/python3.12/site-packages/airflow/example_dags/example_bash_decorator.py
[2024-11-02T15:44:50.279+0000] {processor.py:914} INFO - Processing file /home/airflow/.local/lib/python3.12/site-packages/airflow/example_dags/example_bash_decorator.py for tasks to queue
[2024-11-02T15:44:50.315+0000] {logging_mixin.py:190} INFO - [2024-11-02T15:44:50.307+0000] {dagbag.py:588} INFO - Filling up the DagBag from /home/airflow/.local/lib/python3.12/site-packages/airflow/example_dags/example_bash_decorator.py
[2024-11-02T15:44:51.677+0000] {processor.py:925} INFO - DAG(s) 'example_bash_decorator' retrieved from /home/airflow/.local/lib/python3.12/site-packages/airflow/example_dags/example_bash_decorator.py
[2024-11-02T15:44:54.303+0000] {logging_mixin.py:190} INFO - [2024-11-02T15:44:54.301+0000] {dag.py:3239} INFO - Sync 1 DAGs
[2024-11-02T15:44:55.500+0000] {logging_mixin.py:190} INFO - [2024-11-02T15:44:55.499+0000] {dag.py:4180} INFO - Setting next_dagrun for example_bash_decorator to None, run_after=None
[2024-11-02T15:44:55.947+0000] {processor.py:208} INFO - Processing /home/airflow/.local/lib/python3.12/site-packages/airflow/example_dags/example_bash_decorator.py took 5.782 seconds
[2024-11-02T15:49:43.259+0000] {processor.py:186} INFO - Started process (PID=3932) to work on /home/airflow/.local/lib/python3.12/site-packages/airflow/example_dags/example_bash_decorator.py
[2024-11-02T15:49:43.280+0000] {processor.py:914} INFO - Processing file /home/airflow/.local/lib/python3.12/site-packages/airflow/example_dags/example_bash_decorator.py for tasks to queue
[2024-11-02T15:49:43.332+0000] {logging_mixin.py:190} INFO - [2024-11-02T15:49:43.311+0000] {dagbag.py:588} INFO - Filling up the DagBag from /home/airflow/.local/lib/python3.12/site-packages/airflow/example_dags/example_bash_decorator.py
[2024-11-02T15:49:44.583+0000] {processor.py:925} INFO - DAG(s) 'example_bash_decorator' retrieved from /home/airflow/.local/lib/python3.12/site-packages/airflow/example_dags/example_bash_decorator.py
[2024-11-02T15:49:46.255+0000] {logging_mixin.py:190} INFO - [2024-11-02T15:49:46.254+0000] {dag.py:3239} INFO - Sync 1 DAGs
[2024-11-02T15:49:46.686+0000] {logging_mixin.py:190} INFO - [2024-11-02T15:49:46.684+0000] {dag.py:4180} INFO - Setting next_dagrun for example_bash_decorator to None, run_after=None
[2024-11-02T15:49:47.182+0000] {processor.py:208} INFO - Processing /home/airflow/.local/lib/python3.12/site-packages/airflow/example_dags/example_bash_decorator.py took 4.098 seconds
[2024-11-02T15:53:13.010+0000] {processor.py:186} INFO - Started process (PID=4024) to work on /home/airflow/.local/lib/python3.12/site-packages/airflow/example_dags/example_bash_decorator.py
[2024-11-02T15:53:13.140+0000] {processor.py:914} INFO - Processing file /home/airflow/.local/lib/python3.12/site-packages/airflow/example_dags/example_bash_decorator.py for tasks to queue
[2024-11-02T15:53:13.167+0000] {logging_mixin.py:190} INFO - [2024-11-02T15:53:13.166+0000] {dagbag.py:588} INFO - Filling up the DagBag from /home/airflow/.local/lib/python3.12/site-packages/airflow/example_dags/example_bash_decorator.py
[2024-11-02T15:53:13.771+0000] {processor.py:925} INFO - DAG(s) 'example_bash_decorator' retrieved from /home/airflow/.local/lib/python3.12/site-packages/airflow/example_dags/example_bash_decorator.py
[2024-11-02T15:53:14.782+0000] {logging_mixin.py:190} INFO - [2024-11-02T15:53:14.780+0000] {dag.py:3239} INFO - Sync 1 DAGs
[2024-11-02T15:53:15.487+0000] {logging_mixin.py:190} INFO - [2024-11-02T15:53:15.456+0000] {dag.py:4180} INFO - Setting next_dagrun for example_bash_decorator to None, run_after=None
[2024-11-02T15:53:17.141+0000] {processor.py:208} INFO - Processing /home/airflow/.local/lib/python3.12/site-packages/airflow/example_dags/example_bash_decorator.py took 4.712 seconds
[2024-11-02T16:03:28.788+0000] {processor.py:186} INFO - Started process (PID=4177) to work on /home/airflow/.local/lib/python3.12/site-packages/airflow/example_dags/example_bash_decorator.py
[2024-11-02T16:03:28.800+0000] {processor.py:914} INFO - Processing file /home/airflow/.local/lib/python3.12/site-packages/airflow/example_dags/example_bash_decorator.py for tasks to queue
[2024-11-02T16:03:28.842+0000] {logging_mixin.py:190} INFO - [2024-11-02T16:03:28.838+0000] {dagbag.py:588} INFO - Filling up the DagBag from /home/airflow/.local/lib/python3.12/site-packages/airflow/example_dags/example_bash_decorator.py
[2024-11-02T16:03:30.031+0000] {processor.py:925} INFO - DAG(s) 'example_bash_decorator' retrieved from /home/airflow/.local/lib/python3.12/site-packages/airflow/example_dags/example_bash_decorator.py
[2024-11-02T16:03:30.946+0000] {logging_mixin.py:190} INFO - [2024-11-02T16:03:30.922+0000] {dag.py:3239} INFO - Sync 1 DAGs
[2024-11-02T16:03:31.219+0000] {logging_mixin.py:190} INFO - [2024-11-02T16:03:31.218+0000] {dag.py:4180} INFO - Setting next_dagrun for example_bash_decorator to None, run_after=None
[2024-11-02T16:03:31.659+0000] {processor.py:208} INFO - Processing /home/airflow/.local/lib/python3.12/site-packages/airflow/example_dags/example_bash_decorator.py took 2.951 seconds
[2024-11-02T16:07:07.114+0000] {processor.py:186} INFO - Started process (PID=4261) to work on /home/airflow/.local/lib/python3.12/site-packages/airflow/example_dags/example_bash_decorator.py
[2024-11-02T16:07:07.120+0000] {processor.py:914} INFO - Processing file /home/airflow/.local/lib/python3.12/site-packages/airflow/example_dags/example_bash_decorator.py for tasks to queue
[2024-11-02T16:07:07.130+0000] {logging_mixin.py:190} INFO - [2024-11-02T16:07:07.128+0000] {dagbag.py:588} INFO - Filling up the DagBag from /home/airflow/.local/lib/python3.12/site-packages/airflow/example_dags/example_bash_decorator.py
[2024-11-02T16:07:16.224+0000] {processor.py:925} INFO - DAG(s) 'example_bash_decorator' retrieved from /home/airflow/.local/lib/python3.12/site-packages/airflow/example_dags/example_bash_decorator.py
[2024-11-02T16:07:20.337+0000] {logging_mixin.py:190} INFO - [2024-11-02T16:07:20.335+0000] {dag.py:3239} INFO - Sync 1 DAGs
[2024-11-02T16:07:20.878+0000] {logging_mixin.py:190} INFO - [2024-11-02T16:07:20.877+0000] {dag.py:4180} INFO - Setting next_dagrun for example_bash_decorator to None, run_after=None
[2024-11-02T16:07:22.842+0000] {processor.py:208} INFO - Processing /home/airflow/.local/lib/python3.12/site-packages/airflow/example_dags/example_bash_decorator.py took 16.107 seconds
