[2024-11-02T13:14:07.533+0000] {processor.py:186} INFO - Started process (PID=176) to work on /home/airflow/.local/lib/python3.12/site-packages/airflow/example_dags/example_branch_operator.py
[2024-11-02T13:14:07.536+0000] {processor.py:914} INFO - Processing file /home/airflow/.local/lib/python3.12/site-packages/airflow/example_dags/example_branch_operator.py for tasks to queue
[2024-11-02T13:14:07.571+0000] {logging_mixin.py:190} INFO - [2024-11-02T13:14:07.570+0000] {dagbag.py:588} INFO - Filling up the DagBag from /home/airflow/.local/lib/python3.12/site-packages/airflow/example_dags/example_branch_operator.py
[2024-11-02T13:14:07.866+0000] {processor.py:925} INFO - DAG(s) 'example_branch_operator' retrieved from /home/airflow/.local/lib/python3.12/site-packages/airflow/example_dags/example_branch_operator.py
[2024-11-02T13:14:09.870+0000] {logging_mixin.py:190} INFO - [2024-11-02T13:14:09.870+0000] {dag.py:3239} INFO - Sync 1 DAGs
[2024-11-02T13:14:10.334+0000] {logging_mixin.py:190} INFO - [2024-11-02T13:14:10.334+0000] {dag.py:4180} INFO - Setting next_dagrun for example_branch_operator to 2024-11-01 00:00:00+00:00, run_after=2024-11-02 00:00:00+00:00
[2024-11-02T13:14:10.628+0000] {processor.py:208} INFO - Processing /home/airflow/.local/lib/python3.12/site-packages/airflow/example_dags/example_branch_operator.py took 3.206 seconds
[2024-11-02T13:17:36.406+0000] {processor.py:186} INFO - Started process (PID=268) to work on /home/airflow/.local/lib/python3.12/site-packages/airflow/example_dags/example_branch_operator.py
[2024-11-02T13:17:36.485+0000] {processor.py:914} INFO - Processing file /home/airflow/.local/lib/python3.12/site-packages/airflow/example_dags/example_branch_operator.py for tasks to queue
[2024-11-02T13:17:36.529+0000] {logging_mixin.py:190} INFO - [2024-11-02T13:17:36.528+0000] {dagbag.py:588} INFO - Filling up the DagBag from /home/airflow/.local/lib/python3.12/site-packages/airflow/example_dags/example_branch_operator.py
[2024-11-02T13:17:39.348+0000] {processor.py:925} INFO - DAG(s) 'example_branch_operator' retrieved from /home/airflow/.local/lib/python3.12/site-packages/airflow/example_dags/example_branch_operator.py
[2024-11-02T13:17:42.879+0000] {logging_mixin.py:190} INFO - [2024-11-02T13:17:42.877+0000] {dag.py:3239} INFO - Sync 1 DAGs
[2024-11-02T13:17:49.056+0000] {logging_mixin.py:190} INFO - [2024-11-02T13:17:49.045+0000] {dag.py:4180} INFO - Setting next_dagrun for example_branch_operator to 2024-11-01 00:00:00+00:00, run_after=2024-11-02 00:00:00+00:00
[2024-11-02T13:17:52.769+0000] {processor.py:208} INFO - Processing /home/airflow/.local/lib/python3.12/site-packages/airflow/example_dags/example_branch_operator.py took 16.611 seconds
[2024-11-02T13:21:35.583+0000] {processor.py:186} INFO - Started process (PID=409) to work on /home/airflow/.local/lib/python3.12/site-packages/airflow/example_dags/example_branch_operator.py
[2024-11-02T13:21:35.597+0000] {processor.py:914} INFO - Processing file /home/airflow/.local/lib/python3.12/site-packages/airflow/example_dags/example_branch_operator.py for tasks to queue
[2024-11-02T13:21:35.621+0000] {logging_mixin.py:190} INFO - [2024-11-02T13:21:35.620+0000] {dagbag.py:588} INFO - Filling up the DagBag from /home/airflow/.local/lib/python3.12/site-packages/airflow/example_dags/example_branch_operator.py
[2024-11-02T13:21:37.452+0000] {processor.py:925} INFO - DAG(s) 'example_branch_operator' retrieved from /home/airflow/.local/lib/python3.12/site-packages/airflow/example_dags/example_branch_operator.py
[2024-11-02T13:21:39.319+0000] {logging_mixin.py:190} INFO - [2024-11-02T13:21:39.318+0000] {dag.py:3239} INFO - Sync 1 DAGs
[2024-11-02T13:21:39.889+0000] {logging_mixin.py:190} INFO - [2024-11-02T13:21:39.888+0000] {dag.py:4180} INFO - Setting next_dagrun for example_branch_operator to 2024-11-01 00:00:00+00:00, run_after=2024-11-02 00:00:00+00:00
[2024-11-02T13:21:40.241+0000] {processor.py:208} INFO - Processing /home/airflow/.local/lib/python3.12/site-packages/airflow/example_dags/example_branch_operator.py took 4.925 seconds
[2024-11-02T13:24:19.551+0000] {processor.py:186} INFO - Started process (PID=518) to work on /home/airflow/.local/lib/python3.12/site-packages/airflow/example_dags/example_branch_operator.py
[2024-11-02T13:24:19.642+0000] {processor.py:914} INFO - Processing file /home/airflow/.local/lib/python3.12/site-packages/airflow/example_dags/example_branch_operator.py for tasks to queue
[2024-11-02T13:24:19.648+0000] {logging_mixin.py:190} INFO - [2024-11-02T13:24:19.647+0000] {dagbag.py:588} INFO - Filling up the DagBag from /home/airflow/.local/lib/python3.12/site-packages/airflow/example_dags/example_branch_operator.py
[2024-11-02T13:24:20.125+0000] {processor.py:925} INFO - DAG(s) 'example_branch_operator' retrieved from /home/airflow/.local/lib/python3.12/site-packages/airflow/example_dags/example_branch_operator.py
[2024-11-02T13:24:20.544+0000] {logging_mixin.py:190} INFO - [2024-11-02T13:24:20.543+0000] {dag.py:3239} INFO - Sync 1 DAGs
[2024-11-02T13:24:21.302+0000] {logging_mixin.py:190} INFO - [2024-11-02T13:24:21.301+0000] {dag.py:4180} INFO - Setting next_dagrun for example_branch_operator to 2024-11-01 00:00:00+00:00, run_after=2024-11-02 00:00:00+00:00
[2024-11-02T13:24:22.237+0000] {processor.py:208} INFO - Processing /home/airflow/.local/lib/python3.12/site-packages/airflow/example_dags/example_branch_operator.py took 2.880 seconds
[2024-11-02T13:33:43.544+0000] {processor.py:186} INFO - Started process (PID=689) to work on /home/airflow/.local/lib/python3.12/site-packages/airflow/example_dags/example_branch_operator.py
[2024-11-02T13:33:43.559+0000] {processor.py:914} INFO - Processing file /home/airflow/.local/lib/python3.12/site-packages/airflow/example_dags/example_branch_operator.py for tasks to queue
[2024-11-02T13:33:43.639+0000] {logging_mixin.py:190} INFO - [2024-11-02T13:33:43.638+0000] {dagbag.py:588} INFO - Filling up the DagBag from /home/airflow/.local/lib/python3.12/site-packages/airflow/example_dags/example_branch_operator.py
[2024-11-02T13:33:44.359+0000] {processor.py:925} INFO - DAG(s) 'example_branch_operator' retrieved from /home/airflow/.local/lib/python3.12/site-packages/airflow/example_dags/example_branch_operator.py
[2024-11-02T13:33:45.558+0000] {logging_mixin.py:190} INFO - [2024-11-02T13:33:45.558+0000] {dag.py:3239} INFO - Sync 1 DAGs
[2024-11-02T13:33:46.531+0000] {logging_mixin.py:190} INFO - [2024-11-02T13:33:46.530+0000] {dag.py:4180} INFO - Setting next_dagrun for example_branch_operator to 2024-11-01 00:00:00+00:00, run_after=2024-11-02 00:00:00+00:00
[2024-11-02T13:33:47.047+0000] {processor.py:208} INFO - Processing /home/airflow/.local/lib/python3.12/site-packages/airflow/example_dags/example_branch_operator.py took 3.723 seconds
[2024-11-02T13:40:20.805+0000] {processor.py:186} INFO - Started process (PID=847) to work on /home/airflow/.local/lib/python3.12/site-packages/airflow/example_dags/example_branch_operator.py
[2024-11-02T13:40:20.849+0000] {processor.py:914} INFO - Processing file /home/airflow/.local/lib/python3.12/site-packages/airflow/example_dags/example_branch_operator.py for tasks to queue
[2024-11-02T13:40:20.851+0000] {logging_mixin.py:190} INFO - [2024-11-02T13:40:20.851+0000] {dagbag.py:588} INFO - Filling up the DagBag from /home/airflow/.local/lib/python3.12/site-packages/airflow/example_dags/example_branch_operator.py
[2024-11-02T13:40:20.959+0000] {processor.py:925} INFO - DAG(s) 'example_branch_operator' retrieved from /home/airflow/.local/lib/python3.12/site-packages/airflow/example_dags/example_branch_operator.py
[2024-11-02T13:40:21.065+0000] {logging_mixin.py:190} INFO - [2024-11-02T13:40:21.064+0000] {dag.py:3239} INFO - Sync 1 DAGs
[2024-11-02T13:40:21.165+0000] {logging_mixin.py:190} INFO - [2024-11-02T13:40:21.164+0000] {dag.py:4180} INFO - Setting next_dagrun for example_branch_operator to 2024-11-01 00:00:00+00:00, run_after=2024-11-02 00:00:00+00:00
[2024-11-02T13:40:21.240+0000] {processor.py:208} INFO - Processing /home/airflow/.local/lib/python3.12/site-packages/airflow/example_dags/example_branch_operator.py took 0.445 seconds
[2024-11-02T13:42:21.051+0000] {processor.py:186} INFO - Started process (PID=935) to work on /home/airflow/.local/lib/python3.12/site-packages/airflow/example_dags/example_branch_operator.py
[2024-11-02T13:42:21.066+0000] {processor.py:914} INFO - Processing file /home/airflow/.local/lib/python3.12/site-packages/airflow/example_dags/example_branch_operator.py for tasks to queue
[2024-11-02T13:42:21.107+0000] {logging_mixin.py:190} INFO - [2024-11-02T13:42:21.089+0000] {dagbag.py:588} INFO - Filling up the DagBag from /home/airflow/.local/lib/python3.12/site-packages/airflow/example_dags/example_branch_operator.py
[2024-11-02T13:42:21.622+0000] {processor.py:925} INFO - DAG(s) 'example_branch_operator' retrieved from /home/airflow/.local/lib/python3.12/site-packages/airflow/example_dags/example_branch_operator.py
[2024-11-02T13:42:23.120+0000] {logging_mixin.py:190} INFO - [2024-11-02T13:42:23.119+0000] {dag.py:3239} INFO - Sync 1 DAGs
[2024-11-02T13:42:23.763+0000] {logging_mixin.py:190} INFO - [2024-11-02T13:42:23.762+0000] {dag.py:4180} INFO - Setting next_dagrun for example_branch_operator to 2024-11-01 00:00:00+00:00, run_after=2024-11-02 00:00:00+00:00
[2024-11-02T13:42:23.965+0000] {processor.py:208} INFO - Processing /home/airflow/.local/lib/python3.12/site-packages/airflow/example_dags/example_branch_operator.py took 3.164 seconds
[2024-11-02T13:44:56.841+0000] {processor.py:186} INFO - Started process (PID=1047) to work on /home/airflow/.local/lib/python3.12/site-packages/airflow/example_dags/example_branch_operator.py
[2024-11-02T13:44:56.904+0000] {processor.py:914} INFO - Processing file /home/airflow/.local/lib/python3.12/site-packages/airflow/example_dags/example_branch_operator.py for tasks to queue
[2024-11-02T13:44:56.917+0000] {logging_mixin.py:190} INFO - [2024-11-02T13:44:56.915+0000] {dagbag.py:588} INFO - Filling up the DagBag from /home/airflow/.local/lib/python3.12/site-packages/airflow/example_dags/example_branch_operator.py
[2024-11-02T13:44:57.136+0000] {processor.py:925} INFO - DAG(s) 'example_branch_operator' retrieved from /home/airflow/.local/lib/python3.12/site-packages/airflow/example_dags/example_branch_operator.py
[2024-11-02T13:44:57.788+0000] {logging_mixin.py:190} INFO - [2024-11-02T13:44:57.787+0000] {dag.py:3239} INFO - Sync 1 DAGs
[2024-11-02T13:44:58.077+0000] {logging_mixin.py:190} INFO - [2024-11-02T13:44:58.077+0000] {dag.py:4180} INFO - Setting next_dagrun for example_branch_operator to 2024-11-01 00:00:00+00:00, run_after=2024-11-02 00:00:00+00:00
[2024-11-02T13:44:58.286+0000] {processor.py:208} INFO - Processing /home/airflow/.local/lib/python3.12/site-packages/airflow/example_dags/example_branch_operator.py took 1.489 seconds
[2024-11-02T13:49:44.816+0000] {processor.py:186} INFO - Started process (PID=1171) to work on /home/airflow/.local/lib/python3.12/site-packages/airflow/example_dags/example_branch_operator.py
[2024-11-02T13:49:44.825+0000] {processor.py:914} INFO - Processing file /home/airflow/.local/lib/python3.12/site-packages/airflow/example_dags/example_branch_operator.py for tasks to queue
[2024-11-02T13:49:44.886+0000] {logging_mixin.py:190} INFO - [2024-11-02T13:49:44.885+0000] {dagbag.py:588} INFO - Filling up the DagBag from /home/airflow/.local/lib/python3.12/site-packages/airflow/example_dags/example_branch_operator.py
[2024-11-02T13:49:45.235+0000] {processor.py:925} INFO - DAG(s) 'example_branch_operator' retrieved from /home/airflow/.local/lib/python3.12/site-packages/airflow/example_dags/example_branch_operator.py
[2024-11-02T13:49:45.566+0000] {logging_mixin.py:190} INFO - [2024-11-02T13:49:45.565+0000] {dag.py:3239} INFO - Sync 1 DAGs
[2024-11-02T13:49:46.112+0000] {logging_mixin.py:190} INFO - [2024-11-02T13:49:46.073+0000] {dag.py:4180} INFO - Setting next_dagrun for example_branch_operator to 2024-11-01 00:00:00+00:00, run_after=2024-11-02 00:00:00+00:00
[2024-11-02T13:49:46.336+0000] {processor.py:208} INFO - Processing /home/airflow/.local/lib/python3.12/site-packages/airflow/example_dags/example_branch_operator.py took 1.656 seconds
[2024-11-02T13:52:03.375+0000] {processor.py:186} INFO - Started process (PID=1268) to work on /home/airflow/.local/lib/python3.12/site-packages/airflow/example_dags/example_branch_operator.py
[2024-11-02T13:52:03.464+0000] {processor.py:914} INFO - Processing file /home/airflow/.local/lib/python3.12/site-packages/airflow/example_dags/example_branch_operator.py for tasks to queue
[2024-11-02T13:52:03.648+0000] {logging_mixin.py:190} INFO - [2024-11-02T13:52:03.483+0000] {dagbag.py:588} INFO - Filling up the DagBag from /home/airflow/.local/lib/python3.12/site-packages/airflow/example_dags/example_branch_operator.py
[2024-11-02T13:52:07.564+0000] {processor.py:925} INFO - DAG(s) 'example_branch_operator' retrieved from /home/airflow/.local/lib/python3.12/site-packages/airflow/example_dags/example_branch_operator.py
[2024-11-02T13:52:12.662+0000] {logging_mixin.py:190} INFO - [2024-11-02T13:52:12.660+0000] {dag.py:3239} INFO - Sync 1 DAGs
[2024-11-02T13:52:13.632+0000] {logging_mixin.py:190} INFO - [2024-11-02T13:52:13.631+0000] {dag.py:4180} INFO - Setting next_dagrun for example_branch_operator to 2024-11-01 00:00:00+00:00, run_after=2024-11-02 00:00:00+00:00
[2024-11-02T13:52:14.032+0000] {processor.py:208} INFO - Processing /home/airflow/.local/lib/python3.12/site-packages/airflow/example_dags/example_branch_operator.py took 10.883 seconds
[2024-11-02T13:54:32.360+0000] {processor.py:186} INFO - Started process (PID=1344) to work on /home/airflow/.local/lib/python3.12/site-packages/airflow/example_dags/example_branch_operator.py
[2024-11-02T13:54:32.395+0000] {processor.py:914} INFO - Processing file /home/airflow/.local/lib/python3.12/site-packages/airflow/example_dags/example_branch_operator.py for tasks to queue
[2024-11-02T13:54:32.412+0000] {logging_mixin.py:190} INFO - [2024-11-02T13:54:32.410+0000] {dagbag.py:588} INFO - Filling up the DagBag from /home/airflow/.local/lib/python3.12/site-packages/airflow/example_dags/example_branch_operator.py
[2024-11-02T13:54:33.170+0000] {processor.py:925} INFO - DAG(s) 'example_branch_operator' retrieved from /home/airflow/.local/lib/python3.12/site-packages/airflow/example_dags/example_branch_operator.py
[2024-11-02T13:54:33.816+0000] {logging_mixin.py:190} INFO - [2024-11-02T13:54:33.815+0000] {dag.py:3239} INFO - Sync 1 DAGs
[2024-11-02T13:54:34.322+0000] {logging_mixin.py:190} INFO - [2024-11-02T13:54:34.321+0000] {dag.py:4180} INFO - Setting next_dagrun for example_branch_operator to 2024-11-01 00:00:00+00:00, run_after=2024-11-02 00:00:00+00:00
[2024-11-02T13:54:34.826+0000] {processor.py:208} INFO - Processing /home/airflow/.local/lib/python3.12/site-packages/airflow/example_dags/example_branch_operator.py took 2.645 seconds
[2024-11-02T13:56:38.980+0000] {processor.py:186} INFO - Started process (PID=1436) to work on /home/airflow/.local/lib/python3.12/site-packages/airflow/example_dags/example_branch_operator.py
[2024-11-02T13:56:39.001+0000] {processor.py:914} INFO - Processing file /home/airflow/.local/lib/python3.12/site-packages/airflow/example_dags/example_branch_operator.py for tasks to queue
[2024-11-02T13:56:39.040+0000] {logging_mixin.py:190} INFO - [2024-11-02T13:56:39.039+0000] {dagbag.py:588} INFO - Filling up the DagBag from /home/airflow/.local/lib/python3.12/site-packages/airflow/example_dags/example_branch_operator.py
[2024-11-02T13:56:39.483+0000] {processor.py:925} INFO - DAG(s) 'example_branch_operator' retrieved from /home/airflow/.local/lib/python3.12/site-packages/airflow/example_dags/example_branch_operator.py
[2024-11-02T13:56:40.358+0000] {logging_mixin.py:190} INFO - [2024-11-02T13:56:40.357+0000] {dag.py:3239} INFO - Sync 1 DAGs
[2024-11-02T13:56:40.816+0000] {logging_mixin.py:190} INFO - [2024-11-02T13:56:40.815+0000] {dag.py:4180} INFO - Setting next_dagrun for example_branch_operator to 2024-11-01 00:00:00+00:00, run_after=2024-11-02 00:00:00+00:00
[2024-11-02T13:56:41.511+0000] {processor.py:208} INFO - Processing /home/airflow/.local/lib/python3.12/site-packages/airflow/example_dags/example_branch_operator.py took 2.652 seconds
[2024-11-02T14:00:04.072+0000] {processor.py:186} INFO - Started process (PID=1560) to work on /home/airflow/.local/lib/python3.12/site-packages/airflow/example_dags/example_branch_operator.py
[2024-11-02T14:00:04.087+0000] {processor.py:914} INFO - Processing file /home/airflow/.local/lib/python3.12/site-packages/airflow/example_dags/example_branch_operator.py for tasks to queue
[2024-11-02T14:00:04.111+0000] {logging_mixin.py:190} INFO - [2024-11-02T14:00:04.108+0000] {dagbag.py:588} INFO - Filling up the DagBag from /home/airflow/.local/lib/python3.12/site-packages/airflow/example_dags/example_branch_operator.py
[2024-11-02T14:00:05.406+0000] {processor.py:925} INFO - DAG(s) 'example_branch_operator' retrieved from /home/airflow/.local/lib/python3.12/site-packages/airflow/example_dags/example_branch_operator.py
[2024-11-02T14:00:07.212+0000] {logging_mixin.py:190} INFO - [2024-11-02T14:00:07.209+0000] {dag.py:3239} INFO - Sync 1 DAGs
[2024-11-02T14:00:08.922+0000] {logging_mixin.py:190} INFO - [2024-11-02T14:00:08.921+0000] {dag.py:4180} INFO - Setting next_dagrun for example_branch_operator to 2024-11-01 00:00:00+00:00, run_after=2024-11-02 00:00:00+00:00
[2024-11-02T14:00:09.639+0000] {processor.py:208} INFO - Processing /home/airflow/.local/lib/python3.12/site-packages/airflow/example_dags/example_branch_operator.py took 5.975 seconds
[2024-11-02T14:02:47.277+0000] {processor.py:186} INFO - Started process (PID=1675) to work on /home/airflow/.local/lib/python3.12/site-packages/airflow/example_dags/example_branch_operator.py
[2024-11-02T14:02:47.282+0000] {processor.py:914} INFO - Processing file /home/airflow/.local/lib/python3.12/site-packages/airflow/example_dags/example_branch_operator.py for tasks to queue
[2024-11-02T14:02:47.300+0000] {logging_mixin.py:190} INFO - [2024-11-02T14:02:47.297+0000] {dagbag.py:588} INFO - Filling up the DagBag from /home/airflow/.local/lib/python3.12/site-packages/airflow/example_dags/example_branch_operator.py
[2024-11-02T14:02:47.742+0000] {processor.py:925} INFO - DAG(s) 'example_branch_operator' retrieved from /home/airflow/.local/lib/python3.12/site-packages/airflow/example_dags/example_branch_operator.py
[2024-11-02T14:02:48.719+0000] {logging_mixin.py:190} INFO - [2024-11-02T14:02:48.712+0000] {dag.py:3239} INFO - Sync 1 DAGs
[2024-11-02T14:02:49.539+0000] {logging_mixin.py:190} INFO - [2024-11-02T14:02:49.527+0000] {dag.py:4180} INFO - Setting next_dagrun for example_branch_operator to 2024-11-01 00:00:00+00:00, run_after=2024-11-02 00:00:00+00:00
[2024-11-02T14:02:50.110+0000] {processor.py:208} INFO - Processing /home/airflow/.local/lib/python3.12/site-packages/airflow/example_dags/example_branch_operator.py took 3.069 seconds
[2024-11-02T14:09:35.756+0000] {processor.py:186} INFO - Started process (PID=1787) to work on /home/airflow/.local/lib/python3.12/site-packages/airflow/example_dags/example_branch_operator.py
[2024-11-02T14:09:35.780+0000] {processor.py:914} INFO - Processing file /home/airflow/.local/lib/python3.12/site-packages/airflow/example_dags/example_branch_operator.py for tasks to queue
[2024-11-02T14:09:35.808+0000] {logging_mixin.py:190} INFO - [2024-11-02T14:09:35.807+0000] {dagbag.py:588} INFO - Filling up the DagBag from /home/airflow/.local/lib/python3.12/site-packages/airflow/example_dags/example_branch_operator.py
[2024-11-02T14:09:38.061+0000] {processor.py:925} INFO - DAG(s) 'example_branch_operator' retrieved from /home/airflow/.local/lib/python3.12/site-packages/airflow/example_dags/example_branch_operator.py
[2024-11-02T14:09:40.675+0000] {logging_mixin.py:190} INFO - [2024-11-02T14:09:40.604+0000] {dag.py:3239} INFO - Sync 1 DAGs
[2024-11-02T14:09:43.244+0000] {logging_mixin.py:190} INFO - [2024-11-02T14:09:43.242+0000] {dag.py:4180} INFO - Setting next_dagrun for example_branch_operator to 2024-11-01 00:00:00+00:00, run_after=2024-11-02 00:00:00+00:00
[2024-11-02T14:09:51.453+0000] {processor.py:208} INFO - Processing /home/airflow/.local/lib/python3.12/site-packages/airflow/example_dags/example_branch_operator.py took 15.900 seconds
[2024-11-02T14:17:39.800+0000] {processor.py:186} INFO - Started process (PID=1916) to work on /home/airflow/.local/lib/python3.12/site-packages/airflow/example_dags/example_branch_operator.py
[2024-11-02T14:17:39.806+0000] {processor.py:914} INFO - Processing file /home/airflow/.local/lib/python3.12/site-packages/airflow/example_dags/example_branch_operator.py for tasks to queue
[2024-11-02T14:17:39.824+0000] {logging_mixin.py:190} INFO - [2024-11-02T14:17:39.823+0000] {dagbag.py:588} INFO - Filling up the DagBag from /home/airflow/.local/lib/python3.12/site-packages/airflow/example_dags/example_branch_operator.py
[2024-11-02T14:17:41.182+0000] {processor.py:925} INFO - DAG(s) 'example_branch_operator' retrieved from /home/airflow/.local/lib/python3.12/site-packages/airflow/example_dags/example_branch_operator.py
[2024-11-02T14:17:43.178+0000] {logging_mixin.py:190} INFO - [2024-11-02T14:17:43.176+0000] {dag.py:3239} INFO - Sync 1 DAGs
[2024-11-02T14:17:44.479+0000] {logging_mixin.py:190} INFO - [2024-11-02T14:17:44.478+0000] {dag.py:4180} INFO - Setting next_dagrun for example_branch_operator to 2024-11-01 00:00:00+00:00, run_after=2024-11-02 00:00:00+00:00
[2024-11-02T14:17:45.557+0000] {processor.py:208} INFO - Processing /home/airflow/.local/lib/python3.12/site-packages/airflow/example_dags/example_branch_operator.py took 5.919 seconds
[2024-11-02T14:23:46.722+0000] {processor.py:186} INFO - Started process (PID=2026) to work on /home/airflow/.local/lib/python3.12/site-packages/airflow/example_dags/example_branch_operator.py
[2024-11-02T14:23:46.741+0000] {processor.py:914} INFO - Processing file /home/airflow/.local/lib/python3.12/site-packages/airflow/example_dags/example_branch_operator.py for tasks to queue
[2024-11-02T14:23:46.786+0000] {logging_mixin.py:190} INFO - [2024-11-02T14:23:46.769+0000] {dagbag.py:588} INFO - Filling up the DagBag from /home/airflow/.local/lib/python3.12/site-packages/airflow/example_dags/example_branch_operator.py
[2024-11-02T14:23:47.669+0000] {processor.py:925} INFO - DAG(s) 'example_branch_operator' retrieved from /home/airflow/.local/lib/python3.12/site-packages/airflow/example_dags/example_branch_operator.py
[2024-11-02T14:23:48.269+0000] {logging_mixin.py:190} INFO - [2024-11-02T14:23:48.269+0000] {dag.py:3239} INFO - Sync 1 DAGs
[2024-11-02T14:23:49.657+0000] {logging_mixin.py:190} INFO - [2024-11-02T14:23:49.629+0000] {dag.py:4180} INFO - Setting next_dagrun for example_branch_operator to 2024-11-01 00:00:00+00:00, run_after=2024-11-02 00:00:00+00:00
[2024-11-02T14:23:50.520+0000] {processor.py:208} INFO - Processing /home/airflow/.local/lib/python3.12/site-packages/airflow/example_dags/example_branch_operator.py took 4.314 seconds
[2024-11-02T14:33:34.908+0000] {processor.py:186} INFO - Started process (PID=2215) to work on /home/airflow/.local/lib/python3.12/site-packages/airflow/example_dags/example_branch_operator.py
[2024-11-02T14:33:34.923+0000] {processor.py:914} INFO - Processing file /home/airflow/.local/lib/python3.12/site-packages/airflow/example_dags/example_branch_operator.py for tasks to queue
[2024-11-02T14:33:34.935+0000] {logging_mixin.py:190} INFO - [2024-11-02T14:33:34.933+0000] {dagbag.py:588} INFO - Filling up the DagBag from /home/airflow/.local/lib/python3.12/site-packages/airflow/example_dags/example_branch_operator.py
[2024-11-02T14:33:35.272+0000] {processor.py:925} INFO - DAG(s) 'example_branch_operator' retrieved from /home/airflow/.local/lib/python3.12/site-packages/airflow/example_dags/example_branch_operator.py
[2024-11-02T14:33:36.176+0000] {logging_mixin.py:190} INFO - [2024-11-02T14:33:36.160+0000] {dag.py:3239} INFO - Sync 1 DAGs
[2024-11-02T14:33:36.610+0000] {logging_mixin.py:190} INFO - [2024-11-02T14:33:36.609+0000] {dag.py:4180} INFO - Setting next_dagrun for example_branch_operator to 2024-11-01 00:00:00+00:00, run_after=2024-11-02 00:00:00+00:00
[2024-11-02T14:33:36.954+0000] {processor.py:208} INFO - Processing /home/airflow/.local/lib/python3.12/site-packages/airflow/example_dags/example_branch_operator.py took 2.126 seconds
[2024-11-02T14:40:51.880+0000] {processor.py:186} INFO - Started process (PID=2333) to work on /home/airflow/.local/lib/python3.12/site-packages/airflow/example_dags/example_branch_operator.py
[2024-11-02T14:40:52.443+0000] {processor.py:914} INFO - Processing file /home/airflow/.local/lib/python3.12/site-packages/airflow/example_dags/example_branch_operator.py for tasks to queue
[2024-11-02T14:40:52.816+0000] {logging_mixin.py:190} INFO - [2024-11-02T14:40:52.814+0000] {dagbag.py:588} INFO - Filling up the DagBag from /home/airflow/.local/lib/python3.12/site-packages/airflow/example_dags/example_branch_operator.py
[2024-11-02T14:40:58.775+0000] {processor.py:925} INFO - DAG(s) 'example_branch_operator' retrieved from /home/airflow/.local/lib/python3.12/site-packages/airflow/example_dags/example_branch_operator.py
[2024-11-02T14:41:06.128+0000] {logging_mixin.py:190} INFO - [2024-11-02T14:41:06.127+0000] {dag.py:3239} INFO - Sync 1 DAGs
[2024-11-02T14:41:13.192+0000] {logging_mixin.py:190} INFO - [2024-11-02T14:41:13.190+0000] {dag.py:4180} INFO - Setting next_dagrun for example_branch_operator to 2024-11-01 00:00:00+00:00, run_after=2024-11-02 00:00:00+00:00
[2024-11-02T14:41:18.099+0000] {processor.py:208} INFO - Processing /home/airflow/.local/lib/python3.12/site-packages/airflow/example_dags/example_branch_operator.py took 28.234 seconds
[2024-11-02T14:48:06.980+0000] {processor.py:186} INFO - Started process (PID=2467) to work on /home/airflow/.local/lib/python3.12/site-packages/airflow/example_dags/example_branch_operator.py
[2024-11-02T14:48:07.021+0000] {processor.py:914} INFO - Processing file /home/airflow/.local/lib/python3.12/site-packages/airflow/example_dags/example_branch_operator.py for tasks to queue
[2024-11-02T14:48:07.479+0000] {logging_mixin.py:190} INFO - [2024-11-02T14:48:07.305+0000] {dagbag.py:588} INFO - Filling up the DagBag from /home/airflow/.local/lib/python3.12/site-packages/airflow/example_dags/example_branch_operator.py
[2024-11-02T14:48:19.622+0000] {processor.py:925} INFO - DAG(s) 'example_branch_operator' retrieved from /home/airflow/.local/lib/python3.12/site-packages/airflow/example_dags/example_branch_operator.py
[2024-11-02T14:48:50.777+0000] {logging_mixin.py:190} INFO - [2024-11-02T14:48:50.555+0000] {dag.py:3239} INFO - Sync 1 DAGs
[2024-11-02T14:53:41.130+0000] {processor.py:186} INFO - Started process (PID=2573) to work on /home/airflow/.local/lib/python3.12/site-packages/airflow/example_dags/example_branch_operator.py
[2024-11-02T14:53:41.146+0000] {processor.py:914} INFO - Processing file /home/airflow/.local/lib/python3.12/site-packages/airflow/example_dags/example_branch_operator.py for tasks to queue
[2024-11-02T14:53:41.163+0000] {logging_mixin.py:190} INFO - [2024-11-02T14:53:41.153+0000] {dagbag.py:588} INFO - Filling up the DagBag from /home/airflow/.local/lib/python3.12/site-packages/airflow/example_dags/example_branch_operator.py
[2024-11-02T14:53:41.501+0000] {processor.py:925} INFO - DAG(s) 'example_branch_operator' retrieved from /home/airflow/.local/lib/python3.12/site-packages/airflow/example_dags/example_branch_operator.py
[2024-11-02T14:53:46.744+0000] {logging_mixin.py:190} INFO - [2024-11-02T14:53:46.743+0000] {dag.py:3239} INFO - Sync 1 DAGs
[2024-11-02T14:53:47.323+0000] {logging_mixin.py:190} INFO - [2024-11-02T14:53:47.322+0000] {dag.py:4180} INFO - Setting next_dagrun for example_branch_operator to 2024-11-01 00:00:00+00:00, run_after=2024-11-02 00:00:00+00:00
[2024-11-02T14:53:47.932+0000] {processor.py:208} INFO - Processing /home/airflow/.local/lib/python3.12/site-packages/airflow/example_dags/example_branch_operator.py took 6.996 seconds
[2024-11-02T15:07:37.083+0000] {processor.py:186} INFO - Started process (PID=2838) to work on /home/airflow/.local/lib/python3.12/site-packages/airflow/example_dags/example_branch_operator.py
[2024-11-02T15:07:37.147+0000] {processor.py:914} INFO - Processing file /home/airflow/.local/lib/python3.12/site-packages/airflow/example_dags/example_branch_operator.py for tasks to queue
[2024-11-02T15:07:37.241+0000] {logging_mixin.py:190} INFO - [2024-11-02T15:07:37.239+0000] {dagbag.py:588} INFO - Filling up the DagBag from /home/airflow/.local/lib/python3.12/site-packages/airflow/example_dags/example_branch_operator.py
[2024-11-02T15:07:39.603+0000] {processor.py:925} INFO - DAG(s) 'example_branch_operator' retrieved from /home/airflow/.local/lib/python3.12/site-packages/airflow/example_dags/example_branch_operator.py
[2024-11-02T15:07:40.897+0000] {logging_mixin.py:190} INFO - [2024-11-02T15:07:40.888+0000] {dag.py:3239} INFO - Sync 1 DAGs
[2024-11-02T15:07:41.937+0000] {logging_mixin.py:190} INFO - [2024-11-02T15:07:41.923+0000] {dag.py:4180} INFO - Setting next_dagrun for example_branch_operator to 2024-11-01 00:00:00+00:00, run_after=2024-11-02 00:00:00+00:00
[2024-11-02T15:07:43.414+0000] {processor.py:208} INFO - Processing /home/airflow/.local/lib/python3.12/site-packages/airflow/example_dags/example_branch_operator.py took 6.535 seconds
[2024-11-02T15:11:04.481+0000] {processor.py:186} INFO - Started process (PID=2940) to work on /home/airflow/.local/lib/python3.12/site-packages/airflow/example_dags/example_branch_operator.py
[2024-11-02T15:11:04.539+0000] {processor.py:914} INFO - Processing file /home/airflow/.local/lib/python3.12/site-packages/airflow/example_dags/example_branch_operator.py for tasks to queue
[2024-11-02T15:11:04.555+0000] {logging_mixin.py:190} INFO - [2024-11-02T15:11:04.554+0000] {dagbag.py:588} INFO - Filling up the DagBag from /home/airflow/.local/lib/python3.12/site-packages/airflow/example_dags/example_branch_operator.py
[2024-11-02T15:11:04.686+0000] {processor.py:925} INFO - DAG(s) 'example_branch_operator' retrieved from /home/airflow/.local/lib/python3.12/site-packages/airflow/example_dags/example_branch_operator.py
[2024-11-02T15:11:05.810+0000] {logging_mixin.py:190} INFO - [2024-11-02T15:11:05.791+0000] {dag.py:3239} INFO - Sync 1 DAGs
[2024-11-02T15:11:06.756+0000] {logging_mixin.py:190} INFO - [2024-11-02T15:11:06.724+0000] {dag.py:4180} INFO - Setting next_dagrun for example_branch_operator to 2024-11-01 00:00:00+00:00, run_after=2024-11-02 00:00:00+00:00
[2024-11-02T15:11:07.133+0000] {processor.py:208} INFO - Processing /home/airflow/.local/lib/python3.12/site-packages/airflow/example_dags/example_branch_operator.py took 2.689 seconds
[2024-11-02T15:14:58.066+0000] {processor.py:186} INFO - Started process (PID=3071) to work on /home/airflow/.local/lib/python3.12/site-packages/airflow/example_dags/example_branch_operator.py
[2024-11-02T15:14:58.115+0000] {processor.py:914} INFO - Processing file /home/airflow/.local/lib/python3.12/site-packages/airflow/example_dags/example_branch_operator.py for tasks to queue
[2024-11-02T15:14:58.183+0000] {logging_mixin.py:190} INFO - [2024-11-02T15:14:58.180+0000] {dagbag.py:588} INFO - Filling up the DagBag from /home/airflow/.local/lib/python3.12/site-packages/airflow/example_dags/example_branch_operator.py
[2024-11-02T15:14:58.481+0000] {processor.py:925} INFO - DAG(s) 'example_branch_operator' retrieved from /home/airflow/.local/lib/python3.12/site-packages/airflow/example_dags/example_branch_operator.py
[2024-11-02T15:14:59.310+0000] {logging_mixin.py:190} INFO - [2024-11-02T15:14:59.309+0000] {dag.py:3239} INFO - Sync 1 DAGs
[2024-11-02T15:14:59.645+0000] {logging_mixin.py:190} INFO - [2024-11-02T15:14:59.643+0000] {dag.py:4180} INFO - Setting next_dagrun for example_branch_operator to 2024-11-01 00:00:00+00:00, run_after=2024-11-02 00:00:00+00:00
[2024-11-02T15:15:00.164+0000] {processor.py:208} INFO - Processing /home/airflow/.local/lib/python3.12/site-packages/airflow/example_dags/example_branch_operator.py took 2.261 seconds
[2024-11-02T15:20:30.274+0000] {processor.py:186} INFO - Started process (PID=3231) to work on /home/airflow/.local/lib/python3.12/site-packages/airflow/example_dags/example_branch_operator.py
[2024-11-02T15:20:30.294+0000] {processor.py:914} INFO - Processing file /home/airflow/.local/lib/python3.12/site-packages/airflow/example_dags/example_branch_operator.py for tasks to queue
[2024-11-02T15:20:30.309+0000] {logging_mixin.py:190} INFO - [2024-11-02T15:20:30.301+0000] {dagbag.py:588} INFO - Filling up the DagBag from /home/airflow/.local/lib/python3.12/site-packages/airflow/example_dags/example_branch_operator.py
[2024-11-02T15:20:30.385+0000] {processor.py:925} INFO - DAG(s) 'example_branch_operator' retrieved from /home/airflow/.local/lib/python3.12/site-packages/airflow/example_dags/example_branch_operator.py
[2024-11-02T15:20:30.653+0000] {logging_mixin.py:190} INFO - [2024-11-02T15:20:30.653+0000] {dag.py:3239} INFO - Sync 1 DAGs
[2024-11-02T15:20:30.732+0000] {logging_mixin.py:190} INFO - [2024-11-02T15:20:30.731+0000] {dag.py:4180} INFO - Setting next_dagrun for example_branch_operator to 2024-11-01 00:00:00+00:00, run_after=2024-11-02 00:00:00+00:00
[2024-11-02T15:20:30.810+0000] {processor.py:208} INFO - Processing /home/airflow/.local/lib/python3.12/site-packages/airflow/example_dags/example_branch_operator.py took 0.552 seconds
[2024-11-02T15:23:18.671+0000] {processor.py:186} INFO - Started process (PID=3330) to work on /home/airflow/.local/lib/python3.12/site-packages/airflow/example_dags/example_branch_operator.py
[2024-11-02T15:23:18.744+0000] {processor.py:914} INFO - Processing file /home/airflow/.local/lib/python3.12/site-packages/airflow/example_dags/example_branch_operator.py for tasks to queue
[2024-11-02T15:23:18.763+0000] {logging_mixin.py:190} INFO - [2024-11-02T15:23:18.762+0000] {dagbag.py:588} INFO - Filling up the DagBag from /home/airflow/.local/lib/python3.12/site-packages/airflow/example_dags/example_branch_operator.py
[2024-11-02T15:23:19.461+0000] {processor.py:925} INFO - DAG(s) 'example_branch_operator' retrieved from /home/airflow/.local/lib/python3.12/site-packages/airflow/example_dags/example_branch_operator.py
[2024-11-02T15:23:19.820+0000] {logging_mixin.py:190} INFO - [2024-11-02T15:23:19.819+0000] {dag.py:3239} INFO - Sync 1 DAGs
[2024-11-02T15:23:19.943+0000] {logging_mixin.py:190} INFO - [2024-11-02T15:23:19.942+0000] {dag.py:4180} INFO - Setting next_dagrun for example_branch_operator to 2024-11-01 00:00:00+00:00, run_after=2024-11-02 00:00:00+00:00
[2024-11-02T15:23:20.081+0000] {processor.py:208} INFO - Processing /home/airflow/.local/lib/python3.12/site-packages/airflow/example_dags/example_branch_operator.py took 1.898 seconds
[2024-11-02T15:27:21.510+0000] {processor.py:186} INFO - Started process (PID=3455) to work on /home/airflow/.local/lib/python3.12/site-packages/airflow/example_dags/example_branch_operator.py
[2024-11-02T15:27:21.543+0000] {processor.py:914} INFO - Processing file /home/airflow/.local/lib/python3.12/site-packages/airflow/example_dags/example_branch_operator.py for tasks to queue
[2024-11-02T15:27:21.605+0000] {logging_mixin.py:190} INFO - [2024-11-02T15:27:21.572+0000] {dagbag.py:588} INFO - Filling up the DagBag from /home/airflow/.local/lib/python3.12/site-packages/airflow/example_dags/example_branch_operator.py
[2024-11-02T15:27:23.604+0000] {processor.py:925} INFO - DAG(s) 'example_branch_operator' retrieved from /home/airflow/.local/lib/python3.12/site-packages/airflow/example_dags/example_branch_operator.py
[2024-11-02T15:27:24.377+0000] {logging_mixin.py:190} INFO - [2024-11-02T15:27:24.376+0000] {dag.py:3239} INFO - Sync 1 DAGs
[2024-11-02T15:27:26.137+0000] {logging_mixin.py:190} INFO - [2024-11-02T15:27:26.136+0000] {dag.py:4180} INFO - Setting next_dagrun for example_branch_operator to 2024-11-01 00:00:00+00:00, run_after=2024-11-02 00:00:00+00:00
[2024-11-02T15:27:28.252+0000] {processor.py:208} INFO - Processing /home/airflow/.local/lib/python3.12/site-packages/airflow/example_dags/example_branch_operator.py took 6.880 seconds
[2024-11-02T15:31:45.273+0000] {processor.py:186} INFO - Started process (PID=3543) to work on /home/airflow/.local/lib/python3.12/site-packages/airflow/example_dags/example_branch_operator.py
[2024-11-02T15:31:45.306+0000] {processor.py:914} INFO - Processing file /home/airflow/.local/lib/python3.12/site-packages/airflow/example_dags/example_branch_operator.py for tasks to queue
[2024-11-02T15:31:45.320+0000] {logging_mixin.py:190} INFO - [2024-11-02T15:31:45.316+0000] {dagbag.py:588} INFO - Filling up the DagBag from /home/airflow/.local/lib/python3.12/site-packages/airflow/example_dags/example_branch_operator.py
[2024-11-02T15:31:45.826+0000] {processor.py:925} INFO - DAG(s) 'example_branch_operator' retrieved from /home/airflow/.local/lib/python3.12/site-packages/airflow/example_dags/example_branch_operator.py
[2024-11-02T15:31:46.723+0000] {logging_mixin.py:190} INFO - [2024-11-02T15:31:46.721+0000] {dag.py:3239} INFO - Sync 1 DAGs
[2024-11-02T15:31:47.609+0000] {logging_mixin.py:190} INFO - [2024-11-02T15:31:47.607+0000] {dag.py:4180} INFO - Setting next_dagrun for example_branch_operator to 2024-11-01 00:00:00+00:00, run_after=2024-11-02 00:00:00+00:00
[2024-11-02T15:31:48.946+0000] {processor.py:208} INFO - Processing /home/airflow/.local/lib/python3.12/site-packages/airflow/example_dags/example_branch_operator.py took 3.700 seconds
[2024-11-02T15:33:46.490+0000] {processor.py:186} INFO - Started process (PID=3618) to work on /home/airflow/.local/lib/python3.12/site-packages/airflow/example_dags/example_branch_operator.py
[2024-11-02T15:33:46.504+0000] {processor.py:914} INFO - Processing file /home/airflow/.local/lib/python3.12/site-packages/airflow/example_dags/example_branch_operator.py for tasks to queue
[2024-11-02T15:33:46.518+0000] {logging_mixin.py:190} INFO - [2024-11-02T15:33:46.517+0000] {dagbag.py:588} INFO - Filling up the DagBag from /home/airflow/.local/lib/python3.12/site-packages/airflow/example_dags/example_branch_operator.py
[2024-11-02T15:33:46.803+0000] {processor.py:925} INFO - DAG(s) 'example_branch_operator' retrieved from /home/airflow/.local/lib/python3.12/site-packages/airflow/example_dags/example_branch_operator.py
[2024-11-02T15:33:47.378+0000] {logging_mixin.py:190} INFO - [2024-11-02T15:33:47.377+0000] {dag.py:3239} INFO - Sync 1 DAGs
[2024-11-02T15:33:47.665+0000] {logging_mixin.py:190} INFO - [2024-11-02T15:33:47.664+0000] {dag.py:4180} INFO - Setting next_dagrun for example_branch_operator to 2024-11-01 00:00:00+00:00, run_after=2024-11-02 00:00:00+00:00
[2024-11-02T15:33:48.020+0000] {processor.py:208} INFO - Processing /home/airflow/.local/lib/python3.12/site-packages/airflow/example_dags/example_branch_operator.py took 1.595 seconds
[2024-11-02T15:45:27.721+0000] {processor.py:186} INFO - Started process (PID=3836) to work on /home/airflow/.local/lib/python3.12/site-packages/airflow/example_dags/example_branch_operator.py
[2024-11-02T15:45:27.802+0000] {processor.py:914} INFO - Processing file /home/airflow/.local/lib/python3.12/site-packages/airflow/example_dags/example_branch_operator.py for tasks to queue
[2024-11-02T15:45:27.949+0000] {logging_mixin.py:190} INFO - [2024-11-02T15:45:27.915+0000] {dagbag.py:588} INFO - Filling up the DagBag from /home/airflow/.local/lib/python3.12/site-packages/airflow/example_dags/example_branch_operator.py
[2024-11-02T15:45:28.809+0000] {processor.py:925} INFO - DAG(s) 'example_branch_operator' retrieved from /home/airflow/.local/lib/python3.12/site-packages/airflow/example_dags/example_branch_operator.py
[2024-11-02T15:45:30.179+0000] {logging_mixin.py:190} INFO - [2024-11-02T15:45:30.176+0000] {dag.py:3239} INFO - Sync 1 DAGs
[2024-11-02T15:45:30.842+0000] {logging_mixin.py:190} INFO - [2024-11-02T15:45:30.841+0000] {dag.py:4180} INFO - Setting next_dagrun for example_branch_operator to 2024-11-01 00:00:00+00:00, run_after=2024-11-02 00:00:00+00:00
[2024-11-02T15:45:31.168+0000] {processor.py:208} INFO - Processing /home/airflow/.local/lib/python3.12/site-packages/airflow/example_dags/example_branch_operator.py took 3.574 seconds
[2024-11-02T15:49:57.078+0000] {processor.py:186} INFO - Started process (PID=3942) to work on /home/airflow/.local/lib/python3.12/site-packages/airflow/example_dags/example_branch_operator.py
[2024-11-02T15:49:57.108+0000] {processor.py:914} INFO - Processing file /home/airflow/.local/lib/python3.12/site-packages/airflow/example_dags/example_branch_operator.py for tasks to queue
[2024-11-02T15:49:57.194+0000] {logging_mixin.py:190} INFO - [2024-11-02T15:49:57.192+0000] {dagbag.py:588} INFO - Filling up the DagBag from /home/airflow/.local/lib/python3.12/site-packages/airflow/example_dags/example_branch_operator.py
[2024-11-02T15:49:58.004+0000] {processor.py:925} INFO - DAG(s) 'example_branch_operator' retrieved from /home/airflow/.local/lib/python3.12/site-packages/airflow/example_dags/example_branch_operator.py
[2024-11-02T15:49:58.904+0000] {logging_mixin.py:190} INFO - [2024-11-02T15:49:58.902+0000] {dag.py:3239} INFO - Sync 1 DAGs
[2024-11-02T15:49:59.560+0000] {logging_mixin.py:190} INFO - [2024-11-02T15:49:59.559+0000] {dag.py:4180} INFO - Setting next_dagrun for example_branch_operator to 2024-11-01 00:00:00+00:00, run_after=2024-11-02 00:00:00+00:00
[2024-11-02T15:50:00.155+0000] {processor.py:208} INFO - Processing /home/airflow/.local/lib/python3.12/site-packages/airflow/example_dags/example_branch_operator.py took 3.395 seconds
[2024-11-02T15:55:22.779+0000] {processor.py:186} INFO - Started process (PID=4093) to work on /home/airflow/.local/lib/python3.12/site-packages/airflow/example_dags/example_branch_operator.py
[2024-11-02T15:55:22.831+0000] {processor.py:914} INFO - Processing file /home/airflow/.local/lib/python3.12/site-packages/airflow/example_dags/example_branch_operator.py for tasks to queue
[2024-11-02T15:55:22.909+0000] {logging_mixin.py:190} INFO - [2024-11-02T15:55:22.888+0000] {dagbag.py:588} INFO - Filling up the DagBag from /home/airflow/.local/lib/python3.12/site-packages/airflow/example_dags/example_branch_operator.py
[2024-11-02T15:55:23.618+0000] {processor.py:925} INFO - DAG(s) 'example_branch_operator' retrieved from /home/airflow/.local/lib/python3.12/site-packages/airflow/example_dags/example_branch_operator.py
[2024-11-02T15:55:25.843+0000] {logging_mixin.py:190} INFO - [2024-11-02T15:55:25.776+0000] {dag.py:3239} INFO - Sync 1 DAGs
[2024-11-02T15:55:27.090+0000] {logging_mixin.py:190} INFO - [2024-11-02T15:55:27.088+0000] {dag.py:4180} INFO - Setting next_dagrun for example_branch_operator to 2024-11-01 00:00:00+00:00, run_after=2024-11-02 00:00:00+00:00
[2024-11-02T15:55:27.851+0000] {processor.py:208} INFO - Processing /home/airflow/.local/lib/python3.12/site-packages/airflow/example_dags/example_branch_operator.py took 5.264 seconds
[2024-11-02T16:07:34.528+0000] {processor.py:186} INFO - Started process (PID=4271) to work on /home/airflow/.local/lib/python3.12/site-packages/airflow/example_dags/example_branch_operator.py
[2024-11-02T16:07:34.671+0000] {processor.py:914} INFO - Processing file /home/airflow/.local/lib/python3.12/site-packages/airflow/example_dags/example_branch_operator.py for tasks to queue
[2024-11-02T16:07:34.854+0000] {logging_mixin.py:190} INFO - [2024-11-02T16:07:34.816+0000] {dagbag.py:588} INFO - Filling up the DagBag from /home/airflow/.local/lib/python3.12/site-packages/airflow/example_dags/example_branch_operator.py
[2024-11-02T16:07:37.287+0000] {processor.py:925} INFO - DAG(s) 'example_branch_operator' retrieved from /home/airflow/.local/lib/python3.12/site-packages/airflow/example_dags/example_branch_operator.py
[2024-11-02T16:07:41.080+0000] {logging_mixin.py:190} INFO - [2024-11-02T16:07:41.028+0000] {dag.py:3239} INFO - Sync 1 DAGs
[2024-11-02T16:07:43.082+0000] {logging_mixin.py:190} INFO - [2024-11-02T16:07:43.024+0000] {dag.py:4180} INFO - Setting next_dagrun for example_branch_operator to 2024-11-01 00:00:00+00:00, run_after=2024-11-02 00:00:00+00:00
[2024-11-02T16:07:44.661+0000] {processor.py:208} INFO - Processing /home/airflow/.local/lib/python3.12/site-packages/airflow/example_dags/example_branch_operator.py took 10.127 seconds
