[2024-11-02T13:14:21.041+0000] {processor.py:186} INFO - Started process (PID=191) to work on /home/airflow/.local/lib/python3.12/site-packages/airflow/example_dags/example_task_group.py
[2024-11-02T13:14:21.074+0000] {processor.py:914} INFO - Processing file /home/airflow/.local/lib/python3.12/site-packages/airflow/example_dags/example_task_group.py for tasks to queue
[2024-11-02T13:14:21.105+0000] {logging_mixin.py:190} INFO - [2024-11-02T13:14:21.105+0000] {dagbag.py:588} INFO - Filling up the DagBag from /home/airflow/.local/lib/python3.12/site-packages/airflow/example_dags/example_task_group.py
[2024-11-02T13:14:21.220+0000] {processor.py:925} INFO - DAG(s) 'example_task_group' retrieved from /home/airflow/.local/lib/python3.12/site-packages/airflow/example_dags/example_task_group.py
[2024-11-02T13:14:21.506+0000] {logging_mixin.py:190} INFO - [2024-11-02T13:14:21.505+0000] {dag.py:3239} INFO - Sync 1 DAGs
[2024-11-02T13:14:21.782+0000] {logging_mixin.py:190} INFO - [2024-11-02T13:14:21.781+0000] {dag.py:4180} INFO - Setting next_dagrun for example_task_group to None, run_after=None
[2024-11-02T13:14:22.092+0000] {processor.py:208} INFO - Processing /home/airflow/.local/lib/python3.12/site-packages/airflow/example_dags/example_task_group.py took 1.107 seconds
[2024-11-02T13:20:09.599+0000] {processor.py:186} INFO - Started process (PID=343) to work on /home/airflow/.local/lib/python3.12/site-packages/airflow/example_dags/example_task_group.py
[2024-11-02T13:20:09.629+0000] {processor.py:914} INFO - Processing file /home/airflow/.local/lib/python3.12/site-packages/airflow/example_dags/example_task_group.py for tasks to queue
[2024-11-02T13:20:09.659+0000] {logging_mixin.py:190} INFO - [2024-11-02T13:20:09.637+0000] {dagbag.py:588} INFO - Filling up the DagBag from /home/airflow/.local/lib/python3.12/site-packages/airflow/example_dags/example_task_group.py
[2024-11-02T13:20:10.147+0000] {processor.py:925} INFO - DAG(s) 'example_task_group' retrieved from /home/airflow/.local/lib/python3.12/site-packages/airflow/example_dags/example_task_group.py
[2024-11-02T13:20:10.841+0000] {logging_mixin.py:190} INFO - [2024-11-02T13:20:10.840+0000] {dag.py:3239} INFO - Sync 1 DAGs
[2024-11-02T13:20:11.706+0000] {logging_mixin.py:190} INFO - [2024-11-02T13:20:11.705+0000] {dag.py:4180} INFO - Setting next_dagrun for example_task_group to None, run_after=None
[2024-11-02T13:20:12.442+0000] {processor.py:208} INFO - Processing /home/airflow/.local/lib/python3.12/site-packages/airflow/example_dags/example_task_group.py took 3.048 seconds
[2024-11-02T13:22:37.901+0000] {processor.py:186} INFO - Started process (PID=456) to work on /home/airflow/.local/lib/python3.12/site-packages/airflow/example_dags/example_task_group.py
[2024-11-02T13:22:37.916+0000] {processor.py:914} INFO - Processing file /home/airflow/.local/lib/python3.12/site-packages/airflow/example_dags/example_task_group.py for tasks to queue
[2024-11-02T13:22:37.920+0000] {logging_mixin.py:190} INFO - [2024-11-02T13:22:37.919+0000] {dagbag.py:588} INFO - Filling up the DagBag from /home/airflow/.local/lib/python3.12/site-packages/airflow/example_dags/example_task_group.py
[2024-11-02T13:22:38.061+0000] {processor.py:925} INFO - DAG(s) 'example_task_group' retrieved from /home/airflow/.local/lib/python3.12/site-packages/airflow/example_dags/example_task_group.py
[2024-11-02T13:22:38.339+0000] {logging_mixin.py:190} INFO - [2024-11-02T13:22:38.337+0000] {dag.py:3239} INFO - Sync 1 DAGs
[2024-11-02T13:22:38.636+0000] {logging_mixin.py:190} INFO - [2024-11-02T13:22:38.636+0000] {dag.py:4180} INFO - Setting next_dagrun for example_task_group to None, run_after=None
[2024-11-02T13:22:39.074+0000] {processor.py:208} INFO - Processing /home/airflow/.local/lib/python3.12/site-packages/airflow/example_dags/example_task_group.py took 1.255 seconds
[2024-11-02T13:29:11.825+0000] {processor.py:186} INFO - Started process (PID=594) to work on /home/airflow/.local/lib/python3.12/site-packages/airflow/example_dags/example_task_group.py
[2024-11-02T13:29:11.843+0000] {processor.py:914} INFO - Processing file /home/airflow/.local/lib/python3.12/site-packages/airflow/example_dags/example_task_group.py for tasks to queue
[2024-11-02T13:29:11.918+0000] {logging_mixin.py:190} INFO - [2024-11-02T13:29:11.916+0000] {dagbag.py:588} INFO - Filling up the DagBag from /home/airflow/.local/lib/python3.12/site-packages/airflow/example_dags/example_task_group.py
[2024-11-02T13:29:12.116+0000] {processor.py:925} INFO - DAG(s) 'example_task_group' retrieved from /home/airflow/.local/lib/python3.12/site-packages/airflow/example_dags/example_task_group.py
[2024-11-02T13:29:13.337+0000] {logging_mixin.py:190} INFO - [2024-11-02T13:29:13.337+0000] {dag.py:3239} INFO - Sync 1 DAGs
[2024-11-02T13:29:13.864+0000] {logging_mixin.py:190} INFO - [2024-11-02T13:29:13.858+0000] {dag.py:4180} INFO - Setting next_dagrun for example_task_group to None, run_after=None
[2024-11-02T13:29:14.228+0000] {processor.py:208} INFO - Processing /home/airflow/.local/lib/python3.12/site-packages/airflow/example_dags/example_task_group.py took 2.553 seconds
[2024-11-02T13:37:26.081+0000] {processor.py:186} INFO - Started process (PID=767) to work on /home/airflow/.local/lib/python3.12/site-packages/airflow/example_dags/example_task_group.py
[2024-11-02T13:37:26.196+0000] {processor.py:914} INFO - Processing file /home/airflow/.local/lib/python3.12/site-packages/airflow/example_dags/example_task_group.py for tasks to queue
[2024-11-02T13:37:26.321+0000] {logging_mixin.py:190} INFO - [2024-11-02T13:37:26.320+0000] {dagbag.py:588} INFO - Filling up the DagBag from /home/airflow/.local/lib/python3.12/site-packages/airflow/example_dags/example_task_group.py
[2024-11-02T13:37:27.414+0000] {processor.py:925} INFO - DAG(s) 'example_task_group' retrieved from /home/airflow/.local/lib/python3.12/site-packages/airflow/example_dags/example_task_group.py
[2024-11-02T13:37:29.994+0000] {logging_mixin.py:190} INFO - [2024-11-02T13:37:29.993+0000] {dag.py:3239} INFO - Sync 1 DAGs
[2024-11-02T13:37:34.410+0000] {logging_mixin.py:190} INFO - [2024-11-02T13:37:34.409+0000] {dag.py:4180} INFO - Setting next_dagrun for example_task_group to None, run_after=None
[2024-11-02T13:37:37.047+0000] {processor.py:208} INFO - Processing /home/airflow/.local/lib/python3.12/site-packages/airflow/example_dags/example_task_group.py took 12.207 seconds
[2024-11-02T13:40:29.112+0000] {processor.py:186} INFO - Started process (PID=862) to work on /home/airflow/.local/lib/python3.12/site-packages/airflow/example_dags/example_task_group.py
[2024-11-02T13:40:29.123+0000] {processor.py:914} INFO - Processing file /home/airflow/.local/lib/python3.12/site-packages/airflow/example_dags/example_task_group.py for tasks to queue
[2024-11-02T13:40:29.140+0000] {logging_mixin.py:190} INFO - [2024-11-02T13:40:29.139+0000] {dagbag.py:588} INFO - Filling up the DagBag from /home/airflow/.local/lib/python3.12/site-packages/airflow/example_dags/example_task_group.py
[2024-11-02T13:40:29.241+0000] {processor.py:925} INFO - DAG(s) 'example_task_group' retrieved from /home/airflow/.local/lib/python3.12/site-packages/airflow/example_dags/example_task_group.py
[2024-11-02T13:40:29.395+0000] {logging_mixin.py:190} INFO - [2024-11-02T13:40:29.395+0000] {dag.py:3239} INFO - Sync 1 DAGs
[2024-11-02T13:40:29.893+0000] {logging_mixin.py:190} INFO - [2024-11-02T13:40:29.892+0000] {dag.py:4180} INFO - Setting next_dagrun for example_task_group to None, run_after=None
[2024-11-02T13:40:30.130+0000] {processor.py:208} INFO - Processing /home/airflow/.local/lib/python3.12/site-packages/airflow/example_dags/example_task_group.py took 1.085 seconds
[2024-11-02T13:42:38.707+0000] {processor.py:186} INFO - Started process (PID=950) to work on /home/airflow/.local/lib/python3.12/site-packages/airflow/example_dags/example_task_group.py
[2024-11-02T13:42:38.722+0000] {processor.py:914} INFO - Processing file /home/airflow/.local/lib/python3.12/site-packages/airflow/example_dags/example_task_group.py for tasks to queue
[2024-11-02T13:42:38.733+0000] {logging_mixin.py:190} INFO - [2024-11-02T13:42:38.732+0000] {dagbag.py:588} INFO - Filling up the DagBag from /home/airflow/.local/lib/python3.12/site-packages/airflow/example_dags/example_task_group.py
[2024-11-02T13:42:38.906+0000] {processor.py:925} INFO - DAG(s) 'example_task_group' retrieved from /home/airflow/.local/lib/python3.12/site-packages/airflow/example_dags/example_task_group.py
[2024-11-02T13:42:39.594+0000] {logging_mixin.py:190} INFO - [2024-11-02T13:42:39.592+0000] {dag.py:3239} INFO - Sync 1 DAGs
[2024-11-02T13:42:40.108+0000] {logging_mixin.py:190} INFO - [2024-11-02T13:42:40.096+0000] {dag.py:4180} INFO - Setting next_dagrun for example_task_group to None, run_after=None
[2024-11-02T13:42:40.616+0000] {processor.py:208} INFO - Processing /home/airflow/.local/lib/python3.12/site-packages/airflow/example_dags/example_task_group.py took 2.013 seconds
[2024-11-02T13:45:10.905+0000] {processor.py:186} INFO - Started process (PID=1062) to work on /home/airflow/.local/lib/python3.12/site-packages/airflow/example_dags/example_task_group.py
[2024-11-02T13:45:10.966+0000] {processor.py:914} INFO - Processing file /home/airflow/.local/lib/python3.12/site-packages/airflow/example_dags/example_task_group.py for tasks to queue
[2024-11-02T13:45:10.985+0000] {logging_mixin.py:190} INFO - [2024-11-02T13:45:10.984+0000] {dagbag.py:588} INFO - Filling up the DagBag from /home/airflow/.local/lib/python3.12/site-packages/airflow/example_dags/example_task_group.py
[2024-11-02T13:45:11.230+0000] {processor.py:925} INFO - DAG(s) 'example_task_group' retrieved from /home/airflow/.local/lib/python3.12/site-packages/airflow/example_dags/example_task_group.py
[2024-11-02T13:45:11.586+0000] {logging_mixin.py:190} INFO - [2024-11-02T13:45:11.566+0000] {dag.py:3239} INFO - Sync 1 DAGs
[2024-11-02T13:45:11.820+0000] {logging_mixin.py:190} INFO - [2024-11-02T13:45:11.819+0000] {dag.py:4180} INFO - Setting next_dagrun for example_task_group to None, run_after=None
[2024-11-02T13:45:11.995+0000] {processor.py:208} INFO - Processing /home/airflow/.local/lib/python3.12/site-packages/airflow/example_dags/example_task_group.py took 1.219 seconds
[2024-11-02T13:50:00.010+0000] {processor.py:186} INFO - Started process (PID=1180) to work on /home/airflow/.local/lib/python3.12/site-packages/airflow/example_dags/example_task_group.py
[2024-11-02T13:50:00.052+0000] {processor.py:914} INFO - Processing file /home/airflow/.local/lib/python3.12/site-packages/airflow/example_dags/example_task_group.py for tasks to queue
[2024-11-02T13:50:00.071+0000] {logging_mixin.py:190} INFO - [2024-11-02T13:50:00.069+0000] {dagbag.py:588} INFO - Filling up the DagBag from /home/airflow/.local/lib/python3.12/site-packages/airflow/example_dags/example_task_group.py
[2024-11-02T13:50:00.250+0000] {processor.py:925} INFO - DAG(s) 'example_task_group' retrieved from /home/airflow/.local/lib/python3.12/site-packages/airflow/example_dags/example_task_group.py
[2024-11-02T13:50:00.817+0000] {logging_mixin.py:190} INFO - [2024-11-02T13:50:00.817+0000] {dag.py:3239} INFO - Sync 1 DAGs
[2024-11-02T13:50:01.169+0000] {logging_mixin.py:190} INFO - [2024-11-02T13:50:01.169+0000] {dag.py:4180} INFO - Setting next_dagrun for example_task_group to None, run_after=None
[2024-11-02T13:50:01.361+0000] {processor.py:208} INFO - Processing /home/airflow/.local/lib/python3.12/site-packages/airflow/example_dags/example_task_group.py took 1.442 seconds
[2024-11-02T13:53:09.516+0000] {processor.py:186} INFO - Started process (PID=1291) to work on /home/airflow/.local/lib/python3.12/site-packages/airflow/example_dags/example_task_group.py
[2024-11-02T13:53:09.547+0000] {processor.py:914} INFO - Processing file /home/airflow/.local/lib/python3.12/site-packages/airflow/example_dags/example_task_group.py for tasks to queue
[2024-11-02T13:53:09.586+0000] {logging_mixin.py:190} INFO - [2024-11-02T13:53:09.585+0000] {dagbag.py:588} INFO - Filling up the DagBag from /home/airflow/.local/lib/python3.12/site-packages/airflow/example_dags/example_task_group.py
[2024-11-02T13:53:09.759+0000] {processor.py:925} INFO - DAG(s) 'example_task_group' retrieved from /home/airflow/.local/lib/python3.12/site-packages/airflow/example_dags/example_task_group.py
[2024-11-02T13:53:10.103+0000] {logging_mixin.py:190} INFO - [2024-11-02T13:53:10.102+0000] {dag.py:3239} INFO - Sync 1 DAGs
[2024-11-02T13:53:10.658+0000] {logging_mixin.py:190} INFO - [2024-11-02T13:53:10.657+0000] {dag.py:4180} INFO - Setting next_dagrun for example_task_group to None, run_after=None
[2024-11-02T13:53:11.804+0000] {processor.py:208} INFO - Processing /home/airflow/.local/lib/python3.12/site-packages/airflow/example_dags/example_task_group.py took 2.402 seconds
[2024-11-02T13:55:35.283+0000] {processor.py:186} INFO - Started process (PID=1396) to work on /home/airflow/.local/lib/python3.12/site-packages/airflow/example_dags/example_task_group.py
[2024-11-02T13:55:35.298+0000] {processor.py:914} INFO - Processing file /home/airflow/.local/lib/python3.12/site-packages/airflow/example_dags/example_task_group.py for tasks to queue
[2024-11-02T13:55:35.339+0000] {logging_mixin.py:190} INFO - [2024-11-02T13:55:35.338+0000] {dagbag.py:588} INFO - Filling up the DagBag from /home/airflow/.local/lib/python3.12/site-packages/airflow/example_dags/example_task_group.py
[2024-11-02T13:55:35.562+0000] {processor.py:925} INFO - DAG(s) 'example_task_group' retrieved from /home/airflow/.local/lib/python3.12/site-packages/airflow/example_dags/example_task_group.py
[2024-11-02T13:55:36.044+0000] {logging_mixin.py:190} INFO - [2024-11-02T13:55:36.043+0000] {dag.py:3239} INFO - Sync 1 DAGs
[2024-11-02T13:55:36.388+0000] {logging_mixin.py:190} INFO - [2024-11-02T13:55:36.387+0000] {dag.py:4180} INFO - Setting next_dagrun for example_task_group to None, run_after=None
[2024-11-02T13:55:36.669+0000] {processor.py:208} INFO - Processing /home/airflow/.local/lib/python3.12/site-packages/airflow/example_dags/example_task_group.py took 1.644 seconds
[2024-11-02T13:58:21.328+0000] {processor.py:186} INFO - Started process (PID=1510) to work on /home/airflow/.local/lib/python3.12/site-packages/airflow/example_dags/example_task_group.py
[2024-11-02T13:58:21.366+0000] {processor.py:914} INFO - Processing file /home/airflow/.local/lib/python3.12/site-packages/airflow/example_dags/example_task_group.py for tasks to queue
[2024-11-02T13:58:21.370+0000] {logging_mixin.py:190} INFO - [2024-11-02T13:58:21.368+0000] {dagbag.py:588} INFO - Filling up the DagBag from /home/airflow/.local/lib/python3.12/site-packages/airflow/example_dags/example_task_group.py
[2024-11-02T13:58:21.548+0000] {processor.py:925} INFO - DAG(s) 'example_task_group' retrieved from /home/airflow/.local/lib/python3.12/site-packages/airflow/example_dags/example_task_group.py
[2024-11-02T13:58:21.933+0000] {logging_mixin.py:190} INFO - [2024-11-02T13:58:21.932+0000] {dag.py:3239} INFO - Sync 1 DAGs
[2024-11-02T13:58:22.417+0000] {logging_mixin.py:190} INFO - [2024-11-02T13:58:22.416+0000] {dag.py:4180} INFO - Setting next_dagrun for example_task_group to None, run_after=None
[2024-11-02T13:58:22.689+0000] {processor.py:208} INFO - Processing /home/airflow/.local/lib/python3.12/site-packages/airflow/example_dags/example_task_group.py took 1.468 seconds
[2024-11-02T14:01:55.116+0000] {processor.py:186} INFO - Started process (PID=1628) to work on /home/airflow/.local/lib/python3.12/site-packages/airflow/example_dags/example_task_group.py
[2024-11-02T14:01:55.173+0000] {processor.py:914} INFO - Processing file /home/airflow/.local/lib/python3.12/site-packages/airflow/example_dags/example_task_group.py for tasks to queue
[2024-11-02T14:01:55.186+0000] {logging_mixin.py:190} INFO - [2024-11-02T14:01:55.184+0000] {dagbag.py:588} INFO - Filling up the DagBag from /home/airflow/.local/lib/python3.12/site-packages/airflow/example_dags/example_task_group.py
[2024-11-02T14:01:55.518+0000] {processor.py:925} INFO - DAG(s) 'example_task_group' retrieved from /home/airflow/.local/lib/python3.12/site-packages/airflow/example_dags/example_task_group.py
[2024-11-02T14:01:56.389+0000] {logging_mixin.py:190} INFO - [2024-11-02T14:01:56.389+0000] {dag.py:3239} INFO - Sync 1 DAGs
[2024-11-02T14:01:56.539+0000] {logging_mixin.py:190} INFO - [2024-11-02T14:01:56.538+0000] {dag.py:4180} INFO - Setting next_dagrun for example_task_group to None, run_after=None
[2024-11-02T14:01:56.846+0000] {processor.py:208} INFO - Processing /home/airflow/.local/lib/python3.12/site-packages/airflow/example_dags/example_task_group.py took 1.946 seconds
[2024-11-02T14:10:35.637+0000] {processor.py:186} INFO - Started process (PID=1797) to work on /home/airflow/.local/lib/python3.12/site-packages/airflow/example_dags/example_task_group.py
[2024-11-02T14:10:35.645+0000] {processor.py:914} INFO - Processing file /home/airflow/.local/lib/python3.12/site-packages/airflow/example_dags/example_task_group.py for tasks to queue
[2024-11-02T14:10:35.666+0000] {logging_mixin.py:190} INFO - [2024-11-02T14:10:35.665+0000] {dagbag.py:588} INFO - Filling up the DagBag from /home/airflow/.local/lib/python3.12/site-packages/airflow/example_dags/example_task_group.py
[2024-11-02T14:10:36.329+0000] {processor.py:925} INFO - DAG(s) 'example_task_group' retrieved from /home/airflow/.local/lib/python3.12/site-packages/airflow/example_dags/example_task_group.py
[2024-11-02T14:10:38.008+0000] {logging_mixin.py:190} INFO - [2024-11-02T14:10:38.007+0000] {dag.py:3239} INFO - Sync 1 DAGs
[2024-11-02T14:11:15.476+0000] {logging_mixin.py:190} INFO - [2024-11-02T14:11:15.349+0000] {dag.py:4180} INFO - Setting next_dagrun for example_task_group to None, run_after=None
[2024-11-02T14:11:18.128+0000] {processor.py:208} INFO - Processing /home/airflow/.local/lib/python3.12/site-packages/airflow/example_dags/example_task_group.py took 42.651 seconds
[2024-11-02T14:23:56.348+0000] {processor.py:186} INFO - Started process (PID=2033) to work on /home/airflow/.local/lib/python3.12/site-packages/airflow/example_dags/example_task_group.py
[2024-11-02T14:23:56.442+0000] {processor.py:914} INFO - Processing file /home/airflow/.local/lib/python3.12/site-packages/airflow/example_dags/example_task_group.py for tasks to queue
[2024-11-02T14:23:56.457+0000] {logging_mixin.py:190} INFO - [2024-11-02T14:23:56.456+0000] {dagbag.py:588} INFO - Filling up the DagBag from /home/airflow/.local/lib/python3.12/site-packages/airflow/example_dags/example_task_group.py
[2024-11-02T14:23:56.492+0000] {processor.py:925} INFO - DAG(s) 'example_task_group' retrieved from /home/airflow/.local/lib/python3.12/site-packages/airflow/example_dags/example_task_group.py
[2024-11-02T14:23:56.712+0000] {logging_mixin.py:190} INFO - [2024-11-02T14:23:56.711+0000] {dag.py:3239} INFO - Sync 1 DAGs
[2024-11-02T14:23:56.772+0000] {logging_mixin.py:190} INFO - [2024-11-02T14:23:56.771+0000] {dag.py:4180} INFO - Setting next_dagrun for example_task_group to None, run_after=None
[2024-11-02T14:23:56.894+0000] {processor.py:208} INFO - Processing /home/airflow/.local/lib/python3.12/site-packages/airflow/example_dags/example_task_group.py took 0.562 seconds
[2024-11-02T14:33:42.649+0000] {processor.py:186} INFO - Started process (PID=2222) to work on /home/airflow/.local/lib/python3.12/site-packages/airflow/example_dags/example_task_group.py
[2024-11-02T14:33:42.735+0000] {processor.py:914} INFO - Processing file /home/airflow/.local/lib/python3.12/site-packages/airflow/example_dags/example_task_group.py for tasks to queue
[2024-11-02T14:33:42.754+0000] {logging_mixin.py:190} INFO - [2024-11-02T14:33:42.746+0000] {dagbag.py:588} INFO - Filling up the DagBag from /home/airflow/.local/lib/python3.12/site-packages/airflow/example_dags/example_task_group.py
[2024-11-02T14:33:50.503+0000] {processor.py:925} INFO - DAG(s) 'example_task_group' retrieved from /home/airflow/.local/lib/python3.12/site-packages/airflow/example_dags/example_task_group.py
[2024-11-02T14:33:55.528+0000] {logging_mixin.py:190} INFO - [2024-11-02T14:33:55.383+0000] {dag.py:3239} INFO - Sync 1 DAGs
[2024-11-02T14:34:00.254+0000] {logging_mixin.py:190} INFO - [2024-11-02T14:34:00.252+0000] {dag.py:4180} INFO - Setting next_dagrun for example_task_group to None, run_after=None
[2024-11-02T14:34:08.960+0000] {processor.py:208} INFO - Processing /home/airflow/.local/lib/python3.12/site-packages/airflow/example_dags/example_task_group.py took 26.656 seconds
[2024-11-02T14:42:52.514+0000] {processor.py:186} INFO - Started process (PID=2368) to work on /home/airflow/.local/lib/python3.12/site-packages/airflow/example_dags/example_task_group.py
[2024-11-02T14:42:52.520+0000] {processor.py:914} INFO - Processing file /home/airflow/.local/lib/python3.12/site-packages/airflow/example_dags/example_task_group.py for tasks to queue
[2024-11-02T14:42:52.526+0000] {logging_mixin.py:190} INFO - [2024-11-02T14:42:52.525+0000] {dagbag.py:588} INFO - Filling up the DagBag from /home/airflow/.local/lib/python3.12/site-packages/airflow/example_dags/example_task_group.py
[2024-11-02T14:42:52.725+0000] {processor.py:925} INFO - DAG(s) 'example_task_group' retrieved from /home/airflow/.local/lib/python3.12/site-packages/airflow/example_dags/example_task_group.py
[2024-11-02T14:42:54.418+0000] {logging_mixin.py:190} INFO - [2024-11-02T14:42:54.417+0000] {dag.py:3239} INFO - Sync 1 DAGs
[2024-11-02T14:42:56.216+0000] {logging_mixin.py:190} INFO - [2024-11-02T14:42:56.215+0000] {dag.py:4180} INFO - Setting next_dagrun for example_task_group to None, run_after=None
[2024-11-02T14:42:57.411+0000] {processor.py:208} INFO - Processing /home/airflow/.local/lib/python3.12/site-packages/airflow/example_dags/example_task_group.py took 5.821 seconds
[2024-11-02T14:53:52.173+0000] {processor.py:186} INFO - Started process (PID=2584) to work on /home/airflow/.local/lib/python3.12/site-packages/airflow/example_dags/example_task_group.py
[2024-11-02T14:53:52.296+0000] {processor.py:914} INFO - Processing file /home/airflow/.local/lib/python3.12/site-packages/airflow/example_dags/example_task_group.py for tasks to queue
[2024-11-02T14:53:52.319+0000] {logging_mixin.py:190} INFO - [2024-11-02T14:53:52.318+0000] {dagbag.py:588} INFO - Filling up the DagBag from /home/airflow/.local/lib/python3.12/site-packages/airflow/example_dags/example_task_group.py
[2024-11-02T14:53:52.959+0000] {processor.py:925} INFO - DAG(s) 'example_task_group' retrieved from /home/airflow/.local/lib/python3.12/site-packages/airflow/example_dags/example_task_group.py
[2024-11-02T14:53:53.584+0000] {logging_mixin.py:190} INFO - [2024-11-02T14:53:53.583+0000] {dag.py:3239} INFO - Sync 1 DAGs
[2024-11-02T14:53:54.223+0000] {logging_mixin.py:190} INFO - [2024-11-02T14:53:54.222+0000] {dag.py:4180} INFO - Setting next_dagrun for example_task_group to None, run_after=None
[2024-11-02T14:53:55.265+0000] {processor.py:208} INFO - Processing /home/airflow/.local/lib/python3.12/site-packages/airflow/example_dags/example_task_group.py took 3.217 seconds
[2024-11-02T15:08:27.761+0000] {processor.py:186} INFO - Started process (PID=2860) to work on /home/airflow/.local/lib/python3.12/site-packages/airflow/example_dags/example_task_group.py
[2024-11-02T15:08:27.793+0000] {processor.py:914} INFO - Processing file /home/airflow/.local/lib/python3.12/site-packages/airflow/example_dags/example_task_group.py for tasks to queue
[2024-11-02T15:08:27.993+0000] {logging_mixin.py:190} INFO - [2024-11-02T15:08:27.917+0000] {dagbag.py:588} INFO - Filling up the DagBag from /home/airflow/.local/lib/python3.12/site-packages/airflow/example_dags/example_task_group.py
[2024-11-02T15:08:28.794+0000] {processor.py:925} INFO - DAG(s) 'example_task_group' retrieved from /home/airflow/.local/lib/python3.12/site-packages/airflow/example_dags/example_task_group.py
[2024-11-02T15:08:30.725+0000] {logging_mixin.py:190} INFO - [2024-11-02T15:08:30.722+0000] {dag.py:3239} INFO - Sync 1 DAGs
[2024-11-02T15:08:32.033+0000] {logging_mixin.py:190} INFO - [2024-11-02T15:08:31.523+0000] {dag.py:4180} INFO - Setting next_dagrun for example_task_group to None, run_after=None
[2024-11-02T15:08:32.539+0000] {processor.py:208} INFO - Processing /home/airflow/.local/lib/python3.12/site-packages/airflow/example_dags/example_task_group.py took 5.180 seconds
[2024-11-02T15:12:52.076+0000] {processor.py:186} INFO - Started process (PID=2999) to work on /home/airflow/.local/lib/python3.12/site-packages/airflow/example_dags/example_task_group.py
[2024-11-02T15:12:52.083+0000] {processor.py:914} INFO - Processing file /home/airflow/.local/lib/python3.12/site-packages/airflow/example_dags/example_task_group.py for tasks to queue
[2024-11-02T15:12:52.140+0000] {logging_mixin.py:190} INFO - [2024-11-02T15:12:52.114+0000] {dagbag.py:588} INFO - Filling up the DagBag from /home/airflow/.local/lib/python3.12/site-packages/airflow/example_dags/example_task_group.py
[2024-11-02T15:12:52.432+0000] {processor.py:925} INFO - DAG(s) 'example_task_group' retrieved from /home/airflow/.local/lib/python3.12/site-packages/airflow/example_dags/example_task_group.py
[2024-11-02T15:12:53.180+0000] {logging_mixin.py:190} INFO - [2024-11-02T15:12:53.177+0000] {dag.py:3239} INFO - Sync 1 DAGs
[2024-11-02T15:12:53.714+0000] {logging_mixin.py:190} INFO - [2024-11-02T15:12:53.713+0000] {dag.py:4180} INFO - Setting next_dagrun for example_task_group to None, run_after=None
[2024-11-02T15:12:54.848+0000] {processor.py:208} INFO - Processing /home/airflow/.local/lib/python3.12/site-packages/airflow/example_dags/example_task_group.py took 3.186 seconds
[2024-11-02T15:17:53.827+0000] {processor.py:186} INFO - Started process (PID=3150) to work on /home/airflow/.local/lib/python3.12/site-packages/airflow/example_dags/example_task_group.py
[2024-11-02T15:17:54.300+0000] {processor.py:914} INFO - Processing file /home/airflow/.local/lib/python3.12/site-packages/airflow/example_dags/example_task_group.py for tasks to queue
[2024-11-02T15:17:54.420+0000] {logging_mixin.py:190} INFO - [2024-11-02T15:17:54.317+0000] {dagbag.py:588} INFO - Filling up the DagBag from /home/airflow/.local/lib/python3.12/site-packages/airflow/example_dags/example_task_group.py
[2024-11-02T15:17:55.280+0000] {processor.py:925} INFO - DAG(s) 'example_task_group' retrieved from /home/airflow/.local/lib/python3.12/site-packages/airflow/example_dags/example_task_group.py
[2024-11-02T15:17:56.018+0000] {logging_mixin.py:190} INFO - [2024-11-02T15:17:56.017+0000] {dag.py:3239} INFO - Sync 1 DAGs
[2024-11-02T15:17:57.167+0000] {logging_mixin.py:190} INFO - [2024-11-02T15:17:57.166+0000] {dag.py:4180} INFO - Setting next_dagrun for example_task_group to None, run_after=None
[2024-11-02T15:17:58.122+0000] {processor.py:208} INFO - Processing /home/airflow/.local/lib/python3.12/site-packages/airflow/example_dags/example_task_group.py took 6.037 seconds
[2024-11-02T15:20:53.399+0000] {processor.py:186} INFO - Started process (PID=3255) to work on /home/airflow/.local/lib/python3.12/site-packages/airflow/example_dags/example_task_group.py
[2024-11-02T15:20:53.432+0000] {processor.py:914} INFO - Processing file /home/airflow/.local/lib/python3.12/site-packages/airflow/example_dags/example_task_group.py for tasks to queue
[2024-11-02T15:20:53.453+0000] {logging_mixin.py:190} INFO - [2024-11-02T15:20:53.452+0000] {dagbag.py:588} INFO - Filling up the DagBag from /home/airflow/.local/lib/python3.12/site-packages/airflow/example_dags/example_task_group.py
[2024-11-02T15:20:53.561+0000] {processor.py:925} INFO - DAG(s) 'example_task_group' retrieved from /home/airflow/.local/lib/python3.12/site-packages/airflow/example_dags/example_task_group.py
[2024-11-02T15:20:54.509+0000] {logging_mixin.py:190} INFO - [2024-11-02T15:20:54.500+0000] {dag.py:3239} INFO - Sync 1 DAGs
[2024-11-02T15:20:55.668+0000] {logging_mixin.py:190} INFO - [2024-11-02T15:20:55.667+0000] {dag.py:4180} INFO - Setting next_dagrun for example_task_group to None, run_after=None
[2024-11-02T15:20:57.831+0000] {processor.py:208} INFO - Processing /home/airflow/.local/lib/python3.12/site-packages/airflow/example_dags/example_task_group.py took 4.477 seconds
[2024-11-02T15:23:29.678+0000] {processor.py:186} INFO - Started process (PID=3344) to work on /home/airflow/.local/lib/python3.12/site-packages/airflow/example_dags/example_task_group.py
[2024-11-02T15:23:29.822+0000] {processor.py:914} INFO - Processing file /home/airflow/.local/lib/python3.12/site-packages/airflow/example_dags/example_task_group.py for tasks to queue
[2024-11-02T15:23:29.916+0000] {logging_mixin.py:190} INFO - [2024-11-02T15:23:29.839+0000] {dagbag.py:588} INFO - Filling up the DagBag from /home/airflow/.local/lib/python3.12/site-packages/airflow/example_dags/example_task_group.py
[2024-11-02T15:23:30.158+0000] {processor.py:925} INFO - DAG(s) 'example_task_group' retrieved from /home/airflow/.local/lib/python3.12/site-packages/airflow/example_dags/example_task_group.py
[2024-11-02T15:23:30.466+0000] {logging_mixin.py:190} INFO - [2024-11-02T15:23:30.465+0000] {dag.py:3239} INFO - Sync 1 DAGs
[2024-11-02T15:23:30.585+0000] {logging_mixin.py:190} INFO - [2024-11-02T15:23:30.584+0000] {dag.py:4180} INFO - Setting next_dagrun for example_task_group to None, run_after=None
[2024-11-02T15:23:30.791+0000] {processor.py:208} INFO - Processing /home/airflow/.local/lib/python3.12/site-packages/airflow/example_dags/example_task_group.py took 1.198 seconds
[2024-11-02T15:28:37.243+0000] {processor.py:186} INFO - Started process (PID=3476) to work on /home/airflow/.local/lib/python3.12/site-packages/airflow/example_dags/example_task_group.py
[2024-11-02T15:28:37.482+0000] {processor.py:914} INFO - Processing file /home/airflow/.local/lib/python3.12/site-packages/airflow/example_dags/example_task_group.py for tasks to queue
[2024-11-02T15:28:37.704+0000] {logging_mixin.py:190} INFO - [2024-11-02T15:28:37.699+0000] {dagbag.py:588} INFO - Filling up the DagBag from /home/airflow/.local/lib/python3.12/site-packages/airflow/example_dags/example_task_group.py
[2024-11-02T15:28:38.681+0000] {processor.py:925} INFO - DAG(s) 'example_task_group' retrieved from /home/airflow/.local/lib/python3.12/site-packages/airflow/example_dags/example_task_group.py
[2024-11-02T15:28:40.960+0000] {logging_mixin.py:190} INFO - [2024-11-02T15:28:40.959+0000] {dag.py:3239} INFO - Sync 1 DAGs
[2024-11-02T15:28:41.507+0000] {logging_mixin.py:190} INFO - [2024-11-02T15:28:41.507+0000] {dag.py:4180} INFO - Setting next_dagrun for example_task_group to None, run_after=None
[2024-11-02T15:28:41.847+0000] {processor.py:208} INFO - Processing /home/airflow/.local/lib/python3.12/site-packages/airflow/example_dags/example_task_group.py took 6.104 seconds
[2024-11-02T15:32:15.684+0000] {processor.py:186} INFO - Started process (PID=3558) to work on /home/airflow/.local/lib/python3.12/site-packages/airflow/example_dags/example_task_group.py
[2024-11-02T15:32:15.718+0000] {processor.py:914} INFO - Processing file /home/airflow/.local/lib/python3.12/site-packages/airflow/example_dags/example_task_group.py for tasks to queue
[2024-11-02T15:32:15.731+0000] {logging_mixin.py:190} INFO - [2024-11-02T15:32:15.729+0000] {dagbag.py:588} INFO - Filling up the DagBag from /home/airflow/.local/lib/python3.12/site-packages/airflow/example_dags/example_task_group.py
[2024-11-02T15:32:15.914+0000] {processor.py:925} INFO - DAG(s) 'example_task_group' retrieved from /home/airflow/.local/lib/python3.12/site-packages/airflow/example_dags/example_task_group.py
[2024-11-02T15:32:16.175+0000] {logging_mixin.py:190} INFO - [2024-11-02T15:32:16.175+0000] {dag.py:3239} INFO - Sync 1 DAGs
[2024-11-02T15:32:16.362+0000] {logging_mixin.py:190} INFO - [2024-11-02T15:32:16.362+0000] {dag.py:4180} INFO - Setting next_dagrun for example_task_group to None, run_after=None
[2024-11-02T15:32:16.644+0000] {processor.py:208} INFO - Processing /home/airflow/.local/lib/python3.12/site-packages/airflow/example_dags/example_task_group.py took 1.017 seconds
[2024-11-02T15:38:35.203+0000] {processor.py:186} INFO - Started process (PID=3715) to work on /home/airflow/.local/lib/python3.12/site-packages/airflow/example_dags/example_task_group.py
[2024-11-02T15:38:35.298+0000] {processor.py:914} INFO - Processing file /home/airflow/.local/lib/python3.12/site-packages/airflow/example_dags/example_task_group.py for tasks to queue
[2024-11-02T15:38:35.453+0000] {logging_mixin.py:190} INFO - [2024-11-02T15:38:35.433+0000] {dagbag.py:588} INFO - Filling up the DagBag from /home/airflow/.local/lib/python3.12/site-packages/airflow/example_dags/example_task_group.py
[2024-11-02T15:38:37.099+0000] {processor.py:925} INFO - DAG(s) 'example_task_group' retrieved from /home/airflow/.local/lib/python3.12/site-packages/airflow/example_dags/example_task_group.py
[2024-11-02T15:38:40.355+0000] {logging_mixin.py:190} INFO - [2024-11-02T15:38:40.355+0000] {dag.py:3239} INFO - Sync 1 DAGs
[2024-11-02T15:38:41.201+0000] {logging_mixin.py:190} INFO - [2024-11-02T15:38:41.191+0000] {dag.py:4180} INFO - Setting next_dagrun for example_task_group to None, run_after=None
[2024-11-02T15:38:41.603+0000] {processor.py:208} INFO - Processing /home/airflow/.local/lib/python3.12/site-packages/airflow/example_dags/example_task_group.py took 6.551 seconds
[2024-11-02T15:46:00.223+0000] {processor.py:186} INFO - Started process (PID=3851) to work on /home/airflow/.local/lib/python3.12/site-packages/airflow/example_dags/example_task_group.py
[2024-11-02T15:46:00.242+0000] {processor.py:914} INFO - Processing file /home/airflow/.local/lib/python3.12/site-packages/airflow/example_dags/example_task_group.py for tasks to queue
[2024-11-02T15:46:00.480+0000] {logging_mixin.py:190} INFO - [2024-11-02T15:46:00.432+0000] {dagbag.py:588} INFO - Filling up the DagBag from /home/airflow/.local/lib/python3.12/site-packages/airflow/example_dags/example_task_group.py
[2024-11-02T15:46:00.967+0000] {processor.py:925} INFO - DAG(s) 'example_task_group' retrieved from /home/airflow/.local/lib/python3.12/site-packages/airflow/example_dags/example_task_group.py
[2024-11-02T15:46:01.848+0000] {logging_mixin.py:190} INFO - [2024-11-02T15:46:01.846+0000] {dag.py:3239} INFO - Sync 1 DAGs
[2024-11-02T15:46:02.037+0000] {logging_mixin.py:190} INFO - [2024-11-02T15:46:02.034+0000] {dag.py:4180} INFO - Setting next_dagrun for example_task_group to None, run_after=None
[2024-11-02T15:46:02.493+0000] {processor.py:208} INFO - Processing /home/airflow/.local/lib/python3.12/site-packages/airflow/example_dags/example_task_group.py took 2.518 seconds
[2024-11-02T15:50:18.984+0000] {processor.py:186} INFO - Started process (PID=3951) to work on /home/airflow/.local/lib/python3.12/site-packages/airflow/example_dags/example_task_group.py
[2024-11-02T15:50:18.998+0000] {processor.py:914} INFO - Processing file /home/airflow/.local/lib/python3.12/site-packages/airflow/example_dags/example_task_group.py for tasks to queue
[2024-11-02T15:50:19.050+0000] {logging_mixin.py:190} INFO - [2024-11-02T15:50:19.048+0000] {dagbag.py:588} INFO - Filling up the DagBag from /home/airflow/.local/lib/python3.12/site-packages/airflow/example_dags/example_task_group.py
[2024-11-02T15:50:19.282+0000] {processor.py:925} INFO - DAG(s) 'example_task_group' retrieved from /home/airflow/.local/lib/python3.12/site-packages/airflow/example_dags/example_task_group.py
[2024-11-02T15:50:19.970+0000] {logging_mixin.py:190} INFO - [2024-11-02T15:50:19.968+0000] {dag.py:3239} INFO - Sync 1 DAGs
[2024-11-02T15:50:20.443+0000] {logging_mixin.py:190} INFO - [2024-11-02T15:50:20.442+0000] {dag.py:4180} INFO - Setting next_dagrun for example_task_group to None, run_after=None
[2024-11-02T15:50:20.838+0000] {processor.py:208} INFO - Processing /home/airflow/.local/lib/python3.12/site-packages/airflow/example_dags/example_task_group.py took 1.947 seconds
[2024-11-02T15:55:49.066+0000] {processor.py:186} INFO - Started process (PID=4108) to work on /home/airflow/.local/lib/python3.12/site-packages/airflow/example_dags/example_task_group.py
[2024-11-02T15:55:49.121+0000] {processor.py:914} INFO - Processing file /home/airflow/.local/lib/python3.12/site-packages/airflow/example_dags/example_task_group.py for tasks to queue
[2024-11-02T15:55:49.218+0000] {logging_mixin.py:190} INFO - [2024-11-02T15:55:49.216+0000] {dagbag.py:588} INFO - Filling up the DagBag from /home/airflow/.local/lib/python3.12/site-packages/airflow/example_dags/example_task_group.py
[2024-11-02T15:55:49.484+0000] {processor.py:925} INFO - DAG(s) 'example_task_group' retrieved from /home/airflow/.local/lib/python3.12/site-packages/airflow/example_dags/example_task_group.py
[2024-11-02T15:55:53.809+0000] {logging_mixin.py:190} INFO - [2024-11-02T15:55:53.807+0000] {dag.py:3239} INFO - Sync 1 DAGs
[2024-11-02T15:55:53.987+0000] {logging_mixin.py:190} INFO - [2024-11-02T15:55:53.986+0000] {dag.py:4180} INFO - Setting next_dagrun for example_task_group to None, run_after=None
[2024-11-02T15:55:54.159+0000] {processor.py:208} INFO - Processing /home/airflow/.local/lib/python3.12/site-packages/airflow/example_dags/example_task_group.py took 5.220 seconds
[2024-11-02T16:08:36.806+0000] {processor.py:186} INFO - Started process (PID=4286) to work on /home/airflow/.local/lib/python3.12/site-packages/airflow/example_dags/example_task_group.py
[2024-11-02T16:08:36.842+0000] {processor.py:914} INFO - Processing file /home/airflow/.local/lib/python3.12/site-packages/airflow/example_dags/example_task_group.py for tasks to queue
[2024-11-02T16:08:36.856+0000] {logging_mixin.py:190} INFO - [2024-11-02T16:08:36.855+0000] {dagbag.py:588} INFO - Filling up the DagBag from /home/airflow/.local/lib/python3.12/site-packages/airflow/example_dags/example_task_group.py
[2024-11-02T16:08:37.137+0000] {processor.py:925} INFO - DAG(s) 'example_task_group' retrieved from /home/airflow/.local/lib/python3.12/site-packages/airflow/example_dags/example_task_group.py
[2024-11-02T16:08:40.043+0000] {logging_mixin.py:190} INFO - [2024-11-02T16:08:40.041+0000] {dag.py:3239} INFO - Sync 1 DAGs
[2024-11-02T16:08:41.394+0000] {logging_mixin.py:190} INFO - [2024-11-02T16:08:41.372+0000] {dag.py:4180} INFO - Setting next_dagrun for example_task_group to None, run_after=None
[2024-11-02T16:08:43.191+0000] {processor.py:208} INFO - Processing /home/airflow/.local/lib/python3.12/site-packages/airflow/example_dags/example_task_group.py took 6.892 seconds
