[2024-11-02T13:14:22.494+0000] {processor.py:186} INFO - Started process (PID=193) to work on /home/airflow/.local/lib/python3.12/site-packages/airflow/example_dags/example_xcomargs.py
[2024-11-02T13:14:22.514+0000] {processor.py:914} INFO - Processing file /home/airflow/.local/lib/python3.12/site-packages/airflow/example_dags/example_xcomargs.py for tasks to queue
[2024-11-02T13:14:22.585+0000] {logging_mixin.py:190} INFO - [2024-11-02T13:14:22.565+0000] {dagbag.py:588} INFO - Filling up the DagBag from /home/airflow/.local/lib/python3.12/site-packages/airflow/example_dags/example_xcomargs.py
[2024-11-02T13:14:22.795+0000] {processor.py:925} INFO - DAG(s) 'example_xcom_args_with_operators', 'example_xcom_args' retrieved from /home/airflow/.local/lib/python3.12/site-packages/airflow/example_dags/example_xcomargs.py
[2024-11-02T13:14:23.181+0000] {logging_mixin.py:190} INFO - [2024-11-02T13:14:23.180+0000] {dag.py:3239} INFO - Sync 2 DAGs
[2024-11-02T13:14:23.408+0000] {logging_mixin.py:190} INFO - [2024-11-02T13:14:23.407+0000] {dag.py:4180} INFO - Setting next_dagrun for example_xcom_args to None, run_after=None
[2024-11-02T13:14:23.461+0000] {logging_mixin.py:190} INFO - [2024-11-02T13:14:23.461+0000] {dag.py:4180} INFO - Setting next_dagrun for example_xcom_args_with_operators to None, run_after=None
[2024-11-02T13:14:23.786+0000] {processor.py:208} INFO - Processing /home/airflow/.local/lib/python3.12/site-packages/airflow/example_dags/example_xcomargs.py took 1.379 seconds
[2024-11-02T13:20:13.369+0000] {processor.py:186} INFO - Started process (PID=345) to work on /home/airflow/.local/lib/python3.12/site-packages/airflow/example_dags/example_xcomargs.py
[2024-11-02T13:20:13.407+0000] {processor.py:914} INFO - Processing file /home/airflow/.local/lib/python3.12/site-packages/airflow/example_dags/example_xcomargs.py for tasks to queue
[2024-11-02T13:20:13.558+0000] {logging_mixin.py:190} INFO - [2024-11-02T13:20:13.424+0000] {dagbag.py:588} INFO - Filling up the DagBag from /home/airflow/.local/lib/python3.12/site-packages/airflow/example_dags/example_xcomargs.py
[2024-11-02T13:20:14.118+0000] {processor.py:925} INFO - DAG(s) 'example_xcom_args_with_operators', 'example_xcom_args' retrieved from /home/airflow/.local/lib/python3.12/site-packages/airflow/example_dags/example_xcomargs.py
[2024-11-02T13:20:15.097+0000] {logging_mixin.py:190} INFO - [2024-11-02T13:20:15.096+0000] {dag.py:3239} INFO - Sync 2 DAGs
[2024-11-02T13:20:15.791+0000] {logging_mixin.py:190} INFO - [2024-11-02T13:20:15.790+0000] {dag.py:4180} INFO - Setting next_dagrun for example_xcom_args to None, run_after=None
[2024-11-02T13:20:15.987+0000] {logging_mixin.py:190} INFO - [2024-11-02T13:20:15.985+0000] {dag.py:4180} INFO - Setting next_dagrun for example_xcom_args_with_operators to None, run_after=None
[2024-11-02T13:20:16.997+0000] {processor.py:208} INFO - Processing /home/airflow/.local/lib/python3.12/site-packages/airflow/example_dags/example_xcomargs.py took 3.912 seconds
[2024-11-02T13:22:40.955+0000] {processor.py:186} INFO - Started process (PID=458) to work on /home/airflow/.local/lib/python3.12/site-packages/airflow/example_dags/example_xcomargs.py
[2024-11-02T13:22:40.965+0000] {processor.py:914} INFO - Processing file /home/airflow/.local/lib/python3.12/site-packages/airflow/example_dags/example_xcomargs.py for tasks to queue
[2024-11-02T13:22:41.029+0000] {logging_mixin.py:190} INFO - [2024-11-02T13:22:41.027+0000] {dagbag.py:588} INFO - Filling up the DagBag from /home/airflow/.local/lib/python3.12/site-packages/airflow/example_dags/example_xcomargs.py
[2024-11-02T13:22:44.212+0000] {processor.py:925} INFO - DAG(s) 'example_xcom_args', 'example_xcom_args_with_operators' retrieved from /home/airflow/.local/lib/python3.12/site-packages/airflow/example_dags/example_xcomargs.py
[2024-11-02T13:22:45.741+0000] {logging_mixin.py:190} INFO - [2024-11-02T13:22:45.740+0000] {dag.py:3239} INFO - Sync 2 DAGs
[2024-11-02T13:22:46.313+0000] {logging_mixin.py:190} INFO - [2024-11-02T13:22:46.312+0000] {dag.py:4180} INFO - Setting next_dagrun for example_xcom_args to None, run_after=None
[2024-11-02T13:22:46.421+0000] {logging_mixin.py:190} INFO - [2024-11-02T13:22:46.420+0000] {dag.py:4180} INFO - Setting next_dagrun for example_xcom_args_with_operators to None, run_after=None
[2024-11-02T13:22:46.657+0000] {processor.py:208} INFO - Processing /home/airflow/.local/lib/python3.12/site-packages/airflow/example_dags/example_xcomargs.py took 5.899 seconds
[2024-11-02T13:29:14.892+0000] {processor.py:186} INFO - Started process (PID=602) to work on /home/airflow/.local/lib/python3.12/site-packages/airflow/example_dags/example_xcomargs.py
[2024-11-02T13:29:14.922+0000] {processor.py:914} INFO - Processing file /home/airflow/.local/lib/python3.12/site-packages/airflow/example_dags/example_xcomargs.py for tasks to queue
[2024-11-02T13:29:14.950+0000] {logging_mixin.py:190} INFO - [2024-11-02T13:29:14.949+0000] {dagbag.py:588} INFO - Filling up the DagBag from /home/airflow/.local/lib/python3.12/site-packages/airflow/example_dags/example_xcomargs.py
[2024-11-02T13:29:15.374+0000] {processor.py:925} INFO - DAG(s) 'example_xcom_args_with_operators', 'example_xcom_args' retrieved from /home/airflow/.local/lib/python3.12/site-packages/airflow/example_dags/example_xcomargs.py
[2024-11-02T13:29:16.053+0000] {logging_mixin.py:190} INFO - [2024-11-02T13:29:16.053+0000] {dag.py:3239} INFO - Sync 2 DAGs
[2024-11-02T13:29:16.654+0000] {logging_mixin.py:190} INFO - [2024-11-02T13:29:16.627+0000] {dag.py:4180} INFO - Setting next_dagrun for example_xcom_args to None, run_after=None
[2024-11-02T13:29:16.823+0000] {logging_mixin.py:190} INFO - [2024-11-02T13:29:16.818+0000] {dag.py:4180} INFO - Setting next_dagrun for example_xcom_args_with_operators to None, run_after=None
[2024-11-02T13:29:17.331+0000] {processor.py:208} INFO - Processing /home/airflow/.local/lib/python3.12/site-packages/airflow/example_dags/example_xcomargs.py took 2.635 seconds
[2024-11-02T13:37:40.708+0000] {processor.py:186} INFO - Started process (PID=776) to work on /home/airflow/.local/lib/python3.12/site-packages/airflow/example_dags/example_xcomargs.py
[2024-11-02T13:37:40.777+0000] {processor.py:914} INFO - Processing file /home/airflow/.local/lib/python3.12/site-packages/airflow/example_dags/example_xcomargs.py for tasks to queue
[2024-11-02T13:37:40.954+0000] {logging_mixin.py:190} INFO - [2024-11-02T13:37:40.834+0000] {dagbag.py:588} INFO - Filling up the DagBag from /home/airflow/.local/lib/python3.12/site-packages/airflow/example_dags/example_xcomargs.py
[2024-11-02T13:37:44.644+0000] {processor.py:925} INFO - DAG(s) 'example_xcom_args', 'example_xcom_args_with_operators' retrieved from /home/airflow/.local/lib/python3.12/site-packages/airflow/example_dags/example_xcomargs.py
[2024-11-02T13:37:48.289+0000] {logging_mixin.py:190} INFO - [2024-11-02T13:37:48.288+0000] {dag.py:3239} INFO - Sync 2 DAGs
[2024-11-02T13:37:50.049+0000] {logging_mixin.py:190} INFO - [2024-11-02T13:37:50.048+0000] {dag.py:4180} INFO - Setting next_dagrun for example_xcom_args to None, run_after=None
[2024-11-02T13:37:50.226+0000] {logging_mixin.py:190} INFO - [2024-11-02T13:37:50.226+0000] {dag.py:4180} INFO - Setting next_dagrun for example_xcom_args_with_operators to None, run_after=None
[2024-11-02T13:37:50.965+0000] {processor.py:208} INFO - Processing /home/airflow/.local/lib/python3.12/site-packages/airflow/example_dags/example_xcomargs.py took 11.092 seconds
[2024-11-02T13:40:31.089+0000] {processor.py:186} INFO - Started process (PID=864) to work on /home/airflow/.local/lib/python3.12/site-packages/airflow/example_dags/example_xcomargs.py
[2024-11-02T13:40:31.138+0000] {processor.py:914} INFO - Processing file /home/airflow/.local/lib/python3.12/site-packages/airflow/example_dags/example_xcomargs.py for tasks to queue
[2024-11-02T13:40:31.150+0000] {logging_mixin.py:190} INFO - [2024-11-02T13:40:31.149+0000] {dagbag.py:588} INFO - Filling up the DagBag from /home/airflow/.local/lib/python3.12/site-packages/airflow/example_dags/example_xcomargs.py
[2024-11-02T13:40:31.301+0000] {processor.py:925} INFO - DAG(s) 'example_xcom_args', 'example_xcom_args_with_operators' retrieved from /home/airflow/.local/lib/python3.12/site-packages/airflow/example_dags/example_xcomargs.py
[2024-11-02T13:40:31.507+0000] {logging_mixin.py:190} INFO - [2024-11-02T13:40:31.506+0000] {dag.py:3239} INFO - Sync 2 DAGs
[2024-11-02T13:40:31.671+0000] {logging_mixin.py:190} INFO - [2024-11-02T13:40:31.671+0000] {dag.py:4180} INFO - Setting next_dagrun for example_xcom_args to None, run_after=None
[2024-11-02T13:40:31.722+0000] {logging_mixin.py:190} INFO - [2024-11-02T13:40:31.721+0000] {dag.py:4180} INFO - Setting next_dagrun for example_xcom_args_with_operators to None, run_after=None
[2024-11-02T13:40:32.400+0000] {processor.py:208} INFO - Processing /home/airflow/.local/lib/python3.12/site-packages/airflow/example_dags/example_xcomargs.py took 1.320 seconds
[2024-11-02T13:42:42.100+0000] {processor.py:186} INFO - Started process (PID=952) to work on /home/airflow/.local/lib/python3.12/site-packages/airflow/example_dags/example_xcomargs.py
[2024-11-02T13:42:42.110+0000] {processor.py:914} INFO - Processing file /home/airflow/.local/lib/python3.12/site-packages/airflow/example_dags/example_xcomargs.py for tasks to queue
[2024-11-02T13:42:42.168+0000] {logging_mixin.py:190} INFO - [2024-11-02T13:42:42.167+0000] {dagbag.py:588} INFO - Filling up the DagBag from /home/airflow/.local/lib/python3.12/site-packages/airflow/example_dags/example_xcomargs.py
[2024-11-02T13:42:42.508+0000] {processor.py:925} INFO - DAG(s) 'example_xcom_args', 'example_xcom_args_with_operators' retrieved from /home/airflow/.local/lib/python3.12/site-packages/airflow/example_dags/example_xcomargs.py
[2024-11-02T13:42:42.791+0000] {logging_mixin.py:190} INFO - [2024-11-02T13:42:42.791+0000] {dag.py:3239} INFO - Sync 2 DAGs
[2024-11-02T13:42:42.978+0000] {logging_mixin.py:190} INFO - [2024-11-02T13:42:42.977+0000] {dag.py:4180} INFO - Setting next_dagrun for example_xcom_args to None, run_after=None
[2024-11-02T13:42:43.086+0000] {logging_mixin.py:190} INFO - [2024-11-02T13:42:43.085+0000] {dag.py:4180} INFO - Setting next_dagrun for example_xcom_args_with_operators to None, run_after=None
[2024-11-02T13:42:43.355+0000] {processor.py:208} INFO - Processing /home/airflow/.local/lib/python3.12/site-packages/airflow/example_dags/example_xcomargs.py took 1.490 seconds
[2024-11-02T13:45:13.128+0000] {processor.py:186} INFO - Started process (PID=1064) to work on /home/airflow/.local/lib/python3.12/site-packages/airflow/example_dags/example_xcomargs.py
[2024-11-02T13:45:13.281+0000] {processor.py:914} INFO - Processing file /home/airflow/.local/lib/python3.12/site-packages/airflow/example_dags/example_xcomargs.py for tasks to queue
[2024-11-02T13:45:13.794+0000] {logging_mixin.py:190} INFO - [2024-11-02T13:45:13.675+0000] {dagbag.py:588} INFO - Filling up the DagBag from /home/airflow/.local/lib/python3.12/site-packages/airflow/example_dags/example_xcomargs.py
[2024-11-02T13:45:14.225+0000] {processor.py:925} INFO - DAG(s) 'example_xcom_args', 'example_xcom_args_with_operators' retrieved from /home/airflow/.local/lib/python3.12/site-packages/airflow/example_dags/example_xcomargs.py
[2024-11-02T13:45:15.540+0000] {logging_mixin.py:190} INFO - [2024-11-02T13:45:15.539+0000] {dag.py:3239} INFO - Sync 2 DAGs
[2024-11-02T13:45:15.694+0000] {logging_mixin.py:190} INFO - [2024-11-02T13:45:15.693+0000] {dag.py:4180} INFO - Setting next_dagrun for example_xcom_args to None, run_after=None
[2024-11-02T13:45:15.768+0000] {logging_mixin.py:190} INFO - [2024-11-02T13:45:15.767+0000] {dag.py:4180} INFO - Setting next_dagrun for example_xcom_args_with_operators to None, run_after=None
[2024-11-02T13:45:15.950+0000] {processor.py:208} INFO - Processing /home/airflow/.local/lib/python3.12/site-packages/airflow/example_dags/example_xcomargs.py took 2.900 seconds
[2024-11-02T13:50:01.806+0000] {processor.py:186} INFO - Started process (PID=1188) to work on /home/airflow/.local/lib/python3.12/site-packages/airflow/example_dags/example_xcomargs.py
[2024-11-02T13:50:01.825+0000] {processor.py:914} INFO - Processing file /home/airflow/.local/lib/python3.12/site-packages/airflow/example_dags/example_xcomargs.py for tasks to queue
[2024-11-02T13:50:01.834+0000] {logging_mixin.py:190} INFO - [2024-11-02T13:50:01.833+0000] {dagbag.py:588} INFO - Filling up the DagBag from /home/airflow/.local/lib/python3.12/site-packages/airflow/example_dags/example_xcomargs.py
[2024-11-02T13:50:02.092+0000] {processor.py:925} INFO - DAG(s) 'example_xcom_args_with_operators', 'example_xcom_args' retrieved from /home/airflow/.local/lib/python3.12/site-packages/airflow/example_dags/example_xcomargs.py
[2024-11-02T13:50:02.423+0000] {logging_mixin.py:190} INFO - [2024-11-02T13:50:02.422+0000] {dag.py:3239} INFO - Sync 2 DAGs
[2024-11-02T13:50:02.873+0000] {logging_mixin.py:190} INFO - [2024-11-02T13:50:02.872+0000] {dag.py:4180} INFO - Setting next_dagrun for example_xcom_args to None, run_after=None
[2024-11-02T13:50:02.979+0000] {logging_mixin.py:190} INFO - [2024-11-02T13:50:02.978+0000] {dag.py:4180} INFO - Setting next_dagrun for example_xcom_args_with_operators to None, run_after=None
[2024-11-02T13:50:03.404+0000] {processor.py:208} INFO - Processing /home/airflow/.local/lib/python3.12/site-packages/airflow/example_dags/example_xcomargs.py took 1.797 seconds
[2024-11-02T13:53:12.752+0000] {processor.py:186} INFO - Started process (PID=1293) to work on /home/airflow/.local/lib/python3.12/site-packages/airflow/example_dags/example_xcomargs.py
[2024-11-02T13:53:12.821+0000] {processor.py:914} INFO - Processing file /home/airflow/.local/lib/python3.12/site-packages/airflow/example_dags/example_xcomargs.py for tasks to queue
[2024-11-02T13:53:13.144+0000] {logging_mixin.py:190} INFO - [2024-11-02T13:53:13.142+0000] {dagbag.py:588} INFO - Filling up the DagBag from /home/airflow/.local/lib/python3.12/site-packages/airflow/example_dags/example_xcomargs.py
[2024-11-02T13:53:15.907+0000] {processor.py:925} INFO - DAG(s) 'example_xcom_args', 'example_xcom_args_with_operators' retrieved from /home/airflow/.local/lib/python3.12/site-packages/airflow/example_dags/example_xcomargs.py
[2024-11-02T13:53:16.483+0000] {logging_mixin.py:190} INFO - [2024-11-02T13:53:16.482+0000] {dag.py:3239} INFO - Sync 2 DAGs
[2024-11-02T13:53:16.959+0000] {logging_mixin.py:190} INFO - [2024-11-02T13:53:16.958+0000] {dag.py:4180} INFO - Setting next_dagrun for example_xcom_args to None, run_after=None
[2024-11-02T13:53:17.446+0000] {logging_mixin.py:190} INFO - [2024-11-02T13:53:17.445+0000] {dag.py:4180} INFO - Setting next_dagrun for example_xcom_args_with_operators to None, run_after=None
[2024-11-02T13:53:18.153+0000] {processor.py:208} INFO - Processing /home/airflow/.local/lib/python3.12/site-packages/airflow/example_dags/example_xcomargs.py took 5.541 seconds
[2024-11-02T13:55:37.099+0000] {processor.py:186} INFO - Started process (PID=1398) to work on /home/airflow/.local/lib/python3.12/site-packages/airflow/example_dags/example_xcomargs.py
[2024-11-02T13:55:37.154+0000] {processor.py:914} INFO - Processing file /home/airflow/.local/lib/python3.12/site-packages/airflow/example_dags/example_xcomargs.py for tasks to queue
[2024-11-02T13:55:37.186+0000] {logging_mixin.py:190} INFO - [2024-11-02T13:55:37.185+0000] {dagbag.py:588} INFO - Filling up the DagBag from /home/airflow/.local/lib/python3.12/site-packages/airflow/example_dags/example_xcomargs.py
[2024-11-02T13:55:37.303+0000] {processor.py:925} INFO - DAG(s) 'example_xcom_args_with_operators', 'example_xcom_args' retrieved from /home/airflow/.local/lib/python3.12/site-packages/airflow/example_dags/example_xcomargs.py
[2024-11-02T13:55:38.091+0000] {logging_mixin.py:190} INFO - [2024-11-02T13:55:38.089+0000] {dag.py:3239} INFO - Sync 2 DAGs
[2024-11-02T13:55:38.314+0000] {logging_mixin.py:190} INFO - [2024-11-02T13:55:38.313+0000] {dag.py:4180} INFO - Setting next_dagrun for example_xcom_args to None, run_after=None
[2024-11-02T13:55:38.420+0000] {logging_mixin.py:190} INFO - [2024-11-02T13:55:38.393+0000] {dag.py:4180} INFO - Setting next_dagrun for example_xcom_args_with_operators to None, run_after=None
[2024-11-02T13:55:38.588+0000] {processor.py:208} INFO - Processing /home/airflow/.local/lib/python3.12/site-packages/airflow/example_dags/example_xcomargs.py took 1.597 seconds
[2024-11-02T13:58:23.012+0000] {processor.py:186} INFO - Started process (PID=1512) to work on /home/airflow/.local/lib/python3.12/site-packages/airflow/example_dags/example_xcomargs.py
[2024-11-02T13:58:23.060+0000] {processor.py:914} INFO - Processing file /home/airflow/.local/lib/python3.12/site-packages/airflow/example_dags/example_xcomargs.py for tasks to queue
[2024-11-02T13:58:23.068+0000] {logging_mixin.py:190} INFO - [2024-11-02T13:58:23.067+0000] {dagbag.py:588} INFO - Filling up the DagBag from /home/airflow/.local/lib/python3.12/site-packages/airflow/example_dags/example_xcomargs.py
[2024-11-02T13:58:23.220+0000] {processor.py:925} INFO - DAG(s) 'example_xcom_args', 'example_xcom_args_with_operators' retrieved from /home/airflow/.local/lib/python3.12/site-packages/airflow/example_dags/example_xcomargs.py
[2024-11-02T13:58:23.650+0000] {logging_mixin.py:190} INFO - [2024-11-02T13:58:23.650+0000] {dag.py:3239} INFO - Sync 2 DAGs
[2024-11-02T13:58:23.968+0000] {logging_mixin.py:190} INFO - [2024-11-02T13:58:23.967+0000] {dag.py:4180} INFO - Setting next_dagrun for example_xcom_args to None, run_after=None
[2024-11-02T13:58:24.038+0000] {logging_mixin.py:190} INFO - [2024-11-02T13:58:24.037+0000] {dag.py:4180} INFO - Setting next_dagrun for example_xcom_args_with_operators to None, run_after=None
[2024-11-02T13:58:24.352+0000] {processor.py:208} INFO - Processing /home/airflow/.local/lib/python3.12/site-packages/airflow/example_dags/example_xcomargs.py took 1.371 seconds
[2024-11-02T14:01:57.481+0000] {processor.py:186} INFO - Started process (PID=1630) to work on /home/airflow/.local/lib/python3.12/site-packages/airflow/example_dags/example_xcomargs.py
[2024-11-02T14:01:57.484+0000] {processor.py:914} INFO - Processing file /home/airflow/.local/lib/python3.12/site-packages/airflow/example_dags/example_xcomargs.py for tasks to queue
[2024-11-02T14:01:57.489+0000] {logging_mixin.py:190} INFO - [2024-11-02T14:01:57.488+0000] {dagbag.py:588} INFO - Filling up the DagBag from /home/airflow/.local/lib/python3.12/site-packages/airflow/example_dags/example_xcomargs.py
[2024-11-02T14:01:57.659+0000] {processor.py:925} INFO - DAG(s) 'example_xcom_args', 'example_xcom_args_with_operators' retrieved from /home/airflow/.local/lib/python3.12/site-packages/airflow/example_dags/example_xcomargs.py
[2024-11-02T14:01:58.432+0000] {logging_mixin.py:190} INFO - [2024-11-02T14:01:58.431+0000] {dag.py:3239} INFO - Sync 2 DAGs
[2024-11-02T14:01:58.689+0000] {logging_mixin.py:190} INFO - [2024-11-02T14:01:58.688+0000] {dag.py:4180} INFO - Setting next_dagrun for example_xcom_args to None, run_after=None
[2024-11-02T14:01:58.763+0000] {logging_mixin.py:190} INFO - [2024-11-02T14:01:58.763+0000] {dag.py:4180} INFO - Setting next_dagrun for example_xcom_args_with_operators to None, run_after=None
[2024-11-02T14:01:59.471+0000] {processor.py:208} INFO - Processing /home/airflow/.local/lib/python3.12/site-packages/airflow/example_dags/example_xcomargs.py took 2.297 seconds
[2024-11-02T14:11:22.228+0000] {processor.py:186} INFO - Started process (PID=1806) to work on /home/airflow/.local/lib/python3.12/site-packages/airflow/example_dags/example_xcomargs.py
[2024-11-02T14:11:22.310+0000] {processor.py:914} INFO - Processing file /home/airflow/.local/lib/python3.12/site-packages/airflow/example_dags/example_xcomargs.py for tasks to queue
[2024-11-02T14:11:22.350+0000] {logging_mixin.py:190} INFO - [2024-11-02T14:11:22.337+0000] {dagbag.py:588} INFO - Filling up the DagBag from /home/airflow/.local/lib/python3.12/site-packages/airflow/example_dags/example_xcomargs.py
[2024-11-02T14:11:23.876+0000] {processor.py:925} INFO - DAG(s) 'example_xcom_args_with_operators', 'example_xcom_args' retrieved from /home/airflow/.local/lib/python3.12/site-packages/airflow/example_dags/example_xcomargs.py
[2024-11-02T14:11:25.516+0000] {logging_mixin.py:190} INFO - [2024-11-02T14:11:25.515+0000] {dag.py:3239} INFO - Sync 2 DAGs
[2024-11-02T14:11:26.292+0000] {logging_mixin.py:190} INFO - [2024-11-02T14:11:26.291+0000] {dag.py:4180} INFO - Setting next_dagrun for example_xcom_args to None, run_after=None
[2024-11-02T14:11:26.665+0000] {logging_mixin.py:190} INFO - [2024-11-02T14:11:26.656+0000] {dag.py:4180} INFO - Setting next_dagrun for example_xcom_args_with_operators to None, run_after=None
[2024-11-02T14:11:27.460+0000] {processor.py:208} INFO - Processing /home/airflow/.local/lib/python3.12/site-packages/airflow/example_dags/example_xcomargs.py took 6.088 seconds
[2024-11-02T14:23:57.579+0000] {processor.py:186} INFO - Started process (PID=2035) to work on /home/airflow/.local/lib/python3.12/site-packages/airflow/example_dags/example_xcomargs.py
[2024-11-02T14:23:57.738+0000] {processor.py:914} INFO - Processing file /home/airflow/.local/lib/python3.12/site-packages/airflow/example_dags/example_xcomargs.py for tasks to queue
[2024-11-02T14:23:57.743+0000] {logging_mixin.py:190} INFO - [2024-11-02T14:23:57.742+0000] {dagbag.py:588} INFO - Filling up the DagBag from /home/airflow/.local/lib/python3.12/site-packages/airflow/example_dags/example_xcomargs.py
[2024-11-02T14:23:57.975+0000] {processor.py:925} INFO - DAG(s) 'example_xcom_args_with_operators', 'example_xcom_args' retrieved from /home/airflow/.local/lib/python3.12/site-packages/airflow/example_dags/example_xcomargs.py
[2024-11-02T14:23:59.174+0000] {logging_mixin.py:190} INFO - [2024-11-02T14:23:59.173+0000] {dag.py:3239} INFO - Sync 2 DAGs
[2024-11-02T14:24:00.220+0000] {logging_mixin.py:190} INFO - [2024-11-02T14:24:00.192+0000] {dag.py:4180} INFO - Setting next_dagrun for example_xcom_args to None, run_after=None
[2024-11-02T14:24:00.311+0000] {logging_mixin.py:190} INFO - [2024-11-02T14:24:00.301+0000] {dag.py:4180} INFO - Setting next_dagrun for example_xcom_args_with_operators to None, run_after=None
[2024-11-02T14:24:00.725+0000] {processor.py:208} INFO - Processing /home/airflow/.local/lib/python3.12/site-packages/airflow/example_dags/example_xcomargs.py took 3.319 seconds
[2024-11-02T14:34:20.277+0000] {processor.py:186} INFO - Started process (PID=2231) to work on /home/airflow/.local/lib/python3.12/site-packages/airflow/example_dags/example_xcomargs.py
[2024-11-02T14:34:20.472+0000] {processor.py:914} INFO - Processing file /home/airflow/.local/lib/python3.12/site-packages/airflow/example_dags/example_xcomargs.py for tasks to queue
[2024-11-02T14:34:20.958+0000] {logging_mixin.py:190} INFO - [2024-11-02T14:34:20.953+0000] {dagbag.py:588} INFO - Filling up the DagBag from /home/airflow/.local/lib/python3.12/site-packages/airflow/example_dags/example_xcomargs.py
[2024-11-02T14:34:26.104+0000] {processor.py:925} INFO - DAG(s) 'example_xcom_args', 'example_xcom_args_with_operators' retrieved from /home/airflow/.local/lib/python3.12/site-packages/airflow/example_dags/example_xcomargs.py
[2024-11-02T14:34:39.047+0000] {logging_mixin.py:190} INFO - [2024-11-02T14:34:39.008+0000] {dag.py:3239} INFO - Sync 2 DAGs
[2024-11-02T14:34:42.627+0000] {logging_mixin.py:190} INFO - [2024-11-02T14:34:42.615+0000] {dag.py:4180} INFO - Setting next_dagrun for example_xcom_args to None, run_after=None
[2024-11-02T14:34:43.048+0000] {logging_mixin.py:190} INFO - [2024-11-02T14:34:43.017+0000] {dag.py:4180} INFO - Setting next_dagrun for example_xcom_args_with_operators to None, run_after=None
[2024-11-02T14:34:44.415+0000] {processor.py:208} INFO - Processing /home/airflow/.local/lib/python3.12/site-packages/airflow/example_dags/example_xcomargs.py took 27.163 seconds
[2024-11-02T14:49:44.780+0000] {processor.py:186} INFO - Started process (PID=2488) to work on /home/airflow/.local/lib/python3.12/site-packages/airflow/example_dags/example_xcomargs.py
[2024-11-02T14:49:44.797+0000] {processor.py:914} INFO - Processing file /home/airflow/.local/lib/python3.12/site-packages/airflow/example_dags/example_xcomargs.py for tasks to queue
[2024-11-02T14:49:44.801+0000] {logging_mixin.py:190} INFO - [2024-11-02T14:49:44.800+0000] {dagbag.py:588} INFO - Filling up the DagBag from /home/airflow/.local/lib/python3.12/site-packages/airflow/example_dags/example_xcomargs.py
[2024-11-02T14:49:45.851+0000] {processor.py:925} INFO - DAG(s) 'example_xcom_args', 'example_xcom_args_with_operators' retrieved from /home/airflow/.local/lib/python3.12/site-packages/airflow/example_dags/example_xcomargs.py
[2024-11-02T14:49:47.269+0000] {logging_mixin.py:190} INFO - [2024-11-02T14:49:47.267+0000] {dag.py:3239} INFO - Sync 2 DAGs
[2024-11-02T14:49:49.016+0000] {logging_mixin.py:190} INFO - [2024-11-02T14:49:49.015+0000] {dag.py:4180} INFO - Setting next_dagrun for example_xcom_args to None, run_after=None
[2024-11-02T14:49:49.055+0000] {logging_mixin.py:190} INFO - [2024-11-02T14:49:49.054+0000] {dag.py:4180} INFO - Setting next_dagrun for example_xcom_args_with_operators to None, run_after=None
[2024-11-02T14:49:49.935+0000] {processor.py:208} INFO - Processing /home/airflow/.local/lib/python3.12/site-packages/airflow/example_dags/example_xcomargs.py took 5.312 seconds
[2024-11-02T14:59:44.740+0000] {processor.py:186} INFO - Started process (PID=2682) to work on /home/airflow/.local/lib/python3.12/site-packages/airflow/example_dags/example_xcomargs.py
[2024-11-02T14:59:44.770+0000] {processor.py:914} INFO - Processing file /home/airflow/.local/lib/python3.12/site-packages/airflow/example_dags/example_xcomargs.py for tasks to queue
[2024-11-02T14:59:44.791+0000] {logging_mixin.py:190} INFO - [2024-11-02T14:59:44.788+0000] {dagbag.py:588} INFO - Filling up the DagBag from /home/airflow/.local/lib/python3.12/site-packages/airflow/example_dags/example_xcomargs.py
[2024-11-02T14:59:45.267+0000] {processor.py:925} INFO - DAG(s) 'example_xcom_args_with_operators', 'example_xcom_args' retrieved from /home/airflow/.local/lib/python3.12/site-packages/airflow/example_dags/example_xcomargs.py
[2024-11-02T14:59:46.232+0000] {logging_mixin.py:190} INFO - [2024-11-02T14:59:46.231+0000] {dag.py:3239} INFO - Sync 2 DAGs
[2024-11-02T14:59:47.001+0000] {logging_mixin.py:190} INFO - [2024-11-02T14:59:46.934+0000] {dag.py:4180} INFO - Setting next_dagrun for example_xcom_args to None, run_after=None
[2024-11-02T14:59:47.327+0000] {logging_mixin.py:190} INFO - [2024-11-02T14:59:47.326+0000] {dag.py:4180} INFO - Setting next_dagrun for example_xcom_args_with_operators to None, run_after=None
[2024-11-02T14:59:47.515+0000] {processor.py:208} INFO - Processing /home/airflow/.local/lib/python3.12/site-packages/airflow/example_dags/example_xcomargs.py took 3.111 seconds
[2024-11-02T15:08:33.472+0000] {processor.py:186} INFO - Started process (PID=2862) to work on /home/airflow/.local/lib/python3.12/site-packages/airflow/example_dags/example_xcomargs.py
[2024-11-02T15:08:33.557+0000] {processor.py:914} INFO - Processing file /home/airflow/.local/lib/python3.12/site-packages/airflow/example_dags/example_xcomargs.py for tasks to queue
[2024-11-02T15:08:33.588+0000] {logging_mixin.py:190} INFO - [2024-11-02T15:08:33.584+0000] {dagbag.py:588} INFO - Filling up the DagBag from /home/airflow/.local/lib/python3.12/site-packages/airflow/example_dags/example_xcomargs.py
[2024-11-02T15:08:33.930+0000] {processor.py:925} INFO - DAG(s) 'example_xcom_args_with_operators', 'example_xcom_args' retrieved from /home/airflow/.local/lib/python3.12/site-packages/airflow/example_dags/example_xcomargs.py
[2024-11-02T15:08:34.890+0000] {logging_mixin.py:190} INFO - [2024-11-02T15:08:34.882+0000] {dag.py:3239} INFO - Sync 2 DAGs
[2024-11-02T15:08:35.965+0000] {logging_mixin.py:190} INFO - [2024-11-02T15:08:35.962+0000] {dag.py:4180} INFO - Setting next_dagrun for example_xcom_args to None, run_after=None
[2024-11-02T15:08:36.181+0000] {logging_mixin.py:190} INFO - [2024-11-02T15:08:36.169+0000] {dag.py:4180} INFO - Setting next_dagrun for example_xcom_args_with_operators to None, run_after=None
[2024-11-02T15:08:39.148+0000] {processor.py:208} INFO - Processing /home/airflow/.local/lib/python3.12/site-packages/airflow/example_dags/example_xcomargs.py took 5.869 seconds
[2024-11-02T15:12:58.665+0000] {processor.py:186} INFO - Started process (PID=3001) to work on /home/airflow/.local/lib/python3.12/site-packages/airflow/example_dags/example_xcomargs.py
[2024-11-02T15:12:58.726+0000] {processor.py:914} INFO - Processing file /home/airflow/.local/lib/python3.12/site-packages/airflow/example_dags/example_xcomargs.py for tasks to queue
[2024-11-02T15:12:58.834+0000] {logging_mixin.py:190} INFO - [2024-11-02T15:12:58.806+0000] {dagbag.py:588} INFO - Filling up the DagBag from /home/airflow/.local/lib/python3.12/site-packages/airflow/example_dags/example_xcomargs.py
[2024-11-02T15:12:59.321+0000] {processor.py:925} INFO - DAG(s) 'example_xcom_args', 'example_xcom_args_with_operators' retrieved from /home/airflow/.local/lib/python3.12/site-packages/airflow/example_dags/example_xcomargs.py
[2024-11-02T15:13:00.396+0000] {logging_mixin.py:190} INFO - [2024-11-02T15:13:00.314+0000] {dag.py:3239} INFO - Sync 2 DAGs
[2024-11-02T15:13:00.725+0000] {logging_mixin.py:190} INFO - [2024-11-02T15:13:00.724+0000] {dag.py:4180} INFO - Setting next_dagrun for example_xcom_args to None, run_after=None
[2024-11-02T15:13:00.950+0000] {logging_mixin.py:190} INFO - [2024-11-02T15:13:00.949+0000] {dag.py:4180} INFO - Setting next_dagrun for example_xcom_args_with_operators to None, run_after=None
[2024-11-02T15:13:01.521+0000] {processor.py:208} INFO - Processing /home/airflow/.local/lib/python3.12/site-packages/airflow/example_dags/example_xcomargs.py took 3.270 seconds
[2024-11-02T15:18:02.259+0000] {processor.py:186} INFO - Started process (PID=3152) to work on /home/airflow/.local/lib/python3.12/site-packages/airflow/example_dags/example_xcomargs.py
[2024-11-02T15:18:02.324+0000] {processor.py:914} INFO - Processing file /home/airflow/.local/lib/python3.12/site-packages/airflow/example_dags/example_xcomargs.py for tasks to queue
[2024-11-02T15:18:02.576+0000] {logging_mixin.py:190} INFO - [2024-11-02T15:18:02.469+0000] {dagbag.py:588} INFO - Filling up the DagBag from /home/airflow/.local/lib/python3.12/site-packages/airflow/example_dags/example_xcomargs.py
[2024-11-02T15:18:03.506+0000] {processor.py:925} INFO - DAG(s) 'example_xcom_args', 'example_xcom_args_with_operators' retrieved from /home/airflow/.local/lib/python3.12/site-packages/airflow/example_dags/example_xcomargs.py
[2024-11-02T15:18:05.195+0000] {logging_mixin.py:190} INFO - [2024-11-02T15:18:05.193+0000] {dag.py:3239} INFO - Sync 2 DAGs
[2024-11-02T15:18:06.428+0000] {logging_mixin.py:190} INFO - [2024-11-02T15:18:06.427+0000] {dag.py:4180} INFO - Setting next_dagrun for example_xcom_args to None, run_after=None
[2024-11-02T15:18:06.602+0000] {logging_mixin.py:190} INFO - [2024-11-02T15:18:06.578+0000] {dag.py:4180} INFO - Setting next_dagrun for example_xcom_args_with_operators to None, run_after=None
[2024-11-02T15:18:07.399+0000] {processor.py:208} INFO - Processing /home/airflow/.local/lib/python3.12/site-packages/airflow/example_dags/example_xcomargs.py took 5.711 seconds
[2024-11-02T15:21:02.372+0000] {processor.py:186} INFO - Started process (PID=3264) to work on /home/airflow/.local/lib/python3.12/site-packages/airflow/example_dags/example_xcomargs.py
[2024-11-02T15:21:02.401+0000] {processor.py:914} INFO - Processing file /home/airflow/.local/lib/python3.12/site-packages/airflow/example_dags/example_xcomargs.py for tasks to queue
[2024-11-02T15:21:02.445+0000] {logging_mixin.py:190} INFO - [2024-11-02T15:21:02.441+0000] {dagbag.py:588} INFO - Filling up the DagBag from /home/airflow/.local/lib/python3.12/site-packages/airflow/example_dags/example_xcomargs.py
[2024-11-02T15:21:02.953+0000] {processor.py:925} INFO - DAG(s) 'example_xcom_args_with_operators', 'example_xcom_args' retrieved from /home/airflow/.local/lib/python3.12/site-packages/airflow/example_dags/example_xcomargs.py
[2024-11-02T15:21:04.119+0000] {logging_mixin.py:190} INFO - [2024-11-02T15:21:04.118+0000] {dag.py:3239} INFO - Sync 2 DAGs
[2024-11-02T15:21:04.352+0000] {logging_mixin.py:190} INFO - [2024-11-02T15:21:04.352+0000] {dag.py:4180} INFO - Setting next_dagrun for example_xcom_args to None, run_after=None
[2024-11-02T15:21:04.391+0000] {logging_mixin.py:190} INFO - [2024-11-02T15:21:04.385+0000] {dag.py:4180} INFO - Setting next_dagrun for example_xcom_args_with_operators to None, run_after=None
[2024-11-02T15:21:04.751+0000] {processor.py:208} INFO - Processing /home/airflow/.local/lib/python3.12/site-packages/airflow/example_dags/example_xcomargs.py took 2.442 seconds
[2024-11-02T15:23:31.334+0000] {processor.py:186} INFO - Started process (PID=3346) to work on /home/airflow/.local/lib/python3.12/site-packages/airflow/example_dags/example_xcomargs.py
[2024-11-02T15:23:31.339+0000] {processor.py:914} INFO - Processing file /home/airflow/.local/lib/python3.12/site-packages/airflow/example_dags/example_xcomargs.py for tasks to queue
[2024-11-02T15:23:31.344+0000] {logging_mixin.py:190} INFO - [2024-11-02T15:23:31.342+0000] {dagbag.py:588} INFO - Filling up the DagBag from /home/airflow/.local/lib/python3.12/site-packages/airflow/example_dags/example_xcomargs.py
[2024-11-02T15:23:31.548+0000] {processor.py:925} INFO - DAG(s) 'example_xcom_args', 'example_xcom_args_with_operators' retrieved from /home/airflow/.local/lib/python3.12/site-packages/airflow/example_dags/example_xcomargs.py
[2024-11-02T15:23:31.968+0000] {logging_mixin.py:190} INFO - [2024-11-02T15:23:31.967+0000] {dag.py:3239} INFO - Sync 2 DAGs
[2024-11-02T15:23:32.241+0000] {logging_mixin.py:190} INFO - [2024-11-02T15:23:32.240+0000] {dag.py:4180} INFO - Setting next_dagrun for example_xcom_args to None, run_after=None
[2024-11-02T15:23:32.368+0000] {logging_mixin.py:190} INFO - [2024-11-02T15:23:32.349+0000] {dag.py:4180} INFO - Setting next_dagrun for example_xcom_args_with_operators to None, run_after=None
[2024-11-02T15:23:32.738+0000] {processor.py:208} INFO - Processing /home/airflow/.local/lib/python3.12/site-packages/airflow/example_dags/example_xcomargs.py took 1.519 seconds
[2024-11-02T15:28:49.782+0000] {processor.py:186} INFO - Started process (PID=3478) to work on /home/airflow/.local/lib/python3.12/site-packages/airflow/example_dags/example_xcomargs.py
[2024-11-02T15:28:50.090+0000] {processor.py:914} INFO - Processing file /home/airflow/.local/lib/python3.12/site-packages/airflow/example_dags/example_xcomargs.py for tasks to queue
[2024-11-02T15:28:50.377+0000] {logging_mixin.py:190} INFO - [2024-11-02T15:28:50.247+0000] {dagbag.py:588} INFO - Filling up the DagBag from /home/airflow/.local/lib/python3.12/site-packages/airflow/example_dags/example_xcomargs.py
[2024-11-02T15:29:17.184+0000] {processor.py:925} INFO - DAG(s) 'example_xcom_args', 'example_xcom_args_with_operators' retrieved from /home/airflow/.local/lib/python3.12/site-packages/airflow/example_dags/example_xcomargs.py
[2024-11-02T15:30:12.090+0000] {logging_mixin.py:190} INFO - [2024-11-02T15:30:12.084+0000] {dag.py:3239} INFO - Sync 2 DAGs
[2024-11-02T15:30:12.278+0000] {logging_mixin.py:190} INFO - [2024-11-02T15:30:12.277+0000] {dag.py:4180} INFO - Setting next_dagrun for example_xcom_args to None, run_after=None
[2024-11-02T15:30:12.305+0000] {logging_mixin.py:190} INFO - [2024-11-02T15:30:12.304+0000] {dag.py:4180} INFO - Setting next_dagrun for example_xcom_args_with_operators to None, run_after=None
[2024-11-02T15:30:12.403+0000] {processor.py:208} INFO - Processing /home/airflow/.local/lib/python3.12/site-packages/airflow/example_dags/example_xcomargs.py took 86.249 seconds
[2024-11-02T15:33:48.787+0000] {processor.py:186} INFO - Started process (PID=3620) to work on /home/airflow/.local/lib/python3.12/site-packages/airflow/example_dags/example_xcomargs.py
[2024-11-02T15:33:48.885+0000] {processor.py:914} INFO - Processing file /home/airflow/.local/lib/python3.12/site-packages/airflow/example_dags/example_xcomargs.py for tasks to queue
[2024-11-02T15:33:48.890+0000] {logging_mixin.py:190} INFO - [2024-11-02T15:33:48.889+0000] {dagbag.py:588} INFO - Filling up the DagBag from /home/airflow/.local/lib/python3.12/site-packages/airflow/example_dags/example_xcomargs.py
[2024-11-02T15:33:49.062+0000] {processor.py:925} INFO - DAG(s) 'example_xcom_args', 'example_xcom_args_with_operators' retrieved from /home/airflow/.local/lib/python3.12/site-packages/airflow/example_dags/example_xcomargs.py
[2024-11-02T15:33:49.516+0000] {logging_mixin.py:190} INFO - [2024-11-02T15:33:49.515+0000] {dag.py:3239} INFO - Sync 2 DAGs
[2024-11-02T15:33:49.700+0000] {logging_mixin.py:190} INFO - [2024-11-02T15:33:49.700+0000] {dag.py:4180} INFO - Setting next_dagrun for example_xcom_args to None, run_after=None
[2024-11-02T15:33:49.767+0000] {logging_mixin.py:190} INFO - [2024-11-02T15:33:49.766+0000] {dag.py:4180} INFO - Setting next_dagrun for example_xcom_args_with_operators to None, run_after=None
[2024-11-02T15:33:50.229+0000] {processor.py:208} INFO - Processing /home/airflow/.local/lib/python3.12/site-packages/airflow/example_dags/example_xcomargs.py took 1.462 seconds
[2024-11-02T15:46:03.677+0000] {processor.py:186} INFO - Started process (PID=3853) to work on /home/airflow/.local/lib/python3.12/site-packages/airflow/example_dags/example_xcomargs.py
[2024-11-02T15:46:03.715+0000] {processor.py:914} INFO - Processing file /home/airflow/.local/lib/python3.12/site-packages/airflow/example_dags/example_xcomargs.py for tasks to queue
[2024-11-02T15:46:03.743+0000] {logging_mixin.py:190} INFO - [2024-11-02T15:46:03.741+0000] {dagbag.py:588} INFO - Filling up the DagBag from /home/airflow/.local/lib/python3.12/site-packages/airflow/example_dags/example_xcomargs.py
[2024-11-02T15:46:04.919+0000] {processor.py:925} INFO - DAG(s) 'example_xcom_args_with_operators', 'example_xcom_args' retrieved from /home/airflow/.local/lib/python3.12/site-packages/airflow/example_dags/example_xcomargs.py
[2024-11-02T15:46:06.241+0000] {logging_mixin.py:190} INFO - [2024-11-02T15:46:06.238+0000] {dag.py:3239} INFO - Sync 2 DAGs
[2024-11-02T15:46:07.763+0000] {logging_mixin.py:190} INFO - [2024-11-02T15:46:07.761+0000] {dag.py:4180} INFO - Setting next_dagrun for example_xcom_args to None, run_after=None
[2024-11-02T15:46:07.936+0000] {logging_mixin.py:190} INFO - [2024-11-02T15:46:07.935+0000] {dag.py:4180} INFO - Setting next_dagrun for example_xcom_args_with_operators to None, run_after=None
[2024-11-02T15:46:09.938+0000] {processor.py:208} INFO - Processing /home/airflow/.local/lib/python3.12/site-packages/airflow/example_dags/example_xcomargs.py took 6.558 seconds
[2024-11-02T15:50:22.481+0000] {processor.py:186} INFO - Started process (PID=3953) to work on /home/airflow/.local/lib/python3.12/site-packages/airflow/example_dags/example_xcomargs.py
[2024-11-02T15:50:22.521+0000] {processor.py:914} INFO - Processing file /home/airflow/.local/lib/python3.12/site-packages/airflow/example_dags/example_xcomargs.py for tasks to queue
[2024-11-02T15:50:22.718+0000] {logging_mixin.py:190} INFO - [2024-11-02T15:50:22.715+0000] {dagbag.py:588} INFO - Filling up the DagBag from /home/airflow/.local/lib/python3.12/site-packages/airflow/example_dags/example_xcomargs.py
[2024-11-02T15:50:23.029+0000] {processor.py:925} INFO - DAG(s) 'example_xcom_args_with_operators', 'example_xcom_args' retrieved from /home/airflow/.local/lib/python3.12/site-packages/airflow/example_dags/example_xcomargs.py
[2024-11-02T15:50:23.802+0000] {logging_mixin.py:190} INFO - [2024-11-02T15:50:23.800+0000] {dag.py:3239} INFO - Sync 2 DAGs
[2024-11-02T15:50:25.040+0000] {logging_mixin.py:190} INFO - [2024-11-02T15:50:25.026+0000] {dag.py:4180} INFO - Setting next_dagrun for example_xcom_args to None, run_after=None
[2024-11-02T15:50:25.182+0000] {logging_mixin.py:190} INFO - [2024-11-02T15:50:25.180+0000] {dag.py:4180} INFO - Setting next_dagrun for example_xcom_args_with_operators to None, run_after=None
[2024-11-02T15:50:25.583+0000] {processor.py:208} INFO - Processing /home/airflow/.local/lib/python3.12/site-packages/airflow/example_dags/example_xcomargs.py took 3.783 seconds
[2024-11-02T15:55:54.414+0000] {processor.py:186} INFO - Started process (PID=4110) to work on /home/airflow/.local/lib/python3.12/site-packages/airflow/example_dags/example_xcomargs.py
[2024-11-02T15:55:54.555+0000] {processor.py:914} INFO - Processing file /home/airflow/.local/lib/python3.12/site-packages/airflow/example_dags/example_xcomargs.py for tasks to queue
[2024-11-02T15:55:54.564+0000] {logging_mixin.py:190} INFO - [2024-11-02T15:55:54.563+0000] {dagbag.py:588} INFO - Filling up the DagBag from /home/airflow/.local/lib/python3.12/site-packages/airflow/example_dags/example_xcomargs.py
[2024-11-02T15:55:54.672+0000] {processor.py:925} INFO - DAG(s) 'example_xcom_args', 'example_xcom_args_with_operators' retrieved from /home/airflow/.local/lib/python3.12/site-packages/airflow/example_dags/example_xcomargs.py
[2024-11-02T15:55:55.209+0000] {logging_mixin.py:190} INFO - [2024-11-02T15:55:55.209+0000] {dag.py:3239} INFO - Sync 2 DAGs
[2024-11-02T15:55:55.483+0000] {logging_mixin.py:190} INFO - [2024-11-02T15:55:55.483+0000] {dag.py:4180} INFO - Setting next_dagrun for example_xcom_args to None, run_after=None
[2024-11-02T15:55:55.525+0000] {logging_mixin.py:190} INFO - [2024-11-02T15:55:55.525+0000] {dag.py:4180} INFO - Setting next_dagrun for example_xcom_args_with_operators to None, run_after=None
[2024-11-02T15:55:55.785+0000] {processor.py:208} INFO - Processing /home/airflow/.local/lib/python3.12/site-packages/airflow/example_dags/example_xcomargs.py took 1.391 seconds
[2024-11-02T16:08:45.415+0000] {processor.py:186} INFO - Started process (PID=4294) to work on /home/airflow/.local/lib/python3.12/site-packages/airflow/example_dags/example_xcomargs.py
[2024-11-02T16:08:45.426+0000] {processor.py:914} INFO - Processing file /home/airflow/.local/lib/python3.12/site-packages/airflow/example_dags/example_xcomargs.py for tasks to queue
[2024-11-02T16:08:45.438+0000] {logging_mixin.py:190} INFO - [2024-11-02T16:08:45.436+0000] {dagbag.py:588} INFO - Filling up the DagBag from /home/airflow/.local/lib/python3.12/site-packages/airflow/example_dags/example_xcomargs.py
[2024-11-02T16:08:46.388+0000] {processor.py:925} INFO - DAG(s) 'example_xcom_args_with_operators', 'example_xcom_args' retrieved from /home/airflow/.local/lib/python3.12/site-packages/airflow/example_dags/example_xcomargs.py
[2024-11-02T16:08:48.427+0000] {logging_mixin.py:190} INFO - [2024-11-02T16:08:48.426+0000] {dag.py:3239} INFO - Sync 2 DAGs
[2024-11-02T16:08:49.136+0000] {logging_mixin.py:190} INFO - [2024-11-02T16:08:49.135+0000] {dag.py:4180} INFO - Setting next_dagrun for example_xcom_args to None, run_after=None
[2024-11-02T16:08:49.253+0000] {logging_mixin.py:190} INFO - [2024-11-02T16:08:49.252+0000] {dag.py:4180} INFO - Setting next_dagrun for example_xcom_args_with_operators to None, run_after=None
[2024-11-02T16:08:50.915+0000] {processor.py:208} INFO - Processing /home/airflow/.local/lib/python3.12/site-packages/airflow/example_dags/example_xcomargs.py took 5.989 seconds
