[2024-11-02T13:13:36.957+0000] {processor.py:186} INFO - Started process (PID=155) to work on /home/airflow/.local/lib/python3.12/site-packages/airflow/example_dags/tutorial.py
[2024-11-02T13:13:36.966+0000] {processor.py:914} INFO - Processing file /home/airflow/.local/lib/python3.12/site-packages/airflow/example_dags/tutorial.py for tasks to queue
[2024-11-02T13:13:37.031+0000] {logging_mixin.py:190} INFO - [2024-11-02T13:13:37.025+0000] {dagbag.py:588} INFO - Filling up the DagBag from /home/airflow/.local/lib/python3.12/site-packages/airflow/example_dags/tutorial.py
[2024-11-02T13:13:37.276+0000] {processor.py:925} INFO - DAG(s) 'tutorial' retrieved from /home/airflow/.local/lib/python3.12/site-packages/airflow/example_dags/tutorial.py
[2024-11-02T13:13:38.515+0000] {logging_mixin.py:190} INFO - [2024-11-02T13:13:38.473+0000] {dag.py:3239} INFO - Sync 1 DAGs
[2024-11-02T13:13:39.220+0000] {logging_mixin.py:190} INFO - [2024-11-02T13:13:39.220+0000] {dag.py:4180} INFO - Setting next_dagrun for tutorial to 2024-11-01 00:00:00+00:00, run_after=2024-11-02 00:00:00+00:00
[2024-11-02T13:13:39.613+0000] {processor.py:208} INFO - Processing /home/airflow/.local/lib/python3.12/site-packages/airflow/example_dags/tutorial.py took 3.047 seconds
[2024-11-02T13:15:42.194+0000] {processor.py:186} INFO - Started process (PID=235) to work on /home/airflow/.local/lib/python3.12/site-packages/airflow/example_dags/tutorial.py
[2024-11-02T13:15:42.247+0000] {processor.py:914} INFO - Processing file /home/airflow/.local/lib/python3.12/site-packages/airflow/example_dags/tutorial.py for tasks to queue
[2024-11-02T13:15:42.357+0000] {logging_mixin.py:190} INFO - [2024-11-02T13:15:42.355+0000] {dagbag.py:588} INFO - Filling up the DagBag from /home/airflow/.local/lib/python3.12/site-packages/airflow/example_dags/tutorial.py
[2024-11-02T13:15:43.101+0000] {processor.py:925} INFO - DAG(s) 'tutorial' retrieved from /home/airflow/.local/lib/python3.12/site-packages/airflow/example_dags/tutorial.py
[2024-11-02T13:15:46.183+0000] {logging_mixin.py:190} INFO - [2024-11-02T13:15:46.163+0000] {dag.py:3239} INFO - Sync 1 DAGs
[2024-11-02T13:15:47.207+0000] {logging_mixin.py:190} INFO - [2024-11-02T13:15:47.206+0000] {dag.py:4180} INFO - Setting next_dagrun for tutorial to 2024-11-01 00:00:00+00:00, run_after=2024-11-02 00:00:00+00:00
[2024-11-02T13:15:48.147+0000] {processor.py:208} INFO - Processing /home/airflow/.local/lib/python3.12/site-packages/airflow/example_dags/tutorial.py took 6.098 seconds
[2024-11-02T13:19:13.881+0000] {processor.py:186} INFO - Started process (PID=310) to work on /home/airflow/.local/lib/python3.12/site-packages/airflow/example_dags/tutorial.py
[2024-11-02T13:19:13.928+0000] {processor.py:914} INFO - Processing file /home/airflow/.local/lib/python3.12/site-packages/airflow/example_dags/tutorial.py for tasks to queue
[2024-11-02T13:19:13.952+0000] {logging_mixin.py:190} INFO - [2024-11-02T13:19:13.951+0000] {dagbag.py:588} INFO - Filling up the DagBag from /home/airflow/.local/lib/python3.12/site-packages/airflow/example_dags/tutorial.py
[2024-11-02T13:19:14.175+0000] {processor.py:925} INFO - DAG(s) 'tutorial' retrieved from /home/airflow/.local/lib/python3.12/site-packages/airflow/example_dags/tutorial.py
[2024-11-02T13:19:14.474+0000] {logging_mixin.py:190} INFO - [2024-11-02T13:19:14.474+0000] {dag.py:3239} INFO - Sync 1 DAGs
[2024-11-02T13:19:15.035+0000] {logging_mixin.py:190} INFO - [2024-11-02T13:19:15.034+0000] {dag.py:4180} INFO - Setting next_dagrun for tutorial to 2024-11-01 00:00:00+00:00, run_after=2024-11-02 00:00:00+00:00
[2024-11-02T13:19:15.378+0000] {processor.py:208} INFO - Processing /home/airflow/.local/lib/python3.12/site-packages/airflow/example_dags/tutorial.py took 1.652 seconds
[2024-11-02T13:21:05.277+0000] {processor.py:186} INFO - Started process (PID=387) to work on /home/airflow/.local/lib/python3.12/site-packages/airflow/example_dags/tutorial.py
[2024-11-02T13:21:05.356+0000] {processor.py:914} INFO - Processing file /home/airflow/.local/lib/python3.12/site-packages/airflow/example_dags/tutorial.py for tasks to queue
[2024-11-02T13:21:05.363+0000] {logging_mixin.py:190} INFO - [2024-11-02T13:21:05.362+0000] {dagbag.py:588} INFO - Filling up the DagBag from /home/airflow/.local/lib/python3.12/site-packages/airflow/example_dags/tutorial.py
[2024-11-02T13:21:05.988+0000] {processor.py:925} INFO - DAG(s) 'tutorial' retrieved from /home/airflow/.local/lib/python3.12/site-packages/airflow/example_dags/tutorial.py
[2024-11-02T13:21:06.463+0000] {logging_mixin.py:190} INFO - [2024-11-02T13:21:06.462+0000] {dag.py:3239} INFO - Sync 1 DAGs
[2024-11-02T13:21:07.029+0000] {logging_mixin.py:190} INFO - [2024-11-02T13:21:07.028+0000] {dag.py:4180} INFO - Setting next_dagrun for tutorial to 2024-11-01 00:00:00+00:00, run_after=2024-11-02 00:00:00+00:00
[2024-11-02T13:21:07.345+0000] {processor.py:208} INFO - Processing /home/airflow/.local/lib/python3.12/site-packages/airflow/example_dags/tutorial.py took 2.167 seconds
[2024-11-02T13:22:16.136+0000] {processor.py:186} INFO - Started process (PID=439) to work on /home/airflow/.local/lib/python3.12/site-packages/airflow/example_dags/tutorial.py
[2024-11-02T13:22:16.145+0000] {processor.py:914} INFO - Processing file /home/airflow/.local/lib/python3.12/site-packages/airflow/example_dags/tutorial.py for tasks to queue
[2024-11-02T13:22:16.202+0000] {logging_mixin.py:190} INFO - [2024-11-02T13:22:16.161+0000] {dagbag.py:588} INFO - Filling up the DagBag from /home/airflow/.local/lib/python3.12/site-packages/airflow/example_dags/tutorial.py
[2024-11-02T13:22:16.581+0000] {processor.py:925} INFO - DAG(s) 'tutorial' retrieved from /home/airflow/.local/lib/python3.12/site-packages/airflow/example_dags/tutorial.py
[2024-11-02T13:22:16.932+0000] {logging_mixin.py:190} INFO - [2024-11-02T13:22:16.931+0000] {dag.py:3239} INFO - Sync 1 DAGs
[2024-11-02T13:22:17.751+0000] {logging_mixin.py:190} INFO - [2024-11-02T13:22:17.751+0000] {dag.py:4180} INFO - Setting next_dagrun for tutorial to 2024-11-01 00:00:00+00:00, run_after=2024-11-02 00:00:00+00:00
[2024-11-02T13:22:18.078+0000] {processor.py:208} INFO - Processing /home/airflow/.local/lib/python3.12/site-packages/airflow/example_dags/tutorial.py took 2.299 seconds
[2024-11-02T13:23:54.961+0000] {processor.py:186} INFO - Started process (PID=501) to work on /home/airflow/.local/lib/python3.12/site-packages/airflow/example_dags/tutorial.py
[2024-11-02T13:23:55.057+0000] {processor.py:914} INFO - Processing file /home/airflow/.local/lib/python3.12/site-packages/airflow/example_dags/tutorial.py for tasks to queue
[2024-11-02T13:23:55.068+0000] {logging_mixin.py:190} INFO - [2024-11-02T13:23:55.066+0000] {dagbag.py:588} INFO - Filling up the DagBag from /home/airflow/.local/lib/python3.12/site-packages/airflow/example_dags/tutorial.py
[2024-11-02T13:23:55.598+0000] {processor.py:925} INFO - DAG(s) 'tutorial' retrieved from /home/airflow/.local/lib/python3.12/site-packages/airflow/example_dags/tutorial.py
[2024-11-02T13:23:56.097+0000] {logging_mixin.py:190} INFO - [2024-11-02T13:23:56.096+0000] {dag.py:3239} INFO - Sync 1 DAGs
[2024-11-02T13:23:57.068+0000] {logging_mixin.py:190} INFO - [2024-11-02T13:23:57.067+0000] {dag.py:4180} INFO - Setting next_dagrun for tutorial to 2024-11-01 00:00:00+00:00, run_after=2024-11-02 00:00:00+00:00
[2024-11-02T13:23:57.606+0000] {processor.py:208} INFO - Processing /home/airflow/.local/lib/python3.12/site-packages/airflow/example_dags/tutorial.py took 2.839 seconds
[2024-11-02T13:32:20.248+0000] {processor.py:186} INFO - Started process (PID=655) to work on /home/airflow/.local/lib/python3.12/site-packages/airflow/example_dags/tutorial.py
[2024-11-02T13:32:20.816+0000] {processor.py:914} INFO - Processing file /home/airflow/.local/lib/python3.12/site-packages/airflow/example_dags/tutorial.py for tasks to queue
[2024-11-02T13:32:23.613+0000] {logging_mixin.py:190} INFO - [2024-11-02T13:32:23.288+0000] {dagbag.py:588} INFO - Filling up the DagBag from /home/airflow/.local/lib/python3.12/site-packages/airflow/example_dags/tutorial.py
[2024-11-02T13:32:36.668+0000] {processor.py:925} INFO - DAG(s) 'tutorial' retrieved from /home/airflow/.local/lib/python3.12/site-packages/airflow/example_dags/tutorial.py
[2024-11-02T13:32:42.238+0000] {logging_mixin.py:190} INFO - [2024-11-02T13:32:42.236+0000] {dag.py:3239} INFO - Sync 1 DAGs
[2024-11-02T13:32:47.919+0000] {logging_mixin.py:190} INFO - [2024-11-02T13:32:47.917+0000] {dag.py:4180} INFO - Setting next_dagrun for tutorial to 2024-11-01 00:00:00+00:00, run_after=2024-11-02 00:00:00+00:00
[2024-11-02T13:32:50.122+0000] {processor.py:208} INFO - Processing /home/airflow/.local/lib/python3.12/site-packages/airflow/example_dags/tutorial.py took 39.797 seconds
[2024-11-02T13:35:21.737+0000] {processor.py:186} INFO - Started process (PID=735) to work on /home/airflow/.local/lib/python3.12/site-packages/airflow/example_dags/tutorial.py
[2024-11-02T13:35:21.743+0000] {processor.py:914} INFO - Processing file /home/airflow/.local/lib/python3.12/site-packages/airflow/example_dags/tutorial.py for tasks to queue
[2024-11-02T13:35:21.771+0000] {logging_mixin.py:190} INFO - [2024-11-02T13:35:21.768+0000] {dagbag.py:588} INFO - Filling up the DagBag from /home/airflow/.local/lib/python3.12/site-packages/airflow/example_dags/tutorial.py
[2024-11-02T13:35:23.972+0000] {processor.py:925} INFO - DAG(s) 'tutorial' retrieved from /home/airflow/.local/lib/python3.12/site-packages/airflow/example_dags/tutorial.py
[2024-11-02T13:35:27.090+0000] {logging_mixin.py:190} INFO - [2024-11-02T13:35:27.089+0000] {dag.py:3239} INFO - Sync 1 DAGs
[2024-11-02T13:35:30.498+0000] {logging_mixin.py:190} INFO - [2024-11-02T13:35:30.497+0000] {dag.py:4180} INFO - Setting next_dagrun for tutorial to 2024-11-01 00:00:00+00:00, run_after=2024-11-02 00:00:00+00:00
[2024-11-02T13:35:32.423+0000] {processor.py:208} INFO - Processing /home/airflow/.local/lib/python3.12/site-packages/airflow/example_dags/tutorial.py took 15.002 seconds
[2024-11-02T13:39:45.050+0000] {processor.py:186} INFO - Started process (PID=826) to work on /home/airflow/.local/lib/python3.12/site-packages/airflow/example_dags/tutorial.py
[2024-11-02T13:39:45.114+0000] {processor.py:914} INFO - Processing file /home/airflow/.local/lib/python3.12/site-packages/airflow/example_dags/tutorial.py for tasks to queue
[2024-11-02T13:39:45.118+0000] {logging_mixin.py:190} INFO - [2024-11-02T13:39:45.118+0000] {dagbag.py:588} INFO - Filling up the DagBag from /home/airflow/.local/lib/python3.12/site-packages/airflow/example_dags/tutorial.py
[2024-11-02T13:39:45.179+0000] {processor.py:925} INFO - DAG(s) 'tutorial' retrieved from /home/airflow/.local/lib/python3.12/site-packages/airflow/example_dags/tutorial.py
[2024-11-02T13:39:45.370+0000] {logging_mixin.py:190} INFO - [2024-11-02T13:39:45.369+0000] {dag.py:3239} INFO - Sync 1 DAGs
[2024-11-02T13:39:46.046+0000] {logging_mixin.py:190} INFO - [2024-11-02T13:39:46.044+0000] {dag.py:4180} INFO - Setting next_dagrun for tutorial to 2024-11-01 00:00:00+00:00, run_after=2024-11-02 00:00:00+00:00
[2024-11-02T13:39:46.313+0000] {processor.py:208} INFO - Processing /home/airflow/.local/lib/python3.12/site-packages/airflow/example_dags/tutorial.py took 1.380 seconds
[2024-11-02T13:41:09.007+0000] {processor.py:186} INFO - Started process (PID=894) to work on /home/airflow/.local/lib/python3.12/site-packages/airflow/example_dags/tutorial.py
[2024-11-02T13:41:09.017+0000] {processor.py:914} INFO - Processing file /home/airflow/.local/lib/python3.12/site-packages/airflow/example_dags/tutorial.py for tasks to queue
[2024-11-02T13:41:09.058+0000] {logging_mixin.py:190} INFO - [2024-11-02T13:41:09.058+0000] {dagbag.py:588} INFO - Filling up the DagBag from /home/airflow/.local/lib/python3.12/site-packages/airflow/example_dags/tutorial.py
[2024-11-02T13:41:09.118+0000] {processor.py:925} INFO - DAG(s) 'tutorial' retrieved from /home/airflow/.local/lib/python3.12/site-packages/airflow/example_dags/tutorial.py
[2024-11-02T13:41:09.316+0000] {logging_mixin.py:190} INFO - [2024-11-02T13:41:09.315+0000] {dag.py:3239} INFO - Sync 1 DAGs
[2024-11-02T13:41:10.364+0000] {logging_mixin.py:190} INFO - [2024-11-02T13:41:10.364+0000] {dag.py:4180} INFO - Setting next_dagrun for tutorial to 2024-11-01 00:00:00+00:00, run_after=2024-11-02 00:00:00+00:00
[2024-11-02T13:41:10.830+0000] {processor.py:208} INFO - Processing /home/airflow/.local/lib/python3.12/site-packages/airflow/example_dags/tutorial.py took 1.878 seconds
[2024-11-02T13:43:44.611+0000] {processor.py:186} INFO - Started process (PID=988) to work on /home/airflow/.local/lib/python3.12/site-packages/airflow/example_dags/tutorial.py
[2024-11-02T13:43:44.739+0000] {processor.py:914} INFO - Processing file /home/airflow/.local/lib/python3.12/site-packages/airflow/example_dags/tutorial.py for tasks to queue
[2024-11-02T13:43:44.743+0000] {logging_mixin.py:190} INFO - [2024-11-02T13:43:44.742+0000] {dagbag.py:588} INFO - Filling up the DagBag from /home/airflow/.local/lib/python3.12/site-packages/airflow/example_dags/tutorial.py
[2024-11-02T13:43:44.964+0000] {processor.py:925} INFO - DAG(s) 'tutorial' retrieved from /home/airflow/.local/lib/python3.12/site-packages/airflow/example_dags/tutorial.py
[2024-11-02T13:43:45.526+0000] {logging_mixin.py:190} INFO - [2024-11-02T13:43:45.512+0000] {dag.py:3239} INFO - Sync 1 DAGs
[2024-11-02T13:43:45.891+0000] {logging_mixin.py:190} INFO - [2024-11-02T13:43:45.890+0000] {dag.py:4180} INFO - Setting next_dagrun for tutorial to 2024-11-01 00:00:00+00:00, run_after=2024-11-02 00:00:00+00:00
[2024-11-02T13:43:46.388+0000] {processor.py:208} INFO - Processing /home/airflow/.local/lib/python3.12/site-packages/airflow/example_dags/tutorial.py took 1.934 seconds
[2024-11-02T13:44:52.898+0000] {processor.py:186} INFO - Started process (PID=1043) to work on /home/airflow/.local/lib/python3.12/site-packages/airflow/example_dags/tutorial.py
[2024-11-02T13:44:52.926+0000] {processor.py:914} INFO - Processing file /home/airflow/.local/lib/python3.12/site-packages/airflow/example_dags/tutorial.py for tasks to queue
[2024-11-02T13:44:52.931+0000] {logging_mixin.py:190} INFO - [2024-11-02T13:44:52.930+0000] {dagbag.py:588} INFO - Filling up the DagBag from /home/airflow/.local/lib/python3.12/site-packages/airflow/example_dags/tutorial.py
[2024-11-02T13:44:53.065+0000] {processor.py:925} INFO - DAG(s) 'tutorial' retrieved from /home/airflow/.local/lib/python3.12/site-packages/airflow/example_dags/tutorial.py
[2024-11-02T13:44:53.238+0000] {logging_mixin.py:190} INFO - [2024-11-02T13:44:53.236+0000] {dag.py:3239} INFO - Sync 1 DAGs
[2024-11-02T13:44:53.636+0000] {logging_mixin.py:190} INFO - [2024-11-02T13:44:53.604+0000] {dag.py:4180} INFO - Setting next_dagrun for tutorial to 2024-11-01 00:00:00+00:00, run_after=2024-11-02 00:00:00+00:00
[2024-11-02T13:44:54.042+0000] {processor.py:208} INFO - Processing /home/airflow/.local/lib/python3.12/site-packages/airflow/example_dags/tutorial.py took 1.224 seconds
[2024-11-02T13:49:35.791+0000] {processor.py:186} INFO - Started process (PID=1167) to work on /home/airflow/.local/lib/python3.12/site-packages/airflow/example_dags/tutorial.py
[2024-11-02T13:49:35.798+0000] {processor.py:914} INFO - Processing file /home/airflow/.local/lib/python3.12/site-packages/airflow/example_dags/tutorial.py for tasks to queue
[2024-11-02T13:49:35.809+0000] {logging_mixin.py:190} INFO - [2024-11-02T13:49:35.807+0000] {dagbag.py:588} INFO - Filling up the DagBag from /home/airflow/.local/lib/python3.12/site-packages/airflow/example_dags/tutorial.py
[2024-11-02T13:49:36.206+0000] {processor.py:925} INFO - DAG(s) 'tutorial' retrieved from /home/airflow/.local/lib/python3.12/site-packages/airflow/example_dags/tutorial.py
[2024-11-02T13:49:36.693+0000] {logging_mixin.py:190} INFO - [2024-11-02T13:49:36.693+0000] {dag.py:3239} INFO - Sync 1 DAGs
[2024-11-02T13:49:37.380+0000] {logging_mixin.py:190} INFO - [2024-11-02T13:49:37.380+0000] {dag.py:4180} INFO - Setting next_dagrun for tutorial to 2024-11-01 00:00:00+00:00, run_after=2024-11-02 00:00:00+00:00
[2024-11-02T13:49:37.887+0000] {processor.py:208} INFO - Processing /home/airflow/.local/lib/python3.12/site-packages/airflow/example_dags/tutorial.py took 2.292 seconds
[2024-11-02T13:51:56.917+0000] {processor.py:186} INFO - Started process (PID=1264) to work on /home/airflow/.local/lib/python3.12/site-packages/airflow/example_dags/tutorial.py
[2024-11-02T13:51:56.969+0000] {processor.py:914} INFO - Processing file /home/airflow/.local/lib/python3.12/site-packages/airflow/example_dags/tutorial.py for tasks to queue
[2024-11-02T13:51:57.372+0000] {logging_mixin.py:190} INFO - [2024-11-02T13:51:57.348+0000] {dagbag.py:588} INFO - Filling up the DagBag from /home/airflow/.local/lib/python3.12/site-packages/airflow/example_dags/tutorial.py
[2024-11-02T13:51:57.785+0000] {processor.py:925} INFO - DAG(s) 'tutorial' retrieved from /home/airflow/.local/lib/python3.12/site-packages/airflow/example_dags/tutorial.py
[2024-11-02T13:51:58.063+0000] {logging_mixin.py:190} INFO - [2024-11-02T13:51:58.062+0000] {dag.py:3239} INFO - Sync 1 DAGs
[2024-11-02T13:51:58.553+0000] {logging_mixin.py:190} INFO - [2024-11-02T13:51:58.553+0000] {dag.py:4180} INFO - Setting next_dagrun for tutorial to 2024-11-01 00:00:00+00:00, run_after=2024-11-02 00:00:00+00:00
[2024-11-02T13:51:58.808+0000] {processor.py:208} INFO - Processing /home/airflow/.local/lib/python3.12/site-packages/airflow/example_dags/tutorial.py took 2.133 seconds
[2024-11-02T13:54:10.529+0000] {processor.py:186} INFO - Started process (PID=1329) to work on /home/airflow/.local/lib/python3.12/site-packages/airflow/example_dags/tutorial.py
[2024-11-02T13:54:10.612+0000] {processor.py:914} INFO - Processing file /home/airflow/.local/lib/python3.12/site-packages/airflow/example_dags/tutorial.py for tasks to queue
[2024-11-02T13:54:10.683+0000] {logging_mixin.py:190} INFO - [2024-11-02T13:54:10.631+0000] {dagbag.py:588} INFO - Filling up the DagBag from /home/airflow/.local/lib/python3.12/site-packages/airflow/example_dags/tutorial.py
[2024-11-02T13:54:10.961+0000] {processor.py:925} INFO - DAG(s) 'tutorial' retrieved from /home/airflow/.local/lib/python3.12/site-packages/airflow/example_dags/tutorial.py
[2024-11-02T13:54:11.744+0000] {logging_mixin.py:190} INFO - [2024-11-02T13:54:11.743+0000] {dag.py:3239} INFO - Sync 1 DAGs
[2024-11-02T13:54:12.196+0000] {logging_mixin.py:190} INFO - [2024-11-02T13:54:12.195+0000] {dag.py:4180} INFO - Setting next_dagrun for tutorial to 2024-11-01 00:00:00+00:00, run_after=2024-11-02 00:00:00+00:00
[2024-11-02T13:54:12.513+0000] {processor.py:208} INFO - Processing /home/airflow/.local/lib/python3.12/site-packages/airflow/example_dags/tutorial.py took 2.168 seconds
[2024-11-02T13:55:19.902+0000] {processor.py:186} INFO - Started process (PID=1388) to work on /home/airflow/.local/lib/python3.12/site-packages/airflow/example_dags/tutorial.py
[2024-11-02T13:55:19.929+0000] {processor.py:914} INFO - Processing file /home/airflow/.local/lib/python3.12/site-packages/airflow/example_dags/tutorial.py for tasks to queue
[2024-11-02T13:55:19.933+0000] {logging_mixin.py:190} INFO - [2024-11-02T13:55:19.932+0000] {dagbag.py:588} INFO - Filling up the DagBag from /home/airflow/.local/lib/python3.12/site-packages/airflow/example_dags/tutorial.py
[2024-11-02T13:55:20.082+0000] {processor.py:925} INFO - DAG(s) 'tutorial' retrieved from /home/airflow/.local/lib/python3.12/site-packages/airflow/example_dags/tutorial.py
[2024-11-02T13:55:20.357+0000] {logging_mixin.py:190} INFO - [2024-11-02T13:55:20.356+0000] {dag.py:3239} INFO - Sync 1 DAGs
[2024-11-02T13:55:20.678+0000] {logging_mixin.py:190} INFO - [2024-11-02T13:55:20.677+0000] {dag.py:4180} INFO - Setting next_dagrun for tutorial to 2024-11-01 00:00:00+00:00, run_after=2024-11-02 00:00:00+00:00
[2024-11-02T13:55:20.928+0000] {processor.py:208} INFO - Processing /home/airflow/.local/lib/python3.12/site-packages/airflow/example_dags/tutorial.py took 1.109 seconds
[2024-11-02T13:57:48.693+0000] {processor.py:186} INFO - Started process (PID=1488) to work on /home/airflow/.local/lib/python3.12/site-packages/airflow/example_dags/tutorial.py
[2024-11-02T13:57:48.711+0000] {processor.py:914} INFO - Processing file /home/airflow/.local/lib/python3.12/site-packages/airflow/example_dags/tutorial.py for tasks to queue
[2024-11-02T13:57:48.716+0000] {logging_mixin.py:190} INFO - [2024-11-02T13:57:48.715+0000] {dagbag.py:588} INFO - Filling up the DagBag from /home/airflow/.local/lib/python3.12/site-packages/airflow/example_dags/tutorial.py
[2024-11-02T13:57:50.088+0000] {processor.py:925} INFO - DAG(s) 'tutorial' retrieved from /home/airflow/.local/lib/python3.12/site-packages/airflow/example_dags/tutorial.py
[2024-11-02T13:57:50.827+0000] {logging_mixin.py:190} INFO - [2024-11-02T13:57:50.827+0000] {dag.py:3239} INFO - Sync 1 DAGs
[2024-11-02T13:57:51.061+0000] {logging_mixin.py:190} INFO - [2024-11-02T13:57:51.060+0000] {dag.py:4180} INFO - Setting next_dagrun for tutorial to 2024-11-01 00:00:00+00:00, run_after=2024-11-02 00:00:00+00:00
[2024-11-02T13:57:51.248+0000] {processor.py:208} INFO - Processing /home/airflow/.local/lib/python3.12/site-packages/airflow/example_dags/tutorial.py took 2.711 seconds
[2024-11-02T13:59:35.920+0000] {processor.py:186} INFO - Started process (PID=1548) to work on /home/airflow/.local/lib/python3.12/site-packages/airflow/example_dags/tutorial.py
[2024-11-02T13:59:36.008+0000] {processor.py:914} INFO - Processing file /home/airflow/.local/lib/python3.12/site-packages/airflow/example_dags/tutorial.py for tasks to queue
[2024-11-02T13:59:36.031+0000] {logging_mixin.py:190} INFO - [2024-11-02T13:59:36.017+0000] {dagbag.py:588} INFO - Filling up the DagBag from /home/airflow/.local/lib/python3.12/site-packages/airflow/example_dags/tutorial.py
[2024-11-02T13:59:36.249+0000] {processor.py:925} INFO - DAG(s) 'tutorial' retrieved from /home/airflow/.local/lib/python3.12/site-packages/airflow/example_dags/tutorial.py
[2024-11-02T13:59:37.320+0000] {logging_mixin.py:190} INFO - [2024-11-02T13:59:37.317+0000] {dag.py:3239} INFO - Sync 1 DAGs
[2024-11-02T13:59:38.277+0000] {logging_mixin.py:190} INFO - [2024-11-02T13:59:38.276+0000] {dag.py:4180} INFO - Setting next_dagrun for tutorial to 2024-11-01 00:00:00+00:00, run_after=2024-11-02 00:00:00+00:00
[2024-11-02T13:59:39.046+0000] {processor.py:208} INFO - Processing /home/airflow/.local/lib/python3.12/site-packages/airflow/example_dags/tutorial.py took 3.180 seconds
[2024-11-02T14:01:14.388+0000] {processor.py:186} INFO - Started process (PID=1605) to work on /home/airflow/.local/lib/python3.12/site-packages/airflow/example_dags/tutorial.py
[2024-11-02T14:01:14.409+0000] {processor.py:914} INFO - Processing file /home/airflow/.local/lib/python3.12/site-packages/airflow/example_dags/tutorial.py for tasks to queue
[2024-11-02T14:01:14.430+0000] {logging_mixin.py:190} INFO - [2024-11-02T14:01:14.429+0000] {dagbag.py:588} INFO - Filling up the DagBag from /home/airflow/.local/lib/python3.12/site-packages/airflow/example_dags/tutorial.py
[2024-11-02T14:01:14.524+0000] {processor.py:925} INFO - DAG(s) 'tutorial' retrieved from /home/airflow/.local/lib/python3.12/site-packages/airflow/example_dags/tutorial.py
[2024-11-02T14:01:14.707+0000] {logging_mixin.py:190} INFO - [2024-11-02T14:01:14.706+0000] {dag.py:3239} INFO - Sync 1 DAGs
[2024-11-02T14:01:15.007+0000] {logging_mixin.py:190} INFO - [2024-11-02T14:01:15.007+0000] {dag.py:4180} INFO - Setting next_dagrun for tutorial to 2024-11-01 00:00:00+00:00, run_after=2024-11-02 00:00:00+00:00
[2024-11-02T14:01:15.239+0000] {processor.py:208} INFO - Processing /home/airflow/.local/lib/python3.12/site-packages/airflow/example_dags/tutorial.py took 0.864 seconds
[2024-11-02T14:02:33.844+0000] {processor.py:186} INFO - Started process (PID=1661) to work on /home/airflow/.local/lib/python3.12/site-packages/airflow/example_dags/tutorial.py
[2024-11-02T14:02:33.877+0000] {processor.py:914} INFO - Processing file /home/airflow/.local/lib/python3.12/site-packages/airflow/example_dags/tutorial.py for tasks to queue
[2024-11-02T14:02:33.909+0000] {logging_mixin.py:190} INFO - [2024-11-02T14:02:33.908+0000] {dagbag.py:588} INFO - Filling up the DagBag from /home/airflow/.local/lib/python3.12/site-packages/airflow/example_dags/tutorial.py
[2024-11-02T14:02:34.098+0000] {processor.py:925} INFO - DAG(s) 'tutorial' retrieved from /home/airflow/.local/lib/python3.12/site-packages/airflow/example_dags/tutorial.py
[2024-11-02T14:02:34.382+0000] {logging_mixin.py:190} INFO - [2024-11-02T14:02:34.381+0000] {dag.py:3239} INFO - Sync 1 DAGs
[2024-11-02T14:02:35.190+0000] {logging_mixin.py:190} INFO - [2024-11-02T14:02:35.190+0000] {dag.py:4180} INFO - Setting next_dagrun for tutorial to 2024-11-01 00:00:00+00:00, run_after=2024-11-02 00:00:00+00:00
[2024-11-02T14:02:35.580+0000] {processor.py:208} INFO - Processing /home/airflow/.local/lib/python3.12/site-packages/airflow/example_dags/tutorial.py took 1.806 seconds
[2024-11-02T14:08:10.191+0000] {processor.py:186} INFO - Started process (PID=1755) to work on /home/airflow/.local/lib/python3.12/site-packages/airflow/example_dags/tutorial.py
[2024-11-02T14:08:10.220+0000] {processor.py:914} INFO - Processing file /home/airflow/.local/lib/python3.12/site-packages/airflow/example_dags/tutorial.py for tasks to queue
[2024-11-02T14:08:10.237+0000] {logging_mixin.py:190} INFO - [2024-11-02T14:08:10.235+0000] {dagbag.py:588} INFO - Filling up the DagBag from /home/airflow/.local/lib/python3.12/site-packages/airflow/example_dags/tutorial.py
[2024-11-02T14:08:12.670+0000] {processor.py:925} INFO - DAG(s) 'tutorial' retrieved from /home/airflow/.local/lib/python3.12/site-packages/airflow/example_dags/tutorial.py
[2024-11-02T14:08:16.919+0000] {logging_mixin.py:190} INFO - [2024-11-02T14:08:16.917+0000] {dag.py:3239} INFO - Sync 1 DAGs
[2024-11-02T14:08:21.717+0000] {logging_mixin.py:190} INFO - [2024-11-02T14:08:21.653+0000] {dag.py:4180} INFO - Setting next_dagrun for tutorial to 2024-11-01 00:00:00+00:00, run_after=2024-11-02 00:00:00+00:00
[2024-11-02T14:08:23.540+0000] {processor.py:208} INFO - Processing /home/airflow/.local/lib/python3.12/site-packages/airflow/example_dags/tutorial.py took 14.157 seconds
[2024-11-02T14:13:47.980+0000] {processor.py:186} INFO - Started process (PID=1863) to work on /home/airflow/.local/lib/python3.12/site-packages/airflow/example_dags/tutorial.py
[2024-11-02T14:13:47.992+0000] {processor.py:914} INFO - Processing file /home/airflow/.local/lib/python3.12/site-packages/airflow/example_dags/tutorial.py for tasks to queue
[2024-11-02T14:13:48.020+0000] {logging_mixin.py:190} INFO - [2024-11-02T14:13:48.018+0000] {dagbag.py:588} INFO - Filling up the DagBag from /home/airflow/.local/lib/python3.12/site-packages/airflow/example_dags/tutorial.py
[2024-11-02T14:13:48.125+0000] {processor.py:925} INFO - DAG(s) 'tutorial' retrieved from /home/airflow/.local/lib/python3.12/site-packages/airflow/example_dags/tutorial.py
[2024-11-02T14:13:48.348+0000] {logging_mixin.py:190} INFO - [2024-11-02T14:13:48.347+0000] {dag.py:3239} INFO - Sync 1 DAGs
[2024-11-02T14:13:49.688+0000] {logging_mixin.py:190} INFO - [2024-11-02T14:13:49.314+0000] {dag.py:4180} INFO - Setting next_dagrun for tutorial to 2024-11-01 00:00:00+00:00, run_after=2024-11-02 00:00:00+00:00
[2024-11-02T14:13:50.891+0000] {processor.py:208} INFO - Processing /home/airflow/.local/lib/python3.12/site-packages/airflow/example_dags/tutorial.py took 3.046 seconds
[2024-11-02T14:21:25.050+0000] {processor.py:186} INFO - Started process (PID=1988) to work on /home/airflow/.local/lib/python3.12/site-packages/airflow/example_dags/tutorial.py
[2024-11-02T14:21:29.179+0000] {processor.py:914} INFO - Processing file /home/airflow/.local/lib/python3.12/site-packages/airflow/example_dags/tutorial.py for tasks to queue
[2024-11-02T14:21:30.794+0000] {logging_mixin.py:190} INFO - [2024-11-02T14:21:29.930+0000] {dagbag.py:588} INFO - Filling up the DagBag from /home/airflow/.local/lib/python3.12/site-packages/airflow/example_dags/tutorial.py
[2024-11-02T14:21:54.077+0000] {processor.py:925} INFO - DAG(s) 'tutorial' retrieved from /home/airflow/.local/lib/python3.12/site-packages/airflow/example_dags/tutorial.py
[2024-11-02T14:26:37.419+0000] {processor.py:186} INFO - Started process (PID=2090) to work on /home/airflow/.local/lib/python3.12/site-packages/airflow/example_dags/tutorial.py
[2024-11-02T14:26:39.390+0000] {processor.py:914} INFO - Processing file /home/airflow/.local/lib/python3.12/site-packages/airflow/example_dags/tutorial.py for tasks to queue
[2024-11-02T14:26:39.568+0000] {logging_mixin.py:190} INFO - [2024-11-02T14:26:39.456+0000] {dagbag.py:588} INFO - Filling up the DagBag from /home/airflow/.local/lib/python3.12/site-packages/airflow/example_dags/tutorial.py
[2024-11-02T14:26:49.661+0000] {processor.py:925} INFO - DAG(s) 'tutorial' retrieved from /home/airflow/.local/lib/python3.12/site-packages/airflow/example_dags/tutorial.py
[2024-11-02T14:31:45.644+0000] {processor.py:186} INFO - Started process (PID=2177) to work on /home/airflow/.local/lib/python3.12/site-packages/airflow/example_dags/tutorial.py
[2024-11-02T14:31:45.792+0000] {processor.py:914} INFO - Processing file /home/airflow/.local/lib/python3.12/site-packages/airflow/example_dags/tutorial.py for tasks to queue
[2024-11-02T14:31:45.845+0000] {logging_mixin.py:190} INFO - [2024-11-02T14:31:45.829+0000] {dagbag.py:588} INFO - Filling up the DagBag from /home/airflow/.local/lib/python3.12/site-packages/airflow/example_dags/tutorial.py
[2024-11-02T14:31:46.551+0000] {processor.py:925} INFO - DAG(s) 'tutorial' retrieved from /home/airflow/.local/lib/python3.12/site-packages/airflow/example_dags/tutorial.py
[2024-11-02T14:31:50.482+0000] {logging_mixin.py:190} INFO - [2024-11-02T14:31:50.481+0000] {dag.py:3239} INFO - Sync 1 DAGs
[2024-11-02T14:31:51.146+0000] {logging_mixin.py:190} INFO - [2024-11-02T14:31:51.118+0000] {dag.py:4180} INFO - Setting next_dagrun for tutorial to 2024-11-01 00:00:00+00:00, run_after=2024-11-02 00:00:00+00:00
[2024-11-02T14:31:51.707+0000] {processor.py:208} INFO - Processing /home/airflow/.local/lib/python3.12/site-packages/airflow/example_dags/tutorial.py took 6.220 seconds
[2024-11-02T14:37:44.834+0000] {processor.py:186} INFO - Started process (PID=2293) to work on /home/airflow/.local/lib/python3.12/site-packages/airflow/example_dags/tutorial.py
[2024-11-02T14:37:44.863+0000] {processor.py:914} INFO - Processing file /home/airflow/.local/lib/python3.12/site-packages/airflow/example_dags/tutorial.py for tasks to queue
[2024-11-02T14:37:45.167+0000] {logging_mixin.py:190} INFO - [2024-11-02T14:37:45.138+0000] {dagbag.py:588} INFO - Filling up the DagBag from /home/airflow/.local/lib/python3.12/site-packages/airflow/example_dags/tutorial.py
[2024-11-02T14:37:51.396+0000] {processor.py:925} INFO - DAG(s) 'tutorial' retrieved from /home/airflow/.local/lib/python3.12/site-packages/airflow/example_dags/tutorial.py
[2024-11-02T14:37:52.213+0000] {logging_mixin.py:190} INFO - [2024-11-02T14:37:52.210+0000] {dag.py:3239} INFO - Sync 1 DAGs
[2024-11-02T14:37:54.040+0000] {logging_mixin.py:190} INFO - [2024-11-02T14:37:54.039+0000] {dag.py:4180} INFO - Setting next_dagrun for tutorial to 2024-11-01 00:00:00+00:00, run_after=2024-11-02 00:00:00+00:00
[2024-11-02T14:37:55.364+0000] {processor.py:208} INFO - Processing /home/airflow/.local/lib/python3.12/site-packages/airflow/example_dags/tutorial.py took 10.653 seconds
[2024-11-02T14:44:46.365+0000] {processor.py:186} INFO - Started process (PID=2415) to work on /home/airflow/.local/lib/python3.12/site-packages/airflow/example_dags/tutorial.py
[2024-11-02T14:44:46.378+0000] {processor.py:914} INFO - Processing file /home/airflow/.local/lib/python3.12/site-packages/airflow/example_dags/tutorial.py for tasks to queue
[2024-11-02T14:44:46.382+0000] {logging_mixin.py:190} INFO - [2024-11-02T14:44:46.381+0000] {dagbag.py:588} INFO - Filling up the DagBag from /home/airflow/.local/lib/python3.12/site-packages/airflow/example_dags/tutorial.py
[2024-11-02T14:44:46.501+0000] {processor.py:925} INFO - DAG(s) 'tutorial' retrieved from /home/airflow/.local/lib/python3.12/site-packages/airflow/example_dags/tutorial.py
[2024-11-02T14:44:47.002+0000] {logging_mixin.py:190} INFO - [2024-11-02T14:44:47.002+0000] {dag.py:3239} INFO - Sync 1 DAGs
[2024-11-02T14:44:47.456+0000] {logging_mixin.py:190} INFO - [2024-11-02T14:44:47.455+0000] {dag.py:4180} INFO - Setting next_dagrun for tutorial to 2024-11-01 00:00:00+00:00, run_after=2024-11-02 00:00:00+00:00
[2024-11-02T14:44:47.709+0000] {processor.py:208} INFO - Processing /home/airflow/.local/lib/python3.12/site-packages/airflow/example_dags/tutorial.py took 1.419 seconds
[2024-11-02T14:51:54.735+0000] {processor.py:186} INFO - Started process (PID=2537) to work on /home/airflow/.local/lib/python3.12/site-packages/airflow/example_dags/tutorial.py
[2024-11-02T14:51:54.761+0000] {processor.py:914} INFO - Processing file /home/airflow/.local/lib/python3.12/site-packages/airflow/example_dags/tutorial.py for tasks to queue
[2024-11-02T14:51:54.812+0000] {logging_mixin.py:190} INFO - [2024-11-02T14:51:54.788+0000] {dagbag.py:588} INFO - Filling up the DagBag from /home/airflow/.local/lib/python3.12/site-packages/airflow/example_dags/tutorial.py
[2024-11-02T14:51:55.673+0000] {processor.py:925} INFO - DAG(s) 'tutorial' retrieved from /home/airflow/.local/lib/python3.12/site-packages/airflow/example_dags/tutorial.py
[2024-11-02T14:51:57.759+0000] {logging_mixin.py:190} INFO - [2024-11-02T14:51:57.738+0000] {dag.py:3239} INFO - Sync 1 DAGs
[2024-11-02T14:52:00.884+0000] {logging_mixin.py:190} INFO - [2024-11-02T14:52:00.867+0000] {dag.py:4180} INFO - Setting next_dagrun for tutorial to 2024-11-01 00:00:00+00:00, run_after=2024-11-02 00:00:00+00:00
[2024-11-02T14:52:01.199+0000] {processor.py:208} INFO - Processing /home/airflow/.local/lib/python3.12/site-packages/airflow/example_dags/tutorial.py took 6.804 seconds
[2024-11-02T14:57:03.923+0000] {processor.py:186} INFO - Started process (PID=2644) to work on /home/airflow/.local/lib/python3.12/site-packages/airflow/example_dags/tutorial.py
[2024-11-02T14:57:04.289+0000] {processor.py:914} INFO - Processing file /home/airflow/.local/lib/python3.12/site-packages/airflow/example_dags/tutorial.py for tasks to queue
[2024-11-02T14:57:04.593+0000] {logging_mixin.py:190} INFO - [2024-11-02T14:57:04.455+0000] {dagbag.py:588} INFO - Filling up the DagBag from /home/airflow/.local/lib/python3.12/site-packages/airflow/example_dags/tutorial.py
[2024-11-02T14:57:06.838+0000] {processor.py:925} INFO - DAG(s) 'tutorial' retrieved from /home/airflow/.local/lib/python3.12/site-packages/airflow/example_dags/tutorial.py
[2024-11-02T14:57:16.163+0000] {logging_mixin.py:190} INFO - [2024-11-02T14:57:16.161+0000] {dag.py:3239} INFO - Sync 1 DAGs
[2024-11-02T14:57:21.707+0000] {logging_mixin.py:190} INFO - [2024-11-02T14:57:21.706+0000] {dag.py:4180} INFO - Setting next_dagrun for tutorial to 2024-11-01 00:00:00+00:00, run_after=2024-11-02 00:00:00+00:00
[2024-11-02T14:57:24.665+0000] {processor.py:208} INFO - Processing /home/airflow/.local/lib/python3.12/site-packages/airflow/example_dags/tutorial.py took 23.607 seconds
[2024-11-02T15:02:14.811+0000] {processor.py:186} INFO - Started process (PID=2737) to work on /home/airflow/.local/lib/python3.12/site-packages/airflow/example_dags/tutorial.py
[2024-11-02T15:02:14.859+0000] {processor.py:914} INFO - Processing file /home/airflow/.local/lib/python3.12/site-packages/airflow/example_dags/tutorial.py for tasks to queue
[2024-11-02T15:02:14.916+0000] {logging_mixin.py:190} INFO - [2024-11-02T15:02:14.893+0000] {dagbag.py:588} INFO - Filling up the DagBag from /home/airflow/.local/lib/python3.12/site-packages/airflow/example_dags/tutorial.py
[2024-11-02T15:02:15.873+0000] {processor.py:925} INFO - DAG(s) 'tutorial' retrieved from /home/airflow/.local/lib/python3.12/site-packages/airflow/example_dags/tutorial.py
[2024-11-02T15:02:17.338+0000] {logging_mixin.py:190} INFO - [2024-11-02T15:02:17.335+0000] {dag.py:3239} INFO - Sync 1 DAGs
[2024-11-02T15:02:20.301+0000] {logging_mixin.py:190} INFO - [2024-11-02T15:02:20.299+0000] {dag.py:4180} INFO - Setting next_dagrun for tutorial to 2024-11-01 00:00:00+00:00, run_after=2024-11-02 00:00:00+00:00
[2024-11-02T15:02:21.119+0000] {processor.py:208} INFO - Processing /home/airflow/.local/lib/python3.12/site-packages/airflow/example_dags/tutorial.py took 6.924 seconds
[2024-11-02T15:06:03.257+0000] {processor.py:186} INFO - Started process (PID=2804) to work on /home/airflow/.local/lib/python3.12/site-packages/airflow/example_dags/tutorial.py
[2024-11-02T15:06:03.297+0000] {processor.py:914} INFO - Processing file /home/airflow/.local/lib/python3.12/site-packages/airflow/example_dags/tutorial.py for tasks to queue
[2024-11-02T15:06:03.424+0000] {logging_mixin.py:190} INFO - [2024-11-02T15:06:03.406+0000] {dagbag.py:588} INFO - Filling up the DagBag from /home/airflow/.local/lib/python3.12/site-packages/airflow/example_dags/tutorial.py
[2024-11-02T15:06:03.812+0000] {processor.py:925} INFO - DAG(s) 'tutorial' retrieved from /home/airflow/.local/lib/python3.12/site-packages/airflow/example_dags/tutorial.py
[2024-11-02T15:06:04.224+0000] {logging_mixin.py:190} INFO - [2024-11-02T15:06:04.223+0000] {dag.py:3239} INFO - Sync 1 DAGs
[2024-11-02T15:06:04.813+0000] {logging_mixin.py:190} INFO - [2024-11-02T15:06:04.799+0000] {dag.py:4180} INFO - Setting next_dagrun for tutorial to 2024-11-01 00:00:00+00:00, run_after=2024-11-02 00:00:00+00:00
[2024-11-02T15:06:05.384+0000] {processor.py:208} INFO - Processing /home/airflow/.local/lib/python3.12/site-packages/airflow/example_dags/tutorial.py took 2.399 seconds
[2024-11-02T15:10:06.799+0000] {processor.py:186} INFO - Started process (PID=2912) to work on /home/airflow/.local/lib/python3.12/site-packages/airflow/example_dags/tutorial.py
[2024-11-02T15:10:06.856+0000] {processor.py:914} INFO - Processing file /home/airflow/.local/lib/python3.12/site-packages/airflow/example_dags/tutorial.py for tasks to queue
[2024-11-02T15:10:06.953+0000] {logging_mixin.py:190} INFO - [2024-11-02T15:10:06.951+0000] {dagbag.py:588} INFO - Filling up the DagBag from /home/airflow/.local/lib/python3.12/site-packages/airflow/example_dags/tutorial.py
[2024-11-02T15:10:07.463+0000] {processor.py:925} INFO - DAG(s) 'tutorial' retrieved from /home/airflow/.local/lib/python3.12/site-packages/airflow/example_dags/tutorial.py
[2024-11-02T15:10:07.838+0000] {logging_mixin.py:190} INFO - [2024-11-02T15:10:07.836+0000] {dag.py:3239} INFO - Sync 1 DAGs
[2024-11-02T15:10:08.602+0000] {logging_mixin.py:190} INFO - [2024-11-02T15:10:08.600+0000] {dag.py:4180} INFO - Setting next_dagrun for tutorial to 2024-11-01 00:00:00+00:00, run_after=2024-11-02 00:00:00+00:00
[2024-11-02T15:10:09.585+0000] {processor.py:208} INFO - Processing /home/airflow/.local/lib/python3.12/site-packages/airflow/example_dags/tutorial.py took 3.002 seconds
[2024-11-02T15:12:18.731+0000] {processor.py:186} INFO - Started process (PID=2980) to work on /home/airflow/.local/lib/python3.12/site-packages/airflow/example_dags/tutorial.py
[2024-11-02T15:12:18.748+0000] {processor.py:914} INFO - Processing file /home/airflow/.local/lib/python3.12/site-packages/airflow/example_dags/tutorial.py for tasks to queue
[2024-11-02T15:12:18.842+0000] {logging_mixin.py:190} INFO - [2024-11-02T15:12:18.835+0000] {dagbag.py:588} INFO - Filling up the DagBag from /home/airflow/.local/lib/python3.12/site-packages/airflow/example_dags/tutorial.py
[2024-11-02T15:12:19.028+0000] {processor.py:925} INFO - DAG(s) 'tutorial' retrieved from /home/airflow/.local/lib/python3.12/site-packages/airflow/example_dags/tutorial.py
[2024-11-02T15:12:19.351+0000] {logging_mixin.py:190} INFO - [2024-11-02T15:12:19.349+0000] {dag.py:3239} INFO - Sync 1 DAGs
[2024-11-02T15:12:19.889+0000] {logging_mixin.py:190} INFO - [2024-11-02T15:12:19.888+0000] {dag.py:4180} INFO - Setting next_dagrun for tutorial to 2024-11-01 00:00:00+00:00, run_after=2024-11-02 00:00:00+00:00
[2024-11-02T15:12:20.251+0000] {processor.py:208} INFO - Processing /home/airflow/.local/lib/python3.12/site-packages/airflow/example_dags/tutorial.py took 2.037 seconds
[2024-11-02T15:14:03.880+0000] {processor.py:186} INFO - Started process (PID=3049) to work on /home/airflow/.local/lib/python3.12/site-packages/airflow/example_dags/tutorial.py
[2024-11-02T15:14:03.927+0000] {processor.py:914} INFO - Processing file /home/airflow/.local/lib/python3.12/site-packages/airflow/example_dags/tutorial.py for tasks to queue
[2024-11-02T15:14:04.066+0000] {logging_mixin.py:190} INFO - [2024-11-02T15:14:04.064+0000] {dagbag.py:588} INFO - Filling up the DagBag from /home/airflow/.local/lib/python3.12/site-packages/airflow/example_dags/tutorial.py
[2024-11-02T15:14:04.287+0000] {processor.py:925} INFO - DAG(s) 'tutorial' retrieved from /home/airflow/.local/lib/python3.12/site-packages/airflow/example_dags/tutorial.py
[2024-11-02T15:14:05.039+0000] {logging_mixin.py:190} INFO - [2024-11-02T15:14:05.038+0000] {dag.py:3239} INFO - Sync 1 DAGs
[2024-11-02T15:14:06.122+0000] {logging_mixin.py:190} INFO - [2024-11-02T15:14:06.120+0000] {dag.py:4180} INFO - Setting next_dagrun for tutorial to 2024-11-01 00:00:00+00:00, run_after=2024-11-02 00:00:00+00:00
[2024-11-02T15:14:08.596+0000] {processor.py:208} INFO - Processing /home/airflow/.local/lib/python3.12/site-packages/airflow/example_dags/tutorial.py took 5.041 seconds
[2024-11-02T15:16:59.486+0000] {processor.py:186} INFO - Started process (PID=3125) to work on /home/airflow/.local/lib/python3.12/site-packages/airflow/example_dags/tutorial.py
[2024-11-02T15:16:59.567+0000] {processor.py:914} INFO - Processing file /home/airflow/.local/lib/python3.12/site-packages/airflow/example_dags/tutorial.py for tasks to queue
[2024-11-02T15:16:59.647+0000] {logging_mixin.py:190} INFO - [2024-11-02T15:16:59.645+0000] {dagbag.py:588} INFO - Filling up the DagBag from /home/airflow/.local/lib/python3.12/site-packages/airflow/example_dags/tutorial.py
[2024-11-02T15:17:00.227+0000] {processor.py:925} INFO - DAG(s) 'tutorial' retrieved from /home/airflow/.local/lib/python3.12/site-packages/airflow/example_dags/tutorial.py
[2024-11-02T15:17:03.363+0000] {logging_mixin.py:190} INFO - [2024-11-02T15:17:03.362+0000] {dag.py:3239} INFO - Sync 1 DAGs
[2024-11-02T15:17:03.664+0000] {logging_mixin.py:190} INFO - [2024-11-02T15:17:03.663+0000] {dag.py:4180} INFO - Setting next_dagrun for tutorial to 2024-11-01 00:00:00+00:00, run_after=2024-11-02 00:00:00+00:00
[2024-11-02T15:17:04.288+0000] {processor.py:208} INFO - Processing /home/airflow/.local/lib/python3.12/site-packages/airflow/example_dags/tutorial.py took 4.997 seconds
[2024-11-02T15:20:16.229+0000] {processor.py:186} INFO - Started process (PID=3210) to work on /home/airflow/.local/lib/python3.12/site-packages/airflow/example_dags/tutorial.py
[2024-11-02T15:20:16.255+0000] {processor.py:914} INFO - Processing file /home/airflow/.local/lib/python3.12/site-packages/airflow/example_dags/tutorial.py for tasks to queue
[2024-11-02T15:20:16.264+0000] {logging_mixin.py:190} INFO - [2024-11-02T15:20:16.263+0000] {dagbag.py:588} INFO - Filling up the DagBag from /home/airflow/.local/lib/python3.12/site-packages/airflow/example_dags/tutorial.py
[2024-11-02T15:20:16.404+0000] {processor.py:925} INFO - DAG(s) 'tutorial' retrieved from /home/airflow/.local/lib/python3.12/site-packages/airflow/example_dags/tutorial.py
[2024-11-02T15:20:16.620+0000] {logging_mixin.py:190} INFO - [2024-11-02T15:20:16.619+0000] {dag.py:3239} INFO - Sync 1 DAGs
[2024-11-02T15:20:16.890+0000] {logging_mixin.py:190} INFO - [2024-11-02T15:20:16.890+0000] {dag.py:4180} INFO - Setting next_dagrun for tutorial to 2024-11-01 00:00:00+00:00, run_after=2024-11-02 00:00:00+00:00
[2024-11-02T15:20:17.156+0000] {processor.py:208} INFO - Processing /home/airflow/.local/lib/python3.12/site-packages/airflow/example_dags/tutorial.py took 0.942 seconds
[2024-11-02T15:22:47.431+0000] {processor.py:186} INFO - Started process (PID=3314) to work on /home/airflow/.local/lib/python3.12/site-packages/airflow/example_dags/tutorial.py
[2024-11-02T15:22:47.468+0000] {processor.py:914} INFO - Processing file /home/airflow/.local/lib/python3.12/site-packages/airflow/example_dags/tutorial.py for tasks to queue
[2024-11-02T15:22:47.513+0000] {logging_mixin.py:190} INFO - [2024-11-02T15:22:47.512+0000] {dagbag.py:588} INFO - Filling up the DagBag from /home/airflow/.local/lib/python3.12/site-packages/airflow/example_dags/tutorial.py
[2024-11-02T15:22:47.771+0000] {processor.py:925} INFO - DAG(s) 'tutorial' retrieved from /home/airflow/.local/lib/python3.12/site-packages/airflow/example_dags/tutorial.py
[2024-11-02T15:22:48.202+0000] {logging_mixin.py:190} INFO - [2024-11-02T15:22:48.202+0000] {dag.py:3239} INFO - Sync 1 DAGs
[2024-11-02T15:22:48.520+0000] {logging_mixin.py:190} INFO - [2024-11-02T15:22:48.520+0000] {dag.py:4180} INFO - Setting next_dagrun for tutorial to 2024-11-01 00:00:00+00:00, run_after=2024-11-02 00:00:00+00:00
[2024-11-02T15:22:48.803+0000] {processor.py:208} INFO - Processing /home/airflow/.local/lib/python3.12/site-packages/airflow/example_dags/tutorial.py took 1.448 seconds
[2024-11-02T15:24:52.039+0000] {processor.py:186} INFO - Started process (PID=3385) to work on /home/airflow/.local/lib/python3.12/site-packages/airflow/example_dags/tutorial.py
[2024-11-02T15:24:52.048+0000] {processor.py:914} INFO - Processing file /home/airflow/.local/lib/python3.12/site-packages/airflow/example_dags/tutorial.py for tasks to queue
[2024-11-02T15:24:52.084+0000] {logging_mixin.py:190} INFO - [2024-11-02T15:24:52.083+0000] {dagbag.py:588} INFO - Filling up the DagBag from /home/airflow/.local/lib/python3.12/site-packages/airflow/example_dags/tutorial.py
[2024-11-02T15:24:52.220+0000] {processor.py:925} INFO - DAG(s) 'tutorial' retrieved from /home/airflow/.local/lib/python3.12/site-packages/airflow/example_dags/tutorial.py
[2024-11-02T15:24:52.569+0000] {logging_mixin.py:190} INFO - [2024-11-02T15:24:52.529+0000] {dag.py:3239} INFO - Sync 1 DAGs
[2024-11-02T15:24:53.490+0000] {logging_mixin.py:190} INFO - [2024-11-02T15:24:53.489+0000] {dag.py:4180} INFO - Setting next_dagrun for tutorial to 2024-11-01 00:00:00+00:00, run_after=2024-11-02 00:00:00+00:00
[2024-11-02T15:24:53.784+0000] {processor.py:208} INFO - Processing /home/airflow/.local/lib/python3.12/site-packages/airflow/example_dags/tutorial.py took 1.927 seconds
[2024-11-02T15:31:09.428+0000] {processor.py:186} INFO - Started process (PID=3522) to work on /home/airflow/.local/lib/python3.12/site-packages/airflow/example_dags/tutorial.py
[2024-11-02T15:31:09.613+0000] {processor.py:914} INFO - Processing file /home/airflow/.local/lib/python3.12/site-packages/airflow/example_dags/tutorial.py for tasks to queue
[2024-11-02T15:31:09.671+0000] {logging_mixin.py:190} INFO - [2024-11-02T15:31:09.617+0000] {dagbag.py:588} INFO - Filling up the DagBag from /home/airflow/.local/lib/python3.12/site-packages/airflow/example_dags/tutorial.py
[2024-11-02T15:31:10.030+0000] {processor.py:925} INFO - DAG(s) 'tutorial' retrieved from /home/airflow/.local/lib/python3.12/site-packages/airflow/example_dags/tutorial.py
[2024-11-02T15:31:10.419+0000] {logging_mixin.py:190} INFO - [2024-11-02T15:31:10.418+0000] {dag.py:3239} INFO - Sync 1 DAGs
[2024-11-02T15:31:11.432+0000] {logging_mixin.py:190} INFO - [2024-11-02T15:31:11.431+0000] {dag.py:4180} INFO - Setting next_dagrun for tutorial to 2024-11-01 00:00:00+00:00, run_after=2024-11-02 00:00:00+00:00
[2024-11-02T15:31:11.982+0000] {processor.py:208} INFO - Processing /home/airflow/.local/lib/python3.12/site-packages/airflow/example_dags/tutorial.py took 2.789 seconds
[2024-11-02T15:33:03.735+0000] {processor.py:186} INFO - Started process (PID=3591) to work on /home/airflow/.local/lib/python3.12/site-packages/airflow/example_dags/tutorial.py
[2024-11-02T15:33:03.772+0000] {processor.py:914} INFO - Processing file /home/airflow/.local/lib/python3.12/site-packages/airflow/example_dags/tutorial.py for tasks to queue
[2024-11-02T15:33:03.785+0000] {logging_mixin.py:190} INFO - [2024-11-02T15:33:03.784+0000] {dagbag.py:588} INFO - Filling up the DagBag from /home/airflow/.local/lib/python3.12/site-packages/airflow/example_dags/tutorial.py
[2024-11-02T15:33:04.051+0000] {processor.py:925} INFO - DAG(s) 'tutorial' retrieved from /home/airflow/.local/lib/python3.12/site-packages/airflow/example_dags/tutorial.py
[2024-11-02T15:33:04.415+0000] {logging_mixin.py:190} INFO - [2024-11-02T15:33:04.414+0000] {dag.py:3239} INFO - Sync 1 DAGs
[2024-11-02T15:33:04.687+0000] {logging_mixin.py:190} INFO - [2024-11-02T15:33:04.686+0000] {dag.py:4180} INFO - Setting next_dagrun for tutorial to 2024-11-01 00:00:00+00:00, run_after=2024-11-02 00:00:00+00:00
[2024-11-02T15:33:05.029+0000] {processor.py:208} INFO - Processing /home/airflow/.local/lib/python3.12/site-packages/airflow/example_dags/tutorial.py took 1.473 seconds
[2024-11-02T15:36:46.391+0000] {processor.py:186} INFO - Started process (PID=3671) to work on /home/airflow/.local/lib/python3.12/site-packages/airflow/example_dags/tutorial.py
[2024-11-02T15:36:46.502+0000] {processor.py:914} INFO - Processing file /home/airflow/.local/lib/python3.12/site-packages/airflow/example_dags/tutorial.py for tasks to queue
[2024-11-02T15:36:46.954+0000] {logging_mixin.py:190} INFO - [2024-11-02T15:36:46.937+0000] {dagbag.py:588} INFO - Filling up the DagBag from /home/airflow/.local/lib/python3.12/site-packages/airflow/example_dags/tutorial.py
[2024-11-02T15:36:49.736+0000] {processor.py:925} INFO - DAG(s) 'tutorial' retrieved from /home/airflow/.local/lib/python3.12/site-packages/airflow/example_dags/tutorial.py
[2024-11-02T15:36:52.605+0000] {logging_mixin.py:190} INFO - [2024-11-02T15:36:52.604+0000] {dag.py:3239} INFO - Sync 1 DAGs
[2024-11-02T15:37:00.233+0000] {logging_mixin.py:190} INFO - [2024-11-02T15:37:00.232+0000] {dag.py:4180} INFO - Setting next_dagrun for tutorial to 2024-11-01 00:00:00+00:00, run_after=2024-11-02 00:00:00+00:00
[2024-11-02T15:37:04.279+0000] {processor.py:208} INFO - Processing /home/airflow/.local/lib/python3.12/site-packages/airflow/example_dags/tutorial.py took 18.546 seconds
[2024-11-02T15:44:03.128+0000] {processor.py:186} INFO - Started process (PID=3803) to work on /home/airflow/.local/lib/python3.12/site-packages/airflow/example_dags/tutorial.py
[2024-11-02T15:44:03.178+0000] {processor.py:914} INFO - Processing file /home/airflow/.local/lib/python3.12/site-packages/airflow/example_dags/tutorial.py for tasks to queue
[2024-11-02T15:44:03.263+0000] {logging_mixin.py:190} INFO - [2024-11-02T15:44:03.260+0000] {dagbag.py:588} INFO - Filling up the DagBag from /home/airflow/.local/lib/python3.12/site-packages/airflow/example_dags/tutorial.py
[2024-11-02T15:44:03.572+0000] {processor.py:925} INFO - DAG(s) 'tutorial' retrieved from /home/airflow/.local/lib/python3.12/site-packages/airflow/example_dags/tutorial.py
[2024-11-02T15:44:04.472+0000] {logging_mixin.py:190} INFO - [2024-11-02T15:44:04.463+0000] {dag.py:3239} INFO - Sync 1 DAGs
[2024-11-02T15:44:05.444+0000] {logging_mixin.py:190} INFO - [2024-11-02T15:44:05.442+0000] {dag.py:4180} INFO - Setting next_dagrun for tutorial to 2024-11-01 00:00:00+00:00, run_after=2024-11-02 00:00:00+00:00
[2024-11-02T15:44:06.017+0000] {processor.py:208} INFO - Processing /home/airflow/.local/lib/python3.12/site-packages/airflow/example_dags/tutorial.py took 3.023 seconds
[2024-11-02T15:49:19.815+0000] {processor.py:186} INFO - Started process (PID=3915) to work on /home/airflow/.local/lib/python3.12/site-packages/airflow/example_dags/tutorial.py
[2024-11-02T15:49:20.024+0000] {processor.py:914} INFO - Processing file /home/airflow/.local/lib/python3.12/site-packages/airflow/example_dags/tutorial.py for tasks to queue
[2024-11-02T15:49:20.206+0000] {logging_mixin.py:190} INFO - [2024-11-02T15:49:20.128+0000] {dagbag.py:588} INFO - Filling up the DagBag from /home/airflow/.local/lib/python3.12/site-packages/airflow/example_dags/tutorial.py
[2024-11-02T15:49:20.515+0000] {processor.py:925} INFO - DAG(s) 'tutorial' retrieved from /home/airflow/.local/lib/python3.12/site-packages/airflow/example_dags/tutorial.py
[2024-11-02T15:49:20.749+0000] {logging_mixin.py:190} INFO - [2024-11-02T15:49:20.748+0000] {dag.py:3239} INFO - Sync 1 DAGs
[2024-11-02T15:49:21.161+0000] {logging_mixin.py:190} INFO - [2024-11-02T15:49:21.138+0000] {dag.py:4180} INFO - Setting next_dagrun for tutorial to 2024-11-01 00:00:00+00:00, run_after=2024-11-02 00:00:00+00:00
[2024-11-02T15:49:21.908+0000] {processor.py:208} INFO - Processing /home/airflow/.local/lib/python3.12/site-packages/airflow/example_dags/tutorial.py took 2.801 seconds
[2024-11-02T15:52:24.193+0000] {processor.py:186} INFO - Started process (PID=3999) to work on /home/airflow/.local/lib/python3.12/site-packages/airflow/example_dags/tutorial.py
[2024-11-02T15:52:24.212+0000] {processor.py:914} INFO - Processing file /home/airflow/.local/lib/python3.12/site-packages/airflow/example_dags/tutorial.py for tasks to queue
[2024-11-02T15:52:24.902+0000] {logging_mixin.py:190} INFO - [2024-11-02T15:52:24.900+0000] {dagbag.py:588} INFO - Filling up the DagBag from /home/airflow/.local/lib/python3.12/site-packages/airflow/example_dags/tutorial.py
[2024-11-02T15:52:25.776+0000] {processor.py:925} INFO - DAG(s) 'tutorial' retrieved from /home/airflow/.local/lib/python3.12/site-packages/airflow/example_dags/tutorial.py
[2024-11-02T15:52:26.562+0000] {logging_mixin.py:190} INFO - [2024-11-02T15:52:26.561+0000] {dag.py:3239} INFO - Sync 1 DAGs
[2024-11-02T15:52:27.539+0000] {logging_mixin.py:190} INFO - [2024-11-02T15:52:27.535+0000] {dag.py:4180} INFO - Setting next_dagrun for tutorial to 2024-11-01 00:00:00+00:00, run_after=2024-11-02 00:00:00+00:00
[2024-11-02T15:52:28.209+0000] {processor.py:208} INFO - Processing /home/airflow/.local/lib/python3.12/site-packages/airflow/example_dags/tutorial.py took 4.379 seconds
[2024-11-02T15:54:51.768+0000] {processor.py:186} INFO - Started process (PID=4075) to work on /home/airflow/.local/lib/python3.12/site-packages/airflow/example_dags/tutorial.py
[2024-11-02T15:54:51.782+0000] {processor.py:914} INFO - Processing file /home/airflow/.local/lib/python3.12/site-packages/airflow/example_dags/tutorial.py for tasks to queue
[2024-11-02T15:54:51.839+0000] {logging_mixin.py:190} INFO - [2024-11-02T15:54:51.837+0000] {dagbag.py:588} INFO - Filling up the DagBag from /home/airflow/.local/lib/python3.12/site-packages/airflow/example_dags/tutorial.py
[2024-11-02T15:54:52.105+0000] {processor.py:925} INFO - DAG(s) 'tutorial' retrieved from /home/airflow/.local/lib/python3.12/site-packages/airflow/example_dags/tutorial.py
[2024-11-02T15:54:53.285+0000] {logging_mixin.py:190} INFO - [2024-11-02T15:54:53.283+0000] {dag.py:3239} INFO - Sync 1 DAGs
[2024-11-02T15:54:55.204+0000] {logging_mixin.py:190} INFO - [2024-11-02T15:54:55.203+0000] {dag.py:4180} INFO - Setting next_dagrun for tutorial to 2024-11-01 00:00:00+00:00, run_after=2024-11-02 00:00:00+00:00
[2024-11-02T15:54:56.002+0000] {processor.py:208} INFO - Processing /home/airflow/.local/lib/python3.12/site-packages/airflow/example_dags/tutorial.py took 4.419 seconds
[2024-11-02T15:58:29.954+0000] {processor.py:186} INFO - Started process (PID=4160) to work on /home/airflow/.local/lib/python3.12/site-packages/airflow/example_dags/tutorial.py
[2024-11-02T15:58:29.982+0000] {processor.py:914} INFO - Processing file /home/airflow/.local/lib/python3.12/site-packages/airflow/example_dags/tutorial.py for tasks to queue
[2024-11-02T15:58:29.993+0000] {logging_mixin.py:190} INFO - [2024-11-02T15:58:29.992+0000] {dagbag.py:588} INFO - Filling up the DagBag from /home/airflow/.local/lib/python3.12/site-packages/airflow/example_dags/tutorial.py
[2024-11-02T15:58:30.882+0000] {processor.py:925} INFO - DAG(s) 'tutorial' retrieved from /home/airflow/.local/lib/python3.12/site-packages/airflow/example_dags/tutorial.py
[2024-11-02T15:58:32.232+0000] {logging_mixin.py:190} INFO - [2024-11-02T15:58:32.231+0000] {dag.py:3239} INFO - Sync 1 DAGs
[2024-11-02T15:58:35.544+0000] {logging_mixin.py:190} INFO - [2024-11-02T15:58:34.483+0000] {dag.py:4180} INFO - Setting next_dagrun for tutorial to 2024-11-01 00:00:00+00:00, run_after=2024-11-02 00:00:00+00:00
[2024-11-02T16:05:40.767+0000] {processor.py:186} INFO - Started process (PID=4232) to work on /home/airflow/.local/lib/python3.12/site-packages/airflow/example_dags/tutorial.py
[2024-11-02T16:05:42.240+0000] {processor.py:914} INFO - Processing file /home/airflow/.local/lib/python3.12/site-packages/airflow/example_dags/tutorial.py for tasks to queue
[2024-11-02T16:05:42.273+0000] {logging_mixin.py:190} INFO - [2024-11-02T16:05:42.271+0000] {dagbag.py:588} INFO - Filling up the DagBag from /home/airflow/.local/lib/python3.12/site-packages/airflow/example_dags/tutorial.py
[2024-11-02T16:05:42.400+0000] {processor.py:925} INFO - DAG(s) 'tutorial' retrieved from /home/airflow/.local/lib/python3.12/site-packages/airflow/example_dags/tutorial.py
[2024-11-02T16:05:49.920+0000] {logging_mixin.py:190} INFO - [2024-11-02T16:05:49.918+0000] {dag.py:3239} INFO - Sync 1 DAGs
[2024-11-02T16:05:52.028+0000] {logging_mixin.py:190} INFO - [2024-11-02T16:05:52.025+0000] {dag.py:4180} INFO - Setting next_dagrun for tutorial to 2024-11-01 00:00:00+00:00, run_after=2024-11-02 00:00:00+00:00
[2024-11-02T16:05:52.499+0000] {processor.py:208} INFO - Processing /home/airflow/.local/lib/python3.12/site-packages/airflow/example_dags/tutorial.py took 11.903 seconds
